[0.000000] (-) TimerEvent: {}
[0.000383] (-) JobUnselected: {'identifier': 'cyclonedds'}
[0.000802] (-) JobUnselected: {'identifier': 'dds_utils'}
[0.001500] (-) JobUnselected: {'identifier': 'livox_ros_driver2'}
[0.001833] (-) JobUnselected: {'identifier': 'm2_metal_description'}
[0.001879] (-) JobUnselected: {'identifier': 'orbbec_camera'}
[0.001921] (-) JobUnselected: {'identifier': 'orbbec_camera_msgs'}
[0.002245] (-) JobUnselected: {'identifier': 'orbbec_description'}
[0.002349] (-) JobUnselected: {'identifier': 'realsense2_camera'}
[0.002431] (-) JobUnselected: {'identifier': 'realsense2_camera_msgs'}
[0.002504] (-) JobUnselected: {'identifier': 'realsense2_description'}
[0.002612] (-) JobUnselected: {'identifier': 'sensor_description'}
[0.002688] (-) JobUnselected: {'identifier': 'xterra_perception_api'}
[0.002771] (xterra) JobQueued: {'identifier': 'xterra', 'dependencies': OrderedDict()}
[0.002863] (xterra) JobStarted: {'identifier': 'xterra'}
[0.026720] (xterra) JobProgress: {'identifier': 'xterra', 'progress': 'cmake'}
[0.030315] (xterra) JobProgress: {'identifier': 'xterra', 'progress': 'build'}
[0.031676] (xterra) Command: {'cmd': ['/usr/bin/cmake', '--build', '/home/ros2_ws/build/xterra'], 'cwd': '/home/ros2_ws/build/xterra', 'env': OrderedDict([('CMAKE_BUILD_PARALLEL_LEVEL', '3'), ('HOSTNAME', 'xterra-orin'), ('SHLVL', '1'), ('LD_LIBRARY_PATH', '/home/ros2_ws/install/xterra_perception_api/lib:/home/ros2_ws/install/xterra/lib:/home/ros2_ws/install/realsense2_camera/lib:/home/ros2_ws/install/realsense2_camera_msgs/lib:/home/ros2_ws/install/livox_ros_driver2/lib:/opt/ros/humble/lib/aarch64-linux-gnu:/opt/ros/humble/lib:/usr/local/lib:'), ('HOME', '/root'), ('OLDPWD', '/home/ros2_ws'), ('ROS_PYTHON_VERSION', '3'), ('MAKEFLAGS', '-j3'), ('COLCON_PREFIX_PATH', '/home/ros2_ws/install'), ('ROS_DISTRO', 'humble'), ('_', '/usr/bin/colcon'), ('ROS_VERSION', '2'), ('NVIDIA_DRIVER_CAPABILITIES', 'all'), ('OrbbecSDK_DIR', '/usr/local/lib/cmake/OrbbecSDK'), ('ROS_LOCALHOST_ONLY', '0'), ('QT_X11_NO_MITSHM', '1'), ('PATH', '/opt/ros/humble/bin:/usr/local/sbin:/usr/local/bin:/usr/sbin:/usr/bin:/sbin:/bin'), ('DISPLAY', ''), ('LANG', 'C.UTF-8'), ('RMW_IMPLEMENTATION', 'rmw_cyclonedds_cpp'), ('ROS_DOMAIN_ID', '0'), ('AMENT_PREFIX_PATH', '/home/ros2_ws/install/xterra_perception_api:/home/ros2_ws/install/xterra:/home/ros2_ws/install/m2_metal_description:/home/ros2_ws/install/sensor_description:/home/ros2_ws/install/realsense2_camera:/home/ros2_ws/install/realsense2_camera_msgs:/home/ros2_ws/install/livox_ros_driver2:/opt/ros/humble'), ('DEBIAN_FRONTEND', 'noninteractive'), ('PWD', '/home/ros2_ws/build/xterra'), ('LC_ALL', 'C.UTF-8'), ('PYTHONPATH', '/home/ros2_ws/install/xterra/local/lib/python3.10/dist-packages:/home/ros2_ws/install/realsense2_camera_msgs/local/lib/python3.10/dist-packages:/home/ros2_ws/install/livox_ros_driver2/local/lib/python3.10/dist-packages:/opt/ros/humble/lib/python3.10/site-packages:/opt/ros/humble/local/lib/python3.10/dist-packages'), ('NVIDIA_VISIBLE_DEVICES', 'all'), ('COLCON', '1'), ('CMAKE_PREFIX_PATH', '/home/ros2_ws/install/xterra_perception_api:/home/ros2_ws/install/xterra:/home/ros2_ws/install/m2_metal_description:/home/ros2_ws/install/sensor_description:/home/ros2_ws/install/realsense2_camera:/home/ros2_ws/install/realsense2_camera_msgs:/home/ros2_ws/install/livox_ros_driver2:/opt/OrbbecSDK_v2.4.11/lib::/opt/ros/humble')]), 'shell': False}
[0.099224] (-) TimerEvent: {}
[0.197781] (xterra) StdoutLine: {'line': b'Consolidate compiler generated dependencies of target xterra__rosidl_generator_c\n'}
[0.199294] (-) TimerEvent: {}
[0.204002] (xterra) StdoutLine: {'line': b'[  0%] Built target xterra__cpp\n'}
[0.231823] (xterra) StdoutLine: {'line': b'[ 12%] Built target xterra__rosidl_generator_c\n'}
[0.267378] (xterra) StdoutLine: {'line': b'[ 12%] Built target ament_cmake_python_copy_xterra\n'}
[0.274437] (xterra) StdoutLine: {'line': b'Consolidate compiler generated dependencies of target xterra__rosidl_typesupport_cpp\n'}
[0.299695] (-) TimerEvent: {}
[0.307658] (xterra) StdoutLine: {'line': b'Consolidate compiler generated dependencies of target xterra__rosidl_typesupport_fastrtps_cpp\n'}
[0.312417] (xterra) StdoutLine: {'line': b'[ 24%] Built target xterra__rosidl_typesupport_cpp\n'}
[0.336484] (xterra) StdoutLine: {'line': b'Consolidate compiler generated dependencies of target xterra__rosidl_typesupport_introspection_c\n'}
[0.346265] (xterra) StdoutLine: {'line': b'[ 36%] Built target xterra__rosidl_typesupport_fastrtps_cpp\n'}
[0.360777] (xterra) StdoutLine: {'line': b'Consolidate compiler generated dependencies of target xterra__rosidl_typesupport_c\n'}
[0.377005] (xterra) StdoutLine: {'line': b'[ 48%] Built target xterra__rosidl_typesupport_introspection_c\n'}
[0.398818] (xterra) StdoutLine: {'line': b'[ 60%] Built target xterra__rosidl_typesupport_c\n'}
[0.399707] (-) TimerEvent: {}
[0.413951] (xterra) StdoutLine: {'line': b'Consolidate compiler generated dependencies of target xterra__rosidl_typesupport_introspection_cpp\n'}
[0.463098] (xterra) StdoutLine: {'line': b'[ 72%] Built target xterra__rosidl_typesupport_introspection_cpp\n'}
[0.467781] (xterra) StdoutLine: {'line': b'Consolidate compiler generated dependencies of target xterra__rosidl_typesupport_fastrtps_c\n'}
[0.499828] (-) TimerEvent: {}
[0.509740] (xterra) StdoutLine: {'line': b'[ 84%] Built target xterra__rosidl_typesupport_fastrtps_c\n'}
[0.574868] (xterra) StdoutLine: {'line': b'[ 84%] Built target xterra\n'}
[0.599923] (-) TimerEvent: {}
[0.658016] (xterra) StdoutLine: {'line': b'[ 85%] Built target xterra__py\n'}
[0.700194] (-) TimerEvent: {}
[0.727415] (xterra) StdoutLine: {'line': b'Consolidate compiler generated dependencies of target xterra__rosidl_generator_py\n'}
[0.771332] (xterra) StdoutLine: {'line': b'[ 96%] Built target xterra__rosidl_generator_py\n'}
[0.800400] (-) TimerEvent: {}
[0.811731] (xterra) StdoutLine: {'line': b'Consolidate compiler generated dependencies of target xterra__rosidl_typesupport_introspection_c__pyext\n'}
[0.812220] (xterra) StdoutLine: {'line': b'Consolidate compiler generated dependencies of target xterra__rosidl_typesupport_fastrtps_c__pyext\n'}
[0.847474] (xterra) StdoutLine: {'line': b'[ 99%] Built target xterra__rosidl_typesupport_fastrtps_c__pyext\n'}
[0.848196] (xterra) StdoutLine: {'line': b'[ 99%] Built target xterra__rosidl_typesupport_introspection_c__pyext\n'}
[0.880907] (xterra) StdoutLine: {'line': b'running egg_info\n'}
[0.882783] (xterra) StdoutLine: {'line': b'writing xterra.egg-info/PKG-INFO\n'}
[0.883594] (xterra) StdoutLine: {'line': b'writing dependency_links to xterra.egg-info/dependency_links.txt\n'}
[0.884101] (xterra) StdoutLine: {'line': b'writing top-level names to xterra.egg-info/top_level.txt\n'}
[0.886390] (xterra) StdoutLine: {'line': b'Consolidate compiler generated dependencies of target xterra__rosidl_typesupport_c__pyext\n'}
[0.890246] (xterra) StdoutLine: {'line': b"reading manifest file 'xterra.egg-info/SOURCES.txt'\n"}
[0.896038] (xterra) StdoutLine: {'line': b"writing manifest file 'xterra.egg-info/SOURCES.txt'\n"}
[0.900465] (-) TimerEvent: {}
[0.929721] (xterra) StdoutLine: {'line': b'[100%] Built target xterra__rosidl_typesupport_c__pyext\n'}
[1.000711] (-) TimerEvent: {}
[1.008533] (xterra) StdoutLine: {'line': b'[100%] Built target ament_cmake_python_build_xterra_egg\n'}
[1.041243] (xterra) CommandEnded: {'returncode': 0}
[1.046581] (xterra) JobProgress: {'identifier': 'xterra', 'progress': 'install'}
[1.076630] (xterra) Command: {'cmd': ['/usr/bin/cmake', '--install', '/home/ros2_ws/build/xterra'], 'cwd': '/home/ros2_ws/build/xterra', 'env': OrderedDict([('CMAKE_BUILD_PARALLEL_LEVEL', '3'), ('HOSTNAME', 'xterra-orin'), ('SHLVL', '1'), ('LD_LIBRARY_PATH', '/home/ros2_ws/install/xterra_perception_api/lib:/home/ros2_ws/install/xterra/lib:/home/ros2_ws/install/realsense2_camera/lib:/home/ros2_ws/install/realsense2_camera_msgs/lib:/home/ros2_ws/install/livox_ros_driver2/lib:/opt/ros/humble/lib/aarch64-linux-gnu:/opt/ros/humble/lib:/usr/local/lib:'), ('HOME', '/root'), ('OLDPWD', '/home/ros2_ws'), ('ROS_PYTHON_VERSION', '3'), ('MAKEFLAGS', '-j3'), ('COLCON_PREFIX_PATH', '/home/ros2_ws/install'), ('ROS_DISTRO', 'humble'), ('_', '/usr/bin/colcon'), ('ROS_VERSION', '2'), ('NVIDIA_DRIVER_CAPABILITIES', 'all'), ('OrbbecSDK_DIR', '/usr/local/lib/cmake/OrbbecSDK'), ('ROS_LOCALHOST_ONLY', '0'), ('QT_X11_NO_MITSHM', '1'), ('PATH', '/opt/ros/humble/bin:/usr/local/sbin:/usr/local/bin:/usr/sbin:/usr/bin:/sbin:/bin'), ('DISPLAY', ''), ('LANG', 'C.UTF-8'), ('RMW_IMPLEMENTATION', 'rmw_cyclonedds_cpp'), ('ROS_DOMAIN_ID', '0'), ('AMENT_PREFIX_PATH', '/home/ros2_ws/install/xterra_perception_api:/home/ros2_ws/install/xterra:/home/ros2_ws/install/m2_metal_description:/home/ros2_ws/install/sensor_description:/home/ros2_ws/install/realsense2_camera:/home/ros2_ws/install/realsense2_camera_msgs:/home/ros2_ws/install/livox_ros_driver2:/opt/ros/humble'), ('DEBIAN_FRONTEND', 'noninteractive'), ('PWD', '/home/ros2_ws/build/xterra'), ('LC_ALL', 'C.UTF-8'), ('PYTHONPATH', '/home/ros2_ws/install/xterra/local/lib/python3.10/dist-packages:/home/ros2_ws/install/realsense2_camera_msgs/local/lib/python3.10/dist-packages:/home/ros2_ws/install/livox_ros_driver2/local/lib/python3.10/dist-packages:/opt/ros/humble/lib/python3.10/site-packages:/opt/ros/humble/local/lib/python3.10/dist-packages'), ('NVIDIA_VISIBLE_DEVICES', 'all'), ('COLCON', '1'), ('CMAKE_PREFIX_PATH', '/home/ros2_ws/install/xterra_perception_api:/home/ros2_ws/install/xterra:/home/ros2_ws/install/m2_metal_description:/home/ros2_ws/install/sensor_description:/home/ros2_ws/install/realsense2_camera:/home/ros2_ws/install/realsense2_camera_msgs:/home/ros2_ws/install/livox_ros_driver2:/opt/OrbbecSDK_v2.4.11/lib::/opt/ros/humble')]), 'shell': False}
[1.100808] (-) TimerEvent: {}
[1.105893] (xterra) StdoutLine: {'line': b'-- Install configuration: ""\n'}
[1.106585] (xterra) StdoutLine: {'line': b'-- Up-to-date: /home/ros2_ws/install/xterra/share/ament_index/resource_index/rosidl_interfaces/xterra\n'}
[1.107029] (xterra) StdoutLine: {'line': b'-- Up-to-date: /home/ros2_ws/install/xterra/include/xterra/xterra\n'}
[1.107816] (xterra) StdoutLine: {'line': b'-- Up-to-date: /home/ros2_ws/install/xterra/include/xterra/xterra/msg\n'}
[1.108055] (xterra) StdoutLine: {'line': b'-- Up-to-date: /home/ros2_ws/install/xterra/include/xterra/xterra/msg/float_scalar.h\n'}
[1.108330] (xterra) StdoutLine: {'line': b'-- Up-to-date: /home/ros2_ws/install/xterra/include/xterra/xterra/msg/rgb_frame.h\n'}
[1.109245] (xterra) StdoutLine: {'line': b'-- Up-to-date: /home/ros2_ws/install/xterra/include/xterra/xterra/msg/rosidl_generator_c__visibility_control.h\n'}
[1.110402] (xterra) StdoutLine: {'line': b'-- Up-to-date: /home/ros2_ws/install/xterra/include/xterra/xterra/msg/sensor_data.h\n'}
[1.112342] (xterra) StdoutLine: {'line': b'-- Up-to-date: /home/ros2_ws/install/xterra/include/xterra/xterra/msg/quad_log.h\n'}
[1.112597] (xterra) StdoutLine: {'line': b'-- Up-to-date: /home/ros2_ws/install/xterra/include/xterra/xterra/msg/point3_d.h\n'}
[1.112832] (xterra) StdoutLine: {'line': b'-- Up-to-date: /home/ros2_ws/install/xterra/include/xterra/xterra/msg/motor_gain_multiplier.h\n'}
[1.113188] (xterra) StdoutLine: {'line': b'-- Up-to-date: /home/ros2_ws/install/xterra/include/xterra/xterra/msg/joint_data.h\n'}
[1.113420] (xterra) StdoutLine: {'line': b'-- Up-to-date: /home/ros2_ws/install/xterra/include/xterra/xterra/msg/detail\n'}
[1.113645] (xterra) StdoutLine: {'line': b'-- Up-to-date: /home/ros2_ws/install/xterra/include/xterra/xterra/msg/detail/point3_d__functions.c\n'}
[1.114305] (xterra) StdoutLine: {'line': b'-- Up-to-date: /home/ros2_ws/install/xterra/include/xterra/xterra/msg/detail/rgb_frame__functions.c\n'}
[1.114737] (xterra) StdoutLine: {'line': b'-- Up-to-date: /home/ros2_ws/install/xterra/include/xterra/xterra/msg/detail/joy_data__functions.h\n'}
[1.114954] (xterra) StdoutLine: {'line': b'-- Up-to-date: /home/ros2_ws/install/xterra/include/xterra/xterra/msg/detail/solver_stats__type_support.h\n'}
[1.115165] (xterra) StdoutLine: {'line': b'-- Up-to-date: /home/ros2_ws/install/xterra/include/xterra/xterra/msg/detail/solver_stats__functions.c\n'}
[1.115370] (xterra) StdoutLine: {'line': b'-- Up-to-date: /home/ros2_ws/install/xterra/include/xterra/xterra/msg/detail/point3_d__struct.h\n'}
[1.115607] (xterra) StdoutLine: {'line': b'-- Up-to-date: /home/ros2_ws/install/xterra/include/xterra/xterra/msg/detail/joy_data__type_support.h\n'}
[1.115812] (xterra) StdoutLine: {'line': b'-- Up-to-date: /home/ros2_ws/install/xterra/include/xterra/xterra/msg/detail/quad_log__functions.h\n'}
[1.116015] (xterra) StdoutLine: {'line': b'-- Up-to-date: /home/ros2_ws/install/xterra/include/xterra/xterra/msg/detail/quad_log__struct.h\n'}
[1.116339] (xterra) StdoutLine: {'line': b'-- Up-to-date: /home/ros2_ws/install/xterra/include/xterra/xterra/msg/detail/point3_d__functions.h\n'}
[1.116711] (xterra) StdoutLine: {'line': b'-- Up-to-date: /home/ros2_ws/install/xterra/include/xterra/xterra/msg/detail/point3_d__type_support.h\n'}
[1.118152] (xterra) StdoutLine: {'line': b'-- Up-to-date: /home/ros2_ws/install/xterra/include/xterra/xterra/msg/detail/quaternion__struct.h\n'}
[1.118382] (xterra) StdoutLine: {'line': b'-- Up-to-date: /home/ros2_ws/install/xterra/include/xterra/xterra/msg/detail/joint_data__functions.h\n'}
[1.118593] (xterra) StdoutLine: {'line': b'-- Up-to-date: /home/ros2_ws/install/xterra/include/xterra/xterra/msg/detail/motor_gain_multiplier__struct.h\n'}
[1.118803] (xterra) StdoutLine: {'line': b'-- Up-to-date: /home/ros2_ws/install/xterra/include/xterra/xterra/msg/detail/rgb_frame__functions.h\n'}
[1.119006] (xterra) StdoutLine: {'line': b'-- Up-to-date: /home/ros2_ws/install/xterra/include/xterra/xterra/msg/detail/motor_gain_multiplier__functions.c\n'}
[1.119210] (xterra) StdoutLine: {'line': b'-- Up-to-date: /home/ros2_ws/install/xterra/include/xterra/xterra/msg/detail/base_orientation_wrench_debug__functions.c\n'}
[1.119414] (xterra) StdoutLine: {'line': b'-- Up-to-date: /home/ros2_ws/install/xterra/include/xterra/xterra/msg/detail/float_scalar__functions.h\n'}
[1.119615] (xterra) StdoutLine: {'line': b'-- Up-to-date: /home/ros2_ws/install/xterra/include/xterra/xterra/msg/detail/solver_stats__struct.h\n'}
[1.119961] (xterra) StdoutLine: {'line': b'-- Up-to-date: /home/ros2_ws/install/xterra/include/xterra/xterra/msg/detail/camera_frame__functions.h\n'}
[1.120937] (xterra) StdoutLine: {'line': b'-- Up-to-date: /home/ros2_ws/install/xterra/include/xterra/xterra/msg/detail/joint_data__type_support.h\n'}
[1.125251] (xterra) StdoutLine: {'line': b'-- Up-to-date: /home/ros2_ws/install/xterra/include/xterra/xterra/msg/detail/base_orientation_wrench_debug__functions.h\n'}
[1.126526] (xterra) StdoutLine: {'line': b'-- Up-to-date: /home/ros2_ws/install/xterra/include/xterra/xterra/msg/detail/camera_frame__type_support.h\n'}
[1.126755] (xterra) StdoutLine: {'line': b'-- Up-to-date: /home/ros2_ws/install/xterra/include/xterra/xterra/msg/detail/rgb_frame__type_support.h\n'}
[1.126967] (xterra) StdoutLine: {'line': b'-- Up-to-date: /home/ros2_ws/install/xterra/include/xterra/xterra/msg/detail/sensor_data__struct.h\n'}
[1.127173] (xterra) StdoutLine: {'line': b'-- Up-to-date: /home/ros2_ws/install/xterra/include/xterra/xterra/msg/detail/quaternion__type_support.h\n'}
[1.127377] (xterra) StdoutLine: {'line': b'-- Up-to-date: /home/ros2_ws/install/xterra/include/xterra/xterra/msg/detail/indicator_data__type_support.h\n'}
[1.127581] (xterra) StdoutLine: {'line': b'-- Up-to-date: /home/ros2_ws/install/xterra/include/xterra/xterra/msg/detail/sensor_data__functions.h\n'}
[1.127783] (xterra) StdoutLine: {'line': b'-- Up-to-date: /home/ros2_ws/install/xterra/include/xterra/xterra/msg/detail/sensor_data__type_support.h\n'}
[1.127983] (xterra) StdoutLine: {'line': b'-- Up-to-date: /home/ros2_ws/install/xterra/include/xterra/xterra/msg/detail/base_orientation_wrench_debug__type_support.h\n'}
[1.128186] (xterra) StdoutLine: {'line': b'-- Up-to-date: /home/ros2_ws/install/xterra/include/xterra/xterra/msg/detail/joint_data__functions.c\n'}
[1.128594] (xterra) StdoutLine: {'line': b'-- Up-to-date: /home/ros2_ws/install/xterra/include/xterra/xterra/msg/detail/joint_data__struct.h\n'}
[1.131037] (xterra) StdoutLine: {'line': b'-- Up-to-date: /home/ros2_ws/install/xterra/include/xterra/xterra/msg/detail/indicator_data__functions.c\n'}
[1.131293] (xterra) StdoutLine: {'line': b'-- Up-to-date: /home/ros2_ws/install/xterra/include/xterra/xterra/msg/detail/float_scalar__type_support.h\n'}
[1.131506] (xterra) StdoutLine: {'line': b'-- Up-to-date: /home/ros2_ws/install/xterra/include/xterra/xterra/msg/detail/indicator_data__functions.h\n'}
[1.131712] (xterra) StdoutLine: {'line': b'-- Up-to-date: /home/ros2_ws/install/xterra/include/xterra/xterra/msg/detail/camera_frame__functions.c\n'}
[1.131919] (xterra) StdoutLine: {'line': b'-- Up-to-date: /home/ros2_ws/install/xterra/include/xterra/xterra/msg/detail/float_scalar__functions.c\n'}
[1.132141] (xterra) StdoutLine: {'line': b'-- Up-to-date: /home/ros2_ws/install/xterra/include/xterra/xterra/msg/detail/quaternion__functions.c\n'}
[1.132351] (xterra) StdoutLine: {'line': b'-- Up-to-date: /home/ros2_ws/install/xterra/include/xterra/xterra/msg/detail/quaternion__functions.h\n'}
[1.132582] (xterra) StdoutLine: {'line': b'-- Up-to-date: /home/ros2_ws/install/xterra/include/xterra/xterra/msg/detail/solver_stats__functions.h\n'}
[1.132960] (xterra) StdoutLine: {'line': b'-- Up-to-date: /home/ros2_ws/install/xterra/include/xterra/xterra/msg/detail/float_scalar__struct.h\n'}
[1.133182] (xterra) StdoutLine: {'line': b'-- Up-to-date: /home/ros2_ws/install/xterra/include/xterra/xterra/msg/detail/joy_data__functions.c\n'}
[1.133390] (xterra) StdoutLine: {'line': b'-- Up-to-date: /home/ros2_ws/install/xterra/include/xterra/xterra/msg/detail/quad_log__functions.c\n'}
[1.133597] (xterra) StdoutLine: {'line': b'-- Up-to-date: /home/ros2_ws/install/xterra/include/xterra/xterra/msg/detail/camera_frame__struct.h\n'}
[1.133802] (xterra) StdoutLine: {'line': b'-- Up-to-date: /home/ros2_ws/install/xterra/include/xterra/xterra/msg/detail/indicator_data__struct.h\n'}
[1.134004] (xterra) StdoutLine: {'line': b'-- Up-to-date: /home/ros2_ws/install/xterra/include/xterra/xterra/msg/detail/sensor_data__functions.c\n'}
[1.134252] (xterra) StdoutLine: {'line': b'-- Up-to-date: /home/ros2_ws/install/xterra/include/xterra/xterra/msg/detail/quad_log__type_support.h\n'}
[1.134823] (xterra) StdoutLine: {'line': b'-- Up-to-date: /home/ros2_ws/install/xterra/include/xterra/xterra/msg/detail/motor_gain_multiplier__functions.h\n'}
[1.136874] (xterra) StdoutLine: {'line': b'-- Up-to-date: /home/ros2_ws/install/xterra/include/xterra/xterra/msg/detail/rgb_frame__struct.h\n'}
[1.137149] (xterra) StdoutLine: {'line': b'-- Up-to-date: /home/ros2_ws/install/xterra/include/xterra/xterra/msg/detail/base_orientation_wrench_debug__struct.h\n'}
[1.137364] (xterra) StdoutLine: {'line': b'-- Up-to-date: /home/ros2_ws/install/xterra/include/xterra/xterra/msg/detail/joy_data__struct.h\n'}
[1.137573] (xterra) StdoutLine: {'line': b'-- Up-to-date: /home/ros2_ws/install/xterra/include/xterra/xterra/msg/detail/motor_gain_multiplier__type_support.h\n'}
[1.137778] (xterra) StdoutLine: {'line': b'-- Up-to-date: /home/ros2_ws/install/xterra/include/xterra/xterra/msg/base_orientation_wrench_debug.h\n'}
[1.137981] (xterra) StdoutLine: {'line': b'-- Up-to-date: /home/ros2_ws/install/xterra/include/xterra/xterra/msg/solver_stats.h\n'}
[1.138184] (xterra) StdoutLine: {'line': b'-- Up-to-date: /home/ros2_ws/install/xterra/include/xterra/xterra/msg/camera_frame.h\n'}
[1.138385] (xterra) StdoutLine: {'line': b'-- Up-to-date: /home/ros2_ws/install/xterra/include/xterra/xterra/msg/quaternion.h\n'}
[1.138737] (xterra) StdoutLine: {'line': b'-- Up-to-date: /home/ros2_ws/install/xterra/include/xterra/xterra/msg/joy_data.h\n'}
[1.138955] (xterra) StdoutLine: {'line': b'-- Up-to-date: /home/ros2_ws/install/xterra/include/xterra/xterra/msg/indicator_data.h\n'}
[1.139161] (xterra) StdoutLine: {'line': b'-- Up-to-date: /home/ros2_ws/install/xterra/include/xterra/xterra/srv\n'}
[1.139363] (xterra) StdoutLine: {'line': b'-- Up-to-date: /home/ros2_ws/install/xterra/include/xterra/xterra/srv/detail\n'}
[1.139568] (xterra) StdoutLine: {'line': b'-- Up-to-date: /home/ros2_ws/install/xterra/include/xterra/xterra/srv/detail/capture_image__type_support.h\n'}
[1.139799] (xterra) StdoutLine: {'line': b'-- Up-to-date: /home/ros2_ws/install/xterra/include/xterra/xterra/srv/detail/capture_image__functions.c\n'}
[1.140004] (xterra) StdoutLine: {'line': b'-- Up-to-date: /home/ros2_ws/install/xterra/include/xterra/xterra/srv/detail/capture_image__struct.h\n'}
[1.140354] (xterra) StdoutLine: {'line': b'-- Up-to-date: /home/ros2_ws/install/xterra/include/xterra/xterra/srv/detail/capture_image__functions.h\n'}
[1.140633] (xterra) StdoutLine: {'line': b'-- Up-to-date: /home/ros2_ws/install/xterra/include/xterra/xterra/srv/capture_image.h\n'}
[1.141262] (xterra) StdoutLine: {'line': b'-- Up-to-date: /home/ros2_ws/install/xterra/share/xterra/environment/library_path.sh\n'}
[1.141529] (xterra) StdoutLine: {'line': b'-- Up-to-date: /home/ros2_ws/install/xterra/share/xterra/environment/library_path.dsv\n'}
[1.141962] (xterra) StdoutLine: {'line': b'-- Up-to-date: /home/ros2_ws/install/xterra/lib/libxterra__rosidl_generator_c.so\n'}
[1.142334] (xterra) StdoutLine: {'line': b'-- Up-to-date: /home/ros2_ws/install/xterra/include/xterra/xterra\n'}
[1.142553] (xterra) StdoutLine: {'line': b'-- Up-to-date: /home/ros2_ws/install/xterra/include/xterra/xterra/msg\n'}
[1.142925] (xterra) StdoutLine: {'line': b'-- Up-to-date: /home/ros2_ws/install/xterra/include/xterra/xterra/msg/rosidl_typesupport_fastrtps_c__visibility_control.h\n'}
[1.143382] (xterra) StdoutLine: {'line': b'-- Up-to-date: /home/ros2_ws/install/xterra/include/xterra/xterra/msg/detail\n'}
[1.143597] (xterra) StdoutLine: {'line': b'-- Up-to-date: /home/ros2_ws/install/xterra/include/xterra/xterra/msg/detail/point3_d__rosidl_typesupport_fastrtps_c.h\n'}
[1.145567] (xterra) StdoutLine: {'line': b'-- Up-to-date: /home/ros2_ws/install/xterra/include/xterra/xterra/msg/detail/joint_data__rosidl_typesupport_fastrtps_c.h\n'}
[1.145793] (xterra) StdoutLine: {'line': b'-- Up-to-date: /home/ros2_ws/install/xterra/include/xterra/xterra/msg/detail/sensor_data__rosidl_typesupport_fastrtps_c.h\n'}
[1.146000] (xterra) StdoutLine: {'line': b'-- Up-to-date: /home/ros2_ws/install/xterra/include/xterra/xterra/msg/detail/solver_stats__rosidl_typesupport_fastrtps_c.h\n'}
[1.146227] (xterra) StdoutLine: {'line': b'-- Up-to-date: /home/ros2_ws/install/xterra/include/xterra/xterra/msg/detail/joy_data__rosidl_typesupport_fastrtps_c.h\n'}
[1.146439] (xterra) StdoutLine: {'line': b'-- Up-to-date: /home/ros2_ws/install/xterra/include/xterra/xterra/msg/detail/quaternion__rosidl_typesupport_fastrtps_c.h\n'}
[1.146645] (xterra) StdoutLine: {'line': b'-- Up-to-date: /home/ros2_ws/install/xterra/include/xterra/xterra/msg/detail/quad_log__rosidl_typesupport_fastrtps_c.h\n'}
[1.146849] (xterra) StdoutLine: {'line': b'-- Up-to-date: /home/ros2_ws/install/xterra/include/xterra/xterra/msg/detail/indicator_data__rosidl_typesupport_fastrtps_c.h\n'}
[1.147055] (xterra) StdoutLine: {'line': b'-- Up-to-date: /home/ros2_ws/install/xterra/include/xterra/xterra/msg/detail/base_orientation_wrench_debug__rosidl_typesupport_fastrtps_c.h\n'}
[1.147639] (xterra) StdoutLine: {'line': b'-- Up-to-date: /home/ros2_ws/install/xterra/include/xterra/xterra/msg/detail/camera_frame__rosidl_typesupport_fastrtps_c.h\n'}
[1.147850] (xterra) StdoutLine: {'line': b'-- Up-to-date: /home/ros2_ws/install/xterra/include/xterra/xterra/msg/detail/motor_gain_multiplier__rosidl_typesupport_fastrtps_c.h\n'}
[1.148056] (xterra) StdoutLine: {'line': b'-- Up-to-date: /home/ros2_ws/install/xterra/include/xterra/xterra/msg/detail/rgb_frame__rosidl_typesupport_fastrtps_c.h\n'}
[1.148259] (xterra) StdoutLine: {'line': b'-- Up-to-date: /home/ros2_ws/install/xterra/include/xterra/xterra/msg/detail/float_scalar__rosidl_typesupport_fastrtps_c.h\n'}
[1.148460] (xterra) StdoutLine: {'line': b'-- Up-to-date: /home/ros2_ws/install/xterra/include/xterra/xterra/srv\n'}
[1.148709] (xterra) StdoutLine: {'line': b'-- Up-to-date: /home/ros2_ws/install/xterra/include/xterra/xterra/srv/detail\n'}
[1.148916] (xterra) StdoutLine: {'line': b'-- Up-to-date: /home/ros2_ws/install/xterra/include/xterra/xterra/srv/detail/capture_image__rosidl_typesupport_fastrtps_c.h\n'}
[1.149159] (xterra) StdoutLine: {'line': b'-- Up-to-date: /home/ros2_ws/install/xterra/lib/libxterra__rosidl_typesupport_fastrtps_c.so\n'}
[1.149365] (xterra) StdoutLine: {'line': b'-- Up-to-date: /home/ros2_ws/install/xterra/include/xterra/xterra\n'}
[1.149611] (xterra) StdoutLine: {'line': b'-- Up-to-date: /home/ros2_ws/install/xterra/include/xterra/xterra/msg\n'}
[1.149816] (xterra) StdoutLine: {'line': b'-- Up-to-date: /home/ros2_ws/install/xterra/include/xterra/xterra/msg/motor_gain_multiplier.hpp\n'}
[1.150016] (xterra) StdoutLine: {'line': b'-- Up-to-date: /home/ros2_ws/install/xterra/include/xterra/xterra/msg/base_orientation_wrench_debug.hpp\n'}
[1.150217] (xterra) StdoutLine: {'line': b'-- Up-to-date: /home/ros2_ws/install/xterra/include/xterra/xterra/msg/sensor_data.hpp\n'}
[1.150419] (xterra) StdoutLine: {'line': b'-- Up-to-date: /home/ros2_ws/install/xterra/include/xterra/xterra/msg/quaternion.hpp\n'}
[1.150618] (xterra) StdoutLine: {'line': b'-- Up-to-date: /home/ros2_ws/install/xterra/include/xterra/xterra/msg/float_scalar.hpp\n'}
[1.150819] (xterra) StdoutLine: {'line': b'-- Up-to-date: /home/ros2_ws/install/xterra/include/xterra/xterra/msg/rosidl_generator_cpp__visibility_control.hpp\n'}
[1.151018] (xterra) StdoutLine: {'line': b'-- Up-to-date: /home/ros2_ws/install/xterra/include/xterra/xterra/msg/indicator_data.hpp\n'}
[1.151218] (xterra) StdoutLine: {'line': b'-- Up-to-date: /home/ros2_ws/install/xterra/include/xterra/xterra/msg/quad_log.hpp\n'}
[1.151417] (xterra) StdoutLine: {'line': b'-- Up-to-date: /home/ros2_ws/install/xterra/include/xterra/xterra/msg/detail\n'}
[1.151615] (xterra) StdoutLine: {'line': b'-- Up-to-date: /home/ros2_ws/install/xterra/include/xterra/xterra/msg/detail/solver_stats__type_support.hpp\n'}
[1.151813] (xterra) StdoutLine: {'line': b'-- Up-to-date: /home/ros2_ws/install/xterra/include/xterra/xterra/msg/detail/point3_d__builder.hpp\n'}
[1.152012] (xterra) StdoutLine: {'line': b'-- Up-to-date: /home/ros2_ws/install/xterra/include/xterra/xterra/msg/detail/indicator_data__builder.hpp\n'}
[1.152210] (xterra) StdoutLine: {'line': b'-- Up-to-date: /home/ros2_ws/install/xterra/include/xterra/xterra/msg/detail/rgb_frame__struct.hpp\n'}
[1.152410] (xterra) StdoutLine: {'line': b'-- Up-to-date: /home/ros2_ws/install/xterra/include/xterra/xterra/msg/detail/camera_frame__traits.hpp\n'}
[1.152650] (xterra) StdoutLine: {'line': b'-- Up-to-date: /home/ros2_ws/install/xterra/include/xterra/xterra/msg/detail/joy_data__type_support.hpp\n'}
[1.152859] (xterra) StdoutLine: {'line': b'-- Up-to-date: /home/ros2_ws/install/xterra/include/xterra/xterra/msg/detail/joint_data__builder.hpp\n'}
[1.153061] (xterra) StdoutLine: {'line': b'-- Up-to-date: /home/ros2_ws/install/xterra/include/xterra/xterra/msg/detail/quad_log__traits.hpp\n'}
[1.153262] (xterra) StdoutLine: {'line': b'-- Up-to-date: /home/ros2_ws/install/xterra/include/xterra/xterra/msg/detail/indicator_data__type_support.hpp\n'}
[1.153460] (xterra) StdoutLine: {'line': b'-- Up-to-date: /home/ros2_ws/install/xterra/include/xterra/xterra/msg/detail/solver_stats__traits.hpp\n'}
[1.153658] (xterra) StdoutLine: {'line': b'-- Up-to-date: /home/ros2_ws/install/xterra/include/xterra/xterra/msg/detail/quad_log__builder.hpp\n'}
[1.153854] (xterra) StdoutLine: {'line': b'-- Up-to-date: /home/ros2_ws/install/xterra/include/xterra/xterra/msg/detail/rgb_frame__builder.hpp\n'}
[1.154072] (xterra) StdoutLine: {'line': b'-- Up-to-date: /home/ros2_ws/install/xterra/include/xterra/xterra/msg/detail/motor_gain_multiplier__struct.hpp\n'}
[1.154278] (xterra) StdoutLine: {'line': b'-- Up-to-date: /home/ros2_ws/install/xterra/include/xterra/xterra/msg/detail/rgb_frame__type_support.hpp\n'}
[1.154476] (xterra) StdoutLine: {'line': b'-- Up-to-date: /home/ros2_ws/install/xterra/include/xterra/xterra/msg/detail/point3_d__traits.hpp\n'}
[1.154674] (xterra) StdoutLine: {'line': b'-- Up-to-date: /home/ros2_ws/install/xterra/include/xterra/xterra/msg/detail/point3_d__type_support.hpp\n'}
[1.154895] (xterra) StdoutLine: {'line': b'-- Up-to-date: /home/ros2_ws/install/xterra/include/xterra/xterra/msg/detail/indicator_data__traits.hpp\n'}
[1.155093] (xterra) StdoutLine: {'line': b'-- Up-to-date: /home/ros2_ws/install/xterra/include/xterra/xterra/msg/detail/sensor_data__type_support.hpp\n'}
[1.155290] (xterra) StdoutLine: {'line': b'-- Up-to-date: /home/ros2_ws/install/xterra/include/xterra/xterra/msg/detail/quad_log__type_support.hpp\n'}
[1.155487] (xterra) StdoutLine: {'line': b'-- Up-to-date: /home/ros2_ws/install/xterra/include/xterra/xterra/msg/detail/sensor_data__builder.hpp\n'}
[1.155683] (xterra) StdoutLine: {'line': b'-- Up-to-date: /home/ros2_ws/install/xterra/include/xterra/xterra/msg/detail/float_scalar__traits.hpp\n'}
[1.155880] (xterra) StdoutLine: {'line': b'-- Up-to-date: /home/ros2_ws/install/xterra/include/xterra/xterra/msg/detail/base_orientation_wrench_debug__struct.hpp\n'}
[1.156077] (xterra) StdoutLine: {'line': b'-- Up-to-date: /home/ros2_ws/install/xterra/include/xterra/xterra/msg/detail/float_scalar__struct.hpp\n'}
[1.156274] (xterra) StdoutLine: {'line': b'-- Up-to-date: /home/ros2_ws/install/xterra/include/xterra/xterra/msg/detail/base_orientation_wrench_debug__traits.hpp\n'}
[1.156471] (xterra) StdoutLine: {'line': b'-- Up-to-date: /home/ros2_ws/install/xterra/include/xterra/xterra/msg/detail/camera_frame__struct.hpp\n'}
[1.156708] (xterra) StdoutLine: {'line': b'-- Up-to-date: /home/ros2_ws/install/xterra/include/xterra/xterra/msg/detail/solver_stats__builder.hpp\n'}
[1.156912] (xterra) StdoutLine: {'line': b'-- Up-to-date: /home/ros2_ws/install/xterra/include/xterra/xterra/msg/detail/indicator_data__struct.hpp\n'}
[1.157110] (xterra) StdoutLine: {'line': b'-- Up-to-date: /home/ros2_ws/install/xterra/include/xterra/xterra/msg/detail/motor_gain_multiplier__builder.hpp\n'}
[1.157310] (xterra) StdoutLine: {'line': b'-- Up-to-date: /home/ros2_ws/install/xterra/include/xterra/xterra/msg/detail/joint_data__type_support.hpp\n'}
[1.157506] (xterra) StdoutLine: {'line': b'-- Up-to-date: /home/ros2_ws/install/xterra/include/xterra/xterra/msg/detail/rgb_frame__traits.hpp\n'}
[1.157704] (xterra) StdoutLine: {'line': b'-- Up-to-date: /home/ros2_ws/install/xterra/include/xterra/xterra/msg/detail/joint_data__struct.hpp\n'}
[1.157941] (xterra) StdoutLine: {'line': b'-- Up-to-date: /home/ros2_ws/install/xterra/include/xterra/xterra/msg/detail/quaternion__traits.hpp\n'}
[1.158141] (xterra) StdoutLine: {'line': b'-- Up-to-date: /home/ros2_ws/install/xterra/include/xterra/xterra/msg/detail/joint_data__traits.hpp\n'}
[1.158338] (xterra) StdoutLine: {'line': b'-- Up-to-date: /home/ros2_ws/install/xterra/include/xterra/xterra/msg/detail/camera_frame__builder.hpp\n'}
[1.158536] (xterra) StdoutLine: {'line': b'-- Up-to-date: /home/ros2_ws/install/xterra/include/xterra/xterra/msg/detail/quad_log__struct.hpp\n'}
[1.158734] (xterra) StdoutLine: {'line': b'-- Up-to-date: /home/ros2_ws/install/xterra/include/xterra/xterra/msg/detail/float_scalar__type_support.hpp\n'}
[1.158931] (xterra) StdoutLine: {'line': b'-- Up-to-date: /home/ros2_ws/install/xterra/include/xterra/xterra/msg/detail/joy_data__struct.hpp\n'}
[1.159126] (xterra) StdoutLine: {'line': b'-- Up-to-date: /home/ros2_ws/install/xterra/include/xterra/xterra/msg/detail/base_orientation_wrench_debug__type_support.hpp\n'}
[1.159324] (xterra) StdoutLine: {'line': b'-- Up-to-date: /home/ros2_ws/install/xterra/include/xterra/xterra/msg/detail/point3_d__struct.hpp\n'}
[1.159521] (xterra) StdoutLine: {'line': b'-- Up-to-date: /home/ros2_ws/install/xterra/include/xterra/xterra/msg/detail/sensor_data__traits.hpp\n'}
[1.159718] (xterra) StdoutLine: {'line': b'-- Up-to-date: /home/ros2_ws/install/xterra/include/xterra/xterra/msg/detail/camera_frame__type_support.hpp\n'}
[1.159913] (xterra) StdoutLine: {'line': b'-- Up-to-date: /home/ros2_ws/install/xterra/include/xterra/xterra/msg/detail/quaternion__struct.hpp\n'}
[1.160109] (xterra) StdoutLine: {'line': b'-- Up-to-date: /home/ros2_ws/install/xterra/include/xterra/xterra/msg/detail/joy_data__builder.hpp\n'}
[1.160329] (xterra) StdoutLine: {'line': b'-- Up-to-date: /home/ros2_ws/install/xterra/include/xterra/xterra/msg/detail/sensor_data__struct.hpp\n'}
[1.160527] (xterra) StdoutLine: {'line': b'-- Up-to-date: /home/ros2_ws/install/xterra/include/xterra/xterra/msg/detail/solver_stats__struct.hpp\n'}
[1.160765] (xterra) StdoutLine: {'line': b'-- Up-to-date: /home/ros2_ws/install/xterra/include/xterra/xterra/msg/detail/motor_gain_multiplier__traits.hpp\n'}
[1.160966] (xterra) StdoutLine: {'line': b'-- Up-to-date: /home/ros2_ws/install/xterra/include/xterra/xterra/msg/detail/float_scalar__builder.hpp\n'}
[1.161163] (xterra) StdoutLine: {'line': b'-- Up-to-date: /home/ros2_ws/install/xterra/include/xterra/xterra/msg/detail/quaternion__type_support.hpp\n'}
[1.161360] (xterra) StdoutLine: {'line': b'-- Up-to-date: /home/ros2_ws/install/xterra/include/xterra/xterra/msg/detail/quaternion__builder.hpp\n'}
[1.161574] (xterra) StdoutLine: {'line': b'-- Up-to-date: /home/ros2_ws/install/xterra/include/xterra/xterra/msg/detail/joy_data__traits.hpp\n'}
[1.161776] (xterra) StdoutLine: {'line': b'-- Up-to-date: /home/ros2_ws/install/xterra/include/xterra/xterra/msg/detail/base_orientation_wrench_debug__builder.hpp\n'}
[1.161974] (xterra) StdoutLine: {'line': b'-- Up-to-date: /home/ros2_ws/install/xterra/include/xterra/xterra/msg/detail/motor_gain_multiplier__type_support.hpp\n'}
[1.162171] (xterra) StdoutLine: {'line': b'-- Up-to-date: /home/ros2_ws/install/xterra/include/xterra/xterra/msg/joy_data.hpp\n'}
[1.162367] (xterra) StdoutLine: {'line': b'-- Up-to-date: /home/ros2_ws/install/xterra/include/xterra/xterra/msg/point3_d.hpp\n'}
[1.162567] (xterra) StdoutLine: {'line': b'-- Up-to-date: /home/ros2_ws/install/xterra/include/xterra/xterra/msg/solver_stats.hpp\n'}
[1.162765] (xterra) StdoutLine: {'line': b'-- Up-to-date: /home/ros2_ws/install/xterra/include/xterra/xterra/msg/camera_frame.hpp\n'}
[1.162961] (xterra) StdoutLine: {'line': b'-- Up-to-date: /home/ros2_ws/install/xterra/include/xterra/xterra/msg/rgb_frame.hpp\n'}
[1.163156] (xterra) StdoutLine: {'line': b'-- Up-to-date: /home/ros2_ws/install/xterra/include/xterra/xterra/msg/joint_data.hpp\n'}
[1.163352] (xterra) StdoutLine: {'line': b'-- Up-to-date: /home/ros2_ws/install/xterra/include/xterra/xterra/srv\n'}
[1.163546] (xterra) StdoutLine: {'line': b'-- Up-to-date: /home/ros2_ws/install/xterra/include/xterra/xterra/srv/detail\n'}
[1.163741] (xterra) StdoutLine: {'line': b'-- Up-to-date: /home/ros2_ws/install/xterra/include/xterra/xterra/srv/detail/capture_image__type_support.hpp\n'}
[1.163938] (xterra) StdoutLine: {'line': b'-- Up-to-date: /home/ros2_ws/install/xterra/include/xterra/xterra/srv/detail/capture_image__traits.hpp\n'}
[1.164135] (xterra) StdoutLine: {'line': b'-- Up-to-date: /home/ros2_ws/install/xterra/include/xterra/xterra/srv/detail/capture_image__struct.hpp\n'}
[1.164332] (xterra) StdoutLine: {'line': b'-- Up-to-date: /home/ros2_ws/install/xterra/include/xterra/xterra/srv/detail/capture_image__builder.hpp\n'}
[1.164528] (xterra) StdoutLine: {'line': b'-- Up-to-date: /home/ros2_ws/install/xterra/include/xterra/xterra/srv/capture_image.hpp\n'}
[1.164758] (xterra) StdoutLine: {'line': b'-- Up-to-date: /home/ros2_ws/install/xterra/include/xterra/xterra\n'}
[1.164955] (xterra) StdoutLine: {'line': b'-- Up-to-date: /home/ros2_ws/install/xterra/include/xterra/xterra/msg\n'}
[1.165150] (xterra) StdoutLine: {'line': b'-- Up-to-date: /home/ros2_ws/install/xterra/include/xterra/xterra/msg/detail\n'}
[1.165345] (xterra) StdoutLine: {'line': b'-- Up-to-date: /home/ros2_ws/install/xterra/include/xterra/xterra/msg/detail/quaternion__rosidl_typesupport_fastrtps_cpp.hpp\n'}
[1.165540] (xterra) StdoutLine: {'line': b'-- Up-to-date: /home/ros2_ws/install/xterra/include/xterra/xterra/msg/detail/rgb_frame__rosidl_typesupport_fastrtps_cpp.hpp\n'}
[1.165736] (xterra) StdoutLine: {'line': b'-- Up-to-date: /home/ros2_ws/install/xterra/include/xterra/xterra/msg/detail/joint_data__rosidl_typesupport_fastrtps_cpp.hpp\n'}
[1.165932] (xterra) StdoutLine: {'line': b'-- Up-to-date: /home/ros2_ws/install/xterra/include/xterra/xterra/msg/detail/base_orientation_wrench_debug__rosidl_typesupport_fastrtps_cpp.hpp\n'}
[1.166187] (xterra) StdoutLine: {'line': b'-- Up-to-date: /home/ros2_ws/install/xterra/include/xterra/xterra/msg/detail/camera_frame__rosidl_typesupport_fastrtps_cpp.hpp\n'}
[1.166386] (xterra) StdoutLine: {'line': b'-- Up-to-date: /home/ros2_ws/install/xterra/include/xterra/xterra/msg/detail/float_scalar__rosidl_typesupport_fastrtps_cpp.hpp\n'}
[1.166584] (xterra) StdoutLine: {'line': b'-- Up-to-date: /home/ros2_ws/install/xterra/include/xterra/xterra/msg/detail/indicator_data__rosidl_typesupport_fastrtps_cpp.hpp\n'}
[1.166782] (xterra) StdoutLine: {'line': b'-- Up-to-date: /home/ros2_ws/install/xterra/include/xterra/xterra/msg/detail/solver_stats__rosidl_typesupport_fastrtps_cpp.hpp\n'}
[1.166978] (xterra) StdoutLine: {'line': b'-- Up-to-date: /home/ros2_ws/install/xterra/include/xterra/xterra/msg/detail/joy_data__rosidl_typesupport_fastrtps_cpp.hpp\n'}
[1.167175] (xterra) StdoutLine: {'line': b'-- Up-to-date: /home/ros2_ws/install/xterra/include/xterra/xterra/msg/detail/motor_gain_multiplier__rosidl_typesupport_fastrtps_cpp.hpp\n'}
[1.167372] (xterra) StdoutLine: {'line': b'-- Up-to-date: /home/ros2_ws/install/xterra/include/xterra/xterra/msg/detail/quad_log__rosidl_typesupport_fastrtps_cpp.hpp\n'}
[1.167570] (xterra) StdoutLine: {'line': b'-- Up-to-date: /home/ros2_ws/install/xterra/include/xterra/xterra/msg/detail/sensor_data__rosidl_typesupport_fastrtps_cpp.hpp\n'}
[1.167764] (xterra) StdoutLine: {'line': b'-- Up-to-date: /home/ros2_ws/install/xterra/include/xterra/xterra/msg/detail/dds_fastrtps\n'}
[1.167959] (xterra) StdoutLine: {'line': b'-- Up-to-date: /home/ros2_ws/install/xterra/include/xterra/xterra/msg/detail/point3_d__rosidl_typesupport_fastrtps_cpp.hpp\n'}
[1.168156] (xterra) StdoutLine: {'line': b'-- Up-to-date: /home/ros2_ws/install/xterra/include/xterra/xterra/msg/rosidl_typesupport_fastrtps_cpp__visibility_control.h\n'}
[1.168351] (xterra) StdoutLine: {'line': b'-- Up-to-date: /home/ros2_ws/install/xterra/include/xterra/xterra/srv\n'}
[1.168568] (xterra) StdoutLine: {'line': b'-- Up-to-date: /home/ros2_ws/install/xterra/include/xterra/xterra/srv/detail\n'}
[1.168802] (xterra) StdoutLine: {'line': b'-- Up-to-date: /home/ros2_ws/install/xterra/include/xterra/xterra/srv/detail/capture_image__rosidl_typesupport_fastrtps_cpp.hpp\n'}
[1.169006] (xterra) StdoutLine: {'line': b'-- Up-to-date: /home/ros2_ws/install/xterra/include/xterra/xterra/srv/detail/dds_fastrtps\n'}
[1.169205] (xterra) StdoutLine: {'line': b'-- Up-to-date: /home/ros2_ws/install/xterra/lib/libxterra__rosidl_typesupport_fastrtps_cpp.so\n'}
[1.169403] (xterra) StdoutLine: {'line': b'-- Up-to-date: /home/ros2_ws/install/xterra/include/xterra/xterra\n'}
[1.169602] (xterra) StdoutLine: {'line': b'-- Up-to-date: /home/ros2_ws/install/xterra/include/xterra/xterra/msg\n'}
[1.169798] (xterra) StdoutLine: {'line': b'-- Up-to-date: /home/ros2_ws/install/xterra/include/xterra/xterra/msg/rosidl_typesupport_introspection_c__visibility_control.h\n'}
[1.169996] (xterra) StdoutLine: {'line': b'-- Up-to-date: /home/ros2_ws/install/xterra/include/xterra/xterra/msg/detail\n'}
[1.170192] (xterra) StdoutLine: {'line': b'-- Up-to-date: /home/ros2_ws/install/xterra/include/xterra/xterra/msg/detail/joint_data__type_support.c\n'}
[1.170390] (xterra) StdoutLine: {'line': b'-- Up-to-date: /home/ros2_ws/install/xterra/include/xterra/xterra/msg/detail/base_orientation_wrench_debug__rosidl_typesupport_introspection_c.h\n'}
[1.170588] (xterra) StdoutLine: {'line': b'-- Up-to-date: /home/ros2_ws/install/xterra/include/xterra/xterra/msg/detail/camera_frame__rosidl_typesupport_introspection_c.h\n'}
[1.170785] (xterra) StdoutLine: {'line': b'-- Up-to-date: /home/ros2_ws/install/xterra/include/xterra/xterra/msg/detail/quaternion__type_support.c\n'}
[1.170981] (xterra) StdoutLine: {'line': b'-- Up-to-date: /home/ros2_ws/install/xterra/include/xterra/xterra/msg/detail/point3_d__rosidl_typesupport_introspection_c.h\n'}
[1.171178] (xterra) StdoutLine: {'line': b'-- Up-to-date: /home/ros2_ws/install/xterra/include/xterra/xterra/msg/detail/float_scalar__rosidl_typesupport_introspection_c.h\n'}
[1.171398] (xterra) StdoutLine: {'line': b'-- Up-to-date: /home/ros2_ws/install/xterra/include/xterra/xterra/msg/detail/joint_data__rosidl_typesupport_introspection_c.h\n'}
[1.171598] (xterra) StdoutLine: {'line': b'-- Up-to-date: /home/ros2_ws/install/xterra/include/xterra/xterra/msg/detail/camera_frame__type_support.c\n'}
[1.171795] (xterra) StdoutLine: {'line': b'-- Up-to-date: /home/ros2_ws/install/xterra/include/xterra/xterra/msg/detail/motor_gain_multiplier__rosidl_typesupport_introspection_c.h\n'}
[1.171996] (xterra) StdoutLine: {'line': b'-- Up-to-date: /home/ros2_ws/install/xterra/include/xterra/xterra/msg/detail/sensor_data__rosidl_typesupport_introspection_c.h\n'}
[1.172194] (xterra) StdoutLine: {'line': b'-- Up-to-date: /home/ros2_ws/install/xterra/include/xterra/xterra/msg/detail/quad_log__type_support.c\n'}
[1.172391] (xterra) StdoutLine: {'line': b'-- Up-to-date: /home/ros2_ws/install/xterra/include/xterra/xterra/msg/detail/joy_data__type_support.c\n'}
[1.172619] (xterra) StdoutLine: {'line': b'-- Up-to-date: /home/ros2_ws/install/xterra/include/xterra/xterra/msg/detail/float_scalar__type_support.c\n'}
[1.172828] (xterra) StdoutLine: {'line': b'-- Up-to-date: /home/ros2_ws/install/xterra/include/xterra/xterra/msg/detail/indicator_data__rosidl_typesupport_introspection_c.h\n'}
[1.173027] (xterra) StdoutLine: {'line': b'-- Up-to-date: /home/ros2_ws/install/xterra/include/xterra/xterra/msg/detail/point3_d__type_support.c\n'}
[1.173226] (xterra) StdoutLine: {'line': b'-- Up-to-date: /home/ros2_ws/install/xterra/include/xterra/xterra/msg/detail/quaternion__rosidl_typesupport_introspection_c.h\n'}
[1.173473] (xterra) StdoutLine: {'line': b'-- Up-to-date: /home/ros2_ws/install/xterra/include/xterra/xterra/msg/detail/base_orientation_wrench_debug__type_support.c\n'}
[1.173671] (xterra) StdoutLine: {'line': b'-- Up-to-date: /home/ros2_ws/install/xterra/include/xterra/xterra/msg/detail/joy_data__rosidl_typesupport_introspection_c.h\n'}
[1.173869] (xterra) StdoutLine: {'line': b'-- Up-to-date: /home/ros2_ws/install/xterra/include/xterra/xterra/msg/detail/solver_stats__rosidl_typesupport_introspection_c.h\n'}
[1.174068] (xterra) StdoutLine: {'line': b'-- Up-to-date: /home/ros2_ws/install/xterra/include/xterra/xterra/msg/detail/rgb_frame__rosidl_typesupport_introspection_c.h\n'}
[1.174268] (xterra) StdoutLine: {'line': b'-- Up-to-date: /home/ros2_ws/install/xterra/include/xterra/xterra/msg/detail/solver_stats__type_support.c\n'}
[1.174464] (xterra) StdoutLine: {'line': b'-- Up-to-date: /home/ros2_ws/install/xterra/include/xterra/xterra/msg/detail/quad_log__rosidl_typesupport_introspection_c.h\n'}
[1.174659] (xterra) StdoutLine: {'line': b'-- Up-to-date: /home/ros2_ws/install/xterra/include/xterra/xterra/msg/detail/sensor_data__type_support.c\n'}
[1.174856] (xterra) StdoutLine: {'line': b'-- Up-to-date: /home/ros2_ws/install/xterra/include/xterra/xterra/msg/detail/motor_gain_multiplier__type_support.c\n'}
[1.175051] (xterra) StdoutLine: {'line': b'-- Up-to-date: /home/ros2_ws/install/xterra/include/xterra/xterra/msg/detail/indicator_data__type_support.c\n'}
[1.175246] (xterra) StdoutLine: {'line': b'-- Up-to-date: /home/ros2_ws/install/xterra/include/xterra/xterra/msg/detail/rgb_frame__type_support.c\n'}
[1.175441] (xterra) StdoutLine: {'line': b'-- Up-to-date: /home/ros2_ws/install/xterra/include/xterra/xterra/srv\n'}
[1.175655] (xterra) StdoutLine: {'line': b'-- Up-to-date: /home/ros2_ws/install/xterra/include/xterra/xterra/srv/detail\n'}
[1.175858] (xterra) StdoutLine: {'line': b'-- Up-to-date: /home/ros2_ws/install/xterra/include/xterra/xterra/srv/detail/capture_image__rosidl_typesupport_introspection_c.h\n'}
[1.176056] (xterra) StdoutLine: {'line': b'-- Up-to-date: /home/ros2_ws/install/xterra/include/xterra/xterra/srv/detail/capture_image__type_support.c\n'}
[1.176253] (xterra) StdoutLine: {'line': b'-- Up-to-date: /home/ros2_ws/install/xterra/lib/libxterra__rosidl_typesupport_introspection_c.so\n'}
[1.176474] (xterra) StdoutLine: {'line': b'-- Up-to-date: /home/ros2_ws/install/xterra/lib/libxterra__rosidl_typesupport_c.so\n'}
[1.176722] (xterra) StdoutLine: {'line': b'-- Up-to-date: /home/ros2_ws/install/xterra/include/xterra/xterra\n'}
[1.176905] (xterra) StdoutLine: {'line': b'-- Up-to-date: /home/ros2_ws/install/xterra/include/xterra/xterra/msg\n'}
[1.177086] (xterra) StdoutLine: {'line': b'-- Up-to-date: /home/ros2_ws/install/xterra/include/xterra/xterra/msg/detail\n'}
[1.177263] (xterra) StdoutLine: {'line': b'-- Up-to-date: /home/ros2_ws/install/xterra/include/xterra/xterra/msg/detail/motor_gain_multiplier__type_support.cpp\n'}
[1.177443] (xterra) StdoutLine: {'line': b'-- Up-to-date: /home/ros2_ws/install/xterra/include/xterra/xterra/msg/detail/quad_log__type_support.cpp\n'}
[1.177622] (xterra) StdoutLine: {'line': b'-- Up-to-date: /home/ros2_ws/install/xterra/include/xterra/xterra/msg/detail/base_orientation_wrench_debug__rosidl_typesupport_introspection_cpp.hpp\n'}
[1.177803] (xterra) StdoutLine: {'line': b'-- Up-to-date: /home/ros2_ws/install/xterra/include/xterra/xterra/msg/detail/joy_data__type_support.cpp\n'}
[1.177981] (xterra) StdoutLine: {'line': b'-- Up-to-date: /home/ros2_ws/install/xterra/include/xterra/xterra/msg/detail/joint_data__rosidl_typesupport_introspection_cpp.hpp\n'}
[1.178161] (xterra) StdoutLine: {'line': b'-- Up-to-date: /home/ros2_ws/install/xterra/include/xterra/xterra/msg/detail/sensor_data__type_support.cpp\n'}
[1.178338] (xterra) StdoutLine: {'line': b'-- Up-to-date: /home/ros2_ws/install/xterra/include/xterra/xterra/msg/detail/sensor_data__rosidl_typesupport_introspection_cpp.hpp\n'}
[1.178516] (xterra) StdoutLine: {'line': b'-- Up-to-date: /home/ros2_ws/install/xterra/include/xterra/xterra/msg/detail/rgb_frame__type_support.cpp\n'}
[1.178694] (xterra) StdoutLine: {'line': b'-- Up-to-date: /home/ros2_ws/install/xterra/include/xterra/xterra/msg/detail/float_scalar__rosidl_typesupport_introspection_cpp.hpp\n'}
[1.178873] (xterra) StdoutLine: {'line': b'-- Up-to-date: /home/ros2_ws/install/xterra/include/xterra/xterra/msg/detail/solver_stats__type_support.cpp\n'}
[1.179051] (xterra) StdoutLine: {'line': b'-- Up-to-date: /home/ros2_ws/install/xterra/include/xterra/xterra/msg/detail/point3_d__type_support.cpp\n'}
[1.179229] (xterra) StdoutLine: {'line': b'-- Up-to-date: /home/ros2_ws/install/xterra/include/xterra/xterra/msg/detail/motor_gain_multiplier__rosidl_typesupport_introspection_cpp.hpp\n'}
[1.179408] (xterra) StdoutLine: {'line': b'-- Up-to-date: /home/ros2_ws/install/xterra/include/xterra/xterra/msg/detail/solver_stats__rosidl_typesupport_introspection_cpp.hpp\n'}
[1.179586] (xterra) StdoutLine: {'line': b'-- Up-to-date: /home/ros2_ws/install/xterra/include/xterra/xterra/msg/detail/float_scalar__type_support.cpp\n'}
[1.179765] (xterra) StdoutLine: {'line': b'-- Up-to-date: /home/ros2_ws/install/xterra/include/xterra/xterra/msg/detail/camera_frame__rosidl_typesupport_introspection_cpp.hpp\n'}
[1.179944] (xterra) StdoutLine: {'line': b'-- Up-to-date: /home/ros2_ws/install/xterra/include/xterra/xterra/msg/detail/joy_data__rosidl_typesupport_introspection_cpp.hpp\n'}
[1.180122] (xterra) StdoutLine: {'line': b'-- Up-to-date: /home/ros2_ws/install/xterra/include/xterra/xterra/msg/detail/indicator_data__rosidl_typesupport_introspection_cpp.hpp\n'}
[1.180301] (xterra) StdoutLine: {'line': b'-- Up-to-date: /home/ros2_ws/install/xterra/include/xterra/xterra/msg/detail/base_orientation_wrench_debug__type_support.cpp\n'}
[1.180518] (xterra) StdoutLine: {'line': b'-- Up-to-date: /home/ros2_ws/install/xterra/include/xterra/xterra/msg/detail/point3_d__rosidl_typesupport_introspection_cpp.hpp\n'}
[1.180738] (xterra) StdoutLine: {'line': b'-- Up-to-date: /home/ros2_ws/install/xterra/include/xterra/xterra/msg/detail/joint_data__type_support.cpp\n'}
[1.180908] (xterra) StdoutLine: {'line': b'-- Up-to-date: /home/ros2_ws/install/xterra/include/xterra/xterra/msg/detail/quaternion__rosidl_typesupport_introspection_cpp.hpp\n'}
[1.181075] (xterra) StdoutLine: {'line': b'-- Up-to-date: /home/ros2_ws/install/xterra/include/xterra/xterra/msg/detail/quad_log__rosidl_typesupport_introspection_cpp.hpp\n'}
[1.181263] (xterra) StdoutLine: {'line': b'-- Up-to-date: /home/ros2_ws/install/xterra/include/xterra/xterra/msg/detail/rgb_frame__rosidl_typesupport_introspection_cpp.hpp\n'}
[1.181435] (xterra) StdoutLine: {'line': b'-- Up-to-date: /home/ros2_ws/install/xterra/include/xterra/xterra/msg/detail/indicator_data__type_support.cpp\n'}
[1.181602] (xterra) StdoutLine: {'line': b'-- Up-to-date: /home/ros2_ws/install/xterra/include/xterra/xterra/msg/detail/quaternion__type_support.cpp\n'}
[1.181767] (xterra) StdoutLine: {'line': b'-- Up-to-date: /home/ros2_ws/install/xterra/include/xterra/xterra/msg/detail/camera_frame__type_support.cpp\n'}
[1.181949] (xterra) StdoutLine: {'line': b'-- Up-to-date: /home/ros2_ws/install/xterra/include/xterra/xterra/srv\n'}
[1.182118] (xterra) StdoutLine: {'line': b'-- Up-to-date: /home/ros2_ws/install/xterra/include/xterra/xterra/srv/detail\n'}
[1.182285] (xterra) StdoutLine: {'line': b'-- Up-to-date: /home/ros2_ws/install/xterra/include/xterra/xterra/srv/detail/capture_image__type_support.cpp\n'}
[1.182451] (xterra) StdoutLine: {'line': b'-- Up-to-date: /home/ros2_ws/install/xterra/include/xterra/xterra/srv/detail/capture_image__rosidl_typesupport_introspection_cpp.hpp\n'}
[1.182617] (xterra) StdoutLine: {'line': b'-- Up-to-date: /home/ros2_ws/install/xterra/lib/libxterra__rosidl_typesupport_introspection_cpp.so\n'}
[1.182783] (xterra) StdoutLine: {'line': b'-- Up-to-date: /home/ros2_ws/install/xterra/lib/libxterra__rosidl_typesupport_cpp.so\n'}
[1.182947] (xterra) StdoutLine: {'line': b'-- Up-to-date: /home/ros2_ws/install/xterra/share/xterra/environment/pythonpath.sh\n'}
[1.183112] (xterra) StdoutLine: {'line': b'-- Up-to-date: /home/ros2_ws/install/xterra/share/xterra/environment/pythonpath.dsv\n'}
[1.183279] (xterra) StdoutLine: {'line': b'-- Up-to-date: /home/ros2_ws/install/xterra/local/lib/python3.10/dist-packages/xterra-0.0.0-py3.10.egg-info\n'}
[1.183445] (xterra) StdoutLine: {'line': b'-- Installing: /home/ros2_ws/install/xterra/local/lib/python3.10/dist-packages/xterra-0.0.0-py3.10.egg-info/SOURCES.txt\n'}
[1.183614] (xterra) StdoutLine: {'line': b'-- Installing: /home/ros2_ws/install/xterra/local/lib/python3.10/dist-packages/xterra-0.0.0-py3.10.egg-info/PKG-INFO\n'}
[1.183782] (xterra) StdoutLine: {'line': b'-- Installing: /home/ros2_ws/install/xterra/local/lib/python3.10/dist-packages/xterra-0.0.0-py3.10.egg-info/dependency_links.txt\n'}
[1.183947] (xterra) StdoutLine: {'line': b'-- Installing: /home/ros2_ws/install/xterra/local/lib/python3.10/dist-packages/xterra-0.0.0-py3.10.egg-info/top_level.txt\n'}
[1.184113] (xterra) StdoutLine: {'line': b'-- Up-to-date: /home/ros2_ws/install/xterra/local/lib/python3.10/dist-packages/xterra\n'}
[1.184277] (xterra) StdoutLine: {'line': b'-- Up-to-date: /home/ros2_ws/install/xterra/local/lib/python3.10/dist-packages/xterra/xterra_s__rosidl_typesupport_fastrtps_c.cpython-310-aarch64-linux-gnu.so\n'}
[1.184445] (xterra) StdoutLine: {'line': b'-- Up-to-date: /home/ros2_ws/install/xterra/local/lib/python3.10/dist-packages/xterra/_xterra_s.ep.rosidl_typesupport_c.c\n'}
[1.184645] (xterra) StdoutLine: {'line': b'-- Up-to-date: /home/ros2_ws/install/xterra/local/lib/python3.10/dist-packages/xterra/msg\n'}
[1.184817] (xterra) StdoutLine: {'line': b'-- Up-to-date: /home/ros2_ws/install/xterra/local/lib/python3.10/dist-packages/xterra/msg/_sensor_data.py\n'}
[1.184985] (xterra) StdoutLine: {'line': b'-- Up-to-date: /home/ros2_ws/install/xterra/local/lib/python3.10/dist-packages/xterra/msg/_quaternion.py\n'}
[1.185152] (xterra) StdoutLine: {'line': b'-- Up-to-date: /home/ros2_ws/install/xterra/local/lib/python3.10/dist-packages/xterra/msg/_indicator_data.py\n'}
[1.185317] (xterra) StdoutLine: {'line': b'-- Up-to-date: /home/ros2_ws/install/xterra/local/lib/python3.10/dist-packages/xterra/msg/_quaternion_s.c\n'}
[1.185483] (xterra) StdoutLine: {'line': b'-- Up-to-date: /home/ros2_ws/install/xterra/local/lib/python3.10/dist-packages/xterra/msg/_solver_stats_s.c\n'}
[1.185668] (xterra) StdoutLine: {'line': b'-- Up-to-date: /home/ros2_ws/install/xterra/local/lib/python3.10/dist-packages/xterra/msg/_joy_data_s.c\n'}
[1.185833] (xterra) StdoutLine: {'line': b'-- Up-to-date: /home/ros2_ws/install/xterra/local/lib/python3.10/dist-packages/xterra/msg/_sensor_data_s.c\n'}
[1.185999] (xterra) StdoutLine: {'line': b'-- Up-to-date: /home/ros2_ws/install/xterra/local/lib/python3.10/dist-packages/xterra/msg/_motor_gain_multiplier_s.c\n'}
[1.186166] (xterra) StdoutLine: {'line': b'-- Up-to-date: /home/ros2_ws/install/xterra/local/lib/python3.10/dist-packages/xterra/msg/_float_scalar.py\n'}
[1.186331] (xterra) StdoutLine: {'line': b'-- Up-to-date: /home/ros2_ws/install/xterra/local/lib/python3.10/dist-packages/xterra/msg/_quad_log.py\n'}
[1.186496] (xterra) StdoutLine: {'line': b'-- Up-to-date: /home/ros2_ws/install/xterra/local/lib/python3.10/dist-packages/xterra/msg/_joint_data_s.c\n'}
[1.186659] (xterra) StdoutLine: {'line': b'-- Up-to-date: /home/ros2_ws/install/xterra/local/lib/python3.10/dist-packages/xterra/msg/_float_scalar_s.c\n'}
[1.186823] (xterra) StdoutLine: {'line': b'-- Up-to-date: /home/ros2_ws/install/xterra/local/lib/python3.10/dist-packages/xterra/msg/_rgb_frame.py\n'}
[1.187024] (xterra) StdoutLine: {'line': b'-- Up-to-date: /home/ros2_ws/install/xterra/local/lib/python3.10/dist-packages/xterra/msg/_point3_d.py\n'}
[1.187190] (xterra) StdoutLine: {'line': b'-- Up-to-date: /home/ros2_ws/install/xterra/local/lib/python3.10/dist-packages/xterra/msg/_joy_data.py\n'}
[1.187355] (xterra) StdoutLine: {'line': b'-- Up-to-date: /home/ros2_ws/install/xterra/local/lib/python3.10/dist-packages/xterra/msg/_indicator_data_s.c\n'}
[1.187520] (xterra) StdoutLine: {'line': b'-- Up-to-date: /home/ros2_ws/install/xterra/local/lib/python3.10/dist-packages/xterra/msg/_camera_frame_s.c\n'}
[1.187686] (xterra) StdoutLine: {'line': b'-- Up-to-date: /home/ros2_ws/install/xterra/local/lib/python3.10/dist-packages/xterra/msg/_motor_gain_multiplier.py\n'}
[1.187866] (xterra) StdoutLine: {'line': b'-- Up-to-date: /home/ros2_ws/install/xterra/local/lib/python3.10/dist-packages/xterra/msg/_base_orientation_wrench_debug.py\n'}
[1.188038] (xterra) StdoutLine: {'line': b'-- Up-to-date: /home/ros2_ws/install/xterra/local/lib/python3.10/dist-packages/xterra/msg/_point3_d_s.c\n'}
[1.188206] (xterra) StdoutLine: {'line': b'-- Up-to-date: /home/ros2_ws/install/xterra/local/lib/python3.10/dist-packages/xterra/msg/_rgb_frame_s.c\n'}
[1.188373] (xterra) StdoutLine: {'line': b'-- Up-to-date: /home/ros2_ws/install/xterra/local/lib/python3.10/dist-packages/xterra/msg/_quad_log_s.c\n'}
[1.188567] (xterra) StdoutLine: {'line': b'-- Up-to-date: /home/ros2_ws/install/xterra/local/lib/python3.10/dist-packages/xterra/msg/_joint_data.py\n'}
[1.188740] (xterra) StdoutLine: {'line': b'-- Up-to-date: /home/ros2_ws/install/xterra/local/lib/python3.10/dist-packages/xterra/msg/__init__.py\n'}
[1.188894] (xterra) StdoutLine: {'line': b'-- Up-to-date: /home/ros2_ws/install/xterra/local/lib/python3.10/dist-packages/xterra/msg/_solver_stats.py\n'}
[1.189049] (xterra) StdoutLine: {'line': b'-- Up-to-date: /home/ros2_ws/install/xterra/local/lib/python3.10/dist-packages/xterra/msg/_base_orientation_wrench_debug_s.c\n'}
[1.189202] (xterra) StdoutLine: {'line': b'-- Up-to-date: /home/ros2_ws/install/xterra/local/lib/python3.10/dist-packages/xterra/msg/_camera_frame.py\n'}
[1.189357] (xterra) StdoutLine: {'line': b'-- Up-to-date: /home/ros2_ws/install/xterra/local/lib/python3.10/dist-packages/xterra/libxterra__rosidl_generator_py.so\n'}
[1.189511] (xterra) StdoutLine: {'line': b'-- Up-to-date: /home/ros2_ws/install/xterra/local/lib/python3.10/dist-packages/xterra/_xterra_s.ep.rosidl_typesupport_introspection_c.c\n'}
[1.189663] (xterra) StdoutLine: {'line': b'-- Up-to-date: /home/ros2_ws/install/xterra/local/lib/python3.10/dist-packages/xterra/xterra_s__rosidl_typesupport_c.cpython-310-aarch64-linux-gnu.so\n'}
[1.189817] (xterra) StdoutLine: {'line': b'-- Up-to-date: /home/ros2_ws/install/xterra/local/lib/python3.10/dist-packages/xterra/srv\n'}
[1.189985] (xterra) StdoutLine: {'line': b'-- Up-to-date: /home/ros2_ws/install/xterra/local/lib/python3.10/dist-packages/xterra/srv/_capture_image_s.c\n'}
[1.190139] (xterra) StdoutLine: {'line': b'-- Up-to-date: /home/ros2_ws/install/xterra/local/lib/python3.10/dist-packages/xterra/srv/_capture_image.py\n'}
[1.190291] (xterra) StdoutLine: {'line': b'-- Up-to-date: /home/ros2_ws/install/xterra/local/lib/python3.10/dist-packages/xterra/srv/__init__.py\n'}
[1.190443] (xterra) StdoutLine: {'line': b'-- Up-to-date: /home/ros2_ws/install/xterra/local/lib/python3.10/dist-packages/xterra/_xterra_s.ep.rosidl_typesupport_fastrtps_c.c\n'}
[1.190595] (xterra) StdoutLine: {'line': b'-- Up-to-date: /home/ros2_ws/install/xterra/local/lib/python3.10/dist-packages/xterra/xterra_s__rosidl_typesupport_introspection_c.cpython-310-aarch64-linux-gnu.so\n'}
[1.190748] (xterra) StdoutLine: {'line': b'-- Up-to-date: /home/ros2_ws/install/xterra/local/lib/python3.10/dist-packages/xterra/__init__.py\n'}
[1.200898] (-) TimerEvent: {}
[1.241420] (xterra) StdoutLine: {'line': b"Listing '/home/ros2_ws/install/xterra/local/lib/python3.10/dist-packages/xterra'...\n"}
[1.241823] (xterra) StdoutLine: {'line': b"Listing '/home/ros2_ws/install/xterra/local/lib/python3.10/dist-packages/xterra/msg'...\n"}
[1.242081] (xterra) StdoutLine: {'line': b"Listing '/home/ros2_ws/install/xterra/local/lib/python3.10/dist-packages/xterra/srv'...\n"}
[1.257457] (xterra) StdoutLine: {'line': b'-- Up-to-date: /home/ros2_ws/install/xterra/local/lib/python3.10/dist-packages/xterra/xterra_s__rosidl_typesupport_fastrtps_c.cpython-310-aarch64-linux-gnu.so\n'}
[1.259245] (xterra) StdoutLine: {'line': b'-- Up-to-date: /home/ros2_ws/install/xterra/local/lib/python3.10/dist-packages/xterra/xterra_s__rosidl_typesupport_introspection_c.cpython-310-aarch64-linux-gnu.so\n'}
[1.261501] (xterra) StdoutLine: {'line': b'-- Up-to-date: /home/ros2_ws/install/xterra/local/lib/python3.10/dist-packages/xterra/xterra_s__rosidl_typesupport_c.cpython-310-aarch64-linux-gnu.so\n'}
[1.263948] (xterra) StdoutLine: {'line': b'-- Up-to-date: /home/ros2_ws/install/xterra/lib/libxterra__rosidl_generator_py.so\n'}
[1.265266] (xterra) StdoutLine: {'line': b'-- Up-to-date: /home/ros2_ws/install/xterra/share/xterra/msg/JointData.idl\n'}
[1.265900] (xterra) StdoutLine: {'line': b'-- Up-to-date: /home/ros2_ws/install/xterra/share/xterra/msg/SensorData.idl\n'}
[1.266825] (xterra) StdoutLine: {'line': b'-- Up-to-date: /home/ros2_ws/install/xterra/share/xterra/msg/MotorGainMultiplier.idl\n'}
[1.267581] (xterra) StdoutLine: {'line': b'-- Up-to-date: /home/ros2_ws/install/xterra/share/xterra/msg/QuadLog.idl\n'}
[1.268291] (xterra) StdoutLine: {'line': b'-- Up-to-date: /home/ros2_ws/install/xterra/share/xterra/msg/Point3D.idl\n'}
[1.268521] (xterra) StdoutLine: {'line': b'-- Up-to-date: /home/ros2_ws/install/xterra/share/xterra/msg/Quaternion.idl\n'}
[1.268780] (xterra) StdoutLine: {'line': b'-- Up-to-date: /home/ros2_ws/install/xterra/share/xterra/msg/SolverStats.idl\n'}
[1.269425] (xterra) StdoutLine: {'line': b'-- Up-to-date: /home/ros2_ws/install/xterra/share/xterra/msg/RGBFrame.idl\n'}
[1.270335] (xterra) StdoutLine: {'line': b'-- Up-to-date: /home/ros2_ws/install/xterra/share/xterra/msg/IndicatorData.idl\n'}
[1.271202] (xterra) StdoutLine: {'line': b'-- Up-to-date: /home/ros2_ws/install/xterra/share/xterra/msg/BaseOrientationWrenchDebug.idl\n'}
[1.271952] (xterra) StdoutLine: {'line': b'-- Up-to-date: /home/ros2_ws/install/xterra/share/xterra/msg/FloatScalar.idl\n'}
[1.272662] (xterra) StdoutLine: {'line': b'-- Up-to-date: /home/ros2_ws/install/xterra/share/xterra/msg/JoyData.idl\n'}
[1.273078] (xterra) StdoutLine: {'line': b'-- Up-to-date: /home/ros2_ws/install/xterra/share/xterra/msg/CameraFrame.idl\n'}
[1.273474] (xterra) StdoutLine: {'line': b'-- Up-to-date: /home/ros2_ws/install/xterra/share/xterra/srv/CaptureImage.idl\n'}
[1.273711] (xterra) StdoutLine: {'line': b'-- Up-to-date: /home/ros2_ws/install/xterra/share/xterra/msg/JointData.msg\n'}
[1.274099] (xterra) StdoutLine: {'line': b'-- Up-to-date: /home/ros2_ws/install/xterra/share/xterra/msg/SensorData.msg\n'}
[1.274557] (xterra) StdoutLine: {'line': b'-- Up-to-date: /home/ros2_ws/install/xterra/share/xterra/msg/MotorGainMultiplier.msg\n'}
[1.275301] (xterra) StdoutLine: {'line': b'-- Up-to-date: /home/ros2_ws/install/xterra/share/xterra/msg/QuadLog.msg\n'}
[1.276176] (xterra) StdoutLine: {'line': b'-- Up-to-date: /home/ros2_ws/install/xterra/share/xterra/msg/Point3D.msg\n'}
[1.276618] (xterra) StdoutLine: {'line': b'-- Up-to-date: /home/ros2_ws/install/xterra/share/xterra/msg/Quaternion.msg\n'}
[1.276858] (xterra) StdoutLine: {'line': b'-- Up-to-date: /home/ros2_ws/install/xterra/share/xterra/msg/SolverStats.msg\n'}
[1.277078] (xterra) StdoutLine: {'line': b'-- Up-to-date: /home/ros2_ws/install/xterra/share/xterra/msg/RGBFrame.msg\n'}
[1.277287] (xterra) StdoutLine: {'line': b'-- Up-to-date: /home/ros2_ws/install/xterra/share/xterra/msg/IndicatorData.msg\n'}
[1.277496] (xterra) StdoutLine: {'line': b'-- Up-to-date: /home/ros2_ws/install/xterra/share/xterra/msg/BaseOrientationWrenchDebug.msg\n'}
[1.277707] (xterra) StdoutLine: {'line': b'-- Up-to-date: /home/ros2_ws/install/xterra/share/xterra/msg/FloatScalar.msg\n'}
[1.278126] (xterra) StdoutLine: {'line': b'-- Up-to-date: /home/ros2_ws/install/xterra/share/xterra/msg/JoyData.msg\n'}
[1.278345] (xterra) StdoutLine: {'line': b'-- Up-to-date: /home/ros2_ws/install/xterra/share/xterra/msg/CameraFrame.msg\n'}
[1.278556] (xterra) StdoutLine: {'line': b'-- Up-to-date: /home/ros2_ws/install/xterra/share/xterra/srv/CaptureImage.srv\n'}
[1.278763] (xterra) StdoutLine: {'line': b'-- Up-to-date: /home/ros2_ws/install/xterra/share/xterra/srv/CaptureImage_Request.msg\n'}
[1.278969] (xterra) StdoutLine: {'line': b'-- Up-to-date: /home/ros2_ws/install/xterra/share/xterra/srv/CaptureImage_Response.msg\n'}
[1.279171] (xterra) StdoutLine: {'line': b'-- Up-to-date: /home/ros2_ws/install/xterra/share/ament_index/resource_index/package_run_dependencies/xterra\n'}
[1.279380] (xterra) StdoutLine: {'line': b'-- Up-to-date: /home/ros2_ws/install/xterra/share/ament_index/resource_index/parent_prefix_path/xterra\n'}
[1.279589] (xterra) StdoutLine: {'line': b'-- Up-to-date: /home/ros2_ws/install/xterra/share/xterra/environment/ament_prefix_path.sh\n'}
[1.279794] (xterra) StdoutLine: {'line': b'-- Up-to-date: /home/ros2_ws/install/xterra/share/xterra/environment/ament_prefix_path.dsv\n'}
[1.279999] (xterra) StdoutLine: {'line': b'-- Up-to-date: /home/ros2_ws/install/xterra/share/xterra/environment/path.sh\n'}
[1.280199] (xterra) StdoutLine: {'line': b'-- Up-to-date: /home/ros2_ws/install/xterra/share/xterra/environment/path.dsv\n'}
[1.280399] (xterra) StdoutLine: {'line': b'-- Up-to-date: /home/ros2_ws/install/xterra/share/xterra/local_setup.bash\n'}
[1.280681] (xterra) StdoutLine: {'line': b'-- Up-to-date: /home/ros2_ws/install/xterra/share/xterra/local_setup.sh\n'}
[1.280910] (xterra) StdoutLine: {'line': b'-- Up-to-date: /home/ros2_ws/install/xterra/share/xterra/local_setup.zsh\n'}
[1.281519] (xterra) StdoutLine: {'line': b'-- Up-to-date: /home/ros2_ws/install/xterra/share/xterra/local_setup.dsv\n'}
[1.281742] (xterra) StdoutLine: {'line': b'-- Installing: /home/ros2_ws/install/xterra/share/xterra/package.dsv\n'}
[1.281950] (xterra) StdoutLine: {'line': b'-- Up-to-date: /home/ros2_ws/install/xterra/share/ament_index/resource_index/packages/xterra\n'}
[1.282159] (xterra) StdoutLine: {'line': b'-- Up-to-date: /home/ros2_ws/install/xterra/share/xterra/cmake/export_xterra__rosidl_generator_cExport.cmake\n'}
[1.282364] (xterra) StdoutLine: {'line': b'-- Up-to-date: /home/ros2_ws/install/xterra/share/xterra/cmake/export_xterra__rosidl_generator_cExport-noconfig.cmake\n'}
[1.282805] (xterra) StdoutLine: {'line': b'-- Up-to-date: /home/ros2_ws/install/xterra/share/xterra/cmake/export_xterra__rosidl_typesupport_fastrtps_cExport.cmake\n'}
[1.283233] (xterra) StdoutLine: {'line': b'-- Up-to-date: /home/ros2_ws/install/xterra/share/xterra/cmake/export_xterra__rosidl_typesupport_fastrtps_cExport-noconfig.cmake\n'}
[1.284236] (xterra) StdoutLine: {'line': b'-- Up-to-date: /home/ros2_ws/install/xterra/share/xterra/cmake/export_xterra__rosidl_generator_cppExport.cmake\n'}
[1.285583] (xterra) StdoutLine: {'line': b'-- Up-to-date: /home/ros2_ws/install/xterra/share/xterra/cmake/export_xterra__rosidl_typesupport_fastrtps_cppExport.cmake\n'}
[1.286028] (xterra) StdoutLine: {'line': b'-- Up-to-date: /home/ros2_ws/install/xterra/share/xterra/cmake/export_xterra__rosidl_typesupport_fastrtps_cppExport-noconfig.cmake\n'}
[1.287559] (xterra) StdoutLine: {'line': b'-- Up-to-date: /home/ros2_ws/install/xterra/share/xterra/cmake/xterra__rosidl_typesupport_introspection_cExport.cmake\n'}
[1.287995] (xterra) StdoutLine: {'line': b'-- Up-to-date: /home/ros2_ws/install/xterra/share/xterra/cmake/xterra__rosidl_typesupport_introspection_cExport-noconfig.cmake\n'}
[1.289127] (xterra) StdoutLine: {'line': b'-- Up-to-date: /home/ros2_ws/install/xterra/share/xterra/cmake/xterra__rosidl_typesupport_cExport.cmake\n'}
[1.289539] (xterra) StdoutLine: {'line': b'-- Up-to-date: /home/ros2_ws/install/xterra/share/xterra/cmake/xterra__rosidl_typesupport_cExport-noconfig.cmake\n'}
[1.290755] (xterra) StdoutLine: {'line': b'-- Up-to-date: /home/ros2_ws/install/xterra/share/xterra/cmake/xterra__rosidl_typesupport_introspection_cppExport.cmake\n'}
[1.291184] (xterra) StdoutLine: {'line': b'-- Up-to-date: /home/ros2_ws/install/xterra/share/xterra/cmake/xterra__rosidl_typesupport_introspection_cppExport-noconfig.cmake\n'}
[1.292289] (xterra) StdoutLine: {'line': b'-- Up-to-date: /home/ros2_ws/install/xterra/share/xterra/cmake/xterra__rosidl_typesupport_cppExport.cmake\n'}
[1.292757] (xterra) StdoutLine: {'line': b'-- Up-to-date: /home/ros2_ws/install/xterra/share/xterra/cmake/xterra__rosidl_typesupport_cppExport-noconfig.cmake\n'}
[1.293987] (xterra) StdoutLine: {'line': b'-- Up-to-date: /home/ros2_ws/install/xterra/share/xterra/cmake/export_xterra__rosidl_generator_pyExport.cmake\n'}
[1.294583] (xterra) StdoutLine: {'line': b'-- Up-to-date: /home/ros2_ws/install/xterra/share/xterra/cmake/export_xterra__rosidl_generator_pyExport-noconfig.cmake\n'}
[1.295302] (xterra) StdoutLine: {'line': b'-- Up-to-date: /home/ros2_ws/install/xterra/share/xterra/cmake/rosidl_cmake-extras.cmake\n'}
[1.295993] (xterra) StdoutLine: {'line': b'-- Up-to-date: /home/ros2_ws/install/xterra/share/xterra/cmake/ament_cmake_export_dependencies-extras.cmake\n'}
[1.296724] (xterra) StdoutLine: {'line': b'-- Up-to-date: /home/ros2_ws/install/xterra/share/xterra/cmake/ament_cmake_export_include_directories-extras.cmake\n'}
[1.296950] (xterra) StdoutLine: {'line': b'-- Up-to-date: /home/ros2_ws/install/xterra/share/xterra/cmake/ament_cmake_export_libraries-extras.cmake\n'}
[1.297162] (xterra) StdoutLine: {'line': b'-- Up-to-date: /home/ros2_ws/install/xterra/share/xterra/cmake/ament_cmake_export_targets-extras.cmake\n'}
[1.297369] (xterra) StdoutLine: {'line': b'-- Up-to-date: /home/ros2_ws/install/xterra/share/xterra/cmake/rosidl_cmake_export_typesupport_targets-extras.cmake\n'}
[1.297578] (xterra) StdoutLine: {'line': b'-- Up-to-date: /home/ros2_ws/install/xterra/share/xterra/cmake/rosidl_cmake_export_typesupport_libraries-extras.cmake\n'}
[1.297783] (xterra) StdoutLine: {'line': b'-- Up-to-date: /home/ros2_ws/install/xterra/share/xterra/cmake/xterraConfig.cmake\n'}
[1.297990] (xterra) StdoutLine: {'line': b'-- Up-to-date: /home/ros2_ws/install/xterra/share/xterra/cmake/xterraConfig-version.cmake\n'}
[1.298202] (xterra) StdoutLine: {'line': b'-- Up-to-date: /home/ros2_ws/install/xterra/share/xterra/package.xml\n'}
[1.301012] (-) TimerEvent: {}
[1.310016] (xterra) CommandEnded: {'returncode': 0}
[1.401146] (-) TimerEvent: {}
[1.402400] (xterra) JobEnded: {'identifier': 'xterra', 'rc': 0}
[1.405113] (-) EventReactorShutdown: {}
