[0.000000] (-) TimerEvent: {}
[0.000343] (-) JobUnselected: {'identifier': 'cyclonedds'}
[0.000694] (-) JobUnselected: {'identifier': 'livox_ros_driver2'}
[0.001347] (-) JobUnselected: {'identifier': 'm2_metal_description'}
[0.001623] (-) JobUnselected: {'identifier': 'orbbec_camera'}
[0.001667] (-) JobUnselected: {'identifier': 'orbbec_camera_msgs'}
[0.001921] (-) JobUnselected: {'identifier': 'orbbec_description'}
[0.002019] (-) JobUnselected: {'identifier': 'realsense2_description'}
[0.002094] (-) JobUnselected: {'identifier': 'sensor_description'}
[0.002163] (-) JobUnselected: {'identifier': 'xterra'}
[0.002241] (realsense2_camera_msgs) JobQueued: {'identifier': 'realsense2_camera_msgs', 'dependencies': OrderedDict()}
[0.002324] (realsense2_camera) JobQueued: {'identifier': 'realsense2_camera', 'dependencies': OrderedDict([('realsense2_camera_msgs', '/home/ros2_ws/install/realsense2_camera_msgs')])}
[0.002436] (realsense2_camera_msgs) JobStarted: {'identifier': 'realsense2_camera_msgs'}
[0.025302] (realsense2_camera_msgs) JobProgress: {'identifier': 'realsense2_camera_msgs', 'progress': 'cmake'}
[0.027007] (realsense2_camera_msgs) JobProgress: {'identifier': 'realsense2_camera_msgs', 'progress': 'build'}
[0.028400] (realsense2_camera_msgs) Command: {'cmd': ['/usr/bin/cmake', '--build', '/home/ros2_ws/build/realsense2_camera_msgs'], 'cwd': '/home/ros2_ws/build/realsense2_camera_msgs', 'env': OrderedDict([('CMAKE_BUILD_PARALLEL_LEVEL', '3'), ('HOSTNAME', 'xterra-orin'), ('SHLVL', '1'), ('LD_LIBRARY_PATH', '/home/ros2_ws/install/xterra_perception_api/lib:/home/ros2_ws/install/xterra/lib:/home/ros2_ws/install/realsense2_camera/lib:/home/ros2_ws/install/realsense2_camera_msgs/lib:/home/ros2_ws/install/livox_ros_driver2/lib:/opt/ros/humble/opt/rviz_ogre_vendor/lib:/opt/ros/humble/lib/aarch64-linux-gnu:/opt/ros/humble/lib:/usr/local/lib:/home/ros/install/lib'), ('HOME', '/root'), ('OLDPWD', '/home/ros2_ws'), ('ROS_PYTHON_VERSION', '3'), ('MAKEFLAGS', '-j3'), ('COLCON_PREFIX_PATH', '/home/ros2_ws/install'), ('ROS_DISTRO', 'humble'), ('_', '/usr/bin/colcon'), ('ROS_VERSION', '2'), ('NVIDIA_DRIVER_CAPABILITIES', 'all'), ('OrbbecSDK_DIR', '/usr/local/lib/cmake/OrbbecSDK'), ('ROS_LOCALHOST_ONLY', '0'), ('QT_X11_NO_MITSHM', '1'), ('PATH', '/opt/ros/humble/bin:/home/ros/install/bin:/usr/local/sbin:/usr/local/bin:/usr/sbin:/usr/bin:/sbin:/bin'), ('DISPLAY', ''), ('LANG', 'C.UTF-8'), ('RMW_IMPLEMENTATION', 'rmw_cyclonedds_cpp'), ('CYCLONEDDS_HOME', '/home/ros/install'), ('ROS_DOMAIN_ID', '0'), ('AMENT_PREFIX_PATH', '/home/ros2_ws/install/xterra_perception_api:/home/ros2_ws/install/xterra:/home/ros2_ws/install/m2_metal_description:/home/ros2_ws/install/sensor_description:/home/ros2_ws/install/realsense2_camera:/home/ros2_ws/install/realsense2_camera_msgs:/home/ros2_ws/install/livox_ros_driver2:/opt/ros/humble'), ('DEBIAN_FRONTEND', 'noninteractive'), ('PWD', '/home/ros2_ws/build/realsense2_camera_msgs'), ('LC_ALL', 'C.UTF-8'), ('PYTHONPATH', '/home/ros2_ws/install/xterra/local/lib/python3.10/dist-packages:/home/ros2_ws/install/realsense2_camera_msgs/local/lib/python3.10/dist-packages:/home/ros2_ws/install/livox_ros_driver2/local/lib/python3.10/dist-packages:/opt/ros/humble/lib/python3.10/site-packages:/opt/ros/humble/local/lib/python3.10/dist-packages'), ('NVIDIA_VISIBLE_DEVICES', 'all'), ('COLCON', '1'), ('CMAKE_PREFIX_PATH', '/home/ros2_ws/install/xterra_perception_api:/home/ros2_ws/install/xterra:/home/ros2_ws/install/m2_metal_description:/home/ros2_ws/install/sensor_description:/home/ros2_ws/install/realsense2_camera:/home/ros2_ws/install/realsense2_camera_msgs:/home/ros2_ws/install/livox_ros_driver2:/opt/OrbbecSDK_v2.4.11/lib::/opt/ros/humble')]), 'shell': False}
[0.099277] (-) TimerEvent: {}
[0.146736] (realsense2_camera_msgs) StdoutLine: {'line': b'Consolidate compiler generated dependencies of target realsense2_camera_msgs__rosidl_generator_c\n'}
[0.171877] (realsense2_camera_msgs) StdoutLine: {'line': b'[  3%] Built target realsense2_camera_msgs__cpp\n'}
[0.172517] (realsense2_camera_msgs) StdoutLine: {'line': b'[  3%] Built target realsense2_camera_msgs__rs\n'}
[0.177913] (realsense2_camera_msgs) StdoutLine: {'line': b'[ 14%] Built target realsense2_camera_msgs__rosidl_generator_c\n'}
[0.199504] (-) TimerEvent: {}
[0.208190] (realsense2_camera_msgs) StdoutLine: {'line': b'Consolidate compiler generated dependencies of target realsense2_camera_msgs__rosidl_typesupport_introspection_c\n'}
[0.213097] (realsense2_camera_msgs) StdoutLine: {'line': b'Consolidate compiler generated dependencies of target realsense2_camera_msgs__rosidl_typesupport_fastrtps_c\n'}
[0.241226] (realsense2_camera_msgs) StdoutLine: {'line': b'[ 25%] Built target realsense2_camera_msgs__rosidl_typesupport_introspection_c\n'}
[0.251012] (realsense2_camera_msgs) StdoutLine: {'line': b'[ 35%] Built target realsense2_camera_msgs__rosidl_typesupport_fastrtps_c\n'}
[0.266311] (realsense2_camera_msgs) StdoutLine: {'line': b'[ 35%] Built target ament_cmake_python_copy_realsense2_camera_msgs\n'}
[0.270086] (realsense2_camera_msgs) StdoutLine: {'line': b'Consolidate compiler generated dependencies of target realsense2_camera_msgs__rosidl_typesupport_c\n'}
[0.290101] (realsense2_camera_msgs) StdoutLine: {'line': b'Consolidate compiler generated dependencies of target realsense2_camera_msgs__rosidl_typesupport_fastrtps_cpp\n'}
[0.299346] (realsense2_camera_msgs) StdoutLine: {'line': b'[ 46%] Built target realsense2_camera_msgs__rosidl_typesupport_c\n'}
[0.299761] (-) TimerEvent: {}
[0.306647] (realsense2_camera_msgs) StdoutLine: {'line': b'Consolidate compiler generated dependencies of target realsense2_camera_msgs__rosidl_typesupport_introspection_cpp\n'}
[0.327214] (realsense2_camera_msgs) StdoutLine: {'line': b'[ 57%] Built target realsense2_camera_msgs__rosidl_typesupport_fastrtps_cpp\n'}
[0.334584] (realsense2_camera_msgs) StdoutLine: {'line': b'Consolidate compiler generated dependencies of target realsense2_camera_msgs__rosidl_typesupport_cpp\n'}
[0.343851] (realsense2_camera_msgs) StdoutLine: {'line': b'[ 67%] Built target realsense2_camera_msgs__rosidl_typesupport_introspection_cpp\n'}
[0.369915] (realsense2_camera_msgs) StdoutLine: {'line': b'[ 78%] Built target realsense2_camera_msgs__rosidl_typesupport_cpp\n'}
[0.399932] (-) TimerEvent: {}
[0.430270] (realsense2_camera_msgs) StdoutLine: {'line': b'[ 78%] Built target realsense2_camera_msgs\n'}
[0.492821] (realsense2_camera_msgs) StdoutLine: {'line': b'[ 80%] Built target realsense2_camera_msgs__py\n'}
[0.500125] (-) TimerEvent: {}
[0.530857] (realsense2_camera_msgs) StdoutLine: {'line': b'Consolidate compiler generated dependencies of target realsense2_camera_msgs__rosidl_generator_py\n'}
[0.568563] (realsense2_camera_msgs) StdoutLine: {'line': b'[ 89%] Built target realsense2_camera_msgs__rosidl_generator_py\n'}
[0.600351] (-) TimerEvent: {}
[0.603794] (realsense2_camera_msgs) StdoutLine: {'line': b'Consolidate compiler generated dependencies of target realsense2_camera_msgs__rosidl_typesupport_introspection_c__pyext\n'}
[0.605208] (realsense2_camera_msgs) StdoutLine: {'line': b'Consolidate compiler generated dependencies of target realsense2_camera_msgs__rosidl_typesupport_fastrtps_c__pyext\n'}
[0.639187] (realsense2_camera_msgs) StdoutLine: {'line': b'[ 92%] Built target realsense2_camera_msgs__rosidl_typesupport_introspection_c__pyext\n'}
[0.646707] (realsense2_camera_msgs) StdoutLine: {'line': b'[ 96%] Built target realsense2_camera_msgs__rosidl_typesupport_fastrtps_c__pyext\n'}
[0.672353] (realsense2_camera_msgs) StdoutLine: {'line': b'Consolidate compiler generated dependencies of target realsense2_camera_msgs__rosidl_typesupport_c__pyext\n'}
[0.700538] (-) TimerEvent: {}
[0.703776] (realsense2_camera_msgs) StdoutLine: {'line': b'[100%] Built target realsense2_camera_msgs__rosidl_typesupport_c__pyext\n'}
[0.800686] (-) TimerEvent: {}
[0.850767] (realsense2_camera_msgs) StdoutLine: {'line': b'running egg_info\n'}
[0.852304] (realsense2_camera_msgs) StdoutLine: {'line': b'writing realsense2_camera_msgs.egg-info/PKG-INFO\n'}
[0.853123] (realsense2_camera_msgs) StdoutLine: {'line': b'writing dependency_links to realsense2_camera_msgs.egg-info/dependency_links.txt\n'}
[0.853611] (realsense2_camera_msgs) StdoutLine: {'line': b'writing top-level names to realsense2_camera_msgs.egg-info/top_level.txt\n'}
[0.859154] (realsense2_camera_msgs) StdoutLine: {'line': b"reading manifest file 'realsense2_camera_msgs.egg-info/SOURCES.txt'\n"}
[0.860573] (realsense2_camera_msgs) StdoutLine: {'line': b"writing manifest file 'realsense2_camera_msgs.egg-info/SOURCES.txt'\n"}
[0.900871] (-) TimerEvent: {}
[0.964718] (realsense2_camera_msgs) StdoutLine: {'line': b'[100%] Built target ament_cmake_python_build_realsense2_camera_msgs_egg\n'}
[0.998682] (realsense2_camera_msgs) CommandEnded: {'returncode': 0}
[1.001233] (realsense2_camera_msgs) JobProgress: {'identifier': 'realsense2_camera_msgs', 'progress': 'install'}
[1.001389] (-) TimerEvent: {}
[1.032439] (realsense2_camera_msgs) Command: {'cmd': ['/usr/bin/cmake', '--install', '/home/ros2_ws/build/realsense2_camera_msgs'], 'cwd': '/home/ros2_ws/build/realsense2_camera_msgs', 'env': OrderedDict([('CMAKE_BUILD_PARALLEL_LEVEL', '3'), ('HOSTNAME', 'xterra-orin'), ('SHLVL', '1'), ('LD_LIBRARY_PATH', '/home/ros2_ws/install/xterra_perception_api/lib:/home/ros2_ws/install/xterra/lib:/home/ros2_ws/install/realsense2_camera/lib:/home/ros2_ws/install/realsense2_camera_msgs/lib:/home/ros2_ws/install/livox_ros_driver2/lib:/opt/ros/humble/opt/rviz_ogre_vendor/lib:/opt/ros/humble/lib/aarch64-linux-gnu:/opt/ros/humble/lib:/usr/local/lib:/home/ros/install/lib'), ('HOME', '/root'), ('OLDPWD', '/home/ros2_ws'), ('ROS_PYTHON_VERSION', '3'), ('MAKEFLAGS', '-j3'), ('COLCON_PREFIX_PATH', '/home/ros2_ws/install'), ('ROS_DISTRO', 'humble'), ('_', '/usr/bin/colcon'), ('ROS_VERSION', '2'), ('NVIDIA_DRIVER_CAPABILITIES', 'all'), ('OrbbecSDK_DIR', '/usr/local/lib/cmake/OrbbecSDK'), ('ROS_LOCALHOST_ONLY', '0'), ('QT_X11_NO_MITSHM', '1'), ('PATH', '/opt/ros/humble/bin:/home/ros/install/bin:/usr/local/sbin:/usr/local/bin:/usr/sbin:/usr/bin:/sbin:/bin'), ('DISPLAY', ''), ('LANG', 'C.UTF-8'), ('RMW_IMPLEMENTATION', 'rmw_cyclonedds_cpp'), ('CYCLONEDDS_HOME', '/home/ros/install'), ('ROS_DOMAIN_ID', '0'), ('AMENT_PREFIX_PATH', '/home/ros2_ws/install/xterra_perception_api:/home/ros2_ws/install/xterra:/home/ros2_ws/install/m2_metal_description:/home/ros2_ws/install/sensor_description:/home/ros2_ws/install/realsense2_camera:/home/ros2_ws/install/realsense2_camera_msgs:/home/ros2_ws/install/livox_ros_driver2:/opt/ros/humble'), ('DEBIAN_FRONTEND', 'noninteractive'), ('PWD', '/home/ros2_ws/build/realsense2_camera_msgs'), ('LC_ALL', 'C.UTF-8'), ('PYTHONPATH', '/home/ros2_ws/install/xterra/local/lib/python3.10/dist-packages:/home/ros2_ws/install/realsense2_camera_msgs/local/lib/python3.10/dist-packages:/home/ros2_ws/install/livox_ros_driver2/local/lib/python3.10/dist-packages:/opt/ros/humble/lib/python3.10/site-packages:/opt/ros/humble/local/lib/python3.10/dist-packages'), ('NVIDIA_VISIBLE_DEVICES', 'all'), ('COLCON', '1'), ('CMAKE_PREFIX_PATH', '/home/ros2_ws/install/xterra_perception_api:/home/ros2_ws/install/xterra:/home/ros2_ws/install/m2_metal_description:/home/ros2_ws/install/sensor_description:/home/ros2_ws/install/realsense2_camera:/home/ros2_ws/install/realsense2_camera_msgs:/home/ros2_ws/install/livox_ros_driver2:/opt/OrbbecSDK_v2.4.11/lib::/opt/ros/humble')]), 'shell': False}
[1.064667] (realsense2_camera_msgs) StdoutLine: {'line': b'-- Install configuration: "Release"\n'}
[1.065597] (realsense2_camera_msgs) StdoutLine: {'line': b'-- Up-to-date: /home/ros2_ws/install/realsense2_camera_msgs/share/ament_index/resource_index/rosidl_interfaces/realsense2_camera_msgs\n'}
[1.066125] (realsense2_camera_msgs) StdoutLine: {'line': b'-- Up-to-date: /home/ros2_ws/install/realsense2_camera_msgs/include/realsense2_camera_msgs/realsense2_camera_msgs\n'}
[1.066280] (realsense2_camera_msgs) StdoutLine: {'line': b'-- Up-to-date: /home/ros2_ws/install/realsense2_camera_msgs/include/realsense2_camera_msgs/realsense2_camera_msgs/msg\n'}
[1.066447] (realsense2_camera_msgs) StdoutLine: {'line': b'-- Up-to-date: /home/ros2_ws/install/realsense2_camera_msgs/include/realsense2_camera_msgs/realsense2_camera_msgs/msg/extrinsics.h\n'}
[1.066723] (realsense2_camera_msgs) StdoutLine: {'line': b'-- Up-to-date: /home/ros2_ws/install/realsense2_camera_msgs/include/realsense2_camera_msgs/realsense2_camera_msgs/msg/metadata.h\n'}
[1.066865] (realsense2_camera_msgs) StdoutLine: {'line': b'-- Up-to-date: /home/ros2_ws/install/realsense2_camera_msgs/include/realsense2_camera_msgs/realsense2_camera_msgs/msg/rosidl_generator_c__visibility_control.h\n'}
[1.066999] (realsense2_camera_msgs) StdoutLine: {'line': b'-- Up-to-date: /home/ros2_ws/install/realsense2_camera_msgs/include/realsense2_camera_msgs/realsense2_camera_msgs/msg/detail\n'}
[1.067416] (realsense2_camera_msgs) StdoutLine: {'line': b'-- Up-to-date: /home/ros2_ws/install/realsense2_camera_msgs/include/realsense2_camera_msgs/realsense2_camera_msgs/msg/detail/extrinsics__functions.h\n'}
[1.067872] (realsense2_camera_msgs) StdoutLine: {'line': b'-- Up-to-date: /home/ros2_ws/install/realsense2_camera_msgs/include/realsense2_camera_msgs/realsense2_camera_msgs/msg/detail/imu_info__struct.h\n'}
[1.068007] (realsense2_camera_msgs) StdoutLine: {'line': b'-- Up-to-date: /home/ros2_ws/install/realsense2_camera_msgs/include/realsense2_camera_msgs/realsense2_camera_msgs/msg/detail/extrinsics__functions.c\n'}
[1.068218] (realsense2_camera_msgs) StdoutLine: {'line': b'-- Up-to-date: /home/ros2_ws/install/realsense2_camera_msgs/include/realsense2_camera_msgs/realsense2_camera_msgs/msg/detail/extrinsics__type_support.h\n'}
[1.068401] (realsense2_camera_msgs) StdoutLine: {'line': b'-- Up-to-date: /home/ros2_ws/install/realsense2_camera_msgs/include/realsense2_camera_msgs/realsense2_camera_msgs/msg/detail/metadata__struct.h\n'}
[1.068691] (realsense2_camera_msgs) StdoutLine: {'line': b'-- Up-to-date: /home/ros2_ws/install/realsense2_camera_msgs/include/realsense2_camera_msgs/realsense2_camera_msgs/msg/detail/metadata__type_support.h\n'}
[1.069504] (realsense2_camera_msgs) StdoutLine: {'line': b'-- Up-to-date: /home/ros2_ws/install/realsense2_camera_msgs/include/realsense2_camera_msgs/realsense2_camera_msgs/msg/detail/imu_info__type_support.h\n'}
[1.069636] (realsense2_camera_msgs) StdoutLine: {'line': b'-- Up-to-date: /home/ros2_ws/install/realsense2_camera_msgs/include/realsense2_camera_msgs/realsense2_camera_msgs/msg/detail/metadata__functions.h\n'}
[1.069859] (realsense2_camera_msgs) StdoutLine: {'line': b'-- Up-to-date: /home/ros2_ws/install/realsense2_camera_msgs/include/realsense2_camera_msgs/realsense2_camera_msgs/msg/detail/imu_info__functions.c\n'}
[1.069986] (realsense2_camera_msgs) StdoutLine: {'line': b'-- Up-to-date: /home/ros2_ws/install/realsense2_camera_msgs/include/realsense2_camera_msgs/realsense2_camera_msgs/msg/detail/extrinsics__struct.h\n'}
[1.070109] (realsense2_camera_msgs) StdoutLine: {'line': b'-- Up-to-date: /home/ros2_ws/install/realsense2_camera_msgs/include/realsense2_camera_msgs/realsense2_camera_msgs/msg/detail/metadata__functions.c\n'}
[1.070329] (realsense2_camera_msgs) StdoutLine: {'line': b'-- Up-to-date: /home/ros2_ws/install/realsense2_camera_msgs/include/realsense2_camera_msgs/realsense2_camera_msgs/msg/detail/imu_info__functions.h\n'}
[1.070527] (realsense2_camera_msgs) StdoutLine: {'line': b'-- Up-to-date: /home/ros2_ws/install/realsense2_camera_msgs/include/realsense2_camera_msgs/realsense2_camera_msgs/msg/imu_info.h\n'}
[1.070778] (realsense2_camera_msgs) StdoutLine: {'line': b'-- Up-to-date: /home/ros2_ws/install/realsense2_camera_msgs/include/realsense2_camera_msgs/realsense2_camera_msgs/srv\n'}
[1.071813] (realsense2_camera_msgs) StdoutLine: {'line': b'-- Up-to-date: /home/ros2_ws/install/realsense2_camera_msgs/include/realsense2_camera_msgs/realsense2_camera_msgs/srv/device_info.h\n'}
[1.072669] (realsense2_camera_msgs) StdoutLine: {'line': b'-- Up-to-date: /home/ros2_ws/install/realsense2_camera_msgs/include/realsense2_camera_msgs/realsense2_camera_msgs/srv/detail\n'}
[1.073177] (realsense2_camera_msgs) StdoutLine: {'line': b'-- Up-to-date: /home/ros2_ws/install/realsense2_camera_msgs/include/realsense2_camera_msgs/realsense2_camera_msgs/srv/detail/device_info__functions.h\n'}
[1.073334] (realsense2_camera_msgs) StdoutLine: {'line': b'-- Up-to-date: /home/ros2_ws/install/realsense2_camera_msgs/include/realsense2_camera_msgs/realsense2_camera_msgs/srv/detail/device_info__type_support.h\n'}
[1.073561] (realsense2_camera_msgs) StdoutLine: {'line': b'-- Up-to-date: /home/ros2_ws/install/realsense2_camera_msgs/include/realsense2_camera_msgs/realsense2_camera_msgs/srv/detail/device_info__functions.c\n'}
[1.073888] (realsense2_camera_msgs) StdoutLine: {'line': b'-- Up-to-date: /home/ros2_ws/install/realsense2_camera_msgs/include/realsense2_camera_msgs/realsense2_camera_msgs/srv/detail/device_info__struct.h\n'}
[1.074543] (realsense2_camera_msgs) StdoutLine: {'line': b'-- Up-to-date: /home/ros2_ws/install/realsense2_camera_msgs/share/realsense2_camera_msgs/environment/library_path.sh\n'}
[1.074691] (realsense2_camera_msgs) StdoutLine: {'line': b'-- Up-to-date: /home/ros2_ws/install/realsense2_camera_msgs/share/realsense2_camera_msgs/environment/library_path.dsv\n'}
[1.074918] (realsense2_camera_msgs) StdoutLine: {'line': b'-- Up-to-date: /home/ros2_ws/install/realsense2_camera_msgs/lib/librealsense2_camera_msgs__rosidl_generator_c.so\n'}
[1.075051] (realsense2_camera_msgs) StdoutLine: {'line': b'-- Up-to-date: /home/ros2_ws/install/realsense2_camera_msgs/include/realsense2_camera_msgs/realsense2_camera_msgs\n'}
[1.075276] (realsense2_camera_msgs) StdoutLine: {'line': b'-- Up-to-date: /home/ros2_ws/install/realsense2_camera_msgs/include/realsense2_camera_msgs/realsense2_camera_msgs/msg\n'}
[1.075422] (realsense2_camera_msgs) StdoutLine: {'line': b'-- Up-to-date: /home/ros2_ws/install/realsense2_camera_msgs/include/realsense2_camera_msgs/realsense2_camera_msgs/msg/rosidl_typesupport_fastrtps_c__visibility_control.h\n'}
[1.075551] (realsense2_camera_msgs) StdoutLine: {'line': b'-- Up-to-date: /home/ros2_ws/install/realsense2_camera_msgs/include/realsense2_camera_msgs/realsense2_camera_msgs/msg/detail\n'}
[1.075764] (realsense2_camera_msgs) StdoutLine: {'line': b'-- Up-to-date: /home/ros2_ws/install/realsense2_camera_msgs/include/realsense2_camera_msgs/realsense2_camera_msgs/msg/detail/extrinsics__rosidl_typesupport_fastrtps_c.h\n'}
[1.075900] (realsense2_camera_msgs) StdoutLine: {'line': b'-- Up-to-date: /home/ros2_ws/install/realsense2_camera_msgs/include/realsense2_camera_msgs/realsense2_camera_msgs/msg/detail/metadata__rosidl_typesupport_fastrtps_c.h\n'}
[1.076116] (realsense2_camera_msgs) StdoutLine: {'line': b'-- Up-to-date: /home/ros2_ws/install/realsense2_camera_msgs/include/realsense2_camera_msgs/realsense2_camera_msgs/msg/detail/imu_info__rosidl_typesupport_fastrtps_c.h\n'}
[1.076505] (realsense2_camera_msgs) StdoutLine: {'line': b'-- Up-to-date: /home/ros2_ws/install/realsense2_camera_msgs/include/realsense2_camera_msgs/realsense2_camera_msgs/srv\n'}
[1.076639] (realsense2_camera_msgs) StdoutLine: {'line': b'-- Up-to-date: /home/ros2_ws/install/realsense2_camera_msgs/include/realsense2_camera_msgs/realsense2_camera_msgs/srv/detail\n'}
[1.076763] (realsense2_camera_msgs) StdoutLine: {'line': b'-- Up-to-date: /home/ros2_ws/install/realsense2_camera_msgs/include/realsense2_camera_msgs/realsense2_camera_msgs/srv/detail/device_info__rosidl_typesupport_fastrtps_c.h\n'}
[1.076920] (realsense2_camera_msgs) StdoutLine: {'line': b'-- Up-to-date: /home/ros2_ws/install/realsense2_camera_msgs/lib/librealsense2_camera_msgs__rosidl_typesupport_fastrtps_c.so\n'}
[1.077144] (realsense2_camera_msgs) StdoutLine: {'line': b'-- Up-to-date: /home/ros2_ws/install/realsense2_camera_msgs/include/realsense2_camera_msgs/realsense2_camera_msgs\n'}
[1.077273] (realsense2_camera_msgs) StdoutLine: {'line': b'-- Up-to-date: /home/ros2_ws/install/realsense2_camera_msgs/include/realsense2_camera_msgs/realsense2_camera_msgs/msg\n'}
[1.077492] (realsense2_camera_msgs) StdoutLine: {'line': b'-- Up-to-date: /home/ros2_ws/install/realsense2_camera_msgs/include/realsense2_camera_msgs/realsense2_camera_msgs/msg/rosidl_typesupport_introspection_c__visibility_control.h\n'}
[1.077722] (realsense2_camera_msgs) StdoutLine: {'line': b'-- Up-to-date: /home/ros2_ws/install/realsense2_camera_msgs/include/realsense2_camera_msgs/realsense2_camera_msgs/msg/detail\n'}
[1.077849] (realsense2_camera_msgs) StdoutLine: {'line': b'-- Up-to-date: /home/ros2_ws/install/realsense2_camera_msgs/include/realsense2_camera_msgs/realsense2_camera_msgs/msg/detail/extrinsics__rosidl_typesupport_introspection_c.h\n'}
[1.077974] (realsense2_camera_msgs) StdoutLine: {'line': b'-- Up-to-date: /home/ros2_ws/install/realsense2_camera_msgs/include/realsense2_camera_msgs/realsense2_camera_msgs/msg/detail/imu_info__rosidl_typesupport_introspection_c.h\n'}
[1.078404] (realsense2_camera_msgs) StdoutLine: {'line': b'-- Up-to-date: /home/ros2_ws/install/realsense2_camera_msgs/include/realsense2_camera_msgs/realsense2_camera_msgs/msg/detail/metadata__type_support.c\n'}
[1.079041] (realsense2_camera_msgs) StdoutLine: {'line': b'-- Up-to-date: /home/ros2_ws/install/realsense2_camera_msgs/include/realsense2_camera_msgs/realsense2_camera_msgs/msg/detail/metadata__rosidl_typesupport_introspection_c.h\n'}
[1.079462] (realsense2_camera_msgs) StdoutLine: {'line': b'-- Up-to-date: /home/ros2_ws/install/realsense2_camera_msgs/include/realsense2_camera_msgs/realsense2_camera_msgs/msg/detail/imu_info__type_support.c\n'}
[1.079593] (realsense2_camera_msgs) StdoutLine: {'line': b'-- Up-to-date: /home/ros2_ws/install/realsense2_camera_msgs/include/realsense2_camera_msgs/realsense2_camera_msgs/msg/detail/extrinsics__type_support.c\n'}
[1.079716] (realsense2_camera_msgs) StdoutLine: {'line': b'-- Up-to-date: /home/ros2_ws/install/realsense2_camera_msgs/include/realsense2_camera_msgs/realsense2_camera_msgs/srv\n'}
[1.079839] (realsense2_camera_msgs) StdoutLine: {'line': b'-- Up-to-date: /home/ros2_ws/install/realsense2_camera_msgs/include/realsense2_camera_msgs/realsense2_camera_msgs/srv/detail\n'}
[1.079961] (realsense2_camera_msgs) StdoutLine: {'line': b'-- Up-to-date: /home/ros2_ws/install/realsense2_camera_msgs/include/realsense2_camera_msgs/realsense2_camera_msgs/srv/detail/device_info__type_support.c\n'}
[1.080083] (realsense2_camera_msgs) StdoutLine: {'line': b'-- Up-to-date: /home/ros2_ws/install/realsense2_camera_msgs/include/realsense2_camera_msgs/realsense2_camera_msgs/srv/detail/device_info__rosidl_typesupport_introspection_c.h\n'}
[1.080205] (realsense2_camera_msgs) StdoutLine: {'line': b'-- Up-to-date: /home/ros2_ws/install/realsense2_camera_msgs/lib/librealsense2_camera_msgs__rosidl_typesupport_introspection_c.so\n'}
[1.080326] (realsense2_camera_msgs) StdoutLine: {'line': b'-- Up-to-date: /home/ros2_ws/install/realsense2_camera_msgs/lib/librealsense2_camera_msgs__rosidl_typesupport_c.so\n'}
[1.080449] (realsense2_camera_msgs) StdoutLine: {'line': b'-- Up-to-date: /home/ros2_ws/install/realsense2_camera_msgs/include/realsense2_camera_msgs/realsense2_camera_msgs\n'}
[1.080570] (realsense2_camera_msgs) StdoutLine: {'line': b'-- Up-to-date: /home/ros2_ws/install/realsense2_camera_msgs/include/realsense2_camera_msgs/realsense2_camera_msgs/msg\n'}
[1.080709] (realsense2_camera_msgs) StdoutLine: {'line': b'-- Up-to-date: /home/ros2_ws/install/realsense2_camera_msgs/include/realsense2_camera_msgs/realsense2_camera_msgs/msg/rosidl_generator_cpp__visibility_control.hpp\n'}
[1.080837] (realsense2_camera_msgs) StdoutLine: {'line': b'-- Up-to-date: /home/ros2_ws/install/realsense2_camera_msgs/include/realsense2_camera_msgs/realsense2_camera_msgs/msg/extrinsics.hpp\n'}
[1.080960] (realsense2_camera_msgs) StdoutLine: {'line': b'-- Up-to-date: /home/ros2_ws/install/realsense2_camera_msgs/include/realsense2_camera_msgs/realsense2_camera_msgs/msg/detail\n'}
[1.081082] (realsense2_camera_msgs) StdoutLine: {'line': b'-- Up-to-date: /home/ros2_ws/install/realsense2_camera_msgs/include/realsense2_camera_msgs/realsense2_camera_msgs/msg/detail/metadata__struct.hpp\n'}
[1.081201] (realsense2_camera_msgs) StdoutLine: {'line': b'-- Up-to-date: /home/ros2_ws/install/realsense2_camera_msgs/include/realsense2_camera_msgs/realsense2_camera_msgs/msg/detail/metadata__builder.hpp\n'}
[1.081337] (realsense2_camera_msgs) StdoutLine: {'line': b'-- Up-to-date: /home/ros2_ws/install/realsense2_camera_msgs/include/realsense2_camera_msgs/realsense2_camera_msgs/msg/detail/metadata__traits.hpp\n'}
[1.081456] (realsense2_camera_msgs) StdoutLine: {'line': b'-- Up-to-date: /home/ros2_ws/install/realsense2_camera_msgs/include/realsense2_camera_msgs/realsense2_camera_msgs/msg/detail/metadata__type_support.hpp\n'}
[1.081576] (realsense2_camera_msgs) StdoutLine: {'line': b'-- Up-to-date: /home/ros2_ws/install/realsense2_camera_msgs/include/realsense2_camera_msgs/realsense2_camera_msgs/msg/detail/extrinsics__traits.hpp\n'}
[1.081696] (realsense2_camera_msgs) StdoutLine: {'line': b'-- Up-to-date: /home/ros2_ws/install/realsense2_camera_msgs/include/realsense2_camera_msgs/realsense2_camera_msgs/msg/detail/imu_info__struct.hpp\n'}
[1.081816] (realsense2_camera_msgs) StdoutLine: {'line': b'-- Up-to-date: /home/ros2_ws/install/realsense2_camera_msgs/include/realsense2_camera_msgs/realsense2_camera_msgs/msg/detail/imu_info__type_support.hpp\n'}
[1.081971] (realsense2_camera_msgs) StdoutLine: {'line': b'-- Up-to-date: /home/ros2_ws/install/realsense2_camera_msgs/include/realsense2_camera_msgs/realsense2_camera_msgs/msg/detail/extrinsics__struct.hpp\n'}
[1.082099] (realsense2_camera_msgs) StdoutLine: {'line': b'-- Up-to-date: /home/ros2_ws/install/realsense2_camera_msgs/include/realsense2_camera_msgs/realsense2_camera_msgs/msg/detail/imu_info__builder.hpp\n'}
[1.082220] (realsense2_camera_msgs) StdoutLine: {'line': b'-- Up-to-date: /home/ros2_ws/install/realsense2_camera_msgs/include/realsense2_camera_msgs/realsense2_camera_msgs/msg/detail/extrinsics__builder.hpp\n'}
[1.082341] (realsense2_camera_msgs) StdoutLine: {'line': b'-- Up-to-date: /home/ros2_ws/install/realsense2_camera_msgs/include/realsense2_camera_msgs/realsense2_camera_msgs/msg/detail/imu_info__traits.hpp\n'}
[1.082539] (realsense2_camera_msgs) StdoutLine: {'line': b'-- Up-to-date: /home/ros2_ws/install/realsense2_camera_msgs/include/realsense2_camera_msgs/realsense2_camera_msgs/msg/detail/extrinsics__type_support.hpp\n'}
[1.082692] (realsense2_camera_msgs) StdoutLine: {'line': b'-- Up-to-date: /home/ros2_ws/install/realsense2_camera_msgs/include/realsense2_camera_msgs/realsense2_camera_msgs/msg/metadata.hpp\n'}
[1.082828] (realsense2_camera_msgs) StdoutLine: {'line': b'-- Up-to-date: /home/ros2_ws/install/realsense2_camera_msgs/include/realsense2_camera_msgs/realsense2_camera_msgs/msg/imu_info.hpp\n'}
[1.082961] (realsense2_camera_msgs) StdoutLine: {'line': b'-- Up-to-date: /home/ros2_ws/install/realsense2_camera_msgs/include/realsense2_camera_msgs/realsense2_camera_msgs/srv\n'}
[1.083091] (realsense2_camera_msgs) StdoutLine: {'line': b'-- Up-to-date: /home/ros2_ws/install/realsense2_camera_msgs/include/realsense2_camera_msgs/realsense2_camera_msgs/srv/device_info.hpp\n'}
[1.083219] (realsense2_camera_msgs) StdoutLine: {'line': b'-- Up-to-date: /home/ros2_ws/install/realsense2_camera_msgs/include/realsense2_camera_msgs/realsense2_camera_msgs/srv/detail\n'}
[1.083350] (realsense2_camera_msgs) StdoutLine: {'line': b'-- Up-to-date: /home/ros2_ws/install/realsense2_camera_msgs/include/realsense2_camera_msgs/realsense2_camera_msgs/srv/detail/device_info__traits.hpp\n'}
[1.083478] (realsense2_camera_msgs) StdoutLine: {'line': b'-- Up-to-date: /home/ros2_ws/install/realsense2_camera_msgs/include/realsense2_camera_msgs/realsense2_camera_msgs/srv/detail/device_info__builder.hpp\n'}
[1.083603] (realsense2_camera_msgs) StdoutLine: {'line': b'-- Up-to-date: /home/ros2_ws/install/realsense2_camera_msgs/include/realsense2_camera_msgs/realsense2_camera_msgs/srv/detail/device_info__type_support.hpp\n'}
[1.083733] (realsense2_camera_msgs) StdoutLine: {'line': b'-- Up-to-date: /home/ros2_ws/install/realsense2_camera_msgs/include/realsense2_camera_msgs/realsense2_camera_msgs/srv/detail/device_info__struct.hpp\n'}
[1.083861] (realsense2_camera_msgs) StdoutLine: {'line': b'-- Up-to-date: /home/ros2_ws/install/realsense2_camera_msgs/include/realsense2_camera_msgs/realsense2_camera_msgs\n'}
[1.084009] (realsense2_camera_msgs) StdoutLine: {'line': b'-- Up-to-date: /home/ros2_ws/install/realsense2_camera_msgs/include/realsense2_camera_msgs/realsense2_camera_msgs/msg\n'}
[1.084139] (realsense2_camera_msgs) StdoutLine: {'line': b'-- Up-to-date: /home/ros2_ws/install/realsense2_camera_msgs/include/realsense2_camera_msgs/realsense2_camera_msgs/msg/detail\n'}
[1.084283] (realsense2_camera_msgs) StdoutLine: {'line': b'-- Up-to-date: /home/ros2_ws/install/realsense2_camera_msgs/include/realsense2_camera_msgs/realsense2_camera_msgs/msg/detail/extrinsics__rosidl_typesupport_fastrtps_cpp.hpp\n'}
[1.084416] (realsense2_camera_msgs) StdoutLine: {'line': b'-- Up-to-date: /home/ros2_ws/install/realsense2_camera_msgs/include/realsense2_camera_msgs/realsense2_camera_msgs/msg/detail/imu_info__rosidl_typesupport_fastrtps_cpp.hpp\n'}
[1.084545] (realsense2_camera_msgs) StdoutLine: {'line': b'-- Up-to-date: /home/ros2_ws/install/realsense2_camera_msgs/include/realsense2_camera_msgs/realsense2_camera_msgs/msg/detail/dds_fastrtps\n'}
[1.084670] (realsense2_camera_msgs) StdoutLine: {'line': b'-- Up-to-date: /home/ros2_ws/install/realsense2_camera_msgs/include/realsense2_camera_msgs/realsense2_camera_msgs/msg/detail/metadata__rosidl_typesupport_fastrtps_cpp.hpp\n'}
[1.084799] (realsense2_camera_msgs) StdoutLine: {'line': b'-- Up-to-date: /home/ros2_ws/install/realsense2_camera_msgs/include/realsense2_camera_msgs/realsense2_camera_msgs/msg/rosidl_typesupport_fastrtps_cpp__visibility_control.h\n'}
[1.084926] (realsense2_camera_msgs) StdoutLine: {'line': b'-- Up-to-date: /home/ros2_ws/install/realsense2_camera_msgs/include/realsense2_camera_msgs/realsense2_camera_msgs/srv\n'}
[1.085055] (realsense2_camera_msgs) StdoutLine: {'line': b'-- Up-to-date: /home/ros2_ws/install/realsense2_camera_msgs/include/realsense2_camera_msgs/realsense2_camera_msgs/srv/detail\n'}
[1.085181] (realsense2_camera_msgs) StdoutLine: {'line': b'-- Up-to-date: /home/ros2_ws/install/realsense2_camera_msgs/include/realsense2_camera_msgs/realsense2_camera_msgs/srv/detail/device_info__rosidl_typesupport_fastrtps_cpp.hpp\n'}
[1.085309] (realsense2_camera_msgs) StdoutLine: {'line': b'-- Up-to-date: /home/ros2_ws/install/realsense2_camera_msgs/include/realsense2_camera_msgs/realsense2_camera_msgs/srv/detail/dds_fastrtps\n'}
[1.085434] (realsense2_camera_msgs) StdoutLine: {'line': b'-- Up-to-date: /home/ros2_ws/install/realsense2_camera_msgs/lib/librealsense2_camera_msgs__rosidl_typesupport_fastrtps_cpp.so\n'}
[1.085561] (realsense2_camera_msgs) StdoutLine: {'line': b'-- Up-to-date: /home/ros2_ws/install/realsense2_camera_msgs/include/realsense2_camera_msgs/realsense2_camera_msgs\n'}
[1.085687] (realsense2_camera_msgs) StdoutLine: {'line': b'-- Up-to-date: /home/ros2_ws/install/realsense2_camera_msgs/include/realsense2_camera_msgs/realsense2_camera_msgs/msg\n'}
[1.085847] (realsense2_camera_msgs) StdoutLine: {'line': b'-- Up-to-date: /home/ros2_ws/install/realsense2_camera_msgs/include/realsense2_camera_msgs/realsense2_camera_msgs/msg/detail\n'}
[1.085978] (realsense2_camera_msgs) StdoutLine: {'line': b'-- Up-to-date: /home/ros2_ws/install/realsense2_camera_msgs/include/realsense2_camera_msgs/realsense2_camera_msgs/msg/detail/metadata__rosidl_typesupport_introspection_cpp.hpp\n'}
[1.086107] (realsense2_camera_msgs) StdoutLine: {'line': b'-- Up-to-date: /home/ros2_ws/install/realsense2_camera_msgs/include/realsense2_camera_msgs/realsense2_camera_msgs/msg/detail/imu_info__rosidl_typesupport_introspection_cpp.hpp\n'}
[1.086235] (realsense2_camera_msgs) StdoutLine: {'line': b'-- Up-to-date: /home/ros2_ws/install/realsense2_camera_msgs/include/realsense2_camera_msgs/realsense2_camera_msgs/msg/detail/metadata__type_support.cpp\n'}
[1.086364] (realsense2_camera_msgs) StdoutLine: {'line': b'-- Up-to-date: /home/ros2_ws/install/realsense2_camera_msgs/include/realsense2_camera_msgs/realsense2_camera_msgs/msg/detail/extrinsics__rosidl_typesupport_introspection_cpp.hpp\n'}
[1.086539] (realsense2_camera_msgs) StdoutLine: {'line': b'-- Up-to-date: /home/ros2_ws/install/realsense2_camera_msgs/include/realsense2_camera_msgs/realsense2_camera_msgs/msg/detail/extrinsics__type_support.cpp\n'}
[1.086706] (realsense2_camera_msgs) StdoutLine: {'line': b'-- Up-to-date: /home/ros2_ws/install/realsense2_camera_msgs/include/realsense2_camera_msgs/realsense2_camera_msgs/msg/detail/imu_info__type_support.cpp\n'}
[1.086846] (realsense2_camera_msgs) StdoutLine: {'line': b'-- Up-to-date: /home/ros2_ws/install/realsense2_camera_msgs/include/realsense2_camera_msgs/realsense2_camera_msgs/srv\n'}
[1.086980] (realsense2_camera_msgs) StdoutLine: {'line': b'-- Up-to-date: /home/ros2_ws/install/realsense2_camera_msgs/include/realsense2_camera_msgs/realsense2_camera_msgs/srv/detail\n'}
[1.087114] (realsense2_camera_msgs) StdoutLine: {'line': b'-- Up-to-date: /home/ros2_ws/install/realsense2_camera_msgs/include/realsense2_camera_msgs/realsense2_camera_msgs/srv/detail/device_info__rosidl_typesupport_introspection_cpp.hpp\n'}
[1.087250] (realsense2_camera_msgs) StdoutLine: {'line': b'-- Up-to-date: /home/ros2_ws/install/realsense2_camera_msgs/include/realsense2_camera_msgs/realsense2_camera_msgs/srv/detail/device_info__type_support.cpp\n'}
[1.087387] (realsense2_camera_msgs) StdoutLine: {'line': b'-- Up-to-date: /home/ros2_ws/install/realsense2_camera_msgs/lib/librealsense2_camera_msgs__rosidl_typesupport_introspection_cpp.so\n'}
[1.087527] (realsense2_camera_msgs) StdoutLine: {'line': b'-- Up-to-date: /home/ros2_ws/install/realsense2_camera_msgs/lib/librealsense2_camera_msgs__rosidl_typesupport_cpp.so\n'}
[1.087662] (realsense2_camera_msgs) StdoutLine: {'line': b'-- Up-to-date: /home/ros2_ws/install/realsense2_camera_msgs/share/realsense2_camera_msgs/environment/pythonpath.sh\n'}
[1.087798] (realsense2_camera_msgs) StdoutLine: {'line': b'-- Up-to-date: /home/ros2_ws/install/realsense2_camera_msgs/share/realsense2_camera_msgs/environment/pythonpath.dsv\n'}
[1.087953] (realsense2_camera_msgs) StdoutLine: {'line': b'-- Up-to-date: /home/ros2_ws/install/realsense2_camera_msgs/local/lib/python3.10/dist-packages/realsense2_camera_msgs-4.54.1-py3.10.egg-info\n'}
[1.088096] (realsense2_camera_msgs) StdoutLine: {'line': b'-- Installing: /home/ros2_ws/install/realsense2_camera_msgs/local/lib/python3.10/dist-packages/realsense2_camera_msgs-4.54.1-py3.10.egg-info/SOURCES.txt\n'}
[1.088231] (realsense2_camera_msgs) StdoutLine: {'line': b'-- Installing: /home/ros2_ws/install/realsense2_camera_msgs/local/lib/python3.10/dist-packages/realsense2_camera_msgs-4.54.1-py3.10.egg-info/PKG-INFO\n'}
[1.088367] (realsense2_camera_msgs) StdoutLine: {'line': b'-- Installing: /home/ros2_ws/install/realsense2_camera_msgs/local/lib/python3.10/dist-packages/realsense2_camera_msgs-4.54.1-py3.10.egg-info/dependency_links.txt\n'}
[1.088503] (realsense2_camera_msgs) StdoutLine: {'line': b'-- Installing: /home/ros2_ws/install/realsense2_camera_msgs/local/lib/python3.10/dist-packages/realsense2_camera_msgs-4.54.1-py3.10.egg-info/top_level.txt\n'}
[1.088637] (realsense2_camera_msgs) StdoutLine: {'line': b'-- Up-to-date: /home/ros2_ws/install/realsense2_camera_msgs/local/lib/python3.10/dist-packages/realsense2_camera_msgs\n'}
[1.088774] (realsense2_camera_msgs) StdoutLine: {'line': b'-- Up-to-date: /home/ros2_ws/install/realsense2_camera_msgs/local/lib/python3.10/dist-packages/realsense2_camera_msgs/_realsense2_camera_msgs_s.ep.rosidl_typesupport_introspection_c.c\n'}
[1.088911] (realsense2_camera_msgs) StdoutLine: {'line': b'-- Up-to-date: /home/ros2_ws/install/realsense2_camera_msgs/local/lib/python3.10/dist-packages/realsense2_camera_msgs/realsense2_camera_msgs_s__rosidl_typesupport_c.cpython-310-aarch64-linux-gnu.so\n'}
[1.089049] (realsense2_camera_msgs) StdoutLine: {'line': b'-- Up-to-date: /home/ros2_ws/install/realsense2_camera_msgs/local/lib/python3.10/dist-packages/realsense2_camera_msgs/realsense2_camera_msgs_s__rosidl_typesupport_fastrtps_c.cpython-310-aarch64-linux-gnu.so\n'}
[1.089188] (realsense2_camera_msgs) StdoutLine: {'line': b'-- Up-to-date: /home/ros2_ws/install/realsense2_camera_msgs/local/lib/python3.10/dist-packages/realsense2_camera_msgs/_realsense2_camera_msgs_s.ep.rosidl_typesupport_fastrtps_c.c\n'}
[1.089346] (realsense2_camera_msgs) StdoutLine: {'line': b'-- Up-to-date: /home/ros2_ws/install/realsense2_camera_msgs/local/lib/python3.10/dist-packages/realsense2_camera_msgs/msg\n'}
[1.089482] (realsense2_camera_msgs) StdoutLine: {'line': b'-- Up-to-date: /home/ros2_ws/install/realsense2_camera_msgs/local/lib/python3.10/dist-packages/realsense2_camera_msgs/msg/_extrinsics_s.c\n'}
[1.089648] (realsense2_camera_msgs) StdoutLine: {'line': b'-- Up-to-date: /home/ros2_ws/install/realsense2_camera_msgs/local/lib/python3.10/dist-packages/realsense2_camera_msgs/msg/_extrinsics.py\n'}
[1.089783] (realsense2_camera_msgs) StdoutLine: {'line': b'-- Up-to-date: /home/ros2_ws/install/realsense2_camera_msgs/local/lib/python3.10/dist-packages/realsense2_camera_msgs/msg/_metadata.py\n'}
[1.089918] (realsense2_camera_msgs) StdoutLine: {'line': b'-- Up-to-date: /home/ros2_ws/install/realsense2_camera_msgs/local/lib/python3.10/dist-packages/realsense2_camera_msgs/msg/_imu_info.py\n'}
[1.090054] (realsense2_camera_msgs) StdoutLine: {'line': b'-- Up-to-date: /home/ros2_ws/install/realsense2_camera_msgs/local/lib/python3.10/dist-packages/realsense2_camera_msgs/msg/_imu_info_s.c\n'}
[1.090190] (realsense2_camera_msgs) StdoutLine: {'line': b'-- Up-to-date: /home/ros2_ws/install/realsense2_camera_msgs/local/lib/python3.10/dist-packages/realsense2_camera_msgs/msg/_metadata_s.c\n'}
[1.090323] (realsense2_camera_msgs) StdoutLine: {'line': b'-- Up-to-date: /home/ros2_ws/install/realsense2_camera_msgs/local/lib/python3.10/dist-packages/realsense2_camera_msgs/msg/__init__.py\n'}
[1.090496] (realsense2_camera_msgs) StdoutLine: {'line': b'-- Up-to-date: /home/ros2_ws/install/realsense2_camera_msgs/local/lib/python3.10/dist-packages/realsense2_camera_msgs/librealsense2_camera_msgs__rosidl_generator_py.so\n'}
[1.090649] (realsense2_camera_msgs) StdoutLine: {'line': b'-- Up-to-date: /home/ros2_ws/install/realsense2_camera_msgs/local/lib/python3.10/dist-packages/realsense2_camera_msgs/srv\n'}
[1.090792] (realsense2_camera_msgs) StdoutLine: {'line': b'-- Up-to-date: /home/ros2_ws/install/realsense2_camera_msgs/local/lib/python3.10/dist-packages/realsense2_camera_msgs/srv/_device_info.py\n'}
[1.090936] (realsense2_camera_msgs) StdoutLine: {'line': b'-- Up-to-date: /home/ros2_ws/install/realsense2_camera_msgs/local/lib/python3.10/dist-packages/realsense2_camera_msgs/srv/_device_info_s.c\n'}
[1.091080] (realsense2_camera_msgs) StdoutLine: {'line': b'-- Up-to-date: /home/ros2_ws/install/realsense2_camera_msgs/local/lib/python3.10/dist-packages/realsense2_camera_msgs/srv/__init__.py\n'}
[1.091222] (realsense2_camera_msgs) StdoutLine: {'line': b'-- Up-to-date: /home/ros2_ws/install/realsense2_camera_msgs/local/lib/python3.10/dist-packages/realsense2_camera_msgs/realsense2_camera_msgs_s__rosidl_typesupport_introspection_c.cpython-310-aarch64-linux-gnu.so\n'}
[1.091367] (realsense2_camera_msgs) StdoutLine: {'line': b'-- Up-to-date: /home/ros2_ws/install/realsense2_camera_msgs/local/lib/python3.10/dist-packages/realsense2_camera_msgs/_realsense2_camera_msgs_s.ep.rosidl_typesupport_c.c\n'}
[1.091530] (realsense2_camera_msgs) StdoutLine: {'line': b'-- Up-to-date: /home/ros2_ws/install/realsense2_camera_msgs/local/lib/python3.10/dist-packages/realsense2_camera_msgs/__init__.py\n'}
[1.101513] (-) TimerEvent: {}
[1.161045] (realsense2_camera_msgs) StdoutLine: {'line': b"Listing '/home/ros2_ws/install/realsense2_camera_msgs/local/lib/python3.10/dist-packages/realsense2_camera_msgs'...\n"}
[1.161628] (realsense2_camera_msgs) StdoutLine: {'line': b"Listing '/home/ros2_ws/install/realsense2_camera_msgs/local/lib/python3.10/dist-packages/realsense2_camera_msgs/msg'...\n"}
[1.161810] (realsense2_camera_msgs) StdoutLine: {'line': b"Listing '/home/ros2_ws/install/realsense2_camera_msgs/local/lib/python3.10/dist-packages/realsense2_camera_msgs/srv'...\n"}
[1.175638] (realsense2_camera_msgs) StdoutLine: {'line': b'-- Up-to-date: /home/ros2_ws/install/realsense2_camera_msgs/local/lib/python3.10/dist-packages/realsense2_camera_msgs/realsense2_camera_msgs_s__rosidl_typesupport_fastrtps_c.cpython-310-aarch64-linux-gnu.so\n'}
[1.176284] (realsense2_camera_msgs) StdoutLine: {'line': b'-- Up-to-date: /home/ros2_ws/install/realsense2_camera_msgs/local/lib/python3.10/dist-packages/realsense2_camera_msgs/realsense2_camera_msgs_s__rosidl_typesupport_introspection_c.cpython-310-aarch64-linux-gnu.so\n'}
[1.176594] (realsense2_camera_msgs) StdoutLine: {'line': b'-- Up-to-date: /home/ros2_ws/install/realsense2_camera_msgs/local/lib/python3.10/dist-packages/realsense2_camera_msgs/realsense2_camera_msgs_s__rosidl_typesupport_c.cpython-310-aarch64-linux-gnu.so\n'}
[1.177172] (realsense2_camera_msgs) StdoutLine: {'line': b'-- Up-to-date: /home/ros2_ws/install/realsense2_camera_msgs/lib/librealsense2_camera_msgs__rosidl_generator_py.so\n'}
[1.177555] (realsense2_camera_msgs) StdoutLine: {'line': b'-- Up-to-date: /home/ros2_ws/install/realsense2_camera_msgs/share/ament_index/resource_index/rust_packages/realsense2_camera_msgs\n'}
[1.178095] (realsense2_camera_msgs) StdoutLine: {'line': b'-- Up-to-date: /home/ros2_ws/install/realsense2_camera_msgs/share/realsense2_camera_msgs/rust\n'}
[1.178984] (realsense2_camera_msgs) StdoutLine: {'line': b'-- Up-to-date: /home/ros2_ws/install/realsense2_camera_msgs/share/realsense2_camera_msgs/rust/Cargo.toml\n'}
[1.179631] (realsense2_camera_msgs) StdoutLine: {'line': b'-- Up-to-date: /home/ros2_ws/install/realsense2_camera_msgs/share/realsense2_camera_msgs/rust/build.rs\n'}
[1.180070] (realsense2_camera_msgs) StdoutLine: {'line': b'-- Up-to-date: /home/ros2_ws/install/realsense2_camera_msgs/share/realsense2_camera_msgs/rust/src\n'}
[1.180416] (realsense2_camera_msgs) StdoutLine: {'line': b'-- Up-to-date: /home/ros2_ws/install/realsense2_camera_msgs/share/realsense2_camera_msgs/rust/src/msg\n'}
[1.181148] (realsense2_camera_msgs) StdoutLine: {'line': b'-- Up-to-date: /home/ros2_ws/install/realsense2_camera_msgs/share/realsense2_camera_msgs/rust/src/msg/rmw.rs\n'}
[1.181299] (realsense2_camera_msgs) StdoutLine: {'line': b'-- Up-to-date: /home/ros2_ws/install/realsense2_camera_msgs/share/realsense2_camera_msgs/rust/src/srv\n'}
[1.181440] (realsense2_camera_msgs) StdoutLine: {'line': b'-- Up-to-date: /home/ros2_ws/install/realsense2_camera_msgs/share/realsense2_camera_msgs/rust/src/srv/rmw.rs\n'}
[1.181621] (realsense2_camera_msgs) StdoutLine: {'line': b'-- Up-to-date: /home/ros2_ws/install/realsense2_camera_msgs/share/realsense2_camera_msgs/rust/src/srv.rs\n'}
[1.181856] (realsense2_camera_msgs) StdoutLine: {'line': b'-- Up-to-date: /home/ros2_ws/install/realsense2_camera_msgs/share/realsense2_camera_msgs/rust/src/lib.rs\n'}
[1.182003] (realsense2_camera_msgs) StdoutLine: {'line': b'-- Up-to-date: /home/ros2_ws/install/realsense2_camera_msgs/share/realsense2_camera_msgs/rust/src/msg.rs\n'}
[1.182236] (realsense2_camera_msgs) StdoutLine: {'line': b'-- Up-to-date: /home/ros2_ws/install/realsense2_camera_msgs/share/realsense2_camera_msgs/msg/IMUInfo.idl\n'}
[1.182506] (realsense2_camera_msgs) StdoutLine: {'line': b'-- Up-to-date: /home/ros2_ws/install/realsense2_camera_msgs/share/realsense2_camera_msgs/msg/Extrinsics.idl\n'}
[1.182852] (realsense2_camera_msgs) StdoutLine: {'line': b'-- Up-to-date: /home/ros2_ws/install/realsense2_camera_msgs/share/realsense2_camera_msgs/msg/Metadata.idl\n'}
[1.183092] (realsense2_camera_msgs) StdoutLine: {'line': b'-- Up-to-date: /home/ros2_ws/install/realsense2_camera_msgs/share/realsense2_camera_msgs/srv/DeviceInfo.idl\n'}
[1.183330] (realsense2_camera_msgs) StdoutLine: {'line': b'-- Up-to-date: /home/ros2_ws/install/realsense2_camera_msgs/share/realsense2_camera_msgs/msg/IMUInfo.msg\n'}
[1.183643] (realsense2_camera_msgs) StdoutLine: {'line': b'-- Up-to-date: /home/ros2_ws/install/realsense2_camera_msgs/share/realsense2_camera_msgs/msg/Extrinsics.msg\n'}
[1.183885] (realsense2_camera_msgs) StdoutLine: {'line': b'-- Up-to-date: /home/ros2_ws/install/realsense2_camera_msgs/share/realsense2_camera_msgs/msg/Metadata.msg\n'}
[1.184023] (realsense2_camera_msgs) StdoutLine: {'line': b'-- Up-to-date: /home/ros2_ws/install/realsense2_camera_msgs/share/realsense2_camera_msgs/srv/DeviceInfo.srv\n'}
[1.184354] (realsense2_camera_msgs) StdoutLine: {'line': b'-- Up-to-date: /home/ros2_ws/install/realsense2_camera_msgs/share/realsense2_camera_msgs/srv/DeviceInfo_Request.msg\n'}
[1.184589] (realsense2_camera_msgs) StdoutLine: {'line': b'-- Up-to-date: /home/ros2_ws/install/realsense2_camera_msgs/share/realsense2_camera_msgs/srv/DeviceInfo_Response.msg\n'}
[1.184831] (realsense2_camera_msgs) StdoutLine: {'line': b'-- Up-to-date: /home/ros2_ws/install/realsense2_camera_msgs/share/ament_index/resource_index/package_run_dependencies/realsense2_camera_msgs\n'}
[1.185158] (realsense2_camera_msgs) StdoutLine: {'line': b'-- Up-to-date: /home/ros2_ws/install/realsense2_camera_msgs/share/ament_index/resource_index/parent_prefix_path/realsense2_camera_msgs\n'}
[1.185645] (realsense2_camera_msgs) StdoutLine: {'line': b'-- Up-to-date: /home/ros2_ws/install/realsense2_camera_msgs/share/realsense2_camera_msgs/environment/ament_prefix_path.sh\n'}
[1.186057] (realsense2_camera_msgs) StdoutLine: {'line': b'-- Up-to-date: /home/ros2_ws/install/realsense2_camera_msgs/share/realsense2_camera_msgs/environment/ament_prefix_path.dsv\n'}
[1.186562] (realsense2_camera_msgs) StdoutLine: {'line': b'-- Up-to-date: /home/ros2_ws/install/realsense2_camera_msgs/share/realsense2_camera_msgs/environment/path.sh\n'}
[1.186791] (realsense2_camera_msgs) StdoutLine: {'line': b'-- Up-to-date: /home/ros2_ws/install/realsense2_camera_msgs/share/realsense2_camera_msgs/environment/path.dsv\n'}
[1.186925] (realsense2_camera_msgs) StdoutLine: {'line': b'-- Up-to-date: /home/ros2_ws/install/realsense2_camera_msgs/share/realsense2_camera_msgs/local_setup.bash\n'}
[1.187055] (realsense2_camera_msgs) StdoutLine: {'line': b'-- Up-to-date: /home/ros2_ws/install/realsense2_camera_msgs/share/realsense2_camera_msgs/local_setup.sh\n'}
[1.187183] (realsense2_camera_msgs) StdoutLine: {'line': b'-- Up-to-date: /home/ros2_ws/install/realsense2_camera_msgs/share/realsense2_camera_msgs/local_setup.zsh\n'}
[1.187311] (realsense2_camera_msgs) StdoutLine: {'line': b'-- Up-to-date: /home/ros2_ws/install/realsense2_camera_msgs/share/realsense2_camera_msgs/local_setup.dsv\n'}
[1.187437] (realsense2_camera_msgs) StdoutLine: {'line': b'-- Installing: /home/ros2_ws/install/realsense2_camera_msgs/share/realsense2_camera_msgs/package.dsv\n'}
[1.187564] (realsense2_camera_msgs) StdoutLine: {'line': b'-- Up-to-date: /home/ros2_ws/install/realsense2_camera_msgs/share/ament_index/resource_index/packages/realsense2_camera_msgs\n'}
[1.187690] (realsense2_camera_msgs) StdoutLine: {'line': b'-- Up-to-date: /home/ros2_ws/install/realsense2_camera_msgs/share/realsense2_camera_msgs/cmake/export_realsense2_camera_msgs__rosidl_generator_cExport.cmake\n'}
[1.187817] (realsense2_camera_msgs) StdoutLine: {'line': b'-- Up-to-date: /home/ros2_ws/install/realsense2_camera_msgs/share/realsense2_camera_msgs/cmake/export_realsense2_camera_msgs__rosidl_generator_cExport-release.cmake\n'}
[1.187944] (realsense2_camera_msgs) StdoutLine: {'line': b'-- Up-to-date: /home/ros2_ws/install/realsense2_camera_msgs/share/realsense2_camera_msgs/cmake/export_realsense2_camera_msgs__rosidl_typesupport_fastrtps_cExport.cmake\n'}
[1.188069] (realsense2_camera_msgs) StdoutLine: {'line': b'-- Up-to-date: /home/ros2_ws/install/realsense2_camera_msgs/share/realsense2_camera_msgs/cmake/export_realsense2_camera_msgs__rosidl_typesupport_fastrtps_cExport-release.cmake\n'}
[1.188198] (realsense2_camera_msgs) StdoutLine: {'line': b'-- Up-to-date: /home/ros2_ws/install/realsense2_camera_msgs/share/realsense2_camera_msgs/cmake/realsense2_camera_msgs__rosidl_typesupport_introspection_cExport.cmake\n'}
[1.188323] (realsense2_camera_msgs) StdoutLine: {'line': b'-- Up-to-date: /home/ros2_ws/install/realsense2_camera_msgs/share/realsense2_camera_msgs/cmake/realsense2_camera_msgs__rosidl_typesupport_introspection_cExport-release.cmake\n'}
[1.188449] (realsense2_camera_msgs) StdoutLine: {'line': b'-- Up-to-date: /home/ros2_ws/install/realsense2_camera_msgs/share/realsense2_camera_msgs/cmake/realsense2_camera_msgs__rosidl_typesupport_cExport.cmake\n'}
[1.188598] (realsense2_camera_msgs) StdoutLine: {'line': b'-- Up-to-date: /home/ros2_ws/install/realsense2_camera_msgs/share/realsense2_camera_msgs/cmake/realsense2_camera_msgs__rosidl_typesupport_cExport-release.cmake\n'}
[1.188757] (realsense2_camera_msgs) StdoutLine: {'line': b'-- Up-to-date: /home/ros2_ws/install/realsense2_camera_msgs/share/realsense2_camera_msgs/cmake/export_realsense2_camera_msgs__rosidl_generator_cppExport.cmake\n'}
[1.188887] (realsense2_camera_msgs) StdoutLine: {'line': b'-- Up-to-date: /home/ros2_ws/install/realsense2_camera_msgs/share/realsense2_camera_msgs/cmake/export_realsense2_camera_msgs__rosidl_typesupport_fastrtps_cppExport.cmake\n'}
[1.189015] (realsense2_camera_msgs) StdoutLine: {'line': b'-- Up-to-date: /home/ros2_ws/install/realsense2_camera_msgs/share/realsense2_camera_msgs/cmake/export_realsense2_camera_msgs__rosidl_typesupport_fastrtps_cppExport-release.cmake\n'}
[1.189142] (realsense2_camera_msgs) StdoutLine: {'line': b'-- Up-to-date: /home/ros2_ws/install/realsense2_camera_msgs/share/realsense2_camera_msgs/cmake/realsense2_camera_msgs__rosidl_typesupport_introspection_cppExport.cmake\n'}
[1.189268] (realsense2_camera_msgs) StdoutLine: {'line': b'-- Up-to-date: /home/ros2_ws/install/realsense2_camera_msgs/share/realsense2_camera_msgs/cmake/realsense2_camera_msgs__rosidl_typesupport_introspection_cppExport-release.cmake\n'}
[1.189393] (realsense2_camera_msgs) StdoutLine: {'line': b'-- Up-to-date: /home/ros2_ws/install/realsense2_camera_msgs/share/realsense2_camera_msgs/cmake/realsense2_camera_msgs__rosidl_typesupport_cppExport.cmake\n'}
[1.189518] (realsense2_camera_msgs) StdoutLine: {'line': b'-- Up-to-date: /home/ros2_ws/install/realsense2_camera_msgs/share/realsense2_camera_msgs/cmake/realsense2_camera_msgs__rosidl_typesupport_cppExport-release.cmake\n'}
[1.189642] (realsense2_camera_msgs) StdoutLine: {'line': b'-- Up-to-date: /home/ros2_ws/install/realsense2_camera_msgs/share/realsense2_camera_msgs/cmake/export_realsense2_camera_msgs__rosidl_generator_pyExport.cmake\n'}
[1.189767] (realsense2_camera_msgs) StdoutLine: {'line': b'-- Up-to-date: /home/ros2_ws/install/realsense2_camera_msgs/share/realsense2_camera_msgs/cmake/export_realsense2_camera_msgs__rosidl_generator_pyExport-release.cmake\n'}
[1.189906] (realsense2_camera_msgs) StdoutLine: {'line': b'-- Up-to-date: /home/ros2_ws/install/realsense2_camera_msgs/share/realsense2_camera_msgs/cmake/rosidl_cmake-extras.cmake\n'}
[1.190035] (realsense2_camera_msgs) StdoutLine: {'line': b'-- Up-to-date: /home/ros2_ws/install/realsense2_camera_msgs/share/realsense2_camera_msgs/cmake/ament_cmake_export_dependencies-extras.cmake\n'}
[1.190162] (realsense2_camera_msgs) StdoutLine: {'line': b'-- Up-to-date: /home/ros2_ws/install/realsense2_camera_msgs/share/realsense2_camera_msgs/cmake/ament_cmake_export_include_directories-extras.cmake\n'}
[1.190286] (realsense2_camera_msgs) StdoutLine: {'line': b'-- Up-to-date: /home/ros2_ws/install/realsense2_camera_msgs/share/realsense2_camera_msgs/cmake/ament_cmake_export_libraries-extras.cmake\n'}
[1.190410] (realsense2_camera_msgs) StdoutLine: {'line': b'-- Up-to-date: /home/ros2_ws/install/realsense2_camera_msgs/share/realsense2_camera_msgs/cmake/ament_cmake_export_targets-extras.cmake\n'}
[1.190572] (realsense2_camera_msgs) StdoutLine: {'line': b'-- Up-to-date: /home/ros2_ws/install/realsense2_camera_msgs/share/realsense2_camera_msgs/cmake/rosidl_cmake_export_typesupport_targets-extras.cmake\n'}
[1.190703] (realsense2_camera_msgs) StdoutLine: {'line': b'-- Up-to-date: /home/ros2_ws/install/realsense2_camera_msgs/share/realsense2_camera_msgs/cmake/rosidl_cmake_export_typesupport_libraries-extras.cmake\n'}
[1.190829] (realsense2_camera_msgs) StdoutLine: {'line': b'-- Up-to-date: /home/ros2_ws/install/realsense2_camera_msgs/share/realsense2_camera_msgs/cmake/realsense2_camera_msgsConfig.cmake\n'}
[1.190956] (realsense2_camera_msgs) StdoutLine: {'line': b'-- Up-to-date: /home/ros2_ws/install/realsense2_camera_msgs/share/realsense2_camera_msgs/cmake/realsense2_camera_msgsConfig-version.cmake\n'}
[1.191107] (realsense2_camera_msgs) StdoutLine: {'line': b'-- Up-to-date: /home/ros2_ws/install/realsense2_camera_msgs/share/realsense2_camera_msgs/package.xml\n'}
[1.193822] (realsense2_camera_msgs) CommandEnded: {'returncode': 0}
[1.201698] (-) TimerEvent: {}
[1.286128] (realsense2_camera_msgs) JobEnded: {'identifier': 'realsense2_camera_msgs', 'rc': 0}
[1.289954] (realsense2_camera) JobStarted: {'identifier': 'realsense2_camera'}
[1.302457] (-) TimerEvent: {}
[1.383158] (realsense2_camera) JobProgress: {'identifier': 'realsense2_camera', 'progress': 'cmake'}
[1.385466] (realsense2_camera) JobProgress: {'identifier': 'realsense2_camera', 'progress': 'build'}
[1.386276] (realsense2_camera) Command: {'cmd': ['/usr/bin/cmake', '--build', '/home/ros2_ws/build/realsense2_camera'], 'cwd': '/home/ros2_ws/build/realsense2_camera', 'env': OrderedDict([('CMAKE_BUILD_PARALLEL_LEVEL', '3'), ('HOSTNAME', 'xterra-orin'), ('SHLVL', '1'), ('LD_LIBRARY_PATH', '/home/ros2_ws/install/realsense2_camera_msgs/lib:/home/ros2_ws/install/xterra_perception_api/lib:/home/ros2_ws/install/xterra/lib:/home/ros2_ws/install/realsense2_camera/lib:/home/ros2_ws/install/livox_ros_driver2/lib:/opt/ros/humble/opt/rviz_ogre_vendor/lib:/opt/ros/humble/lib/aarch64-linux-gnu:/opt/ros/humble/lib:/usr/local/lib:/home/ros/install/lib'), ('HOME', '/root'), ('OLDPWD', '/home/ros2_ws'), ('ROS_PYTHON_VERSION', '3'), ('MAKEFLAGS', '-j3'), ('COLCON_PREFIX_PATH', '/home/ros2_ws/install'), ('ROS_DISTRO', 'humble'), ('_', '/usr/bin/colcon'), ('ROS_VERSION', '2'), ('NVIDIA_DRIVER_CAPABILITIES', 'all'), ('OrbbecSDK_DIR', '/usr/local/lib/cmake/OrbbecSDK'), ('ROS_LOCALHOST_ONLY', '0'), ('QT_X11_NO_MITSHM', '1'), ('PATH', '/opt/ros/humble/bin:/home/ros/install/bin:/usr/local/sbin:/usr/local/bin:/usr/sbin:/usr/bin:/sbin:/bin'), ('DISPLAY', ''), ('LANG', 'C.UTF-8'), ('RMW_IMPLEMENTATION', 'rmw_cyclonedds_cpp'), ('CYCLONEDDS_HOME', '/home/ros/install'), ('ROS_DOMAIN_ID', '0'), ('AMENT_PREFIX_PATH', '/home/ros2_ws/install/xterra_perception_api:/home/ros2_ws/install/xterra:/home/ros2_ws/install/m2_metal_description:/home/ros2_ws/install/sensor_description:/home/ros2_ws/install/realsense2_camera:/home/ros2_ws/install/realsense2_camera_msgs:/home/ros2_ws/install/livox_ros_driver2:/opt/ros/humble'), ('DEBIAN_FRONTEND', 'noninteractive'), ('PWD', '/home/ros2_ws/build/realsense2_camera'), ('LC_ALL', 'C.UTF-8'), ('PYTHONPATH', '/home/ros2_ws/install/xterra/local/lib/python3.10/dist-packages:/home/ros2_ws/install/realsense2_camera_msgs/local/lib/python3.10/dist-packages:/home/ros2_ws/install/livox_ros_driver2/local/lib/python3.10/dist-packages:/opt/ros/humble/lib/python3.10/site-packages:/opt/ros/humble/local/lib/python3.10/dist-packages'), ('NVIDIA_VISIBLE_DEVICES', 'all'), ('COLCON', '1'), ('CMAKE_PREFIX_PATH', '/home/ros2_ws/install/realsense2_camera_msgs:/home/ros2_ws/install/xterra_perception_api:/home/ros2_ws/install/xterra:/home/ros2_ws/install/m2_metal_description:/home/ros2_ws/install/sensor_description:/home/ros2_ws/install/realsense2_camera:/home/ros2_ws/install/livox_ros_driver2:/opt/OrbbecSDK_v2.4.11/lib:/opt/ros/humble')]), 'shell': False}
[1.402514] (-) TimerEvent: {}
[1.502925] (-) TimerEvent: {}
[1.521653] (realsense2_camera) StdoutLine: {'line': b'Consolidate compiler generated dependencies of target realsense2_camera_node\n'}
[1.568320] (realsense2_camera) StdoutLine: {'line': b'[ 12%] Built target realsense2_camera_node\n'}
[1.587996] (realsense2_camera) StdoutLine: {'line': b'Consolidate compiler generated dependencies of target realsense2_camera\n'}
[1.603034] (-) TimerEvent: {}
[1.658316] (realsense2_camera) StdoutLine: {'line': b'[100%] Built target realsense2_camera\n'}
[1.693116] (realsense2_camera) CommandEnded: {'returncode': 0}
[1.695882] (realsense2_camera) JobProgress: {'identifier': 'realsense2_camera', 'progress': 'install'}
[1.696763] (realsense2_camera) Command: {'cmd': ['/usr/bin/cmake', '--install', '/home/ros2_ws/build/realsense2_camera'], 'cwd': '/home/ros2_ws/build/realsense2_camera', 'env': OrderedDict([('CMAKE_BUILD_PARALLEL_LEVEL', '3'), ('HOSTNAME', 'xterra-orin'), ('SHLVL', '1'), ('LD_LIBRARY_PATH', '/home/ros2_ws/install/realsense2_camera_msgs/lib:/home/ros2_ws/install/xterra_perception_api/lib:/home/ros2_ws/install/xterra/lib:/home/ros2_ws/install/realsense2_camera/lib:/home/ros2_ws/install/livox_ros_driver2/lib:/opt/ros/humble/opt/rviz_ogre_vendor/lib:/opt/ros/humble/lib/aarch64-linux-gnu:/opt/ros/humble/lib:/usr/local/lib:/home/ros/install/lib'), ('HOME', '/root'), ('OLDPWD', '/home/ros2_ws'), ('ROS_PYTHON_VERSION', '3'), ('MAKEFLAGS', '-j3'), ('COLCON_PREFIX_PATH', '/home/ros2_ws/install'), ('ROS_DISTRO', 'humble'), ('_', '/usr/bin/colcon'), ('ROS_VERSION', '2'), ('NVIDIA_DRIVER_CAPABILITIES', 'all'), ('OrbbecSDK_DIR', '/usr/local/lib/cmake/OrbbecSDK'), ('ROS_LOCALHOST_ONLY', '0'), ('QT_X11_NO_MITSHM', '1'), ('PATH', '/opt/ros/humble/bin:/home/ros/install/bin:/usr/local/sbin:/usr/local/bin:/usr/sbin:/usr/bin:/sbin:/bin'), ('DISPLAY', ''), ('LANG', 'C.UTF-8'), ('RMW_IMPLEMENTATION', 'rmw_cyclonedds_cpp'), ('CYCLONEDDS_HOME', '/home/ros/install'), ('ROS_DOMAIN_ID', '0'), ('AMENT_PREFIX_PATH', '/home/ros2_ws/install/xterra_perception_api:/home/ros2_ws/install/xterra:/home/ros2_ws/install/m2_metal_description:/home/ros2_ws/install/sensor_description:/home/ros2_ws/install/realsense2_camera:/home/ros2_ws/install/realsense2_camera_msgs:/home/ros2_ws/install/livox_ros_driver2:/opt/ros/humble'), ('DEBIAN_FRONTEND', 'noninteractive'), ('PWD', '/home/ros2_ws/build/realsense2_camera'), ('LC_ALL', 'C.UTF-8'), ('PYTHONPATH', '/home/ros2_ws/install/xterra/local/lib/python3.10/dist-packages:/home/ros2_ws/install/realsense2_camera_msgs/local/lib/python3.10/dist-packages:/home/ros2_ws/install/livox_ros_driver2/local/lib/python3.10/dist-packages:/opt/ros/humble/lib/python3.10/site-packages:/opt/ros/humble/local/lib/python3.10/dist-packages'), ('NVIDIA_VISIBLE_DEVICES', 'all'), ('COLCON', '1'), ('CMAKE_PREFIX_PATH', '/home/ros2_ws/install/realsense2_camera_msgs:/home/ros2_ws/install/xterra_perception_api:/home/ros2_ws/install/xterra:/home/ros2_ws/install/m2_metal_description:/home/ros2_ws/install/sensor_description:/home/ros2_ws/install/realsense2_camera:/home/ros2_ws/install/livox_ros_driver2:/opt/OrbbecSDK_v2.4.11/lib:/opt/ros/humble')]), 'shell': False}
[1.703149] (-) TimerEvent: {}
[1.725263] (realsense2_camera) StdoutLine: {'line': b'-- Install configuration: "Release"\n'}
[1.725940] (realsense2_camera) StdoutLine: {'line': b'-- Up-to-date: /home/ros2_ws/install/realsense2_camera/lib/realsense2_camera/realsense2_camera_node\n'}
[1.726253] (realsense2_camera) StdoutLine: {'line': b'-- Up-to-date: /home/ros2_ws/install/realsense2_camera/lib/librealsense2_camera.so\n'}
[1.726870] (realsense2_camera) StdoutLine: {'line': b'-- Up-to-date: /home/ros2_ws/install/realsense2_camera/include\n'}
[1.727669] (realsense2_camera) StdoutLine: {'line': b'-- Up-to-date: /home/ros2_ws/install/realsense2_camera/include/ros_utils.h\n'}
[1.728090] (realsense2_camera) StdoutLine: {'line': b'-- Up-to-date: /home/ros2_ws/install/realsense2_camera/include/ros_param_backend.h\n'}
[1.728770] (realsense2_camera) StdoutLine: {'line': b'-- Up-to-date: /home/ros2_ws/install/realsense2_camera/include/realsense_node_factory.h\n'}
[1.729061] (realsense2_camera) StdoutLine: {'line': b'-- Up-to-date: /home/ros2_ws/install/realsense2_camera/include/dynamic_params.h\n'}
[1.729204] (realsense2_camera) StdoutLine: {'line': b'-- Up-to-date: /home/ros2_ws/install/realsense2_camera/include/sensor_params.h\n'}
[1.729339] (realsense2_camera) StdoutLine: {'line': b'-- Up-to-date: /home/ros2_ws/install/realsense2_camera/include/named_filter.h\n'}
[1.729470] (realsense2_camera) StdoutLine: {'line': b'-- Up-to-date: /home/ros2_ws/install/realsense2_camera/include/image_publisher.h\n'}
[1.730009] (realsense2_camera) StdoutLine: {'line': b'-- Up-to-date: /home/ros2_ws/install/realsense2_camera/include/base_realsense_node.h\n'}
[1.730335] (realsense2_camera) StdoutLine: {'line': b'-- Up-to-date: /home/ros2_ws/install/realsense2_camera/include/ros_sensor.h\n'}
[1.730549] (realsense2_camera) StdoutLine: {'line': b'-- Up-to-date: /home/ros2_ws/install/realsense2_camera/include/constants.h\n'}
[1.730686] (realsense2_camera) StdoutLine: {'line': b'-- Up-to-date: /home/ros2_ws/install/realsense2_camera/include/profile_manager.h\n'}
[1.730835] (realsense2_camera) StdoutLine: {'line': b'-- Up-to-date: /home/ros2_ws/install/realsense2_camera/share/realsense2_camera/launch\n'}
[1.730970] (realsense2_camera) StdoutLine: {'line': b'-- Up-to-date: /home/ros2_ws/install/realsense2_camera/share/realsense2_camera/launch/default.rviz\n'}
[1.731100] (realsense2_camera) StdoutLine: {'line': b'-- Up-to-date: /home/ros2_ws/install/realsense2_camera/share/realsense2_camera/launch/rs_launch.py\n'}
[1.731227] (realsense2_camera) StdoutLine: {'line': b'-- Up-to-date: /home/ros2_ws/install/realsense2_camera/share/realsense2_camera/launch/rs_intra_process_demo_launch.py\n'}
[1.731354] (realsense2_camera) StdoutLine: {'line': b'-- Up-to-date: /home/ros2_ws/install/realsense2_camera/share/realsense2_camera/launch/rs_multi_camera_launch.py\n'}
[1.731478] (realsense2_camera) StdoutLine: {'line': b'-- Up-to-date: /home/ros2_ws/install/realsense2_camera/share/realsense2_camera/environment/library_path.sh\n'}
[1.731602] (realsense2_camera) StdoutLine: {'line': b'-- Up-to-date: /home/ros2_ws/install/realsense2_camera/share/realsense2_camera/environment/library_path.dsv\n'}
[1.731723] (realsense2_camera) StdoutLine: {'line': b'-- Up-to-date: /home/ros2_ws/install/realsense2_camera/share/ament_index/resource_index/package_run_dependencies/realsense2_camera\n'}
[1.731846] (realsense2_camera) StdoutLine: {'line': b'-- Up-to-date: /home/ros2_ws/install/realsense2_camera/share/ament_index/resource_index/parent_prefix_path/realsense2_camera\n'}
[1.731967] (realsense2_camera) StdoutLine: {'line': b'-- Up-to-date: /home/ros2_ws/install/realsense2_camera/share/realsense2_camera/environment/ament_prefix_path.sh\n'}
[1.732088] (realsense2_camera) StdoutLine: {'line': b'-- Up-to-date: /home/ros2_ws/install/realsense2_camera/share/realsense2_camera/environment/ament_prefix_path.dsv\n'}
[1.732209] (realsense2_camera) StdoutLine: {'line': b'-- Up-to-date: /home/ros2_ws/install/realsense2_camera/share/realsense2_camera/environment/path.sh\n'}
[1.732331] (realsense2_camera) StdoutLine: {'line': b'-- Up-to-date: /home/ros2_ws/install/realsense2_camera/share/realsense2_camera/environment/path.dsv\n'}
[1.732451] (realsense2_camera) StdoutLine: {'line': b'-- Up-to-date: /home/ros2_ws/install/realsense2_camera/share/realsense2_camera/local_setup.bash\n'}
[1.732574] (realsense2_camera) StdoutLine: {'line': b'-- Up-to-date: /home/ros2_ws/install/realsense2_camera/share/realsense2_camera/local_setup.sh\n'}
[1.732696] (realsense2_camera) StdoutLine: {'line': b'-- Up-to-date: /home/ros2_ws/install/realsense2_camera/share/realsense2_camera/local_setup.zsh\n'}
[1.732819] (realsense2_camera) StdoutLine: {'line': b'-- Up-to-date: /home/ros2_ws/install/realsense2_camera/share/realsense2_camera/local_setup.dsv\n'}
[1.732939] (realsense2_camera) StdoutLine: {'line': b'-- Installing: /home/ros2_ws/install/realsense2_camera/share/realsense2_camera/package.dsv\n'}
[1.733061] (realsense2_camera) StdoutLine: {'line': b'-- Up-to-date: /home/ros2_ws/install/realsense2_camera/share/ament_index/resource_index/packages/realsense2_camera\n'}
[1.733182] (realsense2_camera) StdoutLine: {'line': b'-- Up-to-date: /home/ros2_ws/install/realsense2_camera/share/ament_index/resource_index/rclcpp_components/realsense2_camera\n'}
[1.733306] (realsense2_camera) StdoutLine: {'line': b'-- Up-to-date: /home/ros2_ws/install/realsense2_camera/share/realsense2_camera/cmake/ament_cmake_export_include_directories-extras.cmake\n'}
[1.733431] (realsense2_camera) StdoutLine: {'line': b'-- Up-to-date: /home/ros2_ws/install/realsense2_camera/share/realsense2_camera/cmake/ament_cmake_export_libraries-extras.cmake\n'}
[1.733553] (realsense2_camera) StdoutLine: {'line': b'-- Up-to-date: /home/ros2_ws/install/realsense2_camera/share/realsense2_camera/cmake/ament_cmake_export_dependencies-extras.cmake\n'}
[1.734333] (realsense2_camera) StdoutLine: {'line': b'-- Up-to-date: /home/ros2_ws/install/realsense2_camera/share/realsense2_camera/cmake/realsense2_cameraConfig.cmake\n'}
[1.736451] (realsense2_camera) StdoutLine: {'line': b'-- Up-to-date: /home/ros2_ws/install/realsense2_camera/share/realsense2_camera/cmake/realsense2_cameraConfig-version.cmake\n'}
[1.737480] (realsense2_camera) StdoutLine: {'line': b'-- Up-to-date: /home/ros2_ws/install/realsense2_camera/share/realsense2_camera/package.xml\n'}
[1.738003] (realsense2_camera) CommandEnded: {'returncode': 0}
[1.849928] (-) TimerEvent: {}
[1.853065] (realsense2_camera) JobEnded: {'identifier': 'realsense2_camera', 'rc': 0}
[1.855550] (-) EventReactorShutdown: {}
