-- Install configuration: ""
-- Up-to-date: /home/ros2_ws/install/m2_metal_description/share/m2_metal_description//launch
-- Up-to-date: /home/ros2_ws/install/m2_metal_description/share/m2_metal_description//launch/m2_autonomy.launch.py
-- Up-to-date: /home/ros2_ws/install/m2_metal_description/share/m2_metal_description//meshes
-- Up-to-date: /home/ros2_ws/install/m2_metal_description/share/m2_metal_description//meshes/torso.STL
-- Up-to-date: /home/ros2_ws/install/m2_metal_description/share/m2_metal_description//meshes/FL_foot.STL
-- Up-to-date: /home/ros2_ws/install/m2_metal_description/share/m2_metal_description//meshes/RL_thigh.STL
-- Up-to-date: /home/ros2_ws/install/m2_metal_description/share/m2_metal_description//meshes/FL_hip.STL
-- Up-to-date: /home/ros2_ws/install/m2_metal_description/share/m2_metal_description//meshes/lydar_mount_with_head.STL
-- Up-to-date: /home/ros2_ws/install/m2_metal_description/share/m2_metal_description//meshes/RR_hip.STL
-- Up-to-date: /home/ros2_ws/install/m2_metal_description/share/m2_metal_description//meshes/FL_shank.STL
-- Up-to-date: /home/ros2_ws/install/m2_metal_description/share/m2_metal_description//meshes/FL_thigh.STL
-- Up-to-date: /home/ros2_ws/install/m2_metal_description/share/m2_metal_description//meshes/FR_hip.STL
-- Up-to-date: /home/ros2_ws/install/m2_metal_description/share/m2_metal_description//meshes/RL_hip.STL
-- Up-to-date: /home/ros2_ws/install/m2_metal_description/share/m2_metal_description//meshes/FR_foot.STL
-- Up-to-date: /home/ros2_ws/install/m2_metal_description/share/m2_metal_description//meshes/RR_calf.STL
-- Up-to-date: /home/ros2_ws/install/m2_metal_description/share/m2_metal_description//meshes/camera_mount_15deg..STL
-- Up-to-date: /home/ros2_ws/install/m2_metal_description/share/m2_metal_description//meshes/FR_shank.STL
-- Up-to-date: /home/ros2_ws/install/m2_metal_description/share/m2_metal_description//meshes/FR_thigh.STL
-- Up-to-date: /home/ros2_ws/install/m2_metal_description/share/m2_metal_description//meshes/M2_METAL_HEAD_2026.STL
-- Up-to-date: /home/ros2_ws/install/m2_metal_description/share/m2_metal_description//meshes/RR_foot.STL
-- Up-to-date: /home/ros2_ws/install/m2_metal_description/share/m2_metal_description//meshes/FR_calf.STL
-- Up-to-date: /home/ros2_ws/install/m2_metal_description/share/m2_metal_description//meshes/RL_calf.STL
-- Up-to-date: /home/ros2_ws/install/m2_metal_description/share/m2_metal_description//meshes/RR_thigh.STL
-- Up-to-date: /home/ros2_ws/install/m2_metal_description/share/m2_metal_description//meshes/RL_foot.STL
-- Up-to-date: /home/ros2_ws/install/m2_metal_description/share/m2_metal_description//meshes/FL_calf.STL
-- Up-to-date: /home/ros2_ws/install/m2_metal_description/share/m2_metal_description//config
-- Up-to-date: /home/ros2_ws/install/m2_metal_description/share/m2_metal_description//config/m2_metal_payload.rviz
-- Up-to-date: /home/ros2_ws/install/m2_metal_description/share/m2_metal_description//config/mapping.rviz
-- Up-to-date: /home/ros2_ws/install/m2_metal_description/share/m2_metal_description//config/nav2.rviz
-- Up-to-date: /home/ros2_ws/install/m2_metal_description/share/m2_metal_description//config/elevation_mapping.rviz
-- Up-to-date: /home/ros2_ws/install/m2_metal_description/share/m2_metal_description//config/elevation_mapping_sim.rviz
-- Up-to-date: /home/ros2_ws/install/m2_metal_description/share/m2_metal_description//config/acuracy_test.rviz
-- Up-to-date: /home/ros2_ws/install/m2_metal_description/share/m2_metal_description//config/m2_metal_rviz.rviz
-- Up-to-date: /home/ros2_ws/install/m2_metal_description/share/m2_metal_description//config/api_test.rviz
-- Up-to-date: /home/ros2_ws/install/m2_metal_description/share/m2_metal_description//worlds
-- Up-to-date: /home/ros2_ws/install/m2_metal_description/share/m2_metal_description//worlds/mujoco.world
-- Up-to-date: /home/ros2_ws/install/m2_metal_description/share/m2_metal_description//worlds/world4.world
-- Up-to-date: /home/ros2_ws/install/m2_metal_description/share/m2_metal_description//worlds/world3.world
-- Up-to-date: /home/ros2_ws/install/m2_metal_description/share/m2_metal_description//worlds/stair.world
-- Up-to-date: /home/ros2_ws/install/m2_metal_description/share/m2_metal_description//xacro
-- Up-to-date: /home/ros2_ws/install/m2_metal_description/share/m2_metal_description//xacro/materials.xacro
-- Up-to-date: /home/ros2_ws/install/m2_metal_description/share/m2_metal_description//xacro/leg.xacro
-- Up-to-date: /home/ros2_ws/install/m2_metal_description/share/m2_metal_description//xacro/robot.xacro
-- Up-to-date: /home/ros2_ws/install/m2_metal_description/share/m2_metal_description//xacro/const.xacro
-- Up-to-date: /home/ros2_ws/install/m2_metal_description/share/m2_metal_description//xacro/test_d435_camera.urdf.xacro
-- Up-to-date: /home/ros2_ws/install/m2_metal_description/share/m2_metal_description//xacro/gazebo.xacro
-- Up-to-date: /home/ros2_ws/install/m2_metal_description/share/ament_index/resource_index/package_run_dependencies/m2_metal_description
-- Up-to-date: /home/ros2_ws/install/m2_metal_description/share/ament_index/resource_index/parent_prefix_path/m2_metal_description
-- Up-to-date: /home/ros2_ws/install/m2_metal_description/share/m2_metal_description/environment/ament_prefix_path.sh
-- Up-to-date: /home/ros2_ws/install/m2_metal_description/share/m2_metal_description/environment/ament_prefix_path.dsv
-- Up-to-date: /home/ros2_ws/install/m2_metal_description/share/m2_metal_description/environment/path.sh
-- Up-to-date: /home/ros2_ws/install/m2_metal_description/share/m2_metal_description/environment/path.dsv
-- Up-to-date: /home/ros2_ws/install/m2_metal_description/share/m2_metal_description/local_setup.bash
-- Up-to-date: /home/ros2_ws/install/m2_metal_description/share/m2_metal_description/local_setup.sh
-- Up-to-date: /home/ros2_ws/install/m2_metal_description/share/m2_metal_description/local_setup.zsh
-- Up-to-date: /home/ros2_ws/install/m2_metal_description/share/m2_metal_description/local_setup.dsv
-- Installing: /home/ros2_ws/install/m2_metal_description/share/m2_metal_description/package.dsv
-- Up-to-date: /home/ros2_ws/install/m2_metal_description/share/ament_index/resource_index/packages/m2_metal_description
-- Up-to-date: /home/ros2_ws/install/m2_metal_description/share/m2_metal_description/cmake/m2_metal_descriptionConfig.cmake
-- Up-to-date: /home/ros2_ws/install/m2_metal_description/share/m2_metal_description/cmake/m2_metal_descriptionConfig-version.cmake
-- Up-to-date: /home/ros2_ws/install/m2_metal_description/share/m2_metal_description/package.xml
