[0.000000] (-) TimerEvent: {}
[0.000198] (-) JobUnselected: {'identifier': 'cyclonedds'}
[0.000412] (-) JobUnselected: {'identifier': 'livox_ros_driver2'}
[0.000770] (-) JobUnselected: {'identifier': 'm2_metal_description'}
[0.001377] (-) JobUnselected: {'identifier': 'orbbec_camera'}
[0.001425] (-) JobUnselected: {'identifier': 'orbbec_camera_msgs'}
[0.001686] (-) JobUnselected: {'identifier': 'orbbec_description'}
[0.001994] (-) JobUnselected: {'identifier': 'realsense2_description'}
[0.002092] (-) JobUnselected: {'identifier': 'sensor_description'}
[0.002178] (realsense2_camera_msgs) JobQueued: {'identifier': 'realsense2_camera_msgs', 'dependencies': OrderedDict()}
[0.002262] (realsense2_camera) JobQueued: {'identifier': 'realsense2_camera', 'dependencies': OrderedDict([('realsense2_camera_msgs', '/home/ros2_ws/install/realsense2_camera_msgs')])}
[0.002347] (realsense2_camera_msgs) JobStarted: {'identifier': 'realsense2_camera_msgs'}
[0.024799] (realsense2_camera_msgs) JobProgress: {'identifier': 'realsense2_camera_msgs', 'progress': 'cmake'}
[0.026443] (realsense2_camera_msgs) JobProgress: {'identifier': 'realsense2_camera_msgs', 'progress': 'build'}
[0.027810] (realsense2_camera_msgs) Command: {'cmd': ['/usr/bin/cmake', '--build', '/home/ros2_ws/build/realsense2_camera_msgs'], 'cwd': '/home/ros2_ws/build/realsense2_camera_msgs', 'env': OrderedDict([('CMAKE_BUILD_PARALLEL_LEVEL', '3'), ('HOSTNAME', 'xterra-orin'), ('SHLVL', '1'), ('LD_LIBRARY_PATH', '/home/ros2_ws/install/xterra_perception_api/lib:/home/ros2_ws/install/xterra/lib:/home/ros2_ws/install/realsense2_camera/lib:/home/ros2_ws/install/realsense2_camera_msgs/lib:/home/ros2_ws/install/livox_ros_driver2/lib:/opt/ros/humble/opt/rviz_ogre_vendor/lib:/opt/ros/humble/lib/aarch64-linux-gnu:/opt/ros/humble/lib:/usr/local/lib:'), ('HOME', '/root'), ('OLDPWD', '/home/ros2_ws'), ('ROS_PYTHON_VERSION', '3'), ('MAKEFLAGS', '-j3'), ('COLCON_PREFIX_PATH', '/home/ros2_ws/install'), ('ROS_DISTRO', 'humble'), ('_', '/usr/bin/colcon'), ('ROS_VERSION', '2'), ('NVIDIA_DRIVER_CAPABILITIES', 'all'), ('OrbbecSDK_DIR', '/usr/local/lib/cmake/OrbbecSDK'), ('ROS_LOCALHOST_ONLY', '0'), ('QT_X11_NO_MITSHM', '1'), ('PATH', '/opt/ros/humble/bin:/usr/local/sbin:/usr/local/bin:/usr/sbin:/usr/bin:/sbin:/bin'), ('DISPLAY', ''), ('LANG', 'C.UTF-8'), ('RMW_IMPLEMENTATION', 'rmw_cyclonedds_cpp'), ('ROS_DOMAIN_ID', '0'), ('AMENT_PREFIX_PATH', '/home/ros2_ws/install/xterra_perception_api:/home/ros2_ws/install/xterra:/home/ros2_ws/install/m2_metal_description:/home/ros2_ws/install/sensor_description:/home/ros2_ws/install/realsense2_camera:/home/ros2_ws/install/realsense2_camera_msgs:/home/ros2_ws/install/livox_ros_driver2:/opt/ros/humble'), ('DEBIAN_FRONTEND', 'noninteractive'), ('PWD', '/home/ros2_ws/build/realsense2_camera_msgs'), ('LC_ALL', 'C.UTF-8'), ('PYTHONPATH', '/home/ros2_ws/install/xterra/local/lib/python3.10/dist-packages:/home/ros2_ws/install/realsense2_camera_msgs/local/lib/python3.10/dist-packages:/home/ros2_ws/install/livox_ros_driver2/local/lib/python3.10/dist-packages:/opt/ros/humble/lib/python3.10/site-packages:/opt/ros/humble/local/lib/python3.10/dist-packages'), ('NVIDIA_VISIBLE_DEVICES', 'all'), ('COLCON', '1'), ('CMAKE_PREFIX_PATH', '/home/ros2_ws/install/xterra_perception_api:/home/ros2_ws/install/xterra:/home/ros2_ws/install/m2_metal_description:/home/ros2_ws/install/sensor_description:/home/ros2_ws/install/realsense2_camera:/home/ros2_ws/install/realsense2_camera_msgs:/home/ros2_ws/install/livox_ros_driver2:/opt/OrbbecSDK_v2.4.11/lib::/opt/ros/humble')]), 'shell': False}
[0.099318] (-) TimerEvent: {}
[0.177821] (realsense2_camera_msgs) StdoutLine: {'line': b'[  1%] Built target realsense2_camera_msgs__cpp\n'}
[0.178614] (realsense2_camera_msgs) StdoutLine: {'line': b'[ 12%] Built target realsense2_camera_msgs__rosidl_generator_c\n'}
[0.199581] (-) TimerEvent: {}
[0.208282] (realsense2_camera_msgs) StdoutLine: {'line': b'[ 12%] Built target ament_cmake_python_copy_realsense2_camera_msgs\n'}
[0.248256] (realsense2_camera_msgs) StdoutLine: {'line': b'[ 23%] Built target realsense2_camera_msgs__rosidl_typesupport_cpp\n'}
[0.250407] (realsense2_camera_msgs) StdoutLine: {'line': b'[ 34%] Built target realsense2_camera_msgs__rosidl_typesupport_fastrtps_cpp\n'}
[0.287718] (realsense2_camera_msgs) StdoutLine: {'line': b'[ 45%] Built target realsense2_camera_msgs__rosidl_typesupport_introspection_cpp\n'}
[0.299770] (-) TimerEvent: {}
[0.317484] (realsense2_camera_msgs) StdoutLine: {'line': b'[ 56%] Built target realsense2_camera_msgs__rosidl_typesupport_fastrtps_c\n'}
[0.347233] (realsense2_camera_msgs) StdoutLine: {'line': b'[ 67%] Built target realsense2_camera_msgs__rosidl_typesupport_introspection_c\n'}
[0.399527] (realsense2_camera_msgs) StdoutLine: {'line': b'[ 78%] Built target realsense2_camera_msgs__rosidl_typesupport_c\n'}
[0.400129] (-) TimerEvent: {}
[0.460776] (realsense2_camera_msgs) StdoutLine: {'line': b'[ 78%] Built target realsense2_camera_msgs\n'}
[0.500395] (-) TimerEvent: {}
[0.521579] (realsense2_camera_msgs) StdoutLine: {'line': b'[ 80%] Built target realsense2_camera_msgs__py\n'}
[0.590663] (realsense2_camera_msgs) StdoutLine: {'line': b'[ 89%] Built target realsense2_camera_msgs__rosidl_generator_py\n'}
[0.600560] (-) TimerEvent: {}
[0.654945] (realsense2_camera_msgs) StdoutLine: {'line': b'[ 96%] Built target realsense2_camera_msgs__rosidl_typesupport_introspection_c__pyext\n'}
[0.655575] (realsense2_camera_msgs) StdoutLine: {'line': b'[ 96%] Built target realsense2_camera_msgs__rosidl_typesupport_fastrtps_c__pyext\n'}
[0.700775] (-) TimerEvent: {}
[0.721344] (realsense2_camera_msgs) StdoutLine: {'line': b'[100%] Built target realsense2_camera_msgs__rosidl_typesupport_c__pyext\n'}
[0.758479] (realsense2_camera_msgs) StdoutLine: {'line': b'running egg_info\n'}
[0.760258] (realsense2_camera_msgs) StdoutLine: {'line': b'writing realsense2_camera_msgs.egg-info/PKG-INFO\n'}
[0.761153] (realsense2_camera_msgs) StdoutLine: {'line': b'writing dependency_links to realsense2_camera_msgs.egg-info/dependency_links.txt\n'}
[0.761610] (realsense2_camera_msgs) StdoutLine: {'line': b'writing top-level names to realsense2_camera_msgs.egg-info/top_level.txt\n'}
[0.766957] (realsense2_camera_msgs) StdoutLine: {'line': b"reading manifest file 'realsense2_camera_msgs.egg-info/SOURCES.txt'\n"}
[0.768371] (realsense2_camera_msgs) StdoutLine: {'line': b"writing manifest file 'realsense2_camera_msgs.egg-info/SOURCES.txt'\n"}
[0.800878] (-) TimerEvent: {}
[0.880999] (realsense2_camera_msgs) StdoutLine: {'line': b'[100%] Built target ament_cmake_python_build_realsense2_camera_msgs_egg\n'}
[0.901004] (-) TimerEvent: {}
[0.917727] (realsense2_camera_msgs) CommandEnded: {'returncode': 0}
[0.920055] (realsense2_camera_msgs) JobProgress: {'identifier': 'realsense2_camera_msgs', 'progress': 'install'}
[0.952744] (realsense2_camera_msgs) Command: {'cmd': ['/usr/bin/cmake', '--install', '/home/ros2_ws/build/realsense2_camera_msgs'], 'cwd': '/home/ros2_ws/build/realsense2_camera_msgs', 'env': OrderedDict([('CMAKE_BUILD_PARALLEL_LEVEL', '3'), ('HOSTNAME', 'xterra-orin'), ('SHLVL', '1'), ('LD_LIBRARY_PATH', '/home/ros2_ws/install/xterra_perception_api/lib:/home/ros2_ws/install/xterra/lib:/home/ros2_ws/install/realsense2_camera/lib:/home/ros2_ws/install/realsense2_camera_msgs/lib:/home/ros2_ws/install/livox_ros_driver2/lib:/opt/ros/humble/opt/rviz_ogre_vendor/lib:/opt/ros/humble/lib/aarch64-linux-gnu:/opt/ros/humble/lib:/usr/local/lib:'), ('HOME', '/root'), ('OLDPWD', '/home/ros2_ws'), ('ROS_PYTHON_VERSION', '3'), ('MAKEFLAGS', '-j3'), ('COLCON_PREFIX_PATH', '/home/ros2_ws/install'), ('ROS_DISTRO', 'humble'), ('_', '/usr/bin/colcon'), ('ROS_VERSION', '2'), ('NVIDIA_DRIVER_CAPABILITIES', 'all'), ('OrbbecSDK_DIR', '/usr/local/lib/cmake/OrbbecSDK'), ('ROS_LOCALHOST_ONLY', '0'), ('QT_X11_NO_MITSHM', '1'), ('PATH', '/opt/ros/humble/bin:/usr/local/sbin:/usr/local/bin:/usr/sbin:/usr/bin:/sbin:/bin'), ('DISPLAY', ''), ('LANG', 'C.UTF-8'), ('RMW_IMPLEMENTATION', 'rmw_cyclonedds_cpp'), ('ROS_DOMAIN_ID', '0'), ('AMENT_PREFIX_PATH', '/home/ros2_ws/install/xterra_perception_api:/home/ros2_ws/install/xterra:/home/ros2_ws/install/m2_metal_description:/home/ros2_ws/install/sensor_description:/home/ros2_ws/install/realsense2_camera:/home/ros2_ws/install/realsense2_camera_msgs:/home/ros2_ws/install/livox_ros_driver2:/opt/ros/humble'), ('DEBIAN_FRONTEND', 'noninteractive'), ('PWD', '/home/ros2_ws/build/realsense2_camera_msgs'), ('LC_ALL', 'C.UTF-8'), ('PYTHONPATH', '/home/ros2_ws/install/xterra/local/lib/python3.10/dist-packages:/home/ros2_ws/install/realsense2_camera_msgs/local/lib/python3.10/dist-packages:/home/ros2_ws/install/livox_ros_driver2/local/lib/python3.10/dist-packages:/opt/ros/humble/lib/python3.10/site-packages:/opt/ros/humble/local/lib/python3.10/dist-packages'), ('NVIDIA_VISIBLE_DEVICES', 'all'), ('COLCON', '1'), ('CMAKE_PREFIX_PATH', '/home/ros2_ws/install/xterra_perception_api:/home/ros2_ws/install/xterra:/home/ros2_ws/install/m2_metal_description:/home/ros2_ws/install/sensor_description:/home/ros2_ws/install/realsense2_camera:/home/ros2_ws/install/realsense2_camera_msgs:/home/ros2_ws/install/livox_ros_driver2:/opt/OrbbecSDK_v2.4.11/lib::/opt/ros/humble')]), 'shell': False}
[0.983604] (realsense2_camera_msgs) StdoutLine: {'line': b'-- Install configuration: "Release"\n'}
[0.983959] (realsense2_camera_msgs) StdoutLine: {'line': b'-- Up-to-date: /home/ros2_ws/install/realsense2_camera_msgs/share/ament_index/resource_index/rosidl_interfaces/realsense2_camera_msgs\n'}
[0.984606] (realsense2_camera_msgs) StdoutLine: {'line': b'-- Up-to-date: /home/ros2_ws/install/realsense2_camera_msgs/include/realsense2_camera_msgs/realsense2_camera_msgs\n'}
[0.985412] (realsense2_camera_msgs) StdoutLine: {'line': b'-- Up-to-date: /home/ros2_ws/install/realsense2_camera_msgs/include/realsense2_camera_msgs/realsense2_camera_msgs/msg\n'}
[0.986627] (realsense2_camera_msgs) StdoutLine: {'line': b'-- Up-to-date: /home/ros2_ws/install/realsense2_camera_msgs/include/realsense2_camera_msgs/realsense2_camera_msgs/msg/extrinsics.h\n'}
[0.987016] (realsense2_camera_msgs) StdoutLine: {'line': b'-- Up-to-date: /home/ros2_ws/install/realsense2_camera_msgs/include/realsense2_camera_msgs/realsense2_camera_msgs/msg/metadata.h\n'}
[0.987252] (realsense2_camera_msgs) StdoutLine: {'line': b'-- Up-to-date: /home/ros2_ws/install/realsense2_camera_msgs/include/realsense2_camera_msgs/realsense2_camera_msgs/msg/rosidl_generator_c__visibility_control.h\n'}
[0.989524] (realsense2_camera_msgs) StdoutLine: {'line': b'-- Up-to-date: /home/ros2_ws/install/realsense2_camera_msgs/include/realsense2_camera_msgs/realsense2_camera_msgs/msg/detail\n'}
[0.989945] (realsense2_camera_msgs) StdoutLine: {'line': b'-- Up-to-date: /home/ros2_ws/install/realsense2_camera_msgs/include/realsense2_camera_msgs/realsense2_camera_msgs/msg/detail/extrinsics__functions.h\n'}
[0.991177] (realsense2_camera_msgs) StdoutLine: {'line': b'-- Up-to-date: /home/ros2_ws/install/realsense2_camera_msgs/include/realsense2_camera_msgs/realsense2_camera_msgs/msg/detail/imu_info__struct.h\n'}
[0.991539] (realsense2_camera_msgs) StdoutLine: {'line': b'-- Up-to-date: /home/ros2_ws/install/realsense2_camera_msgs/include/realsense2_camera_msgs/realsense2_camera_msgs/msg/detail/extrinsics__functions.c\n'}
[0.991801] (realsense2_camera_msgs) StdoutLine: {'line': b'-- Up-to-date: /home/ros2_ws/install/realsense2_camera_msgs/include/realsense2_camera_msgs/realsense2_camera_msgs/msg/detail/extrinsics__type_support.h\n'}
[0.992484] (realsense2_camera_msgs) StdoutLine: {'line': b'-- Up-to-date: /home/ros2_ws/install/realsense2_camera_msgs/include/realsense2_camera_msgs/realsense2_camera_msgs/msg/detail/metadata__struct.h\n'}
[0.992773] (realsense2_camera_msgs) StdoutLine: {'line': b'-- Up-to-date: /home/ros2_ws/install/realsense2_camera_msgs/include/realsense2_camera_msgs/realsense2_camera_msgs/msg/detail/metadata__type_support.h\n'}
[0.993171] (realsense2_camera_msgs) StdoutLine: {'line': b'-- Up-to-date: /home/ros2_ws/install/realsense2_camera_msgs/include/realsense2_camera_msgs/realsense2_camera_msgs/msg/detail/imu_info__type_support.h\n'}
[0.993608] (realsense2_camera_msgs) StdoutLine: {'line': b'-- Up-to-date: /home/ros2_ws/install/realsense2_camera_msgs/include/realsense2_camera_msgs/realsense2_camera_msgs/msg/detail/metadata__functions.h\n'}
[0.995008] (realsense2_camera_msgs) StdoutLine: {'line': b'-- Up-to-date: /home/ros2_ws/install/realsense2_camera_msgs/include/realsense2_camera_msgs/realsense2_camera_msgs/msg/detail/imu_info__functions.c\n'}
[0.995254] (realsense2_camera_msgs) StdoutLine: {'line': b'-- Up-to-date: /home/ros2_ws/install/realsense2_camera_msgs/include/realsense2_camera_msgs/realsense2_camera_msgs/msg/detail/extrinsics__struct.h\n'}
[0.995478] (realsense2_camera_msgs) StdoutLine: {'line': b'-- Up-to-date: /home/ros2_ws/install/realsense2_camera_msgs/include/realsense2_camera_msgs/realsense2_camera_msgs/msg/detail/metadata__functions.c\n'}
[0.995689] (realsense2_camera_msgs) StdoutLine: {'line': b'-- Up-to-date: /home/ros2_ws/install/realsense2_camera_msgs/include/realsense2_camera_msgs/realsense2_camera_msgs/msg/detail/imu_info__functions.h\n'}
[0.995966] (realsense2_camera_msgs) StdoutLine: {'line': b'-- Up-to-date: /home/ros2_ws/install/realsense2_camera_msgs/include/realsense2_camera_msgs/realsense2_camera_msgs/msg/imu_info.h\n'}
[0.996186] (realsense2_camera_msgs) StdoutLine: {'line': b'-- Up-to-date: /home/ros2_ws/install/realsense2_camera_msgs/include/realsense2_camera_msgs/realsense2_camera_msgs/srv\n'}
[0.996398] (realsense2_camera_msgs) StdoutLine: {'line': b'-- Up-to-date: /home/ros2_ws/install/realsense2_camera_msgs/include/realsense2_camera_msgs/realsense2_camera_msgs/srv/device_info.h\n'}
[0.996658] (realsense2_camera_msgs) StdoutLine: {'line': b'-- Up-to-date: /home/ros2_ws/install/realsense2_camera_msgs/include/realsense2_camera_msgs/realsense2_camera_msgs/srv/detail\n'}
[0.996884] (realsense2_camera_msgs) StdoutLine: {'line': b'-- Up-to-date: /home/ros2_ws/install/realsense2_camera_msgs/include/realsense2_camera_msgs/realsense2_camera_msgs/srv/detail/device_info__functions.h\n'}
[0.997100] (realsense2_camera_msgs) StdoutLine: {'line': b'-- Up-to-date: /home/ros2_ws/install/realsense2_camera_msgs/include/realsense2_camera_msgs/realsense2_camera_msgs/srv/detail/device_info__type_support.h\n'}
[0.997318] (realsense2_camera_msgs) StdoutLine: {'line': b'-- Up-to-date: /home/ros2_ws/install/realsense2_camera_msgs/include/realsense2_camera_msgs/realsense2_camera_msgs/srv/detail/device_info__functions.c\n'}
[0.997530] (realsense2_camera_msgs) StdoutLine: {'line': b'-- Up-to-date: /home/ros2_ws/install/realsense2_camera_msgs/include/realsense2_camera_msgs/realsense2_camera_msgs/srv/detail/device_info__struct.h\n'}
[0.997742] (realsense2_camera_msgs) StdoutLine: {'line': b'-- Up-to-date: /home/ros2_ws/install/realsense2_camera_msgs/share/realsense2_camera_msgs/environment/library_path.sh\n'}
[0.997951] (realsense2_camera_msgs) StdoutLine: {'line': b'-- Up-to-date: /home/ros2_ws/install/realsense2_camera_msgs/share/realsense2_camera_msgs/environment/library_path.dsv\n'}
[0.998161] (realsense2_camera_msgs) StdoutLine: {'line': b'-- Up-to-date: /home/ros2_ws/install/realsense2_camera_msgs/lib/librealsense2_camera_msgs__rosidl_generator_c.so\n'}
[0.998369] (realsense2_camera_msgs) StdoutLine: {'line': b'-- Up-to-date: /home/ros2_ws/install/realsense2_camera_msgs/include/realsense2_camera_msgs/realsense2_camera_msgs\n'}
[0.998579] (realsense2_camera_msgs) StdoutLine: {'line': b'-- Up-to-date: /home/ros2_ws/install/realsense2_camera_msgs/include/realsense2_camera_msgs/realsense2_camera_msgs/msg\n'}
[0.998786] (realsense2_camera_msgs) StdoutLine: {'line': b'-- Up-to-date: /home/ros2_ws/install/realsense2_camera_msgs/include/realsense2_camera_msgs/realsense2_camera_msgs/msg/rosidl_typesupport_fastrtps_c__visibility_control.h\n'}
[0.998993] (realsense2_camera_msgs) StdoutLine: {'line': b'-- Up-to-date: /home/ros2_ws/install/realsense2_camera_msgs/include/realsense2_camera_msgs/realsense2_camera_msgs/msg/detail\n'}
[0.999198] (realsense2_camera_msgs) StdoutLine: {'line': b'-- Up-to-date: /home/ros2_ws/install/realsense2_camera_msgs/include/realsense2_camera_msgs/realsense2_camera_msgs/msg/detail/extrinsics__rosidl_typesupport_fastrtps_c.h\n'}
[0.999434] (realsense2_camera_msgs) StdoutLine: {'line': b'-- Up-to-date: /home/ros2_ws/install/realsense2_camera_msgs/include/realsense2_camera_msgs/realsense2_camera_msgs/msg/detail/metadata__rosidl_typesupport_fastrtps_c.h\n'}
[0.999643] (realsense2_camera_msgs) StdoutLine: {'line': b'-- Up-to-date: /home/ros2_ws/install/realsense2_camera_msgs/include/realsense2_camera_msgs/realsense2_camera_msgs/msg/detail/imu_info__rosidl_typesupport_fastrtps_c.h\n'}
[0.999853] (realsense2_camera_msgs) StdoutLine: {'line': b'-- Up-to-date: /home/ros2_ws/install/realsense2_camera_msgs/include/realsense2_camera_msgs/realsense2_camera_msgs/srv\n'}
[1.000062] (realsense2_camera_msgs) StdoutLine: {'line': b'-- Up-to-date: /home/ros2_ws/install/realsense2_camera_msgs/include/realsense2_camera_msgs/realsense2_camera_msgs/srv/detail\n'}
[1.000269] (realsense2_camera_msgs) StdoutLine: {'line': b'-- Up-to-date: /home/ros2_ws/install/realsense2_camera_msgs/include/realsense2_camera_msgs/realsense2_camera_msgs/srv/detail/device_info__rosidl_typesupport_fastrtps_c.h\n'}
[1.000497] (realsense2_camera_msgs) StdoutLine: {'line': b'-- Up-to-date: /home/ros2_ws/install/realsense2_camera_msgs/lib/librealsense2_camera_msgs__rosidl_typesupport_fastrtps_c.so\n'}
[1.000752] (realsense2_camera_msgs) StdoutLine: {'line': b'-- Up-to-date: /home/ros2_ws/install/realsense2_camera_msgs/include/realsense2_camera_msgs/realsense2_camera_msgs\n'}
[1.000966] (realsense2_camera_msgs) StdoutLine: {'line': b'-- Up-to-date: /home/ros2_ws/install/realsense2_camera_msgs/include/realsense2_camera_msgs/realsense2_camera_msgs/msg\n'}
[1.001168] (-) TimerEvent: {}
[1.001230] (realsense2_camera_msgs) StdoutLine: {'line': b'-- Up-to-date: /home/ros2_ws/install/realsense2_camera_msgs/include/realsense2_camera_msgs/realsense2_camera_msgs/msg/rosidl_typesupport_introspection_c__visibility_control.h\n'}
[1.001444] (realsense2_camera_msgs) StdoutLine: {'line': b'-- Up-to-date: /home/ros2_ws/install/realsense2_camera_msgs/include/realsense2_camera_msgs/realsense2_camera_msgs/msg/detail\n'}
[1.001653] (realsense2_camera_msgs) StdoutLine: {'line': b'-- Up-to-date: /home/ros2_ws/install/realsense2_camera_msgs/include/realsense2_camera_msgs/realsense2_camera_msgs/msg/detail/extrinsics__rosidl_typesupport_introspection_c.h\n'}
[1.001863] (realsense2_camera_msgs) StdoutLine: {'line': b'-- Up-to-date: /home/ros2_ws/install/realsense2_camera_msgs/include/realsense2_camera_msgs/realsense2_camera_msgs/msg/detail/imu_info__rosidl_typesupport_introspection_c.h\n'}
[1.002071] (realsense2_camera_msgs) StdoutLine: {'line': b'-- Up-to-date: /home/ros2_ws/install/realsense2_camera_msgs/include/realsense2_camera_msgs/realsense2_camera_msgs/msg/detail/metadata__type_support.c\n'}
[1.002325] (realsense2_camera_msgs) StdoutLine: {'line': b'-- Up-to-date: /home/ros2_ws/install/realsense2_camera_msgs/include/realsense2_camera_msgs/realsense2_camera_msgs/msg/detail/metadata__rosidl_typesupport_introspection_c.h\n'}
[1.002537] (realsense2_camera_msgs) StdoutLine: {'line': b'-- Up-to-date: /home/ros2_ws/install/realsense2_camera_msgs/include/realsense2_camera_msgs/realsense2_camera_msgs/msg/detail/imu_info__type_support.c\n'}
[1.002747] (realsense2_camera_msgs) StdoutLine: {'line': b'-- Up-to-date: /home/ros2_ws/install/realsense2_camera_msgs/include/realsense2_camera_msgs/realsense2_camera_msgs/msg/detail/extrinsics__type_support.c\n'}
[1.002957] (realsense2_camera_msgs) StdoutLine: {'line': b'-- Up-to-date: /home/ros2_ws/install/realsense2_camera_msgs/include/realsense2_camera_msgs/realsense2_camera_msgs/srv\n'}
[1.003163] (realsense2_camera_msgs) StdoutLine: {'line': b'-- Up-to-date: /home/ros2_ws/install/realsense2_camera_msgs/include/realsense2_camera_msgs/realsense2_camera_msgs/srv/detail\n'}
[1.003369] (realsense2_camera_msgs) StdoutLine: {'line': b'-- Up-to-date: /home/ros2_ws/install/realsense2_camera_msgs/include/realsense2_camera_msgs/realsense2_camera_msgs/srv/detail/device_info__type_support.c\n'}
[1.003577] (realsense2_camera_msgs) StdoutLine: {'line': b'-- Up-to-date: /home/ros2_ws/install/realsense2_camera_msgs/include/realsense2_camera_msgs/realsense2_camera_msgs/srv/detail/device_info__rosidl_typesupport_introspection_c.h\n'}
[1.003825] (realsense2_camera_msgs) StdoutLine: {'line': b'-- Up-to-date: /home/ros2_ws/install/realsense2_camera_msgs/lib/librealsense2_camera_msgs__rosidl_typesupport_introspection_c.so\n'}
[1.004033] (realsense2_camera_msgs) StdoutLine: {'line': b'-- Up-to-date: /home/ros2_ws/install/realsense2_camera_msgs/lib/librealsense2_camera_msgs__rosidl_typesupport_c.so\n'}
[1.004240] (realsense2_camera_msgs) StdoutLine: {'line': b'-- Up-to-date: /home/ros2_ws/install/realsense2_camera_msgs/include/realsense2_camera_msgs/realsense2_camera_msgs\n'}
[1.004445] (realsense2_camera_msgs) StdoutLine: {'line': b'-- Up-to-date: /home/ros2_ws/install/realsense2_camera_msgs/include/realsense2_camera_msgs/realsense2_camera_msgs/msg\n'}
[1.004685] (realsense2_camera_msgs) StdoutLine: {'line': b'-- Up-to-date: /home/ros2_ws/install/realsense2_camera_msgs/include/realsense2_camera_msgs/realsense2_camera_msgs/msg/rosidl_generator_cpp__visibility_control.hpp\n'}
[1.004899] (realsense2_camera_msgs) StdoutLine: {'line': b'-- Up-to-date: /home/ros2_ws/install/realsense2_camera_msgs/include/realsense2_camera_msgs/realsense2_camera_msgs/msg/extrinsics.hpp\n'}
[1.005108] (realsense2_camera_msgs) StdoutLine: {'line': b'-- Up-to-date: /home/ros2_ws/install/realsense2_camera_msgs/include/realsense2_camera_msgs/realsense2_camera_msgs/msg/detail\n'}
[1.005314] (realsense2_camera_msgs) StdoutLine: {'line': b'-- Up-to-date: /home/ros2_ws/install/realsense2_camera_msgs/include/realsense2_camera_msgs/realsense2_camera_msgs/msg/detail/metadata__struct.hpp\n'}
[1.005518] (realsense2_camera_msgs) StdoutLine: {'line': b'-- Up-to-date: /home/ros2_ws/install/realsense2_camera_msgs/include/realsense2_camera_msgs/realsense2_camera_msgs/msg/detail/metadata__builder.hpp\n'}
[1.005722] (realsense2_camera_msgs) StdoutLine: {'line': b'-- Up-to-date: /home/ros2_ws/install/realsense2_camera_msgs/include/realsense2_camera_msgs/realsense2_camera_msgs/msg/detail/metadata__traits.hpp\n'}
[1.005927] (realsense2_camera_msgs) StdoutLine: {'line': b'-- Up-to-date: /home/ros2_ws/install/realsense2_camera_msgs/include/realsense2_camera_msgs/realsense2_camera_msgs/msg/detail/metadata__type_support.hpp\n'}
[1.006133] (realsense2_camera_msgs) StdoutLine: {'line': b'-- Up-to-date: /home/ros2_ws/install/realsense2_camera_msgs/include/realsense2_camera_msgs/realsense2_camera_msgs/msg/detail/extrinsics__traits.hpp\n'}
[1.006359] (realsense2_camera_msgs) StdoutLine: {'line': b'-- Up-to-date: /home/ros2_ws/install/realsense2_camera_msgs/include/realsense2_camera_msgs/realsense2_camera_msgs/msg/detail/imu_info__struct.hpp\n'}
[1.006571] (realsense2_camera_msgs) StdoutLine: {'line': b'-- Up-to-date: /home/ros2_ws/install/realsense2_camera_msgs/include/realsense2_camera_msgs/realsense2_camera_msgs/msg/detail/imu_info__type_support.hpp\n'}
[1.006779] (realsense2_camera_msgs) StdoutLine: {'line': b'-- Up-to-date: /home/ros2_ws/install/realsense2_camera_msgs/include/realsense2_camera_msgs/realsense2_camera_msgs/msg/detail/extrinsics__struct.hpp\n'}
[1.006985] (realsense2_camera_msgs) StdoutLine: {'line': b'-- Up-to-date: /home/ros2_ws/install/realsense2_camera_msgs/include/realsense2_camera_msgs/realsense2_camera_msgs/msg/detail/imu_info__builder.hpp\n'}
[1.007190] (realsense2_camera_msgs) StdoutLine: {'line': b'-- Up-to-date: /home/ros2_ws/install/realsense2_camera_msgs/include/realsense2_camera_msgs/realsense2_camera_msgs/msg/detail/extrinsics__builder.hpp\n'}
[1.007396] (realsense2_camera_msgs) StdoutLine: {'line': b'-- Up-to-date: /home/ros2_ws/install/realsense2_camera_msgs/include/realsense2_camera_msgs/realsense2_camera_msgs/msg/detail/imu_info__traits.hpp\n'}
[1.007602] (realsense2_camera_msgs) StdoutLine: {'line': b'-- Up-to-date: /home/ros2_ws/install/realsense2_camera_msgs/include/realsense2_camera_msgs/realsense2_camera_msgs/msg/detail/extrinsics__type_support.hpp\n'}
[1.007804] (realsense2_camera_msgs) StdoutLine: {'line': b'-- Up-to-date: /home/ros2_ws/install/realsense2_camera_msgs/include/realsense2_camera_msgs/realsense2_camera_msgs/msg/metadata.hpp\n'}
[1.008031] (realsense2_camera_msgs) StdoutLine: {'line': b'-- Up-to-date: /home/ros2_ws/install/realsense2_camera_msgs/include/realsense2_camera_msgs/realsense2_camera_msgs/msg/imu_info.hpp\n'}
[1.008238] (realsense2_camera_msgs) StdoutLine: {'line': b'-- Up-to-date: /home/ros2_ws/install/realsense2_camera_msgs/include/realsense2_camera_msgs/realsense2_camera_msgs/srv\n'}
[1.008487] (realsense2_camera_msgs) StdoutLine: {'line': b'-- Up-to-date: /home/ros2_ws/install/realsense2_camera_msgs/include/realsense2_camera_msgs/realsense2_camera_msgs/srv/device_info.hpp\n'}
[1.008735] (realsense2_camera_msgs) StdoutLine: {'line': b'-- Up-to-date: /home/ros2_ws/install/realsense2_camera_msgs/include/realsense2_camera_msgs/realsense2_camera_msgs/srv/detail\n'}
[1.008945] (realsense2_camera_msgs) StdoutLine: {'line': b'-- Up-to-date: /home/ros2_ws/install/realsense2_camera_msgs/include/realsense2_camera_msgs/realsense2_camera_msgs/srv/detail/device_info__traits.hpp\n'}
[1.009152] (realsense2_camera_msgs) StdoutLine: {'line': b'-- Up-to-date: /home/ros2_ws/install/realsense2_camera_msgs/include/realsense2_camera_msgs/realsense2_camera_msgs/srv/detail/device_info__builder.hpp\n'}
[1.009356] (realsense2_camera_msgs) StdoutLine: {'line': b'-- Up-to-date: /home/ros2_ws/install/realsense2_camera_msgs/include/realsense2_camera_msgs/realsense2_camera_msgs/srv/detail/device_info__type_support.hpp\n'}
[1.009562] (realsense2_camera_msgs) StdoutLine: {'line': b'-- Up-to-date: /home/ros2_ws/install/realsense2_camera_msgs/include/realsense2_camera_msgs/realsense2_camera_msgs/srv/detail/device_info__struct.hpp\n'}
[1.009766] (realsense2_camera_msgs) StdoutLine: {'line': b'-- Up-to-date: /home/ros2_ws/install/realsense2_camera_msgs/include/realsense2_camera_msgs/realsense2_camera_msgs\n'}
[1.009970] (realsense2_camera_msgs) StdoutLine: {'line': b'-- Up-to-date: /home/ros2_ws/install/realsense2_camera_msgs/include/realsense2_camera_msgs/realsense2_camera_msgs/msg\n'}
[1.010178] (realsense2_camera_msgs) StdoutLine: {'line': b'-- Up-to-date: /home/ros2_ws/install/realsense2_camera_msgs/include/realsense2_camera_msgs/realsense2_camera_msgs/msg/detail\n'}
[1.010384] (realsense2_camera_msgs) StdoutLine: {'line': b'-- Up-to-date: /home/ros2_ws/install/realsense2_camera_msgs/include/realsense2_camera_msgs/realsense2_camera_msgs/msg/detail/extrinsics__rosidl_typesupport_fastrtps_cpp.hpp\n'}
[1.010589] (realsense2_camera_msgs) StdoutLine: {'line': b'-- Up-to-date: /home/ros2_ws/install/realsense2_camera_msgs/include/realsense2_camera_msgs/realsense2_camera_msgs/msg/detail/imu_info__rosidl_typesupport_fastrtps_cpp.hpp\n'}
[1.010795] (realsense2_camera_msgs) StdoutLine: {'line': b'-- Up-to-date: /home/ros2_ws/install/realsense2_camera_msgs/include/realsense2_camera_msgs/realsense2_camera_msgs/msg/detail/dds_fastrtps\n'}
[1.010998] (realsense2_camera_msgs) StdoutLine: {'line': b'-- Up-to-date: /home/ros2_ws/install/realsense2_camera_msgs/include/realsense2_camera_msgs/realsense2_camera_msgs/msg/detail/metadata__rosidl_typesupport_fastrtps_cpp.hpp\n'}
[1.011200] (realsense2_camera_msgs) StdoutLine: {'line': b'-- Up-to-date: /home/ros2_ws/install/realsense2_camera_msgs/include/realsense2_camera_msgs/realsense2_camera_msgs/msg/rosidl_typesupport_fastrtps_cpp__visibility_control.h\n'}
[1.011405] (realsense2_camera_msgs) StdoutLine: {'line': b'-- Up-to-date: /home/ros2_ws/install/realsense2_camera_msgs/include/realsense2_camera_msgs/realsense2_camera_msgs/srv\n'}
[1.011612] (realsense2_camera_msgs) StdoutLine: {'line': b'-- Up-to-date: /home/ros2_ws/install/realsense2_camera_msgs/include/realsense2_camera_msgs/realsense2_camera_msgs/srv/detail\n'}
[1.011817] (realsense2_camera_msgs) StdoutLine: {'line': b'-- Up-to-date: /home/ros2_ws/install/realsense2_camera_msgs/include/realsense2_camera_msgs/realsense2_camera_msgs/srv/detail/device_info__rosidl_typesupport_fastrtps_cpp.hpp\n'}
[1.012041] (realsense2_camera_msgs) StdoutLine: {'line': b'-- Up-to-date: /home/ros2_ws/install/realsense2_camera_msgs/include/realsense2_camera_msgs/realsense2_camera_msgs/srv/detail/dds_fastrtps\n'}
[1.012269] (realsense2_camera_msgs) StdoutLine: {'line': b'-- Up-to-date: /home/ros2_ws/install/realsense2_camera_msgs/lib/librealsense2_camera_msgs__rosidl_typesupport_fastrtps_cpp.so\n'}
[1.012476] (realsense2_camera_msgs) StdoutLine: {'line': b'-- Up-to-date: /home/ros2_ws/install/realsense2_camera_msgs/include/realsense2_camera_msgs/realsense2_camera_msgs\n'}
[1.012722] (realsense2_camera_msgs) StdoutLine: {'line': b'-- Up-to-date: /home/ros2_ws/install/realsense2_camera_msgs/include/realsense2_camera_msgs/realsense2_camera_msgs/msg\n'}
[1.012936] (realsense2_camera_msgs) StdoutLine: {'line': b'-- Up-to-date: /home/ros2_ws/install/realsense2_camera_msgs/include/realsense2_camera_msgs/realsense2_camera_msgs/msg/detail\n'}
[1.013141] (realsense2_camera_msgs) StdoutLine: {'line': b'-- Up-to-date: /home/ros2_ws/install/realsense2_camera_msgs/include/realsense2_camera_msgs/realsense2_camera_msgs/msg/detail/metadata__rosidl_typesupport_introspection_cpp.hpp\n'}
[1.013345] (realsense2_camera_msgs) StdoutLine: {'line': b'-- Up-to-date: /home/ros2_ws/install/realsense2_camera_msgs/include/realsense2_camera_msgs/realsense2_camera_msgs/msg/detail/imu_info__rosidl_typesupport_introspection_cpp.hpp\n'}
[1.013549] (realsense2_camera_msgs) StdoutLine: {'line': b'-- Up-to-date: /home/ros2_ws/install/realsense2_camera_msgs/include/realsense2_camera_msgs/realsense2_camera_msgs/msg/detail/metadata__type_support.cpp\n'}
[1.013754] (realsense2_camera_msgs) StdoutLine: {'line': b'-- Up-to-date: /home/ros2_ws/install/realsense2_camera_msgs/include/realsense2_camera_msgs/realsense2_camera_msgs/msg/detail/extrinsics__rosidl_typesupport_introspection_cpp.hpp\n'}
[1.013960] (realsense2_camera_msgs) StdoutLine: {'line': b'-- Up-to-date: /home/ros2_ws/install/realsense2_camera_msgs/include/realsense2_camera_msgs/realsense2_camera_msgs/msg/detail/extrinsics__type_support.cpp\n'}
[1.014167] (realsense2_camera_msgs) StdoutLine: {'line': b'-- Up-to-date: /home/ros2_ws/install/realsense2_camera_msgs/include/realsense2_camera_msgs/realsense2_camera_msgs/msg/detail/imu_info__type_support.cpp\n'}
[1.014373] (realsense2_camera_msgs) StdoutLine: {'line': b'-- Up-to-date: /home/ros2_ws/install/realsense2_camera_msgs/include/realsense2_camera_msgs/realsense2_camera_msgs/srv\n'}
[1.014621] (realsense2_camera_msgs) StdoutLine: {'line': b'-- Up-to-date: /home/ros2_ws/install/realsense2_camera_msgs/include/realsense2_camera_msgs/realsense2_camera_msgs/srv/detail\n'}
[1.014827] (realsense2_camera_msgs) StdoutLine: {'line': b'-- Up-to-date: /home/ros2_ws/install/realsense2_camera_msgs/include/realsense2_camera_msgs/realsense2_camera_msgs/srv/detail/device_info__rosidl_typesupport_introspection_cpp.hpp\n'}
[1.015033] (realsense2_camera_msgs) StdoutLine: {'line': b'-- Up-to-date: /home/ros2_ws/install/realsense2_camera_msgs/include/realsense2_camera_msgs/realsense2_camera_msgs/srv/detail/device_info__type_support.cpp\n'}
[1.015237] (realsense2_camera_msgs) StdoutLine: {'line': b'-- Up-to-date: /home/ros2_ws/install/realsense2_camera_msgs/lib/librealsense2_camera_msgs__rosidl_typesupport_introspection_cpp.so\n'}
[1.015440] (realsense2_camera_msgs) StdoutLine: {'line': b'-- Up-to-date: /home/ros2_ws/install/realsense2_camera_msgs/lib/librealsense2_camera_msgs__rosidl_typesupport_cpp.so\n'}
[1.015643] (realsense2_camera_msgs) StdoutLine: {'line': b'-- Up-to-date: /home/ros2_ws/install/realsense2_camera_msgs/share/realsense2_camera_msgs/environment/pythonpath.sh\n'}
[1.015844] (realsense2_camera_msgs) StdoutLine: {'line': b'-- Up-to-date: /home/ros2_ws/install/realsense2_camera_msgs/share/realsense2_camera_msgs/environment/pythonpath.dsv\n'}
[1.016046] (realsense2_camera_msgs) StdoutLine: {'line': b'-- Up-to-date: /home/ros2_ws/install/realsense2_camera_msgs/local/lib/python3.10/dist-packages/realsense2_camera_msgs-4.54.1-py3.10.egg-info\n'}
[1.016249] (realsense2_camera_msgs) StdoutLine: {'line': b'-- Installing: /home/ros2_ws/install/realsense2_camera_msgs/local/lib/python3.10/dist-packages/realsense2_camera_msgs-4.54.1-py3.10.egg-info/SOURCES.txt\n'}
[1.016475] (realsense2_camera_msgs) StdoutLine: {'line': b'-- Installing: /home/ros2_ws/install/realsense2_camera_msgs/local/lib/python3.10/dist-packages/realsense2_camera_msgs-4.54.1-py3.10.egg-info/PKG-INFO\n'}
[1.016714] (realsense2_camera_msgs) StdoutLine: {'line': b'-- Installing: /home/ros2_ws/install/realsense2_camera_msgs/local/lib/python3.10/dist-packages/realsense2_camera_msgs-4.54.1-py3.10.egg-info/dependency_links.txt\n'}
[1.016927] (realsense2_camera_msgs) StdoutLine: {'line': b'-- Installing: /home/ros2_ws/install/realsense2_camera_msgs/local/lib/python3.10/dist-packages/realsense2_camera_msgs-4.54.1-py3.10.egg-info/top_level.txt\n'}
[1.017132] (realsense2_camera_msgs) StdoutLine: {'line': b'-- Up-to-date: /home/ros2_ws/install/realsense2_camera_msgs/local/lib/python3.10/dist-packages/realsense2_camera_msgs\n'}
[1.017334] (realsense2_camera_msgs) StdoutLine: {'line': b'-- Up-to-date: /home/ros2_ws/install/realsense2_camera_msgs/local/lib/python3.10/dist-packages/realsense2_camera_msgs/_realsense2_camera_msgs_s.ep.rosidl_typesupport_introspection_c.c\n'}
[1.017537] (realsense2_camera_msgs) StdoutLine: {'line': b'-- Up-to-date: /home/ros2_ws/install/realsense2_camera_msgs/local/lib/python3.10/dist-packages/realsense2_camera_msgs/realsense2_camera_msgs_s__rosidl_typesupport_c.cpython-310-aarch64-linux-gnu.so\n'}
[1.017763] (realsense2_camera_msgs) StdoutLine: {'line': b'-- Up-to-date: /home/ros2_ws/install/realsense2_camera_msgs/local/lib/python3.10/dist-packages/realsense2_camera_msgs/realsense2_camera_msgs_s__rosidl_typesupport_fastrtps_c.cpython-310-aarch64-linux-gnu.so\n'}
[1.017977] (realsense2_camera_msgs) StdoutLine: {'line': b'-- Up-to-date: /home/ros2_ws/install/realsense2_camera_msgs/local/lib/python3.10/dist-packages/realsense2_camera_msgs/_realsense2_camera_msgs_s.ep.rosidl_typesupport_fastrtps_c.c\n'}
[1.018183] (realsense2_camera_msgs) StdoutLine: {'line': b'-- Up-to-date: /home/ros2_ws/install/realsense2_camera_msgs/local/lib/python3.10/dist-packages/realsense2_camera_msgs/msg\n'}
[1.018388] (realsense2_camera_msgs) StdoutLine: {'line': b'-- Up-to-date: /home/ros2_ws/install/realsense2_camera_msgs/local/lib/python3.10/dist-packages/realsense2_camera_msgs/msg/_extrinsics_s.c\n'}
[1.018590] (realsense2_camera_msgs) StdoutLine: {'line': b'-- Up-to-date: /home/ros2_ws/install/realsense2_camera_msgs/local/lib/python3.10/dist-packages/realsense2_camera_msgs/msg/_extrinsics.py\n'}
[1.018794] (realsense2_camera_msgs) StdoutLine: {'line': b'-- Up-to-date: /home/ros2_ws/install/realsense2_camera_msgs/local/lib/python3.10/dist-packages/realsense2_camera_msgs/msg/_metadata.py\n'}
[1.018996] (realsense2_camera_msgs) StdoutLine: {'line': b'-- Up-to-date: /home/ros2_ws/install/realsense2_camera_msgs/local/lib/python3.10/dist-packages/realsense2_camera_msgs/msg/_imu_info.py\n'}
[1.019200] (realsense2_camera_msgs) StdoutLine: {'line': b'-- Up-to-date: /home/ros2_ws/install/realsense2_camera_msgs/local/lib/python3.10/dist-packages/realsense2_camera_msgs/msg/_imu_info_s.c\n'}
[1.019401] (realsense2_camera_msgs) StdoutLine: {'line': b'-- Up-to-date: /home/ros2_ws/install/realsense2_camera_msgs/local/lib/python3.10/dist-packages/realsense2_camera_msgs/msg/_metadata_s.c\n'}
[1.019600] (realsense2_camera_msgs) StdoutLine: {'line': b'-- Up-to-date: /home/ros2_ws/install/realsense2_camera_msgs/local/lib/python3.10/dist-packages/realsense2_camera_msgs/msg/__init__.py\n'}
[1.019802] (realsense2_camera_msgs) StdoutLine: {'line': b'-- Up-to-date: /home/ros2_ws/install/realsense2_camera_msgs/local/lib/python3.10/dist-packages/realsense2_camera_msgs/librealsense2_camera_msgs__rosidl_generator_py.so\n'}
[1.020005] (realsense2_camera_msgs) StdoutLine: {'line': b'-- Up-to-date: /home/ros2_ws/install/realsense2_camera_msgs/local/lib/python3.10/dist-packages/realsense2_camera_msgs/srv\n'}
[1.020207] (realsense2_camera_msgs) StdoutLine: {'line': b'-- Up-to-date: /home/ros2_ws/install/realsense2_camera_msgs/local/lib/python3.10/dist-packages/realsense2_camera_msgs/srv/_device_info.py\n'}
[1.020467] (realsense2_camera_msgs) StdoutLine: {'line': b'-- Up-to-date: /home/ros2_ws/install/realsense2_camera_msgs/local/lib/python3.10/dist-packages/realsense2_camera_msgs/srv/_device_info_s.c\n'}
[1.020716] (realsense2_camera_msgs) StdoutLine: {'line': b'-- Up-to-date: /home/ros2_ws/install/realsense2_camera_msgs/local/lib/python3.10/dist-packages/realsense2_camera_msgs/srv/__init__.py\n'}
[1.020924] (realsense2_camera_msgs) StdoutLine: {'line': b'-- Up-to-date: /home/ros2_ws/install/realsense2_camera_msgs/local/lib/python3.10/dist-packages/realsense2_camera_msgs/realsense2_camera_msgs_s__rosidl_typesupport_introspection_c.cpython-310-aarch64-linux-gnu.so\n'}
[1.021130] (realsense2_camera_msgs) StdoutLine: {'line': b'-- Up-to-date: /home/ros2_ws/install/realsense2_camera_msgs/local/lib/python3.10/dist-packages/realsense2_camera_msgs/_realsense2_camera_msgs_s.ep.rosidl_typesupport_c.c\n'}
[1.021336] (realsense2_camera_msgs) StdoutLine: {'line': b'-- Up-to-date: /home/ros2_ws/install/realsense2_camera_msgs/local/lib/python3.10/dist-packages/realsense2_camera_msgs/__init__.py\n'}
[1.070328] (realsense2_camera_msgs) StdoutLine: {'line': b"Listing '/home/ros2_ws/install/realsense2_camera_msgs/local/lib/python3.10/dist-packages/realsense2_camera_msgs'...\n"}
[1.070707] (realsense2_camera_msgs) StdoutLine: {'line': b"Listing '/home/ros2_ws/install/realsense2_camera_msgs/local/lib/python3.10/dist-packages/realsense2_camera_msgs/msg'...\n"}
[1.070972] (realsense2_camera_msgs) StdoutLine: {'line': b"Listing '/home/ros2_ws/install/realsense2_camera_msgs/local/lib/python3.10/dist-packages/realsense2_camera_msgs/srv'...\n"}
[1.083585] (realsense2_camera_msgs) StdoutLine: {'line': b'-- Up-to-date: /home/ros2_ws/install/realsense2_camera_msgs/local/lib/python3.10/dist-packages/realsense2_camera_msgs/realsense2_camera_msgs_s__rosidl_typesupport_fastrtps_c.cpython-310-aarch64-linux-gnu.so\n'}
[1.084121] (realsense2_camera_msgs) StdoutLine: {'line': b'-- Up-to-date: /home/ros2_ws/install/realsense2_camera_msgs/local/lib/python3.10/dist-packages/realsense2_camera_msgs/realsense2_camera_msgs_s__rosidl_typesupport_introspection_c.cpython-310-aarch64-linux-gnu.so\n'}
[1.084775] (realsense2_camera_msgs) StdoutLine: {'line': b'-- Up-to-date: /home/ros2_ws/install/realsense2_camera_msgs/local/lib/python3.10/dist-packages/realsense2_camera_msgs/realsense2_camera_msgs_s__rosidl_typesupport_c.cpython-310-aarch64-linux-gnu.so\n'}
[1.085414] (realsense2_camera_msgs) StdoutLine: {'line': b'-- Up-to-date: /home/ros2_ws/install/realsense2_camera_msgs/lib/librealsense2_camera_msgs__rosidl_generator_py.so\n'}
[1.085816] (realsense2_camera_msgs) StdoutLine: {'line': b'-- Up-to-date: /home/ros2_ws/install/realsense2_camera_msgs/share/realsense2_camera_msgs/msg/IMUInfo.idl\n'}
[1.086552] (realsense2_camera_msgs) StdoutLine: {'line': b'-- Up-to-date: /home/ros2_ws/install/realsense2_camera_msgs/share/realsense2_camera_msgs/msg/Extrinsics.idl\n'}
[1.087301] (realsense2_camera_msgs) StdoutLine: {'line': b'-- Up-to-date: /home/ros2_ws/install/realsense2_camera_msgs/share/realsense2_camera_msgs/msg/Metadata.idl\n'}
[1.088270] (realsense2_camera_msgs) StdoutLine: {'line': b'-- Up-to-date: /home/ros2_ws/install/realsense2_camera_msgs/share/realsense2_camera_msgs/srv/DeviceInfo.idl\n'}
[1.088534] (realsense2_camera_msgs) StdoutLine: {'line': b'-- Up-to-date: /home/ros2_ws/install/realsense2_camera_msgs/share/realsense2_camera_msgs/msg/IMUInfo.msg\n'}
[1.088774] (realsense2_camera_msgs) StdoutLine: {'line': b'-- Up-to-date: /home/ros2_ws/install/realsense2_camera_msgs/share/realsense2_camera_msgs/msg/Extrinsics.msg\n'}
[1.089264] (realsense2_camera_msgs) StdoutLine: {'line': b'-- Up-to-date: /home/ros2_ws/install/realsense2_camera_msgs/share/realsense2_camera_msgs/msg/Metadata.msg\n'}
[1.089783] (realsense2_camera_msgs) StdoutLine: {'line': b'-- Up-to-date: /home/ros2_ws/install/realsense2_camera_msgs/share/realsense2_camera_msgs/srv/DeviceInfo.srv\n'}
[1.090312] (realsense2_camera_msgs) StdoutLine: {'line': b'-- Up-to-date: /home/ros2_ws/install/realsense2_camera_msgs/share/realsense2_camera_msgs/srv/DeviceInfo_Request.msg\n'}
[1.090862] (realsense2_camera_msgs) StdoutLine: {'line': b'-- Up-to-date: /home/ros2_ws/install/realsense2_camera_msgs/share/realsense2_camera_msgs/srv/DeviceInfo_Response.msg\n'}
[1.091315] (realsense2_camera_msgs) StdoutLine: {'line': b'-- Up-to-date: /home/ros2_ws/install/realsense2_camera_msgs/share/ament_index/resource_index/package_run_dependencies/realsense2_camera_msgs\n'}
[1.091856] (realsense2_camera_msgs) StdoutLine: {'line': b'-- Up-to-date: /home/ros2_ws/install/realsense2_camera_msgs/share/ament_index/resource_index/parent_prefix_path/realsense2_camera_msgs\n'}
[1.092546] (realsense2_camera_msgs) StdoutLine: {'line': b'-- Up-to-date: /home/ros2_ws/install/realsense2_camera_msgs/share/realsense2_camera_msgs/environment/ament_prefix_path.sh\n'}
[1.093502] (realsense2_camera_msgs) StdoutLine: {'line': b'-- Up-to-date: /home/ros2_ws/install/realsense2_camera_msgs/share/realsense2_camera_msgs/environment/ament_prefix_path.dsv\n'}
[1.093735] (realsense2_camera_msgs) StdoutLine: {'line': b'-- Up-to-date: /home/ros2_ws/install/realsense2_camera_msgs/share/realsense2_camera_msgs/environment/path.sh\n'}
[1.093953] (realsense2_camera_msgs) StdoutLine: {'line': b'-- Up-to-date: /home/ros2_ws/install/realsense2_camera_msgs/share/realsense2_camera_msgs/environment/path.dsv\n'}
[1.094166] (realsense2_camera_msgs) StdoutLine: {'line': b'-- Up-to-date: /home/ros2_ws/install/realsense2_camera_msgs/share/realsense2_camera_msgs/local_setup.bash\n'}
[1.094373] (realsense2_camera_msgs) StdoutLine: {'line': b'-- Up-to-date: /home/ros2_ws/install/realsense2_camera_msgs/share/realsense2_camera_msgs/local_setup.sh\n'}
[1.094578] (realsense2_camera_msgs) StdoutLine: {'line': b'-- Up-to-date: /home/ros2_ws/install/realsense2_camera_msgs/share/realsense2_camera_msgs/local_setup.zsh\n'}
[1.094838] (realsense2_camera_msgs) StdoutLine: {'line': b'-- Up-to-date: /home/ros2_ws/install/realsense2_camera_msgs/share/realsense2_camera_msgs/local_setup.dsv\n'}
[1.095052] (realsense2_camera_msgs) StdoutLine: {'line': b'-- Installing: /home/ros2_ws/install/realsense2_camera_msgs/share/realsense2_camera_msgs/package.dsv\n'}
[1.095257] (realsense2_camera_msgs) StdoutLine: {'line': b'-- Up-to-date: /home/ros2_ws/install/realsense2_camera_msgs/share/ament_index/resource_index/packages/realsense2_camera_msgs\n'}
[1.095464] (realsense2_camera_msgs) StdoutLine: {'line': b'-- Up-to-date: /home/ros2_ws/install/realsense2_camera_msgs/share/realsense2_camera_msgs/cmake/export_realsense2_camera_msgs__rosidl_generator_cExport.cmake\n'}
[1.095672] (realsense2_camera_msgs) StdoutLine: {'line': b'-- Up-to-date: /home/ros2_ws/install/realsense2_camera_msgs/share/realsense2_camera_msgs/cmake/export_realsense2_camera_msgs__rosidl_generator_cExport-release.cmake\n'}
[1.095877] (realsense2_camera_msgs) StdoutLine: {'line': b'-- Up-to-date: /home/ros2_ws/install/realsense2_camera_msgs/share/realsense2_camera_msgs/cmake/export_realsense2_camera_msgs__rosidl_typesupport_fastrtps_cExport.cmake\n'}
[1.096082] (realsense2_camera_msgs) StdoutLine: {'line': b'-- Up-to-date: /home/ros2_ws/install/realsense2_camera_msgs/share/realsense2_camera_msgs/cmake/export_realsense2_camera_msgs__rosidl_typesupport_fastrtps_cExport-release.cmake\n'}
[1.096288] (realsense2_camera_msgs) StdoutLine: {'line': b'-- Up-to-date: /home/ros2_ws/install/realsense2_camera_msgs/share/realsense2_camera_msgs/cmake/realsense2_camera_msgs__rosidl_typesupport_introspection_cExport.cmake\n'}
[1.096492] (realsense2_camera_msgs) StdoutLine: {'line': b'-- Up-to-date: /home/ros2_ws/install/realsense2_camera_msgs/share/realsense2_camera_msgs/cmake/realsense2_camera_msgs__rosidl_typesupport_introspection_cExport-release.cmake\n'}
[1.096744] (realsense2_camera_msgs) StdoutLine: {'line': b'-- Up-to-date: /home/ros2_ws/install/realsense2_camera_msgs/share/realsense2_camera_msgs/cmake/realsense2_camera_msgs__rosidl_typesupport_cExport.cmake\n'}
[1.096955] (realsense2_camera_msgs) StdoutLine: {'line': b'-- Up-to-date: /home/ros2_ws/install/realsense2_camera_msgs/share/realsense2_camera_msgs/cmake/realsense2_camera_msgs__rosidl_typesupport_cExport-release.cmake\n'}
[1.097187] (realsense2_camera_msgs) StdoutLine: {'line': b'-- Up-to-date: /home/ros2_ws/install/realsense2_camera_msgs/share/realsense2_camera_msgs/cmake/export_realsense2_camera_msgs__rosidl_generator_cppExport.cmake\n'}
[1.097413] (realsense2_camera_msgs) StdoutLine: {'line': b'-- Up-to-date: /home/ros2_ws/install/realsense2_camera_msgs/share/realsense2_camera_msgs/cmake/export_realsense2_camera_msgs__rosidl_typesupport_fastrtps_cppExport.cmake\n'}
[1.097625] (realsense2_camera_msgs) StdoutLine: {'line': b'-- Up-to-date: /home/ros2_ws/install/realsense2_camera_msgs/share/realsense2_camera_msgs/cmake/export_realsense2_camera_msgs__rosidl_typesupport_fastrtps_cppExport-release.cmake\n'}
[1.097834] (realsense2_camera_msgs) StdoutLine: {'line': b'-- Up-to-date: /home/ros2_ws/install/realsense2_camera_msgs/share/realsense2_camera_msgs/cmake/realsense2_camera_msgs__rosidl_typesupport_introspection_cppExport.cmake\n'}
[1.098187] (realsense2_camera_msgs) StdoutLine: {'line': b'-- Up-to-date: /home/ros2_ws/install/realsense2_camera_msgs/share/realsense2_camera_msgs/cmake/realsense2_camera_msgs__rosidl_typesupport_introspection_cppExport-release.cmake\n'}
[1.098952] (realsense2_camera_msgs) StdoutLine: {'line': b'-- Up-to-date: /home/ros2_ws/install/realsense2_camera_msgs/share/realsense2_camera_msgs/cmake/realsense2_camera_msgs__rosidl_typesupport_cppExport.cmake\n'}
[1.100717] (realsense2_camera_msgs) StdoutLine: {'line': b'-- Up-to-date: /home/ros2_ws/install/realsense2_camera_msgs/share/realsense2_camera_msgs/cmake/realsense2_camera_msgs__rosidl_typesupport_cppExport-release.cmake\n'}
[1.101187] (-) TimerEvent: {}
[1.101262] (realsense2_camera_msgs) StdoutLine: {'line': b'-- Up-to-date: /home/ros2_ws/install/realsense2_camera_msgs/share/realsense2_camera_msgs/cmake/export_realsense2_camera_msgs__rosidl_generator_pyExport.cmake\n'}
[1.101622] (realsense2_camera_msgs) StdoutLine: {'line': b'-- Up-to-date: /home/ros2_ws/install/realsense2_camera_msgs/share/realsense2_camera_msgs/cmake/export_realsense2_camera_msgs__rosidl_generator_pyExport-release.cmake\n'}
[1.102336] (realsense2_camera_msgs) StdoutLine: {'line': b'-- Up-to-date: /home/ros2_ws/install/realsense2_camera_msgs/share/realsense2_camera_msgs/cmake/rosidl_cmake-extras.cmake\n'}
[1.103263] (realsense2_camera_msgs) StdoutLine: {'line': b'-- Up-to-date: /home/ros2_ws/install/realsense2_camera_msgs/share/realsense2_camera_msgs/cmake/ament_cmake_export_dependencies-extras.cmake\n'}
[1.103759] (realsense2_camera_msgs) StdoutLine: {'line': b'-- Up-to-date: /home/ros2_ws/install/realsense2_camera_msgs/share/realsense2_camera_msgs/cmake/ament_cmake_export_include_directories-extras.cmake\n'}
[1.104621] (realsense2_camera_msgs) StdoutLine: {'line': b'-- Up-to-date: /home/ros2_ws/install/realsense2_camera_msgs/share/realsense2_camera_msgs/cmake/ament_cmake_export_libraries-extras.cmake\n'}
[1.105178] (realsense2_camera_msgs) StdoutLine: {'line': b'-- Up-to-date: /home/ros2_ws/install/realsense2_camera_msgs/share/realsense2_camera_msgs/cmake/ament_cmake_export_targets-extras.cmake\n'}
[1.105687] (realsense2_camera_msgs) StdoutLine: {'line': b'-- Up-to-date: /home/ros2_ws/install/realsense2_camera_msgs/share/realsense2_camera_msgs/cmake/rosidl_cmake_export_typesupport_targets-extras.cmake\n'}
[1.106169] (realsense2_camera_msgs) StdoutLine: {'line': b'-- Up-to-date: /home/ros2_ws/install/realsense2_camera_msgs/share/realsense2_camera_msgs/cmake/rosidl_cmake_export_typesupport_libraries-extras.cmake\n'}
[1.106745] (realsense2_camera_msgs) StdoutLine: {'line': b'-- Up-to-date: /home/ros2_ws/install/realsense2_camera_msgs/share/realsense2_camera_msgs/cmake/realsense2_camera_msgsConfig.cmake\n'}
[1.107317] (realsense2_camera_msgs) StdoutLine: {'line': b'-- Up-to-date: /home/ros2_ws/install/realsense2_camera_msgs/share/realsense2_camera_msgs/cmake/realsense2_camera_msgsConfig-version.cmake\n'}
[1.107641] (realsense2_camera_msgs) StdoutLine: {'line': b'-- Up-to-date: /home/ros2_ws/install/realsense2_camera_msgs/share/realsense2_camera_msgs/package.xml\n'}
[1.108244] (realsense2_camera_msgs) CommandEnded: {'returncode': 0}
[1.193883] (realsense2_camera_msgs) JobEnded: {'identifier': 'realsense2_camera_msgs', 'rc': 0}
[1.197398] (realsense2_camera) JobStarted: {'identifier': 'realsense2_camera'}
[1.201586] (-) TimerEvent: {}
[1.224667] (realsense2_camera) JobProgress: {'identifier': 'realsense2_camera', 'progress': 'cmake'}
[1.226540] (realsense2_camera) JobProgress: {'identifier': 'realsense2_camera', 'progress': 'build'}
[1.227471] (realsense2_camera) Command: {'cmd': ['/usr/bin/cmake', '--build', '/home/ros2_ws/build/realsense2_camera'], 'cwd': '/home/ros2_ws/build/realsense2_camera', 'env': OrderedDict([('CMAKE_BUILD_PARALLEL_LEVEL', '3'), ('HOSTNAME', 'xterra-orin'), ('SHLVL', '1'), ('LD_LIBRARY_PATH', '/home/ros2_ws/install/realsense2_camera_msgs/lib:/home/ros2_ws/install/xterra_perception_api/lib:/home/ros2_ws/install/xterra/lib:/home/ros2_ws/install/realsense2_camera/lib:/home/ros2_ws/install/livox_ros_driver2/lib:/opt/ros/humble/opt/rviz_ogre_vendor/lib:/opt/ros/humble/lib/aarch64-linux-gnu:/opt/ros/humble/lib:/usr/local/lib'), ('HOME', '/root'), ('OLDPWD', '/home/ros2_ws'), ('ROS_PYTHON_VERSION', '3'), ('MAKEFLAGS', '-j3'), ('COLCON_PREFIX_PATH', '/home/ros2_ws/install'), ('ROS_DISTRO', 'humble'), ('_', '/usr/bin/colcon'), ('ROS_VERSION', '2'), ('NVIDIA_DRIVER_CAPABILITIES', 'all'), ('OrbbecSDK_DIR', '/usr/local/lib/cmake/OrbbecSDK'), ('ROS_LOCALHOST_ONLY', '0'), ('QT_X11_NO_MITSHM', '1'), ('PATH', '/opt/ros/humble/bin:/usr/local/sbin:/usr/local/bin:/usr/sbin:/usr/bin:/sbin:/bin'), ('DISPLAY', ''), ('LANG', 'C.UTF-8'), ('RMW_IMPLEMENTATION', 'rmw_cyclonedds_cpp'), ('ROS_DOMAIN_ID', '0'), ('AMENT_PREFIX_PATH', '/home/ros2_ws/install/xterra_perception_api:/home/ros2_ws/install/xterra:/home/ros2_ws/install/m2_metal_description:/home/ros2_ws/install/sensor_description:/home/ros2_ws/install/realsense2_camera:/home/ros2_ws/install/realsense2_camera_msgs:/home/ros2_ws/install/livox_ros_driver2:/opt/ros/humble'), ('DEBIAN_FRONTEND', 'noninteractive'), ('PWD', '/home/ros2_ws/build/realsense2_camera'), ('LC_ALL', 'C.UTF-8'), ('PYTHONPATH', '/home/ros2_ws/install/xterra/local/lib/python3.10/dist-packages:/home/ros2_ws/install/realsense2_camera_msgs/local/lib/python3.10/dist-packages:/home/ros2_ws/install/livox_ros_driver2/local/lib/python3.10/dist-packages:/opt/ros/humble/lib/python3.10/site-packages:/opt/ros/humble/local/lib/python3.10/dist-packages'), ('NVIDIA_VISIBLE_DEVICES', 'all'), ('COLCON', '1'), ('CMAKE_PREFIX_PATH', '/home/ros2_ws/install/realsense2_camera_msgs:/home/ros2_ws/install/xterra_perception_api:/home/ros2_ws/install/xterra:/home/ros2_ws/install/m2_metal_description:/home/ros2_ws/install/sensor_description:/home/ros2_ws/install/realsense2_camera:/home/ros2_ws/install/livox_ros_driver2:/opt/OrbbecSDK_v2.4.11/lib:/opt/ros/humble')]), 'shell': False}
[1.301699] (-) TimerEvent: {}
[1.394600] (realsense2_camera) StdoutLine: {'line': b'[ 12%] Built target realsense2_camera_node\n'}
[1.401831] (-) TimerEvent: {}
[1.456168] (realsense2_camera) StdoutLine: {'line': b'[100%] Built target realsense2_camera\n'}
[1.485500] (realsense2_camera) CommandEnded: {'returncode': 0}
[1.487804] (realsense2_camera) JobProgress: {'identifier': 'realsense2_camera', 'progress': 'install'}
[1.488923] (realsense2_camera) Command: {'cmd': ['/usr/bin/cmake', '--install', '/home/ros2_ws/build/realsense2_camera'], 'cwd': '/home/ros2_ws/build/realsense2_camera', 'env': OrderedDict([('CMAKE_BUILD_PARALLEL_LEVEL', '3'), ('HOSTNAME', 'xterra-orin'), ('SHLVL', '1'), ('LD_LIBRARY_PATH', '/home/ros2_ws/install/realsense2_camera_msgs/lib:/home/ros2_ws/install/xterra_perception_api/lib:/home/ros2_ws/install/xterra/lib:/home/ros2_ws/install/realsense2_camera/lib:/home/ros2_ws/install/livox_ros_driver2/lib:/opt/ros/humble/opt/rviz_ogre_vendor/lib:/opt/ros/humble/lib/aarch64-linux-gnu:/opt/ros/humble/lib:/usr/local/lib'), ('HOME', '/root'), ('OLDPWD', '/home/ros2_ws'), ('ROS_PYTHON_VERSION', '3'), ('MAKEFLAGS', '-j3'), ('COLCON_PREFIX_PATH', '/home/ros2_ws/install'), ('ROS_DISTRO', 'humble'), ('_', '/usr/bin/colcon'), ('ROS_VERSION', '2'), ('NVIDIA_DRIVER_CAPABILITIES', 'all'), ('OrbbecSDK_DIR', '/usr/local/lib/cmake/OrbbecSDK'), ('ROS_LOCALHOST_ONLY', '0'), ('QT_X11_NO_MITSHM', '1'), ('PATH', '/opt/ros/humble/bin:/usr/local/sbin:/usr/local/bin:/usr/sbin:/usr/bin:/sbin:/bin'), ('DISPLAY', ''), ('LANG', 'C.UTF-8'), ('RMW_IMPLEMENTATION', 'rmw_cyclonedds_cpp'), ('ROS_DOMAIN_ID', '0'), ('AMENT_PREFIX_PATH', '/home/ros2_ws/install/xterra_perception_api:/home/ros2_ws/install/xterra:/home/ros2_ws/install/m2_metal_description:/home/ros2_ws/install/sensor_description:/home/ros2_ws/install/realsense2_camera:/home/ros2_ws/install/realsense2_camera_msgs:/home/ros2_ws/install/livox_ros_driver2:/opt/ros/humble'), ('DEBIAN_FRONTEND', 'noninteractive'), ('PWD', '/home/ros2_ws/build/realsense2_camera'), ('LC_ALL', 'C.UTF-8'), ('PYTHONPATH', '/home/ros2_ws/install/xterra/local/lib/python3.10/dist-packages:/home/ros2_ws/install/realsense2_camera_msgs/local/lib/python3.10/dist-packages:/home/ros2_ws/install/livox_ros_driver2/local/lib/python3.10/dist-packages:/opt/ros/humble/lib/python3.10/site-packages:/opt/ros/humble/local/lib/python3.10/dist-packages'), ('NVIDIA_VISIBLE_DEVICES', 'all'), ('COLCON', '1'), ('CMAKE_PREFIX_PATH', '/home/ros2_ws/install/realsense2_camera_msgs:/home/ros2_ws/install/xterra_perception_api:/home/ros2_ws/install/xterra:/home/ros2_ws/install/m2_metal_description:/home/ros2_ws/install/sensor_description:/home/ros2_ws/install/realsense2_camera:/home/ros2_ws/install/livox_ros_driver2:/opt/OrbbecSDK_v2.4.11/lib:/opt/ros/humble')]), 'shell': False}
[1.501958] (-) TimerEvent: {}
[1.516172] (realsense2_camera) StdoutLine: {'line': b'-- Install configuration: "Release"\n'}
[1.516667] (realsense2_camera) StdoutLine: {'line': b'-- Up-to-date: /home/ros2_ws/install/realsense2_camera/lib/realsense2_camera/realsense2_camera_node\n'}
[1.517127] (realsense2_camera) StdoutLine: {'line': b'-- Up-to-date: /home/ros2_ws/install/realsense2_camera/lib/librealsense2_camera.so\n'}
[1.517520] (realsense2_camera) StdoutLine: {'line': b'-- Up-to-date: /home/ros2_ws/install/realsense2_camera/include\n'}
[1.518391] (realsense2_camera) StdoutLine: {'line': b'-- Up-to-date: /home/ros2_ws/install/realsense2_camera/include/ros_utils.h\n'}
[1.518971] (realsense2_camera) StdoutLine: {'line': b'-- Up-to-date: /home/ros2_ws/install/realsense2_camera/include/ros_param_backend.h\n'}
[1.519751] (realsense2_camera) StdoutLine: {'line': b'-- Up-to-date: /home/ros2_ws/install/realsense2_camera/include/realsense_node_factory.h\n'}
[1.519990] (realsense2_camera) StdoutLine: {'line': b'-- Up-to-date: /home/ros2_ws/install/realsense2_camera/include/dynamic_params.h\n'}
[1.520578] (realsense2_camera) StdoutLine: {'line': b'-- Up-to-date: /home/ros2_ws/install/realsense2_camera/include/sensor_params.h\n'}
[1.521176] (realsense2_camera) StdoutLine: {'line': b'-- Up-to-date: /home/ros2_ws/install/realsense2_camera/include/named_filter.h\n'}
[1.521401] (realsense2_camera) StdoutLine: {'line': b'-- Up-to-date: /home/ros2_ws/install/realsense2_camera/include/image_publisher.h\n'}
[1.521617] (realsense2_camera) StdoutLine: {'line': b'-- Up-to-date: /home/ros2_ws/install/realsense2_camera/include/base_realsense_node.h\n'}
[1.521828] (realsense2_camera) StdoutLine: {'line': b'-- Up-to-date: /home/ros2_ws/install/realsense2_camera/include/ros_sensor.h\n'}
[1.522035] (realsense2_camera) StdoutLine: {'line': b'-- Up-to-date: /home/ros2_ws/install/realsense2_camera/include/constants.h\n'}
[1.522238] (realsense2_camera) StdoutLine: {'line': b'-- Up-to-date: /home/ros2_ws/install/realsense2_camera/include/profile_manager.h\n'}
[1.522443] (realsense2_camera) StdoutLine: {'line': b'-- Up-to-date: /home/ros2_ws/install/realsense2_camera/share/realsense2_camera/launch\n'}
[1.522647] (realsense2_camera) StdoutLine: {'line': b'-- Up-to-date: /home/ros2_ws/install/realsense2_camera/share/realsense2_camera/launch/default.rviz\n'}
[1.522892] (realsense2_camera) StdoutLine: {'line': b'-- Up-to-date: /home/ros2_ws/install/realsense2_camera/share/realsense2_camera/launch/rs_launch.py\n'}
[1.523138] (realsense2_camera) StdoutLine: {'line': b'-- Up-to-date: /home/ros2_ws/install/realsense2_camera/share/realsense2_camera/launch/rs_intra_process_demo_launch.py\n'}
[1.523365] (realsense2_camera) StdoutLine: {'line': b'-- Up-to-date: /home/ros2_ws/install/realsense2_camera/share/realsense2_camera/launch/rs_multi_camera_launch.py\n'}
[1.524173] (realsense2_camera) StdoutLine: {'line': b'-- Up-to-date: /home/ros2_ws/install/realsense2_camera/share/realsense2_camera/environment/library_path.sh\n'}
[1.526702] (realsense2_camera) StdoutLine: {'line': b'-- Up-to-date: /home/ros2_ws/install/realsense2_camera/share/realsense2_camera/environment/library_path.dsv\n'}
[1.527356] (realsense2_camera) StdoutLine: {'line': b'-- Up-to-date: /home/ros2_ws/install/realsense2_camera/share/ament_index/resource_index/package_run_dependencies/realsense2_camera\n'}
[1.527640] (realsense2_camera) StdoutLine: {'line': b'-- Up-to-date: /home/ros2_ws/install/realsense2_camera/share/ament_index/resource_index/parent_prefix_path/realsense2_camera\n'}
[1.528092] (realsense2_camera) StdoutLine: {'line': b'-- Up-to-date: /home/ros2_ws/install/realsense2_camera/share/realsense2_camera/environment/ament_prefix_path.sh\n'}
[1.528369] (realsense2_camera) StdoutLine: {'line': b'-- Up-to-date: /home/ros2_ws/install/realsense2_camera/share/realsense2_camera/environment/ament_prefix_path.dsv\n'}
[1.528682] (realsense2_camera) StdoutLine: {'line': b'-- Up-to-date: /home/ros2_ws/install/realsense2_camera/share/realsense2_camera/environment/path.sh\n'}
[1.529174] (realsense2_camera) StdoutLine: {'line': b'-- Up-to-date: /home/ros2_ws/install/realsense2_camera/share/realsense2_camera/environment/path.dsv\n'}
[1.529681] (realsense2_camera) StdoutLine: {'line': b'-- Up-to-date: /home/ros2_ws/install/realsense2_camera/share/realsense2_camera/local_setup.bash\n'}
[1.530186] (realsense2_camera) StdoutLine: {'line': b'-- Up-to-date: /home/ros2_ws/install/realsense2_camera/share/realsense2_camera/local_setup.sh\n'}
[1.530781] (realsense2_camera) StdoutLine: {'line': b'-- Up-to-date: /home/ros2_ws/install/realsense2_camera/share/realsense2_camera/local_setup.zsh\n'}
[1.531139] (realsense2_camera) StdoutLine: {'line': b'-- Up-to-date: /home/ros2_ws/install/realsense2_camera/share/realsense2_camera/local_setup.dsv\n'}
[1.531840] (realsense2_camera) StdoutLine: {'line': b'-- Installing: /home/ros2_ws/install/realsense2_camera/share/realsense2_camera/package.dsv\n'}
[1.532241] (realsense2_camera) StdoutLine: {'line': b'-- Up-to-date: /home/ros2_ws/install/realsense2_camera/share/ament_index/resource_index/packages/realsense2_camera\n'}
[1.532757] (realsense2_camera) StdoutLine: {'line': b'-- Up-to-date: /home/ros2_ws/install/realsense2_camera/share/ament_index/resource_index/rclcpp_components/realsense2_camera\n'}
[1.533229] (realsense2_camera) StdoutLine: {'line': b'-- Up-to-date: /home/ros2_ws/install/realsense2_camera/share/realsense2_camera/cmake/ament_cmake_export_include_directories-extras.cmake\n'}
[1.533653] (realsense2_camera) StdoutLine: {'line': b'-- Up-to-date: /home/ros2_ws/install/realsense2_camera/share/realsense2_camera/cmake/ament_cmake_export_libraries-extras.cmake\n'}
[1.534009] (realsense2_camera) StdoutLine: {'line': b'-- Up-to-date: /home/ros2_ws/install/realsense2_camera/share/realsense2_camera/cmake/ament_cmake_export_dependencies-extras.cmake\n'}
[1.534450] (realsense2_camera) StdoutLine: {'line': b'-- Up-to-date: /home/ros2_ws/install/realsense2_camera/share/realsense2_camera/cmake/realsense2_cameraConfig.cmake\n'}
[1.534844] (realsense2_camera) StdoutLine: {'line': b'-- Up-to-date: /home/ros2_ws/install/realsense2_camera/share/realsense2_camera/cmake/realsense2_cameraConfig-version.cmake\n'}
[1.535225] (realsense2_camera) StdoutLine: {'line': b'-- Up-to-date: /home/ros2_ws/install/realsense2_camera/share/realsense2_camera/package.xml\n'}
[1.535626] (realsense2_camera) CommandEnded: {'returncode': 0}
[1.602118] (-) TimerEvent: {}
[1.621001] (realsense2_camera) JobEnded: {'identifier': 'realsense2_camera', 'rc': 0}
[1.623855] (-) EventReactorShutdown: {}
