[0.035s] Invoking command in '/home/ros2_ws/build/realsense2_camera': CMAKE_PREFIX_PATH=/home/ros2_ws/install/realsense2_camera_msgs:/home/ros2_ws/install/xterra_perception_api:/home/ros2_ws/install/xterra:/home/ros2_ws/install/m2_metal_description:/home/ros2_ws/install/sensor_description:/home/ros2_ws/install/realsense2_camera:/home/ros2_ws/install/livox_ros_driver2:/workspace/pcl_overlay/install/pcl_ros:/opt/OrbbecSDK_v2.4.11/lib:/opt/ros/humble LD_LIBRARY_PATH=/home/ros2_ws/install/realsense2_camera_msgs/lib:/home/ros2_ws/install/xterra_perception_api/lib:/home/ros2_ws/install/xterra/lib:/home/ros2_ws/install/realsense2_camera/lib:/home/ros2_ws/install/livox_ros_driver2/lib:/workspace/pcl_overlay/install/pcl_ros/lib:/opt/ros/humble/lib/aarch64-linux-gnu:/opt/ros/humble/lib:/usr/local/lib /usr/bin/cmake --build /home/ros2_ws/build/realsense2_camera -- -j6 -l6
[0.115s] -- Create Release Build.
[0.116s] -- Found ament_cmake: 1.3.13 (/opt/ros/humble/share/ament_cmake/cmake)
[0.504s] -- Found builtin_interfaces: 1.2.2 (/opt/ros/humble/share/builtin_interfaces/cmake)
[0.562s] -- Found rosidl_generator_c: 3.1.8 (/opt/ros/humble/share/rosidl_generator_c/cmake)
[0.567s] -- Found rosidl_adapter: 3.1.8 (/opt/ros/humble/share/rosidl_adapter/cmake)
[0.584s] -- Found rosidl_generator_cpp: 3.1.8 (/opt/ros/humble/share/rosidl_generator_cpp/cmake)
[0.606s] -- Using all available rosidl_typesupport_c: rosidl_typesupport_fastrtps_c;rosidl_typesupport_introspection_c
[0.635s] -- Using all available rosidl_typesupport_cpp: rosidl_typesupport_fastrtps_cpp;rosidl_typesupport_introspection_cpp
[0.662s] -- Found cv_bridge: 3.2.1 (/opt/ros/humble/share/cv_bridge/cmake)
[0.791s] -- Found image_transport: 3.1.12 (/opt/ros/humble/share/image_transport/cmake)
[0.865s] -- Found rmw_implementation_cmake: 6.1.2 (/opt/ros/humble/share/rmw_implementation_cmake/cmake)
[0.869s] -- Found rmw_cyclonedds_cpp: 1.3.4 (/opt/ros/humble/share/rmw_cyclonedds_cpp/cmake)
[0.912s] -- Using RMW implementation 'rmw_cyclonedds_cpp' as default
[1.069s] -- Found rclcpp_components: 16.0.18 (/opt/ros/humble/share/rclcpp_components/cmake)
[1.119s] -- Found realsense2_camera_msgs: 4.54.1 (/home/ros2_ws/install/realsense2_camera_msgs/share/realsense2_camera_msgs/cmake)
[1.158s] -- Found nav_msgs: 4.9.1 (/opt/ros/humble/share/nav_msgs/cmake)
[1.202s] -- Found tf2_ros: 0.25.19 (/opt/ros/humble/share/tf2_ros/cmake)
[1.374s] -- Found diagnostic_updater: 4.0.6 (/opt/ros/humble/share/diagnostic_updater/cmake)
[1.422s] -- Build for ROS2 Humble
[1.625s] -- Configuring done
[1.722s] -- Generating done
[1.743s] -- Build files have been written to: /home/ros2_ws/build/realsense2_camera
[1.831s] [35m[1mConsolidate compiler generated dependencies of target realsense2_camera_node[0m
[1.871s] [35m[1mConsolidate compiler generated dependencies of target realsense2_camera[0m
[1.886s] [ 12%] Built target realsense2_camera_node
[2.019s] [ 31%] [32mBuilding CXX object CMakeFiles/realsense2_camera.dir/src/parameters.cpp.o[0m
[2.020s] [ 31%] [32mBuilding CXX object CMakeFiles/realsense2_camera.dir/src/realsense_node_factory.cpp.o[0m
[2.020s] [ 31%] [32mBuilding CXX object CMakeFiles/realsense2_camera.dir/src/base_realsense_node.cpp.o[0m
[2.022s] [ 43%] [32mBuilding CXX object CMakeFiles/realsense2_camera.dir/src/ros_utils.cpp.o[0m
[2.022s] [ 43%] [32mBuilding CXX object CMakeFiles/realsense2_camera.dir/src/ros_sensor.cpp.o[0m
[2.040s] [ 50%] [32mBuilding CXX object CMakeFiles/realsense2_camera.dir/src/rs_node_setup.cpp.o[0m
[17.263s] [ 56%] [32mBuilding CXX object CMakeFiles/realsense2_camera.dir/src/dynamic_params.cpp.o[0m
[30.699s] [ 62%] [32mBuilding CXX object CMakeFiles/realsense2_camera.dir/src/sensor_params.cpp.o[0m
[30.856s] [ 68%] [32mBuilding CXX object CMakeFiles/realsense2_camera.dir/src/named_filter.cpp.o[0m
[39.360s] [ 75%] [32mBuilding CXX object CMakeFiles/realsense2_camera.dir/src/profile_manager.cpp.o[0m
[43.334s] [ 81%] [32mBuilding CXX object CMakeFiles/realsense2_camera.dir/src/tfs.cpp.o[0m
[76.464s] [ 87%] [32m[1mLinking CXX shared library librealsense2_camera.so[0m
[78.504s] [100%] Built target realsense2_camera
[78.540s] Invoked command in '/home/ros2_ws/build/realsense2_camera' returned '0': CMAKE_PREFIX_PATH=/home/ros2_ws/install/realsense2_camera_msgs:/home/ros2_ws/install/xterra_perception_api:/home/ros2_ws/install/xterra:/home/ros2_ws/install/m2_metal_description:/home/ros2_ws/install/sensor_description:/home/ros2_ws/install/realsense2_camera:/home/ros2_ws/install/livox_ros_driver2:/workspace/pcl_overlay/install/pcl_ros:/opt/OrbbecSDK_v2.4.11/lib:/opt/ros/humble LD_LIBRARY_PATH=/home/ros2_ws/install/realsense2_camera_msgs/lib:/home/ros2_ws/install/xterra_perception_api/lib:/home/ros2_ws/install/xterra/lib:/home/ros2_ws/install/realsense2_camera/lib:/home/ros2_ws/install/livox_ros_driver2/lib:/workspace/pcl_overlay/install/pcl_ros/lib:/opt/ros/humble/lib/aarch64-linux-gnu:/opt/ros/humble/lib:/usr/local/lib /usr/bin/cmake --build /home/ros2_ws/build/realsense2_camera -- -j6 -l6
[78.546s] Invoking command in '/home/ros2_ws/build/realsense2_camera': CMAKE_PREFIX_PATH=/home/ros2_ws/install/realsense2_camera_msgs:/home/ros2_ws/install/xterra_perception_api:/home/ros2_ws/install/xterra:/home/ros2_ws/install/m2_metal_description:/home/ros2_ws/install/sensor_description:/home/ros2_ws/install/realsense2_camera:/home/ros2_ws/install/livox_ros_driver2:/workspace/pcl_overlay/install/pcl_ros:/opt/OrbbecSDK_v2.4.11/lib:/opt/ros/humble LD_LIBRARY_PATH=/home/ros2_ws/install/realsense2_camera_msgs/lib:/home/ros2_ws/install/xterra_perception_api/lib:/home/ros2_ws/install/xterra/lib:/home/ros2_ws/install/realsense2_camera/lib:/home/ros2_ws/install/livox_ros_driver2/lib:/workspace/pcl_overlay/install/pcl_ros/lib:/opt/ros/humble/lib/aarch64-linux-gnu:/opt/ros/humble/lib:/usr/local/lib /usr/bin/cmake --install /home/ros2_ws/build/realsense2_camera
[78.568s] -- Install configuration: "Release"
[78.569s] -- Up-to-date: /home/ros2_ws/install/realsense2_camera/lib/realsense2_camera/realsense2_camera_node
[78.569s] -- Installing: /home/ros2_ws/install/realsense2_camera/lib/librealsense2_camera.so
[78.578s] -- Set runtime path of "/home/ros2_ws/install/realsense2_camera/lib/librealsense2_camera.so" to ""
[78.579s] -- Up-to-date: /home/ros2_ws/install/realsense2_camera/include
[78.579s] -- Up-to-date: /home/ros2_ws/install/realsense2_camera/include/ros_utils.h
[78.579s] -- Up-to-date: /home/ros2_ws/install/realsense2_camera/include/ros_param_backend.h
[78.579s] -- Up-to-date: /home/ros2_ws/install/realsense2_camera/include/realsense_node_factory.h
[78.579s] -- Up-to-date: /home/ros2_ws/install/realsense2_camera/include/dynamic_params.h
[78.580s] -- Up-to-date: /home/ros2_ws/install/realsense2_camera/include/sensor_params.h
[78.580s] -- Up-to-date: /home/ros2_ws/install/realsense2_camera/include/named_filter.h
[78.581s] -- Up-to-date: /home/ros2_ws/install/realsense2_camera/include/image_publisher.h
[78.581s] -- Up-to-date: /home/ros2_ws/install/realsense2_camera/include/base_realsense_node.h
[78.581s] -- Up-to-date: /home/ros2_ws/install/realsense2_camera/include/ros_sensor.h
[78.581s] -- Up-to-date: /home/ros2_ws/install/realsense2_camera/include/constants.h
[78.581s] -- Up-to-date: /home/ros2_ws/install/realsense2_camera/include/profile_manager.h
[78.582s] -- Up-to-date: /home/ros2_ws/install/realsense2_camera/share/realsense2_camera/launch
[78.582s] -- Up-to-date: /home/ros2_ws/install/realsense2_camera/share/realsense2_camera/launch/default.rviz
[78.582s] -- Up-to-date: /home/ros2_ws/install/realsense2_camera/share/realsense2_camera/launch/rs_launch.py
[78.582s] -- Up-to-date: /home/ros2_ws/install/realsense2_camera/share/realsense2_camera/launch/rs_intra_process_demo_launch.py
[78.582s] -- Up-to-date: /home/ros2_ws/install/realsense2_camera/share/realsense2_camera/launch/rs_multi_camera_launch.py
[78.582s] -- Up-to-date: /home/ros2_ws/install/realsense2_camera/share/realsense2_camera/environment/library_path.sh
[78.583s] -- Installing: /home/ros2_ws/install/realsense2_camera/share/realsense2_camera/environment/library_path.dsv
[78.583s] -- Up-to-date: /home/ros2_ws/install/realsense2_camera/share/ament_index/resource_index/package_run_dependencies/realsense2_camera
[78.583s] -- Installing: /home/ros2_ws/install/realsense2_camera/share/ament_index/resource_index/parent_prefix_path/realsense2_camera
[78.583s] -- Up-to-date: /home/ros2_ws/install/realsense2_camera/share/realsense2_camera/environment/ament_prefix_path.sh
[78.583s] -- Installing: /home/ros2_ws/install/realsense2_camera/share/realsense2_camera/environment/ament_prefix_path.dsv
[78.583s] -- Up-to-date: /home/ros2_ws/install/realsense2_camera/share/realsense2_camera/environment/path.sh
[78.584s] -- Installing: /home/ros2_ws/install/realsense2_camera/share/realsense2_camera/environment/path.dsv
[78.584s] -- Up-to-date: /home/ros2_ws/install/realsense2_camera/share/realsense2_camera/local_setup.bash
[78.584s] -- Up-to-date: /home/ros2_ws/install/realsense2_camera/share/realsense2_camera/local_setup.sh
[78.584s] -- Up-to-date: /home/ros2_ws/install/realsense2_camera/share/realsense2_camera/local_setup.zsh
[78.584s] -- Installing: /home/ros2_ws/install/realsense2_camera/share/realsense2_camera/local_setup.dsv
[78.585s] -- Installing: /home/ros2_ws/install/realsense2_camera/share/realsense2_camera/package.dsv
[78.585s] -- Up-to-date: /home/ros2_ws/install/realsense2_camera/share/ament_index/resource_index/packages/realsense2_camera
[78.585s] -- Up-to-date: /home/ros2_ws/install/realsense2_camera/share/ament_index/resource_index/rclcpp_components/realsense2_camera
[78.585s] -- Up-to-date: /home/ros2_ws/install/realsense2_camera/share/realsense2_camera/cmake/ament_cmake_export_include_directories-extras.cmake
[78.585s] -- Up-to-date: /home/ros2_ws/install/realsense2_camera/share/realsense2_camera/cmake/ament_cmake_export_libraries-extras.cmake
[78.585s] -- Up-to-date: /home/ros2_ws/install/realsense2_camera/share/realsense2_camera/cmake/ament_cmake_export_dependencies-extras.cmake
[78.586s] -- Up-to-date: /home/ros2_ws/install/realsense2_camera/share/realsense2_camera/cmake/realsense2_cameraConfig.cmake
[78.586s] -- Up-to-date: /home/ros2_ws/install/realsense2_camera/share/realsense2_camera/cmake/realsense2_cameraConfig-version.cmake
[78.586s] -- Up-to-date: /home/ros2_ws/install/realsense2_camera/share/realsense2_camera/package.xml
[78.593s] Invoked command in '/home/ros2_ws/build/realsense2_camera' returned '0': CMAKE_PREFIX_PATH=/home/ros2_ws/install/realsense2_camera_msgs:/home/ros2_ws/install/xterra_perception_api:/home/ros2_ws/install/xterra:/home/ros2_ws/install/m2_metal_description:/home/ros2_ws/install/sensor_description:/home/ros2_ws/install/realsense2_camera:/home/ros2_ws/install/livox_ros_driver2:/workspace/pcl_overlay/install/pcl_ros:/opt/OrbbecSDK_v2.4.11/lib:/opt/ros/humble LD_LIBRARY_PATH=/home/ros2_ws/install/realsense2_camera_msgs/lib:/home/ros2_ws/install/xterra_perception_api/lib:/home/ros2_ws/install/xterra/lib:/home/ros2_ws/install/realsense2_camera/lib:/home/ros2_ws/install/livox_ros_driver2/lib:/workspace/pcl_overlay/install/pcl_ros/lib:/opt/ros/humble/lib/aarch64-linux-gnu:/opt/ros/humble/lib:/usr/local/lib /usr/bin/cmake --install /home/ros2_ws/build/realsense2_camera
