[0.000000] (-) TimerEvent: {}
[0.000334] (-) JobUnselected: {'identifier': 'cyclonedds'}
[0.000658] (-) JobUnselected: {'identifier': 'livox_ros_driver2'}
[0.001299] (-) JobUnselected: {'identifier': 'm2_metal_description'}
[0.001592] (-) JobUnselected: {'identifier': 'orbbec_camera'}
[0.001865] (-) JobUnselected: {'identifier': 'orbbec_camera_msgs'}
[0.001966] (-) JobUnselected: {'identifier': 'orbbec_description'}
[0.002044] (-) JobUnselected: {'identifier': 'realsense2_camera'}
[0.002117] (-) JobUnselected: {'identifier': 'realsense2_camera_msgs'}
[0.002188] (-) JobUnselected: {'identifier': 'realsense2_description'}
[0.002260] (-) JobUnselected: {'identifier': 'sensor_description'}
[0.002342] (xterra) JobQueued: {'identifier': 'xterra', 'dependencies': OrderedDict()}
[0.002429] (xterra) JobStarted: {'identifier': 'xterra'}
[0.025025] (xterra) JobProgress: {'identifier': 'xterra', 'progress': 'cmake'}
[0.026641] (xterra) JobProgress: {'identifier': 'xterra', 'progress': 'build'}
[0.028093] (xterra) Command: {'cmd': ['/usr/bin/cmake', '--build', '/home/ros2_ws/build/xterra'], 'cwd': '/home/ros2_ws/build/xterra', 'env': OrderedDict([('CMAKE_BUILD_PARALLEL_LEVEL', '3'), ('HOSTNAME', 'xterra-orin'), ('SHLVL', '1'), ('LD_LIBRARY_PATH', '/home/ros2_ws/install/xterra_perception_api/lib:/home/ros2_ws/install/xterra/lib:/home/ros2_ws/install/realsense2_camera/lib:/home/ros2_ws/install/realsense2_camera_msgs/lib:/home/ros2_ws/install/livox_ros_driver2/lib:/opt/ros/humble/opt/rviz_ogre_vendor/lib:/opt/ros/humble/lib/aarch64-linux-gnu:/opt/ros/humble/lib:/usr/local/lib:/home/ros/install/lib'), ('HOME', '/root'), ('OLDPWD', '/home/ros2_ws'), ('ROS_PYTHON_VERSION', '3'), ('MAKEFLAGS', '-j3'), ('COLCON_PREFIX_PATH', '/home/ros2_ws/install'), ('ROS_DISTRO', 'humble'), ('_', '/usr/bin/colcon'), ('ROS_VERSION', '2'), ('NVIDIA_DRIVER_CAPABILITIES', 'all'), ('OrbbecSDK_DIR', '/usr/local/lib/cmake/OrbbecSDK'), ('ROS_LOCALHOST_ONLY', '0'), ('QT_X11_NO_MITSHM', '1'), ('PATH', '/opt/ros/humble/bin:/home/ros/install/bin:/usr/local/sbin:/usr/local/bin:/usr/sbin:/usr/bin:/sbin:/bin'), ('DISPLAY', ''), ('LANG', 'C.UTF-8'), ('RMW_IMPLEMENTATION', 'rmw_cyclonedds_cpp'), ('CYCLONEDDS_HOME', '/home/ros/install'), ('ROS_DOMAIN_ID', '0'), ('AMENT_PREFIX_PATH', '/home/ros2_ws/install/xterra_perception_api:/home/ros2_ws/install/xterra:/home/ros2_ws/install/m2_metal_description:/home/ros2_ws/install/sensor_description:/home/ros2_ws/install/realsense2_camera:/home/ros2_ws/install/realsense2_camera_msgs:/home/ros2_ws/install/livox_ros_driver2:/opt/ros/humble'), ('DEBIAN_FRONTEND', 'noninteractive'), ('PWD', '/home/ros2_ws/build/xterra'), ('LC_ALL', 'C.UTF-8'), ('PYTHONPATH', '/home/ros2_ws/install/xterra/local/lib/python3.10/dist-packages:/home/ros2_ws/install/realsense2_camera_msgs/local/lib/python3.10/dist-packages:/home/ros2_ws/install/livox_ros_driver2/local/lib/python3.10/dist-packages:/opt/ros/humble/lib/python3.10/site-packages:/opt/ros/humble/local/lib/python3.10/dist-packages'), ('NVIDIA_VISIBLE_DEVICES', 'all'), ('COLCON', '1'), ('CMAKE_PREFIX_PATH', '/home/ros2_ws/install/xterra_perception_api:/home/ros2_ws/install/xterra:/home/ros2_ws/install/m2_metal_description:/home/ros2_ws/install/sensor_description:/home/ros2_ws/install/realsense2_camera:/home/ros2_ws/install/realsense2_camera_msgs:/home/ros2_ws/install/livox_ros_driver2:/opt/OrbbecSDK_v2.4.11/lib::/opt/ros/humble')]), 'shell': False}
[0.099293] (-) TimerEvent: {}
[0.174483] (xterra) StdoutLine: {'line': b'[  1%] Built target xterra__cpp\n'}
[0.175651] (xterra) StdoutLine: {'line': b'[  1%] Built target xterra__rs\n'}
[0.187719] (xterra) StdoutLine: {'line': b'[ 13%] Built target xterra__rosidl_generator_c\n'}
[0.199541] (-) TimerEvent: {}
[0.255751] (xterra) StdoutLine: {'line': b'[ 25%] Built target xterra__rosidl_typesupport_fastrtps_cpp\n'}
[0.256600] (xterra) StdoutLine: {'line': b'[ 25%] Built target ament_cmake_python_copy_xterra\n'}
[0.257081] (xterra) StdoutLine: {'line': b'[ 37%] Built target xterra__rosidl_typesupport_introspection_cpp\n'}
[0.299825] (-) TimerEvent: {}
[0.333887] (xterra) StdoutLine: {'line': b'[ 73%] Built target xterra__rosidl_typesupport_fastrtps_c\n'}
[0.334599] (xterra) StdoutLine: {'line': b'[ 73%] Built target xterra__rosidl_typesupport_introspection_c\n'}
[0.334768] (xterra) StdoutLine: {'line': b'[ 73%] Built target xterra__rosidl_typesupport_cpp\n'}
[0.396460] (xterra) StdoutLine: {'line': b'[ 85%] Built target xterra__rosidl_typesupport_c\n'}
[0.400143] (-) TimerEvent: {}
[0.451790] (xterra) StdoutLine: {'line': b'[ 85%] Built target xterra\n'}
[0.500432] (-) TimerEvent: {}
[0.509155] (xterra) StdoutLine: {'line': b'[ 86%] Built target xterra__py\n'}
[0.585272] (xterra) StdoutLine: {'line': b'[ 97%] Built target xterra__rosidl_generator_py\n'}
[0.600644] (-) TimerEvent: {}
[0.645114] (xterra) StdoutLine: {'line': b'[ 99%] Built target xterra__rosidl_typesupport_introspection_c__pyext\n'}
[0.645752] (xterra) StdoutLine: {'line': b'[ 99%] Built target xterra__rosidl_typesupport_fastrtps_c__pyext\n'}
[0.700871] (-) TimerEvent: {}
[0.707430] (xterra) StdoutLine: {'line': b'[100%] Built target xterra__rosidl_typesupport_c__pyext\n'}
[0.800962] (-) TimerEvent: {}
[0.845582] (xterra) StdoutLine: {'line': b'running egg_info\n'}
[0.847304] (xterra) StdoutLine: {'line': b'writing xterra.egg-info/PKG-INFO\n'}
[0.848270] (xterra) StdoutLine: {'line': b'writing dependency_links to xterra.egg-info/dependency_links.txt\n'}
[0.848788] (xterra) StdoutLine: {'line': b'writing top-level names to xterra.egg-info/top_level.txt\n'}
[0.854479] (xterra) StdoutLine: {'line': b"reading manifest file 'xterra.egg-info/SOURCES.txt'\n"}
[0.856162] (xterra) StdoutLine: {'line': b"writing manifest file 'xterra.egg-info/SOURCES.txt'\n"}
[0.901036] (-) TimerEvent: {}
[0.956974] (xterra) StdoutLine: {'line': b'[100%] Built target ament_cmake_python_build_xterra_egg\n'}
[0.989571] (xterra) CommandEnded: {'returncode': 0}
[0.991876] (xterra) JobProgress: {'identifier': 'xterra', 'progress': 'install'}
[1.001197] (-) TimerEvent: {}
[1.018998] (xterra) Command: {'cmd': ['/usr/bin/cmake', '--install', '/home/ros2_ws/build/xterra'], 'cwd': '/home/ros2_ws/build/xterra', 'env': OrderedDict([('CMAKE_BUILD_PARALLEL_LEVEL', '3'), ('HOSTNAME', 'xterra-orin'), ('SHLVL', '1'), ('LD_LIBRARY_PATH', '/home/ros2_ws/install/xterra_perception_api/lib:/home/ros2_ws/install/xterra/lib:/home/ros2_ws/install/realsense2_camera/lib:/home/ros2_ws/install/realsense2_camera_msgs/lib:/home/ros2_ws/install/livox_ros_driver2/lib:/opt/ros/humble/opt/rviz_ogre_vendor/lib:/opt/ros/humble/lib/aarch64-linux-gnu:/opt/ros/humble/lib:/usr/local/lib:/home/ros/install/lib'), ('HOME', '/root'), ('OLDPWD', '/home/ros2_ws'), ('ROS_PYTHON_VERSION', '3'), ('MAKEFLAGS', '-j3'), ('COLCON_PREFIX_PATH', '/home/ros2_ws/install'), ('ROS_DISTRO', 'humble'), ('_', '/usr/bin/colcon'), ('ROS_VERSION', '2'), ('NVIDIA_DRIVER_CAPABILITIES', 'all'), ('OrbbecSDK_DIR', '/usr/local/lib/cmake/OrbbecSDK'), ('ROS_LOCALHOST_ONLY', '0'), ('QT_X11_NO_MITSHM', '1'), ('PATH', '/opt/ros/humble/bin:/home/ros/install/bin:/usr/local/sbin:/usr/local/bin:/usr/sbin:/usr/bin:/sbin:/bin'), ('DISPLAY', ''), ('LANG', 'C.UTF-8'), ('RMW_IMPLEMENTATION', 'rmw_cyclonedds_cpp'), ('CYCLONEDDS_HOME', '/home/ros/install'), ('ROS_DOMAIN_ID', '0'), ('AMENT_PREFIX_PATH', '/home/ros2_ws/install/xterra_perception_api:/home/ros2_ws/install/xterra:/home/ros2_ws/install/m2_metal_description:/home/ros2_ws/install/sensor_description:/home/ros2_ws/install/realsense2_camera:/home/ros2_ws/install/realsense2_camera_msgs:/home/ros2_ws/install/livox_ros_driver2:/opt/ros/humble'), ('DEBIAN_FRONTEND', 'noninteractive'), ('PWD', '/home/ros2_ws/build/xterra'), ('LC_ALL', 'C.UTF-8'), ('PYTHONPATH', '/home/ros2_ws/install/xterra/local/lib/python3.10/dist-packages:/home/ros2_ws/install/realsense2_camera_msgs/local/lib/python3.10/dist-packages:/home/ros2_ws/install/livox_ros_driver2/local/lib/python3.10/dist-packages:/opt/ros/humble/lib/python3.10/site-packages:/opt/ros/humble/local/lib/python3.10/dist-packages'), ('NVIDIA_VISIBLE_DEVICES', 'all'), ('COLCON', '1'), ('CMAKE_PREFIX_PATH', '/home/ros2_ws/install/xterra_perception_api:/home/ros2_ws/install/xterra:/home/ros2_ws/install/m2_metal_description:/home/ros2_ws/install/sensor_description:/home/ros2_ws/install/realsense2_camera:/home/ros2_ws/install/realsense2_camera_msgs:/home/ros2_ws/install/livox_ros_driver2:/opt/OrbbecSDK_v2.4.11/lib::/opt/ros/humble')]), 'shell': False}
[1.048996] (xterra) StdoutLine: {'line': b'-- Install configuration: ""\n'}
[1.049970] (xterra) StdoutLine: {'line': b'-- Up-to-date: /home/ros2_ws/install/xterra/share/ament_index/resource_index/rosidl_interfaces/xterra\n'}
[1.050483] (xterra) StdoutLine: {'line': b'-- Up-to-date: /home/ros2_ws/install/xterra/include/xterra/xterra\n'}
[1.050947] (xterra) StdoutLine: {'line': b'-- Up-to-date: /home/ros2_ws/install/xterra/include/xterra/xterra/msg\n'}
[1.051443] (xterra) StdoutLine: {'line': b'-- Up-to-date: /home/ros2_ws/install/xterra/include/xterra/xterra/msg/float_scalar.h\n'}
[1.052060] (xterra) StdoutLine: {'line': b'-- Up-to-date: /home/ros2_ws/install/xterra/include/xterra/xterra/msg/rgb_frame.h\n'}
[1.052394] (xterra) StdoutLine: {'line': b'-- Up-to-date: /home/ros2_ws/install/xterra/include/xterra/xterra/msg/rosidl_generator_c__visibility_control.h\n'}
[1.052693] (xterra) StdoutLine: {'line': b'-- Up-to-date: /home/ros2_ws/install/xterra/include/xterra/xterra/msg/sensor_data.h\n'}
[1.052821] (xterra) StdoutLine: {'line': b'-- Up-to-date: /home/ros2_ws/install/xterra/include/xterra/xterra/msg/quad_log.h\n'}
[1.053042] (xterra) StdoutLine: {'line': b'-- Up-to-date: /home/ros2_ws/install/xterra/include/xterra/xterra/msg/point3_d.h\n'}
[1.053172] (xterra) StdoutLine: {'line': b'-- Up-to-date: /home/ros2_ws/install/xterra/include/xterra/xterra/msg/motor_gain_multiplier.h\n'}
[1.054029] (xterra) StdoutLine: {'line': b'-- Up-to-date: /home/ros2_ws/install/xterra/include/xterra/xterra/msg/joint_data.h\n'}
[1.054485] (xterra) StdoutLine: {'line': b'-- Up-to-date: /home/ros2_ws/install/xterra/include/xterra/xterra/msg/detail\n'}
[1.054610] (xterra) StdoutLine: {'line': b'-- Up-to-date: /home/ros2_ws/install/xterra/include/xterra/xterra/msg/detail/point3_d__functions.c\n'}
[1.054826] (xterra) StdoutLine: {'line': b'-- Up-to-date: /home/ros2_ws/install/xterra/include/xterra/xterra/msg/detail/rgb_frame__functions.c\n'}
[1.055210] (xterra) StdoutLine: {'line': b'-- Up-to-date: /home/ros2_ws/install/xterra/include/xterra/xterra/msg/detail/joy_data__functions.h\n'}
[1.056222] (xterra) StdoutLine: {'line': b'-- Up-to-date: /home/ros2_ws/install/xterra/include/xterra/xterra/msg/detail/solver_stats__type_support.h\n'}
[1.058716] (xterra) StdoutLine: {'line': b'-- Up-to-date: /home/ros2_ws/install/xterra/include/xterra/xterra/msg/detail/solver_stats__functions.c\n'}
[1.059640] (xterra) StdoutLine: {'line': b'-- Up-to-date: /home/ros2_ws/install/xterra/include/xterra/xterra/msg/detail/point3_d__struct.h\n'}
[1.059872] (xterra) StdoutLine: {'line': b'-- Up-to-date: /home/ros2_ws/install/xterra/include/xterra/xterra/msg/detail/joy_data__type_support.h\n'}
[1.060003] (xterra) StdoutLine: {'line': b'-- Up-to-date: /home/ros2_ws/install/xterra/include/xterra/xterra/msg/detail/quad_log__functions.h\n'}
[1.060225] (xterra) StdoutLine: {'line': b'-- Up-to-date: /home/ros2_ws/install/xterra/include/xterra/xterra/msg/detail/quad_log__struct.h\n'}
[1.060356] (xterra) StdoutLine: {'line': b'-- Up-to-date: /home/ros2_ws/install/xterra/include/xterra/xterra/msg/detail/point3_d__functions.h\n'}
[1.062098] (xterra) StdoutLine: {'line': b'-- Up-to-date: /home/ros2_ws/install/xterra/include/xterra/xterra/msg/detail/point3_d__type_support.h\n'}
[1.062241] (xterra) StdoutLine: {'line': b'-- Up-to-date: /home/ros2_ws/install/xterra/include/xterra/xterra/msg/detail/quaternion__struct.h\n'}
[1.062460] (xterra) StdoutLine: {'line': b'-- Up-to-date: /home/ros2_ws/install/xterra/include/xterra/xterra/msg/detail/joint_data__functions.h\n'}
[1.062592] (xterra) StdoutLine: {'line': b'-- Up-to-date: /home/ros2_ws/install/xterra/include/xterra/xterra/msg/detail/motor_gain_multiplier__struct.h\n'}
[1.062720] (xterra) StdoutLine: {'line': b'-- Up-to-date: /home/ros2_ws/install/xterra/include/xterra/xterra/msg/detail/rgb_frame__functions.h\n'}
[1.062954] (xterra) StdoutLine: {'line': b'-- Up-to-date: /home/ros2_ws/install/xterra/include/xterra/xterra/msg/detail/motor_gain_multiplier__functions.c\n'}
[1.063088] (xterra) StdoutLine: {'line': b'-- Up-to-date: /home/ros2_ws/install/xterra/include/xterra/xterra/msg/detail/base_orientation_wrench_debug__functions.c\n'}
[1.063345] (xterra) StdoutLine: {'line': b'-- Up-to-date: /home/ros2_ws/install/xterra/include/xterra/xterra/msg/detail/float_scalar__functions.h\n'}
[1.063476] (xterra) StdoutLine: {'line': b'-- Up-to-date: /home/ros2_ws/install/xterra/include/xterra/xterra/msg/detail/solver_stats__struct.h\n'}
[1.064079] (xterra) StdoutLine: {'line': b'-- Up-to-date: /home/ros2_ws/install/xterra/include/xterra/xterra/msg/detail/camera_frame__functions.h\n'}
[1.065218] (xterra) StdoutLine: {'line': b'-- Up-to-date: /home/ros2_ws/install/xterra/include/xterra/xterra/msg/detail/joint_data__type_support.h\n'}
[1.065347] (xterra) StdoutLine: {'line': b'-- Up-to-date: /home/ros2_ws/install/xterra/include/xterra/xterra/msg/detail/base_orientation_wrench_debug__functions.h\n'}
[1.065559] (xterra) StdoutLine: {'line': b'-- Up-to-date: /home/ros2_ws/install/xterra/include/xterra/xterra/msg/detail/camera_frame__type_support.h\n'}
[1.065688] (xterra) StdoutLine: {'line': b'-- Up-to-date: /home/ros2_ws/install/xterra/include/xterra/xterra/msg/detail/rgb_frame__type_support.h\n'}
[1.065811] (xterra) StdoutLine: {'line': b'-- Up-to-date: /home/ros2_ws/install/xterra/include/xterra/xterra/msg/detail/sensor_data__struct.h\n'}
[1.065931] (xterra) StdoutLine: {'line': b'-- Up-to-date: /home/ros2_ws/install/xterra/include/xterra/xterra/msg/detail/quaternion__type_support.h\n'}
[1.066146] (xterra) StdoutLine: {'line': b'-- Up-to-date: /home/ros2_ws/install/xterra/include/xterra/xterra/msg/detail/indicator_data__type_support.h\n'}
[1.066356] (xterra) StdoutLine: {'line': b'-- Up-to-date: /home/ros2_ws/install/xterra/include/xterra/xterra/msg/detail/sensor_data__functions.h\n'}
[1.066727] (xterra) StdoutLine: {'line': b'-- Up-to-date: /home/ros2_ws/install/xterra/include/xterra/xterra/msg/detail/sensor_data__type_support.h\n'}
[1.066852] (xterra) StdoutLine: {'line': b'-- Up-to-date: /home/ros2_ws/install/xterra/include/xterra/xterra/msg/detail/base_orientation_wrench_debug__type_support.h\n'}
[1.066976] (xterra) StdoutLine: {'line': b'-- Up-to-date: /home/ros2_ws/install/xterra/include/xterra/xterra/msg/detail/joint_data__functions.c\n'}
[1.067095] (xterra) StdoutLine: {'line': b'-- Up-to-date: /home/ros2_ws/install/xterra/include/xterra/xterra/msg/detail/joint_data__struct.h\n'}
[1.067595] (xterra) StdoutLine: {'line': b'-- Up-to-date: /home/ros2_ws/install/xterra/include/xterra/xterra/msg/detail/indicator_data__functions.c\n'}
[1.067804] (xterra) StdoutLine: {'line': b'-- Up-to-date: /home/ros2_ws/install/xterra/include/xterra/xterra/msg/detail/float_scalar__type_support.h\n'}
[1.067937] (xterra) StdoutLine: {'line': b'-- Up-to-date: /home/ros2_ws/install/xterra/include/xterra/xterra/msg/detail/indicator_data__functions.h\n'}
[1.068058] (xterra) StdoutLine: {'line': b'-- Up-to-date: /home/ros2_ws/install/xterra/include/xterra/xterra/msg/detail/camera_frame__functions.c\n'}
[1.068794] (xterra) StdoutLine: {'line': b'-- Up-to-date: /home/ros2_ws/install/xterra/include/xterra/xterra/msg/detail/float_scalar__functions.c\n'}
[1.069244] (xterra) StdoutLine: {'line': b'-- Up-to-date: /home/ros2_ws/install/xterra/include/xterra/xterra/msg/detail/quaternion__functions.c\n'}
[1.069734] (xterra) StdoutLine: {'line': b'-- Up-to-date: /home/ros2_ws/install/xterra/include/xterra/xterra/msg/detail/quaternion__functions.h\n'}
[1.070189] (xterra) StdoutLine: {'line': b'-- Up-to-date: /home/ros2_ws/install/xterra/include/xterra/xterra/msg/detail/solver_stats__functions.h\n'}
[1.070322] (xterra) StdoutLine: {'line': b'-- Up-to-date: /home/ros2_ws/install/xterra/include/xterra/xterra/msg/detail/float_scalar__struct.h\n'}
[1.070446] (xterra) StdoutLine: {'line': b'-- Up-to-date: /home/ros2_ws/install/xterra/include/xterra/xterra/msg/detail/joy_data__functions.c\n'}
[1.070588] (xterra) StdoutLine: {'line': b'-- Up-to-date: /home/ros2_ws/install/xterra/include/xterra/xterra/msg/detail/quad_log__functions.c\n'}
[1.070709] (xterra) StdoutLine: {'line': b'-- Up-to-date: /home/ros2_ws/install/xterra/include/xterra/xterra/msg/detail/camera_frame__struct.h\n'}
[1.070827] (xterra) StdoutLine: {'line': b'-- Up-to-date: /home/ros2_ws/install/xterra/include/xterra/xterra/msg/detail/indicator_data__struct.h\n'}
[1.070944] (xterra) StdoutLine: {'line': b'-- Up-to-date: /home/ros2_ws/install/xterra/include/xterra/xterra/msg/detail/sensor_data__functions.c\n'}
[1.071059] (xterra) StdoutLine: {'line': b'-- Up-to-date: /home/ros2_ws/install/xterra/include/xterra/xterra/msg/detail/quad_log__type_support.h\n'}
[1.071230] (xterra) StdoutLine: {'line': b'-- Up-to-date: /home/ros2_ws/install/xterra/include/xterra/xterra/msg/detail/motor_gain_multiplier__functions.h\n'}
[1.071360] (xterra) StdoutLine: {'line': b'-- Up-to-date: /home/ros2_ws/install/xterra/include/xterra/xterra/msg/detail/rgb_frame__struct.h\n'}
[1.071480] (xterra) StdoutLine: {'line': b'-- Up-to-date: /home/ros2_ws/install/xterra/include/xterra/xterra/msg/detail/base_orientation_wrench_debug__struct.h\n'}
[1.071601] (xterra) StdoutLine: {'line': b'-- Up-to-date: /home/ros2_ws/install/xterra/include/xterra/xterra/msg/detail/joy_data__struct.h\n'}
[1.071717] (xterra) StdoutLine: {'line': b'-- Up-to-date: /home/ros2_ws/install/xterra/include/xterra/xterra/msg/detail/motor_gain_multiplier__type_support.h\n'}
[1.071832] (xterra) StdoutLine: {'line': b'-- Up-to-date: /home/ros2_ws/install/xterra/include/xterra/xterra/msg/base_orientation_wrench_debug.h\n'}
[1.071947] (xterra) StdoutLine: {'line': b'-- Up-to-date: /home/ros2_ws/install/xterra/include/xterra/xterra/msg/solver_stats.h\n'}
[1.072064] (xterra) StdoutLine: {'line': b'-- Up-to-date: /home/ros2_ws/install/xterra/include/xterra/xterra/msg/camera_frame.h\n'}
[1.072179] (xterra) StdoutLine: {'line': b'-- Up-to-date: /home/ros2_ws/install/xterra/include/xterra/xterra/msg/quaternion.h\n'}
[1.072295] (xterra) StdoutLine: {'line': b'-- Up-to-date: /home/ros2_ws/install/xterra/include/xterra/xterra/msg/joy_data.h\n'}
[1.072411] (xterra) StdoutLine: {'line': b'-- Up-to-date: /home/ros2_ws/install/xterra/include/xterra/xterra/msg/indicator_data.h\n'}
[1.072527] (xterra) StdoutLine: {'line': b'-- Up-to-date: /home/ros2_ws/install/xterra/include/xterra/xterra/srv\n'}
[1.072645] (xterra) StdoutLine: {'line': b'-- Up-to-date: /home/ros2_ws/install/xterra/include/xterra/xterra/srv/detail\n'}
[1.072793] (xterra) StdoutLine: {'line': b'-- Up-to-date: /home/ros2_ws/install/xterra/include/xterra/xterra/srv/detail/capture_image__type_support.h\n'}
[1.072913] (xterra) StdoutLine: {'line': b'-- Up-to-date: /home/ros2_ws/install/xterra/include/xterra/xterra/srv/detail/capture_image__functions.c\n'}
[1.073030] (xterra) StdoutLine: {'line': b'-- Up-to-date: /home/ros2_ws/install/xterra/include/xterra/xterra/srv/detail/capture_image__struct.h\n'}
[1.073146] (xterra) StdoutLine: {'line': b'-- Up-to-date: /home/ros2_ws/install/xterra/include/xterra/xterra/srv/detail/capture_image__functions.h\n'}
[1.073262] (xterra) StdoutLine: {'line': b'-- Up-to-date: /home/ros2_ws/install/xterra/include/xterra/xterra/srv/capture_image.h\n'}
[1.073379] (xterra) StdoutLine: {'line': b'-- Up-to-date: /home/ros2_ws/install/xterra/share/xterra/environment/library_path.sh\n'}
[1.073495] (xterra) StdoutLine: {'line': b'-- Up-to-date: /home/ros2_ws/install/xterra/share/xterra/environment/library_path.dsv\n'}
[1.073612] (xterra) StdoutLine: {'line': b'-- Up-to-date: /home/ros2_ws/install/xterra/lib/libxterra__rosidl_generator_c.so\n'}
[1.073729] (xterra) StdoutLine: {'line': b'-- Up-to-date: /home/ros2_ws/install/xterra/include/xterra/xterra\n'}
[1.073846] (xterra) StdoutLine: {'line': b'-- Up-to-date: /home/ros2_ws/install/xterra/include/xterra/xterra/msg\n'}
[1.073960] (xterra) StdoutLine: {'line': b'-- Up-to-date: /home/ros2_ws/install/xterra/include/xterra/xterra/msg/rosidl_typesupport_fastrtps_c__visibility_control.h\n'}
[1.074094] (xterra) StdoutLine: {'line': b'-- Up-to-date: /home/ros2_ws/install/xterra/include/xterra/xterra/msg/detail\n'}
[1.074209] (xterra) StdoutLine: {'line': b'-- Up-to-date: /home/ros2_ws/install/xterra/include/xterra/xterra/msg/detail/point3_d__rosidl_typesupport_fastrtps_c.h\n'}
[1.074326] (xterra) StdoutLine: {'line': b'-- Up-to-date: /home/ros2_ws/install/xterra/include/xterra/xterra/msg/detail/joint_data__rosidl_typesupport_fastrtps_c.h\n'}
[1.074443] (xterra) StdoutLine: {'line': b'-- Up-to-date: /home/ros2_ws/install/xterra/include/xterra/xterra/msg/detail/sensor_data__rosidl_typesupport_fastrtps_c.h\n'}
[1.074558] (xterra) StdoutLine: {'line': b'-- Up-to-date: /home/ros2_ws/install/xterra/include/xterra/xterra/msg/detail/solver_stats__rosidl_typesupport_fastrtps_c.h\n'}
[1.074674] (xterra) StdoutLine: {'line': b'-- Up-to-date: /home/ros2_ws/install/xterra/include/xterra/xterra/msg/detail/joy_data__rosidl_typesupport_fastrtps_c.h\n'}
[1.074789] (xterra) StdoutLine: {'line': b'-- Up-to-date: /home/ros2_ws/install/xterra/include/xterra/xterra/msg/detail/quaternion__rosidl_typesupport_fastrtps_c.h\n'}
[1.074907] (xterra) StdoutLine: {'line': b'-- Up-to-date: /home/ros2_ws/install/xterra/include/xterra/xterra/msg/detail/quad_log__rosidl_typesupport_fastrtps_c.h\n'}
[1.075023] (xterra) StdoutLine: {'line': b'-- Up-to-date: /home/ros2_ws/install/xterra/include/xterra/xterra/msg/detail/indicator_data__rosidl_typesupport_fastrtps_c.h\n'}
[1.075179] (xterra) StdoutLine: {'line': b'-- Up-to-date: /home/ros2_ws/install/xterra/include/xterra/xterra/msg/detail/base_orientation_wrench_debug__rosidl_typesupport_fastrtps_c.h\n'}
[1.075312] (xterra) StdoutLine: {'line': b'-- Up-to-date: /home/ros2_ws/install/xterra/include/xterra/xterra/msg/detail/camera_frame__rosidl_typesupport_fastrtps_c.h\n'}
[1.075430] (xterra) StdoutLine: {'line': b'-- Up-to-date: /home/ros2_ws/install/xterra/include/xterra/xterra/msg/detail/motor_gain_multiplier__rosidl_typesupport_fastrtps_c.h\n'}
[1.075547] (xterra) StdoutLine: {'line': b'-- Up-to-date: /home/ros2_ws/install/xterra/include/xterra/xterra/msg/detail/rgb_frame__rosidl_typesupport_fastrtps_c.h\n'}
[1.075684] (xterra) StdoutLine: {'line': b'-- Up-to-date: /home/ros2_ws/install/xterra/include/xterra/xterra/msg/detail/float_scalar__rosidl_typesupport_fastrtps_c.h\n'}
[1.075805] (xterra) StdoutLine: {'line': b'-- Up-to-date: /home/ros2_ws/install/xterra/include/xterra/xterra/srv\n'}
[1.075922] (xterra) StdoutLine: {'line': b'-- Up-to-date: /home/ros2_ws/install/xterra/include/xterra/xterra/srv/detail\n'}
[1.076037] (xterra) StdoutLine: {'line': b'-- Up-to-date: /home/ros2_ws/install/xterra/include/xterra/xterra/srv/detail/capture_image__rosidl_typesupport_fastrtps_c.h\n'}
[1.076154] (xterra) StdoutLine: {'line': b'-- Up-to-date: /home/ros2_ws/install/xterra/lib/libxterra__rosidl_typesupport_fastrtps_c.so\n'}
[1.076269] (xterra) StdoutLine: {'line': b'-- Up-to-date: /home/ros2_ws/install/xterra/include/xterra/xterra\n'}
[1.076384] (xterra) StdoutLine: {'line': b'-- Up-to-date: /home/ros2_ws/install/xterra/include/xterra/xterra/msg\n'}
[1.076499] (xterra) StdoutLine: {'line': b'-- Up-to-date: /home/ros2_ws/install/xterra/include/xterra/xterra/msg/motor_gain_multiplier.hpp\n'}
[1.076618] (xterra) StdoutLine: {'line': b'-- Up-to-date: /home/ros2_ws/install/xterra/include/xterra/xterra/msg/base_orientation_wrench_debug.hpp\n'}
[1.076734] (xterra) StdoutLine: {'line': b'-- Up-to-date: /home/ros2_ws/install/xterra/include/xterra/xterra/msg/sensor_data.hpp\n'}
[1.076850] (xterra) StdoutLine: {'line': b'-- Up-to-date: /home/ros2_ws/install/xterra/include/xterra/xterra/msg/quaternion.hpp\n'}
[1.076964] (xterra) StdoutLine: {'line': b'-- Up-to-date: /home/ros2_ws/install/xterra/include/xterra/xterra/msg/float_scalar.hpp\n'}
[1.077079] (xterra) StdoutLine: {'line': b'-- Up-to-date: /home/ros2_ws/install/xterra/include/xterra/xterra/msg/rosidl_generator_cpp__visibility_control.hpp\n'}
[1.077196] (xterra) StdoutLine: {'line': b'-- Up-to-date: /home/ros2_ws/install/xterra/include/xterra/xterra/msg/indicator_data.hpp\n'}
[1.077329] (xterra) StdoutLine: {'line': b'-- Up-to-date: /home/ros2_ws/install/xterra/include/xterra/xterra/msg/quad_log.hpp\n'}
[1.077445] (xterra) StdoutLine: {'line': b'-- Up-to-date: /home/ros2_ws/install/xterra/include/xterra/xterra/msg/detail\n'}
[1.077558] (xterra) StdoutLine: {'line': b'-- Up-to-date: /home/ros2_ws/install/xterra/include/xterra/xterra/msg/detail/solver_stats__type_support.hpp\n'}
[1.077701] (xterra) StdoutLine: {'line': b'-- Up-to-date: /home/ros2_ws/install/xterra/include/xterra/xterra/msg/detail/point3_d__builder.hpp\n'}
[1.077821] (xterra) StdoutLine: {'line': b'-- Up-to-date: /home/ros2_ws/install/xterra/include/xterra/xterra/msg/detail/indicator_data__builder.hpp\n'}
[1.077940] (xterra) StdoutLine: {'line': b'-- Up-to-date: /home/ros2_ws/install/xterra/include/xterra/xterra/msg/detail/rgb_frame__struct.hpp\n'}
[1.078054] (xterra) StdoutLine: {'line': b'-- Up-to-date: /home/ros2_ws/install/xterra/include/xterra/xterra/msg/detail/camera_frame__traits.hpp\n'}
[1.078170] (xterra) StdoutLine: {'line': b'-- Up-to-date: /home/ros2_ws/install/xterra/include/xterra/xterra/msg/detail/joy_data__type_support.hpp\n'}
[1.078284] (xterra) StdoutLine: {'line': b'-- Up-to-date: /home/ros2_ws/install/xterra/include/xterra/xterra/msg/detail/joint_data__builder.hpp\n'}
[1.078398] (xterra) StdoutLine: {'line': b'-- Up-to-date: /home/ros2_ws/install/xterra/include/xterra/xterra/msg/detail/quad_log__traits.hpp\n'}
[1.078512] (xterra) StdoutLine: {'line': b'-- Up-to-date: /home/ros2_ws/install/xterra/include/xterra/xterra/msg/detail/indicator_data__type_support.hpp\n'}
[1.078627] (xterra) StdoutLine: {'line': b'-- Up-to-date: /home/ros2_ws/install/xterra/include/xterra/xterra/msg/detail/solver_stats__traits.hpp\n'}
[1.078743] (xterra) StdoutLine: {'line': b'-- Up-to-date: /home/ros2_ws/install/xterra/include/xterra/xterra/msg/detail/quad_log__builder.hpp\n'}
[1.078857] (xterra) StdoutLine: {'line': b'-- Up-to-date: /home/ros2_ws/install/xterra/include/xterra/xterra/msg/detail/rgb_frame__builder.hpp\n'}
[1.078974] (xterra) StdoutLine: {'line': b'-- Up-to-date: /home/ros2_ws/install/xterra/include/xterra/xterra/msg/detail/motor_gain_multiplier__struct.hpp\n'}
[1.079089] (xterra) StdoutLine: {'line': b'-- Up-to-date: /home/ros2_ws/install/xterra/include/xterra/xterra/msg/detail/rgb_frame__type_support.hpp\n'}
[1.079260] (xterra) StdoutLine: {'line': b'-- Up-to-date: /home/ros2_ws/install/xterra/include/xterra/xterra/msg/detail/point3_d__traits.hpp\n'}
[1.079383] (xterra) StdoutLine: {'line': b'-- Up-to-date: /home/ros2_ws/install/xterra/include/xterra/xterra/msg/detail/point3_d__type_support.hpp\n'}
[1.079503] (xterra) StdoutLine: {'line': b'-- Up-to-date: /home/ros2_ws/install/xterra/include/xterra/xterra/msg/detail/indicator_data__traits.hpp\n'}
[1.079623] (xterra) StdoutLine: {'line': b'-- Up-to-date: /home/ros2_ws/install/xterra/include/xterra/xterra/msg/detail/sensor_data__type_support.hpp\n'}
[1.079740] (xterra) StdoutLine: {'line': b'-- Up-to-date: /home/ros2_ws/install/xterra/include/xterra/xterra/msg/detail/quad_log__type_support.hpp\n'}
[1.079855] (xterra) StdoutLine: {'line': b'-- Up-to-date: /home/ros2_ws/install/xterra/include/xterra/xterra/msg/detail/sensor_data__builder.hpp\n'}
[1.079971] (xterra) StdoutLine: {'line': b'-- Up-to-date: /home/ros2_ws/install/xterra/include/xterra/xterra/msg/detail/float_scalar__traits.hpp\n'}
[1.080089] (xterra) StdoutLine: {'line': b'-- Up-to-date: /home/ros2_ws/install/xterra/include/xterra/xterra/msg/detail/base_orientation_wrench_debug__struct.hpp\n'}
[1.080225] (xterra) StdoutLine: {'line': b'-- Up-to-date: /home/ros2_ws/install/xterra/include/xterra/xterra/msg/detail/float_scalar__struct.hpp\n'}
[1.080348] (xterra) StdoutLine: {'line': b'-- Up-to-date: /home/ros2_ws/install/xterra/include/xterra/xterra/msg/detail/base_orientation_wrench_debug__traits.hpp\n'}
[1.080466] (xterra) StdoutLine: {'line': b'-- Up-to-date: /home/ros2_ws/install/xterra/include/xterra/xterra/msg/detail/camera_frame__struct.hpp\n'}
[1.080599] (xterra) StdoutLine: {'line': b'-- Up-to-date: /home/ros2_ws/install/xterra/include/xterra/xterra/msg/detail/solver_stats__builder.hpp\n'}
[1.080719] (xterra) StdoutLine: {'line': b'-- Up-to-date: /home/ros2_ws/install/xterra/include/xterra/xterra/msg/detail/indicator_data__struct.hpp\n'}
[1.080836] (xterra) StdoutLine: {'line': b'-- Up-to-date: /home/ros2_ws/install/xterra/include/xterra/xterra/msg/detail/motor_gain_multiplier__builder.hpp\n'}
[1.080952] (xterra) StdoutLine: {'line': b'-- Up-to-date: /home/ros2_ws/install/xterra/include/xterra/xterra/msg/detail/joint_data__type_support.hpp\n'}
[1.081067] (xterra) StdoutLine: {'line': b'-- Up-to-date: /home/ros2_ws/install/xterra/include/xterra/xterra/msg/detail/rgb_frame__traits.hpp\n'}
[1.081185] (xterra) StdoutLine: {'line': b'-- Up-to-date: /home/ros2_ws/install/xterra/include/xterra/xterra/msg/detail/joint_data__struct.hpp\n'}
[1.081301] (xterra) StdoutLine: {'line': b'-- Up-to-date: /home/ros2_ws/install/xterra/include/xterra/xterra/msg/detail/quaternion__traits.hpp\n'}
[1.081417] (xterra) StdoutLine: {'line': b'-- Up-to-date: /home/ros2_ws/install/xterra/include/xterra/xterra/msg/detail/joint_data__traits.hpp\n'}
[1.081531] (xterra) StdoutLine: {'line': b'-- Up-to-date: /home/ros2_ws/install/xterra/include/xterra/xterra/msg/detail/camera_frame__builder.hpp\n'}
[1.081646] (xterra) StdoutLine: {'line': b'-- Up-to-date: /home/ros2_ws/install/xterra/include/xterra/xterra/msg/detail/quad_log__struct.hpp\n'}
[1.081760] (xterra) StdoutLine: {'line': b'-- Up-to-date: /home/ros2_ws/install/xterra/include/xterra/xterra/msg/detail/float_scalar__type_support.hpp\n'}
[1.081873] (xterra) StdoutLine: {'line': b'-- Up-to-date: /home/ros2_ws/install/xterra/include/xterra/xterra/msg/detail/joy_data__struct.hpp\n'}
[1.081986] (xterra) StdoutLine: {'line': b'-- Up-to-date: /home/ros2_ws/install/xterra/include/xterra/xterra/msg/detail/base_orientation_wrench_debug__type_support.hpp\n'}
[1.082102] (xterra) StdoutLine: {'line': b'-- Up-to-date: /home/ros2_ws/install/xterra/include/xterra/xterra/msg/detail/point3_d__struct.hpp\n'}
[1.082218] (xterra) StdoutLine: {'line': b'-- Up-to-date: /home/ros2_ws/install/xterra/include/xterra/xterra/msg/detail/sensor_data__traits.hpp\n'}
[1.082359] (xterra) StdoutLine: {'line': b'-- Up-to-date: /home/ros2_ws/install/xterra/include/xterra/xterra/msg/detail/camera_frame__type_support.hpp\n'}
[1.082476] (xterra) StdoutLine: {'line': b'-- Up-to-date: /home/ros2_ws/install/xterra/include/xterra/xterra/msg/detail/quaternion__struct.hpp\n'}
[1.082593] (xterra) StdoutLine: {'line': b'-- Up-to-date: /home/ros2_ws/install/xterra/include/xterra/xterra/msg/detail/joy_data__builder.hpp\n'}
[1.082711] (xterra) StdoutLine: {'line': b'-- Up-to-date: /home/ros2_ws/install/xterra/include/xterra/xterra/msg/detail/sensor_data__struct.hpp\n'}
[1.082827] (xterra) StdoutLine: {'line': b'-- Up-to-date: /home/ros2_ws/install/xterra/include/xterra/xterra/msg/detail/solver_stats__struct.hpp\n'}
[1.082945] (xterra) StdoutLine: {'line': b'-- Up-to-date: /home/ros2_ws/install/xterra/include/xterra/xterra/msg/detail/motor_gain_multiplier__traits.hpp\n'}
[1.083062] (xterra) StdoutLine: {'line': b'-- Up-to-date: /home/ros2_ws/install/xterra/include/xterra/xterra/msg/detail/float_scalar__builder.hpp\n'}
[1.083648] (xterra) StdoutLine: {'line': b'-- Up-to-date: /home/ros2_ws/install/xterra/include/xterra/xterra/msg/detail/quaternion__type_support.hpp\n'}
[1.083987] (xterra) StdoutLine: {'line': b'-- Up-to-date: /home/ros2_ws/install/xterra/include/xterra/xterra/msg/detail/quaternion__builder.hpp\n'}
[1.084238] (xterra) StdoutLine: {'line': b'-- Up-to-date: /home/ros2_ws/install/xterra/include/xterra/xterra/msg/detail/joy_data__traits.hpp\n'}
[1.084470] (xterra) StdoutLine: {'line': b'-- Up-to-date: /home/ros2_ws/install/xterra/include/xterra/xterra/msg/detail/base_orientation_wrench_debug__builder.hpp\n'}
[1.084699] (xterra) StdoutLine: {'line': b'-- Up-to-date: /home/ros2_ws/install/xterra/include/xterra/xterra/msg/detail/motor_gain_multiplier__type_support.hpp\n'}
[1.084965] (xterra) StdoutLine: {'line': b'-- Up-to-date: /home/ros2_ws/install/xterra/include/xterra/xterra/msg/joy_data.hpp\n'}
[1.085179] (xterra) StdoutLine: {'line': b'-- Up-to-date: /home/ros2_ws/install/xterra/include/xterra/xterra/msg/point3_d.hpp\n'}
[1.085384] (xterra) StdoutLine: {'line': b'-- Up-to-date: /home/ros2_ws/install/xterra/include/xterra/xterra/msg/solver_stats.hpp\n'}
[1.085589] (xterra) StdoutLine: {'line': b'-- Up-to-date: /home/ros2_ws/install/xterra/include/xterra/xterra/msg/camera_frame.hpp\n'}
[1.085790] (xterra) StdoutLine: {'line': b'-- Up-to-date: /home/ros2_ws/install/xterra/include/xterra/xterra/msg/rgb_frame.hpp\n'}
[1.085990] (xterra) StdoutLine: {'line': b'-- Up-to-date: /home/ros2_ws/install/xterra/include/xterra/xterra/msg/joint_data.hpp\n'}
[1.086189] (xterra) StdoutLine: {'line': b'-- Up-to-date: /home/ros2_ws/install/xterra/include/xterra/xterra/srv\n'}
[1.086414] (xterra) StdoutLine: {'line': b'-- Up-to-date: /home/ros2_ws/install/xterra/include/xterra/xterra/srv/detail\n'}
[1.086625] (xterra) StdoutLine: {'line': b'-- Up-to-date: /home/ros2_ws/install/xterra/include/xterra/xterra/srv/detail/capture_image__type_support.hpp\n'}
[1.086830] (xterra) StdoutLine: {'line': b'-- Up-to-date: /home/ros2_ws/install/xterra/include/xterra/xterra/srv/detail/capture_image__traits.hpp\n'}
[1.087031] (xterra) StdoutLine: {'line': b'-- Up-to-date: /home/ros2_ws/install/xterra/include/xterra/xterra/srv/detail/capture_image__struct.hpp\n'}
[1.087285] (xterra) StdoutLine: {'line': b'-- Up-to-date: /home/ros2_ws/install/xterra/include/xterra/xterra/srv/detail/capture_image__builder.hpp\n'}
[1.087495] (xterra) StdoutLine: {'line': b'-- Up-to-date: /home/ros2_ws/install/xterra/include/xterra/xterra/srv/capture_image.hpp\n'}
[1.087699] (xterra) StdoutLine: {'line': b'-- Up-to-date: /home/ros2_ws/install/xterra/include/xterra/xterra\n'}
[1.087901] (xterra) StdoutLine: {'line': b'-- Up-to-date: /home/ros2_ws/install/xterra/include/xterra/xterra/msg\n'}
[1.088101] (xterra) StdoutLine: {'line': b'-- Up-to-date: /home/ros2_ws/install/xterra/include/xterra/xterra/msg/detail\n'}
[1.088302] (xterra) StdoutLine: {'line': b'-- Up-to-date: /home/ros2_ws/install/xterra/include/xterra/xterra/msg/detail/quaternion__rosidl_typesupport_fastrtps_cpp.hpp\n'}
[1.088504] (xterra) StdoutLine: {'line': b'-- Up-to-date: /home/ros2_ws/install/xterra/include/xterra/xterra/msg/detail/rgb_frame__rosidl_typesupport_fastrtps_cpp.hpp\n'}
[1.088704] (xterra) StdoutLine: {'line': b'-- Up-to-date: /home/ros2_ws/install/xterra/include/xterra/xterra/msg/detail/joint_data__rosidl_typesupport_fastrtps_cpp.hpp\n'}
[1.088903] (xterra) StdoutLine: {'line': b'-- Up-to-date: /home/ros2_ws/install/xterra/include/xterra/xterra/msg/detail/base_orientation_wrench_debug__rosidl_typesupport_fastrtps_cpp.hpp\n'}
[1.089104] (xterra) StdoutLine: {'line': b'-- Up-to-date: /home/ros2_ws/install/xterra/include/xterra/xterra/msg/detail/camera_frame__rosidl_typesupport_fastrtps_cpp.hpp\n'}
[1.089301] (xterra) StdoutLine: {'line': b'-- Up-to-date: /home/ros2_ws/install/xterra/include/xterra/xterra/msg/detail/float_scalar__rosidl_typesupport_fastrtps_cpp.hpp\n'}
[1.089497] (xterra) StdoutLine: {'line': b'-- Up-to-date: /home/ros2_ws/install/xterra/include/xterra/xterra/msg/detail/indicator_data__rosidl_typesupport_fastrtps_cpp.hpp\n'}
[1.089695] (xterra) StdoutLine: {'line': b'-- Up-to-date: /home/ros2_ws/install/xterra/include/xterra/xterra/msg/detail/solver_stats__rosidl_typesupport_fastrtps_cpp.hpp\n'}
[1.089892] (xterra) StdoutLine: {'line': b'-- Up-to-date: /home/ros2_ws/install/xterra/include/xterra/xterra/msg/detail/joy_data__rosidl_typesupport_fastrtps_cpp.hpp\n'}
[1.090091] (xterra) StdoutLine: {'line': b'-- Up-to-date: /home/ros2_ws/install/xterra/include/xterra/xterra/msg/detail/motor_gain_multiplier__rosidl_typesupport_fastrtps_cpp.hpp\n'}
[1.090290] (xterra) StdoutLine: {'line': b'-- Up-to-date: /home/ros2_ws/install/xterra/include/xterra/xterra/msg/detail/quad_log__rosidl_typesupport_fastrtps_cpp.hpp\n'}
[1.090516] (xterra) StdoutLine: {'line': b'-- Up-to-date: /home/ros2_ws/install/xterra/include/xterra/xterra/msg/detail/sensor_data__rosidl_typesupport_fastrtps_cpp.hpp\n'}
[1.090760] (xterra) StdoutLine: {'line': b'-- Up-to-date: /home/ros2_ws/install/xterra/include/xterra/xterra/msg/detail/dds_fastrtps\n'}
[1.090962] (xterra) StdoutLine: {'line': b'-- Up-to-date: /home/ros2_ws/install/xterra/include/xterra/xterra/msg/detail/point3_d__rosidl_typesupport_fastrtps_cpp.hpp\n'}
[1.091711] (xterra) StdoutLine: {'line': b'-- Up-to-date: /home/ros2_ws/install/xterra/include/xterra/xterra/msg/rosidl_typesupport_fastrtps_cpp__visibility_control.h\n'}
[1.091932] (xterra) StdoutLine: {'line': b'-- Up-to-date: /home/ros2_ws/install/xterra/include/xterra/xterra/srv\n'}
[1.092175] (xterra) StdoutLine: {'line': b'-- Up-to-date: /home/ros2_ws/install/xterra/include/xterra/xterra/srv/detail\n'}
[1.092373] (xterra) StdoutLine: {'line': b'-- Up-to-date: /home/ros2_ws/install/xterra/include/xterra/xterra/srv/detail/capture_image__rosidl_typesupport_fastrtps_cpp.hpp\n'}
[1.092561] (xterra) StdoutLine: {'line': b'-- Up-to-date: /home/ros2_ws/install/xterra/include/xterra/xterra/srv/detail/dds_fastrtps\n'}
[1.092746] (xterra) StdoutLine: {'line': b'-- Up-to-date: /home/ros2_ws/install/xterra/lib/libxterra__rosidl_typesupport_fastrtps_cpp.so\n'}
[1.092929] (xterra) StdoutLine: {'line': b'-- Up-to-date: /home/ros2_ws/install/xterra/include/xterra/xterra\n'}
[1.093112] (xterra) StdoutLine: {'line': b'-- Up-to-date: /home/ros2_ws/install/xterra/include/xterra/xterra/msg\n'}
[1.093292] (xterra) StdoutLine: {'line': b'-- Up-to-date: /home/ros2_ws/install/xterra/include/xterra/xterra/msg/rosidl_typesupport_introspection_c__visibility_control.h\n'}
[1.093474] (xterra) StdoutLine: {'line': b'-- Up-to-date: /home/ros2_ws/install/xterra/include/xterra/xterra/msg/detail\n'}
[1.093654] (xterra) StdoutLine: {'line': b'-- Up-to-date: /home/ros2_ws/install/xterra/include/xterra/xterra/msg/detail/joint_data__type_support.c\n'}
[1.093835] (xterra) StdoutLine: {'line': b'-- Up-to-date: /home/ros2_ws/install/xterra/include/xterra/xterra/msg/detail/base_orientation_wrench_debug__rosidl_typesupport_introspection_c.h\n'}
[1.094016] (xterra) StdoutLine: {'line': b'-- Up-to-date: /home/ros2_ws/install/xterra/include/xterra/xterra/msg/detail/camera_frame__rosidl_typesupport_introspection_c.h\n'}
[1.094218] (xterra) StdoutLine: {'line': b'-- Up-to-date: /home/ros2_ws/install/xterra/include/xterra/xterra/msg/detail/quaternion__type_support.c\n'}
[1.094410] (xterra) StdoutLine: {'line': b'-- Up-to-date: /home/ros2_ws/install/xterra/include/xterra/xterra/msg/detail/point3_d__rosidl_typesupport_introspection_c.h\n'}
[1.094594] (xterra) StdoutLine: {'line': b'-- Up-to-date: /home/ros2_ws/install/xterra/include/xterra/xterra/msg/detail/float_scalar__rosidl_typesupport_introspection_c.h\n'}
[1.094774] (xterra) StdoutLine: {'line': b'-- Up-to-date: /home/ros2_ws/install/xterra/include/xterra/xterra/msg/detail/joint_data__rosidl_typesupport_introspection_c.h\n'}
[1.094955] (xterra) StdoutLine: {'line': b'-- Up-to-date: /home/ros2_ws/install/xterra/include/xterra/xterra/msg/detail/camera_frame__type_support.c\n'}
[1.095508] (xterra) StdoutLine: {'line': b'-- Up-to-date: /home/ros2_ws/install/xterra/include/xterra/xterra/msg/detail/motor_gain_multiplier__rosidl_typesupport_introspection_c.h\n'}
[1.095716] (xterra) StdoutLine: {'line': b'-- Up-to-date: /home/ros2_ws/install/xterra/include/xterra/xterra/msg/detail/sensor_data__rosidl_typesupport_introspection_c.h\n'}
[1.095928] (xterra) StdoutLine: {'line': b'-- Up-to-date: /home/ros2_ws/install/xterra/include/xterra/xterra/msg/detail/quad_log__type_support.c\n'}
[1.096099] (xterra) StdoutLine: {'line': b'-- Up-to-date: /home/ros2_ws/install/xterra/include/xterra/xterra/msg/detail/joy_data__type_support.c\n'}
[1.096267] (xterra) StdoutLine: {'line': b'-- Up-to-date: /home/ros2_ws/install/xterra/include/xterra/xterra/msg/detail/float_scalar__type_support.c\n'}
[1.096433] (xterra) StdoutLine: {'line': b'-- Up-to-date: /home/ros2_ws/install/xterra/include/xterra/xterra/msg/detail/indicator_data__rosidl_typesupport_introspection_c.h\n'}
[1.096626] (xterra) StdoutLine: {'line': b'-- Up-to-date: /home/ros2_ws/install/xterra/include/xterra/xterra/msg/detail/point3_d__type_support.c\n'}
[1.096798] (xterra) StdoutLine: {'line': b'-- Up-to-date: /home/ros2_ws/install/xterra/include/xterra/xterra/msg/detail/quaternion__rosidl_typesupport_introspection_c.h\n'}
[1.096968] (xterra) StdoutLine: {'line': b'-- Up-to-date: /home/ros2_ws/install/xterra/include/xterra/xterra/msg/detail/base_orientation_wrench_debug__type_support.c\n'}
[1.097135] (xterra) StdoutLine: {'line': b'-- Up-to-date: /home/ros2_ws/install/xterra/include/xterra/xterra/msg/detail/joy_data__rosidl_typesupport_introspection_c.h\n'}
[1.097304] (xterra) StdoutLine: {'line': b'-- Up-to-date: /home/ros2_ws/install/xterra/include/xterra/xterra/msg/detail/solver_stats__rosidl_typesupport_introspection_c.h\n'}
[1.097473] (xterra) StdoutLine: {'line': b'-- Up-to-date: /home/ros2_ws/install/xterra/include/xterra/xterra/msg/detail/rgb_frame__rosidl_typesupport_introspection_c.h\n'}
[1.097639] (xterra) StdoutLine: {'line': b'-- Up-to-date: /home/ros2_ws/install/xterra/include/xterra/xterra/msg/detail/solver_stats__type_support.c\n'}
[1.097805] (xterra) StdoutLine: {'line': b'-- Up-to-date: /home/ros2_ws/install/xterra/include/xterra/xterra/msg/detail/quad_log__rosidl_typesupport_introspection_c.h\n'}
[1.097970] (xterra) StdoutLine: {'line': b'-- Up-to-date: /home/ros2_ws/install/xterra/include/xterra/xterra/msg/detail/sensor_data__type_support.c\n'}
[1.098134] (xterra) StdoutLine: {'line': b'-- Up-to-date: /home/ros2_ws/install/xterra/include/xterra/xterra/msg/detail/motor_gain_multiplier__type_support.c\n'}
[1.098336] (xterra) StdoutLine: {'line': b'-- Up-to-date: /home/ros2_ws/install/xterra/include/xterra/xterra/msg/detail/indicator_data__type_support.c\n'}
[1.098506] (xterra) StdoutLine: {'line': b'-- Up-to-date: /home/ros2_ws/install/xterra/include/xterra/xterra/msg/detail/rgb_frame__type_support.c\n'}
[1.098675] (xterra) StdoutLine: {'line': b'-- Up-to-date: /home/ros2_ws/install/xterra/include/xterra/xterra/srv\n'}
[1.098842] (xterra) StdoutLine: {'line': b'-- Up-to-date: /home/ros2_ws/install/xterra/include/xterra/xterra/srv/detail\n'}
[1.099006] (xterra) StdoutLine: {'line': b'-- Up-to-date: /home/ros2_ws/install/xterra/include/xterra/xterra/srv/detail/capture_image__rosidl_typesupport_introspection_c.h\n'}
[1.099196] (xterra) StdoutLine: {'line': b'-- Up-to-date: /home/ros2_ws/install/xterra/include/xterra/xterra/srv/detail/capture_image__type_support.c\n'}
[1.099374] (xterra) StdoutLine: {'line': b'-- Up-to-date: /home/ros2_ws/install/xterra/lib/libxterra__rosidl_typesupport_introspection_c.so\n'}
[1.099542] (xterra) StdoutLine: {'line': b'-- Up-to-date: /home/ros2_ws/install/xterra/lib/libxterra__rosidl_typesupport_c.so\n'}
[1.099709] (xterra) StdoutLine: {'line': b'-- Up-to-date: /home/ros2_ws/install/xterra/include/xterra/xterra\n'}
[1.099872] (xterra) StdoutLine: {'line': b'-- Up-to-date: /home/ros2_ws/install/xterra/include/xterra/xterra/msg\n'}
[1.100036] (xterra) StdoutLine: {'line': b'-- Up-to-date: /home/ros2_ws/install/xterra/include/xterra/xterra/msg/detail\n'}
[1.100199] (xterra) StdoutLine: {'line': b'-- Up-to-date: /home/ros2_ws/install/xterra/include/xterra/xterra/msg/detail/motor_gain_multiplier__type_support.cpp\n'}
[1.100364] (xterra) StdoutLine: {'line': b'-- Up-to-date: /home/ros2_ws/install/xterra/include/xterra/xterra/msg/detail/quad_log__type_support.cpp\n'}
[1.100545] (xterra) StdoutLine: {'line': b'-- Up-to-date: /home/ros2_ws/install/xterra/include/xterra/xterra/msg/detail/base_orientation_wrench_debug__rosidl_typesupport_introspection_cpp.hpp\n'}
[1.100719] (xterra) StdoutLine: {'line': b'-- Up-to-date: /home/ros2_ws/install/xterra/include/xterra/xterra/msg/detail/joy_data__type_support.cpp\n'}
[1.100886] (xterra) StdoutLine: {'line': b'-- Up-to-date: /home/ros2_ws/install/xterra/include/xterra/xterra/msg/detail/joint_data__rosidl_typesupport_introspection_cpp.hpp\n'}
[1.101071] (xterra) StdoutLine: {'line': b'-- Up-to-date: /home/ros2_ws/install/xterra/include/xterra/xterra/msg/detail/sensor_data__type_support.cpp\n'}
[1.101235] (-) TimerEvent: {}
[1.101286] (xterra) StdoutLine: {'line': b'-- Up-to-date: /home/ros2_ws/install/xterra/include/xterra/xterra/msg/detail/sensor_data__rosidl_typesupport_introspection_cpp.hpp\n'}
[1.101457] (xterra) StdoutLine: {'line': b'-- Up-to-date: /home/ros2_ws/install/xterra/include/xterra/xterra/msg/detail/rgb_frame__type_support.cpp\n'}
[1.101624] (xterra) StdoutLine: {'line': b'-- Up-to-date: /home/ros2_ws/install/xterra/include/xterra/xterra/msg/detail/float_scalar__rosidl_typesupport_introspection_cpp.hpp\n'}
[1.101788] (xterra) StdoutLine: {'line': b'-- Up-to-date: /home/ros2_ws/install/xterra/include/xterra/xterra/msg/detail/solver_stats__type_support.cpp\n'}
[1.101951] (xterra) StdoutLine: {'line': b'-- Up-to-date: /home/ros2_ws/install/xterra/include/xterra/xterra/msg/detail/point3_d__type_support.cpp\n'}
[1.102115] (xterra) StdoutLine: {'line': b'-- Up-to-date: /home/ros2_ws/install/xterra/include/xterra/xterra/msg/detail/motor_gain_multiplier__rosidl_typesupport_introspection_cpp.hpp\n'}
[1.102282] (xterra) StdoutLine: {'line': b'-- Up-to-date: /home/ros2_ws/install/xterra/include/xterra/xterra/msg/detail/solver_stats__rosidl_typesupport_introspection_cpp.hpp\n'}
[1.102449] (xterra) StdoutLine: {'line': b'-- Up-to-date: /home/ros2_ws/install/xterra/include/xterra/xterra/msg/detail/float_scalar__type_support.cpp\n'}
[1.102614] (xterra) StdoutLine: {'line': b'-- Up-to-date: /home/ros2_ws/install/xterra/include/xterra/xterra/msg/detail/camera_frame__rosidl_typesupport_introspection_cpp.hpp\n'}
[1.102779] (xterra) StdoutLine: {'line': b'-- Up-to-date: /home/ros2_ws/install/xterra/include/xterra/xterra/msg/detail/joy_data__rosidl_typesupport_introspection_cpp.hpp\n'}
[1.102943] (xterra) StdoutLine: {'line': b'-- Up-to-date: /home/ros2_ws/install/xterra/include/xterra/xterra/msg/detail/indicator_data__rosidl_typesupport_introspection_cpp.hpp\n'}
[1.103110] (xterra) StdoutLine: {'line': b'-- Up-to-date: /home/ros2_ws/install/xterra/include/xterra/xterra/msg/detail/base_orientation_wrench_debug__type_support.cpp\n'}
[1.103528] (xterra) StdoutLine: {'line': b'-- Up-to-date: /home/ros2_ws/install/xterra/include/xterra/xterra/msg/detail/point3_d__rosidl_typesupport_introspection_cpp.hpp\n'}
[1.103733] (xterra) StdoutLine: {'line': b'-- Up-to-date: /home/ros2_ws/install/xterra/include/xterra/xterra/msg/detail/joint_data__type_support.cpp\n'}
[1.103899] (xterra) StdoutLine: {'line': b'-- Up-to-date: /home/ros2_ws/install/xterra/include/xterra/xterra/msg/detail/quaternion__rosidl_typesupport_introspection_cpp.hpp\n'}
[1.104058] (xterra) StdoutLine: {'line': b'-- Up-to-date: /home/ros2_ws/install/xterra/include/xterra/xterra/msg/detail/quad_log__rosidl_typesupport_introspection_cpp.hpp\n'}
[1.104214] (xterra) StdoutLine: {'line': b'-- Up-to-date: /home/ros2_ws/install/xterra/include/xterra/xterra/msg/detail/rgb_frame__rosidl_typesupport_introspection_cpp.hpp\n'}
[1.104372] (xterra) StdoutLine: {'line': b'-- Up-to-date: /home/ros2_ws/install/xterra/include/xterra/xterra/msg/detail/indicator_data__type_support.cpp\n'}
[1.104527] (xterra) StdoutLine: {'line': b'-- Up-to-date: /home/ros2_ws/install/xterra/include/xterra/xterra/msg/detail/quaternion__type_support.cpp\n'}
[1.104684] (xterra) StdoutLine: {'line': b'-- Up-to-date: /home/ros2_ws/install/xterra/include/xterra/xterra/msg/detail/camera_frame__type_support.cpp\n'}
[1.104879] (xterra) StdoutLine: {'line': b'-- Up-to-date: /home/ros2_ws/install/xterra/include/xterra/xterra/srv\n'}
[1.105038] (xterra) StdoutLine: {'line': b'-- Up-to-date: /home/ros2_ws/install/xterra/include/xterra/xterra/srv/detail\n'}
[1.105193] (xterra) StdoutLine: {'line': b'-- Up-to-date: /home/ros2_ws/install/xterra/include/xterra/xterra/srv/detail/capture_image__type_support.cpp\n'}
[1.105351] (xterra) StdoutLine: {'line': b'-- Up-to-date: /home/ros2_ws/install/xterra/include/xterra/xterra/srv/detail/capture_image__rosidl_typesupport_introspection_cpp.hpp\n'}
[1.105527] (xterra) StdoutLine: {'line': b'-- Up-to-date: /home/ros2_ws/install/xterra/lib/libxterra__rosidl_typesupport_introspection_cpp.so\n'}
[1.105684] (xterra) StdoutLine: {'line': b'-- Up-to-date: /home/ros2_ws/install/xterra/lib/libxterra__rosidl_typesupport_cpp.so\n'}
[1.105839] (xterra) StdoutLine: {'line': b'-- Up-to-date: /home/ros2_ws/install/xterra/share/xterra/environment/pythonpath.sh\n'}
[1.105995] (xterra) StdoutLine: {'line': b'-- Up-to-date: /home/ros2_ws/install/xterra/share/xterra/environment/pythonpath.dsv\n'}
[1.106150] (xterra) StdoutLine: {'line': b'-- Up-to-date: /home/ros2_ws/install/xterra/local/lib/python3.10/dist-packages/xterra-0.0.0-py3.10.egg-info\n'}
[1.106307] (xterra) StdoutLine: {'line': b'-- Installing: /home/ros2_ws/install/xterra/local/lib/python3.10/dist-packages/xterra-0.0.0-py3.10.egg-info/SOURCES.txt\n'}
[1.106483] (xterra) StdoutLine: {'line': b'-- Installing: /home/ros2_ws/install/xterra/local/lib/python3.10/dist-packages/xterra-0.0.0-py3.10.egg-info/PKG-INFO\n'}
[1.106645] (xterra) StdoutLine: {'line': b'-- Installing: /home/ros2_ws/install/xterra/local/lib/python3.10/dist-packages/xterra-0.0.0-py3.10.egg-info/dependency_links.txt\n'}
[1.106802] (xterra) StdoutLine: {'line': b'-- Installing: /home/ros2_ws/install/xterra/local/lib/python3.10/dist-packages/xterra-0.0.0-py3.10.egg-info/top_level.txt\n'}
[1.106958] (xterra) StdoutLine: {'line': b'-- Up-to-date: /home/ros2_ws/install/xterra/local/lib/python3.10/dist-packages/xterra\n'}
[1.107304] (xterra) StdoutLine: {'line': b'-- Up-to-date: /home/ros2_ws/install/xterra/local/lib/python3.10/dist-packages/xterra/xterra_s__rosidl_typesupport_fastrtps_c.cpython-310-aarch64-linux-gnu.so\n'}
[1.107528] (xterra) StdoutLine: {'line': b'-- Up-to-date: /home/ros2_ws/install/xterra/local/lib/python3.10/dist-packages/xterra/_xterra_s.ep.rosidl_typesupport_c.c\n'}
[1.107730] (xterra) StdoutLine: {'line': b'-- Up-to-date: /home/ros2_ws/install/xterra/local/lib/python3.10/dist-packages/xterra/msg\n'}
[1.107888] (xterra) StdoutLine: {'line': b'-- Up-to-date: /home/ros2_ws/install/xterra/local/lib/python3.10/dist-packages/xterra/msg/_sensor_data.py\n'}
[1.108038] (xterra) StdoutLine: {'line': b'-- Up-to-date: /home/ros2_ws/install/xterra/local/lib/python3.10/dist-packages/xterra/msg/_quaternion.py\n'}
[1.108186] (xterra) StdoutLine: {'line': b'-- Up-to-date: /home/ros2_ws/install/xterra/local/lib/python3.10/dist-packages/xterra/msg/_indicator_data.py\n'}
[1.108333] (xterra) StdoutLine: {'line': b'-- Up-to-date: /home/ros2_ws/install/xterra/local/lib/python3.10/dist-packages/xterra/msg/_quaternion_s.c\n'}
[1.108480] (xterra) StdoutLine: {'line': b'-- Up-to-date: /home/ros2_ws/install/xterra/local/lib/python3.10/dist-packages/xterra/msg/_solver_stats_s.c\n'}
[1.108625] (xterra) StdoutLine: {'line': b'-- Up-to-date: /home/ros2_ws/install/xterra/local/lib/python3.10/dist-packages/xterra/msg/_joy_data_s.c\n'}
[1.108772] (xterra) StdoutLine: {'line': b'-- Up-to-date: /home/ros2_ws/install/xterra/local/lib/python3.10/dist-packages/xterra/msg/_sensor_data_s.c\n'}
[1.108917] (xterra) StdoutLine: {'line': b'-- Up-to-date: /home/ros2_ws/install/xterra/local/lib/python3.10/dist-packages/xterra/msg/_motor_gain_multiplier_s.c\n'}
[1.109064] (xterra) StdoutLine: {'line': b'-- Up-to-date: /home/ros2_ws/install/xterra/local/lib/python3.10/dist-packages/xterra/msg/_float_scalar.py\n'}
[1.109209] (xterra) StdoutLine: {'line': b'-- Up-to-date: /home/ros2_ws/install/xterra/local/lib/python3.10/dist-packages/xterra/msg/_quad_log.py\n'}
[1.109351] (xterra) StdoutLine: {'line': b'-- Up-to-date: /home/ros2_ws/install/xterra/local/lib/python3.10/dist-packages/xterra/msg/_joint_data_s.c\n'}
[1.109493] (xterra) StdoutLine: {'line': b'-- Up-to-date: /home/ros2_ws/install/xterra/local/lib/python3.10/dist-packages/xterra/msg/_float_scalar_s.c\n'}
[1.109635] (xterra) StdoutLine: {'line': b'-- Up-to-date: /home/ros2_ws/install/xterra/local/lib/python3.10/dist-packages/xterra/msg/_rgb_frame.py\n'}
[1.109777] (xterra) StdoutLine: {'line': b'-- Up-to-date: /home/ros2_ws/install/xterra/local/lib/python3.10/dist-packages/xterra/msg/_point3_d.py\n'}
[1.109943] (xterra) StdoutLine: {'line': b'-- Up-to-date: /home/ros2_ws/install/xterra/local/lib/python3.10/dist-packages/xterra/msg/_joy_data.py\n'}
[1.110087] (xterra) StdoutLine: {'line': b'-- Up-to-date: /home/ros2_ws/install/xterra/local/lib/python3.10/dist-packages/xterra/msg/_indicator_data_s.c\n'}
[1.110232] (xterra) StdoutLine: {'line': b'-- Up-to-date: /home/ros2_ws/install/xterra/local/lib/python3.10/dist-packages/xterra/msg/_camera_frame_s.c\n'}
[1.110376] (xterra) StdoutLine: {'line': b'-- Up-to-date: /home/ros2_ws/install/xterra/local/lib/python3.10/dist-packages/xterra/msg/_motor_gain_multiplier.py\n'}
[1.110519] (xterra) StdoutLine: {'line': b'-- Up-to-date: /home/ros2_ws/install/xterra/local/lib/python3.10/dist-packages/xterra/msg/_base_orientation_wrench_debug.py\n'}
[1.110665] (xterra) StdoutLine: {'line': b'-- Up-to-date: /home/ros2_ws/install/xterra/local/lib/python3.10/dist-packages/xterra/msg/_point3_d_s.c\n'}
[1.110809] (xterra) StdoutLine: {'line': b'-- Up-to-date: /home/ros2_ws/install/xterra/local/lib/python3.10/dist-packages/xterra/msg/_rgb_frame_s.c\n'}
[1.110955] (xterra) StdoutLine: {'line': b'-- Up-to-date: /home/ros2_ws/install/xterra/local/lib/python3.10/dist-packages/xterra/msg/_quad_log_s.c\n'}
[1.111155] (xterra) StdoutLine: {'line': b'-- Up-to-date: /home/ros2_ws/install/xterra/local/lib/python3.10/dist-packages/xterra/msg/_joint_data.py\n'}
[1.111320] (xterra) StdoutLine: {'line': b'-- Up-to-date: /home/ros2_ws/install/xterra/local/lib/python3.10/dist-packages/xterra/msg/__init__.py\n'}
[1.111469] (xterra) StdoutLine: {'line': b'-- Up-to-date: /home/ros2_ws/install/xterra/local/lib/python3.10/dist-packages/xterra/msg/_solver_stats.py\n'}
[1.111615] (xterra) StdoutLine: {'line': b'-- Up-to-date: /home/ros2_ws/install/xterra/local/lib/python3.10/dist-packages/xterra/msg/_base_orientation_wrench_debug_s.c\n'}
[1.111761] (xterra) StdoutLine: {'line': b'-- Up-to-date: /home/ros2_ws/install/xterra/local/lib/python3.10/dist-packages/xterra/msg/_camera_frame.py\n'}
[1.111924] (xterra) StdoutLine: {'line': b'-- Up-to-date: /home/ros2_ws/install/xterra/local/lib/python3.10/dist-packages/xterra/libxterra__rosidl_generator_py.so\n'}
[1.112074] (xterra) StdoutLine: {'line': b'-- Up-to-date: /home/ros2_ws/install/xterra/local/lib/python3.10/dist-packages/xterra/_xterra_s.ep.rosidl_typesupport_introspection_c.c\n'}
[1.112220] (xterra) StdoutLine: {'line': b'-- Up-to-date: /home/ros2_ws/install/xterra/local/lib/python3.10/dist-packages/xterra/xterra_s__rosidl_typesupport_c.cpython-310-aarch64-linux-gnu.so\n'}
[1.112367] (xterra) StdoutLine: {'line': b'-- Up-to-date: /home/ros2_ws/install/xterra/local/lib/python3.10/dist-packages/xterra/srv\n'}
[1.112511] (xterra) StdoutLine: {'line': b'-- Up-to-date: /home/ros2_ws/install/xterra/local/lib/python3.10/dist-packages/xterra/srv/_capture_image_s.c\n'}
[1.112658] (xterra) StdoutLine: {'line': b'-- Up-to-date: /home/ros2_ws/install/xterra/local/lib/python3.10/dist-packages/xterra/srv/_capture_image.py\n'}
[1.112803] (xterra) StdoutLine: {'line': b'-- Up-to-date: /home/ros2_ws/install/xterra/local/lib/python3.10/dist-packages/xterra/srv/__init__.py\n'}
[1.112946] (xterra) StdoutLine: {'line': b'-- Up-to-date: /home/ros2_ws/install/xterra/local/lib/python3.10/dist-packages/xterra/_xterra_s.ep.rosidl_typesupport_fastrtps_c.c\n'}
[1.113091] (xterra) StdoutLine: {'line': b'-- Up-to-date: /home/ros2_ws/install/xterra/local/lib/python3.10/dist-packages/xterra/xterra_s__rosidl_typesupport_introspection_c.cpython-310-aarch64-linux-gnu.so\n'}
[1.113236] (xterra) StdoutLine: {'line': b'-- Up-to-date: /home/ros2_ws/install/xterra/local/lib/python3.10/dist-packages/xterra/__init__.py\n'}
[1.146463] (xterra) StdoutLine: {'line': b"Listing '/home/ros2_ws/install/xterra/local/lib/python3.10/dist-packages/xterra'...\n"}
[1.146748] (xterra) StdoutLine: {'line': b"Listing '/home/ros2_ws/install/xterra/local/lib/python3.10/dist-packages/xterra/msg'...\n"}
[1.146955] (xterra) StdoutLine: {'line': b"Listing '/home/ros2_ws/install/xterra/local/lib/python3.10/dist-packages/xterra/srv'...\n"}
[1.159952] (xterra) StdoutLine: {'line': b'-- Up-to-date: /home/ros2_ws/install/xterra/local/lib/python3.10/dist-packages/xterra/xterra_s__rosidl_typesupport_fastrtps_c.cpython-310-aarch64-linux-gnu.so\n'}
[1.160663] (xterra) StdoutLine: {'line': b'-- Up-to-date: /home/ros2_ws/install/xterra/local/lib/python3.10/dist-packages/xterra/xterra_s__rosidl_typesupport_introspection_c.cpython-310-aarch64-linux-gnu.so\n'}
[1.161403] (xterra) StdoutLine: {'line': b'-- Up-to-date: /home/ros2_ws/install/xterra/local/lib/python3.10/dist-packages/xterra/xterra_s__rosidl_typesupport_c.cpython-310-aarch64-linux-gnu.so\n'}
[1.162148] (xterra) StdoutLine: {'line': b'-- Up-to-date: /home/ros2_ws/install/xterra/lib/libxterra__rosidl_generator_py.so\n'}
[1.162681] (xterra) StdoutLine: {'line': b'-- Up-to-date: /home/ros2_ws/install/xterra/share/ament_index/resource_index/rust_packages/xterra\n'}
[1.164498] (xterra) StdoutLine: {'line': b'-- Up-to-date: /home/ros2_ws/install/xterra/share/xterra/rust\n'}
[1.165631] (xterra) StdoutLine: {'line': b'-- Up-to-date: /home/ros2_ws/install/xterra/share/xterra/rust/Cargo.toml\n'}
[1.166473] (xterra) StdoutLine: {'line': b'-- Up-to-date: /home/ros2_ws/install/xterra/share/xterra/rust/build.rs\n'}
[1.167605] (xterra) StdoutLine: {'line': b'-- Up-to-date: /home/ros2_ws/install/xterra/share/xterra/rust/src\n'}
[1.168532] (xterra) StdoutLine: {'line': b'-- Up-to-date: /home/ros2_ws/install/xterra/share/xterra/rust/src/msg\n'}
[1.169282] (xterra) StdoutLine: {'line': b'-- Up-to-date: /home/ros2_ws/install/xterra/share/xterra/rust/src/msg/rmw.rs\n'}
[1.169563] (xterra) StdoutLine: {'line': b'-- Up-to-date: /home/ros2_ws/install/xterra/share/xterra/rust/src/srv\n'}
[1.170661] (xterra) StdoutLine: {'line': b'-- Up-to-date: /home/ros2_ws/install/xterra/share/xterra/rust/src/srv/rmw.rs\n'}
[1.170922] (xterra) StdoutLine: {'line': b'-- Up-to-date: /home/ros2_ws/install/xterra/share/xterra/rust/src/srv.rs\n'}
[1.171192] (xterra) StdoutLine: {'line': b'-- Up-to-date: /home/ros2_ws/install/xterra/share/xterra/rust/src/lib.rs\n'}
[1.171452] (xterra) StdoutLine: {'line': b'-- Up-to-date: /home/ros2_ws/install/xterra/share/xterra/rust/src/msg.rs\n'}
[1.171671] (xterra) StdoutLine: {'line': b'-- Up-to-date: /home/ros2_ws/install/xterra/share/xterra/msg/JointData.idl\n'}
[1.172081] (xterra) StdoutLine: {'line': b'-- Up-to-date: /home/ros2_ws/install/xterra/share/xterra/msg/SensorData.idl\n'}
[1.172625] (xterra) StdoutLine: {'line': b'-- Up-to-date: /home/ros2_ws/install/xterra/share/xterra/msg/MotorGainMultiplier.idl\n'}
[1.173163] (xterra) StdoutLine: {'line': b'-- Up-to-date: /home/ros2_ws/install/xterra/share/xterra/msg/QuadLog.idl\n'}
[1.173558] (xterra) StdoutLine: {'line': b'-- Up-to-date: /home/ros2_ws/install/xterra/share/xterra/msg/Point3D.idl\n'}
[1.174067] (xterra) StdoutLine: {'line': b'-- Up-to-date: /home/ros2_ws/install/xterra/share/xterra/msg/Quaternion.idl\n'}
[1.174428] (xterra) StdoutLine: {'line': b'-- Up-to-date: /home/ros2_ws/install/xterra/share/xterra/msg/SolverStats.idl\n'}
[1.174941] (xterra) StdoutLine: {'line': b'-- Up-to-date: /home/ros2_ws/install/xterra/share/xterra/msg/RGBFrame.idl\n'}
[1.175768] (xterra) StdoutLine: {'line': b'-- Up-to-date: /home/ros2_ws/install/xterra/share/xterra/msg/IndicatorData.idl\n'}
[1.176322] (xterra) StdoutLine: {'line': b'-- Up-to-date: /home/ros2_ws/install/xterra/share/xterra/msg/BaseOrientationWrenchDebug.idl\n'}
[1.176551] (xterra) StdoutLine: {'line': b'-- Up-to-date: /home/ros2_ws/install/xterra/share/xterra/msg/FloatScalar.idl\n'}
[1.176816] (xterra) StdoutLine: {'line': b'-- Up-to-date: /home/ros2_ws/install/xterra/share/xterra/msg/JoyData.idl\n'}
[1.177880] (xterra) StdoutLine: {'line': b'-- Up-to-date: /home/ros2_ws/install/xterra/share/xterra/msg/CameraFrame.idl\n'}
[1.178604] (xterra) StdoutLine: {'line': b'-- Up-to-date: /home/ros2_ws/install/xterra/share/xterra/srv/CaptureImage.idl\n'}
[1.178821] (xterra) StdoutLine: {'line': b'-- Up-to-date: /home/ros2_ws/install/xterra/share/xterra/msg/JointData.msg\n'}
[1.179062] (xterra) StdoutLine: {'line': b'-- Up-to-date: /home/ros2_ws/install/xterra/share/xterra/msg/SensorData.msg\n'}
[1.179313] (xterra) StdoutLine: {'line': b'-- Up-to-date: /home/ros2_ws/install/xterra/share/xterra/msg/MotorGainMultiplier.msg\n'}
[1.179531] (xterra) StdoutLine: {'line': b'-- Up-to-date: /home/ros2_ws/install/xterra/share/xterra/msg/QuadLog.msg\n'}
[1.179746] (xterra) StdoutLine: {'line': b'-- Up-to-date: /home/ros2_ws/install/xterra/share/xterra/msg/Point3D.msg\n'}
[1.179954] (xterra) StdoutLine: {'line': b'-- Up-to-date: /home/ros2_ws/install/xterra/share/xterra/msg/Quaternion.msg\n'}
[1.180153] (xterra) StdoutLine: {'line': b'-- Up-to-date: /home/ros2_ws/install/xterra/share/xterra/msg/SolverStats.msg\n'}
[1.180353] (xterra) StdoutLine: {'line': b'-- Up-to-date: /home/ros2_ws/install/xterra/share/xterra/msg/RGBFrame.msg\n'}
[1.180555] (xterra) StdoutLine: {'line': b'-- Up-to-date: /home/ros2_ws/install/xterra/share/xterra/msg/IndicatorData.msg\n'}
[1.180755] (xterra) StdoutLine: {'line': b'-- Up-to-date: /home/ros2_ws/install/xterra/share/xterra/msg/BaseOrientationWrenchDebug.msg\n'}
[1.180956] (xterra) StdoutLine: {'line': b'-- Up-to-date: /home/ros2_ws/install/xterra/share/xterra/msg/FloatScalar.msg\n'}
[1.181154] (xterra) StdoutLine: {'line': b'-- Up-to-date: /home/ros2_ws/install/xterra/share/xterra/msg/JoyData.msg\n'}
[1.181352] (xterra) StdoutLine: {'line': b'-- Up-to-date: /home/ros2_ws/install/xterra/share/xterra/msg/CameraFrame.msg\n'}
[1.181554] (xterra) StdoutLine: {'line': b'-- Up-to-date: /home/ros2_ws/install/xterra/share/xterra/srv/CaptureImage.srv\n'}
[1.181754] (xterra) StdoutLine: {'line': b'-- Up-to-date: /home/ros2_ws/install/xterra/share/xterra/srv/CaptureImage_Request.msg\n'}
[1.181951] (xterra) StdoutLine: {'line': b'-- Up-to-date: /home/ros2_ws/install/xterra/share/xterra/srv/CaptureImage_Response.msg\n'}
[1.182149] (xterra) StdoutLine: {'line': b'-- Up-to-date: /home/ros2_ws/install/xterra/share/ament_index/resource_index/package_run_dependencies/xterra\n'}
[1.182352] (xterra) StdoutLine: {'line': b'-- Up-to-date: /home/ros2_ws/install/xterra/share/ament_index/resource_index/parent_prefix_path/xterra\n'}
[1.182556] (xterra) StdoutLine: {'line': b'-- Up-to-date: /home/ros2_ws/install/xterra/share/xterra/environment/ament_prefix_path.sh\n'}
[1.182759] (xterra) StdoutLine: {'line': b'-- Up-to-date: /home/ros2_ws/install/xterra/share/xterra/environment/ament_prefix_path.dsv\n'}
[1.182960] (xterra) StdoutLine: {'line': b'-- Up-to-date: /home/ros2_ws/install/xterra/share/xterra/environment/path.sh\n'}
[1.183196] (xterra) StdoutLine: {'line': b'-- Up-to-date: /home/ros2_ws/install/xterra/share/xterra/environment/path.dsv\n'}
[1.183409] (xterra) StdoutLine: {'line': b'-- Up-to-date: /home/ros2_ws/install/xterra/share/xterra/local_setup.bash\n'}
[1.183610] (xterra) StdoutLine: {'line': b'-- Up-to-date: /home/ros2_ws/install/xterra/share/xterra/local_setup.sh\n'}
[1.183813] (xterra) StdoutLine: {'line': b'-- Up-to-date: /home/ros2_ws/install/xterra/share/xterra/local_setup.zsh\n'}
[1.184011] (xterra) StdoutLine: {'line': b'-- Up-to-date: /home/ros2_ws/install/xterra/share/xterra/local_setup.dsv\n'}
[1.184209] (xterra) StdoutLine: {'line': b'-- Installing: /home/ros2_ws/install/xterra/share/xterra/package.dsv\n'}
[1.184407] (xterra) StdoutLine: {'line': b'-- Up-to-date: /home/ros2_ws/install/xterra/share/ament_index/resource_index/packages/xterra\n'}
[1.184606] (xterra) StdoutLine: {'line': b'-- Up-to-date: /home/ros2_ws/install/xterra/share/xterra/cmake/export_xterra__rosidl_generator_cExport.cmake\n'}
[1.184805] (xterra) StdoutLine: {'line': b'-- Up-to-date: /home/ros2_ws/install/xterra/share/xterra/cmake/export_xterra__rosidl_generator_cExport-noconfig.cmake\n'}
[1.185005] (xterra) StdoutLine: {'line': b'-- Up-to-date: /home/ros2_ws/install/xterra/share/xterra/cmake/export_xterra__rosidl_typesupport_fastrtps_cExport.cmake\n'}
[1.185206] (xterra) StdoutLine: {'line': b'-- Up-to-date: /home/ros2_ws/install/xterra/share/xterra/cmake/export_xterra__rosidl_typesupport_fastrtps_cExport-noconfig.cmake\n'}
[1.185443] (xterra) StdoutLine: {'line': b'-- Up-to-date: /home/ros2_ws/install/xterra/share/xterra/cmake/export_xterra__rosidl_generator_cppExport.cmake\n'}
[1.185644] (xterra) StdoutLine: {'line': b'-- Up-to-date: /home/ros2_ws/install/xterra/share/xterra/cmake/export_xterra__rosidl_typesupport_fastrtps_cppExport.cmake\n'}
[1.185847] (xterra) StdoutLine: {'line': b'-- Up-to-date: /home/ros2_ws/install/xterra/share/xterra/cmake/export_xterra__rosidl_typesupport_fastrtps_cppExport-noconfig.cmake\n'}
[1.186045] (xterra) StdoutLine: {'line': b'-- Up-to-date: /home/ros2_ws/install/xterra/share/xterra/cmake/xterra__rosidl_typesupport_introspection_cExport.cmake\n'}
[1.186245] (xterra) StdoutLine: {'line': b'-- Up-to-date: /home/ros2_ws/install/xterra/share/xterra/cmake/xterra__rosidl_typesupport_introspection_cExport-noconfig.cmake\n'}
[1.186445] (xterra) StdoutLine: {'line': b'-- Up-to-date: /home/ros2_ws/install/xterra/share/xterra/cmake/xterra__rosidl_typesupport_cExport.cmake\n'}
[1.186674] (xterra) StdoutLine: {'line': b'-- Up-to-date: /home/ros2_ws/install/xterra/share/xterra/cmake/xterra__rosidl_typesupport_cExport-noconfig.cmake\n'}
[1.186883] (xterra) StdoutLine: {'line': b'-- Up-to-date: /home/ros2_ws/install/xterra/share/xterra/cmake/xterra__rosidl_typesupport_introspection_cppExport.cmake\n'}
[1.187156] (xterra) StdoutLine: {'line': b'-- Up-to-date: /home/ros2_ws/install/xterra/share/xterra/cmake/xterra__rosidl_typesupport_introspection_cppExport-noconfig.cmake\n'}
[1.187385] (xterra) StdoutLine: {'line': b'-- Up-to-date: /home/ros2_ws/install/xterra/share/xterra/cmake/xterra__rosidl_typesupport_cppExport.cmake\n'}
[1.187595] (xterra) StdoutLine: {'line': b'-- Up-to-date: /home/ros2_ws/install/xterra/share/xterra/cmake/xterra__rosidl_typesupport_cppExport-noconfig.cmake\n'}
[1.187799] (xterra) StdoutLine: {'line': b'-- Up-to-date: /home/ros2_ws/install/xterra/share/xterra/cmake/export_xterra__rosidl_generator_pyExport.cmake\n'}
[1.188001] (xterra) StdoutLine: {'line': b'-- Up-to-date: /home/ros2_ws/install/xterra/share/xterra/cmake/export_xterra__rosidl_generator_pyExport-noconfig.cmake\n'}
[1.188201] (xterra) StdoutLine: {'line': b'-- Up-to-date: /home/ros2_ws/install/xterra/share/xterra/cmake/rosidl_cmake-extras.cmake\n'}
[1.189032] (xterra) StdoutLine: {'line': b'-- Up-to-date: /home/ros2_ws/install/xterra/share/xterra/cmake/ament_cmake_export_dependencies-extras.cmake\n'}
[1.191966] (xterra) StdoutLine: {'line': b'-- Up-to-date: /home/ros2_ws/install/xterra/share/xterra/cmake/ament_cmake_export_include_directories-extras.cmake\n'}
[1.193795] (xterra) StdoutLine: {'line': b'-- Up-to-date: /home/ros2_ws/install/xterra/share/xterra/cmake/ament_cmake_export_libraries-extras.cmake\n'}
[1.194059] (xterra) StdoutLine: {'line': b'-- Up-to-date: /home/ros2_ws/install/xterra/share/xterra/cmake/ament_cmake_export_targets-extras.cmake\n'}
[1.195049] (xterra) StdoutLine: {'line': b'-- Up-to-date: /home/ros2_ws/install/xterra/share/xterra/cmake/rosidl_cmake_export_typesupport_targets-extras.cmake\n'}
[1.196539] (xterra) StdoutLine: {'line': b'-- Up-to-date: /home/ros2_ws/install/xterra/share/xterra/cmake/rosidl_cmake_export_typesupport_libraries-extras.cmake\n'}
[1.196846] (xterra) StdoutLine: {'line': b'-- Up-to-date: /home/ros2_ws/install/xterra/share/xterra/cmake/xterraConfig.cmake\n'}
[1.197701] (xterra) StdoutLine: {'line': b'-- Up-to-date: /home/ros2_ws/install/xterra/share/xterra/cmake/xterraConfig-version.cmake\n'}
[1.198213] (xterra) StdoutLine: {'line': b'-- Up-to-date: /home/ros2_ws/install/xterra/share/xterra/package.xml\n'}
[1.198750] (xterra) CommandEnded: {'returncode': 0}
[1.201498] (-) TimerEvent: {}
[1.285124] (xterra) JobEnded: {'identifier': 'xterra', 'rc': 0}
[1.287062] (-) EventReactorShutdown: {}
