[0.000000] (-) TimerEvent: {}
[0.000394] (-) JobUnselected: {'identifier': 'cyclonedds'}
[0.000692] (-) JobUnselected: {'identifier': 'livox_ros_driver2'}
[0.000804] (-) JobUnselected: {'identifier': 'm2_metal_description'}
[0.000888] (-) JobUnselected: {'identifier': 'orbbec_camera'}
[0.000965] (-) JobUnselected: {'identifier': 'orbbec_camera_msgs'}
[0.001072] (-) JobUnselected: {'identifier': 'orbbec_description'}
[0.001150] (-) JobUnselected: {'identifier': 'realsense2_description'}
[0.001261] (-) JobUnselected: {'identifier': 'sensor_description'}
[0.001339] (-) JobUnselected: {'identifier': 'xterra'}
[0.001419] (realsense2_camera_msgs) JobQueued: {'identifier': 'realsense2_camera_msgs', 'dependencies': OrderedDict()}
[0.001532] (realsense2_camera) JobQueued: {'identifier': 'realsense2_camera', 'dependencies': OrderedDict([('realsense2_camera_msgs', '/home/ros2_ws/install/realsense2_camera_msgs')])}
[0.001619] (realsense2_camera_msgs) JobStarted: {'identifier': 'realsense2_camera_msgs'}
[0.024859] (realsense2_camera_msgs) JobProgress: {'identifier': 'realsense2_camera_msgs', 'progress': 'cmake'}
[0.026607] (realsense2_camera_msgs) JobProgress: {'identifier': 'realsense2_camera_msgs', 'progress': 'build'}
[0.027987] (realsense2_camera_msgs) Command: {'cmd': ['/usr/bin/cmake', '--build', '/home/ros2_ws/build/realsense2_camera_msgs'], 'cwd': '/home/ros2_ws/build/realsense2_camera_msgs', 'env': OrderedDict([('CMAKE_BUILD_PARALLEL_LEVEL', '3'), ('HOSTNAME', 'xterra-orin'), ('SHLVL', '1'), ('LD_LIBRARY_PATH', '/home/ros2_ws/install/xterra_perception_api/lib:/home/ros2_ws/install/xterra/lib:/home/ros2_ws/install/realsense2_camera/lib:/home/ros2_ws/install/realsense2_camera_msgs/lib:/home/ros2_ws/install/livox_ros_driver2/lib:/opt/ros/humble/opt/rviz_ogre_vendor/lib:/opt/ros/humble/lib/aarch64-linux-gnu:/opt/ros/humble/lib:/usr/local/lib:/home/ros/install/lib'), ('HOME', '/root'), ('OLDPWD', '/home/ros2_ws'), ('ROS_PYTHON_VERSION', '3'), ('MAKEFLAGS', '-j3'), ('COLCON_PREFIX_PATH', '/home/ros2_ws/install'), ('ROS_DISTRO', 'humble'), ('_', '/usr/bin/colcon'), ('ROS_VERSION', '2'), ('NVIDIA_DRIVER_CAPABILITIES', 'all'), ('OrbbecSDK_DIR', '/usr/local/lib/cmake/OrbbecSDK'), ('ROS_LOCALHOST_ONLY', '0'), ('QT_X11_NO_MITSHM', '1'), ('PATH', '/opt/ros/humble/bin:/home/ros/install/bin:/usr/local/sbin:/usr/local/bin:/usr/sbin:/usr/bin:/sbin:/bin'), ('DISPLAY', ''), ('LANG', 'C.UTF-8'), ('RMW_IMPLEMENTATION', 'rmw_cyclonedds_cpp'), ('CYCLONEDDS_HOME', '/home/ros/install'), ('ROS_DOMAIN_ID', '0'), ('AMENT_PREFIX_PATH', '/home/ros2_ws/install/xterra_perception_api:/home/ros2_ws/install/xterra:/home/ros2_ws/install/m2_metal_description:/home/ros2_ws/install/sensor_description:/home/ros2_ws/install/realsense2_camera:/home/ros2_ws/install/realsense2_camera_msgs:/home/ros2_ws/install/livox_ros_driver2:/opt/ros/humble'), ('DEBIAN_FRONTEND', 'noninteractive'), ('PWD', '/home/ros2_ws/build/realsense2_camera_msgs'), ('LC_ALL', 'C.UTF-8'), ('PYTHONPATH', '/home/ros2_ws/install/xterra/local/lib/python3.10/dist-packages:/home/ros2_ws/install/realsense2_camera_msgs/local/lib/python3.10/dist-packages:/home/ros2_ws/install/livox_ros_driver2/local/lib/python3.10/dist-packages:/opt/ros/humble/lib/python3.10/site-packages:/opt/ros/humble/local/lib/python3.10/dist-packages'), ('NVIDIA_VISIBLE_DEVICES', 'all'), ('COLCON', '1'), ('CMAKE_PREFIX_PATH', '/home/ros2_ws/install/xterra_perception_api:/home/ros2_ws/install/xterra:/home/ros2_ws/install/m2_metal_description:/home/ros2_ws/install/sensor_description:/home/ros2_ws/install/realsense2_camera:/home/ros2_ws/install/realsense2_camera_msgs:/home/ros2_ws/install/livox_ros_driver2:/opt/OrbbecSDK_v2.4.11/lib::/opt/ros/humble')]), 'shell': False}
[0.098268] (-) TimerEvent: {}
[0.169054] (realsense2_camera_msgs) StdoutLine: {'line': b'[  7%] Built target realsense2_camera_msgs__cpp\n'}
[0.170089] (realsense2_camera_msgs) StdoutLine: {'line': b'[  8%] Built target realsense2_camera_msgs__rs\n'}
[0.170273] (realsense2_camera_msgs) StdoutLine: {'line': b'[ 14%] Built target realsense2_camera_msgs__rosidl_generator_c\n'}
[0.198527] (-) TimerEvent: {}
[0.234273] (realsense2_camera_msgs) StdoutLine: {'line': b'[ 35%] Built target realsense2_camera_msgs__rosidl_typesupport_fastrtps_c\n'}
[0.234929] (realsense2_camera_msgs) StdoutLine: {'line': b'[ 35%] Built target realsense2_camera_msgs__rosidl_typesupport_introspection_c\n'}
[0.267102] (realsense2_camera_msgs) StdoutLine: {'line': b'[ 35%] Built target ament_cmake_python_copy_realsense2_camera_msgs\n'}
[0.298789] (-) TimerEvent: {}
[0.301829] (realsense2_camera_msgs) StdoutLine: {'line': b'[ 50%] Built target realsense2_camera_msgs__rosidl_typesupport_fastrtps_cpp\n'}
[0.302407] (realsense2_camera_msgs) StdoutLine: {'line': b'[ 57%] Built target realsense2_camera_msgs__rosidl_typesupport_c\n'}
[0.337895] (realsense2_camera_msgs) StdoutLine: {'line': b'[ 67%] Built target realsense2_camera_msgs__rosidl_typesupport_introspection_cpp\n'}
[0.368223] (realsense2_camera_msgs) StdoutLine: {'line': b'[ 78%] Built target realsense2_camera_msgs__rosidl_typesupport_cpp\n'}
[0.398834] (-) TimerEvent: {}
[0.428512] (realsense2_camera_msgs) StdoutLine: {'line': b'[ 78%] Built target realsense2_camera_msgs\n'}
[0.489994] (realsense2_camera_msgs) StdoutLine: {'line': b'[ 80%] Built target realsense2_camera_msgs__py\n'}
[0.498962] (-) TimerEvent: {}
[0.562936] (realsense2_camera_msgs) StdoutLine: {'line': b'[ 89%] Built target realsense2_camera_msgs__rosidl_generator_py\n'}
[0.599194] (-) TimerEvent: {}
[0.628128] (realsense2_camera_msgs) StdoutLine: {'line': b'[ 96%] Built target realsense2_camera_msgs__rosidl_typesupport_fastrtps_c__pyext\n'}
[0.628672] (realsense2_camera_msgs) StdoutLine: {'line': b'[ 96%] Built target realsense2_camera_msgs__rosidl_typesupport_introspection_c__pyext\n'}
[0.691346] (realsense2_camera_msgs) StdoutLine: {'line': b'[100%] Built target realsense2_camera_msgs__rosidl_typesupport_c__pyext\n'}
[0.699234] (-) TimerEvent: {}
[0.799532] (-) TimerEvent: {}
[0.824336] (realsense2_camera_msgs) StdoutLine: {'line': b'running egg_info\n'}
[0.826044] (realsense2_camera_msgs) StdoutLine: {'line': b'writing realsense2_camera_msgs.egg-info/PKG-INFO\n'}
[0.826910] (realsense2_camera_msgs) StdoutLine: {'line': b'writing dependency_links to realsense2_camera_msgs.egg-info/dependency_links.txt\n'}
[0.827414] (realsense2_camera_msgs) StdoutLine: {'line': b'writing top-level names to realsense2_camera_msgs.egg-info/top_level.txt\n'}
[0.832877] (realsense2_camera_msgs) StdoutLine: {'line': b"reading manifest file 'realsense2_camera_msgs.egg-info/SOURCES.txt'\n"}
[0.834332] (realsense2_camera_msgs) StdoutLine: {'line': b"writing manifest file 'realsense2_camera_msgs.egg-info/SOURCES.txt'\n"}
[0.899724] (-) TimerEvent: {}
[0.938109] (realsense2_camera_msgs) StdoutLine: {'line': b'[100%] Built target ament_cmake_python_build_realsense2_camera_msgs_egg\n'}
[0.973847] (realsense2_camera_msgs) CommandEnded: {'returncode': 0}
[0.977586] (realsense2_camera_msgs) JobProgress: {'identifier': 'realsense2_camera_msgs', 'progress': 'install'}
[0.999786] (-) TimerEvent: {}
[1.008512] (realsense2_camera_msgs) Command: {'cmd': ['/usr/bin/cmake', '--install', '/home/ros2_ws/build/realsense2_camera_msgs'], 'cwd': '/home/ros2_ws/build/realsense2_camera_msgs', 'env': OrderedDict([('CMAKE_BUILD_PARALLEL_LEVEL', '3'), ('HOSTNAME', 'xterra-orin'), ('SHLVL', '1'), ('LD_LIBRARY_PATH', '/home/ros2_ws/install/xterra_perception_api/lib:/home/ros2_ws/install/xterra/lib:/home/ros2_ws/install/realsense2_camera/lib:/home/ros2_ws/install/realsense2_camera_msgs/lib:/home/ros2_ws/install/livox_ros_driver2/lib:/opt/ros/humble/opt/rviz_ogre_vendor/lib:/opt/ros/humble/lib/aarch64-linux-gnu:/opt/ros/humble/lib:/usr/local/lib:/home/ros/install/lib'), ('HOME', '/root'), ('OLDPWD', '/home/ros2_ws'), ('ROS_PYTHON_VERSION', '3'), ('MAKEFLAGS', '-j3'), ('COLCON_PREFIX_PATH', '/home/ros2_ws/install'), ('ROS_DISTRO', 'humble'), ('_', '/usr/bin/colcon'), ('ROS_VERSION', '2'), ('NVIDIA_DRIVER_CAPABILITIES', 'all'), ('OrbbecSDK_DIR', '/usr/local/lib/cmake/OrbbecSDK'), ('ROS_LOCALHOST_ONLY', '0'), ('QT_X11_NO_MITSHM', '1'), ('PATH', '/opt/ros/humble/bin:/home/ros/install/bin:/usr/local/sbin:/usr/local/bin:/usr/sbin:/usr/bin:/sbin:/bin'), ('DISPLAY', ''), ('LANG', 'C.UTF-8'), ('RMW_IMPLEMENTATION', 'rmw_cyclonedds_cpp'), ('CYCLONEDDS_HOME', '/home/ros/install'), ('ROS_DOMAIN_ID', '0'), ('AMENT_PREFIX_PATH', '/home/ros2_ws/install/xterra_perception_api:/home/ros2_ws/install/xterra:/home/ros2_ws/install/m2_metal_description:/home/ros2_ws/install/sensor_description:/home/ros2_ws/install/realsense2_camera:/home/ros2_ws/install/realsense2_camera_msgs:/home/ros2_ws/install/livox_ros_driver2:/opt/ros/humble'), ('DEBIAN_FRONTEND', 'noninteractive'), ('PWD', '/home/ros2_ws/build/realsense2_camera_msgs'), ('LC_ALL', 'C.UTF-8'), ('PYTHONPATH', '/home/ros2_ws/install/xterra/local/lib/python3.10/dist-packages:/home/ros2_ws/install/realsense2_camera_msgs/local/lib/python3.10/dist-packages:/home/ros2_ws/install/livox_ros_driver2/local/lib/python3.10/dist-packages:/opt/ros/humble/lib/python3.10/site-packages:/opt/ros/humble/local/lib/python3.10/dist-packages'), ('NVIDIA_VISIBLE_DEVICES', 'all'), ('COLCON', '1'), ('CMAKE_PREFIX_PATH', '/home/ros2_ws/install/xterra_perception_api:/home/ros2_ws/install/xterra:/home/ros2_ws/install/m2_metal_description:/home/ros2_ws/install/sensor_description:/home/ros2_ws/install/realsense2_camera:/home/ros2_ws/install/realsense2_camera_msgs:/home/ros2_ws/install/livox_ros_driver2:/opt/OrbbecSDK_v2.4.11/lib::/opt/ros/humble')]), 'shell': False}
[1.037443] (realsense2_camera_msgs) StdoutLine: {'line': b'-- Install configuration: "Release"\n'}
[1.039312] (realsense2_camera_msgs) StdoutLine: {'line': b'-- Up-to-date: /home/ros2_ws/install/realsense2_camera_msgs/share/ament_index/resource_index/rosidl_interfaces/realsense2_camera_msgs\n'}
[1.039698] (realsense2_camera_msgs) StdoutLine: {'line': b'-- Up-to-date: /home/ros2_ws/install/realsense2_camera_msgs/include/realsense2_camera_msgs/realsense2_camera_msgs\n'}
[1.040648] (realsense2_camera_msgs) StdoutLine: {'line': b'-- Up-to-date: /home/ros2_ws/install/realsense2_camera_msgs/include/realsense2_camera_msgs/realsense2_camera_msgs/msg\n'}
[1.041039] (realsense2_camera_msgs) StdoutLine: {'line': b'-- Up-to-date: /home/ros2_ws/install/realsense2_camera_msgs/include/realsense2_camera_msgs/realsense2_camera_msgs/msg/extrinsics.h\n'}
[1.042191] (realsense2_camera_msgs) StdoutLine: {'line': b'-- Up-to-date: /home/ros2_ws/install/realsense2_camera_msgs/include/realsense2_camera_msgs/realsense2_camera_msgs/msg/metadata.h\n'}
[1.042554] (realsense2_camera_msgs) StdoutLine: {'line': b'-- Up-to-date: /home/ros2_ws/install/realsense2_camera_msgs/include/realsense2_camera_msgs/realsense2_camera_msgs/msg/rosidl_generator_c__visibility_control.h\n'}
[1.042926] (realsense2_camera_msgs) StdoutLine: {'line': b'-- Up-to-date: /home/ros2_ws/install/realsense2_camera_msgs/include/realsense2_camera_msgs/realsense2_camera_msgs/msg/detail\n'}
[1.045146] (realsense2_camera_msgs) StdoutLine: {'line': b'-- Up-to-date: /home/ros2_ws/install/realsense2_camera_msgs/include/realsense2_camera_msgs/realsense2_camera_msgs/msg/detail/extrinsics__functions.h\n'}
[1.045385] (realsense2_camera_msgs) StdoutLine: {'line': b'-- Up-to-date: /home/ros2_ws/install/realsense2_camera_msgs/include/realsense2_camera_msgs/realsense2_camera_msgs/msg/detail/imu_info__struct.h\n'}
[1.046428] (realsense2_camera_msgs) StdoutLine: {'line': b'-- Up-to-date: /home/ros2_ws/install/realsense2_camera_msgs/include/realsense2_camera_msgs/realsense2_camera_msgs/msg/detail/extrinsics__functions.c\n'}
[1.046939] (realsense2_camera_msgs) StdoutLine: {'line': b'-- Up-to-date: /home/ros2_ws/install/realsense2_camera_msgs/include/realsense2_camera_msgs/realsense2_camera_msgs/msg/detail/extrinsics__type_support.h\n'}
[1.047171] (realsense2_camera_msgs) StdoutLine: {'line': b'-- Up-to-date: /home/ros2_ws/install/realsense2_camera_msgs/include/realsense2_camera_msgs/realsense2_camera_msgs/msg/detail/metadata__struct.h\n'}
[1.047581] (realsense2_camera_msgs) StdoutLine: {'line': b'-- Up-to-date: /home/ros2_ws/install/realsense2_camera_msgs/include/realsense2_camera_msgs/realsense2_camera_msgs/msg/detail/metadata__type_support.h\n'}
[1.048123] (realsense2_camera_msgs) StdoutLine: {'line': b'-- Up-to-date: /home/ros2_ws/install/realsense2_camera_msgs/include/realsense2_camera_msgs/realsense2_camera_msgs/msg/detail/imu_info__type_support.h\n'}
[1.048356] (realsense2_camera_msgs) StdoutLine: {'line': b'-- Up-to-date: /home/ros2_ws/install/realsense2_camera_msgs/include/realsense2_camera_msgs/realsense2_camera_msgs/msg/detail/metadata__functions.h\n'}
[1.048733] (realsense2_camera_msgs) StdoutLine: {'line': b'-- Up-to-date: /home/ros2_ws/install/realsense2_camera_msgs/include/realsense2_camera_msgs/realsense2_camera_msgs/msg/detail/imu_info__functions.c\n'}
[1.049221] (realsense2_camera_msgs) StdoutLine: {'line': b'-- Up-to-date: /home/ros2_ws/install/realsense2_camera_msgs/include/realsense2_camera_msgs/realsense2_camera_msgs/msg/detail/extrinsics__struct.h\n'}
[1.049791] (realsense2_camera_msgs) StdoutLine: {'line': b'-- Up-to-date: /home/ros2_ws/install/realsense2_camera_msgs/include/realsense2_camera_msgs/realsense2_camera_msgs/msg/detail/metadata__functions.c\n'}
[1.051051] (realsense2_camera_msgs) StdoutLine: {'line': b'-- Up-to-date: /home/ros2_ws/install/realsense2_camera_msgs/include/realsense2_camera_msgs/realsense2_camera_msgs/msg/detail/imu_info__functions.h\n'}
[1.051344] (realsense2_camera_msgs) StdoutLine: {'line': b'-- Up-to-date: /home/ros2_ws/install/realsense2_camera_msgs/include/realsense2_camera_msgs/realsense2_camera_msgs/msg/imu_info.h\n'}
[1.051569] (realsense2_camera_msgs) StdoutLine: {'line': b'-- Up-to-date: /home/ros2_ws/install/realsense2_camera_msgs/include/realsense2_camera_msgs/realsense2_camera_msgs/srv\n'}
[1.051786] (realsense2_camera_msgs) StdoutLine: {'line': b'-- Up-to-date: /home/ros2_ws/install/realsense2_camera_msgs/include/realsense2_camera_msgs/realsense2_camera_msgs/srv/device_info.h\n'}
[1.052005] (realsense2_camera_msgs) StdoutLine: {'line': b'-- Up-to-date: /home/ros2_ws/install/realsense2_camera_msgs/include/realsense2_camera_msgs/realsense2_camera_msgs/srv/detail\n'}
[1.052216] (realsense2_camera_msgs) StdoutLine: {'line': b'-- Up-to-date: /home/ros2_ws/install/realsense2_camera_msgs/include/realsense2_camera_msgs/realsense2_camera_msgs/srv/detail/device_info__functions.h\n'}
[1.052424] (realsense2_camera_msgs) StdoutLine: {'line': b'-- Up-to-date: /home/ros2_ws/install/realsense2_camera_msgs/include/realsense2_camera_msgs/realsense2_camera_msgs/srv/detail/device_info__type_support.h\n'}
[1.052630] (realsense2_camera_msgs) StdoutLine: {'line': b'-- Up-to-date: /home/ros2_ws/install/realsense2_camera_msgs/include/realsense2_camera_msgs/realsense2_camera_msgs/srv/detail/device_info__functions.c\n'}
[1.052837] (realsense2_camera_msgs) StdoutLine: {'line': b'-- Up-to-date: /home/ros2_ws/install/realsense2_camera_msgs/include/realsense2_camera_msgs/realsense2_camera_msgs/srv/detail/device_info__struct.h\n'}
[1.053042] (realsense2_camera_msgs) StdoutLine: {'line': b'-- Up-to-date: /home/ros2_ws/install/realsense2_camera_msgs/share/realsense2_camera_msgs/environment/library_path.sh\n'}
[1.053246] (realsense2_camera_msgs) StdoutLine: {'line': b'-- Up-to-date: /home/ros2_ws/install/realsense2_camera_msgs/share/realsense2_camera_msgs/environment/library_path.dsv\n'}
[1.053449] (realsense2_camera_msgs) StdoutLine: {'line': b'-- Up-to-date: /home/ros2_ws/install/realsense2_camera_msgs/lib/librealsense2_camera_msgs__rosidl_generator_c.so\n'}
[1.053696] (realsense2_camera_msgs) StdoutLine: {'line': b'-- Up-to-date: /home/ros2_ws/install/realsense2_camera_msgs/include/realsense2_camera_msgs/realsense2_camera_msgs\n'}
[1.053910] (realsense2_camera_msgs) StdoutLine: {'line': b'-- Up-to-date: /home/ros2_ws/install/realsense2_camera_msgs/include/realsense2_camera_msgs/realsense2_camera_msgs/msg\n'}
[1.054121] (realsense2_camera_msgs) StdoutLine: {'line': b'-- Up-to-date: /home/ros2_ws/install/realsense2_camera_msgs/include/realsense2_camera_msgs/realsense2_camera_msgs/msg/rosidl_typesupport_fastrtps_c__visibility_control.h\n'}
[1.054332] (realsense2_camera_msgs) StdoutLine: {'line': b'-- Up-to-date: /home/ros2_ws/install/realsense2_camera_msgs/include/realsense2_camera_msgs/realsense2_camera_msgs/msg/detail\n'}
[1.054570] (realsense2_camera_msgs) StdoutLine: {'line': b'-- Up-to-date: /home/ros2_ws/install/realsense2_camera_msgs/include/realsense2_camera_msgs/realsense2_camera_msgs/msg/detail/extrinsics__rosidl_typesupport_fastrtps_c.h\n'}
[1.054784] (realsense2_camera_msgs) StdoutLine: {'line': b'-- Up-to-date: /home/ros2_ws/install/realsense2_camera_msgs/include/realsense2_camera_msgs/realsense2_camera_msgs/msg/detail/metadata__rosidl_typesupport_fastrtps_c.h\n'}
[1.054996] (realsense2_camera_msgs) StdoutLine: {'line': b'-- Up-to-date: /home/ros2_ws/install/realsense2_camera_msgs/include/realsense2_camera_msgs/realsense2_camera_msgs/msg/detail/imu_info__rosidl_typesupport_fastrtps_c.h\n'}
[1.055204] (realsense2_camera_msgs) StdoutLine: {'line': b'-- Up-to-date: /home/ros2_ws/install/realsense2_camera_msgs/include/realsense2_camera_msgs/realsense2_camera_msgs/srv\n'}
[1.055412] (realsense2_camera_msgs) StdoutLine: {'line': b'-- Up-to-date: /home/ros2_ws/install/realsense2_camera_msgs/include/realsense2_camera_msgs/realsense2_camera_msgs/srv/detail\n'}
[1.055618] (realsense2_camera_msgs) StdoutLine: {'line': b'-- Up-to-date: /home/ros2_ws/install/realsense2_camera_msgs/include/realsense2_camera_msgs/realsense2_camera_msgs/srv/detail/device_info__rosidl_typesupport_fastrtps_c.h\n'}
[1.055848] (realsense2_camera_msgs) StdoutLine: {'line': b'-- Up-to-date: /home/ros2_ws/install/realsense2_camera_msgs/lib/librealsense2_camera_msgs__rosidl_typesupport_fastrtps_c.so\n'}
[1.056058] (realsense2_camera_msgs) StdoutLine: {'line': b'-- Up-to-date: /home/ros2_ws/install/realsense2_camera_msgs/include/realsense2_camera_msgs/realsense2_camera_msgs\n'}
[1.056264] (realsense2_camera_msgs) StdoutLine: {'line': b'-- Up-to-date: /home/ros2_ws/install/realsense2_camera_msgs/include/realsense2_camera_msgs/realsense2_camera_msgs/msg\n'}
[1.056468] (realsense2_camera_msgs) StdoutLine: {'line': b'-- Up-to-date: /home/ros2_ws/install/realsense2_camera_msgs/include/realsense2_camera_msgs/realsense2_camera_msgs/msg/rosidl_typesupport_introspection_c__visibility_control.h\n'}
[1.056677] (realsense2_camera_msgs) StdoutLine: {'line': b'-- Up-to-date: /home/ros2_ws/install/realsense2_camera_msgs/include/realsense2_camera_msgs/realsense2_camera_msgs/msg/detail\n'}
[1.056887] (realsense2_camera_msgs) StdoutLine: {'line': b'-- Up-to-date: /home/ros2_ws/install/realsense2_camera_msgs/include/realsense2_camera_msgs/realsense2_camera_msgs/msg/detail/extrinsics__rosidl_typesupport_introspection_c.h\n'}
[1.057096] (realsense2_camera_msgs) StdoutLine: {'line': b'-- Up-to-date: /home/ros2_ws/install/realsense2_camera_msgs/include/realsense2_camera_msgs/realsense2_camera_msgs/msg/detail/imu_info__rosidl_typesupport_introspection_c.h\n'}
[1.057307] (realsense2_camera_msgs) StdoutLine: {'line': b'-- Up-to-date: /home/ros2_ws/install/realsense2_camera_msgs/include/realsense2_camera_msgs/realsense2_camera_msgs/msg/detail/metadata__type_support.c\n'}
[1.057598] (realsense2_camera_msgs) StdoutLine: {'line': b'-- Up-to-date: /home/ros2_ws/install/realsense2_camera_msgs/include/realsense2_camera_msgs/realsense2_camera_msgs/msg/detail/metadata__rosidl_typesupport_introspection_c.h\n'}
[1.057827] (realsense2_camera_msgs) StdoutLine: {'line': b'-- Up-to-date: /home/ros2_ws/install/realsense2_camera_msgs/include/realsense2_camera_msgs/realsense2_camera_msgs/msg/detail/imu_info__type_support.c\n'}
[1.058040] (realsense2_camera_msgs) StdoutLine: {'line': b'-- Up-to-date: /home/ros2_ws/install/realsense2_camera_msgs/include/realsense2_camera_msgs/realsense2_camera_msgs/msg/detail/extrinsics__type_support.c\n'}
[1.058247] (realsense2_camera_msgs) StdoutLine: {'line': b'-- Up-to-date: /home/ros2_ws/install/realsense2_camera_msgs/include/realsense2_camera_msgs/realsense2_camera_msgs/srv\n'}
[1.058454] (realsense2_camera_msgs) StdoutLine: {'line': b'-- Up-to-date: /home/ros2_ws/install/realsense2_camera_msgs/include/realsense2_camera_msgs/realsense2_camera_msgs/srv/detail\n'}
[1.058684] (realsense2_camera_msgs) StdoutLine: {'line': b'-- Up-to-date: /home/ros2_ws/install/realsense2_camera_msgs/include/realsense2_camera_msgs/realsense2_camera_msgs/srv/detail/device_info__type_support.c\n'}
[1.058893] (realsense2_camera_msgs) StdoutLine: {'line': b'-- Up-to-date: /home/ros2_ws/install/realsense2_camera_msgs/include/realsense2_camera_msgs/realsense2_camera_msgs/srv/detail/device_info__rosidl_typesupport_introspection_c.h\n'}
[1.059101] (realsense2_camera_msgs) StdoutLine: {'line': b'-- Up-to-date: /home/ros2_ws/install/realsense2_camera_msgs/lib/librealsense2_camera_msgs__rosidl_typesupport_introspection_c.so\n'}
[1.059308] (realsense2_camera_msgs) StdoutLine: {'line': b'-- Up-to-date: /home/ros2_ws/install/realsense2_camera_msgs/lib/librealsense2_camera_msgs__rosidl_typesupport_c.so\n'}
[1.059514] (realsense2_camera_msgs) StdoutLine: {'line': b'-- Up-to-date: /home/ros2_ws/install/realsense2_camera_msgs/include/realsense2_camera_msgs/realsense2_camera_msgs\n'}
[1.059720] (realsense2_camera_msgs) StdoutLine: {'line': b'-- Up-to-date: /home/ros2_ws/install/realsense2_camera_msgs/include/realsense2_camera_msgs/realsense2_camera_msgs/msg\n'}
[1.059925] (realsense2_camera_msgs) StdoutLine: {'line': b'-- Up-to-date: /home/ros2_ws/install/realsense2_camera_msgs/include/realsense2_camera_msgs/realsense2_camera_msgs/msg/rosidl_generator_cpp__visibility_control.hpp\n'}
[1.060134] (realsense2_camera_msgs) StdoutLine: {'line': b'-- Up-to-date: /home/ros2_ws/install/realsense2_camera_msgs/include/realsense2_camera_msgs/realsense2_camera_msgs/msg/extrinsics.hpp\n'}
[1.060341] (realsense2_camera_msgs) StdoutLine: {'line': b'-- Up-to-date: /home/ros2_ws/install/realsense2_camera_msgs/include/realsense2_camera_msgs/realsense2_camera_msgs/msg/detail\n'}
[1.060543] (realsense2_camera_msgs) StdoutLine: {'line': b'-- Up-to-date: /home/ros2_ws/install/realsense2_camera_msgs/include/realsense2_camera_msgs/realsense2_camera_msgs/msg/detail/metadata__struct.hpp\n'}
[1.060748] (realsense2_camera_msgs) StdoutLine: {'line': b'-- Up-to-date: /home/ros2_ws/install/realsense2_camera_msgs/include/realsense2_camera_msgs/realsense2_camera_msgs/msg/detail/metadata__builder.hpp\n'}
[1.060952] (realsense2_camera_msgs) StdoutLine: {'line': b'-- Up-to-date: /home/ros2_ws/install/realsense2_camera_msgs/include/realsense2_camera_msgs/realsense2_camera_msgs/msg/detail/metadata__traits.hpp\n'}
[1.061158] (realsense2_camera_msgs) StdoutLine: {'line': b'-- Up-to-date: /home/ros2_ws/install/realsense2_camera_msgs/include/realsense2_camera_msgs/realsense2_camera_msgs/msg/detail/metadata__type_support.hpp\n'}
[1.061364] (realsense2_camera_msgs) StdoutLine: {'line': b'-- Up-to-date: /home/ros2_ws/install/realsense2_camera_msgs/include/realsense2_camera_msgs/realsense2_camera_msgs/msg/detail/extrinsics__traits.hpp\n'}
[1.061620] (realsense2_camera_msgs) StdoutLine: {'line': b'-- Up-to-date: /home/ros2_ws/install/realsense2_camera_msgs/include/realsense2_camera_msgs/realsense2_camera_msgs/msg/detail/imu_info__struct.hpp\n'}
[1.061841] (realsense2_camera_msgs) StdoutLine: {'line': b'-- Up-to-date: /home/ros2_ws/install/realsense2_camera_msgs/include/realsense2_camera_msgs/realsense2_camera_msgs/msg/detail/imu_info__type_support.hpp\n'}
[1.062051] (realsense2_camera_msgs) StdoutLine: {'line': b'-- Up-to-date: /home/ros2_ws/install/realsense2_camera_msgs/include/realsense2_camera_msgs/realsense2_camera_msgs/msg/detail/extrinsics__struct.hpp\n'}
[1.062257] (realsense2_camera_msgs) StdoutLine: {'line': b'-- Up-to-date: /home/ros2_ws/install/realsense2_camera_msgs/include/realsense2_camera_msgs/realsense2_camera_msgs/msg/detail/imu_info__builder.hpp\n'}
[1.062462] (realsense2_camera_msgs) StdoutLine: {'line': b'-- Up-to-date: /home/ros2_ws/install/realsense2_camera_msgs/include/realsense2_camera_msgs/realsense2_camera_msgs/msg/detail/extrinsics__builder.hpp\n'}
[1.062666] (realsense2_camera_msgs) StdoutLine: {'line': b'-- Up-to-date: /home/ros2_ws/install/realsense2_camera_msgs/include/realsense2_camera_msgs/realsense2_camera_msgs/msg/detail/imu_info__traits.hpp\n'}
[1.062896] (realsense2_camera_msgs) StdoutLine: {'line': b'-- Up-to-date: /home/ros2_ws/install/realsense2_camera_msgs/include/realsense2_camera_msgs/realsense2_camera_msgs/msg/detail/extrinsics__type_support.hpp\n'}
[1.063104] (realsense2_camera_msgs) StdoutLine: {'line': b'-- Up-to-date: /home/ros2_ws/install/realsense2_camera_msgs/include/realsense2_camera_msgs/realsense2_camera_msgs/msg/metadata.hpp\n'}
[1.063310] (realsense2_camera_msgs) StdoutLine: {'line': b'-- Up-to-date: /home/ros2_ws/install/realsense2_camera_msgs/include/realsense2_camera_msgs/realsense2_camera_msgs/msg/imu_info.hpp\n'}
[1.063514] (realsense2_camera_msgs) StdoutLine: {'line': b'-- Up-to-date: /home/ros2_ws/install/realsense2_camera_msgs/include/realsense2_camera_msgs/realsense2_camera_msgs/srv\n'}
[1.063780] (realsense2_camera_msgs) StdoutLine: {'line': b'-- Up-to-date: /home/ros2_ws/install/realsense2_camera_msgs/include/realsense2_camera_msgs/realsense2_camera_msgs/srv/device_info.hpp\n'}
[1.063993] (realsense2_camera_msgs) StdoutLine: {'line': b'-- Up-to-date: /home/ros2_ws/install/realsense2_camera_msgs/include/realsense2_camera_msgs/realsense2_camera_msgs/srv/detail\n'}
[1.064200] (realsense2_camera_msgs) StdoutLine: {'line': b'-- Up-to-date: /home/ros2_ws/install/realsense2_camera_msgs/include/realsense2_camera_msgs/realsense2_camera_msgs/srv/detail/device_info__traits.hpp\n'}
[1.064408] (realsense2_camera_msgs) StdoutLine: {'line': b'-- Up-to-date: /home/ros2_ws/install/realsense2_camera_msgs/include/realsense2_camera_msgs/realsense2_camera_msgs/srv/detail/device_info__builder.hpp\n'}
[1.064619] (realsense2_camera_msgs) StdoutLine: {'line': b'-- Up-to-date: /home/ros2_ws/install/realsense2_camera_msgs/include/realsense2_camera_msgs/realsense2_camera_msgs/srv/detail/device_info__type_support.hpp\n'}
[1.064827] (realsense2_camera_msgs) StdoutLine: {'line': b'-- Up-to-date: /home/ros2_ws/install/realsense2_camera_msgs/include/realsense2_camera_msgs/realsense2_camera_msgs/srv/detail/device_info__struct.hpp\n'}
[1.065031] (realsense2_camera_msgs) StdoutLine: {'line': b'-- Up-to-date: /home/ros2_ws/install/realsense2_camera_msgs/include/realsense2_camera_msgs/realsense2_camera_msgs\n'}
[1.065237] (realsense2_camera_msgs) StdoutLine: {'line': b'-- Up-to-date: /home/ros2_ws/install/realsense2_camera_msgs/include/realsense2_camera_msgs/realsense2_camera_msgs/msg\n'}
[1.065444] (realsense2_camera_msgs) StdoutLine: {'line': b'-- Up-to-date: /home/ros2_ws/install/realsense2_camera_msgs/include/realsense2_camera_msgs/realsense2_camera_msgs/msg/detail\n'}
[1.065691] (realsense2_camera_msgs) StdoutLine: {'line': b'-- Up-to-date: /home/ros2_ws/install/realsense2_camera_msgs/include/realsense2_camera_msgs/realsense2_camera_msgs/msg/detail/extrinsics__rosidl_typesupport_fastrtps_cpp.hpp\n'}
[1.065910] (realsense2_camera_msgs) StdoutLine: {'line': b'-- Up-to-date: /home/ros2_ws/install/realsense2_camera_msgs/include/realsense2_camera_msgs/realsense2_camera_msgs/msg/detail/imu_info__rosidl_typesupport_fastrtps_cpp.hpp\n'}
[1.066123] (realsense2_camera_msgs) StdoutLine: {'line': b'-- Up-to-date: /home/ros2_ws/install/realsense2_camera_msgs/include/realsense2_camera_msgs/realsense2_camera_msgs/msg/detail/dds_fastrtps\n'}
[1.066332] (realsense2_camera_msgs) StdoutLine: {'line': b'-- Up-to-date: /home/ros2_ws/install/realsense2_camera_msgs/include/realsense2_camera_msgs/realsense2_camera_msgs/msg/detail/metadata__rosidl_typesupport_fastrtps_cpp.hpp\n'}
[1.066541] (realsense2_camera_msgs) StdoutLine: {'line': b'-- Up-to-date: /home/ros2_ws/install/realsense2_camera_msgs/include/realsense2_camera_msgs/realsense2_camera_msgs/msg/rosidl_typesupport_fastrtps_cpp__visibility_control.h\n'}
[1.066746] (realsense2_camera_msgs) StdoutLine: {'line': b'-- Up-to-date: /home/ros2_ws/install/realsense2_camera_msgs/include/realsense2_camera_msgs/realsense2_camera_msgs/srv\n'}
[1.066952] (realsense2_camera_msgs) StdoutLine: {'line': b'-- Up-to-date: /home/ros2_ws/install/realsense2_camera_msgs/include/realsense2_camera_msgs/realsense2_camera_msgs/srv/detail\n'}
[1.067183] (realsense2_camera_msgs) StdoutLine: {'line': b'-- Up-to-date: /home/ros2_ws/install/realsense2_camera_msgs/include/realsense2_camera_msgs/realsense2_camera_msgs/srv/detail/device_info__rosidl_typesupport_fastrtps_cpp.hpp\n'}
[1.067412] (realsense2_camera_msgs) StdoutLine: {'line': b'-- Up-to-date: /home/ros2_ws/install/realsense2_camera_msgs/include/realsense2_camera_msgs/realsense2_camera_msgs/srv/detail/dds_fastrtps\n'}
[1.067623] (realsense2_camera_msgs) StdoutLine: {'line': b'-- Up-to-date: /home/ros2_ws/install/realsense2_camera_msgs/lib/librealsense2_camera_msgs__rosidl_typesupport_fastrtps_cpp.so\n'}
[1.067832] (realsense2_camera_msgs) StdoutLine: {'line': b'-- Up-to-date: /home/ros2_ws/install/realsense2_camera_msgs/include/realsense2_camera_msgs/realsense2_camera_msgs\n'}
[1.068038] (realsense2_camera_msgs) StdoutLine: {'line': b'-- Up-to-date: /home/ros2_ws/install/realsense2_camera_msgs/include/realsense2_camera_msgs/realsense2_camera_msgs/msg\n'}
[1.068243] (realsense2_camera_msgs) StdoutLine: {'line': b'-- Up-to-date: /home/ros2_ws/install/realsense2_camera_msgs/include/realsense2_camera_msgs/realsense2_camera_msgs/msg/detail\n'}
[1.068452] (realsense2_camera_msgs) StdoutLine: {'line': b'-- Up-to-date: /home/ros2_ws/install/realsense2_camera_msgs/include/realsense2_camera_msgs/realsense2_camera_msgs/msg/detail/metadata__rosidl_typesupport_introspection_cpp.hpp\n'}
[1.068659] (realsense2_camera_msgs) StdoutLine: {'line': b'-- Up-to-date: /home/ros2_ws/install/realsense2_camera_msgs/include/realsense2_camera_msgs/realsense2_camera_msgs/msg/detail/imu_info__rosidl_typesupport_introspection_cpp.hpp\n'}
[1.068863] (realsense2_camera_msgs) StdoutLine: {'line': b'-- Up-to-date: /home/ros2_ws/install/realsense2_camera_msgs/include/realsense2_camera_msgs/realsense2_camera_msgs/msg/detail/metadata__type_support.cpp\n'}
[1.069067] (realsense2_camera_msgs) StdoutLine: {'line': b'-- Up-to-date: /home/ros2_ws/install/realsense2_camera_msgs/include/realsense2_camera_msgs/realsense2_camera_msgs/msg/detail/extrinsics__rosidl_typesupport_introspection_cpp.hpp\n'}
[1.069270] (realsense2_camera_msgs) StdoutLine: {'line': b'-- Up-to-date: /home/ros2_ws/install/realsense2_camera_msgs/include/realsense2_camera_msgs/realsense2_camera_msgs/msg/detail/extrinsics__type_support.cpp\n'}
[1.069476] (realsense2_camera_msgs) StdoutLine: {'line': b'-- Up-to-date: /home/ros2_ws/install/realsense2_camera_msgs/include/realsense2_camera_msgs/realsense2_camera_msgs/msg/detail/imu_info__type_support.cpp\n'}
[1.069767] (realsense2_camera_msgs) StdoutLine: {'line': b'-- Up-to-date: /home/ros2_ws/install/realsense2_camera_msgs/include/realsense2_camera_msgs/realsense2_camera_msgs/srv\n'}
[1.069977] (realsense2_camera_msgs) StdoutLine: {'line': b'-- Up-to-date: /home/ros2_ws/install/realsense2_camera_msgs/include/realsense2_camera_msgs/realsense2_camera_msgs/srv/detail\n'}
[1.070183] (realsense2_camera_msgs) StdoutLine: {'line': b'-- Up-to-date: /home/ros2_ws/install/realsense2_camera_msgs/include/realsense2_camera_msgs/realsense2_camera_msgs/srv/detail/device_info__rosidl_typesupport_introspection_cpp.hpp\n'}
[1.070392] (realsense2_camera_msgs) StdoutLine: {'line': b'-- Up-to-date: /home/ros2_ws/install/realsense2_camera_msgs/include/realsense2_camera_msgs/realsense2_camera_msgs/srv/detail/device_info__type_support.cpp\n'}
[1.070595] (realsense2_camera_msgs) StdoutLine: {'line': b'-- Up-to-date: /home/ros2_ws/install/realsense2_camera_msgs/lib/librealsense2_camera_msgs__rosidl_typesupport_introspection_cpp.so\n'}
[1.070799] (realsense2_camera_msgs) StdoutLine: {'line': b'-- Up-to-date: /home/ros2_ws/install/realsense2_camera_msgs/lib/librealsense2_camera_msgs__rosidl_typesupport_cpp.so\n'}
[1.071004] (realsense2_camera_msgs) StdoutLine: {'line': b'-- Up-to-date: /home/ros2_ws/install/realsense2_camera_msgs/share/realsense2_camera_msgs/environment/pythonpath.sh\n'}
[1.071208] (realsense2_camera_msgs) StdoutLine: {'line': b'-- Up-to-date: /home/ros2_ws/install/realsense2_camera_msgs/share/realsense2_camera_msgs/environment/pythonpath.dsv\n'}
[1.071433] (realsense2_camera_msgs) StdoutLine: {'line': b'-- Up-to-date: /home/ros2_ws/install/realsense2_camera_msgs/local/lib/python3.10/dist-packages/realsense2_camera_msgs-4.54.1-py3.10.egg-info\n'}
[1.071641] (realsense2_camera_msgs) StdoutLine: {'line': b'-- Installing: /home/ros2_ws/install/realsense2_camera_msgs/local/lib/python3.10/dist-packages/realsense2_camera_msgs-4.54.1-py3.10.egg-info/SOURCES.txt\n'}
[1.071847] (realsense2_camera_msgs) StdoutLine: {'line': b'-- Installing: /home/ros2_ws/install/realsense2_camera_msgs/local/lib/python3.10/dist-packages/realsense2_camera_msgs-4.54.1-py3.10.egg-info/PKG-INFO\n'}
[1.072049] (realsense2_camera_msgs) StdoutLine: {'line': b'-- Installing: /home/ros2_ws/install/realsense2_camera_msgs/local/lib/python3.10/dist-packages/realsense2_camera_msgs-4.54.1-py3.10.egg-info/dependency_links.txt\n'}
[1.072253] (realsense2_camera_msgs) StdoutLine: {'line': b'-- Installing: /home/ros2_ws/install/realsense2_camera_msgs/local/lib/python3.10/dist-packages/realsense2_camera_msgs-4.54.1-py3.10.egg-info/top_level.txt\n'}
[1.072455] (realsense2_camera_msgs) StdoutLine: {'line': b'-- Up-to-date: /home/ros2_ws/install/realsense2_camera_msgs/local/lib/python3.10/dist-packages/realsense2_camera_msgs\n'}
[1.072655] (realsense2_camera_msgs) StdoutLine: {'line': b'-- Up-to-date: /home/ros2_ws/install/realsense2_camera_msgs/local/lib/python3.10/dist-packages/realsense2_camera_msgs/_realsense2_camera_msgs_s.ep.rosidl_typesupport_introspection_c.c\n'}
[1.072860] (realsense2_camera_msgs) StdoutLine: {'line': b'-- Up-to-date: /home/ros2_ws/install/realsense2_camera_msgs/local/lib/python3.10/dist-packages/realsense2_camera_msgs/realsense2_camera_msgs_s__rosidl_typesupport_c.cpython-310-aarch64-linux-gnu.so\n'}
[1.073090] (realsense2_camera_msgs) StdoutLine: {'line': b'-- Up-to-date: /home/ros2_ws/install/realsense2_camera_msgs/local/lib/python3.10/dist-packages/realsense2_camera_msgs/realsense2_camera_msgs_s__rosidl_typesupport_fastrtps_c.cpython-310-aarch64-linux-gnu.so\n'}
[1.073308] (realsense2_camera_msgs) StdoutLine: {'line': b'-- Up-to-date: /home/ros2_ws/install/realsense2_camera_msgs/local/lib/python3.10/dist-packages/realsense2_camera_msgs/_realsense2_camera_msgs_s.ep.rosidl_typesupport_fastrtps_c.c\n'}
[1.073539] (realsense2_camera_msgs) StdoutLine: {'line': b'-- Up-to-date: /home/ros2_ws/install/realsense2_camera_msgs/local/lib/python3.10/dist-packages/realsense2_camera_msgs/msg\n'}
[1.073765] (realsense2_camera_msgs) StdoutLine: {'line': b'-- Up-to-date: /home/ros2_ws/install/realsense2_camera_msgs/local/lib/python3.10/dist-packages/realsense2_camera_msgs/msg/_extrinsics_s.c\n'}
[1.073975] (realsense2_camera_msgs) StdoutLine: {'line': b'-- Up-to-date: /home/ros2_ws/install/realsense2_camera_msgs/local/lib/python3.10/dist-packages/realsense2_camera_msgs/msg/_extrinsics.py\n'}
[1.074182] (realsense2_camera_msgs) StdoutLine: {'line': b'-- Up-to-date: /home/ros2_ws/install/realsense2_camera_msgs/local/lib/python3.10/dist-packages/realsense2_camera_msgs/msg/_metadata.py\n'}
[1.074384] (realsense2_camera_msgs) StdoutLine: {'line': b'-- Up-to-date: /home/ros2_ws/install/realsense2_camera_msgs/local/lib/python3.10/dist-packages/realsense2_camera_msgs/msg/_imu_info.py\n'}
[1.074585] (realsense2_camera_msgs) StdoutLine: {'line': b'-- Up-to-date: /home/ros2_ws/install/realsense2_camera_msgs/local/lib/python3.10/dist-packages/realsense2_camera_msgs/msg/_imu_info_s.c\n'}
[1.074789] (realsense2_camera_msgs) StdoutLine: {'line': b'-- Up-to-date: /home/ros2_ws/install/realsense2_camera_msgs/local/lib/python3.10/dist-packages/realsense2_camera_msgs/msg/_metadata_s.c\n'}
[1.074990] (realsense2_camera_msgs) StdoutLine: {'line': b'-- Up-to-date: /home/ros2_ws/install/realsense2_camera_msgs/local/lib/python3.10/dist-packages/realsense2_camera_msgs/msg/__init__.py\n'}
[1.075193] (realsense2_camera_msgs) StdoutLine: {'line': b'-- Up-to-date: /home/ros2_ws/install/realsense2_camera_msgs/local/lib/python3.10/dist-packages/realsense2_camera_msgs/librealsense2_camera_msgs__rosidl_generator_py.so\n'}
[1.075422] (realsense2_camera_msgs) StdoutLine: {'line': b'-- Up-to-date: /home/ros2_ws/install/realsense2_camera_msgs/local/lib/python3.10/dist-packages/realsense2_camera_msgs/srv\n'}
[1.075670] (realsense2_camera_msgs) StdoutLine: {'line': b'-- Up-to-date: /home/ros2_ws/install/realsense2_camera_msgs/local/lib/python3.10/dist-packages/realsense2_camera_msgs/srv/_device_info.py\n'}
[1.075880] (realsense2_camera_msgs) StdoutLine: {'line': b'-- Up-to-date: /home/ros2_ws/install/realsense2_camera_msgs/local/lib/python3.10/dist-packages/realsense2_camera_msgs/srv/_device_info_s.c\n'}
[1.076082] (realsense2_camera_msgs) StdoutLine: {'line': b'-- Up-to-date: /home/ros2_ws/install/realsense2_camera_msgs/local/lib/python3.10/dist-packages/realsense2_camera_msgs/srv/__init__.py\n'}
[1.076286] (realsense2_camera_msgs) StdoutLine: {'line': b'-- Up-to-date: /home/ros2_ws/install/realsense2_camera_msgs/local/lib/python3.10/dist-packages/realsense2_camera_msgs/realsense2_camera_msgs_s__rosidl_typesupport_introspection_c.cpython-310-aarch64-linux-gnu.so\n'}
[1.076492] (realsense2_camera_msgs) StdoutLine: {'line': b'-- Up-to-date: /home/ros2_ws/install/realsense2_camera_msgs/local/lib/python3.10/dist-packages/realsense2_camera_msgs/_realsense2_camera_msgs_s.ep.rosidl_typesupport_c.c\n'}
[1.076692] (realsense2_camera_msgs) StdoutLine: {'line': b'-- Up-to-date: /home/ros2_ws/install/realsense2_camera_msgs/local/lib/python3.10/dist-packages/realsense2_camera_msgs/__init__.py\n'}
[1.099887] (-) TimerEvent: {}
[1.130149] (realsense2_camera_msgs) StdoutLine: {'line': b"Listing '/home/ros2_ws/install/realsense2_camera_msgs/local/lib/python3.10/dist-packages/realsense2_camera_msgs'...\n"}
[1.130419] (realsense2_camera_msgs) StdoutLine: {'line': b"Listing '/home/ros2_ws/install/realsense2_camera_msgs/local/lib/python3.10/dist-packages/realsense2_camera_msgs/msg'...\n"}
[1.130642] (realsense2_camera_msgs) StdoutLine: {'line': b"Listing '/home/ros2_ws/install/realsense2_camera_msgs/local/lib/python3.10/dist-packages/realsense2_camera_msgs/srv'...\n"}
[1.144035] (realsense2_camera_msgs) StdoutLine: {'line': b'-- Up-to-date: /home/ros2_ws/install/realsense2_camera_msgs/local/lib/python3.10/dist-packages/realsense2_camera_msgs/realsense2_camera_msgs_s__rosidl_typesupport_fastrtps_c.cpython-310-aarch64-linux-gnu.so\n'}
[1.144579] (realsense2_camera_msgs) StdoutLine: {'line': b'-- Up-to-date: /home/ros2_ws/install/realsense2_camera_msgs/local/lib/python3.10/dist-packages/realsense2_camera_msgs/realsense2_camera_msgs_s__rosidl_typesupport_introspection_c.cpython-310-aarch64-linux-gnu.so\n'}
[1.145179] (realsense2_camera_msgs) StdoutLine: {'line': b'-- Up-to-date: /home/ros2_ws/install/realsense2_camera_msgs/local/lib/python3.10/dist-packages/realsense2_camera_msgs/realsense2_camera_msgs_s__rosidl_typesupport_c.cpython-310-aarch64-linux-gnu.so\n'}
[1.145883] (realsense2_camera_msgs) StdoutLine: {'line': b'-- Up-to-date: /home/ros2_ws/install/realsense2_camera_msgs/lib/librealsense2_camera_msgs__rosidl_generator_py.so\n'}
[1.146364] (realsense2_camera_msgs) StdoutLine: {'line': b'-- Up-to-date: /home/ros2_ws/install/realsense2_camera_msgs/share/ament_index/resource_index/rust_packages/realsense2_camera_msgs\n'}
[1.148307] (realsense2_camera_msgs) StdoutLine: {'line': b'-- Up-to-date: /home/ros2_ws/install/realsense2_camera_msgs/share/realsense2_camera_msgs/rust\n'}
[1.149322] (realsense2_camera_msgs) StdoutLine: {'line': b'-- Up-to-date: /home/ros2_ws/install/realsense2_camera_msgs/share/realsense2_camera_msgs/rust/Cargo.toml\n'}
[1.150351] (realsense2_camera_msgs) StdoutLine: {'line': b'-- Up-to-date: /home/ros2_ws/install/realsense2_camera_msgs/share/realsense2_camera_msgs/rust/build.rs\n'}
[1.150581] (realsense2_camera_msgs) StdoutLine: {'line': b'-- Up-to-date: /home/ros2_ws/install/realsense2_camera_msgs/share/realsense2_camera_msgs/rust/src\n'}
[1.150798] (realsense2_camera_msgs) StdoutLine: {'line': b'-- Up-to-date: /home/ros2_ws/install/realsense2_camera_msgs/share/realsense2_camera_msgs/rust/src/msg\n'}
[1.151172] (realsense2_camera_msgs) StdoutLine: {'line': b'-- Up-to-date: /home/ros2_ws/install/realsense2_camera_msgs/share/realsense2_camera_msgs/rust/src/msg/rmw.rs\n'}
[1.151673] (realsense2_camera_msgs) StdoutLine: {'line': b'-- Up-to-date: /home/ros2_ws/install/realsense2_camera_msgs/share/realsense2_camera_msgs/rust/src/srv\n'}
[1.152148] (realsense2_camera_msgs) StdoutLine: {'line': b'-- Up-to-date: /home/ros2_ws/install/realsense2_camera_msgs/share/realsense2_camera_msgs/rust/src/srv/rmw.rs\n'}
[1.152660] (realsense2_camera_msgs) StdoutLine: {'line': b'-- Up-to-date: /home/ros2_ws/install/realsense2_camera_msgs/share/realsense2_camera_msgs/rust/src/srv.rs\n'}
[1.153149] (realsense2_camera_msgs) StdoutLine: {'line': b'-- Up-to-date: /home/ros2_ws/install/realsense2_camera_msgs/share/realsense2_camera_msgs/rust/src/lib.rs\n'}
[1.153566] (realsense2_camera_msgs) StdoutLine: {'line': b'-- Up-to-date: /home/ros2_ws/install/realsense2_camera_msgs/share/realsense2_camera_msgs/rust/src/msg.rs\n'}
[1.153819] (realsense2_camera_msgs) StdoutLine: {'line': b'-- Up-to-date: /home/ros2_ws/install/realsense2_camera_msgs/share/realsense2_camera_msgs/msg/IMUInfo.idl\n'}
[1.154319] (realsense2_camera_msgs) StdoutLine: {'line': b'-- Up-to-date: /home/ros2_ws/install/realsense2_camera_msgs/share/realsense2_camera_msgs/msg/Extrinsics.idl\n'}
[1.154816] (realsense2_camera_msgs) StdoutLine: {'line': b'-- Up-to-date: /home/ros2_ws/install/realsense2_camera_msgs/share/realsense2_camera_msgs/msg/Metadata.idl\n'}
[1.155303] (realsense2_camera_msgs) StdoutLine: {'line': b'-- Up-to-date: /home/ros2_ws/install/realsense2_camera_msgs/share/realsense2_camera_msgs/srv/DeviceInfo.idl\n'}
[1.155909] (realsense2_camera_msgs) StdoutLine: {'line': b'-- Up-to-date: /home/ros2_ws/install/realsense2_camera_msgs/share/realsense2_camera_msgs/msg/IMUInfo.msg\n'}
[1.156924] (realsense2_camera_msgs) StdoutLine: {'line': b'-- Up-to-date: /home/ros2_ws/install/realsense2_camera_msgs/share/realsense2_camera_msgs/msg/Extrinsics.msg\n'}
[1.157441] (realsense2_camera_msgs) StdoutLine: {'line': b'-- Up-to-date: /home/ros2_ws/install/realsense2_camera_msgs/share/realsense2_camera_msgs/msg/Metadata.msg\n'}
[1.157703] (realsense2_camera_msgs) StdoutLine: {'line': b'-- Up-to-date: /home/ros2_ws/install/realsense2_camera_msgs/share/realsense2_camera_msgs/srv/DeviceInfo.srv\n'}
[1.157981] (realsense2_camera_msgs) StdoutLine: {'line': b'-- Up-to-date: /home/ros2_ws/install/realsense2_camera_msgs/share/realsense2_camera_msgs/srv/DeviceInfo_Request.msg\n'}
[1.158202] (realsense2_camera_msgs) StdoutLine: {'line': b'-- Up-to-date: /home/ros2_ws/install/realsense2_camera_msgs/share/realsense2_camera_msgs/srv/DeviceInfo_Response.msg\n'}
[1.158412] (realsense2_camera_msgs) StdoutLine: {'line': b'-- Up-to-date: /home/ros2_ws/install/realsense2_camera_msgs/share/ament_index/resource_index/package_run_dependencies/realsense2_camera_msgs\n'}
[1.158626] (realsense2_camera_msgs) StdoutLine: {'line': b'-- Up-to-date: /home/ros2_ws/install/realsense2_camera_msgs/share/ament_index/resource_index/parent_prefix_path/realsense2_camera_msgs\n'}
[1.158839] (realsense2_camera_msgs) StdoutLine: {'line': b'-- Up-to-date: /home/ros2_ws/install/realsense2_camera_msgs/share/realsense2_camera_msgs/environment/ament_prefix_path.sh\n'}
[1.159046] (realsense2_camera_msgs) StdoutLine: {'line': b'-- Up-to-date: /home/ros2_ws/install/realsense2_camera_msgs/share/realsense2_camera_msgs/environment/ament_prefix_path.dsv\n'}
[1.159255] (realsense2_camera_msgs) StdoutLine: {'line': b'-- Up-to-date: /home/ros2_ws/install/realsense2_camera_msgs/share/realsense2_camera_msgs/environment/path.sh\n'}
[1.159461] (realsense2_camera_msgs) StdoutLine: {'line': b'-- Up-to-date: /home/ros2_ws/install/realsense2_camera_msgs/share/realsense2_camera_msgs/environment/path.dsv\n'}
[1.159668] (realsense2_camera_msgs) StdoutLine: {'line': b'-- Up-to-date: /home/ros2_ws/install/realsense2_camera_msgs/share/realsense2_camera_msgs/local_setup.bash\n'}
[1.159874] (realsense2_camera_msgs) StdoutLine: {'line': b'-- Up-to-date: /home/ros2_ws/install/realsense2_camera_msgs/share/realsense2_camera_msgs/local_setup.sh\n'}
[1.160117] (realsense2_camera_msgs) StdoutLine: {'line': b'-- Up-to-date: /home/ros2_ws/install/realsense2_camera_msgs/share/realsense2_camera_msgs/local_setup.zsh\n'}
[1.160324] (realsense2_camera_msgs) StdoutLine: {'line': b'-- Up-to-date: /home/ros2_ws/install/realsense2_camera_msgs/share/realsense2_camera_msgs/local_setup.dsv\n'}
[1.160532] (realsense2_camera_msgs) StdoutLine: {'line': b'-- Installing: /home/ros2_ws/install/realsense2_camera_msgs/share/realsense2_camera_msgs/package.dsv\n'}
[1.160741] (realsense2_camera_msgs) StdoutLine: {'line': b'-- Up-to-date: /home/ros2_ws/install/realsense2_camera_msgs/share/ament_index/resource_index/packages/realsense2_camera_msgs\n'}
[1.160972] (realsense2_camera_msgs) StdoutLine: {'line': b'-- Up-to-date: /home/ros2_ws/install/realsense2_camera_msgs/share/realsense2_camera_msgs/cmake/export_realsense2_camera_msgs__rosidl_generator_cExport.cmake\n'}
[1.161184] (realsense2_camera_msgs) StdoutLine: {'line': b'-- Up-to-date: /home/ros2_ws/install/realsense2_camera_msgs/share/realsense2_camera_msgs/cmake/export_realsense2_camera_msgs__rosidl_generator_cExport-release.cmake\n'}
[1.161393] (realsense2_camera_msgs) StdoutLine: {'line': b'-- Up-to-date: /home/ros2_ws/install/realsense2_camera_msgs/share/realsense2_camera_msgs/cmake/export_realsense2_camera_msgs__rosidl_typesupport_fastrtps_cExport.cmake\n'}
[1.161636] (realsense2_camera_msgs) StdoutLine: {'line': b'-- Up-to-date: /home/ros2_ws/install/realsense2_camera_msgs/share/realsense2_camera_msgs/cmake/export_realsense2_camera_msgs__rosidl_typesupport_fastrtps_cExport-release.cmake\n'}
[1.161857] (realsense2_camera_msgs) StdoutLine: {'line': b'-- Up-to-date: /home/ros2_ws/install/realsense2_camera_msgs/share/realsense2_camera_msgs/cmake/realsense2_camera_msgs__rosidl_typesupport_introspection_cExport.cmake\n'}
[1.162066] (realsense2_camera_msgs) StdoutLine: {'line': b'-- Up-to-date: /home/ros2_ws/install/realsense2_camera_msgs/share/realsense2_camera_msgs/cmake/realsense2_camera_msgs__rosidl_typesupport_introspection_cExport-release.cmake\n'}
[1.162275] (realsense2_camera_msgs) StdoutLine: {'line': b'-- Up-to-date: /home/ros2_ws/install/realsense2_camera_msgs/share/realsense2_camera_msgs/cmake/realsense2_camera_msgs__rosidl_typesupport_cExport.cmake\n'}
[1.162483] (realsense2_camera_msgs) StdoutLine: {'line': b'-- Up-to-date: /home/ros2_ws/install/realsense2_camera_msgs/share/realsense2_camera_msgs/cmake/realsense2_camera_msgs__rosidl_typesupport_cExport-release.cmake\n'}
[1.162691] (realsense2_camera_msgs) StdoutLine: {'line': b'-- Up-to-date: /home/ros2_ws/install/realsense2_camera_msgs/share/realsense2_camera_msgs/cmake/export_realsense2_camera_msgs__rosidl_generator_cppExport.cmake\n'}
[1.162898] (realsense2_camera_msgs) StdoutLine: {'line': b'-- Up-to-date: /home/ros2_ws/install/realsense2_camera_msgs/share/realsense2_camera_msgs/cmake/export_realsense2_camera_msgs__rosidl_typesupport_fastrtps_cppExport.cmake\n'}
[1.163097] (realsense2_camera_msgs) StdoutLine: {'line': b'-- Up-to-date: /home/ros2_ws/install/realsense2_camera_msgs/share/realsense2_camera_msgs/cmake/export_realsense2_camera_msgs__rosidl_typesupport_fastrtps_cppExport-release.cmake\n'}
[1.163304] (realsense2_camera_msgs) StdoutLine: {'line': b'-- Up-to-date: /home/ros2_ws/install/realsense2_camera_msgs/share/realsense2_camera_msgs/cmake/realsense2_camera_msgs__rosidl_typesupport_introspection_cppExport.cmake\n'}
[1.163512] (realsense2_camera_msgs) StdoutLine: {'line': b'-- Up-to-date: /home/ros2_ws/install/realsense2_camera_msgs/share/realsense2_camera_msgs/cmake/realsense2_camera_msgs__rosidl_typesupport_introspection_cppExport-release.cmake\n'}
[1.163717] (realsense2_camera_msgs) StdoutLine: {'line': b'-- Up-to-date: /home/ros2_ws/install/realsense2_camera_msgs/share/realsense2_camera_msgs/cmake/realsense2_camera_msgs__rosidl_typesupport_cppExport.cmake\n'}
[1.163925] (realsense2_camera_msgs) StdoutLine: {'line': b'-- Up-to-date: /home/ros2_ws/install/realsense2_camera_msgs/share/realsense2_camera_msgs/cmake/realsense2_camera_msgs__rosidl_typesupport_cppExport-release.cmake\n'}
[1.164205] (realsense2_camera_msgs) StdoutLine: {'line': b'-- Up-to-date: /home/ros2_ws/install/realsense2_camera_msgs/share/realsense2_camera_msgs/cmake/export_realsense2_camera_msgs__rosidl_generator_pyExport.cmake\n'}
[1.164416] (realsense2_camera_msgs) StdoutLine: {'line': b'-- Up-to-date: /home/ros2_ws/install/realsense2_camera_msgs/share/realsense2_camera_msgs/cmake/export_realsense2_camera_msgs__rosidl_generator_pyExport-release.cmake\n'}
[1.164622] (realsense2_camera_msgs) StdoutLine: {'line': b'-- Up-to-date: /home/ros2_ws/install/realsense2_camera_msgs/share/realsense2_camera_msgs/cmake/rosidl_cmake-extras.cmake\n'}
[1.164822] (realsense2_camera_msgs) StdoutLine: {'line': b'-- Up-to-date: /home/ros2_ws/install/realsense2_camera_msgs/share/realsense2_camera_msgs/cmake/ament_cmake_export_dependencies-extras.cmake\n'}
[1.165027] (realsense2_camera_msgs) StdoutLine: {'line': b'-- Up-to-date: /home/ros2_ws/install/realsense2_camera_msgs/share/realsense2_camera_msgs/cmake/ament_cmake_export_include_directories-extras.cmake\n'}
[1.165234] (realsense2_camera_msgs) StdoutLine: {'line': b'-- Up-to-date: /home/ros2_ws/install/realsense2_camera_msgs/share/realsense2_camera_msgs/cmake/ament_cmake_export_libraries-extras.cmake\n'}
[1.165442] (realsense2_camera_msgs) StdoutLine: {'line': b'-- Up-to-date: /home/ros2_ws/install/realsense2_camera_msgs/share/realsense2_camera_msgs/cmake/ament_cmake_export_targets-extras.cmake\n'}
[1.165695] (realsense2_camera_msgs) StdoutLine: {'line': b'-- Up-to-date: /home/ros2_ws/install/realsense2_camera_msgs/share/realsense2_camera_msgs/cmake/rosidl_cmake_export_typesupport_targets-extras.cmake\n'}
[1.165904] (realsense2_camera_msgs) StdoutLine: {'line': b'-- Up-to-date: /home/ros2_ws/install/realsense2_camera_msgs/share/realsense2_camera_msgs/cmake/rosidl_cmake_export_typesupport_libraries-extras.cmake\n'}
[1.166109] (realsense2_camera_msgs) StdoutLine: {'line': b'-- Up-to-date: /home/ros2_ws/install/realsense2_camera_msgs/share/realsense2_camera_msgs/cmake/realsense2_camera_msgsConfig.cmake\n'}
[1.166346] (realsense2_camera_msgs) StdoutLine: {'line': b'-- Up-to-date: /home/ros2_ws/install/realsense2_camera_msgs/share/realsense2_camera_msgs/cmake/realsense2_camera_msgsConfig-version.cmake\n'}
[1.166560] (realsense2_camera_msgs) StdoutLine: {'line': b'-- Up-to-date: /home/ros2_ws/install/realsense2_camera_msgs/share/realsense2_camera_msgs/package.xml\n'}
[1.170455] (realsense2_camera_msgs) CommandEnded: {'returncode': 0}
[1.200339] (-) TimerEvent: {}
[1.266782] (realsense2_camera_msgs) JobEnded: {'identifier': 'realsense2_camera_msgs', 'rc': 0}
[1.270144] (realsense2_camera) JobStarted: {'identifier': 'realsense2_camera'}
[1.300477] (-) TimerEvent: {}
[1.319683] (realsense2_camera) JobProgress: {'identifier': 'realsense2_camera', 'progress': 'cmake'}
[1.321700] (realsense2_camera) JobProgress: {'identifier': 'realsense2_camera', 'progress': 'build'}
[1.322566] (realsense2_camera) Command: {'cmd': ['/usr/bin/cmake', '--build', '/home/ros2_ws/build/realsense2_camera'], 'cwd': '/home/ros2_ws/build/realsense2_camera', 'env': OrderedDict([('CMAKE_BUILD_PARALLEL_LEVEL', '3'), ('HOSTNAME', 'xterra-orin'), ('SHLVL', '1'), ('LD_LIBRARY_PATH', '/home/ros2_ws/install/realsense2_camera_msgs/lib:/home/ros2_ws/install/xterra_perception_api/lib:/home/ros2_ws/install/xterra/lib:/home/ros2_ws/install/realsense2_camera/lib:/home/ros2_ws/install/livox_ros_driver2/lib:/opt/ros/humble/opt/rviz_ogre_vendor/lib:/opt/ros/humble/lib/aarch64-linux-gnu:/opt/ros/humble/lib:/usr/local/lib:/home/ros/install/lib'), ('HOME', '/root'), ('OLDPWD', '/home/ros2_ws'), ('ROS_PYTHON_VERSION', '3'), ('MAKEFLAGS', '-j3'), ('COLCON_PREFIX_PATH', '/home/ros2_ws/install'), ('ROS_DISTRO', 'humble'), ('_', '/usr/bin/colcon'), ('ROS_VERSION', '2'), ('NVIDIA_DRIVER_CAPABILITIES', 'all'), ('OrbbecSDK_DIR', '/usr/local/lib/cmake/OrbbecSDK'), ('ROS_LOCALHOST_ONLY', '0'), ('QT_X11_NO_MITSHM', '1'), ('PATH', '/opt/ros/humble/bin:/home/ros/install/bin:/usr/local/sbin:/usr/local/bin:/usr/sbin:/usr/bin:/sbin:/bin'), ('DISPLAY', ''), ('LANG', 'C.UTF-8'), ('RMW_IMPLEMENTATION', 'rmw_cyclonedds_cpp'), ('CYCLONEDDS_HOME', '/home/ros/install'), ('ROS_DOMAIN_ID', '0'), ('AMENT_PREFIX_PATH', '/home/ros2_ws/install/xterra_perception_api:/home/ros2_ws/install/xterra:/home/ros2_ws/install/m2_metal_description:/home/ros2_ws/install/sensor_description:/home/ros2_ws/install/realsense2_camera:/home/ros2_ws/install/realsense2_camera_msgs:/home/ros2_ws/install/livox_ros_driver2:/opt/ros/humble'), ('DEBIAN_FRONTEND', 'noninteractive'), ('PWD', '/home/ros2_ws/build/realsense2_camera'), ('LC_ALL', 'C.UTF-8'), ('PYTHONPATH', '/home/ros2_ws/install/xterra/local/lib/python3.10/dist-packages:/home/ros2_ws/install/realsense2_camera_msgs/local/lib/python3.10/dist-packages:/home/ros2_ws/install/livox_ros_driver2/local/lib/python3.10/dist-packages:/opt/ros/humble/lib/python3.10/site-packages:/opt/ros/humble/local/lib/python3.10/dist-packages'), ('NVIDIA_VISIBLE_DEVICES', 'all'), ('COLCON', '1'), ('CMAKE_PREFIX_PATH', '/home/ros2_ws/install/realsense2_camera_msgs:/home/ros2_ws/install/xterra_perception_api:/home/ros2_ws/install/xterra:/home/ros2_ws/install/m2_metal_description:/home/ros2_ws/install/sensor_description:/home/ros2_ws/install/realsense2_camera:/home/ros2_ws/install/livox_ros_driver2:/opt/OrbbecSDK_v2.4.11/lib:/opt/ros/humble')]), 'shell': False}
[1.400948] (-) TimerEvent: {}
[1.495453] (realsense2_camera) StdoutLine: {'line': b'[ 12%] Built target realsense2_camera_node\n'}
[1.501052] (-) TimerEvent: {}
[1.540406] (realsense2_camera) StdoutLine: {'line': b'[100%] Built target realsense2_camera\n'}
[1.569889] (realsense2_camera) CommandEnded: {'returncode': 0}
[1.572154] (realsense2_camera) JobProgress: {'identifier': 'realsense2_camera', 'progress': 'install'}
[1.573276] (realsense2_camera) Command: {'cmd': ['/usr/bin/cmake', '--install', '/home/ros2_ws/build/realsense2_camera'], 'cwd': '/home/ros2_ws/build/realsense2_camera', 'env': OrderedDict([('CMAKE_BUILD_PARALLEL_LEVEL', '3'), ('HOSTNAME', 'xterra-orin'), ('SHLVL', '1'), ('LD_LIBRARY_PATH', '/home/ros2_ws/install/realsense2_camera_msgs/lib:/home/ros2_ws/install/xterra_perception_api/lib:/home/ros2_ws/install/xterra/lib:/home/ros2_ws/install/realsense2_camera/lib:/home/ros2_ws/install/livox_ros_driver2/lib:/opt/ros/humble/opt/rviz_ogre_vendor/lib:/opt/ros/humble/lib/aarch64-linux-gnu:/opt/ros/humble/lib:/usr/local/lib:/home/ros/install/lib'), ('HOME', '/root'), ('OLDPWD', '/home/ros2_ws'), ('ROS_PYTHON_VERSION', '3'), ('MAKEFLAGS', '-j3'), ('COLCON_PREFIX_PATH', '/home/ros2_ws/install'), ('ROS_DISTRO', 'humble'), ('_', '/usr/bin/colcon'), ('ROS_VERSION', '2'), ('NVIDIA_DRIVER_CAPABILITIES', 'all'), ('OrbbecSDK_DIR', '/usr/local/lib/cmake/OrbbecSDK'), ('ROS_LOCALHOST_ONLY', '0'), ('QT_X11_NO_MITSHM', '1'), ('PATH', '/opt/ros/humble/bin:/home/ros/install/bin:/usr/local/sbin:/usr/local/bin:/usr/sbin:/usr/bin:/sbin:/bin'), ('DISPLAY', ''), ('LANG', 'C.UTF-8'), ('RMW_IMPLEMENTATION', 'rmw_cyclonedds_cpp'), ('CYCLONEDDS_HOME', '/home/ros/install'), ('ROS_DOMAIN_ID', '0'), ('AMENT_PREFIX_PATH', '/home/ros2_ws/install/xterra_perception_api:/home/ros2_ws/install/xterra:/home/ros2_ws/install/m2_metal_description:/home/ros2_ws/install/sensor_description:/home/ros2_ws/install/realsense2_camera:/home/ros2_ws/install/realsense2_camera_msgs:/home/ros2_ws/install/livox_ros_driver2:/opt/ros/humble'), ('DEBIAN_FRONTEND', 'noninteractive'), ('PWD', '/home/ros2_ws/build/realsense2_camera'), ('LC_ALL', 'C.UTF-8'), ('PYTHONPATH', '/home/ros2_ws/install/xterra/local/lib/python3.10/dist-packages:/home/ros2_ws/install/realsense2_camera_msgs/local/lib/python3.10/dist-packages:/home/ros2_ws/install/livox_ros_driver2/local/lib/python3.10/dist-packages:/opt/ros/humble/lib/python3.10/site-packages:/opt/ros/humble/local/lib/python3.10/dist-packages'), ('NVIDIA_VISIBLE_DEVICES', 'all'), ('COLCON', '1'), ('CMAKE_PREFIX_PATH', '/home/ros2_ws/install/realsense2_camera_msgs:/home/ros2_ws/install/xterra_perception_api:/home/ros2_ws/install/xterra:/home/ros2_ws/install/m2_metal_description:/home/ros2_ws/install/sensor_description:/home/ros2_ws/install/realsense2_camera:/home/ros2_ws/install/livox_ros_driver2:/opt/OrbbecSDK_v2.4.11/lib:/opt/ros/humble')]), 'shell': False}
[1.601158] (realsense2_camera) StdoutLine: {'line': b'-- Install configuration: "Release"\n'}
[1.601760] (-) TimerEvent: {}
[1.601851] (realsense2_camera) StdoutLine: {'line': b'-- Up-to-date: /home/ros2_ws/install/realsense2_camera/lib/realsense2_camera/realsense2_camera_node\n'}
[1.602278] (realsense2_camera) StdoutLine: {'line': b'-- Up-to-date: /home/ros2_ws/install/realsense2_camera/lib/librealsense2_camera.so\n'}
[1.603763] (realsense2_camera) StdoutLine: {'line': b'-- Up-to-date: /home/ros2_ws/install/realsense2_camera/include\n'}
[1.604672] (realsense2_camera) StdoutLine: {'line': b'-- Up-to-date: /home/ros2_ws/install/realsense2_camera/include/ros_utils.h\n'}
[1.604913] (realsense2_camera) StdoutLine: {'line': b'-- Up-to-date: /home/ros2_ws/install/realsense2_camera/include/ros_param_backend.h\n'}
[1.605653] (realsense2_camera) StdoutLine: {'line': b'-- Up-to-date: /home/ros2_ws/install/realsense2_camera/include/realsense_node_factory.h\n'}
[1.605906] (realsense2_camera) StdoutLine: {'line': b'-- Up-to-date: /home/ros2_ws/install/realsense2_camera/include/dynamic_params.h\n'}
[1.606399] (realsense2_camera) StdoutLine: {'line': b'-- Up-to-date: /home/ros2_ws/install/realsense2_camera/include/sensor_params.h\n'}
[1.606626] (realsense2_camera) StdoutLine: {'line': b'-- Up-to-date: /home/ros2_ws/install/realsense2_camera/include/named_filter.h\n'}
[1.606839] (realsense2_camera) StdoutLine: {'line': b'-- Up-to-date: /home/ros2_ws/install/realsense2_camera/include/image_publisher.h\n'}
[1.607047] (realsense2_camera) StdoutLine: {'line': b'-- Up-to-date: /home/ros2_ws/install/realsense2_camera/include/base_realsense_node.h\n'}
[1.607249] (realsense2_camera) StdoutLine: {'line': b'-- Up-to-date: /home/ros2_ws/install/realsense2_camera/include/ros_sensor.h\n'}
[1.607451] (realsense2_camera) StdoutLine: {'line': b'-- Up-to-date: /home/ros2_ws/install/realsense2_camera/include/constants.h\n'}
[1.607652] (realsense2_camera) StdoutLine: {'line': b'-- Up-to-date: /home/ros2_ws/install/realsense2_camera/include/profile_manager.h\n'}
[1.607856] (realsense2_camera) StdoutLine: {'line': b'-- Up-to-date: /home/ros2_ws/install/realsense2_camera/share/realsense2_camera/launch\n'}
[1.608058] (realsense2_camera) StdoutLine: {'line': b'-- Up-to-date: /home/ros2_ws/install/realsense2_camera/share/realsense2_camera/launch/default.rviz\n'}
[1.608301] (realsense2_camera) StdoutLine: {'line': b'-- Up-to-date: /home/ros2_ws/install/realsense2_camera/share/realsense2_camera/launch/rs_launch.py\n'}
[1.608521] (realsense2_camera) StdoutLine: {'line': b'-- Up-to-date: /home/ros2_ws/install/realsense2_camera/share/realsense2_camera/launch/rs_intra_process_demo_launch.py\n'}
[1.608733] (realsense2_camera) StdoutLine: {'line': b'-- Up-to-date: /home/ros2_ws/install/realsense2_camera/share/realsense2_camera/launch/rs_multi_camera_launch.py\n'}
[1.609587] (realsense2_camera) StdoutLine: {'line': b'-- Up-to-date: /home/ros2_ws/install/realsense2_camera/share/realsense2_camera/environment/library_path.sh\n'}
[1.610787] (realsense2_camera) StdoutLine: {'line': b'-- Up-to-date: /home/ros2_ws/install/realsense2_camera/share/realsense2_camera/environment/library_path.dsv\n'}
[1.612491] (realsense2_camera) StdoutLine: {'line': b'-- Up-to-date: /home/ros2_ws/install/realsense2_camera/share/ament_index/resource_index/package_run_dependencies/realsense2_camera\n'}
[1.613031] (realsense2_camera) StdoutLine: {'line': b'-- Up-to-date: /home/ros2_ws/install/realsense2_camera/share/ament_index/resource_index/parent_prefix_path/realsense2_camera\n'}
[1.613379] (realsense2_camera) StdoutLine: {'line': b'-- Up-to-date: /home/ros2_ws/install/realsense2_camera/share/realsense2_camera/environment/ament_prefix_path.sh\n'}
[1.613814] (realsense2_camera) StdoutLine: {'line': b'-- Up-to-date: /home/ros2_ws/install/realsense2_camera/share/realsense2_camera/environment/ament_prefix_path.dsv\n'}
[1.614333] (realsense2_camera) StdoutLine: {'line': b'-- Up-to-date: /home/ros2_ws/install/realsense2_camera/share/realsense2_camera/environment/path.sh\n'}
[1.614837] (realsense2_camera) StdoutLine: {'line': b'-- Up-to-date: /home/ros2_ws/install/realsense2_camera/share/realsense2_camera/environment/path.dsv\n'}
[1.615344] (realsense2_camera) StdoutLine: {'line': b'-- Up-to-date: /home/ros2_ws/install/realsense2_camera/share/realsense2_camera/local_setup.bash\n'}
[1.615957] (realsense2_camera) StdoutLine: {'line': b'-- Up-to-date: /home/ros2_ws/install/realsense2_camera/share/realsense2_camera/local_setup.sh\n'}
[1.616235] (realsense2_camera) StdoutLine: {'line': b'-- Up-to-date: /home/ros2_ws/install/realsense2_camera/share/realsense2_camera/local_setup.zsh\n'}
[1.616718] (realsense2_camera) StdoutLine: {'line': b'-- Up-to-date: /home/ros2_ws/install/realsense2_camera/share/realsense2_camera/local_setup.dsv\n'}
[1.617352] (realsense2_camera) StdoutLine: {'line': b'-- Installing: /home/ros2_ws/install/realsense2_camera/share/realsense2_camera/package.dsv\n'}
[1.617819] (realsense2_camera) StdoutLine: {'line': b'-- Up-to-date: /home/ros2_ws/install/realsense2_camera/share/ament_index/resource_index/packages/realsense2_camera\n'}
[1.618170] (realsense2_camera) StdoutLine: {'line': b'-- Up-to-date: /home/ros2_ws/install/realsense2_camera/share/ament_index/resource_index/rclcpp_components/realsense2_camera\n'}
[1.618573] (realsense2_camera) StdoutLine: {'line': b'-- Up-to-date: /home/ros2_ws/install/realsense2_camera/share/realsense2_camera/cmake/ament_cmake_export_include_directories-extras.cmake\n'}
[1.618966] (realsense2_camera) StdoutLine: {'line': b'-- Up-to-date: /home/ros2_ws/install/realsense2_camera/share/realsense2_camera/cmake/ament_cmake_export_libraries-extras.cmake\n'}
[1.619347] (realsense2_camera) StdoutLine: {'line': b'-- Up-to-date: /home/ros2_ws/install/realsense2_camera/share/realsense2_camera/cmake/ament_cmake_export_dependencies-extras.cmake\n'}
[1.619711] (realsense2_camera) StdoutLine: {'line': b'-- Up-to-date: /home/ros2_ws/install/realsense2_camera/share/realsense2_camera/cmake/realsense2_cameraConfig.cmake\n'}
[1.620116] (realsense2_camera) StdoutLine: {'line': b'-- Up-to-date: /home/ros2_ws/install/realsense2_camera/share/realsense2_camera/cmake/realsense2_cameraConfig-version.cmake\n'}
[1.620475] (realsense2_camera) StdoutLine: {'line': b'-- Up-to-date: /home/ros2_ws/install/realsense2_camera/share/realsense2_camera/package.xml\n'}
[1.620860] (realsense2_camera) CommandEnded: {'returncode': 0}
[1.680717] (realsense2_camera) JobEnded: {'identifier': 'realsense2_camera', 'rc': 0}
[1.683260] (-) EventReactorShutdown: {}
