[0.000000] (-) TimerEvent: {}
[0.000329] (-) JobUnselected: {'identifier': 'cyclonedds'}
[0.000669] (-) JobUnselected: {'identifier': 'dds_utils'}
[0.001284] (-) JobUnselected: {'identifier': 'livox_ros_driver2'}
[0.001557] (-) JobUnselected: {'identifier': 'm2_metal_description'}
[0.001875] (-) JobUnselected: {'identifier': 'orbbec_camera'}
[0.001980] (-) JobUnselected: {'identifier': 'orbbec_camera_msgs'}
[0.002061] (-) JobUnselected: {'identifier': 'orbbec_description'}
[0.002135] (-) JobUnselected: {'identifier': 'realsense2_camera'}
[0.002207] (-) JobUnselected: {'identifier': 'realsense2_camera_msgs'}
[0.002283] (-) JobUnselected: {'identifier': 'realsense2_description'}
[0.002353] (-) JobUnselected: {'identifier': 'xterra'}
[0.002413] (-) JobUnselected: {'identifier': 'xterra_perception_api'}
[0.002456] (sensor_description) JobQueued: {'identifier': 'sensor_description', 'dependencies': OrderedDict()}
[0.002539] (sensor_description) JobStarted: {'identifier': 'sensor_description'}
[0.022896] (sensor_description) JobProgress: {'identifier': 'sensor_description', 'progress': 'cmake'}
[0.026589] (sensor_description) JobProgress: {'identifier': 'sensor_description', 'progress': 'build'}
[0.027952] (sensor_description) Command: {'cmd': ['/usr/bin/cmake', '--build', '/home/ros2_ws/build/sensor_description'], 'cwd': '/home/ros2_ws/build/sensor_description', 'env': OrderedDict([('CMAKE_BUILD_PARALLEL_LEVEL', '3'), ('HOSTNAME', 'xterra-orin'), ('SHLVL', '1'), ('LD_LIBRARY_PATH', '/opt/ros/humble/lib/aarch64-linux-gnu:/opt/ros/humble/lib:/usr/local/lib:'), ('HOME', '/root'), ('OLDPWD', '/home/ros2_ws'), ('ROS_PYTHON_VERSION', '3'), ('MAKEFLAGS', '-j3'), ('ROS_DISTRO', 'humble'), ('_', '/usr/bin/colcon'), ('ROS_VERSION', '2'), ('NVIDIA_DRIVER_CAPABILITIES', 'all'), ('OrbbecSDK_DIR', '/usr/local/lib/cmake/OrbbecSDK'), ('ROS_LOCALHOST_ONLY', '0'), ('QT_X11_NO_MITSHM', '1'), ('PATH', '/opt/ros/humble/bin:/usr/local/sbin:/usr/local/bin:/usr/sbin:/usr/bin:/sbin:/bin'), ('DISPLAY', ''), ('LANG', 'C.UTF-8'), ('RMW_IMPLEMENTATION', 'rmw_cyclonedds_cpp'), ('ROS_DOMAIN_ID', '0'), ('AMENT_PREFIX_PATH', '/opt/ros/humble'), ('DEBIAN_FRONTEND', 'noninteractive'), ('PWD', '/home/ros2_ws/build/sensor_description'), ('LC_ALL', 'C.UTF-8'), ('PYTHONPATH', '/opt/ros/humble/lib/python3.10/site-packages:/opt/ros/humble/local/lib/python3.10/dist-packages'), ('NVIDIA_VISIBLE_DEVICES', 'all'), ('COLCON', '1'), ('CMAKE_PREFIX_PATH', '/opt/OrbbecSDK_v2.4.11/lib::/opt/ros/humble')]), 'shell': False}
[0.099310] (-) TimerEvent: {}
[0.149914] (sensor_description) CommandEnded: {'returncode': 0}
[0.153041] (sensor_description) JobProgress: {'identifier': 'sensor_description', 'progress': 'install'}
[0.181970] (sensor_description) Command: {'cmd': ['/usr/bin/cmake', '--install', '/home/ros2_ws/build/sensor_description'], 'cwd': '/home/ros2_ws/build/sensor_description', 'env': OrderedDict([('CMAKE_BUILD_PARALLEL_LEVEL', '3'), ('HOSTNAME', 'xterra-orin'), ('SHLVL', '1'), ('LD_LIBRARY_PATH', '/opt/ros/humble/lib/aarch64-linux-gnu:/opt/ros/humble/lib:/usr/local/lib:'), ('HOME', '/root'), ('OLDPWD', '/home/ros2_ws'), ('ROS_PYTHON_VERSION', '3'), ('MAKEFLAGS', '-j3'), ('ROS_DISTRO', 'humble'), ('_', '/usr/bin/colcon'), ('ROS_VERSION', '2'), ('NVIDIA_DRIVER_CAPABILITIES', 'all'), ('OrbbecSDK_DIR', '/usr/local/lib/cmake/OrbbecSDK'), ('ROS_LOCALHOST_ONLY', '0'), ('QT_X11_NO_MITSHM', '1'), ('PATH', '/opt/ros/humble/bin:/usr/local/sbin:/usr/local/bin:/usr/sbin:/usr/bin:/sbin:/bin'), ('DISPLAY', ''), ('LANG', 'C.UTF-8'), ('RMW_IMPLEMENTATION', 'rmw_cyclonedds_cpp'), ('ROS_DOMAIN_ID', '0'), ('AMENT_PREFIX_PATH', '/opt/ros/humble'), ('DEBIAN_FRONTEND', 'noninteractive'), ('PWD', '/home/ros2_ws/build/sensor_description'), ('LC_ALL', 'C.UTF-8'), ('PYTHONPATH', '/opt/ros/humble/lib/python3.10/site-packages:/opt/ros/humble/local/lib/python3.10/dist-packages'), ('NVIDIA_VISIBLE_DEVICES', 'all'), ('COLCON', '1'), ('CMAKE_PREFIX_PATH', '/opt/OrbbecSDK_v2.4.11/lib::/opt/ros/humble')]), 'shell': False}
[0.199394] (-) TimerEvent: {}
[0.208317] (sensor_description) StdoutLine: {'line': b'-- Install configuration: ""\n'}
[0.208865] (sensor_description) StdoutLine: {'line': b'-- Up-to-date: /home/ros2_ws/install/sensor_description/share/sensor_description//meshes\n'}
[0.209296] (sensor_description) StdoutLine: {'line': b'-- Up-to-date: /home/ros2_ws/install/sensor_description/share/sensor_description//meshes/r200.jpg\n'}
[0.209724] (sensor_description) StdoutLine: {'line': b'-- Up-to-date: /home/ros2_ws/install/sensor_description/share/sensor_description//meshes/lydar.STL\n'}
[0.209886] (sensor_description) StdoutLine: {'line': b'-- Up-to-date: /home/ros2_ws/install/sensor_description/share/sensor_description//meshes/d415.stl\n'}
[0.210066] (sensor_description) StdoutLine: {'line': b'-- Up-to-date: /home/ros2_ws/install/sensor_description/share/sensor_description//meshes/rplidar-a2.stl\n'}
[0.210220] (sensor_description) StdoutLine: {'line': b'-- Up-to-date: /home/ros2_ws/install/sensor_description/share/sensor_description//meshes/lds.stl\n'}
[0.210664] (sensor_description) StdoutLine: {'line': b'-- Up-to-date: /home/ros2_ws/install/sensor_description/share/sensor_description//meshes/astra.dae\n'}
[0.211413] (sensor_description) StdoutLine: {'line': b'-- Up-to-date: /home/ros2_ws/install/sensor_description/share/sensor_description//meshes/plug_collision.stl\n'}
[0.211561] (sensor_description) StdoutLine: {'line': b'-- Up-to-date: /home/ros2_ws/install/sensor_description/share/sensor_description//meshes/gemini335_336\n'}
[0.211696] (sensor_description) StdoutLine: {'line': b'-- Up-to-date: /home/ros2_ws/install/sensor_description/share/sensor_description//meshes/gemini335_336/camera_color_frame.STL\n'}
[0.212252] (sensor_description) StdoutLine: {'line': b'-- Up-to-date: /home/ros2_ws/install/sensor_description/share/sensor_description//meshes/gemini335_336/camera_infra_1_optical_frame.STL\n'}
[0.212395] (sensor_description) StdoutLine: {'line': b'-- Up-to-date: /home/ros2_ws/install/sensor_description/share/sensor_description//meshes/gemini335_336/camera_depth_frame.STL\n'}
[0.212535] (sensor_description) StdoutLine: {'line': b'-- Up-to-date: /home/ros2_ws/install/sensor_description/share/sensor_description//meshes/gemini335_336/camera_infra2_optical_frame.STL\n'}
[0.212780] (sensor_description) StdoutLine: {'line': b'-- Up-to-date: /home/ros2_ws/install/sensor_description/share/sensor_description//meshes/gemini335_336/camera_depth_optical_frame.STL\n'}
[0.212933] (sensor_description) StdoutLine: {'line': b'-- Up-to-date: /home/ros2_ws/install/sensor_description/share/sensor_description//meshes/gemini335_336/camera_color_optical_frame.STL\n'}
[0.213073] (sensor_description) StdoutLine: {'line': b'-- Up-to-date: /home/ros2_ws/install/sensor_description/share/sensor_description//meshes/gemini335_336/camera_link.STL\n'}
[0.213416] (sensor_description) StdoutLine: {'line': b'-- Up-to-date: /home/ros2_ws/install/sensor_description/share/sensor_description//meshes/gemini335_336/camera_infra2_frame.STL\n'}
[0.214042] (sensor_description) StdoutLine: {'line': b'-- Up-to-date: /home/ros2_ws/install/sensor_description/share/sensor_description//meshes/gemini335_336/camera_infra_1_frame.STL\n'}
[0.214209] (sensor_description) StdoutLine: {'line': b'-- Up-to-date: /home/ros2_ws/install/sensor_description/share/sensor_description//meshes/gemini335_336/camera_bottom_screw_frame.STL\n'}
[0.214350] (sensor_description) StdoutLine: {'line': b'-- Up-to-date: /home/ros2_ws/install/sensor_description/share/sensor_description//meshes/rplidar.dae\n'}
[0.214488] (sensor_description) StdoutLine: {'line': b'-- Up-to-date: /home/ros2_ws/install/sensor_description/share/sensor_description//meshes/r200.dae\n'}
[0.215026] (sensor_description) StdoutLine: {'line': b'-- Up-to-date: /home/ros2_ws/install/sensor_description/share/sensor_description//meshes/t265.stl\n'}
[0.215169] (sensor_description) StdoutLine: {'line': b'-- Up-to-date: /home/ros2_ws/install/sensor_description/share/sensor_description//meshes/rplidar2.dae\n'}
[0.215454] (sensor_description) StdoutLine: {'line': b'-- Up-to-date: /home/ros2_ws/install/sensor_description/share/sensor_description//meshes/d435.dae\n'}
[0.215695] (sensor_description) StdoutLine: {'line': b'-- Up-to-date: /home/ros2_ws/install/sensor_description/share/sensor_description//meshes/astra.jpg\n'}
[0.215832] (sensor_description) StdoutLine: {'line': b'-- Up-to-date: /home/ros2_ws/install/sensor_description/share/sensor_description//meshes/plug.stl\n'}
[0.215963] (sensor_description) StdoutLine: {'line': b'-- Up-to-date: /home/ros2_ws/install/sensor_description/share/sensor_description//xacro\n'}
[0.216093] (sensor_description) StdoutLine: {'line': b'-- Up-to-date: /home/ros2_ws/install/sensor_description/share/sensor_description//xacro/threeD_lidar.xacro\n'}
[0.216222] (sensor_description) StdoutLine: {'line': b'-- Up-to-date: /home/ros2_ws/install/sensor_description/share/sensor_description//xacro/gemini_335.xacro\n'}
[0.216351] (sensor_description) StdoutLine: {'line': b'-- Up-to-date: /home/ros2_ws/install/sensor_description/share/sensor_description//xacro/livox_mid360.xacro\n'}
[0.216500] (sensor_description) StdoutLine: {'line': b'-- Up-to-date: /home/ros2_ws/install/sensor_description/share/sensor_description//xacro/d435.urdf.xacro\n'}
[0.216634] (sensor_description) StdoutLine: {'line': b'-- Up-to-date: /home/ros2_ws/install/sensor_description/share/sensor_description//xacro/rgbd_cam.xacro\n'}
[0.216761] (sensor_description) StdoutLine: {'line': b'-- Up-to-date: /home/ros2_ws/install/sensor_description/share/sensor_description//xacro/d435.gazebo.xacro\n'}
[0.216886] (sensor_description) StdoutLine: {'line': b'-- Up-to-date: /home/ros2_ws/install/sensor_description/share/sensor_description//xacro/twoD_lidar.xacro\n'}
[0.217012] (sensor_description) StdoutLine: {'line': b'-- Up-to-date: /home/ros2_ws/install/sensor_description/share/ament_index/resource_index/package_run_dependencies/sensor_description\n'}
[0.217138] (sensor_description) StdoutLine: {'line': b'-- Up-to-date: /home/ros2_ws/install/sensor_description/share/ament_index/resource_index/parent_prefix_path/sensor_description\n'}
[0.217266] (sensor_description) StdoutLine: {'line': b'-- Up-to-date: /home/ros2_ws/install/sensor_description/share/sensor_description/environment/ament_prefix_path.sh\n'}
[0.217432] (sensor_description) StdoutLine: {'line': b'-- Up-to-date: /home/ros2_ws/install/sensor_description/share/sensor_description/environment/ament_prefix_path.dsv\n'}
[0.217570] (sensor_description) StdoutLine: {'line': b'-- Up-to-date: /home/ros2_ws/install/sensor_description/share/sensor_description/environment/path.sh\n'}
[0.217705] (sensor_description) StdoutLine: {'line': b'-- Up-to-date: /home/ros2_ws/install/sensor_description/share/sensor_description/environment/path.dsv\n'}
[0.217835] (sensor_description) StdoutLine: {'line': b'-- Up-to-date: /home/ros2_ws/install/sensor_description/share/sensor_description/local_setup.bash\n'}
[0.217997] (sensor_description) StdoutLine: {'line': b'-- Up-to-date: /home/ros2_ws/install/sensor_description/share/sensor_description/local_setup.sh\n'}
[0.218325] (sensor_description) StdoutLine: {'line': b'-- Up-to-date: /home/ros2_ws/install/sensor_description/share/sensor_description/local_setup.zsh\n'}
[0.218880] (sensor_description) StdoutLine: {'line': b'-- Up-to-date: /home/ros2_ws/install/sensor_description/share/sensor_description/local_setup.dsv\n'}
[0.220398] (sensor_description) StdoutLine: {'line': b'-- Up-to-date: /home/ros2_ws/install/sensor_description/share/sensor_description/package.dsv\n'}
[0.220718] (sensor_description) StdoutLine: {'line': b'-- Up-to-date: /home/ros2_ws/install/sensor_description/share/ament_index/resource_index/packages/sensor_description\n'}
[0.220933] (sensor_description) StdoutLine: {'line': b'-- Up-to-date: /home/ros2_ws/install/sensor_description/share/sensor_description/cmake/sensor_descriptionConfig.cmake\n'}
[0.221349] (sensor_description) StdoutLine: {'line': b'-- Up-to-date: /home/ros2_ws/install/sensor_description/share/sensor_description/cmake/sensor_descriptionConfig-version.cmake\n'}
[0.222063] (sensor_description) StdoutLine: {'line': b'-- Up-to-date: /home/ros2_ws/install/sensor_description/share/sensor_description/package.xml\n'}
[0.222455] (sensor_description) CommandEnded: {'returncode': 0}
[0.290218] (sensor_description) JobEnded: {'identifier': 'sensor_description', 'rc': 0}
[0.292541] (-) EventReactorShutdown: {}
