[0.031s] Invoking command in '/home/ros2_ws/build/livox_ros_driver2': CMAKE_PREFIX_PATH=${CMAKE_PREFIX_PATH}:/opt/ros/humble /usr/bin/cmake --build /home/ros2_ws/build/livox_ros_driver2 -- -j6 -l6
[0.208s] [  1%] Built target livox_interfaces2__cpp
[0.225s] [ 10%] Built target livox_ros_driver2_node
[0.226s] [ 12%] Built target livox_interfaces2__rosidl_generator_c
[0.248s] [ 12%] Built target ament_cmake_python_symlink_livox_ros_driver2
[0.301s] [ 19%] Built target livox_interfaces2__rosidl_typesupport_cpp
[0.327s] [ 26%] Built target livox_interfaces2__rosidl_typesupport_fastrtps_cpp
[0.335s] [ 40%] Built target livox_interfaces2__rosidl_typesupport_fastrtps_c
[0.337s] [ 40%] Built target livox_interfaces2__rosidl_typesupport_introspection_c
[0.351s] [ 47%] Built target livox_interfaces2__rosidl_typesupport_introspection_cpp
[0.356s] [ 54%] Built target livox_interfaces2__rosidl_typesupport_c
[0.404s] [ 54%] Built target livox_interfaces2
[0.454s] [ 82%] Built target livox_ros_driver2
[0.474s] [ 84%] Built target livox_interfaces2__py
[0.548s] [ 89%] Built target livox_interfaces2__rosidl_generator_py
[0.620s] [100%] Built target livox_ros_driver2__rosidl_typesupport_introspection_c__pyext
[0.621s] [100%] Built target livox_ros_driver2__rosidl_typesupport_fastrtps_c__pyext
[0.621s] [100%] Built target livox_ros_driver2__rosidl_typesupport_c__pyext
[0.833s] running egg_info
[0.834s] writing livox_ros_driver2.egg-info/PKG-INFO
[0.836s] writing dependency_links to livox_ros_driver2.egg-info/dependency_links.txt
[0.837s] writing top-level names to livox_ros_driver2.egg-info/top_level.txt
[0.841s] reading manifest file 'livox_ros_driver2.egg-info/SOURCES.txt'
[0.843s] writing manifest file 'livox_ros_driver2.egg-info/SOURCES.txt'
[0.954s] [100%] Built target ament_cmake_python_build_livox_ros_driver2_egg
[0.993s] Invoked command in '/home/ros2_ws/build/livox_ros_driver2' returned '0': CMAKE_PREFIX_PATH=${CMAKE_PREFIX_PATH}:/opt/ros/humble /usr/bin/cmake --build /home/ros2_ws/build/livox_ros_driver2 -- -j6 -l6
[1.026s] Invoking command in '/home/ros2_ws/build/livox_ros_driver2': CMAKE_PREFIX_PATH=${CMAKE_PREFIX_PATH}:/opt/ros/humble /usr/bin/cmake --install /home/ros2_ws/build/livox_ros_driver2
[1.049s] -- Install configuration: ""
[1.050s] -- Execute custom install script
[1.051s] -- Up-to-date symlink: /home/ros2_ws/install/livox_ros_driver2/share/ament_index/resource_index/rosidl_interfaces/livox_ros_driver2
[1.052s] -- Up-to-date symlink: /home/ros2_ws/install/livox_ros_driver2/include/livox_ros_driver2/livox_ros_driver2/msg/custom_msg.h
[1.052s] -- Up-to-date symlink: /home/ros2_ws/install/livox_ros_driver2/include/livox_ros_driver2/livox_ros_driver2/msg/custom_point.h
[1.053s] -- Up-to-date symlink: /home/ros2_ws/install/livox_ros_driver2/include/livox_ros_driver2/livox_ros_driver2/msg/detail/custom_msg__functions.h
[1.053s] -- Up-to-date symlink: /home/ros2_ws/install/livox_ros_driver2/include/livox_ros_driver2/livox_ros_driver2/msg/detail/custom_msg__struct.h
[1.053s] -- Up-to-date symlink: /home/ros2_ws/install/livox_ros_driver2/include/livox_ros_driver2/livox_ros_driver2/msg/detail/custom_msg__type_support.h
[1.053s] -- Up-to-date symlink: /home/ros2_ws/install/livox_ros_driver2/include/livox_ros_driver2/livox_ros_driver2/msg/detail/custom_point__functions.h
[1.054s] -- Up-to-date symlink: /home/ros2_ws/install/livox_ros_driver2/include/livox_ros_driver2/livox_ros_driver2/msg/detail/custom_point__struct.h
[1.054s] -- Up-to-date symlink: /home/ros2_ws/install/livox_ros_driver2/include/livox_ros_driver2/livox_ros_driver2/msg/detail/custom_point__type_support.h
[1.054s] -- Up-to-date symlink: /home/ros2_ws/install/livox_ros_driver2/include/livox_ros_driver2/livox_ros_driver2/msg/rosidl_generator_c__visibility_control.h
[1.055s] -- Up-to-date symlink: /home/ros2_ws/install/livox_ros_driver2/share/livox_ros_driver2/environment/library_path.sh
[1.055s] -- Up-to-date symlink: /home/ros2_ws/install/livox_ros_driver2/share/livox_ros_driver2/environment/library_path.dsv
[1.056s] -- Up-to-date symlink: /home/ros2_ws/install/livox_ros_driver2/include/livox_ros_driver2/livox_ros_driver2/msg/detail/custom_msg__rosidl_typesupport_fastrtps_c.h
[1.056s] -- Up-to-date symlink: /home/ros2_ws/install/livox_ros_driver2/include/livox_ros_driver2/livox_ros_driver2/msg/detail/custom_point__rosidl_typesupport_fastrtps_c.h
[1.056s] -- Up-to-date symlink: /home/ros2_ws/install/livox_ros_driver2/include/livox_ros_driver2/livox_ros_driver2/msg/rosidl_typesupport_fastrtps_c__visibility_control.h
[1.057s] -- Up-to-date symlink: /home/ros2_ws/install/livox_ros_driver2/include/livox_ros_driver2/livox_ros_driver2/msg/detail/custom_msg__rosidl_typesupport_introspection_c.h
[1.057s] -- Up-to-date symlink: /home/ros2_ws/install/livox_ros_driver2/include/livox_ros_driver2/livox_ros_driver2/msg/detail/custom_point__rosidl_typesupport_introspection_c.h
[1.058s] -- Up-to-date symlink: /home/ros2_ws/install/livox_ros_driver2/include/livox_ros_driver2/livox_ros_driver2/msg/rosidl_typesupport_introspection_c__visibility_control.h
[1.059s] -- Up-to-date symlink: /home/ros2_ws/install/livox_ros_driver2/include/livox_ros_driver2/livox_ros_driver2/msg/custom_msg.hpp
[1.059s] -- Up-to-date symlink: /home/ros2_ws/install/livox_ros_driver2/include/livox_ros_driver2/livox_ros_driver2/msg/custom_point.hpp
[1.059s] -- Up-to-date symlink: /home/ros2_ws/install/livox_ros_driver2/include/livox_ros_driver2/livox_ros_driver2/msg/detail/custom_msg__builder.hpp
[1.059s] -- Up-to-date symlink: /home/ros2_ws/install/livox_ros_driver2/include/livox_ros_driver2/livox_ros_driver2/msg/detail/custom_msg__struct.hpp
[1.060s] -- Up-to-date symlink: /home/ros2_ws/install/livox_ros_driver2/include/livox_ros_driver2/livox_ros_driver2/msg/detail/custom_msg__traits.hpp
[1.060s] -- Up-to-date symlink: /home/ros2_ws/install/livox_ros_driver2/include/livox_ros_driver2/livox_ros_driver2/msg/detail/custom_msg__type_support.hpp
[1.060s] -- Up-to-date symlink: /home/ros2_ws/install/livox_ros_driver2/include/livox_ros_driver2/livox_ros_driver2/msg/detail/custom_point__builder.hpp
[1.060s] -- Up-to-date symlink: /home/ros2_ws/install/livox_ros_driver2/include/livox_ros_driver2/livox_ros_driver2/msg/detail/custom_point__struct.hpp
[1.061s] -- Up-to-date symlink: /home/ros2_ws/install/livox_ros_driver2/include/livox_ros_driver2/livox_ros_driver2/msg/detail/custom_point__traits.hpp
[1.061s] -- Up-to-date symlink: /home/ros2_ws/install/livox_ros_driver2/include/livox_ros_driver2/livox_ros_driver2/msg/detail/custom_point__type_support.hpp
[1.061s] -- Up-to-date symlink: /home/ros2_ws/install/livox_ros_driver2/include/livox_ros_driver2/livox_ros_driver2/msg/rosidl_generator_cpp__visibility_control.hpp
[1.062s] -- Up-to-date symlink: /home/ros2_ws/install/livox_ros_driver2/include/livox_ros_driver2/livox_ros_driver2/msg/detail/custom_msg__rosidl_typesupport_fastrtps_cpp.hpp
[1.062s] -- Up-to-date symlink: /home/ros2_ws/install/livox_ros_driver2/include/livox_ros_driver2/livox_ros_driver2/msg/detail/custom_point__rosidl_typesupport_fastrtps_cpp.hpp
[1.063s] -- Up-to-date symlink: /home/ros2_ws/install/livox_ros_driver2/include/livox_ros_driver2/livox_ros_driver2/msg/rosidl_typesupport_fastrtps_cpp__visibility_control.h
[1.063s] -- Up-to-date symlink: /home/ros2_ws/install/livox_ros_driver2/include/livox_ros_driver2/livox_ros_driver2/msg/detail/custom_msg__rosidl_typesupport_introspection_cpp.hpp
[1.064s] -- Up-to-date symlink: /home/ros2_ws/install/livox_ros_driver2/include/livox_ros_driver2/livox_ros_driver2/msg/detail/custom_point__rosidl_typesupport_introspection_cpp.hpp
[1.064s] -- Up-to-date symlink: /home/ros2_ws/install/livox_ros_driver2/share/livox_ros_driver2/environment/pythonpath.sh
[1.064s] -- Up-to-date symlink: /home/ros2_ws/install/livox_ros_driver2/share/livox_ros_driver2/environment/pythonpath.dsv
[1.065s] -- Up-to-date symlink: /home/ros2_ws/install/livox_ros_driver2/local/lib/python3.10/dist-packages/livox_ros_driver2-1.0.0-py3.10.egg-info/PKG-INFO
[1.065s] -- Up-to-date symlink: /home/ros2_ws/install/livox_ros_driver2/local/lib/python3.10/dist-packages/livox_ros_driver2-1.0.0-py3.10.egg-info/SOURCES.txt
[1.065s] -- Up-to-date symlink: /home/ros2_ws/install/livox_ros_driver2/local/lib/python3.10/dist-packages/livox_ros_driver2-1.0.0-py3.10.egg-info/dependency_links.txt
[1.066s] -- Up-to-date symlink: /home/ros2_ws/install/livox_ros_driver2/local/lib/python3.10/dist-packages/livox_ros_driver2-1.0.0-py3.10.egg-info/top_level.txt
[1.068s] -- Up-to-date symlink: /home/ros2_ws/install/livox_ros_driver2/local/lib/python3.10/dist-packages/livox_ros_driver2/__init__.py
[1.068s] -- Up-to-date symlink: /home/ros2_ws/install/livox_ros_driver2/local/lib/python3.10/dist-packages/livox_ros_driver2/_livox_ros_driver2_s.ep.rosidl_typesupport_c.c
[1.068s] -- Up-to-date symlink: /home/ros2_ws/install/livox_ros_driver2/local/lib/python3.10/dist-packages/livox_ros_driver2/_livox_ros_driver2_s.ep.rosidl_typesupport_fastrtps_c.c
[1.068s] -- Up-to-date symlink: /home/ros2_ws/install/livox_ros_driver2/local/lib/python3.10/dist-packages/livox_ros_driver2/_livox_ros_driver2_s.ep.rosidl_typesupport_introspection_c.c
[1.069s] -- Up-to-date symlink: /home/ros2_ws/install/livox_ros_driver2/local/lib/python3.10/dist-packages/livox_ros_driver2/liblivox_interfaces2__rosidl_generator_py.so
[1.069s] -- Up-to-date symlink: /home/ros2_ws/install/livox_ros_driver2/local/lib/python3.10/dist-packages/livox_ros_driver2/livox_ros_driver2_s__rosidl_typesupport_c.cpython-310-aarch64-linux-gnu.so
[1.069s] -- Up-to-date symlink: /home/ros2_ws/install/livox_ros_driver2/local/lib/python3.10/dist-packages/livox_ros_driver2/livox_ros_driver2_s__rosidl_typesupport_fastrtps_c.cpython-310-aarch64-linux-gnu.so
[1.069s] -- Up-to-date symlink: /home/ros2_ws/install/livox_ros_driver2/local/lib/python3.10/dist-packages/livox_ros_driver2/livox_ros_driver2_s__rosidl_typesupport_introspection_c.cpython-310-aarch64-linux-gnu.so
[1.070s] -- Up-to-date symlink: /home/ros2_ws/install/livox_ros_driver2/local/lib/python3.10/dist-packages/livox_ros_driver2/msg/__init__.py
[1.070s] -- Up-to-date symlink: /home/ros2_ws/install/livox_ros_driver2/local/lib/python3.10/dist-packages/livox_ros_driver2/msg/_custom_msg.py
[1.070s] -- Up-to-date symlink: /home/ros2_ws/install/livox_ros_driver2/local/lib/python3.10/dist-packages/livox_ros_driver2/msg/_custom_msg_s.c
[1.070s] -- Up-to-date symlink: /home/ros2_ws/install/livox_ros_driver2/local/lib/python3.10/dist-packages/livox_ros_driver2/msg/_custom_point.py
[1.070s] -- Up-to-date symlink: /home/ros2_ws/install/livox_ros_driver2/local/lib/python3.10/dist-packages/livox_ros_driver2/msg/_custom_point_s.c
[1.071s] -- Up-to-date symlink: /home/ros2_ws/install/livox_ros_driver2/local/lib/python3.10/dist-packages/livox_ros_driver2/livox_ros_driver2_s__rosidl_typesupport_fastrtps_c.cpython-310-aarch64-linux-gnu.so
[1.072s] -- Up-to-date symlink: /home/ros2_ws/install/livox_ros_driver2/local/lib/python3.10/dist-packages/livox_ros_driver2/livox_ros_driver2_s__rosidl_typesupport_introspection_c.cpython-310-aarch64-linux-gnu.so
[1.072s] -- Up-to-date symlink: /home/ros2_ws/install/livox_ros_driver2/local/lib/python3.10/dist-packages/livox_ros_driver2/livox_ros_driver2_s__rosidl_typesupport_c.cpython-310-aarch64-linux-gnu.so
[1.073s] -- Up-to-date symlink: /home/ros2_ws/install/livox_ros_driver2/share/livox_ros_driver2/msg/CustomPoint.idl
[1.073s] -- Up-to-date symlink: /home/ros2_ws/install/livox_ros_driver2/share/livox_ros_driver2/msg/CustomMsg.idl
[1.073s] -- Up-to-date symlink: /home/ros2_ws/install/livox_ros_driver2/share/livox_ros_driver2/msg/CustomPoint.msg
[1.074s] -- Up-to-date symlink: /home/ros2_ws/install/livox_ros_driver2/share/livox_ros_driver2/msg/CustomMsg.msg
[1.074s] -- Up-to-date symlink: /home/ros2_ws/install/livox_ros_driver2/lib/livox_ros_driver2/livox_ros_driver2_node
[1.075s] -- Up-to-date symlink: /home/ros2_ws/install/livox_ros_driver2/lib/liblivox_ros_driver2.so
[1.076s] -- Up-to-date symlink: /home/ros2_ws/install/livox_ros_driver2/share/livox_ros_driver2/config/HAP_config.json
[1.076s] -- Up-to-date symlink: /home/ros2_ws/install/livox_ros_driver2/share/livox_ros_driver2/config/MID360_config.json
[1.077s] -- Up-to-date symlink: /home/ros2_ws/install/livox_ros_driver2/share/livox_ros_driver2/config/display_point_cloud_ROS1.rviz
[1.077s] -- Up-to-date symlink: /home/ros2_ws/install/livox_ros_driver2/share/livox_ros_driver2/config/display_point_cloud_ROS2.rviz
[1.078s] -- Up-to-date symlink: /home/ros2_ws/install/livox_ros_driver2/share/livox_ros_driver2/config/mixed_HAP_MID360_config.json
[1.078s] -- Up-to-date symlink: /home/ros2_ws/install/livox_ros_driver2/share/livox_ros_driver2/launch_ROS2/msg_HAP_launch.py
[1.078s] -- Up-to-date symlink: /home/ros2_ws/install/livox_ros_driver2/share/livox_ros_driver2/launch_ROS2/msg_MID360_launch.py
[1.078s] -- Up-to-date symlink: /home/ros2_ws/install/livox_ros_driver2/share/livox_ros_driver2/launch_ROS2/rviz_HAP_launch.py
[1.078s] -- Up-to-date symlink: /home/ros2_ws/install/livox_ros_driver2/share/livox_ros_driver2/launch_ROS2/rviz_MID360_launch.py
[1.079s] -- Up-to-date symlink: /home/ros2_ws/install/livox_ros_driver2/share/livox_ros_driver2/launch_ROS2/rviz_mixed.py
[1.079s] -- Up-to-date symlink: /home/ros2_ws/install/livox_ros_driver2/share/ament_index/resource_index/package_run_dependencies/livox_ros_driver2
[1.079s] -- Up-to-date symlink: /home/ros2_ws/install/livox_ros_driver2/share/ament_index/resource_index/parent_prefix_path/livox_ros_driver2
[1.079s] -- Up-to-date symlink: /home/ros2_ws/install/livox_ros_driver2/share/livox_ros_driver2/environment/ament_prefix_path.sh
[1.079s] -- Up-to-date symlink: /home/ros2_ws/install/livox_ros_driver2/share/livox_ros_driver2/environment/ament_prefix_path.dsv
[1.080s] -- Up-to-date symlink: /home/ros2_ws/install/livox_ros_driver2/share/livox_ros_driver2/environment/path.sh
[1.080s] -- Up-to-date symlink: /home/ros2_ws/install/livox_ros_driver2/share/livox_ros_driver2/environment/path.dsv
[1.080s] -- Up-to-date symlink: /home/ros2_ws/install/livox_ros_driver2/share/livox_ros_driver2/local_setup.bash
[1.081s] -- Up-to-date symlink: /home/ros2_ws/install/livox_ros_driver2/share/livox_ros_driver2/local_setup.sh
[1.081s] -- Up-to-date symlink: /home/ros2_ws/install/livox_ros_driver2/share/livox_ros_driver2/local_setup.zsh
[1.081s] -- Up-to-date symlink: /home/ros2_ws/install/livox_ros_driver2/share/livox_ros_driver2/local_setup.dsv
[1.082s] -- Symlinking: /home/ros2_ws/install/livox_ros_driver2/share/livox_ros_driver2/package.dsv
[1.110s] -- Up-to-date symlink: /home/ros2_ws/install/livox_ros_driver2/share/ament_index/resource_index/packages/livox_ros_driver2
[1.111s] -- Up-to-date symlink: /home/ros2_ws/install/livox_ros_driver2/share/ament_index/resource_index/rclcpp_components/livox_ros_driver2
[1.111s] -- Up-to-date symlink: /home/ros2_ws/install/livox_ros_driver2/share/livox_ros_driver2/cmake/rosidl_cmake-extras.cmake
[1.112s] -- Up-to-date symlink: /home/ros2_ws/install/livox_ros_driver2/share/livox_ros_driver2/cmake/ament_cmake_export_dependencies-extras.cmake
[1.113s] -- Up-to-date symlink: /home/ros2_ws/install/livox_ros_driver2/share/livox_ros_driver2/cmake/ament_cmake_export_include_directories-extras.cmake
[1.113s] -- Up-to-date symlink: /home/ros2_ws/install/livox_ros_driver2/share/livox_ros_driver2/cmake/ament_cmake_export_libraries-extras.cmake
[1.114s] -- Up-to-date symlink: /home/ros2_ws/install/livox_ros_driver2/share/livox_ros_driver2/cmake/ament_cmake_export_targets-extras.cmake
[1.114s] -- Up-to-date symlink: /home/ros2_ws/install/livox_ros_driver2/share/livox_ros_driver2/cmake/rosidl_cmake_export_typesupport_targets-extras.cmake
[1.114s] -- Up-to-date symlink: /home/ros2_ws/install/livox_ros_driver2/share/livox_ros_driver2/cmake/rosidl_cmake_export_typesupport_libraries-extras.cmake
[1.115s] -- Up-to-date symlink: /home/ros2_ws/install/livox_ros_driver2/share/livox_ros_driver2/cmake/livox_ros_driver2Config.cmake
[1.115s] -- Up-to-date symlink: /home/ros2_ws/install/livox_ros_driver2/share/livox_ros_driver2/cmake/livox_ros_driver2Config-version.cmake
[1.115s] -- Up-to-date symlink: /home/ros2_ws/install/livox_ros_driver2/share/livox_ros_driver2/package.xml
[1.116s] -- Up-to-date: /home/ros2_ws/install/livox_ros_driver2/lib/liblivox_ros_driver2__rosidl_generator_c.so
[1.117s] -- Up-to-date: /home/ros2_ws/install/livox_ros_driver2/lib/liblivox_ros_driver2__rosidl_typesupport_fastrtps_c.so
[1.117s] -- Up-to-date: /home/ros2_ws/install/livox_ros_driver2/lib/liblivox_ros_driver2__rosidl_typesupport_introspection_c.so
[1.118s] -- Up-to-date: /home/ros2_ws/install/livox_ros_driver2/lib/liblivox_ros_driver2__rosidl_typesupport_c.so
[1.119s] -- Up-to-date: /home/ros2_ws/install/livox_ros_driver2/lib/liblivox_ros_driver2__rosidl_typesupport_fastrtps_cpp.so
[1.119s] -- Up-to-date: /home/ros2_ws/install/livox_ros_driver2/lib/liblivox_ros_driver2__rosidl_typesupport_introspection_cpp.so
[1.120s] -- Up-to-date: /home/ros2_ws/install/livox_ros_driver2/lib/liblivox_ros_driver2__rosidl_typesupport_cpp.so
[1.200s] Listing '/home/ros2_ws/install/livox_ros_driver2/local/lib/python3.10/dist-packages/livox_ros_driver2'...
[1.201s] Listing '/home/ros2_ws/install/livox_ros_driver2/local/lib/python3.10/dist-packages/livox_ros_driver2/msg'...
[1.216s] -- Up-to-date: /home/ros2_ws/install/livox_ros_driver2/lib/liblivox_interfaces2__rosidl_generator_py.so
[1.217s] -- Up-to-date: /home/ros2_ws/install/livox_ros_driver2/share/livox_ros_driver2/cmake/export_livox_interfaces2__rosidl_generator_cExport.cmake
[1.217s] -- Up-to-date: /home/ros2_ws/install/livox_ros_driver2/share/livox_ros_driver2/cmake/export_livox_interfaces2__rosidl_generator_cExport-noconfig.cmake
[1.217s] -- Up-to-date: /home/ros2_ws/install/livox_ros_driver2/share/livox_ros_driver2/cmake/export_livox_interfaces2__rosidl_typesupport_fastrtps_cExport.cmake
[1.218s] -- Up-to-date: /home/ros2_ws/install/livox_ros_driver2/share/livox_ros_driver2/cmake/export_livox_interfaces2__rosidl_typesupport_fastrtps_cExport-noconfig.cmake
[1.218s] -- Up-to-date: /home/ros2_ws/install/livox_ros_driver2/share/livox_ros_driver2/cmake/livox_interfaces2__rosidl_typesupport_introspection_cExport.cmake
[1.218s] -- Up-to-date: /home/ros2_ws/install/livox_ros_driver2/share/livox_ros_driver2/cmake/livox_interfaces2__rosidl_typesupport_introspection_cExport-noconfig.cmake
[1.219s] -- Up-to-date: /home/ros2_ws/install/livox_ros_driver2/share/livox_ros_driver2/cmake/livox_interfaces2__rosidl_typesupport_cExport.cmake
[1.219s] -- Up-to-date: /home/ros2_ws/install/livox_ros_driver2/share/livox_ros_driver2/cmake/livox_interfaces2__rosidl_typesupport_cExport-noconfig.cmake
[1.219s] -- Up-to-date: /home/ros2_ws/install/livox_ros_driver2/share/livox_ros_driver2/cmake/export_livox_interfaces2__rosidl_generator_cppExport.cmake
[1.219s] -- Up-to-date: /home/ros2_ws/install/livox_ros_driver2/share/livox_ros_driver2/cmake/export_livox_interfaces2__rosidl_typesupport_fastrtps_cppExport.cmake
[1.220s] -- Up-to-date: /home/ros2_ws/install/livox_ros_driver2/share/livox_ros_driver2/cmake/export_livox_interfaces2__rosidl_typesupport_fastrtps_cppExport-noconfig.cmake
[1.220s] -- Up-to-date: /home/ros2_ws/install/livox_ros_driver2/share/livox_ros_driver2/cmake/livox_interfaces2__rosidl_typesupport_introspection_cppExport.cmake
[1.220s] -- Up-to-date: /home/ros2_ws/install/livox_ros_driver2/share/livox_ros_driver2/cmake/livox_interfaces2__rosidl_typesupport_introspection_cppExport-noconfig.cmake
[1.221s] -- Up-to-date: /home/ros2_ws/install/livox_ros_driver2/share/livox_ros_driver2/cmake/livox_interfaces2__rosidl_typesupport_cppExport.cmake
[1.221s] -- Up-to-date: /home/ros2_ws/install/livox_ros_driver2/share/livox_ros_driver2/cmake/livox_interfaces2__rosidl_typesupport_cppExport-noconfig.cmake
[1.221s] -- Up-to-date: /home/ros2_ws/install/livox_ros_driver2/share/livox_ros_driver2/cmake/export_livox_interfaces2__rosidl_generator_pyExport.cmake
[1.221s] -- Up-to-date: /home/ros2_ws/install/livox_ros_driver2/share/livox_ros_driver2/cmake/export_livox_interfaces2__rosidl_generator_pyExport-noconfig.cmake
[1.232s] Invoked command in '/home/ros2_ws/build/livox_ros_driver2' returned '0': CMAKE_PREFIX_PATH=${CMAKE_PREFIX_PATH}:/opt/ros/humble /usr/bin/cmake --install /home/ros2_ws/build/livox_ros_driver2
