-- Create Release Build.
-- Found ament_cmake: 1.3.13 (/opt/ros/humble/share/ament_cmake/cmake)
-- Found builtin_interfaces: 1.2.2 (/opt/ros/humble/share/builtin_interfaces/cmake)
-- Found rosidl_generator_c: 3.1.8 (/opt/ros/humble/share/rosidl_generator_c/cmake)
-- Found rosidl_adapter: 3.1.8 (/opt/ros/humble/share/rosidl_adapter/cmake)
-- Found rosidl_generator_cpp: 3.1.8 (/opt/ros/humble/share/rosidl_generator_cpp/cmake)
-- Using all available rosidl_typesupport_c: rosidl_typesupport_fastrtps_c;rosidl_typesupport_introspection_c
-- Using all available rosidl_typesupport_cpp: rosidl_typesupport_fastrtps_cpp;rosidl_typesupport_introspection_cpp
-- Found cv_bridge: 3.2.1 (/opt/ros/humble/share/cv_bridge/cmake)
-- Found image_transport: 3.1.12 (/opt/ros/humble/share/image_transport/cmake)
-- Found rmw_implementation_cmake: 6.1.2 (/opt/ros/humble/share/rmw_implementation_cmake/cmake)
-- Found rmw_cyclonedds_cpp: 1.3.4 (/opt/ros/humble/share/rmw_cyclonedds_cpp/cmake)
-- Using RMW implementation 'rmw_cyclonedds_cpp' as default
-- Found rclcpp_components: 16.0.18 (/opt/ros/humble/share/rclcpp_components/cmake)
-- Found realsense2_camera_msgs: 4.54.1 (/home/ros2_ws/install/realsense2_camera_msgs/share/realsense2_camera_msgs/cmake)
-- Found nav_msgs: 4.9.1 (/opt/ros/humble/share/nav_msgs/cmake)
-- Found tf2_ros: 0.25.19 (/opt/ros/humble/share/tf2_ros/cmake)
-- Found diagnostic_updater: 4.0.6 (/opt/ros/humble/share/diagnostic_updater/cmake)
-- Build for ROS2 Humble
-- Configuring done
-- Generating done
-- Build files have been written to: /home/ros2_ws/build/realsense2_camera
Consolidate compiler generated dependencies of target realsense2_camera_node
[ 12%] Built target realsense2_camera_node
Consolidate compiler generated dependencies of target realsense2_camera
[ 31%] Building CXX object CMakeFiles/realsense2_camera.dir/src/parameters.cpp.o
[ 31%] Building CXX object CMakeFiles/realsense2_camera.dir/src/base_realsense_node.cpp.o
[ 31%] Building CXX object CMakeFiles/realsense2_camera.dir/src/realsense_node_factory.cpp.o
[ 37%] Building CXX object CMakeFiles/realsense2_camera.dir/src/rs_node_setup.cpp.o
[ 43%] Building CXX object CMakeFiles/realsense2_camera.dir/src/ros_sensor.cpp.o
[ 50%] Building CXX object CMakeFiles/realsense2_camera.dir/src/ros_utils.cpp.o
[ 56%] Building CXX object CMakeFiles/realsense2_camera.dir/src/dynamic_params.cpp.o
[ 62%] Building CXX object CMakeFiles/realsense2_camera.dir/src/sensor_params.cpp.o
[ 68%] Building CXX object CMakeFiles/realsense2_camera.dir/src/named_filter.cpp.o
[ 75%] Building CXX object CMakeFiles/realsense2_camera.dir/src/profile_manager.cpp.o
[ 81%] Building CXX object CMakeFiles/realsense2_camera.dir/src/tfs.cpp.o
[ 87%] Linking CXX shared library librealsense2_camera.so
[100%] Built target realsense2_camera
-- Install configuration: "Release"
-- Up-to-date: /home/ros2_ws/install/realsense2_camera/lib/realsense2_camera/realsense2_camera_node
-- Installing: /home/ros2_ws/install/realsense2_camera/lib/librealsense2_camera.so
-- Set runtime path of "/home/ros2_ws/install/realsense2_camera/lib/librealsense2_camera.so" to ""
-- Up-to-date: /home/ros2_ws/install/realsense2_camera/include
-- Up-to-date: /home/ros2_ws/install/realsense2_camera/include/ros_utils.h
-- Up-to-date: /home/ros2_ws/install/realsense2_camera/include/ros_param_backend.h
-- Up-to-date: /home/ros2_ws/install/realsense2_camera/include/realsense_node_factory.h
-- Up-to-date: /home/ros2_ws/install/realsense2_camera/include/dynamic_params.h
-- Up-to-date: /home/ros2_ws/install/realsense2_camera/include/sensor_params.h
-- Up-to-date: /home/ros2_ws/install/realsense2_camera/include/named_filter.h
-- Up-to-date: /home/ros2_ws/install/realsense2_camera/include/image_publisher.h
-- Up-to-date: /home/ros2_ws/install/realsense2_camera/include/base_realsense_node.h
-- Up-to-date: /home/ros2_ws/install/realsense2_camera/include/ros_sensor.h
-- Up-to-date: /home/ros2_ws/install/realsense2_camera/include/constants.h
-- Up-to-date: /home/ros2_ws/install/realsense2_camera/include/profile_manager.h
-- Up-to-date: /home/ros2_ws/install/realsense2_camera/share/realsense2_camera/launch
-- Up-to-date: /home/ros2_ws/install/realsense2_camera/share/realsense2_camera/launch/default.rviz
-- Up-to-date: /home/ros2_ws/install/realsense2_camera/share/realsense2_camera/launch/rs_launch.py
-- Up-to-date: /home/ros2_ws/install/realsense2_camera/share/realsense2_camera/launch/rs_intra_process_demo_launch.py
-- Up-to-date: /home/ros2_ws/install/realsense2_camera/share/realsense2_camera/launch/rs_multi_camera_launch.py
-- Up-to-date: /home/ros2_ws/install/realsense2_camera/share/realsense2_camera/environment/library_path.sh
-- Installing: /home/ros2_ws/install/realsense2_camera/share/realsense2_camera/environment/library_path.dsv
-- Up-to-date: /home/ros2_ws/install/realsense2_camera/share/ament_index/resource_index/package_run_dependencies/realsense2_camera
-- Installing: /home/ros2_ws/install/realsense2_camera/share/ament_index/resource_index/parent_prefix_path/realsense2_camera
-- Up-to-date: /home/ros2_ws/install/realsense2_camera/share/realsense2_camera/environment/ament_prefix_path.sh
-- Installing: /home/ros2_ws/install/realsense2_camera/share/realsense2_camera/environment/ament_prefix_path.dsv
-- Up-to-date: /home/ros2_ws/install/realsense2_camera/share/realsense2_camera/environment/path.sh
-- Installing: /home/ros2_ws/install/realsense2_camera/share/realsense2_camera/environment/path.dsv
-- Up-to-date: /home/ros2_ws/install/realsense2_camera/share/realsense2_camera/local_setup.bash
-- Up-to-date: /home/ros2_ws/install/realsense2_camera/share/realsense2_camera/local_setup.sh
-- Up-to-date: /home/ros2_ws/install/realsense2_camera/share/realsense2_camera/local_setup.zsh
-- Installing: /home/ros2_ws/install/realsense2_camera/share/realsense2_camera/local_setup.dsv
-- Installing: /home/ros2_ws/install/realsense2_camera/share/realsense2_camera/package.dsv
-- Up-to-date: /home/ros2_ws/install/realsense2_camera/share/ament_index/resource_index/packages/realsense2_camera
-- Up-to-date: /home/ros2_ws/install/realsense2_camera/share/ament_index/resource_index/rclcpp_components/realsense2_camera
-- Up-to-date: /home/ros2_ws/install/realsense2_camera/share/realsense2_camera/cmake/ament_cmake_export_include_directories-extras.cmake
-- Up-to-date: /home/ros2_ws/install/realsense2_camera/share/realsense2_camera/cmake/ament_cmake_export_libraries-extras.cmake
-- Up-to-date: /home/ros2_ws/install/realsense2_camera/share/realsense2_camera/cmake/ament_cmake_export_dependencies-extras.cmake
-- Up-to-date: /home/ros2_ws/install/realsense2_camera/share/realsense2_camera/cmake/realsense2_cameraConfig.cmake
-- Up-to-date: /home/ros2_ws/install/realsense2_camera/share/realsense2_camera/cmake/realsense2_cameraConfig-version.cmake
-- Up-to-date: /home/ros2_ws/install/realsense2_camera/share/realsense2_camera/package.xml
