[0.038s] Invoking command in '/home/ros2_ws/build/realsense2_camera': CMAKE_PREFIX_PATH=/home/ros2_ws/install/realsense2_camera_msgs:/home/ros2_ws/install/xterra_perception_api:/home/ros2_ws/install/xterra:/home/ros2_ws/install/m2_metal_description:/home/ros2_ws/install/sensor_description:/home/ros2_ws/install/realsense2_camera:/home/ros2_ws/install/livox_ros_driver2:/opt/OrbbecSDK_v2.4.11/lib:/opt/ros/humble LD_LIBRARY_PATH=/home/ros2_ws/install/realsense2_camera_msgs/lib:/home/ros2_ws/install/xterra_perception_api/lib:/home/ros2_ws/install/xterra/lib:/home/ros2_ws/install/realsense2_camera/lib:/home/ros2_ws/install/livox_ros_driver2/lib:/opt/ros/humble/opt/rviz_ogre_vendor/lib:/opt/ros/humble/lib/aarch64-linux-gnu:/opt/ros/humble/lib:/usr/local/lib:/home/ros/install/lib /usr/bin/cmake --build /home/ros2_ws/build/realsense2_camera
[0.125s] -- Create Release Build.
[0.126s] -- Found ament_cmake: 1.3.14 (/opt/ros/humble/share/ament_cmake/cmake)
[0.445s] -- Found builtin_interfaces: 1.2.2 (/opt/ros/humble/share/builtin_interfaces/cmake)
[0.515s] -- Found rosidl_generator_c: 3.1.8 (/opt/ros/humble/share/rosidl_generator_c/cmake)
[0.520s] -- Found rosidl_adapter: 3.1.8 (/opt/ros/humble/share/rosidl_adapter/cmake)
[0.533s] -- Found rosidl_generator_cpp: 3.1.8 (/opt/ros/humble/share/rosidl_generator_cpp/cmake)
[0.553s] -- Using all available rosidl_typesupport_c: rosidl_typesupport_fastrtps_c;rosidl_typesupport_introspection_c
[0.579s] -- Using all available rosidl_typesupport_cpp: rosidl_typesupport_fastrtps_cpp;rosidl_typesupport_introspection_cpp
[0.605s] -- Found cv_bridge: 3.2.1 (/opt/ros/humble/share/cv_bridge/cmake)
[0.746s] -- Found image_transport: 3.1.12 (/opt/ros/humble/share/image_transport/cmake)
[0.811s] -- Found rmw_implementation_cmake: 6.1.2 (/opt/ros/humble/share/rmw_implementation_cmake/cmake)
[0.815s] -- Found rmw_cyclonedds_cpp: 1.3.4 (/opt/ros/humble/share/rmw_cyclonedds_cpp/cmake)
[0.863s] -- Using RMW implementation 'rmw_cyclonedds_cpp' as default
[0.999s] -- Found rclcpp_components: 16.0.19 (/opt/ros/humble/share/rclcpp_components/cmake)
[1.038s] -- Found realsense2_camera_msgs: 4.54.1 (/home/ros2_ws/install/realsense2_camera_msgs/share/realsense2_camera_msgs/cmake)
[1.074s] -- Found nav_msgs: 4.9.1 (/opt/ros/humble/share/nav_msgs/cmake)
[1.117s] -- Found tf2_ros: 0.25.20 (/opt/ros/humble/share/tf2_ros/cmake)
[1.373s] -- Found diagnostic_updater: 4.0.6 (/opt/ros/humble/share/diagnostic_updater/cmake)
[1.430s] -- Build for ROS2 Humble
[1.643s] -- Configuring done
[1.764s] -- Generating done
[1.787s] -- Build files have been written to: /home/ros2_ws/build/realsense2_camera
[1.897s] [ 12%] Building CXX object CMakeFiles/realsense2_camera_node.dir/rclcpp_components/node_main_realsense2_camera_node.cpp.o
[1.898s] [ 12%] Building CXX object CMakeFiles/realsense2_camera.dir/src/base_realsense_node.cpp.o
[1.898s] [ 18%] Building CXX object CMakeFiles/realsense2_camera.dir/src/realsense_node_factory.cpp.o
[12.694s] [ 25%] Linking CXX executable realsense2_camera_node
[13.062s] [ 25%] Built target realsense2_camera_node
[13.093s] [ 31%] Building CXX object CMakeFiles/realsense2_camera.dir/src/parameters.cpp.o
[33.373s] [ 37%] Building CXX object CMakeFiles/realsense2_camera.dir/src/rs_node_setup.cpp.o
[38.007s] [ 43%] Building CXX object CMakeFiles/realsense2_camera.dir/src/ros_sensor.cpp.o
[46.571s] [ 50%] Building CXX object CMakeFiles/realsense2_camera.dir/src/ros_utils.cpp.o
[57.682s] [ 56%] Building CXX object CMakeFiles/realsense2_camera.dir/src/dynamic_params.cpp.o
[59.510s] [ 62%] Building CXX object CMakeFiles/realsense2_camera.dir/src/sensor_params.cpp.o
[74.010s] [ 68%] Building CXX object CMakeFiles/realsense2_camera.dir/src/named_filter.cpp.o
[74.883s] [ 75%] Building CXX object CMakeFiles/realsense2_camera.dir/src/profile_manager.cpp.o
[76.513s] [ 81%] Building CXX object CMakeFiles/realsense2_camera.dir/src/image_publisher.cpp.o
[92.642s] [ 87%] Building CXX object CMakeFiles/realsense2_camera.dir/src/tfs.cpp.o
[96.205s] [ 93%] Building CXX object CMakeFiles/realsense2_camera.dir/src/ros_param_backend_foxy.cpp.o
[122.705s] [100%] Linking CXX shared library librealsense2_camera.so
[124.675s] [100%] Built target realsense2_camera
[124.708s] Invoked command in '/home/ros2_ws/build/realsense2_camera' returned '0': CMAKE_PREFIX_PATH=/home/ros2_ws/install/realsense2_camera_msgs:/home/ros2_ws/install/xterra_perception_api:/home/ros2_ws/install/xterra:/home/ros2_ws/install/m2_metal_description:/home/ros2_ws/install/sensor_description:/home/ros2_ws/install/realsense2_camera:/home/ros2_ws/install/livox_ros_driver2:/opt/OrbbecSDK_v2.4.11/lib:/opt/ros/humble LD_LIBRARY_PATH=/home/ros2_ws/install/realsense2_camera_msgs/lib:/home/ros2_ws/install/xterra_perception_api/lib:/home/ros2_ws/install/xterra/lib:/home/ros2_ws/install/realsense2_camera/lib:/home/ros2_ws/install/livox_ros_driver2/lib:/opt/ros/humble/opt/rviz_ogre_vendor/lib:/opt/ros/humble/lib/aarch64-linux-gnu:/opt/ros/humble/lib:/usr/local/lib:/home/ros/install/lib /usr/bin/cmake --build /home/ros2_ws/build/realsense2_camera
[124.712s] Invoking command in '/home/ros2_ws/build/realsense2_camera': CMAKE_PREFIX_PATH=/home/ros2_ws/install/realsense2_camera_msgs:/home/ros2_ws/install/xterra_perception_api:/home/ros2_ws/install/xterra:/home/ros2_ws/install/m2_metal_description:/home/ros2_ws/install/sensor_description:/home/ros2_ws/install/realsense2_camera:/home/ros2_ws/install/livox_ros_driver2:/opt/OrbbecSDK_v2.4.11/lib:/opt/ros/humble LD_LIBRARY_PATH=/home/ros2_ws/install/realsense2_camera_msgs/lib:/home/ros2_ws/install/xterra_perception_api/lib:/home/ros2_ws/install/xterra/lib:/home/ros2_ws/install/realsense2_camera/lib:/home/ros2_ws/install/livox_ros_driver2/lib:/opt/ros/humble/opt/rviz_ogre_vendor/lib:/opt/ros/humble/lib/aarch64-linux-gnu:/opt/ros/humble/lib:/usr/local/lib:/home/ros/install/lib /usr/bin/cmake --install /home/ros2_ws/build/realsense2_camera
[124.741s] -- Install configuration: "Release"
[124.744s] -- Installing: /home/ros2_ws/install/realsense2_camera/lib/realsense2_camera/realsense2_camera_node
[124.746s] -- Set runtime path of "/home/ros2_ws/install/realsense2_camera/lib/realsense2_camera/realsense2_camera_node" to ""
[124.746s] -- Installing: /home/ros2_ws/install/realsense2_camera/lib/librealsense2_camera.so
[124.754s] -- Set runtime path of "/home/ros2_ws/install/realsense2_camera/lib/librealsense2_camera.so" to ""
[124.754s] -- Up-to-date: /home/ros2_ws/install/realsense2_camera/include
[124.755s] -- Installing: /home/ros2_ws/install/realsense2_camera/include/ros_utils.h
[124.755s] -- Installing: /home/ros2_ws/install/realsense2_camera/include/ros_param_backend.h
[124.756s] -- Installing: /home/ros2_ws/install/realsense2_camera/include/realsense_node_factory.h
[124.757s] -- Installing: /home/ros2_ws/install/realsense2_camera/include/dynamic_params.h
[124.757s] -- Installing: /home/ros2_ws/install/realsense2_camera/include/sensor_params.h
[124.757s] -- Installing: /home/ros2_ws/install/realsense2_camera/include/named_filter.h
[124.757s] -- Installing: /home/ros2_ws/install/realsense2_camera/include/image_publisher.h
[124.758s] -- Installing: /home/ros2_ws/install/realsense2_camera/include/base_realsense_node.h
[124.758s] -- Installing: /home/ros2_ws/install/realsense2_camera/include/ros_sensor.h
[124.758s] -- Installing: /home/ros2_ws/install/realsense2_camera/include/constants.h
[124.758s] -- Installing: /home/ros2_ws/install/realsense2_camera/include/profile_manager.h
[124.759s] -- Up-to-date: /home/ros2_ws/install/realsense2_camera/share/realsense2_camera/launch
[124.759s] -- Installing: /home/ros2_ws/install/realsense2_camera/share/realsense2_camera/launch/default.rviz
[124.759s] -- Installing: /home/ros2_ws/install/realsense2_camera/share/realsense2_camera/launch/rs_launch.py
[124.760s] -- Installing: /home/ros2_ws/install/realsense2_camera/share/realsense2_camera/launch/rs_intra_process_demo_launch.py
[124.760s] -- Installing: /home/ros2_ws/install/realsense2_camera/share/realsense2_camera/launch/rs_multi_camera_launch.py
[124.760s] -- Installing: /home/ros2_ws/install/realsense2_camera/share/realsense2_camera/environment/library_path.sh
[124.761s] -- Installing: /home/ros2_ws/install/realsense2_camera/share/realsense2_camera/environment/library_path.dsv
[124.761s] -- Installing: /home/ros2_ws/install/realsense2_camera/share/ament_index/resource_index/package_run_dependencies/realsense2_camera
[124.762s] -- Installing: /home/ros2_ws/install/realsense2_camera/share/ament_index/resource_index/parent_prefix_path/realsense2_camera
[124.762s] -- Installing: /home/ros2_ws/install/realsense2_camera/share/realsense2_camera/environment/ament_prefix_path.sh
[124.762s] -- Installing: /home/ros2_ws/install/realsense2_camera/share/realsense2_camera/environment/ament_prefix_path.dsv
[124.763s] -- Installing: /home/ros2_ws/install/realsense2_camera/share/realsense2_camera/environment/path.sh
[124.763s] -- Installing: /home/ros2_ws/install/realsense2_camera/share/realsense2_camera/environment/path.dsv
[124.764s] -- Installing: /home/ros2_ws/install/realsense2_camera/share/realsense2_camera/local_setup.bash
[124.764s] -- Installing: /home/ros2_ws/install/realsense2_camera/share/realsense2_camera/local_setup.sh
[124.764s] -- Installing: /home/ros2_ws/install/realsense2_camera/share/realsense2_camera/local_setup.zsh
[124.765s] -- Installing: /home/ros2_ws/install/realsense2_camera/share/realsense2_camera/local_setup.dsv
[124.765s] -- Installing: /home/ros2_ws/install/realsense2_camera/share/realsense2_camera/package.dsv
[124.765s] -- Installing: /home/ros2_ws/install/realsense2_camera/share/ament_index/resource_index/packages/realsense2_camera
[124.766s] -- Installing: /home/ros2_ws/install/realsense2_camera/share/ament_index/resource_index/rclcpp_components/realsense2_camera
[124.766s] -- Installing: /home/ros2_ws/install/realsense2_camera/share/realsense2_camera/cmake/ament_cmake_export_include_directories-extras.cmake
[124.767s] -- Installing: /home/ros2_ws/install/realsense2_camera/share/realsense2_camera/cmake/ament_cmake_export_libraries-extras.cmake
[124.767s] -- Installing: /home/ros2_ws/install/realsense2_camera/share/realsense2_camera/cmake/ament_cmake_export_dependencies-extras.cmake
[124.767s] -- Installing: /home/ros2_ws/install/realsense2_camera/share/realsense2_camera/cmake/realsense2_cameraConfig.cmake
[124.768s] -- Installing: /home/ros2_ws/install/realsense2_camera/share/realsense2_camera/cmake/realsense2_cameraConfig-version.cmake
[124.768s] -- Installing: /home/ros2_ws/install/realsense2_camera/share/realsense2_camera/package.xml
[124.774s] Invoked command in '/home/ros2_ws/build/realsense2_camera' returned '0': CMAKE_PREFIX_PATH=/home/ros2_ws/install/realsense2_camera_msgs:/home/ros2_ws/install/xterra_perception_api:/home/ros2_ws/install/xterra:/home/ros2_ws/install/m2_metal_description:/home/ros2_ws/install/sensor_description:/home/ros2_ws/install/realsense2_camera:/home/ros2_ws/install/livox_ros_driver2:/opt/OrbbecSDK_v2.4.11/lib:/opt/ros/humble LD_LIBRARY_PATH=/home/ros2_ws/install/realsense2_camera_msgs/lib:/home/ros2_ws/install/xterra_perception_api/lib:/home/ros2_ws/install/xterra/lib:/home/ros2_ws/install/realsense2_camera/lib:/home/ros2_ws/install/livox_ros_driver2/lib:/opt/ros/humble/opt/rviz_ogre_vendor/lib:/opt/ros/humble/lib/aarch64-linux-gnu:/opt/ros/humble/lib:/usr/local/lib:/home/ros/install/lib /usr/bin/cmake --install /home/ros2_ws/build/realsense2_camera
