-- livox_ros_driver2 version: 1.2.4
-- Found ament_cmake_auto: 1.3.14 (/opt/ros/humble/share/ament_cmake_auto/cmake)
-- Override CMake install command with custom implementation using symlinks instead of copying resources
-- Using all available rosidl_typesupport_c: rosidl_typesupport_fastrtps_c;rosidl_typesupport_introspection_c
-- Found rosidl_adapter: 3.1.8 (/opt/ros/humble/share/rosidl_adapter/cmake)
-- Using all available rosidl_typesupport_cpp: rosidl_typesupport_fastrtps_cpp;rosidl_typesupport_introspection_cpp
-- Found rmw_implementation_cmake: 6.1.2 (/opt/ros/humble/share/rmw_implementation_cmake/cmake)
-- Found rmw_cyclonedds_cpp: 1.3.4 (/opt/ros/humble/share/rmw_cyclonedds_cpp/cmake)
-- Using RMW implementation 'rmw_cyclonedds_cpp' as default
-- Eigen found (include: /usr/include/eigen3, version: 3.4.0)
-- FLANN found (include: /usr/include, lib: /usr/lib/aarch64-linux-gnu/libflann_cpp.so)
-- OpenNI found (version: 1.5.4.0, include: /usr/include/ni, lib: /usr/lib/libOpenNI.so;libusb::libusb)
-- OpenNI2 found (version: 2.2.0.33, include: /usr/include/openni2, lib: /usr/lib/aarch64-linux-gnu/libOpenNI2.so;libusb::libusb)
-- Eigen found (include: /usr/include/eigen3, version: 3.4.0)
-- OpenNI found (version: 1.5.4.0, include: /usr/include/ni, lib: /usr/lib/libOpenNI.so;libusb::libusb)
-- OpenNI2 found (version: 2.2.0.33, include: /usr/include/openni2, lib: /usr/lib/aarch64-linux-gnu/libOpenNI2.so;libusb::libusb)
-- Found Qhull version 8.0.2
-- OpenNI found (version: 1.5.4.0, include: /usr/include/ni, lib: /usr/lib/libOpenNI.so;libusb::libusb)
-- Found ament_cmake_ros: 0.10.0 (/opt/ros/humble/share/ament_cmake_ros/cmake)
-- Using all available rosidl_typesupport_c: rosidl_typesupport_fastrtps_c;rosidl_typesupport_introspection_c
-- Using all available rosidl_typesupport_cpp: rosidl_typesupport_fastrtps_cpp;rosidl_typesupport_introspection_cpp
-- Found python_cmake_module: 0.10.0 (/opt/ros/humble/share/python_cmake_module/cmake)
-- Using PYTHON_EXECUTABLE: /usr/bin/python3
-- Using PYTHON_INCLUDE_DIRS: /usr/include/python3.10
-- Using PYTHON_LIBRARIES: /usr/lib/aarch64-linux-gnu/libpython3.10.so
-- Found ament_lint_auto: 0.12.15 (/opt/ros/humble/share/ament_lint_auto/cmake)
-- Added test 'copyright' to check source files copyright and LICENSE
-- Added test 'cppcheck' to perform static code analysis on C / C++ code
-- Configured cppcheck include dirs: /home/ros2_ws/src/livox_ros_driver2/3rdparty;/home/ros2_ws/src/livox_ros_driver2/src
-- Configured cppcheck exclude dirs and/or files: 
-- Added test 'cpplint' to check C / C++ code against the Google style
-- Configured cpplint exclude dirs and/or files: 
-- Added test 'flake8' to check Python code syntax and style conventions
-- Added test 'lint_cmake' to check CMake code style
-- Added test 'pep257' to check Python code against some of the docstring style conventions in PEP 257
-- Added test 'uncrustify' to check C / C++ code style
-- Configured uncrustify additional arguments: 
-- Added test 'xmllint' to check XML markup files
-- Configuring done
-- Generating done
-- Build files have been written to: /home/ros2_ws/build/livox_ros_driver2
[  5%] Building C object CMakeFiles/livox_interfaces2__rosidl_generator_c.dir/rosidl_generator_c/livox_ros_driver2/msg/detail/custom_point__functions.c.o
[  5%] Built target livox_interfaces2__cpp
[  5%] Generating Rust code for ROS interfaces
[  5%] Built target ament_cmake_python_symlink_livox_ros_driver2
[  6%] Building C object CMakeFiles/livox_interfaces2__rosidl_generator_c.dir/rosidl_generator_c/livox_ros_driver2/msg/detail/custom_msg__functions.c.o
[  8%] Building CXX object CMakeFiles/livox_ros_driver2_node.dir/rclcpp_components/node_main_livox_ros_driver2_node.cpp.o
[ 10%] Linking C shared library liblivox_ros_driver2__rosidl_generator_c.so
[ 12%] Built target livox_interfaces2__rosidl_generator_c
[ 13%] Building CXX object CMakeFiles/livox_interfaces2__rosidl_typesupport_fastrtps_c.dir/rosidl_typesupport_fastrtps_c/livox_ros_driver2/msg/detail/custom_point__type_support_c.cpp.o
[ 13%] Built target livox_interfaces2__rs
[ 15%] Building C object CMakeFiles/livox_interfaces2__rosidl_typesupport_introspection_c.dir/rosidl_typesupport_introspection_c/livox_ros_driver2/msg/detail/custom_point__type_support.c.o
[ 17%] Building C object CMakeFiles/livox_interfaces2__rosidl_typesupport_introspection_c.dir/rosidl_typesupport_introspection_c/livox_ros_driver2/msg/detail/custom_msg__type_support.c.o
[ 18%] Linking C shared library liblivox_ros_driver2__rosidl_typesupport_introspection_c.so
[ 20%] Building CXX object CMakeFiles/livox_interfaces2__rosidl_typesupport_fastrtps_c.dir/rosidl_typesupport_fastrtps_c/livox_ros_driver2/msg/detail/custom_msg__type_support_c.cpp.o
[ 22%] Built target livox_interfaces2__rosidl_typesupport_introspection_c
[ 24%] Building CXX object CMakeFiles/livox_interfaces2__rosidl_typesupport_c.dir/rosidl_typesupport_c/livox_ros_driver2/msg/custom_point__type_support.cpp.o
[ 25%] Building CXX object CMakeFiles/livox_interfaces2__rosidl_typesupport_c.dir/rosidl_typesupport_c/livox_ros_driver2/msg/custom_msg__type_support.cpp.o
[ 27%] Linking CXX shared library liblivox_ros_driver2__rosidl_typesupport_c.so
[ 29%] Built target livox_interfaces2__rosidl_typesupport_c
[ 31%] Building CXX object CMakeFiles/livox_interfaces2__rosidl_typesupport_fastrtps_cpp.dir/rosidl_typesupport_fastrtps_cpp/livox_ros_driver2/msg/detail/dds_fastrtps/custom_point__type_support.cpp.o
[ 32%] Linking CXX shared library liblivox_ros_driver2__rosidl_typesupport_fastrtps_c.so
[ 34%] Built target livox_interfaces2__rosidl_typesupport_fastrtps_c
[ 36%] Building CXX object CMakeFiles/livox_interfaces2__rosidl_typesupport_introspection_cpp.dir/rosidl_typesupport_introspection_cpp/livox_ros_driver2/msg/detail/custom_point__type_support.cpp.o
[ 37%] Building CXX object CMakeFiles/livox_interfaces2__rosidl_typesupport_fastrtps_cpp.dir/rosidl_typesupport_fastrtps_cpp/livox_ros_driver2/msg/detail/dds_fastrtps/custom_msg__type_support.cpp.o
[ 39%] Building CXX object CMakeFiles/livox_interfaces2__rosidl_typesupport_introspection_cpp.dir/rosidl_typesupport_introspection_cpp/livox_ros_driver2/msg/detail/custom_msg__type_support.cpp.o
[ 43%] Linking CXX shared library liblivox_ros_driver2__rosidl_typesupport_introspection_cpp.so
[ 43%] Linking CXX shared library liblivox_ros_driver2__rosidl_typesupport_fastrtps_cpp.so
[ 46%] Built target livox_interfaces2__rosidl_typesupport_fastrtps_cpp
[ 46%] Built target livox_interfaces2__rosidl_typesupport_introspection_cpp
[ 48%] Building CXX object CMakeFiles/livox_interfaces2__rosidl_typesupport_cpp.dir/rosidl_typesupport_cpp/livox_ros_driver2/msg/custom_point__type_support.cpp.o
running egg_info
writing livox_ros_driver2.egg-info/PKG-INFO
writing dependency_links to livox_ros_driver2.egg-info/dependency_links.txt
writing top-level names to livox_ros_driver2.egg-info/top_level.txt
reading manifest file 'livox_ros_driver2.egg-info/SOURCES.txt'
writing manifest file 'livox_ros_driver2.egg-info/SOURCES.txt'
[ 48%] Built target ament_cmake_python_build_livox_ros_driver2_egg
[ 50%] Building CXX object CMakeFiles/livox_interfaces2__rosidl_typesupport_cpp.dir/rosidl_typesupport_cpp/livox_ros_driver2/msg/custom_msg__type_support.cpp.o
[ 51%] Linking CXX shared library liblivox_ros_driver2__rosidl_typesupport_cpp.so
[ 53%] Built target livox_interfaces2__rosidl_typesupport_cpp
[ 55%] Built target livox_interfaces2
[ 55%] Building CXX object CMakeFiles/livox_ros_driver2.dir/src/livox_ros_driver2.cpp.o
[ 56%] Building CXX object CMakeFiles/livox_ros_driver2.dir/src/lddc.cpp.o
[ 58%] Linking CXX executable livox_ros_driver2_node
[ 58%] Built target livox_ros_driver2_node
[ 60%] Built target livox_interfaces2__py
[ 62%] Building CXX object CMakeFiles/livox_ros_driver2.dir/src/driver_node.cpp.o
[ 63%] Building CXX object CMakeFiles/livox_ros_driver2.dir/src/lds.cpp.o
[ 65%] Building CXX object CMakeFiles/livox_ros_driver2.dir/src/lds_lidar.cpp.o
[ 67%] Building CXX object CMakeFiles/livox_ros_driver2.dir/src/comm/comm.cpp.o
[ 68%] Building CXX object CMakeFiles/livox_ros_driver2.dir/src/comm/ldq.cpp.o
[ 70%] Building CXX object CMakeFiles/livox_ros_driver2.dir/src/comm/semaphore.cpp.o
[ 72%] Building CXX object CMakeFiles/livox_ros_driver2.dir/src/comm/lidar_imu_data_queue.cpp.o
[ 74%] Building CXX object CMakeFiles/livox_ros_driver2.dir/src/comm/cache_index.cpp.o
[ 75%] Building CXX object CMakeFiles/livox_ros_driver2.dir/src/comm/pub_handler.cpp.o
[ 77%] Building CXX object CMakeFiles/livox_ros_driver2.dir/src/parse_cfg_file/parse_cfg_file.cpp.o
[ 79%] Building CXX object CMakeFiles/livox_ros_driver2.dir/src/parse_cfg_file/parse_livox_lidar_cfg.cpp.o
[ 81%] Building CXX object CMakeFiles/livox_ros_driver2.dir/src/call_back/lidar_common_callback.cpp.o
[ 82%] Building CXX object CMakeFiles/livox_ros_driver2.dir/src/call_back/livox_lidar_callback.cpp.o
[ 84%] Building C object CMakeFiles/livox_interfaces2__rosidl_generator_py.dir/rosidl_generator_py/livox_ros_driver2/msg/_custom_point_s.c.o
[ 86%] Building C object CMakeFiles/livox_interfaces2__rosidl_generator_py.dir/rosidl_generator_py/livox_ros_driver2/msg/_custom_msg_s.c.o
[ 87%] Linking C shared library rosidl_generator_py/livox_ros_driver2/liblivox_interfaces2__rosidl_generator_py.so
[ 87%] Built target livox_interfaces2__rosidl_generator_py
[ 89%] Building C object CMakeFiles/livox_ros_driver2__rosidl_typesupport_introspection_c__pyext.dir/rosidl_generator_py/livox_ros_driver2/_livox_ros_driver2_s.ep.rosidl_typesupport_introspection_c.c.o
[ 91%] Building C object CMakeFiles/livox_ros_driver2__rosidl_typesupport_fastrtps_c__pyext.dir/rosidl_generator_py/livox_ros_driver2/_livox_ros_driver2_s.ep.rosidl_typesupport_fastrtps_c.c.o
[ 93%] Linking C shared library rosidl_generator_py/livox_ros_driver2/livox_ros_driver2_s__rosidl_typesupport_introspection_c.cpython-310-aarch64-linux-gnu.so
[ 94%] Linking C shared library rosidl_generator_py/livox_ros_driver2/livox_ros_driver2_s__rosidl_typesupport_fastrtps_c.cpython-310-aarch64-linux-gnu.so
[ 94%] Built target livox_ros_driver2__rosidl_typesupport_introspection_c__pyext
[ 94%] Built target livox_ros_driver2__rosidl_typesupport_fastrtps_c__pyext
[ 96%] Building C object CMakeFiles/livox_ros_driver2__rosidl_typesupport_c__pyext.dir/rosidl_generator_py/livox_ros_driver2/_livox_ros_driver2_s.ep.rosidl_typesupport_c.c.o
[ 98%] Linking C shared library rosidl_generator_py/livox_ros_driver2/livox_ros_driver2_s__rosidl_typesupport_c.cpython-310-aarch64-linux-gnu.so
[ 98%] Built target livox_ros_driver2__rosidl_typesupport_c__pyext
[100%] Linking CXX shared library liblivox_ros_driver2.so
[100%] Built target livox_ros_driver2
-- Install configuration: ""
-- Execute custom install script
-- Up-to-date symlink: /home/ros2_ws/install/livox_ros_driver2/share/ament_index/resource_index/rosidl_interfaces/livox_ros_driver2
-- Up-to-date symlink: /home/ros2_ws/install/livox_ros_driver2/include/livox_ros_driver2/livox_ros_driver2/msg/custom_msg.h
-- Up-to-date symlink: /home/ros2_ws/install/livox_ros_driver2/include/livox_ros_driver2/livox_ros_driver2/msg/custom_point.h
-- Up-to-date symlink: /home/ros2_ws/install/livox_ros_driver2/include/livox_ros_driver2/livox_ros_driver2/msg/detail/custom_msg__functions.h
-- Up-to-date symlink: /home/ros2_ws/install/livox_ros_driver2/include/livox_ros_driver2/livox_ros_driver2/msg/detail/custom_msg__struct.h
-- Up-to-date symlink: /home/ros2_ws/install/livox_ros_driver2/include/livox_ros_driver2/livox_ros_driver2/msg/detail/custom_msg__type_support.h
-- Up-to-date symlink: /home/ros2_ws/install/livox_ros_driver2/include/livox_ros_driver2/livox_ros_driver2/msg/detail/custom_point__functions.h
-- Up-to-date symlink: /home/ros2_ws/install/livox_ros_driver2/include/livox_ros_driver2/livox_ros_driver2/msg/detail/custom_point__struct.h
-- Up-to-date symlink: /home/ros2_ws/install/livox_ros_driver2/include/livox_ros_driver2/livox_ros_driver2/msg/detail/custom_point__type_support.h
-- Up-to-date symlink: /home/ros2_ws/install/livox_ros_driver2/include/livox_ros_driver2/livox_ros_driver2/msg/rosidl_generator_c__visibility_control.h
-- Up-to-date symlink: /home/ros2_ws/install/livox_ros_driver2/share/livox_ros_driver2/environment/library_path.sh
-- Up-to-date symlink: /home/ros2_ws/install/livox_ros_driver2/share/livox_ros_driver2/environment/library_path.dsv
-- Up-to-date symlink: /home/ros2_ws/install/livox_ros_driver2/include/livox_ros_driver2/livox_ros_driver2/msg/detail/custom_msg__rosidl_typesupport_fastrtps_c.h
-- Up-to-date symlink: /home/ros2_ws/install/livox_ros_driver2/include/livox_ros_driver2/livox_ros_driver2/msg/detail/custom_point__rosidl_typesupport_fastrtps_c.h
-- Up-to-date symlink: /home/ros2_ws/install/livox_ros_driver2/include/livox_ros_driver2/livox_ros_driver2/msg/rosidl_typesupport_fastrtps_c__visibility_control.h
-- Up-to-date symlink: /home/ros2_ws/install/livox_ros_driver2/include/livox_ros_driver2/livox_ros_driver2/msg/detail/custom_msg__rosidl_typesupport_introspection_c.h
-- Up-to-date symlink: /home/ros2_ws/install/livox_ros_driver2/include/livox_ros_driver2/livox_ros_driver2/msg/detail/custom_point__rosidl_typesupport_introspection_c.h
-- Up-to-date symlink: /home/ros2_ws/install/livox_ros_driver2/include/livox_ros_driver2/livox_ros_driver2/msg/rosidl_typesupport_introspection_c__visibility_control.h
-- Up-to-date symlink: /home/ros2_ws/install/livox_ros_driver2/include/livox_ros_driver2/livox_ros_driver2/msg/custom_msg.hpp
-- Up-to-date symlink: /home/ros2_ws/install/livox_ros_driver2/include/livox_ros_driver2/livox_ros_driver2/msg/custom_point.hpp
-- Up-to-date symlink: /home/ros2_ws/install/livox_ros_driver2/include/livox_ros_driver2/livox_ros_driver2/msg/detail/custom_msg__builder.hpp
-- Up-to-date symlink: /home/ros2_ws/install/livox_ros_driver2/include/livox_ros_driver2/livox_ros_driver2/msg/detail/custom_msg__struct.hpp
-- Up-to-date symlink: /home/ros2_ws/install/livox_ros_driver2/include/livox_ros_driver2/livox_ros_driver2/msg/detail/custom_msg__traits.hpp
-- Up-to-date symlink: /home/ros2_ws/install/livox_ros_driver2/include/livox_ros_driver2/livox_ros_driver2/msg/detail/custom_msg__type_support.hpp
-- Up-to-date symlink: /home/ros2_ws/install/livox_ros_driver2/include/livox_ros_driver2/livox_ros_driver2/msg/detail/custom_point__builder.hpp
-- Up-to-date symlink: /home/ros2_ws/install/livox_ros_driver2/include/livox_ros_driver2/livox_ros_driver2/msg/detail/custom_point__struct.hpp
-- Up-to-date symlink: /home/ros2_ws/install/livox_ros_driver2/include/livox_ros_driver2/livox_ros_driver2/msg/detail/custom_point__traits.hpp
-- Up-to-date symlink: /home/ros2_ws/install/livox_ros_driver2/include/livox_ros_driver2/livox_ros_driver2/msg/detail/custom_point__type_support.hpp
-- Up-to-date symlink: /home/ros2_ws/install/livox_ros_driver2/include/livox_ros_driver2/livox_ros_driver2/msg/rosidl_generator_cpp__visibility_control.hpp
-- Up-to-date symlink: /home/ros2_ws/install/livox_ros_driver2/include/livox_ros_driver2/livox_ros_driver2/msg/detail/custom_msg__rosidl_typesupport_fastrtps_cpp.hpp
-- Up-to-date symlink: /home/ros2_ws/install/livox_ros_driver2/include/livox_ros_driver2/livox_ros_driver2/msg/detail/custom_point__rosidl_typesupport_fastrtps_cpp.hpp
-- Up-to-date symlink: /home/ros2_ws/install/livox_ros_driver2/include/livox_ros_driver2/livox_ros_driver2/msg/rosidl_typesupport_fastrtps_cpp__visibility_control.h
-- Up-to-date symlink: /home/ros2_ws/install/livox_ros_driver2/include/livox_ros_driver2/livox_ros_driver2/msg/detail/custom_msg__rosidl_typesupport_introspection_cpp.hpp
-- Up-to-date symlink: /home/ros2_ws/install/livox_ros_driver2/include/livox_ros_driver2/livox_ros_driver2/msg/detail/custom_point__rosidl_typesupport_introspection_cpp.hpp
-- Up-to-date symlink: /home/ros2_ws/install/livox_ros_driver2/share/livox_ros_driver2/environment/pythonpath.sh
-- Up-to-date symlink: /home/ros2_ws/install/livox_ros_driver2/share/livox_ros_driver2/environment/pythonpath.dsv
-- Up-to-date symlink: /home/ros2_ws/install/livox_ros_driver2/local/lib/python3.10/dist-packages/livox_ros_driver2-1.0.0-py3.10.egg-info/PKG-INFO
-- Up-to-date symlink: /home/ros2_ws/install/livox_ros_driver2/local/lib/python3.10/dist-packages/livox_ros_driver2-1.0.0-py3.10.egg-info/SOURCES.txt
-- Up-to-date symlink: /home/ros2_ws/install/livox_ros_driver2/local/lib/python3.10/dist-packages/livox_ros_driver2-1.0.0-py3.10.egg-info/dependency_links.txt
-- Up-to-date symlink: /home/ros2_ws/install/livox_ros_driver2/local/lib/python3.10/dist-packages/livox_ros_driver2-1.0.0-py3.10.egg-info/top_level.txt
-- Up-to-date symlink: /home/ros2_ws/install/livox_ros_driver2/local/lib/python3.10/dist-packages/livox_ros_driver2/__init__.py
-- Up-to-date symlink: /home/ros2_ws/install/livox_ros_driver2/local/lib/python3.10/dist-packages/livox_ros_driver2/_livox_ros_driver2_s.ep.rosidl_typesupport_c.c
-- Up-to-date symlink: /home/ros2_ws/install/livox_ros_driver2/local/lib/python3.10/dist-packages/livox_ros_driver2/_livox_ros_driver2_s.ep.rosidl_typesupport_fastrtps_c.c
-- Up-to-date symlink: /home/ros2_ws/install/livox_ros_driver2/local/lib/python3.10/dist-packages/livox_ros_driver2/_livox_ros_driver2_s.ep.rosidl_typesupport_introspection_c.c
-- Symlinking: /home/ros2_ws/install/livox_ros_driver2/local/lib/python3.10/dist-packages/livox_ros_driver2/liblivox_interfaces2__rosidl_generator_py.so
-- Symlinking: /home/ros2_ws/install/livox_ros_driver2/local/lib/python3.10/dist-packages/livox_ros_driver2/livox_ros_driver2_s__rosidl_typesupport_c.cpython-310-aarch64-linux-gnu.so
-- Symlinking: /home/ros2_ws/install/livox_ros_driver2/local/lib/python3.10/dist-packages/livox_ros_driver2/livox_ros_driver2_s__rosidl_typesupport_fastrtps_c.cpython-310-aarch64-linux-gnu.so
-- Symlinking: /home/ros2_ws/install/livox_ros_driver2/local/lib/python3.10/dist-packages/livox_ros_driver2/livox_ros_driver2_s__rosidl_typesupport_introspection_c.cpython-310-aarch64-linux-gnu.so
-- Up-to-date symlink: /home/ros2_ws/install/livox_ros_driver2/local/lib/python3.10/dist-packages/livox_ros_driver2/msg/__init__.py
-- Up-to-date symlink: /home/ros2_ws/install/livox_ros_driver2/local/lib/python3.10/dist-packages/livox_ros_driver2/msg/_custom_msg.py
-- Up-to-date symlink: /home/ros2_ws/install/livox_ros_driver2/local/lib/python3.10/dist-packages/livox_ros_driver2/msg/_custom_msg_s.c
-- Up-to-date symlink: /home/ros2_ws/install/livox_ros_driver2/local/lib/python3.10/dist-packages/livox_ros_driver2/msg/_custom_point.py
-- Up-to-date symlink: /home/ros2_ws/install/livox_ros_driver2/local/lib/python3.10/dist-packages/livox_ros_driver2/msg/_custom_point_s.c
-- Up-to-date symlink: /home/ros2_ws/install/livox_ros_driver2/local/lib/python3.10/dist-packages/livox_ros_driver2/livox_ros_driver2_s__rosidl_typesupport_fastrtps_c.cpython-310-aarch64-linux-gnu.so
-- Up-to-date symlink: /home/ros2_ws/install/livox_ros_driver2/local/lib/python3.10/dist-packages/livox_ros_driver2/livox_ros_driver2_s__rosidl_typesupport_introspection_c.cpython-310-aarch64-linux-gnu.so
-- Up-to-date symlink: /home/ros2_ws/install/livox_ros_driver2/local/lib/python3.10/dist-packages/livox_ros_driver2/livox_ros_driver2_s__rosidl_typesupport_c.cpython-310-aarch64-linux-gnu.so
-- Symlinking: /home/ros2_ws/install/livox_ros_driver2/share/ament_index/resource_index/rust_packages/livox_ros_driver2
-- Symlinking: /home/ros2_ws/install/livox_ros_driver2/share/livox_ros_driver2/rust/Cargo.toml
-- Symlinking: /home/ros2_ws/install/livox_ros_driver2/share/livox_ros_driver2/rust/build.rs
-- Symlinking: /home/ros2_ws/install/livox_ros_driver2/share/livox_ros_driver2/rust/src/lib.rs
-- Symlinking: /home/ros2_ws/install/livox_ros_driver2/share/livox_ros_driver2/rust/src/msg.rs
-- Symlinking: /home/ros2_ws/install/livox_ros_driver2/share/livox_ros_driver2/rust/src/msg/rmw.rs
-- Up-to-date symlink: /home/ros2_ws/install/livox_ros_driver2/share/livox_ros_driver2/msg/CustomPoint.idl
-- Up-to-date symlink: /home/ros2_ws/install/livox_ros_driver2/share/livox_ros_driver2/msg/CustomMsg.idl
-- Up-to-date symlink: /home/ros2_ws/install/livox_ros_driver2/share/livox_ros_driver2/msg/CustomPoint.msg
-- Up-to-date symlink: /home/ros2_ws/install/livox_ros_driver2/share/livox_ros_driver2/msg/CustomMsg.msg
-- Up-to-date symlink: /home/ros2_ws/install/livox_ros_driver2/lib/livox_ros_driver2/livox_ros_driver2_node
-- Symlinking: /home/ros2_ws/install/livox_ros_driver2/lib/liblivox_ros_driver2.so
-- Up-to-date symlink: /home/ros2_ws/install/livox_ros_driver2/share/livox_ros_driver2/config/HAP_config.json
-- Up-to-date symlink: /home/ros2_ws/install/livox_ros_driver2/share/livox_ros_driver2/config/MID360_config.json
-- Up-to-date symlink: /home/ros2_ws/install/livox_ros_driver2/share/livox_ros_driver2/config/display_point_cloud_ROS1.rviz
-- Up-to-date symlink: /home/ros2_ws/install/livox_ros_driver2/share/livox_ros_driver2/config/display_point_cloud_ROS2.rviz
-- Up-to-date symlink: /home/ros2_ws/install/livox_ros_driver2/share/livox_ros_driver2/config/mixed_HAP_MID360_config.json
-- Up-to-date symlink: /home/ros2_ws/install/livox_ros_driver2/share/livox_ros_driver2/launch_ROS2/msg_HAP_launch.py
-- Up-to-date symlink: /home/ros2_ws/install/livox_ros_driver2/share/livox_ros_driver2/launch_ROS2/msg_MID360_launch.py
-- Up-to-date symlink: /home/ros2_ws/install/livox_ros_driver2/share/livox_ros_driver2/launch_ROS2/rviz_HAP_launch.py
-- Up-to-date symlink: /home/ros2_ws/install/livox_ros_driver2/share/livox_ros_driver2/launch_ROS2/rviz_MID360_launch.py
-- Up-to-date symlink: /home/ros2_ws/install/livox_ros_driver2/share/livox_ros_driver2/launch_ROS2/rviz_mixed.py
-- Up-to-date symlink: /home/ros2_ws/install/livox_ros_driver2/share/ament_index/resource_index/package_run_dependencies/livox_ros_driver2
-- Up-to-date symlink: /home/ros2_ws/install/livox_ros_driver2/share/ament_index/resource_index/parent_prefix_path/livox_ros_driver2
-- Up-to-date symlink: /home/ros2_ws/install/livox_ros_driver2/share/livox_ros_driver2/environment/ament_prefix_path.sh
-- Up-to-date symlink: /home/ros2_ws/install/livox_ros_driver2/share/livox_ros_driver2/environment/ament_prefix_path.dsv
-- Up-to-date symlink: /home/ros2_ws/install/livox_ros_driver2/share/livox_ros_driver2/environment/path.sh
-- Up-to-date symlink: /home/ros2_ws/install/livox_ros_driver2/share/livox_ros_driver2/environment/path.dsv
-- Up-to-date symlink: /home/ros2_ws/install/livox_ros_driver2/share/livox_ros_driver2/local_setup.bash
-- Up-to-date symlink: /home/ros2_ws/install/livox_ros_driver2/share/livox_ros_driver2/local_setup.sh
-- Up-to-date symlink: /home/ros2_ws/install/livox_ros_driver2/share/livox_ros_driver2/local_setup.zsh
-- Up-to-date symlink: /home/ros2_ws/install/livox_ros_driver2/share/livox_ros_driver2/local_setup.dsv
-- Symlinking: /home/ros2_ws/install/livox_ros_driver2/share/livox_ros_driver2/package.dsv
-- Up-to-date symlink: /home/ros2_ws/install/livox_ros_driver2/share/ament_index/resource_index/packages/livox_ros_driver2
-- Up-to-date symlink: /home/ros2_ws/install/livox_ros_driver2/share/ament_index/resource_index/rclcpp_components/livox_ros_driver2
-- Up-to-date symlink: /home/ros2_ws/install/livox_ros_driver2/share/livox_ros_driver2/cmake/rosidl_cmake-extras.cmake
-- Up-to-date symlink: /home/ros2_ws/install/livox_ros_driver2/share/livox_ros_driver2/cmake/ament_cmake_export_dependencies-extras.cmake
-- Up-to-date symlink: /home/ros2_ws/install/livox_ros_driver2/share/livox_ros_driver2/cmake/ament_cmake_export_include_directories-extras.cmake
-- Up-to-date symlink: /home/ros2_ws/install/livox_ros_driver2/share/livox_ros_driver2/cmake/ament_cmake_export_libraries-extras.cmake
-- Up-to-date symlink: /home/ros2_ws/install/livox_ros_driver2/share/livox_ros_driver2/cmake/ament_cmake_export_targets-extras.cmake
-- Up-to-date symlink: /home/ros2_ws/install/livox_ros_driver2/share/livox_ros_driver2/cmake/rosidl_cmake_export_typesupport_targets-extras.cmake
-- Up-to-date symlink: /home/ros2_ws/install/livox_ros_driver2/share/livox_ros_driver2/cmake/rosidl_cmake_export_typesupport_libraries-extras.cmake
-- Up-to-date symlink: /home/ros2_ws/install/livox_ros_driver2/share/livox_ros_driver2/cmake/livox_ros_driver2Config.cmake
-- Up-to-date symlink: /home/ros2_ws/install/livox_ros_driver2/share/livox_ros_driver2/cmake/livox_ros_driver2Config-version.cmake
-- Up-to-date symlink: /home/ros2_ws/install/livox_ros_driver2/share/livox_ros_driver2/package.xml
-- Installing: /home/ros2_ws/install/livox_ros_driver2/lib/liblivox_ros_driver2__rosidl_generator_c.so
-- Set runtime path of "/home/ros2_ws/install/livox_ros_driver2/lib/liblivox_ros_driver2__rosidl_generator_c.so" to ""
-- Installing: /home/ros2_ws/install/livox_ros_driver2/lib/liblivox_ros_driver2__rosidl_typesupport_fastrtps_c.so
-- Set runtime path of "/home/ros2_ws/install/livox_ros_driver2/lib/liblivox_ros_driver2__rosidl_typesupport_fastrtps_c.so" to ""
-- Installing: /home/ros2_ws/install/livox_ros_driver2/lib/liblivox_ros_driver2__rosidl_typesupport_introspection_c.so
-- Set runtime path of "/home/ros2_ws/install/livox_ros_driver2/lib/liblivox_ros_driver2__rosidl_typesupport_introspection_c.so" to ""
-- Installing: /home/ros2_ws/install/livox_ros_driver2/lib/liblivox_ros_driver2__rosidl_typesupport_c.so
-- Set runtime path of "/home/ros2_ws/install/livox_ros_driver2/lib/liblivox_ros_driver2__rosidl_typesupport_c.so" to ""
-- Installing: /home/ros2_ws/install/livox_ros_driver2/lib/liblivox_ros_driver2__rosidl_typesupport_fastrtps_cpp.so
-- Set runtime path of "/home/ros2_ws/install/livox_ros_driver2/lib/liblivox_ros_driver2__rosidl_typesupport_fastrtps_cpp.so" to ""
-- Installing: /home/ros2_ws/install/livox_ros_driver2/lib/liblivox_ros_driver2__rosidl_typesupport_introspection_cpp.so
-- Set runtime path of "/home/ros2_ws/install/livox_ros_driver2/lib/liblivox_ros_driver2__rosidl_typesupport_introspection_cpp.so" to ""
-- Installing: /home/ros2_ws/install/livox_ros_driver2/lib/liblivox_ros_driver2__rosidl_typesupport_cpp.so
-- Set runtime path of "/home/ros2_ws/install/livox_ros_driver2/lib/liblivox_ros_driver2__rosidl_typesupport_cpp.so" to ""
Listing '/home/ros2_ws/install/livox_ros_driver2/local/lib/python3.10/dist-packages/livox_ros_driver2'...
Compiling '/home/ros2_ws/install/livox_ros_driver2/local/lib/python3.10/dist-packages/livox_ros_driver2/__init__.py'...
Listing '/home/ros2_ws/install/livox_ros_driver2/local/lib/python3.10/dist-packages/livox_ros_driver2/msg'...
Compiling '/home/ros2_ws/install/livox_ros_driver2/local/lib/python3.10/dist-packages/livox_ros_driver2/msg/__init__.py'...
Compiling '/home/ros2_ws/install/livox_ros_driver2/local/lib/python3.10/dist-packages/livox_ros_driver2/msg/_custom_msg.py'...
Compiling '/home/ros2_ws/install/livox_ros_driver2/local/lib/python3.10/dist-packages/livox_ros_driver2/msg/_custom_point.py'...
-- Installing: /home/ros2_ws/install/livox_ros_driver2/lib/liblivox_interfaces2__rosidl_generator_py.so
-- Set runtime path of "/home/ros2_ws/install/livox_ros_driver2/lib/liblivox_interfaces2__rosidl_generator_py.so" to ""
-- Up-to-date: /home/ros2_ws/install/livox_ros_driver2/share/livox_ros_driver2/cmake/export_livox_interfaces2__rosidl_generator_cExport.cmake
-- Up-to-date: /home/ros2_ws/install/livox_ros_driver2/share/livox_ros_driver2/cmake/export_livox_interfaces2__rosidl_generator_cExport-noconfig.cmake
-- Up-to-date: /home/ros2_ws/install/livox_ros_driver2/share/livox_ros_driver2/cmake/export_livox_interfaces2__rosidl_typesupport_fastrtps_cExport.cmake
-- Up-to-date: /home/ros2_ws/install/livox_ros_driver2/share/livox_ros_driver2/cmake/export_livox_interfaces2__rosidl_typesupport_fastrtps_cExport-noconfig.cmake
-- Up-to-date: /home/ros2_ws/install/livox_ros_driver2/share/livox_ros_driver2/cmake/livox_interfaces2__rosidl_typesupport_introspection_cExport.cmake
-- Up-to-date: /home/ros2_ws/install/livox_ros_driver2/share/livox_ros_driver2/cmake/livox_interfaces2__rosidl_typesupport_introspection_cExport-noconfig.cmake
-- Up-to-date: /home/ros2_ws/install/livox_ros_driver2/share/livox_ros_driver2/cmake/livox_interfaces2__rosidl_typesupport_cExport.cmake
-- Up-to-date: /home/ros2_ws/install/livox_ros_driver2/share/livox_ros_driver2/cmake/livox_interfaces2__rosidl_typesupport_cExport-noconfig.cmake
-- Up-to-date: /home/ros2_ws/install/livox_ros_driver2/share/livox_ros_driver2/cmake/export_livox_interfaces2__rosidl_generator_cppExport.cmake
-- Up-to-date: /home/ros2_ws/install/livox_ros_driver2/share/livox_ros_driver2/cmake/export_livox_interfaces2__rosidl_typesupport_fastrtps_cppExport.cmake
-- Up-to-date: /home/ros2_ws/install/livox_ros_driver2/share/livox_ros_driver2/cmake/export_livox_interfaces2__rosidl_typesupport_fastrtps_cppExport-noconfig.cmake
-- Up-to-date: /home/ros2_ws/install/livox_ros_driver2/share/livox_ros_driver2/cmake/livox_interfaces2__rosidl_typesupport_introspection_cppExport.cmake
-- Up-to-date: /home/ros2_ws/install/livox_ros_driver2/share/livox_ros_driver2/cmake/livox_interfaces2__rosidl_typesupport_introspection_cppExport-noconfig.cmake
-- Up-to-date: /home/ros2_ws/install/livox_ros_driver2/share/livox_ros_driver2/cmake/livox_interfaces2__rosidl_typesupport_cppExport.cmake
-- Up-to-date: /home/ros2_ws/install/livox_ros_driver2/share/livox_ros_driver2/cmake/livox_interfaces2__rosidl_typesupport_cppExport-noconfig.cmake
-- Up-to-date: /home/ros2_ws/install/livox_ros_driver2/share/livox_ros_driver2/cmake/export_livox_interfaces2__rosidl_generator_pyExport.cmake
-- Up-to-date: /home/ros2_ws/install/livox_ros_driver2/share/livox_ros_driver2/cmake/export_livox_interfaces2__rosidl_generator_pyExport-noconfig.cmake
