[0.028s] Invoking command in '/home/ros2_ws/build/xterra_perception_api': CMAKE_PREFIX_PATH=${CMAKE_PREFIX_PATH}:/opt/ros/humble /usr/bin/cmake --build /home/ros2_ws/build/xterra_perception_api
[0.120s] -- Found ament_cmake: 1.3.13 (/opt/ros/humble/share/ament_cmake/cmake)
[0.431s] -- Found rclcpp: 16.0.18 (/opt/ros/humble/share/rclcpp/cmake)
[0.498s] -- Found rosidl_generator_c: 3.1.8 (/opt/ros/humble/share/rosidl_generator_c/cmake)
[0.503s] -- Found rosidl_adapter: 3.1.8 (/opt/ros/humble/share/rosidl_adapter/cmake)
[0.516s] -- Found rosidl_generator_cpp: 3.1.8 (/opt/ros/humble/share/rosidl_generator_cpp/cmake)
[0.536s] -- Using all available rosidl_typesupport_c: rosidl_typesupport_fastrtps_c;rosidl_typesupport_introspection_c
[0.563s] -- Using all available rosidl_typesupport_cpp: rosidl_typesupport_fastrtps_cpp;rosidl_typesupport_introspection_cpp
[0.632s] -- Found rmw_implementation_cmake: 6.1.2 (/opt/ros/humble/share/rmw_implementation_cmake/cmake)
[0.635s] -- Found rmw_cyclonedds_cpp: 1.3.4 (/opt/ros/humble/share/rmw_cyclonedds_cpp/cmake)
[0.673s] -- Using RMW implementation 'rmw_cyclonedds_cpp' as default
[0.776s] -- Found sensor_msgs: 4.9.1 (/opt/ros/humble/share/sensor_msgs/cmake)
[0.862s] -- Found visualization_msgs: 4.9.1 (/opt/ros/humble/share/visualization_msgs/cmake)
[0.928s] -- Found cv_bridge: 3.2.1 (/opt/ros/humble/share/cv_bridge/cmake)
[0.934s] -- Found std_srvs: 4.9.1 (/opt/ros/humble/share/std_srvs/cmake)
[1.003s] -- Eigen found (include: /usr/include/eigen3, version: 3.4.0)
[1.094s] -- FLANN found (include: /usr/include, lib: /usr/lib/aarch64-linux-gnu/libflann_cpp.so)
[2.015s] -- OpenNI found (version: 1.5.4.0, include: /usr/include/ni, lib: /usr/lib/libOpenNI.so;libusb::libusb)
[2.030s] -- OpenNI2 found (version: 2.2.0.33, include: /usr/include/openni2, lib: /usr/lib/aarch64-linux-gnu/libOpenNI2.so;libusb::libusb)
[2.030s] ** WARNING ** io features related to pcap will be disabled
[2.369s] -- Eigen found (include: /usr/include/eigen3, version: 3.4.0)
[2.381s] -- OpenNI found (version: 1.5.4.0, include: /usr/include/ni, lib: /usr/lib/libOpenNI.so;libusb::libusb)
[2.394s] -- OpenNI2 found (version: 2.2.0.33, include: /usr/include/openni2, lib: /usr/lib/aarch64-linux-gnu/libOpenNI2.so;libusb::libusb)
[2.715s] -- Found Qhull version 8.0.2
[3.050s] -- OpenNI found (version: 1.5.4.0, include: /usr/include/ni, lib: /usr/lib/libOpenNI.so;libusb::libusb)
[3.370s] -- looking for PCL_COMMON
[3.370s] -- looking for PCL_KDTREE
[3.370s] -- looking for PCL_OCTREE
[3.371s] -- looking for PCL_SEARCH
[3.372s] -- looking for PCL_SAMPLE_CONSENSUS
[3.372s] -- looking for PCL_FILTERS
[3.373s] -- looking for PCL_2D
[3.374s] -- looking for PCL_GEOMETRY
[3.374s] -- looking for PCL_IO
[3.375s] -- looking for PCL_FEATURES
[3.376s] -- looking for PCL_ML
[3.377s] -- looking for PCL_SEGMENTATION
[3.378s] -- looking for PCL_VISUALIZATION
[3.379s] -- looking for PCL_SURFACE
[3.379s] -- looking for PCL_REGISTRATION
[3.380s] -- looking for PCL_KEYPOINTS
[3.381s] -- looking for PCL_TRACKING
[3.382s] -- looking for PCL_RECOGNITION
[3.383s] -- looking for PCL_STEREO
[3.384s] -- looking for PCL_APPS
[3.385s] -- looking for PCL_IN_HAND_SCANNER
[3.386s] -- looking for PCL_MODELER
[3.386s] -- looking for PCL_POINT_CLOUD_EDITOR
[3.387s] -- looking for PCL_OUTOFCORE
[3.388s] -- looking for PCL_PEOPLE
[3.393s] -- Found pcl_conversions: 2.4.5 (/opt/ros/humble/share/pcl_conversions/cmake)
[3.482s] -- Found ament_lint_auto: 0.12.15 (/opt/ros/humble/share/ament_lint_auto/cmake)
[3.693s] -- Added test 'copyright' to check source files copyright and LICENSE
[3.698s] -- Added test 'cppcheck' to perform static code analysis on C / C++ code
[3.699s] -- Configured cppcheck include dirs: /home/ros2_ws/src/xterra_perception_api/include;$<BUILD_INTERFACE:/home/ros2_ws/src/xterra_perception_api/include>
[3.699s] -- Configured cppcheck exclude dirs and/or files: 
[3.705s] -- Added test 'cpplint' to check C / C++ code against the Google style
[3.705s] -- Configured cpplint exclude dirs and/or files: 
[3.709s] -- Added test 'lint_cmake' to check CMake code style
[3.715s] -- Added test 'uncrustify' to check C / C++ code style
[3.715s] -- Configured uncrustify additional arguments: 
[3.718s] -- Added test 'xmllint' to check XML markup files
[3.723s] -- Configuring done
[3.921s] -- Generating done
[3.951s] -- Build files have been written to: /home/ros2_ws/build/xterra_perception_api
[4.095s] [ 75%] Building CXX object CMakeFiles/xterra_perception_api.dir/src/orbbec/orbbec_camera.cpp.o
[4.095s] [ 75%] Building CXX object CMakeFiles/xterra_perception_api.dir/src/orbbec/orbbec_multi_cam_manager.cpp.o
[4.095s] [ 75%] Building CXX object CMakeFiles/xterra_perception_api.dir/src/camera_interface/base_camera.cpp.o
[18.189s] In file included from /home/ros2_ws/src/xterra_perception_api/include/orbbec/orbbec_camera_config.hpp:5,
[18.190s]                  from /home/ros2_ws/src/xterra_perception_api/include/orbbec/orbbec_camera.hpp:12,
[18.190s]                  from /home/ros2_ws/src/xterra_perception_api/src/orbbec/orbbec_camera.cpp:1:
[18.190s] /home/ros2_ws/src/xterra_perception_api/include/camera_interface/camera_config.hpp: In constructor ‘xterra_perception_api::StreamConfig::StreamConfig(int, int, int, xterra_perception_api::StreamFormat, bool)’:
[18.190s] /home/ros2_ws/src/xterra_perception_api/include/camera_interface/camera_config.hpp:31:22: warning: ‘xterra_perception_api::StreamConfig::format’ will be initialized after [-Wreorder]
[18.190s]    31 |         StreamFormat format = StreamFormat::UNKNOWN;
[18.190s]       |                      ^~~~~~
[18.190s] /home/ros2_ws/src/xterra_perception_api/include/camera_interface/camera_config.hpp:29:14: warning:   ‘bool xterra_perception_api::StreamConfig::enabled’ [-Wreorder]
[18.191s]    29 |         bool enabled = false;
[18.191s]       |              ^~~~~~~
[18.191s] /home/ros2_ws/src/xterra_perception_api/include/camera_interface/camera_config.hpp:35:9: warning:   when initialized here [-Wreorder]
[18.191s]    35 |         StreamConfig(int w, int h, int f, StreamFormat fmt, bool en = true)
[18.191s]       |         ^~~~~~~~~~~~
[18.561s] In file included from /home/ros2_ws/src/xterra_perception_api/include/camera_interface/base_camera.hpp:15,
[18.561s]                  from /home/ros2_ws/src/xterra_perception_api/include/orbbec/orbbec_multi_cam_manager.hpp:6,
[18.561s]                  from /home/ros2_ws/src/xterra_perception_api/src/orbbec/orbbec_multi_cam_manager.cpp:1:
[18.562s] /home/ros2_ws/src/xterra_perception_api/include/camera_interface/camera_config.hpp: In constructor ‘xterra_perception_api::StreamConfig::StreamConfig(int, int, int, xterra_perception_api::StreamFormat, bool)’:
[18.562s] /home/ros2_ws/src/xterra_perception_api/include/camera_interface/camera_config.hpp:31:22: warning: ‘xterra_perception_api::StreamConfig::format’ will be initialized after [-Wreorder]
[18.562s]    31 |         StreamFormat format = StreamFormat::UNKNOWN;
[18.562s]       |                      ^~~~~~
[18.562s] /home/ros2_ws/src/xterra_perception_api/include/camera_interface/camera_config.hpp:29:14: warning:   ‘bool xterra_perception_api::StreamConfig::enabled’ [-Wreorder]
[18.562s]    29 |         bool enabled = false;
[18.562s]       |              ^~~~~~~
[18.563s] /home/ros2_ws/src/xterra_perception_api/include/camera_interface/camera_config.hpp:35:9: warning:   when initialized here [-Wreorder]
[18.563s]    35 |         StreamConfig(int w, int h, int f, StreamFormat fmt, bool en = true)
[18.563s]       |         ^~~~~~~~~~~~
[19.231s] In file included from /home/ros2_ws/src/xterra_perception_api/include/camera_interface/base_camera.hpp:15,
[19.231s]                  from /home/ros2_ws/src/xterra_perception_api/src/camera_interface/base_camera.cpp:1:
[19.231s] /home/ros2_ws/src/xterra_perception_api/include/camera_interface/camera_config.hpp: In constructor ‘xterra_perception_api::StreamConfig::StreamConfig(int, int, int, xterra_perception_api::StreamFormat, bool)’:
[19.231s] /home/ros2_ws/src/xterra_perception_api/include/camera_interface/camera_config.hpp:31:22: warning: ‘xterra_perception_api::StreamConfig::format’ will be initialized after [-Wreorder]
[19.231s]    31 |         StreamFormat format = StreamFormat::UNKNOWN;
[19.232s]       |                      ^~~~~~
[19.232s] /home/ros2_ws/src/xterra_perception_api/include/camera_interface/camera_config.hpp:29:14: warning:   ‘bool xterra_perception_api::StreamConfig::enabled’ [-Wreorder]
[19.232s]    29 |         bool enabled = false;
[19.232s]       |              ^~~~~~~
[19.232s] /home/ros2_ws/src/xterra_perception_api/include/camera_interface/camera_config.hpp:35:9: warning:   when initialized here [-Wreorder]
[19.232s]    35 |         StreamConfig(int w, int h, int f, StreamFormat fmt, bool en = true)
[19.232s]       |         ^~~~~~~~~~~~
[21.796s] In file included from /home/ros2_ws/src/xterra_perception_api/src/orbbec/orbbec_camera.cpp:1:
[21.797s] /home/ros2_ws/src/xterra_perception_api/include/orbbec/orbbec_camera.hpp: In constructor ‘xterra_perception_api::OrbbecCamera::OrbbecCamera(std::shared_ptr<ob::Device>, const xterra_perception_api::CameraConfig&, rclcpp::Logger, std::shared_ptr<xterra_perception_api::ImageOverlayUtils>)’:
[21.797s] /home/ros2_ws/src/xterra_perception_api/include/orbbec/orbbec_camera.hpp:113:24: warning: ‘xterra_perception_api::OrbbecCamera::logger_’ will be initialized after [-Wreorder]
[21.797s]   113 |         rclcpp::Logger logger_;
[21.797s]       |                        ^~~~~~~
[21.797s] /home/ros2_ws/src/xterra_perception_api/include/orbbec/orbbec_camera.hpp:95:44: warning:   ‘std::shared_ptr<xterra_perception_api::ImageOverlayUtils> xterra_perception_api::OrbbecCamera::overlay_utils_’ [-Wreorder]
[21.797s]    95 |         std::shared_ptr<ImageOverlayUtils> overlay_utils_;
[21.797s]       |                                            ^~~~~~~~~~~~~~
[21.798s] /home/ros2_ws/src/xterra_perception_api/src/orbbec/orbbec_camera.cpp:6:5: warning:   when initialized here [-Wreorder]
[21.798s]     6 |     OrbbecCamera::OrbbecCamera(std::shared_ptr<ob::Device> device,
[21.798s]       |     ^~~~~~~~~~~~
[21.798s] In file included from /home/ros2_ws/src/xterra_perception_api/src/orbbec/orbbec_camera.cpp:1:
[21.798s] /home/ros2_ws/src/xterra_perception_api/include/orbbec/orbbec_camera.hpp:95:44: warning: ‘xterra_perception_api::OrbbecCamera::overlay_utils_’ will be initialized after [-Wreorder]
[21.798s]    95 |         std::shared_ptr<ImageOverlayUtils> overlay_utils_;
[21.798s]       |                                            ^~~~~~~~~~~~~~
[21.799s] /home/ros2_ws/src/xterra_perception_api/include/orbbec/orbbec_camera.hpp:88:28: warning:   ‘xterra_perception_api::OrbbecCameraConfig xterra_perception_api::OrbbecCamera::orbbec_config_’ [-Wreorder]
[21.799s]    88 |         OrbbecCameraConfig orbbec_config_;
[21.799s]       |                            ^~~~~~~~~~~~~~
[21.799s] /home/ros2_ws/src/xterra_perception_api/src/orbbec/orbbec_camera.cpp:6:5: warning:   when initialized here [-Wreorder]
[21.799s]     6 |     OrbbecCamera::OrbbecCamera(std::shared_ptr<ob::Device> device,
[21.799s]       |     ^~~~~~~~~~~~
[30.672s] [100%] Linking CXX shared library libxterra_perception_api.so
[32.310s] [100%] Built target xterra_perception_api
[32.340s] Invoked command in '/home/ros2_ws/build/xterra_perception_api' returned '0': CMAKE_PREFIX_PATH=${CMAKE_PREFIX_PATH}:/opt/ros/humble /usr/bin/cmake --build /home/ros2_ws/build/xterra_perception_api
[32.372s] Invoking command in '/home/ros2_ws/build/xterra_perception_api': CMAKE_PREFIX_PATH=${CMAKE_PREFIX_PATH}:/opt/ros/humble /usr/bin/cmake --install /home/ros2_ws/build/xterra_perception_api
[32.399s] -- Install configuration: ""
[32.399s] -- Installing: /home/ros2_ws/install/xterra_perception_api/share/xterra_perception_api/environment/library_path.sh
[32.400s] -- Installing: /home/ros2_ws/install/xterra_perception_api/share/xterra_perception_api/environment/library_path.dsv
[32.400s] -- Up-to-date: /home/ros2_ws/install/xterra_perception_api/include
[32.401s] -- Up-to-date: /home/ros2_ws/install/xterra_perception_api/include/camera_interface
[32.401s] -- Installing: /home/ros2_ws/install/xterra_perception_api/include/camera_interface/camera_config.hpp
[32.401s] -- Installing: /home/ros2_ws/install/xterra_perception_api/include/camera_interface/base_camera.hpp
[32.401s] -- Up-to-date: /home/ros2_ws/install/xterra_perception_api/include/orbbec
[32.401s] -- Installing: /home/ros2_ws/install/xterra_perception_api/include/orbbec/orbbec_multi_cam_manager.hpp
[32.402s] -- Installing: /home/ros2_ws/install/xterra_perception_api/include/orbbec/orbbec_camera.hpp
[32.402s] -- Installing: /home/ros2_ws/install/xterra_perception_api/include/orbbec/orbbec_camera_config.hpp
[32.402s] -- Up-to-date: /home/ros2_ws/install/xterra_perception_api/include/utils
[32.402s] -- Installing: /home/ros2_ws/install/xterra_perception_api/include/utils/image_overlay_utils.hpp
[32.402s] -- Installing: /home/ros2_ws/install/xterra_perception_api/lib/libxterra_perception_api.so
[32.408s] -- Set runtime path of "/home/ros2_ws/install/xterra_perception_api/lib/libxterra_perception_api.so" to ""
[32.409s] -- Up-to-date: /home/ros2_ws/install/xterra_perception_api/share/xterra_perception_api/config
[32.409s] -- Installing: /home/ros2_ws/install/xterra_perception_api/share/xterra_perception_api/config/camera_meta_data.yaml
[32.409s] -- Installing: /home/ros2_ws/install/xterra_perception_api/share/ament_index/resource_index/package_run_dependencies/xterra_perception_api
[32.409s] -- Installing: /home/ros2_ws/install/xterra_perception_api/share/ament_index/resource_index/parent_prefix_path/xterra_perception_api
[32.410s] -- Installing: /home/ros2_ws/install/xterra_perception_api/share/xterra_perception_api/environment/ament_prefix_path.sh
[32.410s] -- Installing: /home/ros2_ws/install/xterra_perception_api/share/xterra_perception_api/environment/ament_prefix_path.dsv
[32.411s] -- Installing: /home/ros2_ws/install/xterra_perception_api/share/xterra_perception_api/environment/path.sh
[32.411s] -- Installing: /home/ros2_ws/install/xterra_perception_api/share/xterra_perception_api/environment/path.dsv
[32.411s] -- Installing: /home/ros2_ws/install/xterra_perception_api/share/xterra_perception_api/local_setup.bash
[32.412s] -- Installing: /home/ros2_ws/install/xterra_perception_api/share/xterra_perception_api/local_setup.sh
[32.412s] -- Installing: /home/ros2_ws/install/xterra_perception_api/share/xterra_perception_api/local_setup.zsh
[32.412s] -- Installing: /home/ros2_ws/install/xterra_perception_api/share/xterra_perception_api/local_setup.dsv
[32.413s] -- Installing: /home/ros2_ws/install/xterra_perception_api/share/xterra_perception_api/package.dsv
[32.413s] -- Installing: /home/ros2_ws/install/xterra_perception_api/share/ament_index/resource_index/packages/xterra_perception_api
[32.413s] -- Installing: /home/ros2_ws/install/xterra_perception_api/share/xterra_perception_api/cmake/export_xterra_perception_apiExport.cmake
[32.414s] -- Installing: /home/ros2_ws/install/xterra_perception_api/share/xterra_perception_api/cmake/export_xterra_perception_apiExport-noconfig.cmake
[32.414s] -- Installing: /home/ros2_ws/install/xterra_perception_api/share/xterra_perception_api/cmake/ament_cmake_export_targets-extras.cmake
[32.415s] -- Installing: /home/ros2_ws/install/xterra_perception_api/share/xterra_perception_api/cmake/ament_cmake_export_dependencies-extras.cmake
[32.415s] -- Installing: /home/ros2_ws/install/xterra_perception_api/share/xterra_perception_api/cmake/xterra_perception_apiConfig.cmake
[32.415s] -- Installing: /home/ros2_ws/install/xterra_perception_api/share/xterra_perception_api/cmake/xterra_perception_apiConfig-version.cmake
[32.415s] -- Installing: /home/ros2_ws/install/xterra_perception_api/share/xterra_perception_api/package.xml
[32.422s] Invoked command in '/home/ros2_ws/build/xterra_perception_api' returned '0': CMAKE_PREFIX_PATH=${CMAKE_PREFIX_PATH}:/opt/ros/humble /usr/bin/cmake --install /home/ros2_ws/build/xterra_perception_api
