[0.000000] (-) TimerEvent: {}
[0.000327] (-) JobUnselected: {'identifier': 'cyclonedds'}
[0.000684] (-) JobUnselected: {'identifier': 'dds_utils'}
[0.001329] (-) JobUnselected: {'identifier': 'livox_ros_driver2'}
[0.001617] (-) JobUnselected: {'identifier': 'orbbec_camera'}
[0.001942] (-) JobUnselected: {'identifier': 'orbbec_camera_msgs'}
[0.002043] (-) JobUnselected: {'identifier': 'orbbec_description'}
[0.002120] (-) JobUnselected: {'identifier': 'realsense2_camera'}
[0.002191] (-) JobUnselected: {'identifier': 'realsense2_camera_msgs'}
[0.002261] (-) JobUnselected: {'identifier': 'realsense2_description'}
[0.002334] (-) JobUnselected: {'identifier': 'sensor_description'}
[0.002408] (-) JobUnselected: {'identifier': 'xterra'}
[0.002479] (-) JobUnselected: {'identifier': 'xterra_perception_api'}
[0.002557] (m2_metal_description) JobQueued: {'identifier': 'm2_metal_description', 'dependencies': OrderedDict([('sensor_description', '/home/ros2_ws/install/sensor_description')])}
[0.002682] (m2_metal_description) JobStarted: {'identifier': 'm2_metal_description'}
[0.028054] (m2_metal_description) JobProgress: {'identifier': 'm2_metal_description', 'progress': 'cmake'}
[0.031710] (m2_metal_description) JobProgress: {'identifier': 'm2_metal_description', 'progress': 'build'}
[0.033284] (m2_metal_description) Command: {'cmd': ['/usr/bin/cmake', '--build', '/home/ros2_ws/build/m2_metal_description'], 'cwd': '/home/ros2_ws/build/m2_metal_description', 'env': OrderedDict([('CMAKE_BUILD_PARALLEL_LEVEL', '3'), ('HOSTNAME', 'xterra-orin'), ('SHLVL', '1'), ('LD_LIBRARY_PATH', '/home/ros2_ws/install/xterra_perception_api/lib:/home/ros2_ws/install/xterra/lib:/home/ros2_ws/install/realsense2_camera/lib:/home/ros2_ws/install/realsense2_camera_msgs/lib:/home/ros2_ws/install/livox_ros_driver2/lib:/opt/ros/humble/lib/aarch64-linux-gnu:/opt/ros/humble/lib:/usr/local/lib:'), ('HOME', '/root'), ('OLDPWD', '/home/ros2_ws'), ('ROS_PYTHON_VERSION', '3'), ('MAKEFLAGS', '-j3'), ('COLCON_PREFIX_PATH', '/home/ros2_ws/install'), ('ROS_DISTRO', 'humble'), ('_', '/usr/bin/colcon'), ('ROS_VERSION', '2'), ('NVIDIA_DRIVER_CAPABILITIES', 'all'), ('OrbbecSDK_DIR', '/usr/local/lib/cmake/OrbbecSDK'), ('ROS_LOCALHOST_ONLY', '0'), ('QT_X11_NO_MITSHM', '1'), ('PATH', '/opt/ros/humble/bin:/usr/local/sbin:/usr/local/bin:/usr/sbin:/usr/bin:/sbin:/bin'), ('DISPLAY', ''), ('LANG', 'C.UTF-8'), ('RMW_IMPLEMENTATION', 'rmw_cyclonedds_cpp'), ('ROS_DOMAIN_ID', '0'), ('AMENT_PREFIX_PATH', '/home/ros2_ws/install/xterra_perception_api:/home/ros2_ws/install/xterra:/home/ros2_ws/install/m2_metal_description:/home/ros2_ws/install/sensor_description:/home/ros2_ws/install/realsense2_camera:/home/ros2_ws/install/realsense2_camera_msgs:/home/ros2_ws/install/livox_ros_driver2:/opt/ros/humble'), ('DEBIAN_FRONTEND', 'noninteractive'), ('PWD', '/home/ros2_ws/build/m2_metal_description'), ('LC_ALL', 'C.UTF-8'), ('PYTHONPATH', '/home/ros2_ws/install/xterra/local/lib/python3.10/dist-packages:/home/ros2_ws/install/realsense2_camera_msgs/local/lib/python3.10/dist-packages:/home/ros2_ws/install/livox_ros_driver2/local/lib/python3.10/dist-packages:/opt/ros/humble/lib/python3.10/site-packages:/opt/ros/humble/local/lib/python3.10/dist-packages'), ('NVIDIA_VISIBLE_DEVICES', 'all'), ('COLCON', '1'), ('CMAKE_PREFIX_PATH', '/home/ros2_ws/install/sensor_description:/home/ros2_ws/install/xterra_perception_api:/home/ros2_ws/install/xterra:/home/ros2_ws/install/m2_metal_description:/home/ros2_ws/install/realsense2_camera:/home/ros2_ws/install/realsense2_camera_msgs:/home/ros2_ws/install/livox_ros_driver2:/opt/OrbbecSDK_v2.4.11/lib:/opt/ros/humble')]), 'shell': False}
[0.099259] (-) TimerEvent: {}
[0.156281] (m2_metal_description) CommandEnded: {'returncode': 0}
[0.162003] (m2_metal_description) JobProgress: {'identifier': 'm2_metal_description', 'progress': 'install'}
[0.187472] (m2_metal_description) Command: {'cmd': ['/usr/bin/cmake', '--install', '/home/ros2_ws/build/m2_metal_description'], 'cwd': '/home/ros2_ws/build/m2_metal_description', 'env': OrderedDict([('CMAKE_BUILD_PARALLEL_LEVEL', '3'), ('HOSTNAME', 'xterra-orin'), ('SHLVL', '1'), ('LD_LIBRARY_PATH', '/home/ros2_ws/install/xterra_perception_api/lib:/home/ros2_ws/install/xterra/lib:/home/ros2_ws/install/realsense2_camera/lib:/home/ros2_ws/install/realsense2_camera_msgs/lib:/home/ros2_ws/install/livox_ros_driver2/lib:/opt/ros/humble/lib/aarch64-linux-gnu:/opt/ros/humble/lib:/usr/local/lib:'), ('HOME', '/root'), ('OLDPWD', '/home/ros2_ws'), ('ROS_PYTHON_VERSION', '3'), ('MAKEFLAGS', '-j3'), ('COLCON_PREFIX_PATH', '/home/ros2_ws/install'), ('ROS_DISTRO', 'humble'), ('_', '/usr/bin/colcon'), ('ROS_VERSION', '2'), ('NVIDIA_DRIVER_CAPABILITIES', 'all'), ('OrbbecSDK_DIR', '/usr/local/lib/cmake/OrbbecSDK'), ('ROS_LOCALHOST_ONLY', '0'), ('QT_X11_NO_MITSHM', '1'), ('PATH', '/opt/ros/humble/bin:/usr/local/sbin:/usr/local/bin:/usr/sbin:/usr/bin:/sbin:/bin'), ('DISPLAY', ''), ('LANG', 'C.UTF-8'), ('RMW_IMPLEMENTATION', 'rmw_cyclonedds_cpp'), ('ROS_DOMAIN_ID', '0'), ('AMENT_PREFIX_PATH', '/home/ros2_ws/install/xterra_perception_api:/home/ros2_ws/install/xterra:/home/ros2_ws/install/m2_metal_description:/home/ros2_ws/install/sensor_description:/home/ros2_ws/install/realsense2_camera:/home/ros2_ws/install/realsense2_camera_msgs:/home/ros2_ws/install/livox_ros_driver2:/opt/ros/humble'), ('DEBIAN_FRONTEND', 'noninteractive'), ('PWD', '/home/ros2_ws/build/m2_metal_description'), ('LC_ALL', 'C.UTF-8'), ('PYTHONPATH', '/home/ros2_ws/install/xterra/local/lib/python3.10/dist-packages:/home/ros2_ws/install/realsense2_camera_msgs/local/lib/python3.10/dist-packages:/home/ros2_ws/install/livox_ros_driver2/local/lib/python3.10/dist-packages:/opt/ros/humble/lib/python3.10/site-packages:/opt/ros/humble/local/lib/python3.10/dist-packages'), ('NVIDIA_VISIBLE_DEVICES', 'all'), ('COLCON', '1'), ('CMAKE_PREFIX_PATH', '/home/ros2_ws/install/sensor_description:/home/ros2_ws/install/xterra_perception_api:/home/ros2_ws/install/xterra:/home/ros2_ws/install/m2_metal_description:/home/ros2_ws/install/realsense2_camera:/home/ros2_ws/install/realsense2_camera_msgs:/home/ros2_ws/install/livox_ros_driver2:/opt/OrbbecSDK_v2.4.11/lib:/opt/ros/humble')]), 'shell': False}
[0.199349] (-) TimerEvent: {}
[0.215179] (m2_metal_description) StdoutLine: {'line': b'-- Install configuration: ""\n'}
[0.217718] (m2_metal_description) StdoutLine: {'line': b'-- Up-to-date: /home/ros2_ws/install/m2_metal_description/share/m2_metal_description//launch\n'}
[0.218457] (m2_metal_description) StdoutLine: {'line': b'-- Up-to-date: /home/ros2_ws/install/m2_metal_description/share/m2_metal_description//launch/m2_autonomy.launch.py\n'}
[0.218973] (m2_metal_description) StdoutLine: {'line': b'-- Up-to-date: /home/ros2_ws/install/m2_metal_description/share/m2_metal_description//meshes\n'}
[0.219848] (m2_metal_description) StdoutLine: {'line': b'-- Up-to-date: /home/ros2_ws/install/m2_metal_description/share/m2_metal_description//meshes/torso.STL\n'}
[0.220138] (m2_metal_description) StdoutLine: {'line': b'-- Up-to-date: /home/ros2_ws/install/m2_metal_description/share/m2_metal_description//meshes/FL_foot.STL\n'}
[0.220466] (m2_metal_description) StdoutLine: {'line': b'-- Up-to-date: /home/ros2_ws/install/m2_metal_description/share/m2_metal_description//meshes/RL_thigh.STL\n'}
[0.220739] (m2_metal_description) StdoutLine: {'line': b'-- Up-to-date: /home/ros2_ws/install/m2_metal_description/share/m2_metal_description//meshes/FL_hip.STL\n'}
[0.221285] (m2_metal_description) StdoutLine: {'line': b'-- Up-to-date: /home/ros2_ws/install/m2_metal_description/share/m2_metal_description//meshes/lydar_mount_with_head.STL\n'}
[0.221994] (m2_metal_description) StdoutLine: {'line': b'-- Up-to-date: /home/ros2_ws/install/m2_metal_description/share/m2_metal_description//meshes/RR_hip.STL\n'}
[0.222258] (m2_metal_description) StdoutLine: {'line': b'-- Up-to-date: /home/ros2_ws/install/m2_metal_description/share/m2_metal_description//meshes/FL_shank.STL\n'}
[0.222413] (m2_metal_description) StdoutLine: {'line': b'-- Up-to-date: /home/ros2_ws/install/m2_metal_description/share/m2_metal_description//meshes/FL_thigh.STL\n'}
[0.222614] (m2_metal_description) StdoutLine: {'line': b'-- Up-to-date: /home/ros2_ws/install/m2_metal_description/share/m2_metal_description//meshes/FR_hip.STL\n'}
[0.222888] (m2_metal_description) StdoutLine: {'line': b'-- Up-to-date: /home/ros2_ws/install/m2_metal_description/share/m2_metal_description//meshes/RL_hip.STL\n'}
[0.223147] (m2_metal_description) StdoutLine: {'line': b'-- Up-to-date: /home/ros2_ws/install/m2_metal_description/share/m2_metal_description//meshes/FR_foot.STL\n'}
[0.223592] (m2_metal_description) StdoutLine: {'line': b'-- Up-to-date: /home/ros2_ws/install/m2_metal_description/share/m2_metal_description//meshes/RR_calf.STL\n'}
[0.223752] (m2_metal_description) StdoutLine: {'line': b'-- Up-to-date: /home/ros2_ws/install/m2_metal_description/share/m2_metal_description//meshes/camera_mount_15deg..STL\n'}
[0.223912] (m2_metal_description) StdoutLine: {'line': b'-- Up-to-date: /home/ros2_ws/install/m2_metal_description/share/m2_metal_description//meshes/FR_shank.STL\n'}
[0.224052] (m2_metal_description) StdoutLine: {'line': b'-- Up-to-date: /home/ros2_ws/install/m2_metal_description/share/m2_metal_description//meshes/FR_thigh.STL\n'}
[0.224188] (m2_metal_description) StdoutLine: {'line': b'-- Up-to-date: /home/ros2_ws/install/m2_metal_description/share/m2_metal_description//meshes/M2_METAL_HEAD_2026.STL\n'}
[0.224320] (m2_metal_description) StdoutLine: {'line': b'-- Up-to-date: /home/ros2_ws/install/m2_metal_description/share/m2_metal_description//meshes/RR_foot.STL\n'}
[0.224450] (m2_metal_description) StdoutLine: {'line': b'-- Up-to-date: /home/ros2_ws/install/m2_metal_description/share/m2_metal_description//meshes/FR_calf.STL\n'}
[0.224633] (m2_metal_description) StdoutLine: {'line': b'-- Up-to-date: /home/ros2_ws/install/m2_metal_description/share/m2_metal_description//meshes/RL_calf.STL\n'}
[0.224816] (m2_metal_description) StdoutLine: {'line': b'-- Up-to-date: /home/ros2_ws/install/m2_metal_description/share/m2_metal_description//meshes/RR_thigh.STL\n'}
[0.225065] (m2_metal_description) StdoutLine: {'line': b'-- Up-to-date: /home/ros2_ws/install/m2_metal_description/share/m2_metal_description//meshes/RL_foot.STL\n'}
[0.225218] (m2_metal_description) StdoutLine: {'line': b'-- Up-to-date: /home/ros2_ws/install/m2_metal_description/share/m2_metal_description//meshes/FL_calf.STL\n'}
[0.225362] (m2_metal_description) StdoutLine: {'line': b'-- Up-to-date: /home/ros2_ws/install/m2_metal_description/share/m2_metal_description//config\n'}
[0.225628] (m2_metal_description) StdoutLine: {'line': b'-- Up-to-date: /home/ros2_ws/install/m2_metal_description/share/m2_metal_description//config/m2_metal_payload.rviz\n'}
[0.225791] (m2_metal_description) StdoutLine: {'line': b'-- Up-to-date: /home/ros2_ws/install/m2_metal_description/share/m2_metal_description//config/mapping.rviz\n'}
[0.226255] (m2_metal_description) StdoutLine: {'line': b'-- Up-to-date: /home/ros2_ws/install/m2_metal_description/share/m2_metal_description//config/nav2.rviz\n'}
[0.227968] (m2_metal_description) StdoutLine: {'line': b'-- Up-to-date: /home/ros2_ws/install/m2_metal_description/share/m2_metal_description//config/elevation_mapping.rviz\n'}
[0.228304] (m2_metal_description) StdoutLine: {'line': b'-- Up-to-date: /home/ros2_ws/install/m2_metal_description/share/m2_metal_description//config/elevation_mapping_sim.rviz\n'}
[0.228546] (m2_metal_description) StdoutLine: {'line': b'-- Up-to-date: /home/ros2_ws/install/m2_metal_description/share/m2_metal_description//config/acuracy_test.rviz\n'}
[0.230035] (m2_metal_description) StdoutLine: {'line': b'-- Up-to-date: /home/ros2_ws/install/m2_metal_description/share/m2_metal_description//config/m2_metal_rviz.rviz\n'}
[0.230403] (m2_metal_description) StdoutLine: {'line': b'-- Up-to-date: /home/ros2_ws/install/m2_metal_description/share/m2_metal_description//config/api_test.rviz\n'}
[0.231365] (m2_metal_description) StdoutLine: {'line': b'-- Up-to-date: /home/ros2_ws/install/m2_metal_description/share/m2_metal_description//worlds\n'}
[0.231863] (m2_metal_description) StdoutLine: {'line': b'-- Up-to-date: /home/ros2_ws/install/m2_metal_description/share/m2_metal_description//worlds/mujoco.world\n'}
[0.232339] (m2_metal_description) StdoutLine: {'line': b'-- Up-to-date: /home/ros2_ws/install/m2_metal_description/share/m2_metal_description//worlds/world4.world\n'}
[0.233302] (m2_metal_description) StdoutLine: {'line': b'-- Up-to-date: /home/ros2_ws/install/m2_metal_description/share/m2_metal_description//worlds/world3.world\n'}
[0.233619] (m2_metal_description) StdoutLine: {'line': b'-- Up-to-date: /home/ros2_ws/install/m2_metal_description/share/m2_metal_description//worlds/stair.world\n'}
[0.234014] (m2_metal_description) StdoutLine: {'line': b'-- Up-to-date: /home/ros2_ws/install/m2_metal_description/share/m2_metal_description//xacro\n'}
[0.234516] (m2_metal_description) StdoutLine: {'line': b'-- Up-to-date: /home/ros2_ws/install/m2_metal_description/share/m2_metal_description//xacro/materials.xacro\n'}
[0.234998] (m2_metal_description) StdoutLine: {'line': b'-- Up-to-date: /home/ros2_ws/install/m2_metal_description/share/m2_metal_description//xacro/leg.xacro\n'}
[0.235455] (m2_metal_description) StdoutLine: {'line': b'-- Up-to-date: /home/ros2_ws/install/m2_metal_description/share/m2_metal_description//xacro/robot.xacro\n'}
[0.235914] (m2_metal_description) StdoutLine: {'line': b'-- Up-to-date: /home/ros2_ws/install/m2_metal_description/share/m2_metal_description//xacro/const.xacro\n'}
[0.236253] (m2_metal_description) StdoutLine: {'line': b'-- Up-to-date: /home/ros2_ws/install/m2_metal_description/share/m2_metal_description//xacro/test_d435_camera.urdf.xacro\n'}
[0.237320] (m2_metal_description) StdoutLine: {'line': b'-- Up-to-date: /home/ros2_ws/install/m2_metal_description/share/m2_metal_description//xacro/gazebo.xacro\n'}
[0.237877] (m2_metal_description) StdoutLine: {'line': b'-- Up-to-date: /home/ros2_ws/install/m2_metal_description/share/ament_index/resource_index/package_run_dependencies/m2_metal_description\n'}
[0.238283] (m2_metal_description) StdoutLine: {'line': b'-- Up-to-date: /home/ros2_ws/install/m2_metal_description/share/ament_index/resource_index/parent_prefix_path/m2_metal_description\n'}
[0.238808] (m2_metal_description) StdoutLine: {'line': b'-- Up-to-date: /home/ros2_ws/install/m2_metal_description/share/m2_metal_description/environment/ament_prefix_path.sh\n'}
[0.239348] (m2_metal_description) StdoutLine: {'line': b'-- Up-to-date: /home/ros2_ws/install/m2_metal_description/share/m2_metal_description/environment/ament_prefix_path.dsv\n'}
[0.239726] (m2_metal_description) StdoutLine: {'line': b'-- Up-to-date: /home/ros2_ws/install/m2_metal_description/share/m2_metal_description/environment/path.sh\n'}
[0.240131] (m2_metal_description) StdoutLine: {'line': b'-- Up-to-date: /home/ros2_ws/install/m2_metal_description/share/m2_metal_description/environment/path.dsv\n'}
[0.240837] (m2_metal_description) StdoutLine: {'line': b'-- Up-to-date: /home/ros2_ws/install/m2_metal_description/share/m2_metal_description/local_setup.bash\n'}
[0.241410] (m2_metal_description) StdoutLine: {'line': b'-- Up-to-date: /home/ros2_ws/install/m2_metal_description/share/m2_metal_description/local_setup.sh\n'}
[0.241756] (m2_metal_description) StdoutLine: {'line': b'-- Up-to-date: /home/ros2_ws/install/m2_metal_description/share/m2_metal_description/local_setup.zsh\n'}
[0.242705] (m2_metal_description) StdoutLine: {'line': b'-- Up-to-date: /home/ros2_ws/install/m2_metal_description/share/m2_metal_description/local_setup.dsv\n'}
[0.243260] (m2_metal_description) StdoutLine: {'line': b'-- Installing: /home/ros2_ws/install/m2_metal_description/share/m2_metal_description/package.dsv\n'}
[0.243693] (m2_metal_description) StdoutLine: {'line': b'-- Up-to-date: /home/ros2_ws/install/m2_metal_description/share/ament_index/resource_index/packages/m2_metal_description\n'}
[0.244577] (m2_metal_description) StdoutLine: {'line': b'-- Up-to-date: /home/ros2_ws/install/m2_metal_description/share/m2_metal_description/cmake/m2_metal_descriptionConfig.cmake\n'}
[0.245490] (m2_metal_description) StdoutLine: {'line': b'-- Up-to-date: /home/ros2_ws/install/m2_metal_description/share/m2_metal_description/cmake/m2_metal_descriptionConfig-version.cmake\n'}
[0.245990] (m2_metal_description) StdoutLine: {'line': b'-- Up-to-date: /home/ros2_ws/install/m2_metal_description/share/m2_metal_description/package.xml\n'}
[0.246282] (m2_metal_description) CommandEnded: {'returncode': 0}
[0.299584] (-) TimerEvent: {}
[0.311122] (m2_metal_description) JobEnded: {'identifier': 'm2_metal_description', 'rc': 0}
[0.313348] (-) EventReactorShutdown: {}
