[0.000000] (-) TimerEvent: {}
[0.000200] (-) JobUnselected: {'identifier': 'cyclonedds'}
[0.000450] (-) JobUnselected: {'identifier': 'livox_ros_driver2'}
[0.000769] (-) JobUnselected: {'identifier': 'm2_metal_description'}
[0.001384] (-) JobUnselected: {'identifier': 'orbbec_camera'}
[0.001675] (-) JobUnselected: {'identifier': 'orbbec_camera_msgs'}
[0.001937] (-) JobUnselected: {'identifier': 'orbbec_description'}
[0.002035] (-) JobUnselected: {'identifier': 'realsense2_camera'}
[0.002117] (-) JobUnselected: {'identifier': 'realsense2_camera_msgs'}
[0.002194] (-) JobUnselected: {'identifier': 'realsense2_description'}
[0.002267] (-) JobUnselected: {'identifier': 'xterra'}
[0.002347] (sensor_description) JobQueued: {'identifier': 'sensor_description', 'dependencies': OrderedDict()}
[0.002430] (sensor_description) JobStarted: {'identifier': 'sensor_description'}
[0.023600] (sensor_description) JobProgress: {'identifier': 'sensor_description', 'progress': 'cmake'}
[0.025814] (sensor_description) JobProgress: {'identifier': 'sensor_description', 'progress': 'build'}
[0.027186] (sensor_description) Command: {'cmd': ['/usr/bin/cmake', '--build', '/home/ros2_ws/build/sensor_description'], 'cwd': '/home/ros2_ws/build/sensor_description', 'env': OrderedDict([('CMAKE_BUILD_PARALLEL_LEVEL', '3'), ('HOSTNAME', 'xterra-orin'), ('SHLVL', '1'), ('LD_LIBRARY_PATH', '/opt/ros/humble/opt/rviz_ogre_vendor/lib:/opt/ros/humble/lib/aarch64-linux-gnu:/opt/ros/humble/lib:/usr/local/lib:/home/ros/install/lib'), ('HOME', '/root'), ('OLDPWD', '/home/ros2_ws'), ('ROS_PYTHON_VERSION', '3'), ('MAKEFLAGS', '-j3'), ('ROS_DISTRO', 'humble'), ('_', '/usr/bin/colcon'), ('ROS_VERSION', '2'), ('NVIDIA_DRIVER_CAPABILITIES', 'all'), ('OrbbecSDK_DIR', '/usr/local/lib/cmake/OrbbecSDK'), ('ROS_LOCALHOST_ONLY', '0'), ('QT_X11_NO_MITSHM', '1'), ('PATH', '/opt/ros/humble/bin:/home/ros/install/bin:/usr/local/sbin:/usr/local/bin:/usr/sbin:/usr/bin:/sbin:/bin'), ('DISPLAY', ''), ('LANG', 'C.UTF-8'), ('RMW_IMPLEMENTATION', 'rmw_cyclonedds_cpp'), ('CYCLONEDDS_HOME', '/home/ros/install'), ('ROS_DOMAIN_ID', '0'), ('AMENT_PREFIX_PATH', '/opt/ros/humble'), ('DEBIAN_FRONTEND', 'noninteractive'), ('PWD', '/home/ros2_ws/build/sensor_description'), ('LC_ALL', 'C.UTF-8'), ('PYTHONPATH', '/opt/ros/humble/lib/python3.10/site-packages:/opt/ros/humble/local/lib/python3.10/dist-packages'), ('NVIDIA_VISIBLE_DEVICES', 'all'), ('COLCON', '1'), ('CMAKE_PREFIX_PATH', '/opt/OrbbecSDK_v2.4.11/lib::/opt/ros/humble')]), 'shell': False}
[0.099292] (-) TimerEvent: {}
[0.136267] (sensor_description) CommandEnded: {'returncode': 0}
[0.138680] (sensor_description) JobProgress: {'identifier': 'sensor_description', 'progress': 'install'}
[0.167047] (sensor_description) Command: {'cmd': ['/usr/bin/cmake', '--install', '/home/ros2_ws/build/sensor_description'], 'cwd': '/home/ros2_ws/build/sensor_description', 'env': OrderedDict([('CMAKE_BUILD_PARALLEL_LEVEL', '3'), ('HOSTNAME', 'xterra-orin'), ('SHLVL', '1'), ('LD_LIBRARY_PATH', '/opt/ros/humble/opt/rviz_ogre_vendor/lib:/opt/ros/humble/lib/aarch64-linux-gnu:/opt/ros/humble/lib:/usr/local/lib:/home/ros/install/lib'), ('HOME', '/root'), ('OLDPWD', '/home/ros2_ws'), ('ROS_PYTHON_VERSION', '3'), ('MAKEFLAGS', '-j3'), ('ROS_DISTRO', 'humble'), ('_', '/usr/bin/colcon'), ('ROS_VERSION', '2'), ('NVIDIA_DRIVER_CAPABILITIES', 'all'), ('OrbbecSDK_DIR', '/usr/local/lib/cmake/OrbbecSDK'), ('ROS_LOCALHOST_ONLY', '0'), ('QT_X11_NO_MITSHM', '1'), ('PATH', '/opt/ros/humble/bin:/home/ros/install/bin:/usr/local/sbin:/usr/local/bin:/usr/sbin:/usr/bin:/sbin:/bin'), ('DISPLAY', ''), ('LANG', 'C.UTF-8'), ('RMW_IMPLEMENTATION', 'rmw_cyclonedds_cpp'), ('CYCLONEDDS_HOME', '/home/ros/install'), ('ROS_DOMAIN_ID', '0'), ('AMENT_PREFIX_PATH', '/opt/ros/humble'), ('DEBIAN_FRONTEND', 'noninteractive'), ('PWD', '/home/ros2_ws/build/sensor_description'), ('LC_ALL', 'C.UTF-8'), ('PYTHONPATH', '/opt/ros/humble/lib/python3.10/site-packages:/opt/ros/humble/local/lib/python3.10/dist-packages'), ('NVIDIA_VISIBLE_DEVICES', 'all'), ('COLCON', '1'), ('CMAKE_PREFIX_PATH', '/opt/OrbbecSDK_v2.4.11/lib::/opt/ros/humble')]), 'shell': False}
[0.195597] (sensor_description) StdoutLine: {'line': b'-- Install configuration: ""\n'}
[0.196941] (sensor_description) StdoutLine: {'line': b'-- Up-to-date: /home/ros2_ws/install/sensor_description/share/sensor_description//meshes\n'}
[0.197535] (sensor_description) StdoutLine: {'line': b'-- Up-to-date: /home/ros2_ws/install/sensor_description/share/sensor_description//meshes/r200.jpg\n'}
[0.198219] (sensor_description) StdoutLine: {'line': b'-- Up-to-date: /home/ros2_ws/install/sensor_description/share/sensor_description//meshes/lydar.STL\n'}
[0.198590] (sensor_description) StdoutLine: {'line': b'-- Up-to-date: /home/ros2_ws/install/sensor_description/share/sensor_description//meshes/d415.stl\n'}
[0.198730] (sensor_description) StdoutLine: {'line': b'-- Up-to-date: /home/ros2_ws/install/sensor_description/share/sensor_description//meshes/rplidar-a2.stl\n'}
[0.198862] (sensor_description) StdoutLine: {'line': b'-- Up-to-date: /home/ros2_ws/install/sensor_description/share/sensor_description//meshes/lds.stl\n'}
[0.198987] (sensor_description) StdoutLine: {'line': b'-- Up-to-date: /home/ros2_ws/install/sensor_description/share/sensor_description//meshes/astra.dae\n'}
[0.199109] (sensor_description) StdoutLine: {'line': b'-- Up-to-date: /home/ros2_ws/install/sensor_description/share/sensor_description//meshes/plug_collision.stl\n'}
[0.199495] (-) TimerEvent: {}
[0.199535] (sensor_description) StdoutLine: {'line': b'-- Up-to-date: /home/ros2_ws/install/sensor_description/share/sensor_description//meshes/gemini335_336\n'}
[0.199665] (sensor_description) StdoutLine: {'line': b'-- Up-to-date: /home/ros2_ws/install/sensor_description/share/sensor_description//meshes/gemini335_336/camera_color_frame.STL\n'}
[0.199793] (sensor_description) StdoutLine: {'line': b'-- Up-to-date: /home/ros2_ws/install/sensor_description/share/sensor_description//meshes/gemini335_336/camera_infra_1_optical_frame.STL\n'}
[0.199917] (sensor_description) StdoutLine: {'line': b'-- Up-to-date: /home/ros2_ws/install/sensor_description/share/sensor_description//meshes/gemini335_336/camera_depth_frame.STL\n'}
[0.200036] (sensor_description) StdoutLine: {'line': b'-- Up-to-date: /home/ros2_ws/install/sensor_description/share/sensor_description//meshes/gemini335_336/camera_infra2_optical_frame.STL\n'}
[0.200157] (sensor_description) StdoutLine: {'line': b'-- Up-to-date: /home/ros2_ws/install/sensor_description/share/sensor_description//meshes/gemini335_336/camera_depth_optical_frame.STL\n'}
[0.200278] (sensor_description) StdoutLine: {'line': b'-- Up-to-date: /home/ros2_ws/install/sensor_description/share/sensor_description//meshes/gemini335_336/camera_color_optical_frame.STL\n'}
[0.200433] (sensor_description) StdoutLine: {'line': b'-- Up-to-date: /home/ros2_ws/install/sensor_description/share/sensor_description//meshes/gemini335_336/camera_link.STL\n'}
[0.200560] (sensor_description) StdoutLine: {'line': b'-- Up-to-date: /home/ros2_ws/install/sensor_description/share/sensor_description//meshes/gemini335_336/camera_infra2_frame.STL\n'}
[0.200684] (sensor_description) StdoutLine: {'line': b'-- Up-to-date: /home/ros2_ws/install/sensor_description/share/sensor_description//meshes/gemini335_336/camera_infra_1_frame.STL\n'}
[0.200804] (sensor_description) StdoutLine: {'line': b'-- Up-to-date: /home/ros2_ws/install/sensor_description/share/sensor_description//meshes/gemini335_336/camera_bottom_screw_frame.STL\n'}
[0.200923] (sensor_description) StdoutLine: {'line': b'-- Up-to-date: /home/ros2_ws/install/sensor_description/share/sensor_description//meshes/rplidar.dae\n'}
[0.201042] (sensor_description) StdoutLine: {'line': b'-- Up-to-date: /home/ros2_ws/install/sensor_description/share/sensor_description//meshes/r200.dae\n'}
[0.201161] (sensor_description) StdoutLine: {'line': b'-- Up-to-date: /home/ros2_ws/install/sensor_description/share/sensor_description//meshes/t265.stl\n'}
[0.201278] (sensor_description) StdoutLine: {'line': b'-- Up-to-date: /home/ros2_ws/install/sensor_description/share/sensor_description//meshes/rplidar2.dae\n'}
[0.201426] (sensor_description) StdoutLine: {'line': b'-- Up-to-date: /home/ros2_ws/install/sensor_description/share/sensor_description//meshes/d435.dae\n'}
[0.201546] (sensor_description) StdoutLine: {'line': b'-- Up-to-date: /home/ros2_ws/install/sensor_description/share/sensor_description//meshes/astra.jpg\n'}
[0.201666] (sensor_description) StdoutLine: {'line': b'-- Up-to-date: /home/ros2_ws/install/sensor_description/share/sensor_description//meshes/plug.stl\n'}
[0.201784] (sensor_description) StdoutLine: {'line': b'-- Up-to-date: /home/ros2_ws/install/sensor_description/share/sensor_description//xacro\n'}
[0.201903] (sensor_description) StdoutLine: {'line': b'-- Up-to-date: /home/ros2_ws/install/sensor_description/share/sensor_description//xacro/threeD_lidar.xacro\n'}
[0.202020] (sensor_description) StdoutLine: {'line': b'-- Up-to-date: /home/ros2_ws/install/sensor_description/share/sensor_description//xacro/gemini_335.xacro\n'}
[0.202134] (sensor_description) StdoutLine: {'line': b'-- Up-to-date: /home/ros2_ws/install/sensor_description/share/sensor_description//xacro/livox_mid360.xacro\n'}
[0.202269] (sensor_description) StdoutLine: {'line': b'-- Up-to-date: /home/ros2_ws/install/sensor_description/share/sensor_description//xacro/d435.urdf.xacro\n'}
[0.202655] (sensor_description) StdoutLine: {'line': b'-- Up-to-date: /home/ros2_ws/install/sensor_description/share/sensor_description//xacro/rgbd_cam.xacro\n'}
[0.203236] (sensor_description) StdoutLine: {'line': b'-- Up-to-date: /home/ros2_ws/install/sensor_description/share/sensor_description//xacro/d435.gazebo.xacro\n'}
[0.204733] (sensor_description) StdoutLine: {'line': b'-- Up-to-date: /home/ros2_ws/install/sensor_description/share/sensor_description//xacro/twoD_lidar.xacro\n'}
[0.205214] (sensor_description) StdoutLine: {'line': b'-- Up-to-date: /home/ros2_ws/install/sensor_description/share/ament_index/resource_index/package_run_dependencies/sensor_description\n'}
[0.205572] (sensor_description) StdoutLine: {'line': b'-- Up-to-date: /home/ros2_ws/install/sensor_description/share/ament_index/resource_index/parent_prefix_path/sensor_description\n'}
[0.206201] (sensor_description) StdoutLine: {'line': b'-- Up-to-date: /home/ros2_ws/install/sensor_description/share/sensor_description/environment/ament_prefix_path.sh\n'}
[0.207378] (sensor_description) StdoutLine: {'line': b'-- Up-to-date: /home/ros2_ws/install/sensor_description/share/sensor_description/environment/ament_prefix_path.dsv\n'}
[0.207738] (sensor_description) StdoutLine: {'line': b'-- Up-to-date: /home/ros2_ws/install/sensor_description/share/sensor_description/environment/path.sh\n'}
[0.208643] (sensor_description) StdoutLine: {'line': b'-- Up-to-date: /home/ros2_ws/install/sensor_description/share/sensor_description/environment/path.dsv\n'}
[0.209144] (sensor_description) StdoutLine: {'line': b'-- Up-to-date: /home/ros2_ws/install/sensor_description/share/sensor_description/local_setup.bash\n'}
[0.209489] (sensor_description) StdoutLine: {'line': b'-- Up-to-date: /home/ros2_ws/install/sensor_description/share/sensor_description/local_setup.sh\n'}
[0.209865] (sensor_description) StdoutLine: {'line': b'-- Up-to-date: /home/ros2_ws/install/sensor_description/share/sensor_description/local_setup.zsh\n'}
[0.210331] (sensor_description) StdoutLine: {'line': b'-- Up-to-date: /home/ros2_ws/install/sensor_description/share/sensor_description/local_setup.dsv\n'}
[0.210627] (sensor_description) StdoutLine: {'line': b'-- Installing: /home/ros2_ws/install/sensor_description/share/sensor_description/package.dsv\n'}
[0.211177] (sensor_description) StdoutLine: {'line': b'-- Up-to-date: /home/ros2_ws/install/sensor_description/share/ament_index/resource_index/packages/sensor_description\n'}
[0.211482] (sensor_description) StdoutLine: {'line': b'-- Up-to-date: /home/ros2_ws/install/sensor_description/share/sensor_description/cmake/sensor_descriptionConfig.cmake\n'}
[0.211994] (sensor_description) StdoutLine: {'line': b'-- Up-to-date: /home/ros2_ws/install/sensor_description/share/sensor_description/cmake/sensor_descriptionConfig-version.cmake\n'}
[0.212419] (sensor_description) StdoutLine: {'line': b'-- Up-to-date: /home/ros2_ws/install/sensor_description/share/sensor_description/package.xml\n'}
[0.212965] (sensor_description) CommandEnded: {'returncode': 0}
[0.287905] (sensor_description) JobEnded: {'identifier': 'sensor_description', 'rc': 0}
[0.289661] (-) EventReactorShutdown: {}
