[0.000000] (-) TimerEvent: {}
[0.000451] (-) JobUnselected: {'identifier': 'cyclonedds'}
[0.001073] (-) JobUnselected: {'identifier': 'livox_ros_driver2'}
[0.001402] (-) JobUnselected: {'identifier': 'm2_metal_description'}
[0.001753] (-) JobUnselected: {'identifier': 'orbbec_camera'}
[0.001842] (-) JobUnselected: {'identifier': 'orbbec_camera_msgs'}
[0.001969] (-) JobUnselected: {'identifier': 'orbbec_description'}
[0.002046] (-) JobUnselected: {'identifier': 'realsense2_camera'}
[0.002120] (-) JobUnselected: {'identifier': 'realsense2_camera_msgs'}
[0.002182] (-) JobUnselected: {'identifier': 'realsense2_description'}
[0.002220] (-) JobUnselected: {'identifier': 'xterra'}
[0.002260] (sensor_description) JobQueued: {'identifier': 'sensor_description', 'dependencies': OrderedDict()}
[0.002347] (sensor_description) JobStarted: {'identifier': 'sensor_description'}
[0.029151] (sensor_description) JobProgress: {'identifier': 'sensor_description', 'progress': 'cmake'}
[0.032467] (sensor_description) JobProgress: {'identifier': 'sensor_description', 'progress': 'build'}
[0.033967] (sensor_description) Command: {'cmd': ['/usr/bin/cmake', '--build', '/home/ros2_ws/build/sensor_description'], 'cwd': '/home/ros2_ws/build/sensor_description', 'env': OrderedDict([('CMAKE_BUILD_PARALLEL_LEVEL', '3'), ('HOSTNAME', 'xterra-orin'), ('SHLVL', '1'), ('LD_LIBRARY_PATH', '/opt/ros/humble/opt/rviz_ogre_vendor/lib:/opt/ros/humble/lib/aarch64-linux-gnu:/opt/ros/humble/lib:/usr/local/lib:/home/ros/install/lib'), ('HOME', '/root'), ('OLDPWD', '/home/ros2_ws'), ('ROS_PYTHON_VERSION', '3'), ('MAKEFLAGS', '-j3'), ('ROS_DISTRO', 'humble'), ('_', '/usr/bin/colcon'), ('ROS_VERSION', '2'), ('NVIDIA_DRIVER_CAPABILITIES', 'all'), ('OrbbecSDK_DIR', '/usr/local/lib/cmake/OrbbecSDK'), ('ROS_LOCALHOST_ONLY', '0'), ('QT_X11_NO_MITSHM', '1'), ('PATH', '/opt/ros/humble/bin:/home/ros/install/bin:/usr/local/sbin:/usr/local/bin:/usr/sbin:/usr/bin:/sbin:/bin'), ('DISPLAY', ''), ('LANG', 'C.UTF-8'), ('RMW_IMPLEMENTATION', 'rmw_cyclonedds_cpp'), ('CYCLONEDDS_HOME', '/home/ros/install'), ('ROS_DOMAIN_ID', '0'), ('AMENT_PREFIX_PATH', '/opt/ros/humble'), ('DEBIAN_FRONTEND', 'noninteractive'), ('PWD', '/home/ros2_ws/build/sensor_description'), ('LC_ALL', 'C.UTF-8'), ('PYTHONPATH', '/opt/ros/humble/lib/python3.10/site-packages:/opt/ros/humble/local/lib/python3.10/dist-packages'), ('NVIDIA_VISIBLE_DEVICES', 'all'), ('COLCON', '1'), ('CMAKE_PREFIX_PATH', '/opt/OrbbecSDK_v2.4.11/lib::/opt/ros/humble')]), 'shell': False}
[0.099134] (-) TimerEvent: {}
[0.110776] (sensor_description) StdoutLine: {'line': b'-- Found ament_cmake: 1.3.14 (/opt/ros/humble/share/ament_cmake/cmake)\n'}
[0.199364] (-) TimerEvent: {}
[0.299995] (-) TimerEvent: {}
[0.400464] (-) TimerEvent: {}
[0.460947] (sensor_description) StdoutLine: {'line': b'-- Found rclcpp: 16.0.19 (/opt/ros/humble/share/rclcpp/cmake)\n'}
[0.500576] (-) TimerEvent: {}
[0.577220] (sensor_description) StdoutLine: {'line': b'-- Found rosidl_generator_c: 3.1.8 (/opt/ros/humble/share/rosidl_generator_c/cmake)\n'}
[0.585030] (sensor_description) StdoutLine: {'line': b'-- Found rosidl_adapter: 3.1.8 (/opt/ros/humble/share/rosidl_adapter/cmake)\n'}
[0.600676] (-) TimerEvent: {}
[0.606466] (sensor_description) StdoutLine: {'line': b'-- Found rosidl_generator_cpp: 3.1.8 (/opt/ros/humble/share/rosidl_generator_cpp/cmake)\n'}
[0.635122] (sensor_description) StdoutLine: {'line': b'-- Using all available rosidl_typesupport_c: rosidl_typesupport_fastrtps_c;rosidl_typesupport_introspection_c\n'}
[0.671384] (sensor_description) StdoutLine: {'line': b'-- Using all available rosidl_typesupport_cpp: rosidl_typesupport_fastrtps_cpp;rosidl_typesupport_introspection_cpp\n'}
[0.700787] (-) TimerEvent: {}
[0.759937] (sensor_description) StdoutLine: {'line': b'-- Found rmw_implementation_cmake: 6.1.2 (/opt/ros/humble/share/rmw_implementation_cmake/cmake)\n'}
[0.764328] (sensor_description) StderrLine: {'line': b'CMake Error at /opt/ros/humble/share/rmw_implementation_cmake/cmake/get_default_rmw_implementation.cmake:60 (message):\n'}
[0.764960] (sensor_description) StderrLine: {'line': b"  Could not find ROS middleware implementation 'rmw_cyclonedds_cpp'.  Choose\n"}
[0.765303] (sensor_description) StderrLine: {'line': b'  one of the following: rmw_fastrtps_cpp\n'}
[0.765622] (sensor_description) StderrLine: {'line': b'Call Stack (most recent call first):\n'}
[0.765909] (sensor_description) StderrLine: {'line': b'  /opt/ros/humble/share/rmw_implementation/cmake/rmw_implementation-extras.cmake:19 (get_default_rmw_implementation)\n'}
[0.766140] (sensor_description) StderrLine: {'line': b'  /opt/ros/humble/share/rmw_implementation/cmake/rmw_implementationConfig.cmake:41 (include)\n'}
[0.766423] (sensor_description) StderrLine: {'line': b'  /opt/ros/humble/share/rcl/cmake/ament_cmake_export_dependencies-extras.cmake:21 (find_package)\n'}
[0.766715] (sensor_description) StderrLine: {'line': b'  /opt/ros/humble/share/rcl/cmake/rclConfig.cmake:41 (include)\n'}
[0.766947] (sensor_description) StderrLine: {'line': b'  /opt/ros/humble/share/libstatistics_collector/cmake/ament_cmake_export_dependencies-extras.cmake:21 (find_package)\n'}
[0.767168] (sensor_description) StderrLine: {'line': b'  /opt/ros/humble/share/libstatistics_collector/cmake/libstatistics_collectorConfig.cmake:41 (include)\n'}
[0.767384] (sensor_description) StderrLine: {'line': b'  /opt/ros/humble/share/rclcpp/cmake/ament_cmake_export_dependencies-extras.cmake:21 (find_package)\n'}
[0.767650] (sensor_description) StderrLine: {'line': b'  /opt/ros/humble/share/rclcpp/cmake/rclcppConfig.cmake:41 (include)\n'}
[0.768160] (sensor_description) StderrLine: {'line': b'  CMakeLists.txt:17 (find_package)\n'}
[0.768459] (sensor_description) StderrLine: {'line': b'\n'}
[0.768684] (sensor_description) StderrLine: {'line': b'\n'}
[0.768895] (sensor_description) StdoutLine: {'line': b'-- Configuring incomplete, errors occurred!\n'}
[0.769111] (sensor_description) StdoutLine: {'line': b'See also "/home/ros2_ws/build/sensor_description/CMakeFiles/CMakeOutput.log".\n'}
[0.776778] (sensor_description) StderrLine: {'line': b'gmake: *** [Makefile:226: cmake_check_build_system] Error 1\n'}
[0.783377] (sensor_description) CommandEnded: {'returncode': 2}
[0.801069] (-) TimerEvent: {}
[0.848673] (sensor_description) JobEnded: {'identifier': 'sensor_description', 'rc': 2}
[0.852862] (-) EventReactorShutdown: {}
