[0.047s] Invoking command in '/home/ros2_ws/build/sensor_description': CMAKE_PREFIX_PATH=${CMAKE_PREFIX_PATH}:/opt/ros/humble /usr/bin/cmake --build /home/ros2_ws/build/sensor_description
[0.298s] Invoked command in '/home/ros2_ws/build/sensor_description' returned '0': CMAKE_PREFIX_PATH=${CMAKE_PREFIX_PATH}:/opt/ros/humble /usr/bin/cmake --build /home/ros2_ws/build/sensor_description
[0.327s] Invoking command in '/home/ros2_ws/build/sensor_description': CMAKE_PREFIX_PATH=${CMAKE_PREFIX_PATH}:/opt/ros/humble /usr/bin/cmake --install /home/ros2_ws/build/sensor_description
[0.354s] -- Install configuration: ""
[0.355s] -- Up-to-date: /home/ros2_ws/install/sensor_description/share/sensor_description//meshes
[0.357s] -- Up-to-date: /home/ros2_ws/install/sensor_description/share/sensor_description//meshes/r200.jpg
[0.357s] -- Up-to-date: /home/ros2_ws/install/sensor_description/share/sensor_description//meshes/lydar.STL
[0.357s] -- Up-to-date: /home/ros2_ws/install/sensor_description/share/sensor_description//meshes/d415.stl
[0.358s] -- Up-to-date: /home/ros2_ws/install/sensor_description/share/sensor_description//meshes/rplidar-a2.stl
[0.358s] -- Up-to-date: /home/ros2_ws/install/sensor_description/share/sensor_description//meshes/lds.stl
[0.358s] -- Up-to-date: /home/ros2_ws/install/sensor_description/share/sensor_description//meshes/astra.dae
[0.358s] -- Up-to-date: /home/ros2_ws/install/sensor_description/share/sensor_description//meshes/plug_collision.stl
[0.359s] -- Up-to-date: /home/ros2_ws/install/sensor_description/share/sensor_description//meshes/gemini335_336
[0.359s] -- Up-to-date: /home/ros2_ws/install/sensor_description/share/sensor_description//meshes/gemini335_336/camera_color_frame.STL
[0.359s] -- Up-to-date: /home/ros2_ws/install/sensor_description/share/sensor_description//meshes/gemini335_336/camera_infra_1_optical_frame.STL
[0.360s] -- Up-to-date: /home/ros2_ws/install/sensor_description/share/sensor_description//meshes/gemini335_336/camera_depth_frame.STL
[0.360s] -- Up-to-date: /home/ros2_ws/install/sensor_description/share/sensor_description//meshes/gemini335_336/camera_infra2_optical_frame.STL
[0.360s] -- Up-to-date: /home/ros2_ws/install/sensor_description/share/sensor_description//meshes/gemini335_336/camera_depth_optical_frame.STL
[0.361s] -- Up-to-date: /home/ros2_ws/install/sensor_description/share/sensor_description//meshes/gemini335_336/camera_color_optical_frame.STL
[0.361s] -- Up-to-date: /home/ros2_ws/install/sensor_description/share/sensor_description//meshes/gemini335_336/camera_link.STL
[0.361s] -- Up-to-date: /home/ros2_ws/install/sensor_description/share/sensor_description//meshes/gemini335_336/camera_infra2_frame.STL
[0.361s] -- Up-to-date: /home/ros2_ws/install/sensor_description/share/sensor_description//meshes/gemini335_336/camera_infra_1_frame.STL
[0.361s] -- Up-to-date: /home/ros2_ws/install/sensor_description/share/sensor_description//meshes/gemini335_336/camera_bottom_screw_frame.STL
[0.361s] -- Up-to-date: /home/ros2_ws/install/sensor_description/share/sensor_description//meshes/rplidar.dae
[0.362s] -- Up-to-date: /home/ros2_ws/install/sensor_description/share/sensor_description//meshes/r200.dae
[0.362s] -- Up-to-date: /home/ros2_ws/install/sensor_description/share/sensor_description//meshes/t265.stl
[0.362s] -- Up-to-date: /home/ros2_ws/install/sensor_description/share/sensor_description//meshes/rplidar2.dae
[0.363s] -- Up-to-date: /home/ros2_ws/install/sensor_description/share/sensor_description//meshes/d435.dae
[0.363s] -- Up-to-date: /home/ros2_ws/install/sensor_description/share/sensor_description//meshes/astra.jpg
[0.363s] -- Up-to-date: /home/ros2_ws/install/sensor_description/share/sensor_description//meshes/plug.stl
[0.363s] -- Up-to-date: /home/ros2_ws/install/sensor_description/share/sensor_description//xacro
[0.363s] -- Up-to-date: /home/ros2_ws/install/sensor_description/share/sensor_description//xacro/threeD_lidar.xacro
[0.363s] -- Up-to-date: /home/ros2_ws/install/sensor_description/share/sensor_description//xacro/gemini_335.xacro
[0.364s] -- Up-to-date: /home/ros2_ws/install/sensor_description/share/sensor_description//xacro/livox_mid360.xacro
[0.364s] -- Up-to-date: /home/ros2_ws/install/sensor_description/share/sensor_description//xacro/d435.urdf.xacro
[0.364s] -- Up-to-date: /home/ros2_ws/install/sensor_description/share/sensor_description//xacro/rgbd_cam.xacro
[0.364s] -- Up-to-date: /home/ros2_ws/install/sensor_description/share/sensor_description//xacro/d435.gazebo.xacro
[0.364s] -- Up-to-date: /home/ros2_ws/install/sensor_description/share/sensor_description//xacro/twoD_lidar.xacro
[0.364s] -- Up-to-date: /home/ros2_ws/install/sensor_description/share/ament_index/resource_index/package_run_dependencies/sensor_description
[0.365s] -- Up-to-date: /home/ros2_ws/install/sensor_description/share/ament_index/resource_index/parent_prefix_path/sensor_description
[0.365s] -- Up-to-date: /home/ros2_ws/install/sensor_description/share/sensor_description/environment/ament_prefix_path.sh
[0.365s] -- Up-to-date: /home/ros2_ws/install/sensor_description/share/sensor_description/environment/ament_prefix_path.dsv
[0.365s] -- Up-to-date: /home/ros2_ws/install/sensor_description/share/sensor_description/environment/path.sh
[0.367s] -- Up-to-date: /home/ros2_ws/install/sensor_description/share/sensor_description/environment/path.dsv
[0.367s] -- Up-to-date: /home/ros2_ws/install/sensor_description/share/sensor_description/local_setup.bash
[0.368s] -- Up-to-date: /home/ros2_ws/install/sensor_description/share/sensor_description/local_setup.sh
[0.368s] -- Up-to-date: /home/ros2_ws/install/sensor_description/share/sensor_description/local_setup.zsh
[0.368s] -- Up-to-date: /home/ros2_ws/install/sensor_description/share/sensor_description/local_setup.dsv
[0.369s] -- Installing: /home/ros2_ws/install/sensor_description/share/sensor_description/package.dsv
[0.369s] -- Up-to-date: /home/ros2_ws/install/sensor_description/share/ament_index/resource_index/packages/sensor_description
[0.369s] -- Up-to-date: /home/ros2_ws/install/sensor_description/share/sensor_description/cmake/sensor_descriptionConfig.cmake
[0.370s] -- Up-to-date: /home/ros2_ws/install/sensor_description/share/sensor_description/cmake/sensor_descriptionConfig-version.cmake
[0.370s] -- Up-to-date: /home/ros2_ws/install/sensor_description/share/sensor_description/package.xml
[0.371s] Invoked command in '/home/ros2_ws/build/sensor_description' returned '0': CMAKE_PREFIX_PATH=${CMAKE_PREFIX_PATH}:/opt/ros/humble /usr/bin/cmake --install /home/ros2_ws/build/sensor_description
