[0.000000] (-) TimerEvent: {}
[0.000357] (-) JobUnselected: {'identifier': 'cyclonedds'}
[0.000690] (-) JobUnselected: {'identifier': 'livox_ros_driver2'}
[0.001272] (-) JobUnselected: {'identifier': 'orbbec_camera'}
[0.001552] (-) JobUnselected: {'identifier': 'orbbec_camera_msgs'}
[0.001813] (-) JobUnselected: {'identifier': 'orbbec_description'}
[0.001910] (-) JobUnselected: {'identifier': 'realsense2_camera'}
[0.001987] (-) JobUnselected: {'identifier': 'realsense2_camera_msgs'}
[0.002059] (-) JobUnselected: {'identifier': 'realsense2_description'}
[0.002127] (-) JobUnselected: {'identifier': 'sensor_description'}
[0.002198] (-) JobUnselected: {'identifier': 'xterra'}
[0.002273] (m2_metal_description) JobQueued: {'identifier': 'm2_metal_description', 'dependencies': OrderedDict([('sensor_description', '/home/ros2_ws/install/sensor_description')])}
[0.002360] (m2_metal_description) JobStarted: {'identifier': 'm2_metal_description'}
[0.027751] (m2_metal_description) JobProgress: {'identifier': 'm2_metal_description', 'progress': 'cmake'}
[0.029340] (m2_metal_description) JobProgress: {'identifier': 'm2_metal_description', 'progress': 'build'}
[0.030779] (m2_metal_description) Command: {'cmd': ['/usr/bin/cmake', '--build', '/home/ros2_ws/build/m2_metal_description'], 'cwd': '/home/ros2_ws/build/m2_metal_description', 'env': OrderedDict([('CMAKE_BUILD_PARALLEL_LEVEL', '3'), ('HOSTNAME', 'xterra-orin'), ('SHLVL', '1'), ('LD_LIBRARY_PATH', '/home/ros2_ws/install/xterra_perception_api/lib:/home/ros2_ws/install/xterra/lib:/home/ros2_ws/install/realsense2_camera/lib:/home/ros2_ws/install/realsense2_camera_msgs/lib:/home/ros2_ws/install/livox_ros_driver2/lib:/opt/ros/humble/opt/rviz_ogre_vendor/lib:/opt/ros/humble/lib/aarch64-linux-gnu:/opt/ros/humble/lib:/usr/local/lib:/home/ros/install/lib'), ('HOME', '/root'), ('OLDPWD', '/home/ros2_ws'), ('ROS_PYTHON_VERSION', '3'), ('MAKEFLAGS', '-j3'), ('COLCON_PREFIX_PATH', '/home/ros2_ws/install'), ('ROS_DISTRO', 'humble'), ('_', '/usr/bin/colcon'), ('ROS_VERSION', '2'), ('NVIDIA_DRIVER_CAPABILITIES', 'all'), ('OrbbecSDK_DIR', '/usr/local/lib/cmake/OrbbecSDK'), ('ROS_LOCALHOST_ONLY', '0'), ('QT_X11_NO_MITSHM', '1'), ('PATH', '/opt/ros/humble/bin:/home/ros/install/bin:/usr/local/sbin:/usr/local/bin:/usr/sbin:/usr/bin:/sbin:/bin'), ('DISPLAY', ''), ('LANG', 'C.UTF-8'), ('RMW_IMPLEMENTATION', 'rmw_cyclonedds_cpp'), ('CYCLONEDDS_HOME', '/home/ros/install'), ('ROS_DOMAIN_ID', '0'), ('AMENT_PREFIX_PATH', '/home/ros2_ws/install/xterra_perception_api:/home/ros2_ws/install/xterra:/home/ros2_ws/install/m2_metal_description:/home/ros2_ws/install/sensor_description:/home/ros2_ws/install/realsense2_camera:/home/ros2_ws/install/realsense2_camera_msgs:/home/ros2_ws/install/livox_ros_driver2:/opt/ros/humble'), ('DEBIAN_FRONTEND', 'noninteractive'), ('PWD', '/home/ros2_ws/build/m2_metal_description'), ('LC_ALL', 'C.UTF-8'), ('PYTHONPATH', '/home/ros2_ws/install/xterra/local/lib/python3.10/dist-packages:/home/ros2_ws/install/realsense2_camera_msgs/local/lib/python3.10/dist-packages:/home/ros2_ws/install/livox_ros_driver2/local/lib/python3.10/dist-packages:/opt/ros/humble/lib/python3.10/site-packages:/opt/ros/humble/local/lib/python3.10/dist-packages'), ('NVIDIA_VISIBLE_DEVICES', 'all'), ('COLCON', '1'), ('CMAKE_PREFIX_PATH', '/home/ros2_ws/install/sensor_description:/home/ros2_ws/install/xterra_perception_api:/home/ros2_ws/install/xterra:/home/ros2_ws/install/m2_metal_description:/home/ros2_ws/install/realsense2_camera:/home/ros2_ws/install/realsense2_camera_msgs:/home/ros2_ws/install/livox_ros_driver2:/opt/OrbbecSDK_v2.4.11/lib:/opt/ros/humble')]), 'shell': False}
[0.099287] (-) TimerEvent: {}
[0.136361] (m2_metal_description) CommandEnded: {'returncode': 0}
[0.138686] (m2_metal_description) JobProgress: {'identifier': 'm2_metal_description', 'progress': 'install'}
[0.168315] (m2_metal_description) Command: {'cmd': ['/usr/bin/cmake', '--install', '/home/ros2_ws/build/m2_metal_description'], 'cwd': '/home/ros2_ws/build/m2_metal_description', 'env': OrderedDict([('CMAKE_BUILD_PARALLEL_LEVEL', '3'), ('HOSTNAME', 'xterra-orin'), ('SHLVL', '1'), ('LD_LIBRARY_PATH', '/home/ros2_ws/install/xterra_perception_api/lib:/home/ros2_ws/install/xterra/lib:/home/ros2_ws/install/realsense2_camera/lib:/home/ros2_ws/install/realsense2_camera_msgs/lib:/home/ros2_ws/install/livox_ros_driver2/lib:/opt/ros/humble/opt/rviz_ogre_vendor/lib:/opt/ros/humble/lib/aarch64-linux-gnu:/opt/ros/humble/lib:/usr/local/lib:/home/ros/install/lib'), ('HOME', '/root'), ('OLDPWD', '/home/ros2_ws'), ('ROS_PYTHON_VERSION', '3'), ('MAKEFLAGS', '-j3'), ('COLCON_PREFIX_PATH', '/home/ros2_ws/install'), ('ROS_DISTRO', 'humble'), ('_', '/usr/bin/colcon'), ('ROS_VERSION', '2'), ('NVIDIA_DRIVER_CAPABILITIES', 'all'), ('OrbbecSDK_DIR', '/usr/local/lib/cmake/OrbbecSDK'), ('ROS_LOCALHOST_ONLY', '0'), ('QT_X11_NO_MITSHM', '1'), ('PATH', '/opt/ros/humble/bin:/home/ros/install/bin:/usr/local/sbin:/usr/local/bin:/usr/sbin:/usr/bin:/sbin:/bin'), ('DISPLAY', ''), ('LANG', 'C.UTF-8'), ('RMW_IMPLEMENTATION', 'rmw_cyclonedds_cpp'), ('CYCLONEDDS_HOME', '/home/ros/install'), ('ROS_DOMAIN_ID', '0'), ('AMENT_PREFIX_PATH', '/home/ros2_ws/install/xterra_perception_api:/home/ros2_ws/install/xterra:/home/ros2_ws/install/m2_metal_description:/home/ros2_ws/install/sensor_description:/home/ros2_ws/install/realsense2_camera:/home/ros2_ws/install/realsense2_camera_msgs:/home/ros2_ws/install/livox_ros_driver2:/opt/ros/humble'), ('DEBIAN_FRONTEND', 'noninteractive'), ('PWD', '/home/ros2_ws/build/m2_metal_description'), ('LC_ALL', 'C.UTF-8'), ('PYTHONPATH', '/home/ros2_ws/install/xterra/local/lib/python3.10/dist-packages:/home/ros2_ws/install/realsense2_camera_msgs/local/lib/python3.10/dist-packages:/home/ros2_ws/install/livox_ros_driver2/local/lib/python3.10/dist-packages:/opt/ros/humble/lib/python3.10/site-packages:/opt/ros/humble/local/lib/python3.10/dist-packages'), ('NVIDIA_VISIBLE_DEVICES', 'all'), ('COLCON', '1'), ('CMAKE_PREFIX_PATH', '/home/ros2_ws/install/sensor_description:/home/ros2_ws/install/xterra_perception_api:/home/ros2_ws/install/xterra:/home/ros2_ws/install/m2_metal_description:/home/ros2_ws/install/realsense2_camera:/home/ros2_ws/install/realsense2_camera_msgs:/home/ros2_ws/install/livox_ros_driver2:/opt/OrbbecSDK_v2.4.11/lib:/opt/ros/humble')]), 'shell': False}
[0.197324] (m2_metal_description) StdoutLine: {'line': b'-- Install configuration: ""\n'}
[0.198698] (m2_metal_description) StdoutLine: {'line': b'-- Up-to-date: /home/ros2_ws/install/m2_metal_description/share/m2_metal_description//launch\n'}
[0.199166] (m2_metal_description) StdoutLine: {'line': b'-- Up-to-date: /home/ros2_ws/install/m2_metal_description/share/m2_metal_description//launch/m2_autonomy.launch.py\n'}
[0.199973] (-) TimerEvent: {}
[0.200020] (m2_metal_description) StdoutLine: {'line': b'-- Up-to-date: /home/ros2_ws/install/m2_metal_description/share/m2_metal_description//meshes\n'}
[0.200165] (m2_metal_description) StdoutLine: {'line': b'-- Up-to-date: /home/ros2_ws/install/m2_metal_description/share/m2_metal_description//meshes/torso.STL\n'}
[0.200350] (m2_metal_description) StdoutLine: {'line': b'-- Up-to-date: /home/ros2_ws/install/m2_metal_description/share/m2_metal_description//meshes/FL_foot.STL\n'}
[0.200490] (m2_metal_description) StdoutLine: {'line': b'-- Up-to-date: /home/ros2_ws/install/m2_metal_description/share/m2_metal_description//meshes/RL_thigh.STL\n'}
[0.200920] (m2_metal_description) StdoutLine: {'line': b'-- Up-to-date: /home/ros2_ws/install/m2_metal_description/share/m2_metal_description//meshes/FL_hip.STL\n'}
[0.201054] (m2_metal_description) StdoutLine: {'line': b'-- Up-to-date: /home/ros2_ws/install/m2_metal_description/share/m2_metal_description//meshes/lydar_mount_with_head.STL\n'}
[0.201187] (m2_metal_description) StdoutLine: {'line': b'-- Up-to-date: /home/ros2_ws/install/m2_metal_description/share/m2_metal_description//meshes/RR_hip.STL\n'}
[0.201312] (m2_metal_description) StdoutLine: {'line': b'-- Up-to-date: /home/ros2_ws/install/m2_metal_description/share/m2_metal_description//meshes/FL_shank.STL\n'}
[0.201436] (m2_metal_description) StdoutLine: {'line': b'-- Up-to-date: /home/ros2_ws/install/m2_metal_description/share/m2_metal_description//meshes/FL_thigh.STL\n'}
[0.201582] (m2_metal_description) StdoutLine: {'line': b'-- Up-to-date: /home/ros2_ws/install/m2_metal_description/share/m2_metal_description//meshes/FR_hip.STL\n'}
[0.201703] (m2_metal_description) StdoutLine: {'line': b'-- Up-to-date: /home/ros2_ws/install/m2_metal_description/share/m2_metal_description//meshes/RL_hip.STL\n'}
[0.201821] (m2_metal_description) StdoutLine: {'line': b'-- Up-to-date: /home/ros2_ws/install/m2_metal_description/share/m2_metal_description//meshes/FR_foot.STL\n'}
[0.201942] (m2_metal_description) StdoutLine: {'line': b'-- Up-to-date: /home/ros2_ws/install/m2_metal_description/share/m2_metal_description//meshes/RR_calf.STL\n'}
[0.202064] (m2_metal_description) StdoutLine: {'line': b'-- Up-to-date: /home/ros2_ws/install/m2_metal_description/share/m2_metal_description//meshes/camera_mount_15deg..STL\n'}
[0.202186] (m2_metal_description) StdoutLine: {'line': b'-- Up-to-date: /home/ros2_ws/install/m2_metal_description/share/m2_metal_description//meshes/FR_shank.STL\n'}
[0.202306] (m2_metal_description) StdoutLine: {'line': b'-- Up-to-date: /home/ros2_ws/install/m2_metal_description/share/m2_metal_description//meshes/FR_thigh.STL\n'}
[0.202426] (m2_metal_description) StdoutLine: {'line': b'-- Up-to-date: /home/ros2_ws/install/m2_metal_description/share/m2_metal_description//meshes/M2_METAL_HEAD_2026.STL\n'}
[0.202547] (m2_metal_description) StdoutLine: {'line': b'-- Up-to-date: /home/ros2_ws/install/m2_metal_description/share/m2_metal_description//meshes/RR_foot.STL\n'}
[0.202667] (m2_metal_description) StdoutLine: {'line': b'-- Up-to-date: /home/ros2_ws/install/m2_metal_description/share/m2_metal_description//meshes/FR_calf.STL\n'}
[0.202788] (m2_metal_description) StdoutLine: {'line': b'-- Up-to-date: /home/ros2_ws/install/m2_metal_description/share/m2_metal_description//meshes/RL_calf.STL\n'}
[0.202903] (m2_metal_description) StdoutLine: {'line': b'-- Up-to-date: /home/ros2_ws/install/m2_metal_description/share/m2_metal_description//meshes/RR_thigh.STL\n'}
[0.203042] (m2_metal_description) StdoutLine: {'line': b'-- Up-to-date: /home/ros2_ws/install/m2_metal_description/share/m2_metal_description//meshes/RL_foot.STL\n'}
[0.203167] (m2_metal_description) StdoutLine: {'line': b'-- Up-to-date: /home/ros2_ws/install/m2_metal_description/share/m2_metal_description//meshes/FL_calf.STL\n'}
[0.203289] (m2_metal_description) StdoutLine: {'line': b'-- Up-to-date: /home/ros2_ws/install/m2_metal_description/share/m2_metal_description//config\n'}
[0.203408] (m2_metal_description) StdoutLine: {'line': b'-- Up-to-date: /home/ros2_ws/install/m2_metal_description/share/m2_metal_description//config/m2_metal_payload.rviz\n'}
[0.203954] (m2_metal_description) StdoutLine: {'line': b'-- Up-to-date: /home/ros2_ws/install/m2_metal_description/share/m2_metal_description//config/mapping.rviz\n'}
[0.205574] (m2_metal_description) StdoutLine: {'line': b'-- Up-to-date: /home/ros2_ws/install/m2_metal_description/share/m2_metal_description//config/nav2.rviz\n'}
[0.205987] (m2_metal_description) StdoutLine: {'line': b'-- Up-to-date: /home/ros2_ws/install/m2_metal_description/share/m2_metal_description//config/elevation_mapping.rviz\n'}
[0.206655] (m2_metal_description) StdoutLine: {'line': b'-- Up-to-date: /home/ros2_ws/install/m2_metal_description/share/m2_metal_description//config/elevation_mapping_sim.rviz\n'}
[0.206984] (m2_metal_description) StdoutLine: {'line': b'-- Up-to-date: /home/ros2_ws/install/m2_metal_description/share/m2_metal_description//config/acuracy_test.rviz\n'}
[0.208041] (m2_metal_description) StdoutLine: {'line': b'-- Up-to-date: /home/ros2_ws/install/m2_metal_description/share/m2_metal_description//config/m2_metal_rviz.rviz\n'}
[0.208426] (m2_metal_description) StdoutLine: {'line': b'-- Up-to-date: /home/ros2_ws/install/m2_metal_description/share/m2_metal_description//config/api_test.rviz\n'}
[0.209286] (m2_metal_description) StdoutLine: {'line': b'-- Up-to-date: /home/ros2_ws/install/m2_metal_description/share/m2_metal_description//worlds\n'}
[0.209777] (m2_metal_description) StdoutLine: {'line': b'-- Up-to-date: /home/ros2_ws/install/m2_metal_description/share/m2_metal_description//worlds/mujoco.world\n'}
[0.210258] (m2_metal_description) StdoutLine: {'line': b'-- Up-to-date: /home/ros2_ws/install/m2_metal_description/share/m2_metal_description//worlds/world4.world\n'}
[0.210655] (m2_metal_description) StdoutLine: {'line': b'-- Up-to-date: /home/ros2_ws/install/m2_metal_description/share/m2_metal_description//worlds/world3.world\n'}
[0.211109] (m2_metal_description) StdoutLine: {'line': b'-- Up-to-date: /home/ros2_ws/install/m2_metal_description/share/m2_metal_description//worlds/stair.world\n'}
[0.211826] (m2_metal_description) StdoutLine: {'line': b'-- Up-to-date: /home/ros2_ws/install/m2_metal_description/share/m2_metal_description//xacro\n'}
[0.212381] (m2_metal_description) StdoutLine: {'line': b'-- Up-to-date: /home/ros2_ws/install/m2_metal_description/share/m2_metal_description//xacro/materials.xacro\n'}
[0.212689] (m2_metal_description) StdoutLine: {'line': b'-- Up-to-date: /home/ros2_ws/install/m2_metal_description/share/m2_metal_description//xacro/leg.xacro\n'}
[0.213200] (m2_metal_description) StdoutLine: {'line': b'-- Up-to-date: /home/ros2_ws/install/m2_metal_description/share/m2_metal_description//xacro/robot.xacro\n'}
[0.213494] (m2_metal_description) StdoutLine: {'line': b'-- Up-to-date: /home/ros2_ws/install/m2_metal_description/share/m2_metal_description//xacro/const.xacro\n'}
[0.213988] (m2_metal_description) StdoutLine: {'line': b'-- Up-to-date: /home/ros2_ws/install/m2_metal_description/share/m2_metal_description//xacro/test_d435_camera.urdf.xacro\n'}
[0.214284] (m2_metal_description) StdoutLine: {'line': b'-- Up-to-date: /home/ros2_ws/install/m2_metal_description/share/m2_metal_description//xacro/gazebo.xacro\n'}
[0.215181] (m2_metal_description) StdoutLine: {'line': b'-- Up-to-date: /home/ros2_ws/install/m2_metal_description/share/ament_index/resource_index/package_run_dependencies/m2_metal_description\n'}
[0.215682] (m2_metal_description) StdoutLine: {'line': b'-- Up-to-date: /home/ros2_ws/install/m2_metal_description/share/ament_index/resource_index/parent_prefix_path/m2_metal_description\n'}
[0.216120] (m2_metal_description) StdoutLine: {'line': b'-- Up-to-date: /home/ros2_ws/install/m2_metal_description/share/m2_metal_description/environment/ament_prefix_path.sh\n'}
[0.216661] (m2_metal_description) StdoutLine: {'line': b'-- Up-to-date: /home/ros2_ws/install/m2_metal_description/share/m2_metal_description/environment/ament_prefix_path.dsv\n'}
[0.216953] (m2_metal_description) StdoutLine: {'line': b'-- Up-to-date: /home/ros2_ws/install/m2_metal_description/share/m2_metal_description/environment/path.sh\n'}
[0.217454] (m2_metal_description) StdoutLine: {'line': b'-- Up-to-date: /home/ros2_ws/install/m2_metal_description/share/m2_metal_description/environment/path.dsv\n'}
[0.217748] (m2_metal_description) StdoutLine: {'line': b'-- Up-to-date: /home/ros2_ws/install/m2_metal_description/share/m2_metal_description/local_setup.bash\n'}
[0.218149] (m2_metal_description) StdoutLine: {'line': b'-- Up-to-date: /home/ros2_ws/install/m2_metal_description/share/m2_metal_description/local_setup.sh\n'}
[0.218585] (m2_metal_description) StdoutLine: {'line': b'-- Up-to-date: /home/ros2_ws/install/m2_metal_description/share/m2_metal_description/local_setup.zsh\n'}
[0.219017] (m2_metal_description) StdoutLine: {'line': b'-- Up-to-date: /home/ros2_ws/install/m2_metal_description/share/m2_metal_description/local_setup.dsv\n'}
[0.219403] (m2_metal_description) StdoutLine: {'line': b'-- Installing: /home/ros2_ws/install/m2_metal_description/share/m2_metal_description/package.dsv\n'}
[0.219716] (m2_metal_description) StdoutLine: {'line': b'-- Up-to-date: /home/ros2_ws/install/m2_metal_description/share/ament_index/resource_index/packages/m2_metal_description\n'}
[0.220190] (m2_metal_description) StdoutLine: {'line': b'-- Up-to-date: /home/ros2_ws/install/m2_metal_description/share/m2_metal_description/cmake/m2_metal_descriptionConfig.cmake\n'}
[0.221225] (m2_metal_description) StdoutLine: {'line': b'-- Up-to-date: /home/ros2_ws/install/m2_metal_description/share/m2_metal_description/cmake/m2_metal_descriptionConfig-version.cmake\n'}
[0.221744] (m2_metal_description) StdoutLine: {'line': b'-- Up-to-date: /home/ros2_ws/install/m2_metal_description/share/m2_metal_description/package.xml\n'}
[0.222058] (m2_metal_description) CommandEnded: {'returncode': 0}
[0.294477] (m2_metal_description) JobEnded: {'identifier': 'm2_metal_description', 'rc': 0}
[0.296098] (-) EventReactorShutdown: {}
