[0.000000] (-) TimerEvent: {}
[0.000344] (-) JobUnselected: {'identifier': 'cyclonedds'}
[0.000684] (-) JobUnselected: {'identifier': 'm2_metal_description'}
[0.001279] (-) JobUnselected: {'identifier': 'orbbec_camera'}
[0.001567] (-) JobUnselected: {'identifier': 'orbbec_camera_msgs'}
[0.001838] (-) JobUnselected: {'identifier': 'orbbec_description'}
[0.001936] (-) JobUnselected: {'identifier': 'realsense2_camera'}
[0.002011] (-) JobUnselected: {'identifier': 'realsense2_camera_msgs'}
[0.002080] (-) JobUnselected: {'identifier': 'realsense2_description'}
[0.002147] (-) JobUnselected: {'identifier': 'sensor_description'}
[0.002216] (-) JobUnselected: {'identifier': 'xterra'}
[0.002294] (livox_ros_driver2) JobQueued: {'identifier': 'livox_ros_driver2', 'dependencies': OrderedDict()}
[0.002375] (livox_ros_driver2) JobStarted: {'identifier': 'livox_ros_driver2'}
[0.024811] (livox_ros_driver2) JobProgress: {'identifier': 'livox_ros_driver2', 'progress': 'cmake'}
[0.029472] (livox_ros_driver2) JobProgress: {'identifier': 'livox_ros_driver2', 'progress': 'build'}
[0.031281] (livox_ros_driver2) Command: {'cmd': ['/usr/bin/cmake', '--build', '/home/ros2_ws/build/livox_ros_driver2'], 'cwd': '/home/ros2_ws/build/livox_ros_driver2', 'env': OrderedDict([('CMAKE_BUILD_PARALLEL_LEVEL', '3'), ('HOSTNAME', 'xterra-orin'), ('SHLVL', '1'), ('LD_LIBRARY_PATH', '/home/ros2_ws/install/xterra_perception_api/lib:/home/ros2_ws/install/xterra/lib:/home/ros2_ws/install/realsense2_camera/lib:/home/ros2_ws/install/realsense2_camera_msgs/lib:/home/ros2_ws/install/livox_ros_driver2/lib:/opt/ros/humble/opt/rviz_ogre_vendor/lib:/opt/ros/humble/lib/aarch64-linux-gnu:/opt/ros/humble/lib:/usr/local/lib:/home/ros/install/lib'), ('HOME', '/root'), ('OLDPWD', '/home/ros2_ws'), ('ROS_PYTHON_VERSION', '3'), ('MAKEFLAGS', '-j3'), ('COLCON_PREFIX_PATH', '/home/ros2_ws/install'), ('ROS_DISTRO', 'humble'), ('_', '/usr/bin/colcon'), ('ROS_VERSION', '2'), ('NVIDIA_DRIVER_CAPABILITIES', 'all'), ('OrbbecSDK_DIR', '/usr/local/lib/cmake/OrbbecSDK'), ('ROS_LOCALHOST_ONLY', '0'), ('QT_X11_NO_MITSHM', '1'), ('PATH', '/opt/ros/humble/bin:/home/ros/install/bin:/usr/local/sbin:/usr/local/bin:/usr/sbin:/usr/bin:/sbin:/bin'), ('DISPLAY', ''), ('LANG', 'C.UTF-8'), ('RMW_IMPLEMENTATION', 'rmw_cyclonedds_cpp'), ('CYCLONEDDS_HOME', '/home/ros/install'), ('ROS_DOMAIN_ID', '0'), ('AMENT_PREFIX_PATH', '/home/ros2_ws/install/xterra_perception_api:/home/ros2_ws/install/xterra:/home/ros2_ws/install/m2_metal_description:/home/ros2_ws/install/sensor_description:/home/ros2_ws/install/realsense2_camera:/home/ros2_ws/install/realsense2_camera_msgs:/home/ros2_ws/install/livox_ros_driver2:/opt/ros/humble'), ('DEBIAN_FRONTEND', 'noninteractive'), ('PWD', '/home/ros2_ws/build/livox_ros_driver2'), ('LC_ALL', 'C.UTF-8'), ('PYTHONPATH', '/home/ros2_ws/install/xterra/local/lib/python3.10/dist-packages:/home/ros2_ws/install/realsense2_camera_msgs/local/lib/python3.10/dist-packages:/home/ros2_ws/install/livox_ros_driver2/local/lib/python3.10/dist-packages:/opt/ros/humble/lib/python3.10/site-packages:/opt/ros/humble/local/lib/python3.10/dist-packages'), ('NVIDIA_VISIBLE_DEVICES', 'all'), ('COLCON', '1'), ('CMAKE_PREFIX_PATH', '/home/ros2_ws/install/xterra_perception_api:/home/ros2_ws/install/xterra:/home/ros2_ws/install/m2_metal_description:/home/ros2_ws/install/sensor_description:/home/ros2_ws/install/realsense2_camera:/home/ros2_ws/install/realsense2_camera_msgs:/home/ros2_ws/install/livox_ros_driver2:/opt/OrbbecSDK_v2.4.11/lib::/opt/ros/humble')]), 'shell': False}
[0.099341] (-) TimerEvent: {}
[0.199928] (-) TimerEvent: {}
[0.234921] (livox_ros_driver2) StdoutLine: {'line': b'[  1%] Built target livox_interfaces2__rs\n'}
[0.235775] (livox_ros_driver2) StdoutLine: {'line': b'[  3%] Built target livox_interfaces2__cpp\n'}
[0.238130] (livox_ros_driver2) StdoutLine: {'line': b'[ 10%] Built target livox_interfaces2__rosidl_generator_c\n'}
[0.300262] (-) TimerEvent: {}
[0.310346] (livox_ros_driver2) StdoutLine: {'line': b'[ 17%] Built target livox_interfaces2__rosidl_typesupport_fastrtps_c\n'}
[0.326592] (livox_ros_driver2) StdoutLine: {'line': b'[ 17%] Built target ament_cmake_python_symlink_livox_ros_driver2\n'}
[0.338586] (livox_ros_driver2) StdoutLine: {'line': b'[ 20%] Built target livox_ros_driver2_node\n'}
[0.374169] (livox_ros_driver2) StdoutLine: {'line': b'[ 27%] Built target livox_interfaces2__rosidl_typesupport_introspection_c\n'}
[0.390839] (livox_ros_driver2) StdoutLine: {'line': b'[ 34%] Built target livox_interfaces2__rosidl_typesupport_c\n'}
[0.400414] (-) TimerEvent: {}
[0.407094] (livox_ros_driver2) StdoutLine: {'line': b'[ 41%] Built target livox_interfaces2__rosidl_typesupport_fastrtps_cpp\n'}
[0.441496] (livox_ros_driver2) StdoutLine: {'line': b'[ 48%] Built target livox_interfaces2__rosidl_typesupport_introspection_cpp\n'}
[0.460737] (livox_ros_driver2) StdoutLine: {'line': b'[ 55%] Built target livox_interfaces2__rosidl_typesupport_cpp\n'}
[0.500676] (-) TimerEvent: {}
[0.519607] (livox_ros_driver2) StdoutLine: {'line': b'[ 55%] Built target livox_interfaces2\n'}
[0.584207] (livox_ros_driver2) StdoutLine: {'line': b'[ 56%] Built target livox_interfaces2__py\n'}
[0.600777] (-) TimerEvent: {}
[0.655943] (livox_ros_driver2) StdoutLine: {'line': b'[ 62%] Built target livox_interfaces2__rosidl_generator_py\n'}
[0.700984] (-) TimerEvent: {}
[0.713682] (livox_ros_driver2) StdoutLine: {'line': b'[ 89%] Built target livox_ros_driver2\n'}
[0.720702] (livox_ros_driver2) StdoutLine: {'line': b'[ 93%] Built target livox_ros_driver2__rosidl_typesupport_fastrtps_c__pyext\n'}
[0.779810] (livox_ros_driver2) StdoutLine: {'line': b'[100%] Built target livox_ros_driver2__rosidl_typesupport_c__pyext\n'}
[0.780820] (livox_ros_driver2) StdoutLine: {'line': b'[100%] Built target livox_ros_driver2__rosidl_typesupport_introspection_c__pyext\n'}
[0.801081] (-) TimerEvent: {}
[0.901300] (-) TimerEvent: {}
[0.932223] (livox_ros_driver2) StdoutLine: {'line': b'running egg_info\n'}
[0.934003] (livox_ros_driver2) StdoutLine: {'line': b'writing livox_ros_driver2.egg-info/PKG-INFO\n'}
[0.934881] (livox_ros_driver2) StdoutLine: {'line': b'writing dependency_links to livox_ros_driver2.egg-info/dependency_links.txt\n'}
[0.935393] (livox_ros_driver2) StdoutLine: {'line': b'writing top-level names to livox_ros_driver2.egg-info/top_level.txt\n'}
[0.940456] (livox_ros_driver2) StdoutLine: {'line': b"reading manifest file 'livox_ros_driver2.egg-info/SOURCES.txt'\n"}
[0.942469] (livox_ros_driver2) StdoutLine: {'line': b"writing manifest file 'livox_ros_driver2.egg-info/SOURCES.txt'\n"}
[1.001396] (-) TimerEvent: {}
[1.040059] (livox_ros_driver2) StdoutLine: {'line': b'[100%] Built target ament_cmake_python_build_livox_ros_driver2_egg\n'}
[1.070581] (livox_ros_driver2) CommandEnded: {'returncode': 0}
[1.075568] (livox_ros_driver2) JobProgress: {'identifier': 'livox_ros_driver2', 'progress': 'install'}
[1.102015] (-) TimerEvent: {}
[1.103429] (livox_ros_driver2) Command: {'cmd': ['/usr/bin/cmake', '--install', '/home/ros2_ws/build/livox_ros_driver2'], 'cwd': '/home/ros2_ws/build/livox_ros_driver2', 'env': OrderedDict([('CMAKE_BUILD_PARALLEL_LEVEL', '3'), ('HOSTNAME', 'xterra-orin'), ('SHLVL', '1'), ('LD_LIBRARY_PATH', '/home/ros2_ws/install/xterra_perception_api/lib:/home/ros2_ws/install/xterra/lib:/home/ros2_ws/install/realsense2_camera/lib:/home/ros2_ws/install/realsense2_camera_msgs/lib:/home/ros2_ws/install/livox_ros_driver2/lib:/opt/ros/humble/opt/rviz_ogre_vendor/lib:/opt/ros/humble/lib/aarch64-linux-gnu:/opt/ros/humble/lib:/usr/local/lib:/home/ros/install/lib'), ('HOME', '/root'), ('OLDPWD', '/home/ros2_ws'), ('ROS_PYTHON_VERSION', '3'), ('MAKEFLAGS', '-j3'), ('COLCON_PREFIX_PATH', '/home/ros2_ws/install'), ('ROS_DISTRO', 'humble'), ('_', '/usr/bin/colcon'), ('ROS_VERSION', '2'), ('NVIDIA_DRIVER_CAPABILITIES', 'all'), ('OrbbecSDK_DIR', '/usr/local/lib/cmake/OrbbecSDK'), ('ROS_LOCALHOST_ONLY', '0'), ('QT_X11_NO_MITSHM', '1'), ('PATH', '/opt/ros/humble/bin:/home/ros/install/bin:/usr/local/sbin:/usr/local/bin:/usr/sbin:/usr/bin:/sbin:/bin'), ('DISPLAY', ''), ('LANG', 'C.UTF-8'), ('RMW_IMPLEMENTATION', 'rmw_cyclonedds_cpp'), ('CYCLONEDDS_HOME', '/home/ros/install'), ('ROS_DOMAIN_ID', '0'), ('AMENT_PREFIX_PATH', '/home/ros2_ws/install/xterra_perception_api:/home/ros2_ws/install/xterra:/home/ros2_ws/install/m2_metal_description:/home/ros2_ws/install/sensor_description:/home/ros2_ws/install/realsense2_camera:/home/ros2_ws/install/realsense2_camera_msgs:/home/ros2_ws/install/livox_ros_driver2:/opt/ros/humble'), ('DEBIAN_FRONTEND', 'noninteractive'), ('PWD', '/home/ros2_ws/build/livox_ros_driver2'), ('LC_ALL', 'C.UTF-8'), ('PYTHONPATH', '/home/ros2_ws/install/xterra/local/lib/python3.10/dist-packages:/home/ros2_ws/install/realsense2_camera_msgs/local/lib/python3.10/dist-packages:/home/ros2_ws/install/livox_ros_driver2/local/lib/python3.10/dist-packages:/opt/ros/humble/lib/python3.10/site-packages:/opt/ros/humble/local/lib/python3.10/dist-packages'), ('NVIDIA_VISIBLE_DEVICES', 'all'), ('COLCON', '1'), ('CMAKE_PREFIX_PATH', '/home/ros2_ws/install/xterra_perception_api:/home/ros2_ws/install/xterra:/home/ros2_ws/install/m2_metal_description:/home/ros2_ws/install/sensor_description:/home/ros2_ws/install/realsense2_camera:/home/ros2_ws/install/realsense2_camera_msgs:/home/ros2_ws/install/livox_ros_driver2:/opt/OrbbecSDK_v2.4.11/lib::/opt/ros/humble')]), 'shell': False}
[1.126836] (livox_ros_driver2) StdoutLine: {'line': b'-- Install configuration: ""\n'}
[1.129325] (livox_ros_driver2) StdoutLine: {'line': b'-- Execute custom install script\n'}
[1.130764] (livox_ros_driver2) StdoutLine: {'line': b'-- Up-to-date symlink: /home/ros2_ws/install/livox_ros_driver2/share/ament_index/resource_index/rosidl_interfaces/livox_ros_driver2\n'}
[1.133461] (livox_ros_driver2) StdoutLine: {'line': b'-- Up-to-date symlink: /home/ros2_ws/install/livox_ros_driver2/include/livox_ros_driver2/livox_ros_driver2/msg/custom_msg.h\n'}
[1.133935] (livox_ros_driver2) StdoutLine: {'line': b'-- Up-to-date symlink: /home/ros2_ws/install/livox_ros_driver2/include/livox_ros_driver2/livox_ros_driver2/msg/custom_point.h\n'}
[1.134698] (livox_ros_driver2) StdoutLine: {'line': b'-- Up-to-date symlink: /home/ros2_ws/install/livox_ros_driver2/include/livox_ros_driver2/livox_ros_driver2/msg/detail/custom_msg__functions.h\n'}
[1.135285] (livox_ros_driver2) StdoutLine: {'line': b'-- Up-to-date symlink: /home/ros2_ws/install/livox_ros_driver2/include/livox_ros_driver2/livox_ros_driver2/msg/detail/custom_msg__struct.h\n'}
[1.135842] (livox_ros_driver2) StdoutLine: {'line': b'-- Up-to-date symlink: /home/ros2_ws/install/livox_ros_driver2/include/livox_ros_driver2/livox_ros_driver2/msg/detail/custom_msg__type_support.h\n'}
[1.136568] (livox_ros_driver2) StdoutLine: {'line': b'-- Up-to-date symlink: /home/ros2_ws/install/livox_ros_driver2/include/livox_ros_driver2/livox_ros_driver2/msg/detail/custom_point__functions.h\n'}
[1.137064] (livox_ros_driver2) StdoutLine: {'line': b'-- Up-to-date symlink: /home/ros2_ws/install/livox_ros_driver2/include/livox_ros_driver2/livox_ros_driver2/msg/detail/custom_point__struct.h\n'}
[1.137648] (livox_ros_driver2) StdoutLine: {'line': b'-- Up-to-date symlink: /home/ros2_ws/install/livox_ros_driver2/include/livox_ros_driver2/livox_ros_driver2/msg/detail/custom_point__type_support.h\n'}
[1.138178] (livox_ros_driver2) StdoutLine: {'line': b'-- Up-to-date symlink: /home/ros2_ws/install/livox_ros_driver2/include/livox_ros_driver2/livox_ros_driver2/msg/rosidl_generator_c__visibility_control.h\n'}
[1.138942] (livox_ros_driver2) StdoutLine: {'line': b'-- Up-to-date symlink: /home/ros2_ws/install/livox_ros_driver2/share/livox_ros_driver2/environment/library_path.sh\n'}
[1.139329] (livox_ros_driver2) StdoutLine: {'line': b'-- Up-to-date symlink: /home/ros2_ws/install/livox_ros_driver2/share/livox_ros_driver2/environment/library_path.dsv\n'}
[1.140589] (livox_ros_driver2) StdoutLine: {'line': b'-- Up-to-date symlink: /home/ros2_ws/install/livox_ros_driver2/include/livox_ros_driver2/livox_ros_driver2/msg/detail/custom_msg__rosidl_typesupport_fastrtps_c.h\n'}
[1.141154] (livox_ros_driver2) StdoutLine: {'line': b'-- Up-to-date symlink: /home/ros2_ws/install/livox_ros_driver2/include/livox_ros_driver2/livox_ros_driver2/msg/detail/custom_point__rosidl_typesupport_fastrtps_c.h\n'}
[1.141779] (livox_ros_driver2) StdoutLine: {'line': b'-- Up-to-date symlink: /home/ros2_ws/install/livox_ros_driver2/include/livox_ros_driver2/livox_ros_driver2/msg/rosidl_typesupport_fastrtps_c__visibility_control.h\n'}
[1.142912] (livox_ros_driver2) StdoutLine: {'line': b'-- Up-to-date symlink: /home/ros2_ws/install/livox_ros_driver2/include/livox_ros_driver2/livox_ros_driver2/msg/detail/custom_msg__rosidl_typesupport_introspection_c.h\n'}
[1.143417] (livox_ros_driver2) StdoutLine: {'line': b'-- Up-to-date symlink: /home/ros2_ws/install/livox_ros_driver2/include/livox_ros_driver2/livox_ros_driver2/msg/detail/custom_point__rosidl_typesupport_introspection_c.h\n'}
[1.143989] (livox_ros_driver2) StdoutLine: {'line': b'-- Up-to-date symlink: /home/ros2_ws/install/livox_ros_driver2/include/livox_ros_driver2/livox_ros_driver2/msg/rosidl_typesupport_introspection_c__visibility_control.h\n'}
[1.145116] (livox_ros_driver2) StdoutLine: {'line': b'-- Up-to-date symlink: /home/ros2_ws/install/livox_ros_driver2/include/livox_ros_driver2/livox_ros_driver2/msg/custom_msg.hpp\n'}
[1.145644] (livox_ros_driver2) StdoutLine: {'line': b'-- Up-to-date symlink: /home/ros2_ws/install/livox_ros_driver2/include/livox_ros_driver2/livox_ros_driver2/msg/custom_point.hpp\n'}
[1.146208] (livox_ros_driver2) StdoutLine: {'line': b'-- Up-to-date symlink: /home/ros2_ws/install/livox_ros_driver2/include/livox_ros_driver2/livox_ros_driver2/msg/detail/custom_msg__builder.hpp\n'}
[1.146817] (livox_ros_driver2) StdoutLine: {'line': b'-- Up-to-date symlink: /home/ros2_ws/install/livox_ros_driver2/include/livox_ros_driver2/livox_ros_driver2/msg/detail/custom_msg__struct.hpp\n'}
[1.147361] (livox_ros_driver2) StdoutLine: {'line': b'-- Up-to-date symlink: /home/ros2_ws/install/livox_ros_driver2/include/livox_ros_driver2/livox_ros_driver2/msg/detail/custom_msg__traits.hpp\n'}
[1.147874] (livox_ros_driver2) StdoutLine: {'line': b'-- Up-to-date symlink: /home/ros2_ws/install/livox_ros_driver2/include/livox_ros_driver2/livox_ros_driver2/msg/detail/custom_msg__type_support.hpp\n'}
[1.148415] (livox_ros_driver2) StdoutLine: {'line': b'-- Up-to-date symlink: /home/ros2_ws/install/livox_ros_driver2/include/livox_ros_driver2/livox_ros_driver2/msg/detail/custom_point__builder.hpp\n'}
[1.148975] (livox_ros_driver2) StdoutLine: {'line': b'-- Up-to-date symlink: /home/ros2_ws/install/livox_ros_driver2/include/livox_ros_driver2/livox_ros_driver2/msg/detail/custom_point__struct.hpp\n'}
[1.149478] (livox_ros_driver2) StdoutLine: {'line': b'-- Up-to-date symlink: /home/ros2_ws/install/livox_ros_driver2/include/livox_ros_driver2/livox_ros_driver2/msg/detail/custom_point__traits.hpp\n'}
[1.150005] (livox_ros_driver2) StdoutLine: {'line': b'-- Up-to-date symlink: /home/ros2_ws/install/livox_ros_driver2/include/livox_ros_driver2/livox_ros_driver2/msg/detail/custom_point__type_support.hpp\n'}
[1.150525] (livox_ros_driver2) StdoutLine: {'line': b'-- Up-to-date symlink: /home/ros2_ws/install/livox_ros_driver2/include/livox_ros_driver2/livox_ros_driver2/msg/rosidl_generator_cpp__visibility_control.hpp\n'}
[1.151953] (livox_ros_driver2) StdoutLine: {'line': b'-- Up-to-date symlink: /home/ros2_ws/install/livox_ros_driver2/include/livox_ros_driver2/livox_ros_driver2/msg/detail/custom_msg__rosidl_typesupport_fastrtps_cpp.hpp\n'}
[1.152475] (livox_ros_driver2) StdoutLine: {'line': b'-- Up-to-date symlink: /home/ros2_ws/install/livox_ros_driver2/include/livox_ros_driver2/livox_ros_driver2/msg/detail/custom_point__rosidl_typesupport_fastrtps_cpp.hpp\n'}
[1.153030] (livox_ros_driver2) StdoutLine: {'line': b'-- Up-to-date symlink: /home/ros2_ws/install/livox_ros_driver2/include/livox_ros_driver2/livox_ros_driver2/msg/rosidl_typesupport_fastrtps_cpp__visibility_control.h\n'}
[1.154048] (livox_ros_driver2) StdoutLine: {'line': b'-- Up-to-date symlink: /home/ros2_ws/install/livox_ros_driver2/include/livox_ros_driver2/livox_ros_driver2/msg/detail/custom_msg__rosidl_typesupport_introspection_cpp.hpp\n'}
[1.154633] (livox_ros_driver2) StdoutLine: {'line': b'-- Up-to-date symlink: /home/ros2_ws/install/livox_ros_driver2/include/livox_ros_driver2/livox_ros_driver2/msg/detail/custom_point__rosidl_typesupport_introspection_cpp.hpp\n'}
[1.155381] (livox_ros_driver2) StdoutLine: {'line': b'-- Up-to-date symlink: /home/ros2_ws/install/livox_ros_driver2/share/livox_ros_driver2/environment/pythonpath.sh\n'}
[1.155774] (livox_ros_driver2) StdoutLine: {'line': b'-- Up-to-date symlink: /home/ros2_ws/install/livox_ros_driver2/share/livox_ros_driver2/environment/pythonpath.dsv\n'}
[1.156495] (livox_ros_driver2) StdoutLine: {'line': b'-- Up-to-date symlink: /home/ros2_ws/install/livox_ros_driver2/local/lib/python3.10/dist-packages/livox_ros_driver2-1.0.0-py3.10.egg-info/PKG-INFO\n'}
[1.157117] (livox_ros_driver2) StdoutLine: {'line': b'-- Up-to-date symlink: /home/ros2_ws/install/livox_ros_driver2/local/lib/python3.10/dist-packages/livox_ros_driver2-1.0.0-py3.10.egg-info/SOURCES.txt\n'}
[1.157630] (livox_ros_driver2) StdoutLine: {'line': b'-- Up-to-date symlink: /home/ros2_ws/install/livox_ros_driver2/local/lib/python3.10/dist-packages/livox_ros_driver2-1.0.0-py3.10.egg-info/dependency_links.txt\n'}
[1.158141] (livox_ros_driver2) StdoutLine: {'line': b'-- Up-to-date symlink: /home/ros2_ws/install/livox_ros_driver2/local/lib/python3.10/dist-packages/livox_ros_driver2-1.0.0-py3.10.egg-info/top_level.txt\n'}
[1.159896] (livox_ros_driver2) StdoutLine: {'line': b'-- Up-to-date symlink: /home/ros2_ws/install/livox_ros_driver2/local/lib/python3.10/dist-packages/livox_ros_driver2/__init__.py\n'}
[1.160441] (livox_ros_driver2) StdoutLine: {'line': b'-- Up-to-date symlink: /home/ros2_ws/install/livox_ros_driver2/local/lib/python3.10/dist-packages/livox_ros_driver2/_livox_ros_driver2_s.ep.rosidl_typesupport_c.c\n'}
[1.160989] (livox_ros_driver2) StdoutLine: {'line': b'-- Up-to-date symlink: /home/ros2_ws/install/livox_ros_driver2/local/lib/python3.10/dist-packages/livox_ros_driver2/_livox_ros_driver2_s.ep.rosidl_typesupport_fastrtps_c.c\n'}
[1.161535] (livox_ros_driver2) StdoutLine: {'line': b'-- Up-to-date symlink: /home/ros2_ws/install/livox_ros_driver2/local/lib/python3.10/dist-packages/livox_ros_driver2/_livox_ros_driver2_s.ep.rosidl_typesupport_introspection_c.c\n'}
[1.162022] (livox_ros_driver2) StdoutLine: {'line': b'-- Up-to-date symlink: /home/ros2_ws/install/livox_ros_driver2/local/lib/python3.10/dist-packages/livox_ros_driver2/liblivox_interfaces2__rosidl_generator_py.so\n'}
[1.162547] (livox_ros_driver2) StdoutLine: {'line': b'-- Up-to-date symlink: /home/ros2_ws/install/livox_ros_driver2/local/lib/python3.10/dist-packages/livox_ros_driver2/livox_ros_driver2_s__rosidl_typesupport_c.cpython-310-aarch64-linux-gnu.so\n'}
[1.163060] (livox_ros_driver2) StdoutLine: {'line': b'-- Up-to-date symlink: /home/ros2_ws/install/livox_ros_driver2/local/lib/python3.10/dist-packages/livox_ros_driver2/livox_ros_driver2_s__rosidl_typesupport_fastrtps_c.cpython-310-aarch64-linux-gnu.so\n'}
[1.163566] (livox_ros_driver2) StdoutLine: {'line': b'-- Up-to-date symlink: /home/ros2_ws/install/livox_ros_driver2/local/lib/python3.10/dist-packages/livox_ros_driver2/livox_ros_driver2_s__rosidl_typesupport_introspection_c.cpython-310-aarch64-linux-gnu.so\n'}
[1.164411] (livox_ros_driver2) StdoutLine: {'line': b'-- Up-to-date symlink: /home/ros2_ws/install/livox_ros_driver2/local/lib/python3.10/dist-packages/livox_ros_driver2/msg/__init__.py\n'}
[1.164925] (livox_ros_driver2) StdoutLine: {'line': b'-- Up-to-date symlink: /home/ros2_ws/install/livox_ros_driver2/local/lib/python3.10/dist-packages/livox_ros_driver2/msg/_custom_msg.py\n'}
[1.165451] (livox_ros_driver2) StdoutLine: {'line': b'-- Up-to-date symlink: /home/ros2_ws/install/livox_ros_driver2/local/lib/python3.10/dist-packages/livox_ros_driver2/msg/_custom_msg_s.c\n'}
[1.165979] (livox_ros_driver2) StdoutLine: {'line': b'-- Up-to-date symlink: /home/ros2_ws/install/livox_ros_driver2/local/lib/python3.10/dist-packages/livox_ros_driver2/msg/_custom_point.py\n'}
[1.166538] (livox_ros_driver2) StdoutLine: {'line': b'-- Up-to-date symlink: /home/ros2_ws/install/livox_ros_driver2/local/lib/python3.10/dist-packages/livox_ros_driver2/msg/_custom_point_s.c\n'}
[1.167384] (livox_ros_driver2) StdoutLine: {'line': b'-- Up-to-date symlink: /home/ros2_ws/install/livox_ros_driver2/local/lib/python3.10/dist-packages/livox_ros_driver2/livox_ros_driver2_s__rosidl_typesupport_fastrtps_c.cpython-310-aarch64-linux-gnu.so\n'}
[1.168163] (livox_ros_driver2) StdoutLine: {'line': b'-- Up-to-date symlink: /home/ros2_ws/install/livox_ros_driver2/local/lib/python3.10/dist-packages/livox_ros_driver2/livox_ros_driver2_s__rosidl_typesupport_introspection_c.cpython-310-aarch64-linux-gnu.so\n'}
[1.168989] (livox_ros_driver2) StdoutLine: {'line': b'-- Up-to-date symlink: /home/ros2_ws/install/livox_ros_driver2/local/lib/python3.10/dist-packages/livox_ros_driver2/livox_ros_driver2_s__rosidl_typesupport_c.cpython-310-aarch64-linux-gnu.so\n'}
[1.170017] (livox_ros_driver2) StdoutLine: {'line': b'-- Up-to-date symlink: /home/ros2_ws/install/livox_ros_driver2/share/ament_index/resource_index/rust_packages/livox_ros_driver2\n'}
[1.171346] (livox_ros_driver2) StdoutLine: {'line': b'-- Up-to-date symlink: /home/ros2_ws/install/livox_ros_driver2/share/livox_ros_driver2/rust/Cargo.toml\n'}
[1.171835] (livox_ros_driver2) StdoutLine: {'line': b'-- Up-to-date symlink: /home/ros2_ws/install/livox_ros_driver2/share/livox_ros_driver2/rust/build.rs\n'}
[1.172710] (livox_ros_driver2) StdoutLine: {'line': b'-- Up-to-date symlink: /home/ros2_ws/install/livox_ros_driver2/share/livox_ros_driver2/rust/src/lib.rs\n'}
[1.173318] (livox_ros_driver2) StdoutLine: {'line': b'-- Up-to-date symlink: /home/ros2_ws/install/livox_ros_driver2/share/livox_ros_driver2/rust/src/msg.rs\n'}
[1.175243] (livox_ros_driver2) StdoutLine: {'line': b'-- Up-to-date symlink: /home/ros2_ws/install/livox_ros_driver2/share/livox_ros_driver2/rust/src/msg/rmw.rs\n'}
[1.176336] (livox_ros_driver2) StdoutLine: {'line': b'-- Up-to-date symlink: /home/ros2_ws/install/livox_ros_driver2/share/livox_ros_driver2/msg/CustomPoint.idl\n'}
[1.177011] (livox_ros_driver2) StdoutLine: {'line': b'-- Up-to-date symlink: /home/ros2_ws/install/livox_ros_driver2/share/livox_ros_driver2/msg/CustomMsg.idl\n'}
[1.177427] (livox_ros_driver2) StdoutLine: {'line': b'-- Up-to-date symlink: /home/ros2_ws/install/livox_ros_driver2/share/livox_ros_driver2/msg/CustomPoint.msg\n'}
[1.177798] (livox_ros_driver2) StdoutLine: {'line': b'-- Up-to-date symlink: /home/ros2_ws/install/livox_ros_driver2/share/livox_ros_driver2/msg/CustomMsg.msg\n'}
[1.179238] (livox_ros_driver2) StdoutLine: {'line': b'-- Up-to-date symlink: /home/ros2_ws/install/livox_ros_driver2/lib/livox_ros_driver2/livox_ros_driver2_node\n'}
[1.180446] (livox_ros_driver2) StdoutLine: {'line': b'-- Up-to-date symlink: /home/ros2_ws/install/livox_ros_driver2/lib/liblivox_ros_driver2.so\n'}
[1.182355] (livox_ros_driver2) StdoutLine: {'line': b'-- Up-to-date symlink: /home/ros2_ws/install/livox_ros_driver2/share/livox_ros_driver2/config/HAP_config.json\n'}
[1.182896] (livox_ros_driver2) StdoutLine: {'line': b'-- Up-to-date symlink: /home/ros2_ws/install/livox_ros_driver2/share/livox_ros_driver2/config/MID360_config.json\n'}
[1.183415] (livox_ros_driver2) StdoutLine: {'line': b'-- Up-to-date symlink: /home/ros2_ws/install/livox_ros_driver2/share/livox_ros_driver2/config/display_point_cloud_ROS1.rviz\n'}
[1.183938] (livox_ros_driver2) StdoutLine: {'line': b'-- Up-to-date symlink: /home/ros2_ws/install/livox_ros_driver2/share/livox_ros_driver2/config/display_point_cloud_ROS2.rviz\n'}
[1.184493] (livox_ros_driver2) StdoutLine: {'line': b'-- Up-to-date symlink: /home/ros2_ws/install/livox_ros_driver2/share/livox_ros_driver2/config/mixed_HAP_MID360_config.json\n'}
[1.186135] (livox_ros_driver2) StdoutLine: {'line': b'-- Up-to-date symlink: /home/ros2_ws/install/livox_ros_driver2/share/livox_ros_driver2/launch_ROS2/msg_HAP_launch.py\n'}
[1.186666] (livox_ros_driver2) StdoutLine: {'line': b'-- Up-to-date symlink: /home/ros2_ws/install/livox_ros_driver2/share/livox_ros_driver2/launch_ROS2/msg_MID360_launch.py\n'}
[1.187204] (livox_ros_driver2) StdoutLine: {'line': b'-- Up-to-date symlink: /home/ros2_ws/install/livox_ros_driver2/share/livox_ros_driver2/launch_ROS2/rviz_HAP_launch.py\n'}
[1.187734] (livox_ros_driver2) StdoutLine: {'line': b'-- Up-to-date symlink: /home/ros2_ws/install/livox_ros_driver2/share/livox_ros_driver2/launch_ROS2/rviz_MID360_launch.py\n'}
[1.188277] (livox_ros_driver2) StdoutLine: {'line': b'-- Up-to-date symlink: /home/ros2_ws/install/livox_ros_driver2/share/livox_ros_driver2/launch_ROS2/rviz_mixed.py\n'}
[1.189317] (livox_ros_driver2) StdoutLine: {'line': b'-- Up-to-date symlink: /home/ros2_ws/install/livox_ros_driver2/share/ament_index/resource_index/package_run_dependencies/livox_ros_driver2\n'}
[1.190357] (livox_ros_driver2) StdoutLine: {'line': b'-- Up-to-date symlink: /home/ros2_ws/install/livox_ros_driver2/share/ament_index/resource_index/parent_prefix_path/livox_ros_driver2\n'}
[1.191075] (livox_ros_driver2) StdoutLine: {'line': b'-- Up-to-date symlink: /home/ros2_ws/install/livox_ros_driver2/share/livox_ros_driver2/environment/ament_prefix_path.sh\n'}
[1.191452] (livox_ros_driver2) StdoutLine: {'line': b'-- Up-to-date symlink: /home/ros2_ws/install/livox_ros_driver2/share/livox_ros_driver2/environment/ament_prefix_path.dsv\n'}
[1.192136] (livox_ros_driver2) StdoutLine: {'line': b'-- Up-to-date symlink: /home/ros2_ws/install/livox_ros_driver2/share/livox_ros_driver2/environment/path.sh\n'}
[1.192525] (livox_ros_driver2) StdoutLine: {'line': b'-- Up-to-date symlink: /home/ros2_ws/install/livox_ros_driver2/share/livox_ros_driver2/environment/path.dsv\n'}
[1.193145] (livox_ros_driver2) StdoutLine: {'line': b'-- Up-to-date symlink: /home/ros2_ws/install/livox_ros_driver2/share/livox_ros_driver2/local_setup.bash\n'}
[1.193784] (livox_ros_driver2) StdoutLine: {'line': b'-- Up-to-date symlink: /home/ros2_ws/install/livox_ros_driver2/share/livox_ros_driver2/local_setup.sh\n'}
[1.194396] (livox_ros_driver2) StdoutLine: {'line': b'-- Up-to-date symlink: /home/ros2_ws/install/livox_ros_driver2/share/livox_ros_driver2/local_setup.zsh\n'}
[1.194784] (livox_ros_driver2) StdoutLine: {'line': b'-- Up-to-date symlink: /home/ros2_ws/install/livox_ros_driver2/share/livox_ros_driver2/local_setup.dsv\n'}
[1.195167] (livox_ros_driver2) StdoutLine: {'line': b'-- Symlinking: /home/ros2_ws/install/livox_ros_driver2/share/livox_ros_driver2/package.dsv\n'}
[1.202111] (-) TimerEvent: {}
[1.220378] (livox_ros_driver2) StdoutLine: {'line': b'-- Up-to-date symlink: /home/ros2_ws/install/livox_ros_driver2/share/ament_index/resource_index/packages/livox_ros_driver2\n'}
[1.221823] (livox_ros_driver2) StdoutLine: {'line': b'-- Up-to-date symlink: /home/ros2_ws/install/livox_ros_driver2/share/ament_index/resource_index/rclcpp_components/livox_ros_driver2\n'}
[1.222900] (livox_ros_driver2) StdoutLine: {'line': b'-- Up-to-date symlink: /home/ros2_ws/install/livox_ros_driver2/share/livox_ros_driver2/cmake/rosidl_cmake-extras.cmake\n'}
[1.223715] (livox_ros_driver2) StdoutLine: {'line': b'-- Up-to-date symlink: /home/ros2_ws/install/livox_ros_driver2/share/livox_ros_driver2/cmake/ament_cmake_export_dependencies-extras.cmake\n'}
[1.224533] (livox_ros_driver2) StdoutLine: {'line': b'-- Up-to-date symlink: /home/ros2_ws/install/livox_ros_driver2/share/livox_ros_driver2/cmake/ament_cmake_export_include_directories-extras.cmake\n'}
[1.225020] (livox_ros_driver2) StdoutLine: {'line': b'-- Up-to-date symlink: /home/ros2_ws/install/livox_ros_driver2/share/livox_ros_driver2/cmake/ament_cmake_export_libraries-extras.cmake\n'}
[1.225531] (livox_ros_driver2) StdoutLine: {'line': b'-- Up-to-date symlink: /home/ros2_ws/install/livox_ros_driver2/share/livox_ros_driver2/cmake/ament_cmake_export_targets-extras.cmake\n'}
[1.226289] (livox_ros_driver2) StdoutLine: {'line': b'-- Up-to-date symlink: /home/ros2_ws/install/livox_ros_driver2/share/livox_ros_driver2/cmake/rosidl_cmake_export_typesupport_targets-extras.cmake\n'}
[1.227062] (livox_ros_driver2) StdoutLine: {'line': b'-- Up-to-date symlink: /home/ros2_ws/install/livox_ros_driver2/share/livox_ros_driver2/cmake/rosidl_cmake_export_typesupport_libraries-extras.cmake\n'}
[1.227847] (livox_ros_driver2) StdoutLine: {'line': b'-- Up-to-date symlink: /home/ros2_ws/install/livox_ros_driver2/share/livox_ros_driver2/cmake/livox_ros_driver2Config.cmake\n'}
[1.228466] (livox_ros_driver2) StdoutLine: {'line': b'-- Up-to-date symlink: /home/ros2_ws/install/livox_ros_driver2/share/livox_ros_driver2/cmake/livox_ros_driver2Config-version.cmake\n'}
[1.228863] (livox_ros_driver2) StdoutLine: {'line': b'-- Up-to-date symlink: /home/ros2_ws/install/livox_ros_driver2/share/livox_ros_driver2/package.xml\n'}
[1.230434] (livox_ros_driver2) StdoutLine: {'line': b'-- Up-to-date: /home/ros2_ws/install/livox_ros_driver2/lib/liblivox_ros_driver2__rosidl_generator_c.so\n'}
[1.231755] (livox_ros_driver2) StdoutLine: {'line': b'-- Up-to-date: /home/ros2_ws/install/livox_ros_driver2/lib/liblivox_ros_driver2__rosidl_typesupport_fastrtps_c.so\n'}
[1.232925] (livox_ros_driver2) StdoutLine: {'line': b'-- Up-to-date: /home/ros2_ws/install/livox_ros_driver2/lib/liblivox_ros_driver2__rosidl_typesupport_introspection_c.so\n'}
[1.233943] (livox_ros_driver2) StdoutLine: {'line': b'-- Up-to-date: /home/ros2_ws/install/livox_ros_driver2/lib/liblivox_ros_driver2__rosidl_typesupport_c.so\n'}
[1.235955] (livox_ros_driver2) StdoutLine: {'line': b'-- Up-to-date: /home/ros2_ws/install/livox_ros_driver2/lib/liblivox_ros_driver2__rosidl_typesupport_fastrtps_cpp.so\n'}
[1.237905] (livox_ros_driver2) StdoutLine: {'line': b'-- Up-to-date: /home/ros2_ws/install/livox_ros_driver2/lib/liblivox_ros_driver2__rosidl_typesupport_introspection_cpp.so\n'}
[1.238897] (livox_ros_driver2) StdoutLine: {'line': b'-- Up-to-date: /home/ros2_ws/install/livox_ros_driver2/lib/liblivox_ros_driver2__rosidl_typesupport_cpp.so\n'}
[1.302211] (-) TimerEvent: {}
[1.321138] (livox_ros_driver2) StdoutLine: {'line': b"Listing '/home/ros2_ws/install/livox_ros_driver2/local/lib/python3.10/dist-packages/livox_ros_driver2'...\n"}
[1.321557] (livox_ros_driver2) StdoutLine: {'line': b"Listing '/home/ros2_ws/install/livox_ros_driver2/local/lib/python3.10/dist-packages/livox_ros_driver2/msg'...\n"}
[1.337008] (livox_ros_driver2) StdoutLine: {'line': b'-- Up-to-date: /home/ros2_ws/install/livox_ros_driver2/lib/liblivox_interfaces2__rosidl_generator_py.so\n'}
[1.340625] (livox_ros_driver2) StdoutLine: {'line': b'-- Up-to-date: /home/ros2_ws/install/livox_ros_driver2/share/livox_ros_driver2/cmake/export_livox_interfaces2__rosidl_generator_cExport.cmake\n'}
[1.341124] (livox_ros_driver2) StdoutLine: {'line': b'-- Up-to-date: /home/ros2_ws/install/livox_ros_driver2/share/livox_ros_driver2/cmake/export_livox_interfaces2__rosidl_generator_cExport-noconfig.cmake\n'}
[1.342088] (livox_ros_driver2) StdoutLine: {'line': b'-- Up-to-date: /home/ros2_ws/install/livox_ros_driver2/share/livox_ros_driver2/cmake/export_livox_interfaces2__rosidl_typesupport_fastrtps_cExport.cmake\n'}
[1.342518] (livox_ros_driver2) StdoutLine: {'line': b'-- Up-to-date: /home/ros2_ws/install/livox_ros_driver2/share/livox_ros_driver2/cmake/export_livox_interfaces2__rosidl_typesupport_fastrtps_cExport-noconfig.cmake\n'}
[1.343535] (livox_ros_driver2) StdoutLine: {'line': b'-- Up-to-date: /home/ros2_ws/install/livox_ros_driver2/share/livox_ros_driver2/cmake/livox_interfaces2__rosidl_typesupport_introspection_cExport.cmake\n'}
[1.343960] (livox_ros_driver2) StdoutLine: {'line': b'-- Up-to-date: /home/ros2_ws/install/livox_ros_driver2/share/livox_ros_driver2/cmake/livox_interfaces2__rosidl_typesupport_introspection_cExport-noconfig.cmake\n'}
[1.345058] (livox_ros_driver2) StdoutLine: {'line': b'-- Up-to-date: /home/ros2_ws/install/livox_ros_driver2/share/livox_ros_driver2/cmake/livox_interfaces2__rosidl_typesupport_cExport.cmake\n'}
[1.345526] (livox_ros_driver2) StdoutLine: {'line': b'-- Up-to-date: /home/ros2_ws/install/livox_ros_driver2/share/livox_ros_driver2/cmake/livox_interfaces2__rosidl_typesupport_cExport-noconfig.cmake\n'}
[1.346433] (livox_ros_driver2) StdoutLine: {'line': b'-- Up-to-date: /home/ros2_ws/install/livox_ros_driver2/share/livox_ros_driver2/cmake/export_livox_interfaces2__rosidl_generator_cppExport.cmake\n'}
[1.347796] (livox_ros_driver2) StdoutLine: {'line': b'-- Up-to-date: /home/ros2_ws/install/livox_ros_driver2/share/livox_ros_driver2/cmake/export_livox_interfaces2__rosidl_typesupport_fastrtps_cppExport.cmake\n'}
[1.348274] (livox_ros_driver2) StdoutLine: {'line': b'-- Up-to-date: /home/ros2_ws/install/livox_ros_driver2/share/livox_ros_driver2/cmake/export_livox_interfaces2__rosidl_typesupport_fastrtps_cppExport-noconfig.cmake\n'}
[1.349454] (livox_ros_driver2) StdoutLine: {'line': b'-- Up-to-date: /home/ros2_ws/install/livox_ros_driver2/share/livox_ros_driver2/cmake/livox_interfaces2__rosidl_typesupport_introspection_cppExport.cmake\n'}
[1.349895] (livox_ros_driver2) StdoutLine: {'line': b'-- Up-to-date: /home/ros2_ws/install/livox_ros_driver2/share/livox_ros_driver2/cmake/livox_interfaces2__rosidl_typesupport_introspection_cppExport-noconfig.cmake\n'}
[1.350984] (livox_ros_driver2) StdoutLine: {'line': b'-- Up-to-date: /home/ros2_ws/install/livox_ros_driver2/share/livox_ros_driver2/cmake/livox_interfaces2__rosidl_typesupport_cppExport.cmake\n'}
[1.351439] (livox_ros_driver2) StdoutLine: {'line': b'-- Up-to-date: /home/ros2_ws/install/livox_ros_driver2/share/livox_ros_driver2/cmake/livox_interfaces2__rosidl_typesupport_cppExport-noconfig.cmake\n'}
[1.352551] (livox_ros_driver2) StdoutLine: {'line': b'-- Up-to-date: /home/ros2_ws/install/livox_ros_driver2/share/livox_ros_driver2/cmake/export_livox_interfaces2__rosidl_generator_pyExport.cmake\n'}
[1.352993] (livox_ros_driver2) StdoutLine: {'line': b'-- Up-to-date: /home/ros2_ws/install/livox_ros_driver2/share/livox_ros_driver2/cmake/export_livox_interfaces2__rosidl_generator_pyExport-noconfig.cmake\n'}
[1.364323] (livox_ros_driver2) CommandEnded: {'returncode': 0}
[1.402416] (-) TimerEvent: {}
[1.464945] (livox_ros_driver2) JobEnded: {'identifier': 'livox_ros_driver2', 'rc': 0}
[1.467165] (-) EventReactorShutdown: {}
