[0.030s] Invoking command in '/home/ros2_ws/build/livox_ros_driver2': CMAKE_PREFIX_PATH=${CMAKE_PREFIX_PATH}:/opt/ros/humble /usr/bin/cmake --build /home/ros2_ws/build/livox_ros_driver2 -- -j6 -l6
[0.184s] [  1%] Built target livox_interfaces2__cpp
[0.191s] [  8%] Built target livox_interfaces2__rosidl_generator_c
[0.208s] [ 12%] Built target livox_ros_driver2_node
[0.214s] [ 12%] Built target ament_cmake_python_symlink_livox_ros_driver2
[0.247s] [ 19%] Built target livox_interfaces2__rosidl_typesupport_cpp
[0.248s] [ 29%] Built target livox_interfaces2__rosidl_typesupport_introspection_cpp
[0.249s] [ 33%] Built target livox_interfaces2__rosidl_typesupport_fastrtps_cpp
[0.263s] [ 40%] Built target livox_interfaces2__rosidl_typesupport_fastrtps_c
[0.279s] [ 54%] Built target livox_interfaces2__rosidl_typesupport_introspection_c
[0.280s] [ 54%] Built target livox_interfaces2__rosidl_typesupport_c
[0.340s] [ 54%] Built target livox_interfaces2
[0.387s] [ 82%] Built target livox_ros_driver2
[0.403s] [ 84%] Built target livox_interfaces2__py
[0.471s] [ 89%] Built target livox_interfaces2__rosidl_generator_py
[0.536s] [ 98%] Built target livox_ros_driver2__rosidl_typesupport_introspection_c__pyext
[0.537s] [ 98%] Built target livox_ros_driver2__rosidl_typesupport_c__pyext
[0.537s] [100%] Built target livox_ros_driver2__rosidl_typesupport_fastrtps_c__pyext
[0.762s] running egg_info
[0.764s] writing livox_ros_driver2.egg-info/PKG-INFO
[0.765s] writing dependency_links to livox_ros_driver2.egg-info/dependency_links.txt
[0.766s] writing top-level names to livox_ros_driver2.egg-info/top_level.txt
[0.770s] reading manifest file 'livox_ros_driver2.egg-info/SOURCES.txt'
[0.772s] writing manifest file 'livox_ros_driver2.egg-info/SOURCES.txt'
[0.879s] [100%] Built target ament_cmake_python_build_livox_ros_driver2_egg
[0.915s] Invoked command in '/home/ros2_ws/build/livox_ros_driver2' returned '0': CMAKE_PREFIX_PATH=${CMAKE_PREFIX_PATH}:/opt/ros/humble /usr/bin/cmake --build /home/ros2_ws/build/livox_ros_driver2 -- -j6 -l6
[0.950s] Invoking command in '/home/ros2_ws/build/livox_ros_driver2': CMAKE_PREFIX_PATH=${CMAKE_PREFIX_PATH}:/opt/ros/humble /usr/bin/cmake --install /home/ros2_ws/build/livox_ros_driver2
[0.977s] -- Install configuration: ""
[0.978s] -- Execute custom install script
[0.978s] -- Up-to-date symlink: /home/ros2_ws/install/livox_ros_driver2/share/ament_index/resource_index/rosidl_interfaces/livox_ros_driver2
[0.979s] -- Up-to-date symlink: /home/ros2_ws/install/livox_ros_driver2/include/livox_ros_driver2/livox_ros_driver2/msg/custom_msg.h
[0.980s] -- Up-to-date symlink: /home/ros2_ws/install/livox_ros_driver2/include/livox_ros_driver2/livox_ros_driver2/msg/custom_point.h
[0.980s] -- Up-to-date symlink: /home/ros2_ws/install/livox_ros_driver2/include/livox_ros_driver2/livox_ros_driver2/msg/detail/custom_msg__functions.h
[0.980s] -- Up-to-date symlink: /home/ros2_ws/install/livox_ros_driver2/include/livox_ros_driver2/livox_ros_driver2/msg/detail/custom_msg__struct.h
[0.980s] -- Up-to-date symlink: /home/ros2_ws/install/livox_ros_driver2/include/livox_ros_driver2/livox_ros_driver2/msg/detail/custom_msg__type_support.h
[0.981s] -- Up-to-date symlink: /home/ros2_ws/install/livox_ros_driver2/include/livox_ros_driver2/livox_ros_driver2/msg/detail/custom_point__functions.h
[0.981s] -- Up-to-date symlink: /home/ros2_ws/install/livox_ros_driver2/include/livox_ros_driver2/livox_ros_driver2/msg/detail/custom_point__struct.h
[0.981s] -- Up-to-date symlink: /home/ros2_ws/install/livox_ros_driver2/include/livox_ros_driver2/livox_ros_driver2/msg/detail/custom_point__type_support.h
[0.981s] -- Up-to-date symlink: /home/ros2_ws/install/livox_ros_driver2/include/livox_ros_driver2/livox_ros_driver2/msg/rosidl_generator_c__visibility_control.h
[0.982s] -- Up-to-date symlink: /home/ros2_ws/install/livox_ros_driver2/share/livox_ros_driver2/environment/library_path.sh
[0.982s] -- Up-to-date symlink: /home/ros2_ws/install/livox_ros_driver2/share/livox_ros_driver2/environment/library_path.dsv
[0.983s] -- Up-to-date symlink: /home/ros2_ws/install/livox_ros_driver2/include/livox_ros_driver2/livox_ros_driver2/msg/detail/custom_msg__rosidl_typesupport_fastrtps_c.h
[0.983s] -- Up-to-date symlink: /home/ros2_ws/install/livox_ros_driver2/include/livox_ros_driver2/livox_ros_driver2/msg/detail/custom_point__rosidl_typesupport_fastrtps_c.h
[0.983s] -- Up-to-date symlink: /home/ros2_ws/install/livox_ros_driver2/include/livox_ros_driver2/livox_ros_driver2/msg/rosidl_typesupport_fastrtps_c__visibility_control.h
[0.984s] -- Up-to-date symlink: /home/ros2_ws/install/livox_ros_driver2/include/livox_ros_driver2/livox_ros_driver2/msg/detail/custom_msg__rosidl_typesupport_introspection_c.h
[0.984s] -- Up-to-date symlink: /home/ros2_ws/install/livox_ros_driver2/include/livox_ros_driver2/livox_ros_driver2/msg/detail/custom_point__rosidl_typesupport_introspection_c.h
[0.985s] -- Up-to-date symlink: /home/ros2_ws/install/livox_ros_driver2/include/livox_ros_driver2/livox_ros_driver2/msg/rosidl_typesupport_introspection_c__visibility_control.h
[0.986s] -- Up-to-date symlink: /home/ros2_ws/install/livox_ros_driver2/include/livox_ros_driver2/livox_ros_driver2/msg/custom_msg.hpp
[0.986s] -- Up-to-date symlink: /home/ros2_ws/install/livox_ros_driver2/include/livox_ros_driver2/livox_ros_driver2/msg/custom_point.hpp
[0.987s] -- Up-to-date symlink: /home/ros2_ws/install/livox_ros_driver2/include/livox_ros_driver2/livox_ros_driver2/msg/detail/custom_msg__builder.hpp
[0.987s] -- Up-to-date symlink: /home/ros2_ws/install/livox_ros_driver2/include/livox_ros_driver2/livox_ros_driver2/msg/detail/custom_msg__struct.hpp
[0.987s] -- Up-to-date symlink: /home/ros2_ws/install/livox_ros_driver2/include/livox_ros_driver2/livox_ros_driver2/msg/detail/custom_msg__traits.hpp
[0.987s] -- Up-to-date symlink: /home/ros2_ws/install/livox_ros_driver2/include/livox_ros_driver2/livox_ros_driver2/msg/detail/custom_msg__type_support.hpp
[0.988s] -- Up-to-date symlink: /home/ros2_ws/install/livox_ros_driver2/include/livox_ros_driver2/livox_ros_driver2/msg/detail/custom_point__builder.hpp
[0.988s] -- Up-to-date symlink: /home/ros2_ws/install/livox_ros_driver2/include/livox_ros_driver2/livox_ros_driver2/msg/detail/custom_point__struct.hpp
[0.988s] -- Up-to-date symlink: /home/ros2_ws/install/livox_ros_driver2/include/livox_ros_driver2/livox_ros_driver2/msg/detail/custom_point__traits.hpp
[0.988s] -- Up-to-date symlink: /home/ros2_ws/install/livox_ros_driver2/include/livox_ros_driver2/livox_ros_driver2/msg/detail/custom_point__type_support.hpp
[0.988s] -- Up-to-date symlink: /home/ros2_ws/install/livox_ros_driver2/include/livox_ros_driver2/livox_ros_driver2/msg/rosidl_generator_cpp__visibility_control.hpp
[0.989s] -- Up-to-date symlink: /home/ros2_ws/install/livox_ros_driver2/include/livox_ros_driver2/livox_ros_driver2/msg/detail/custom_msg__rosidl_typesupport_fastrtps_cpp.hpp
[0.990s] -- Up-to-date symlink: /home/ros2_ws/install/livox_ros_driver2/include/livox_ros_driver2/livox_ros_driver2/msg/detail/custom_point__rosidl_typesupport_fastrtps_cpp.hpp
[0.990s] -- Up-to-date symlink: /home/ros2_ws/install/livox_ros_driver2/include/livox_ros_driver2/livox_ros_driver2/msg/rosidl_typesupport_fastrtps_cpp__visibility_control.h
[0.991s] -- Up-to-date symlink: /home/ros2_ws/install/livox_ros_driver2/include/livox_ros_driver2/livox_ros_driver2/msg/detail/custom_msg__rosidl_typesupport_introspection_cpp.hpp
[0.991s] -- Up-to-date symlink: /home/ros2_ws/install/livox_ros_driver2/include/livox_ros_driver2/livox_ros_driver2/msg/detail/custom_point__rosidl_typesupport_introspection_cpp.hpp
[0.991s] -- Up-to-date symlink: /home/ros2_ws/install/livox_ros_driver2/share/livox_ros_driver2/environment/pythonpath.sh
[0.992s] -- Up-to-date symlink: /home/ros2_ws/install/livox_ros_driver2/share/livox_ros_driver2/environment/pythonpath.dsv
[0.992s] -- Up-to-date symlink: /home/ros2_ws/install/livox_ros_driver2/local/lib/python3.10/dist-packages/livox_ros_driver2-1.0.0-py3.10.egg-info/PKG-INFO
[0.992s] -- Up-to-date symlink: /home/ros2_ws/install/livox_ros_driver2/local/lib/python3.10/dist-packages/livox_ros_driver2-1.0.0-py3.10.egg-info/SOURCES.txt
[0.993s] -- Up-to-date symlink: /home/ros2_ws/install/livox_ros_driver2/local/lib/python3.10/dist-packages/livox_ros_driver2-1.0.0-py3.10.egg-info/dependency_links.txt
[0.993s] -- Up-to-date symlink: /home/ros2_ws/install/livox_ros_driver2/local/lib/python3.10/dist-packages/livox_ros_driver2-1.0.0-py3.10.egg-info/top_level.txt
[0.994s] -- Up-to-date symlink: /home/ros2_ws/install/livox_ros_driver2/local/lib/python3.10/dist-packages/livox_ros_driver2/__init__.py
[0.994s] -- Up-to-date symlink: /home/ros2_ws/install/livox_ros_driver2/local/lib/python3.10/dist-packages/livox_ros_driver2/_livox_ros_driver2_s.ep.rosidl_typesupport_c.c
[0.995s] -- Up-to-date symlink: /home/ros2_ws/install/livox_ros_driver2/local/lib/python3.10/dist-packages/livox_ros_driver2/_livox_ros_driver2_s.ep.rosidl_typesupport_fastrtps_c.c
[0.995s] -- Up-to-date symlink: /home/ros2_ws/install/livox_ros_driver2/local/lib/python3.10/dist-packages/livox_ros_driver2/_livox_ros_driver2_s.ep.rosidl_typesupport_introspection_c.c
[0.995s] -- Up-to-date symlink: /home/ros2_ws/install/livox_ros_driver2/local/lib/python3.10/dist-packages/livox_ros_driver2/liblivox_interfaces2__rosidl_generator_py.so
[0.995s] -- Up-to-date symlink: /home/ros2_ws/install/livox_ros_driver2/local/lib/python3.10/dist-packages/livox_ros_driver2/livox_ros_driver2_s__rosidl_typesupport_c.cpython-310-aarch64-linux-gnu.so
[0.996s] -- Up-to-date symlink: /home/ros2_ws/install/livox_ros_driver2/local/lib/python3.10/dist-packages/livox_ros_driver2/livox_ros_driver2_s__rosidl_typesupport_fastrtps_c.cpython-310-aarch64-linux-gnu.so
[0.996s] -- Up-to-date symlink: /home/ros2_ws/install/livox_ros_driver2/local/lib/python3.10/dist-packages/livox_ros_driver2/livox_ros_driver2_s__rosidl_typesupport_introspection_c.cpython-310-aarch64-linux-gnu.so
[0.996s] -- Up-to-date symlink: /home/ros2_ws/install/livox_ros_driver2/local/lib/python3.10/dist-packages/livox_ros_driver2/msg/__init__.py
[0.996s] -- Up-to-date symlink: /home/ros2_ws/install/livox_ros_driver2/local/lib/python3.10/dist-packages/livox_ros_driver2/msg/_custom_msg.py
[0.996s] -- Up-to-date symlink: /home/ros2_ws/install/livox_ros_driver2/local/lib/python3.10/dist-packages/livox_ros_driver2/msg/_custom_msg_s.c
[0.997s] -- Up-to-date symlink: /home/ros2_ws/install/livox_ros_driver2/local/lib/python3.10/dist-packages/livox_ros_driver2/msg/_custom_point.py
[0.997s] -- Up-to-date symlink: /home/ros2_ws/install/livox_ros_driver2/local/lib/python3.10/dist-packages/livox_ros_driver2/msg/_custom_point_s.c
[0.997s] -- Up-to-date symlink: /home/ros2_ws/install/livox_ros_driver2/local/lib/python3.10/dist-packages/livox_ros_driver2/livox_ros_driver2_s__rosidl_typesupport_fastrtps_c.cpython-310-aarch64-linux-gnu.so
[0.998s] -- Up-to-date symlink: /home/ros2_ws/install/livox_ros_driver2/local/lib/python3.10/dist-packages/livox_ros_driver2/livox_ros_driver2_s__rosidl_typesupport_introspection_c.cpython-310-aarch64-linux-gnu.so
[0.998s] -- Up-to-date symlink: /home/ros2_ws/install/livox_ros_driver2/local/lib/python3.10/dist-packages/livox_ros_driver2/livox_ros_driver2_s__rosidl_typesupport_c.cpython-310-aarch64-linux-gnu.so
[0.999s] -- Up-to-date symlink: /home/ros2_ws/install/livox_ros_driver2/share/livox_ros_driver2/msg/CustomPoint.idl
[0.999s] -- Up-to-date symlink: /home/ros2_ws/install/livox_ros_driver2/share/livox_ros_driver2/msg/CustomMsg.idl
[1.000s] -- Up-to-date symlink: /home/ros2_ws/install/livox_ros_driver2/share/livox_ros_driver2/msg/CustomPoint.msg
[1.000s] -- Up-to-date symlink: /home/ros2_ws/install/livox_ros_driver2/share/livox_ros_driver2/msg/CustomMsg.msg
[1.000s] -- Up-to-date symlink: /home/ros2_ws/install/livox_ros_driver2/lib/livox_ros_driver2/livox_ros_driver2_node
[1.001s] -- Up-to-date symlink: /home/ros2_ws/install/livox_ros_driver2/lib/liblivox_ros_driver2.so
[1.002s] -- Up-to-date symlink: /home/ros2_ws/install/livox_ros_driver2/share/livox_ros_driver2/config/HAP_config.json
[1.002s] -- Up-to-date symlink: /home/ros2_ws/install/livox_ros_driver2/share/livox_ros_driver2/config/MID360_config.json
[1.002s] -- Up-to-date symlink: /home/ros2_ws/install/livox_ros_driver2/share/livox_ros_driver2/config/display_point_cloud_ROS1.rviz
[1.002s] -- Up-to-date symlink: /home/ros2_ws/install/livox_ros_driver2/share/livox_ros_driver2/config/display_point_cloud_ROS2.rviz
[1.002s] -- Up-to-date symlink: /home/ros2_ws/install/livox_ros_driver2/share/livox_ros_driver2/config/mixed_HAP_MID360_config.json
[1.003s] -- Up-to-date symlink: /home/ros2_ws/install/livox_ros_driver2/share/livox_ros_driver2/launch_ROS2/msg_HAP_launch.py
[1.003s] -- Up-to-date symlink: /home/ros2_ws/install/livox_ros_driver2/share/livox_ros_driver2/launch_ROS2/msg_MID360_launch.py
[1.004s] -- Up-to-date symlink: /home/ros2_ws/install/livox_ros_driver2/share/livox_ros_driver2/launch_ROS2/rviz_HAP_launch.py
[1.004s] -- Up-to-date symlink: /home/ros2_ws/install/livox_ros_driver2/share/livox_ros_driver2/launch_ROS2/rviz_MID360_launch.py
[1.004s] -- Up-to-date symlink: /home/ros2_ws/install/livox_ros_driver2/share/livox_ros_driver2/launch_ROS2/rviz_mixed.py
[1.004s] -- Up-to-date symlink: /home/ros2_ws/install/livox_ros_driver2/share/ament_index/resource_index/package_run_dependencies/livox_ros_driver2
[1.005s] -- Up-to-date symlink: /home/ros2_ws/install/livox_ros_driver2/share/ament_index/resource_index/parent_prefix_path/livox_ros_driver2
[1.005s] -- Up-to-date symlink: /home/ros2_ws/install/livox_ros_driver2/share/livox_ros_driver2/environment/ament_prefix_path.sh
[1.005s] -- Up-to-date symlink: /home/ros2_ws/install/livox_ros_driver2/share/livox_ros_driver2/environment/ament_prefix_path.dsv
[1.006s] -- Up-to-date symlink: /home/ros2_ws/install/livox_ros_driver2/share/livox_ros_driver2/environment/path.sh
[1.006s] -- Up-to-date symlink: /home/ros2_ws/install/livox_ros_driver2/share/livox_ros_driver2/environment/path.dsv
[1.006s] -- Up-to-date symlink: /home/ros2_ws/install/livox_ros_driver2/share/livox_ros_driver2/local_setup.bash
[1.007s] -- Up-to-date symlink: /home/ros2_ws/install/livox_ros_driver2/share/livox_ros_driver2/local_setup.sh
[1.007s] -- Up-to-date symlink: /home/ros2_ws/install/livox_ros_driver2/share/livox_ros_driver2/local_setup.zsh
[1.007s] -- Up-to-date symlink: /home/ros2_ws/install/livox_ros_driver2/share/livox_ros_driver2/local_setup.dsv
[1.007s] -- Symlinking: /home/ros2_ws/install/livox_ros_driver2/share/livox_ros_driver2/package.dsv
[1.035s] -- Up-to-date symlink: /home/ros2_ws/install/livox_ros_driver2/share/ament_index/resource_index/packages/livox_ros_driver2
[1.036s] -- Up-to-date symlink: /home/ros2_ws/install/livox_ros_driver2/share/ament_index/resource_index/rclcpp_components/livox_ros_driver2
[1.036s] -- Up-to-date symlink: /home/ros2_ws/install/livox_ros_driver2/share/livox_ros_driver2/cmake/rosidl_cmake-extras.cmake
[1.036s] -- Up-to-date symlink: /home/ros2_ws/install/livox_ros_driver2/share/livox_ros_driver2/cmake/ament_cmake_export_dependencies-extras.cmake
[1.036s] -- Up-to-date symlink: /home/ros2_ws/install/livox_ros_driver2/share/livox_ros_driver2/cmake/ament_cmake_export_include_directories-extras.cmake
[1.037s] -- Up-to-date symlink: /home/ros2_ws/install/livox_ros_driver2/share/livox_ros_driver2/cmake/ament_cmake_export_libraries-extras.cmake
[1.037s] -- Up-to-date symlink: /home/ros2_ws/install/livox_ros_driver2/share/livox_ros_driver2/cmake/ament_cmake_export_targets-extras.cmake
[1.037s] -- Up-to-date symlink: /home/ros2_ws/install/livox_ros_driver2/share/livox_ros_driver2/cmake/rosidl_cmake_export_typesupport_targets-extras.cmake
[1.038s] -- Up-to-date symlink: /home/ros2_ws/install/livox_ros_driver2/share/livox_ros_driver2/cmake/rosidl_cmake_export_typesupport_libraries-extras.cmake
[1.038s] -- Up-to-date symlink: /home/ros2_ws/install/livox_ros_driver2/share/livox_ros_driver2/cmake/livox_ros_driver2Config.cmake
[1.039s] -- Up-to-date symlink: /home/ros2_ws/install/livox_ros_driver2/share/livox_ros_driver2/cmake/livox_ros_driver2Config-version.cmake
[1.039s] -- Up-to-date symlink: /home/ros2_ws/install/livox_ros_driver2/share/livox_ros_driver2/package.xml
[1.039s] -- Up-to-date: /home/ros2_ws/install/livox_ros_driver2/lib/liblivox_ros_driver2__rosidl_generator_c.so
[1.040s] -- Up-to-date: /home/ros2_ws/install/livox_ros_driver2/lib/liblivox_ros_driver2__rosidl_typesupport_fastrtps_c.so
[1.040s] -- Up-to-date: /home/ros2_ws/install/livox_ros_driver2/lib/liblivox_ros_driver2__rosidl_typesupport_introspection_c.so
[1.041s] -- Up-to-date: /home/ros2_ws/install/livox_ros_driver2/lib/liblivox_ros_driver2__rosidl_typesupport_c.so
[1.041s] -- Up-to-date: /home/ros2_ws/install/livox_ros_driver2/lib/liblivox_ros_driver2__rosidl_typesupport_fastrtps_cpp.so
[1.042s] -- Up-to-date: /home/ros2_ws/install/livox_ros_driver2/lib/liblivox_ros_driver2__rosidl_typesupport_introspection_cpp.so
[1.042s] -- Up-to-date: /home/ros2_ws/install/livox_ros_driver2/lib/liblivox_ros_driver2__rosidl_typesupport_cpp.so
[1.128s] Listing '/home/ros2_ws/install/livox_ros_driver2/local/lib/python3.10/dist-packages/livox_ros_driver2'...
[1.129s] Listing '/home/ros2_ws/install/livox_ros_driver2/local/lib/python3.10/dist-packages/livox_ros_driver2/msg'...
[1.144s] -- Up-to-date: /home/ros2_ws/install/livox_ros_driver2/lib/liblivox_interfaces2__rosidl_generator_py.so
[1.144s] -- Up-to-date: /home/ros2_ws/install/livox_ros_driver2/share/livox_ros_driver2/cmake/export_livox_interfaces2__rosidl_generator_cExport.cmake
[1.145s] -- Up-to-date: /home/ros2_ws/install/livox_ros_driver2/share/livox_ros_driver2/cmake/export_livox_interfaces2__rosidl_generator_cExport-noconfig.cmake
[1.145s] -- Up-to-date: /home/ros2_ws/install/livox_ros_driver2/share/livox_ros_driver2/cmake/export_livox_interfaces2__rosidl_typesupport_fastrtps_cExport.cmake
[1.145s] -- Up-to-date: /home/ros2_ws/install/livox_ros_driver2/share/livox_ros_driver2/cmake/export_livox_interfaces2__rosidl_typesupport_fastrtps_cExport-noconfig.cmake
[1.146s] -- Up-to-date: /home/ros2_ws/install/livox_ros_driver2/share/livox_ros_driver2/cmake/livox_interfaces2__rosidl_typesupport_introspection_cExport.cmake
[1.146s] -- Up-to-date: /home/ros2_ws/install/livox_ros_driver2/share/livox_ros_driver2/cmake/livox_interfaces2__rosidl_typesupport_introspection_cExport-noconfig.cmake
[1.146s] -- Up-to-date: /home/ros2_ws/install/livox_ros_driver2/share/livox_ros_driver2/cmake/livox_interfaces2__rosidl_typesupport_cExport.cmake
[1.146s] -- Up-to-date: /home/ros2_ws/install/livox_ros_driver2/share/livox_ros_driver2/cmake/livox_interfaces2__rosidl_typesupport_cExport-noconfig.cmake
[1.146s] -- Up-to-date: /home/ros2_ws/install/livox_ros_driver2/share/livox_ros_driver2/cmake/export_livox_interfaces2__rosidl_generator_cppExport.cmake
[1.147s] -- Up-to-date: /home/ros2_ws/install/livox_ros_driver2/share/livox_ros_driver2/cmake/export_livox_interfaces2__rosidl_typesupport_fastrtps_cppExport.cmake
[1.147s] -- Up-to-date: /home/ros2_ws/install/livox_ros_driver2/share/livox_ros_driver2/cmake/export_livox_interfaces2__rosidl_typesupport_fastrtps_cppExport-noconfig.cmake
[1.147s] -- Up-to-date: /home/ros2_ws/install/livox_ros_driver2/share/livox_ros_driver2/cmake/livox_interfaces2__rosidl_typesupport_introspection_cppExport.cmake
[1.147s] -- Up-to-date: /home/ros2_ws/install/livox_ros_driver2/share/livox_ros_driver2/cmake/livox_interfaces2__rosidl_typesupport_introspection_cppExport-noconfig.cmake
[1.147s] -- Up-to-date: /home/ros2_ws/install/livox_ros_driver2/share/livox_ros_driver2/cmake/livox_interfaces2__rosidl_typesupport_cppExport.cmake
[1.147s] -- Up-to-date: /home/ros2_ws/install/livox_ros_driver2/share/livox_ros_driver2/cmake/livox_interfaces2__rosidl_typesupport_cppExport-noconfig.cmake
[1.148s] -- Up-to-date: /home/ros2_ws/install/livox_ros_driver2/share/livox_ros_driver2/cmake/export_livox_interfaces2__rosidl_generator_pyExport.cmake
[1.148s] -- Up-to-date: /home/ros2_ws/install/livox_ros_driver2/share/livox_ros_driver2/cmake/export_livox_interfaces2__rosidl_generator_pyExport-noconfig.cmake
[1.155s] Invoked command in '/home/ros2_ws/build/livox_ros_driver2' returned '0': CMAKE_PREFIX_PATH=${CMAKE_PREFIX_PATH}:/opt/ros/humble /usr/bin/cmake --install /home/ros2_ws/build/livox_ros_driver2
