[0.027s] Invoking command in '/home/ros2_ws/build/sensor_description': CMAKE_PREFIX_PATH=${CMAKE_PREFIX_PATH}:/opt/ros/humble /usr/bin/cmake --build /home/ros2_ws/build/sensor_description
[0.135s] Invoked command in '/home/ros2_ws/build/sensor_description' returned '0': CMAKE_PREFIX_PATH=${CMAKE_PREFIX_PATH}:/opt/ros/humble /usr/bin/cmake --build /home/ros2_ws/build/sensor_description
[0.165s] Invoking command in '/home/ros2_ws/build/sensor_description': CMAKE_PREFIX_PATH=${CMAKE_PREFIX_PATH}:/opt/ros/humble /usr/bin/cmake --install /home/ros2_ws/build/sensor_description
[0.194s] -- Install configuration: ""
[0.195s] -- Up-to-date: /home/ros2_ws/install/sensor_description/share/sensor_description//meshes
[0.195s] -- Up-to-date: /home/ros2_ws/install/sensor_description/share/sensor_description//meshes/r200.jpg
[0.196s] -- Up-to-date: /home/ros2_ws/install/sensor_description/share/sensor_description//meshes/lydar.STL
[0.196s] -- Up-to-date: /home/ros2_ws/install/sensor_description/share/sensor_description//meshes/d415.stl
[0.196s] -- Up-to-date: /home/ros2_ws/install/sensor_description/share/sensor_description//meshes/rplidar-a2.stl
[0.196s] -- Up-to-date: /home/ros2_ws/install/sensor_description/share/sensor_description//meshes/lds.stl
[0.197s] -- Up-to-date: /home/ros2_ws/install/sensor_description/share/sensor_description//meshes/astra.dae
[0.197s] -- Up-to-date: /home/ros2_ws/install/sensor_description/share/sensor_description//meshes/plug_collision.stl
[0.197s] -- Up-to-date: /home/ros2_ws/install/sensor_description/share/sensor_description//meshes/gemini335_336
[0.197s] -- Up-to-date: /home/ros2_ws/install/sensor_description/share/sensor_description//meshes/gemini335_336/camera_color_frame.STL
[0.197s] -- Up-to-date: /home/ros2_ws/install/sensor_description/share/sensor_description//meshes/gemini335_336/camera_infra_1_optical_frame.STL
[0.198s] -- Up-to-date: /home/ros2_ws/install/sensor_description/share/sensor_description//meshes/gemini335_336/camera_depth_frame.STL
[0.198s] -- Up-to-date: /home/ros2_ws/install/sensor_description/share/sensor_description//meshes/gemini335_336/camera_infra2_optical_frame.STL
[0.198s] -- Up-to-date: /home/ros2_ws/install/sensor_description/share/sensor_description//meshes/gemini335_336/camera_depth_optical_frame.STL
[0.198s] -- Up-to-date: /home/ros2_ws/install/sensor_description/share/sensor_description//meshes/gemini335_336/camera_color_optical_frame.STL
[0.198s] -- Up-to-date: /home/ros2_ws/install/sensor_description/share/sensor_description//meshes/gemini335_336/camera_link.STL
[0.198s] -- Up-to-date: /home/ros2_ws/install/sensor_description/share/sensor_description//meshes/gemini335_336/camera_infra2_frame.STL
[0.198s] -- Up-to-date: /home/ros2_ws/install/sensor_description/share/sensor_description//meshes/gemini335_336/camera_infra_1_frame.STL
[0.198s] -- Up-to-date: /home/ros2_ws/install/sensor_description/share/sensor_description//meshes/gemini335_336/camera_bottom_screw_frame.STL
[0.199s] -- Up-to-date: /home/ros2_ws/install/sensor_description/share/sensor_description//meshes/rplidar.dae
[0.199s] -- Up-to-date: /home/ros2_ws/install/sensor_description/share/sensor_description//meshes/r200.dae
[0.199s] -- Up-to-date: /home/ros2_ws/install/sensor_description/share/sensor_description//meshes/t265.stl
[0.199s] -- Up-to-date: /home/ros2_ws/install/sensor_description/share/sensor_description//meshes/rplidar2.dae
[0.199s] -- Up-to-date: /home/ros2_ws/install/sensor_description/share/sensor_description//meshes/d435.dae
[0.199s] -- Up-to-date: /home/ros2_ws/install/sensor_description/share/sensor_description//meshes/astra.jpg
[0.199s] -- Up-to-date: /home/ros2_ws/install/sensor_description/share/sensor_description//meshes/plug.stl
[0.199s] -- Up-to-date: /home/ros2_ws/install/sensor_description/share/sensor_description//xacro
[0.200s] -- Up-to-date: /home/ros2_ws/install/sensor_description/share/sensor_description//xacro/threeD_lidar.xacro
[0.200s] -- Up-to-date: /home/ros2_ws/install/sensor_description/share/sensor_description//xacro/gemini_335.xacro
[0.200s] -- Up-to-date: /home/ros2_ws/install/sensor_description/share/sensor_description//xacro/livox_mid360.xacro
[0.200s] -- Up-to-date: /home/ros2_ws/install/sensor_description/share/sensor_description//xacro/d435.urdf.xacro
[0.201s] -- Up-to-date: /home/ros2_ws/install/sensor_description/share/sensor_description//xacro/rgbd_cam.xacro
[0.202s] -- Up-to-date: /home/ros2_ws/install/sensor_description/share/sensor_description//xacro/d435.gazebo.xacro
[0.203s] -- Up-to-date: /home/ros2_ws/install/sensor_description/share/sensor_description//xacro/twoD_lidar.xacro
[0.203s] -- Up-to-date: /home/ros2_ws/install/sensor_description/share/ament_index/resource_index/package_run_dependencies/sensor_description
[0.204s] -- Up-to-date: /home/ros2_ws/install/sensor_description/share/ament_index/resource_index/parent_prefix_path/sensor_description
[0.205s] -- Up-to-date: /home/ros2_ws/install/sensor_description/share/sensor_description/environment/ament_prefix_path.sh
[0.205s] -- Up-to-date: /home/ros2_ws/install/sensor_description/share/sensor_description/environment/ament_prefix_path.dsv
[0.206s] -- Up-to-date: /home/ros2_ws/install/sensor_description/share/sensor_description/environment/path.sh
[0.207s] -- Up-to-date: /home/ros2_ws/install/sensor_description/share/sensor_description/environment/path.dsv
[0.207s] -- Up-to-date: /home/ros2_ws/install/sensor_description/share/sensor_description/local_setup.bash
[0.207s] -- Up-to-date: /home/ros2_ws/install/sensor_description/share/sensor_description/local_setup.sh
[0.208s] -- Up-to-date: /home/ros2_ws/install/sensor_description/share/sensor_description/local_setup.zsh
[0.208s] -- Up-to-date: /home/ros2_ws/install/sensor_description/share/sensor_description/local_setup.dsv
[0.209s] -- Installing: /home/ros2_ws/install/sensor_description/share/sensor_description/package.dsv
[0.209s] -- Up-to-date: /home/ros2_ws/install/sensor_description/share/ament_index/resource_index/packages/sensor_description
[0.209s] -- Up-to-date: /home/ros2_ws/install/sensor_description/share/sensor_description/cmake/sensor_descriptionConfig.cmake
[0.210s] -- Up-to-date: /home/ros2_ws/install/sensor_description/share/sensor_description/cmake/sensor_descriptionConfig-version.cmake
[0.210s] -- Up-to-date: /home/ros2_ws/install/sensor_description/share/sensor_description/package.xml
[0.211s] Invoked command in '/home/ros2_ws/build/sensor_description' returned '0': CMAKE_PREFIX_PATH=${CMAKE_PREFIX_PATH}:/opt/ros/humble /usr/bin/cmake --install /home/ros2_ws/build/sensor_description
