[0.029s] Invoking command in '/home/ros2_ws/build/realsense2_camera_msgs': CMAKE_PREFIX_PATH=${CMAKE_PREFIX_PATH}:/opt/ros/humble /usr/bin/cmake --build /home/ros2_ws/build/realsense2_camera_msgs
[0.145s] Consolidate compiler generated dependencies of target realsense2_camera_msgs__rosidl_generator_c
[0.170s] [  3%] Built target realsense2_camera_msgs__cpp
[0.170s] [  3%] Built target realsense2_camera_msgs__rs
[0.176s] [ 14%] Built target realsense2_camera_msgs__rosidl_generator_c
[0.206s] Consolidate compiler generated dependencies of target realsense2_camera_msgs__rosidl_typesupport_introspection_c
[0.211s] Consolidate compiler generated dependencies of target realsense2_camera_msgs__rosidl_typesupport_fastrtps_c
[0.239s] [ 25%] Built target realsense2_camera_msgs__rosidl_typesupport_introspection_c
[0.249s] [ 35%] Built target realsense2_camera_msgs__rosidl_typesupport_fastrtps_c
[0.264s] [ 35%] Built target ament_cmake_python_copy_realsense2_camera_msgs
[0.268s] Consolidate compiler generated dependencies of target realsense2_camera_msgs__rosidl_typesupport_c
[0.288s] Consolidate compiler generated dependencies of target realsense2_camera_msgs__rosidl_typesupport_fastrtps_cpp
[0.297s] [ 46%] Built target realsense2_camera_msgs__rosidl_typesupport_c
[0.305s] Consolidate compiler generated dependencies of target realsense2_camera_msgs__rosidl_typesupport_introspection_cpp
[0.325s] [ 57%] Built target realsense2_camera_msgs__rosidl_typesupport_fastrtps_cpp
[0.333s] Consolidate compiler generated dependencies of target realsense2_camera_msgs__rosidl_typesupport_cpp
[0.342s] [ 67%] Built target realsense2_camera_msgs__rosidl_typesupport_introspection_cpp
[0.368s] [ 78%] Built target realsense2_camera_msgs__rosidl_typesupport_cpp
[0.428s] [ 78%] Built target realsense2_camera_msgs
[0.491s] [ 80%] Built target realsense2_camera_msgs__py
[0.529s] Consolidate compiler generated dependencies of target realsense2_camera_msgs__rosidl_generator_py
[0.567s] [ 89%] Built target realsense2_camera_msgs__rosidl_generator_py
[0.602s] Consolidate compiler generated dependencies of target realsense2_camera_msgs__rosidl_typesupport_introspection_c__pyext
[0.603s] Consolidate compiler generated dependencies of target realsense2_camera_msgs__rosidl_typesupport_fastrtps_c__pyext
[0.637s] [ 92%] Built target realsense2_camera_msgs__rosidl_typesupport_introspection_c__pyext
[0.645s] [ 96%] Built target realsense2_camera_msgs__rosidl_typesupport_fastrtps_c__pyext
[0.670s] Consolidate compiler generated dependencies of target realsense2_camera_msgs__rosidl_typesupport_c__pyext
[0.702s] [100%] Built target realsense2_camera_msgs__rosidl_typesupport_c__pyext
[0.849s] running egg_info
[0.850s] writing realsense2_camera_msgs.egg-info/PKG-INFO
[0.851s] writing dependency_links to realsense2_camera_msgs.egg-info/dependency_links.txt
[0.851s] writing top-level names to realsense2_camera_msgs.egg-info/top_level.txt
[0.857s] reading manifest file 'realsense2_camera_msgs.egg-info/SOURCES.txt'
[0.858s] writing manifest file 'realsense2_camera_msgs.egg-info/SOURCES.txt'
[0.963s] [100%] Built target ament_cmake_python_build_realsense2_camera_msgs_egg
[0.997s] Invoked command in '/home/ros2_ws/build/realsense2_camera_msgs' returned '0': CMAKE_PREFIX_PATH=${CMAKE_PREFIX_PATH}:/opt/ros/humble /usr/bin/cmake --build /home/ros2_ws/build/realsense2_camera_msgs
[1.031s] Invoking command in '/home/ros2_ws/build/realsense2_camera_msgs': CMAKE_PREFIX_PATH=${CMAKE_PREFIX_PATH}:/opt/ros/humble /usr/bin/cmake --install /home/ros2_ws/build/realsense2_camera_msgs
[1.063s] -- Install configuration: "Release"
[1.064s] -- Up-to-date: /home/ros2_ws/install/realsense2_camera_msgs/share/ament_index/resource_index/rosidl_interfaces/realsense2_camera_msgs
[1.064s] -- Up-to-date: /home/ros2_ws/install/realsense2_camera_msgs/include/realsense2_camera_msgs/realsense2_camera_msgs
[1.064s] -- Up-to-date: /home/ros2_ws/install/realsense2_camera_msgs/include/realsense2_camera_msgs/realsense2_camera_msgs/msg
[1.064s] -- Up-to-date: /home/ros2_ws/install/realsense2_camera_msgs/include/realsense2_camera_msgs/realsense2_camera_msgs/msg/extrinsics.h
[1.064s] -- Up-to-date: /home/ros2_ws/install/realsense2_camera_msgs/include/realsense2_camera_msgs/realsense2_camera_msgs/msg/metadata.h
[1.064s] -- Up-to-date: /home/ros2_ws/install/realsense2_camera_msgs/include/realsense2_camera_msgs/realsense2_camera_msgs/msg/rosidl_generator_c__visibility_control.h
[1.065s] -- Up-to-date: /home/ros2_ws/install/realsense2_camera_msgs/include/realsense2_camera_msgs/realsense2_camera_msgs/msg/detail
[1.065s] -- Up-to-date: /home/ros2_ws/install/realsense2_camera_msgs/include/realsense2_camera_msgs/realsense2_camera_msgs/msg/detail/extrinsics__functions.h
[1.065s] -- Up-to-date: /home/ros2_ws/install/realsense2_camera_msgs/include/realsense2_camera_msgs/realsense2_camera_msgs/msg/detail/imu_info__struct.h
[1.066s] -- Up-to-date: /home/ros2_ws/install/realsense2_camera_msgs/include/realsense2_camera_msgs/realsense2_camera_msgs/msg/detail/extrinsics__functions.c
[1.066s] -- Up-to-date: /home/ros2_ws/install/realsense2_camera_msgs/include/realsense2_camera_msgs/realsense2_camera_msgs/msg/detail/extrinsics__type_support.h
[1.066s] -- Up-to-date: /home/ros2_ws/install/realsense2_camera_msgs/include/realsense2_camera_msgs/realsense2_camera_msgs/msg/detail/metadata__struct.h
[1.067s] -- Up-to-date: /home/ros2_ws/install/realsense2_camera_msgs/include/realsense2_camera_msgs/realsense2_camera_msgs/msg/detail/metadata__type_support.h
[1.067s] -- Up-to-date: /home/ros2_ws/install/realsense2_camera_msgs/include/realsense2_camera_msgs/realsense2_camera_msgs/msg/detail/imu_info__type_support.h
[1.067s] -- Up-to-date: /home/ros2_ws/install/realsense2_camera_msgs/include/realsense2_camera_msgs/realsense2_camera_msgs/msg/detail/metadata__functions.h
[1.067s] -- Up-to-date: /home/ros2_ws/install/realsense2_camera_msgs/include/realsense2_camera_msgs/realsense2_camera_msgs/msg/detail/imu_info__functions.c
[1.068s] -- Up-to-date: /home/ros2_ws/install/realsense2_camera_msgs/include/realsense2_camera_msgs/realsense2_camera_msgs/msg/detail/extrinsics__struct.h
[1.068s] -- Up-to-date: /home/ros2_ws/install/realsense2_camera_msgs/include/realsense2_camera_msgs/realsense2_camera_msgs/msg/detail/metadata__functions.c
[1.068s] -- Up-to-date: /home/ros2_ws/install/realsense2_camera_msgs/include/realsense2_camera_msgs/realsense2_camera_msgs/msg/detail/imu_info__functions.h
[1.068s] -- Up-to-date: /home/ros2_ws/install/realsense2_camera_msgs/include/realsense2_camera_msgs/realsense2_camera_msgs/msg/imu_info.h
[1.069s] -- Up-to-date: /home/ros2_ws/install/realsense2_camera_msgs/include/realsense2_camera_msgs/realsense2_camera_msgs/srv
[1.070s] -- Up-to-date: /home/ros2_ws/install/realsense2_camera_msgs/include/realsense2_camera_msgs/realsense2_camera_msgs/srv/device_info.h
[1.071s] -- Up-to-date: /home/ros2_ws/install/realsense2_camera_msgs/include/realsense2_camera_msgs/realsense2_camera_msgs/srv/detail
[1.071s] -- Up-to-date: /home/ros2_ws/install/realsense2_camera_msgs/include/realsense2_camera_msgs/realsense2_camera_msgs/srv/detail/device_info__functions.h
[1.071s] -- Up-to-date: /home/ros2_ws/install/realsense2_camera_msgs/include/realsense2_camera_msgs/realsense2_camera_msgs/srv/detail/device_info__type_support.h
[1.071s] -- Up-to-date: /home/ros2_ws/install/realsense2_camera_msgs/include/realsense2_camera_msgs/realsense2_camera_msgs/srv/detail/device_info__functions.c
[1.072s] -- Up-to-date: /home/ros2_ws/install/realsense2_camera_msgs/include/realsense2_camera_msgs/realsense2_camera_msgs/srv/detail/device_info__struct.h
[1.072s] -- Up-to-date: /home/ros2_ws/install/realsense2_camera_msgs/share/realsense2_camera_msgs/environment/library_path.sh
[1.072s] -- Up-to-date: /home/ros2_ws/install/realsense2_camera_msgs/share/realsense2_camera_msgs/environment/library_path.dsv
[1.073s] -- Up-to-date: /home/ros2_ws/install/realsense2_camera_msgs/lib/librealsense2_camera_msgs__rosidl_generator_c.so
[1.073s] -- Up-to-date: /home/ros2_ws/install/realsense2_camera_msgs/include/realsense2_camera_msgs/realsense2_camera_msgs
[1.073s] -- Up-to-date: /home/ros2_ws/install/realsense2_camera_msgs/include/realsense2_camera_msgs/realsense2_camera_msgs/msg
[1.073s] -- Up-to-date: /home/ros2_ws/install/realsense2_camera_msgs/include/realsense2_camera_msgs/realsense2_camera_msgs/msg/rosidl_typesupport_fastrtps_c__visibility_control.h
[1.073s] -- Up-to-date: /home/ros2_ws/install/realsense2_camera_msgs/include/realsense2_camera_msgs/realsense2_camera_msgs/msg/detail
[1.073s] -- Up-to-date: /home/ros2_ws/install/realsense2_camera_msgs/include/realsense2_camera_msgs/realsense2_camera_msgs/msg/detail/extrinsics__rosidl_typesupport_fastrtps_c.h
[1.074s] -- Up-to-date: /home/ros2_ws/install/realsense2_camera_msgs/include/realsense2_camera_msgs/realsense2_camera_msgs/msg/detail/metadata__rosidl_typesupport_fastrtps_c.h
[1.074s] -- Up-to-date: /home/ros2_ws/install/realsense2_camera_msgs/include/realsense2_camera_msgs/realsense2_camera_msgs/msg/detail/imu_info__rosidl_typesupport_fastrtps_c.h
[1.074s] -- Up-to-date: /home/ros2_ws/install/realsense2_camera_msgs/include/realsense2_camera_msgs/realsense2_camera_msgs/srv
[1.074s] -- Up-to-date: /home/ros2_ws/install/realsense2_camera_msgs/include/realsense2_camera_msgs/realsense2_camera_msgs/srv/detail
[1.074s] -- Up-to-date: /home/ros2_ws/install/realsense2_camera_msgs/include/realsense2_camera_msgs/realsense2_camera_msgs/srv/detail/device_info__rosidl_typesupport_fastrtps_c.h
[1.075s] -- Up-to-date: /home/ros2_ws/install/realsense2_camera_msgs/lib/librealsense2_camera_msgs__rosidl_typesupport_fastrtps_c.so
[1.075s] -- Up-to-date: /home/ros2_ws/install/realsense2_camera_msgs/include/realsense2_camera_msgs/realsense2_camera_msgs
[1.075s] -- Up-to-date: /home/ros2_ws/install/realsense2_camera_msgs/include/realsense2_camera_msgs/realsense2_camera_msgs/msg
[1.075s] -- Up-to-date: /home/ros2_ws/install/realsense2_camera_msgs/include/realsense2_camera_msgs/realsense2_camera_msgs/msg/rosidl_typesupport_introspection_c__visibility_control.h
[1.075s] -- Up-to-date: /home/ros2_ws/install/realsense2_camera_msgs/include/realsense2_camera_msgs/realsense2_camera_msgs/msg/detail
[1.075s] -- Up-to-date: /home/ros2_ws/install/realsense2_camera_msgs/include/realsense2_camera_msgs/realsense2_camera_msgs/msg/detail/extrinsics__rosidl_typesupport_introspection_c.h
[1.076s] -- Up-to-date: /home/ros2_ws/install/realsense2_camera_msgs/include/realsense2_camera_msgs/realsense2_camera_msgs/msg/detail/imu_info__rosidl_typesupport_introspection_c.h
[1.076s] -- Up-to-date: /home/ros2_ws/install/realsense2_camera_msgs/include/realsense2_camera_msgs/realsense2_camera_msgs/msg/detail/metadata__type_support.c
[1.077s] -- Up-to-date: /home/ros2_ws/install/realsense2_camera_msgs/include/realsense2_camera_msgs/realsense2_camera_msgs/msg/detail/metadata__rosidl_typesupport_introspection_c.h
[1.077s] -- Up-to-date: /home/ros2_ws/install/realsense2_camera_msgs/include/realsense2_camera_msgs/realsense2_camera_msgs/msg/detail/imu_info__type_support.c
[1.077s] -- Up-to-date: /home/ros2_ws/install/realsense2_camera_msgs/include/realsense2_camera_msgs/realsense2_camera_msgs/msg/detail/extrinsics__type_support.c
[1.077s] -- Up-to-date: /home/ros2_ws/install/realsense2_camera_msgs/include/realsense2_camera_msgs/realsense2_camera_msgs/srv
[1.077s] -- Up-to-date: /home/ros2_ws/install/realsense2_camera_msgs/include/realsense2_camera_msgs/realsense2_camera_msgs/srv/detail
[1.078s] -- Up-to-date: /home/ros2_ws/install/realsense2_camera_msgs/include/realsense2_camera_msgs/realsense2_camera_msgs/srv/detail/device_info__type_support.c
[1.078s] -- Up-to-date: /home/ros2_ws/install/realsense2_camera_msgs/include/realsense2_camera_msgs/realsense2_camera_msgs/srv/detail/device_info__rosidl_typesupport_introspection_c.h
[1.078s] -- Up-to-date: /home/ros2_ws/install/realsense2_camera_msgs/lib/librealsense2_camera_msgs__rosidl_typesupport_introspection_c.so
[1.078s] -- Up-to-date: /home/ros2_ws/install/realsense2_camera_msgs/lib/librealsense2_camera_msgs__rosidl_typesupport_c.so
[1.078s] -- Up-to-date: /home/ros2_ws/install/realsense2_camera_msgs/include/realsense2_camera_msgs/realsense2_camera_msgs
[1.078s] -- Up-to-date: /home/ros2_ws/install/realsense2_camera_msgs/include/realsense2_camera_msgs/realsense2_camera_msgs/msg
[1.078s] -- Up-to-date: /home/ros2_ws/install/realsense2_camera_msgs/include/realsense2_camera_msgs/realsense2_camera_msgs/msg/rosidl_generator_cpp__visibility_control.hpp
[1.078s] -- Up-to-date: /home/ros2_ws/install/realsense2_camera_msgs/include/realsense2_camera_msgs/realsense2_camera_msgs/msg/extrinsics.hpp
[1.079s] -- Up-to-date: /home/ros2_ws/install/realsense2_camera_msgs/include/realsense2_camera_msgs/realsense2_camera_msgs/msg/detail
[1.079s] -- Up-to-date: /home/ros2_ws/install/realsense2_camera_msgs/include/realsense2_camera_msgs/realsense2_camera_msgs/msg/detail/metadata__struct.hpp
[1.079s] -- Up-to-date: /home/ros2_ws/install/realsense2_camera_msgs/include/realsense2_camera_msgs/realsense2_camera_msgs/msg/detail/metadata__builder.hpp
[1.079s] -- Up-to-date: /home/ros2_ws/install/realsense2_camera_msgs/include/realsense2_camera_msgs/realsense2_camera_msgs/msg/detail/metadata__traits.hpp
[1.079s] -- Up-to-date: /home/ros2_ws/install/realsense2_camera_msgs/include/realsense2_camera_msgs/realsense2_camera_msgs/msg/detail/metadata__type_support.hpp
[1.079s] -- Up-to-date: /home/ros2_ws/install/realsense2_camera_msgs/include/realsense2_camera_msgs/realsense2_camera_msgs/msg/detail/extrinsics__traits.hpp
[1.079s] -- Up-to-date: /home/ros2_ws/install/realsense2_camera_msgs/include/realsense2_camera_msgs/realsense2_camera_msgs/msg/detail/imu_info__struct.hpp
[1.079s] -- Up-to-date: /home/ros2_ws/install/realsense2_camera_msgs/include/realsense2_camera_msgs/realsense2_camera_msgs/msg/detail/imu_info__type_support.hpp
[1.080s] -- Up-to-date: /home/ros2_ws/install/realsense2_camera_msgs/include/realsense2_camera_msgs/realsense2_camera_msgs/msg/detail/extrinsics__struct.hpp
[1.080s] -- Up-to-date: /home/ros2_ws/install/realsense2_camera_msgs/include/realsense2_camera_msgs/realsense2_camera_msgs/msg/detail/imu_info__builder.hpp
[1.080s] -- Up-to-date: /home/ros2_ws/install/realsense2_camera_msgs/include/realsense2_camera_msgs/realsense2_camera_msgs/msg/detail/extrinsics__builder.hpp
[1.080s] -- Up-to-date: /home/ros2_ws/install/realsense2_camera_msgs/include/realsense2_camera_msgs/realsense2_camera_msgs/msg/detail/imu_info__traits.hpp
[1.080s] -- Up-to-date: /home/ros2_ws/install/realsense2_camera_msgs/include/realsense2_camera_msgs/realsense2_camera_msgs/msg/detail/extrinsics__type_support.hpp
[1.080s] -- Up-to-date: /home/ros2_ws/install/realsense2_camera_msgs/include/realsense2_camera_msgs/realsense2_camera_msgs/msg/metadata.hpp
[1.080s] -- Up-to-date: /home/ros2_ws/install/realsense2_camera_msgs/include/realsense2_camera_msgs/realsense2_camera_msgs/msg/imu_info.hpp
[1.081s] -- Up-to-date: /home/ros2_ws/install/realsense2_camera_msgs/include/realsense2_camera_msgs/realsense2_camera_msgs/srv
[1.081s] -- Up-to-date: /home/ros2_ws/install/realsense2_camera_msgs/include/realsense2_camera_msgs/realsense2_camera_msgs/srv/device_info.hpp
[1.081s] -- Up-to-date: /home/ros2_ws/install/realsense2_camera_msgs/include/realsense2_camera_msgs/realsense2_camera_msgs/srv/detail
[1.081s] -- Up-to-date: /home/ros2_ws/install/realsense2_camera_msgs/include/realsense2_camera_msgs/realsense2_camera_msgs/srv/detail/device_info__traits.hpp
[1.081s] -- Up-to-date: /home/ros2_ws/install/realsense2_camera_msgs/include/realsense2_camera_msgs/realsense2_camera_msgs/srv/detail/device_info__builder.hpp
[1.081s] -- Up-to-date: /home/ros2_ws/install/realsense2_camera_msgs/include/realsense2_camera_msgs/realsense2_camera_msgs/srv/detail/device_info__type_support.hpp
[1.081s] -- Up-to-date: /home/ros2_ws/install/realsense2_camera_msgs/include/realsense2_camera_msgs/realsense2_camera_msgs/srv/detail/device_info__struct.hpp
[1.081s] -- Up-to-date: /home/ros2_ws/install/realsense2_camera_msgs/include/realsense2_camera_msgs/realsense2_camera_msgs
[1.082s] -- Up-to-date: /home/ros2_ws/install/realsense2_camera_msgs/include/realsense2_camera_msgs/realsense2_camera_msgs/msg
[1.082s] -- Up-to-date: /home/ros2_ws/install/realsense2_camera_msgs/include/realsense2_camera_msgs/realsense2_camera_msgs/msg/detail
[1.082s] -- Up-to-date: /home/ros2_ws/install/realsense2_camera_msgs/include/realsense2_camera_msgs/realsense2_camera_msgs/msg/detail/extrinsics__rosidl_typesupport_fastrtps_cpp.hpp
[1.082s] -- Up-to-date: /home/ros2_ws/install/realsense2_camera_msgs/include/realsense2_camera_msgs/realsense2_camera_msgs/msg/detail/imu_info__rosidl_typesupport_fastrtps_cpp.hpp
[1.082s] -- Up-to-date: /home/ros2_ws/install/realsense2_camera_msgs/include/realsense2_camera_msgs/realsense2_camera_msgs/msg/detail/dds_fastrtps
[1.082s] -- Up-to-date: /home/ros2_ws/install/realsense2_camera_msgs/include/realsense2_camera_msgs/realsense2_camera_msgs/msg/detail/metadata__rosidl_typesupport_fastrtps_cpp.hpp
[1.082s] -- Up-to-date: /home/ros2_ws/install/realsense2_camera_msgs/include/realsense2_camera_msgs/realsense2_camera_msgs/msg/rosidl_typesupport_fastrtps_cpp__visibility_control.h
[1.083s] -- Up-to-date: /home/ros2_ws/install/realsense2_camera_msgs/include/realsense2_camera_msgs/realsense2_camera_msgs/srv
[1.083s] -- Up-to-date: /home/ros2_ws/install/realsense2_camera_msgs/include/realsense2_camera_msgs/realsense2_camera_msgs/srv/detail
[1.083s] -- Up-to-date: /home/ros2_ws/install/realsense2_camera_msgs/include/realsense2_camera_msgs/realsense2_camera_msgs/srv/detail/device_info__rosidl_typesupport_fastrtps_cpp.hpp
[1.083s] -- Up-to-date: /home/ros2_ws/install/realsense2_camera_msgs/include/realsense2_camera_msgs/realsense2_camera_msgs/srv/detail/dds_fastrtps
[1.083s] -- Up-to-date: /home/ros2_ws/install/realsense2_camera_msgs/lib/librealsense2_camera_msgs__rosidl_typesupport_fastrtps_cpp.so
[1.083s] -- Up-to-date: /home/ros2_ws/install/realsense2_camera_msgs/include/realsense2_camera_msgs/realsense2_camera_msgs
[1.083s] -- Up-to-date: /home/ros2_ws/install/realsense2_camera_msgs/include/realsense2_camera_msgs/realsense2_camera_msgs/msg
[1.083s] -- Up-to-date: /home/ros2_ws/install/realsense2_camera_msgs/include/realsense2_camera_msgs/realsense2_camera_msgs/msg/detail
[1.084s] -- Up-to-date: /home/ros2_ws/install/realsense2_camera_msgs/include/realsense2_camera_msgs/realsense2_camera_msgs/msg/detail/metadata__rosidl_typesupport_introspection_cpp.hpp
[1.084s] -- Up-to-date: /home/ros2_ws/install/realsense2_camera_msgs/include/realsense2_camera_msgs/realsense2_camera_msgs/msg/detail/imu_info__rosidl_typesupport_introspection_cpp.hpp
[1.084s] -- Up-to-date: /home/ros2_ws/install/realsense2_camera_msgs/include/realsense2_camera_msgs/realsense2_camera_msgs/msg/detail/metadata__type_support.cpp
[1.084s] -- Up-to-date: /home/ros2_ws/install/realsense2_camera_msgs/include/realsense2_camera_msgs/realsense2_camera_msgs/msg/detail/extrinsics__rosidl_typesupport_introspection_cpp.hpp
[1.084s] -- Up-to-date: /home/ros2_ws/install/realsense2_camera_msgs/include/realsense2_camera_msgs/realsense2_camera_msgs/msg/detail/extrinsics__type_support.cpp
[1.084s] -- Up-to-date: /home/ros2_ws/install/realsense2_camera_msgs/include/realsense2_camera_msgs/realsense2_camera_msgs/msg/detail/imu_info__type_support.cpp
[1.084s] -- Up-to-date: /home/ros2_ws/install/realsense2_camera_msgs/include/realsense2_camera_msgs/realsense2_camera_msgs/srv
[1.085s] -- Up-to-date: /home/ros2_ws/install/realsense2_camera_msgs/include/realsense2_camera_msgs/realsense2_camera_msgs/srv/detail
[1.085s] -- Up-to-date: /home/ros2_ws/install/realsense2_camera_msgs/include/realsense2_camera_msgs/realsense2_camera_msgs/srv/detail/device_info__rosidl_typesupport_introspection_cpp.hpp
[1.085s] -- Up-to-date: /home/ros2_ws/install/realsense2_camera_msgs/include/realsense2_camera_msgs/realsense2_camera_msgs/srv/detail/device_info__type_support.cpp
[1.085s] -- Up-to-date: /home/ros2_ws/install/realsense2_camera_msgs/lib/librealsense2_camera_msgs__rosidl_typesupport_introspection_cpp.so
[1.085s] -- Up-to-date: /home/ros2_ws/install/realsense2_camera_msgs/lib/librealsense2_camera_msgs__rosidl_typesupport_cpp.so
[1.085s] -- Up-to-date: /home/ros2_ws/install/realsense2_camera_msgs/share/realsense2_camera_msgs/environment/pythonpath.sh
[1.085s] -- Up-to-date: /home/ros2_ws/install/realsense2_camera_msgs/share/realsense2_camera_msgs/environment/pythonpath.dsv
[1.086s] -- Up-to-date: /home/ros2_ws/install/realsense2_camera_msgs/local/lib/python3.10/dist-packages/realsense2_camera_msgs-4.54.1-py3.10.egg-info
[1.086s] -- Installing: /home/ros2_ws/install/realsense2_camera_msgs/local/lib/python3.10/dist-packages/realsense2_camera_msgs-4.54.1-py3.10.egg-info/SOURCES.txt
[1.086s] -- Installing: /home/ros2_ws/install/realsense2_camera_msgs/local/lib/python3.10/dist-packages/realsense2_camera_msgs-4.54.1-py3.10.egg-info/PKG-INFO
[1.086s] -- Installing: /home/ros2_ws/install/realsense2_camera_msgs/local/lib/python3.10/dist-packages/realsense2_camera_msgs-4.54.1-py3.10.egg-info/dependency_links.txt
[1.086s] -- Installing: /home/ros2_ws/install/realsense2_camera_msgs/local/lib/python3.10/dist-packages/realsense2_camera_msgs-4.54.1-py3.10.egg-info/top_level.txt
[1.086s] -- Up-to-date: /home/ros2_ws/install/realsense2_camera_msgs/local/lib/python3.10/dist-packages/realsense2_camera_msgs
[1.086s] -- Up-to-date: /home/ros2_ws/install/realsense2_camera_msgs/local/lib/python3.10/dist-packages/realsense2_camera_msgs/_realsense2_camera_msgs_s.ep.rosidl_typesupport_introspection_c.c
[1.087s] -- Up-to-date: /home/ros2_ws/install/realsense2_camera_msgs/local/lib/python3.10/dist-packages/realsense2_camera_msgs/realsense2_camera_msgs_s__rosidl_typesupport_c.cpython-310-aarch64-linux-gnu.so
[1.087s] -- Up-to-date: /home/ros2_ws/install/realsense2_camera_msgs/local/lib/python3.10/dist-packages/realsense2_camera_msgs/realsense2_camera_msgs_s__rosidl_typesupport_fastrtps_c.cpython-310-aarch64-linux-gnu.so
[1.087s] -- Up-to-date: /home/ros2_ws/install/realsense2_camera_msgs/local/lib/python3.10/dist-packages/realsense2_camera_msgs/_realsense2_camera_msgs_s.ep.rosidl_typesupport_fastrtps_c.c
[1.087s] -- Up-to-date: /home/ros2_ws/install/realsense2_camera_msgs/local/lib/python3.10/dist-packages/realsense2_camera_msgs/msg
[1.087s] -- Up-to-date: /home/ros2_ws/install/realsense2_camera_msgs/local/lib/python3.10/dist-packages/realsense2_camera_msgs/msg/_extrinsics_s.c
[1.087s] -- Up-to-date: /home/ros2_ws/install/realsense2_camera_msgs/local/lib/python3.10/dist-packages/realsense2_camera_msgs/msg/_extrinsics.py
[1.087s] -- Up-to-date: /home/ros2_ws/install/realsense2_camera_msgs/local/lib/python3.10/dist-packages/realsense2_camera_msgs/msg/_metadata.py
[1.088s] -- Up-to-date: /home/ros2_ws/install/realsense2_camera_msgs/local/lib/python3.10/dist-packages/realsense2_camera_msgs/msg/_imu_info.py
[1.088s] -- Up-to-date: /home/ros2_ws/install/realsense2_camera_msgs/local/lib/python3.10/dist-packages/realsense2_camera_msgs/msg/_imu_info_s.c
[1.088s] -- Up-to-date: /home/ros2_ws/install/realsense2_camera_msgs/local/lib/python3.10/dist-packages/realsense2_camera_msgs/msg/_metadata_s.c
[1.088s] -- Up-to-date: /home/ros2_ws/install/realsense2_camera_msgs/local/lib/python3.10/dist-packages/realsense2_camera_msgs/msg/__init__.py
[1.088s] -- Up-to-date: /home/ros2_ws/install/realsense2_camera_msgs/local/lib/python3.10/dist-packages/realsense2_camera_msgs/librealsense2_camera_msgs__rosidl_generator_py.so
[1.088s] -- Up-to-date: /home/ros2_ws/install/realsense2_camera_msgs/local/lib/python3.10/dist-packages/realsense2_camera_msgs/srv
[1.088s] -- Up-to-date: /home/ros2_ws/install/realsense2_camera_msgs/local/lib/python3.10/dist-packages/realsense2_camera_msgs/srv/_device_info.py
[1.089s] -- Up-to-date: /home/ros2_ws/install/realsense2_camera_msgs/local/lib/python3.10/dist-packages/realsense2_camera_msgs/srv/_device_info_s.c
[1.089s] -- Up-to-date: /home/ros2_ws/install/realsense2_camera_msgs/local/lib/python3.10/dist-packages/realsense2_camera_msgs/srv/__init__.py
[1.089s] -- Up-to-date: /home/ros2_ws/install/realsense2_camera_msgs/local/lib/python3.10/dist-packages/realsense2_camera_msgs/realsense2_camera_msgs_s__rosidl_typesupport_introspection_c.cpython-310-aarch64-linux-gnu.so
[1.089s] -- Up-to-date: /home/ros2_ws/install/realsense2_camera_msgs/local/lib/python3.10/dist-packages/realsense2_camera_msgs/_realsense2_camera_msgs_s.ep.rosidl_typesupport_c.c
[1.089s] -- Up-to-date: /home/ros2_ws/install/realsense2_camera_msgs/local/lib/python3.10/dist-packages/realsense2_camera_msgs/__init__.py
[1.159s] Listing '/home/ros2_ws/install/realsense2_camera_msgs/local/lib/python3.10/dist-packages/realsense2_camera_msgs'...
[1.159s] Listing '/home/ros2_ws/install/realsense2_camera_msgs/local/lib/python3.10/dist-packages/realsense2_camera_msgs/msg'...
[1.159s] Listing '/home/ros2_ws/install/realsense2_camera_msgs/local/lib/python3.10/dist-packages/realsense2_camera_msgs/srv'...
[1.174s] -- Up-to-date: /home/ros2_ws/install/realsense2_camera_msgs/local/lib/python3.10/dist-packages/realsense2_camera_msgs/realsense2_camera_msgs_s__rosidl_typesupport_fastrtps_c.cpython-310-aarch64-linux-gnu.so
[1.174s] -- Up-to-date: /home/ros2_ws/install/realsense2_camera_msgs/local/lib/python3.10/dist-packages/realsense2_camera_msgs/realsense2_camera_msgs_s__rosidl_typesupport_introspection_c.cpython-310-aarch64-linux-gnu.so
[1.174s] -- Up-to-date: /home/ros2_ws/install/realsense2_camera_msgs/local/lib/python3.10/dist-packages/realsense2_camera_msgs/realsense2_camera_msgs_s__rosidl_typesupport_c.cpython-310-aarch64-linux-gnu.so
[1.175s] -- Up-to-date: /home/ros2_ws/install/realsense2_camera_msgs/lib/librealsense2_camera_msgs__rosidl_generator_py.so
[1.175s] -- Up-to-date: /home/ros2_ws/install/realsense2_camera_msgs/share/ament_index/resource_index/rust_packages/realsense2_camera_msgs
[1.176s] -- Up-to-date: /home/ros2_ws/install/realsense2_camera_msgs/share/realsense2_camera_msgs/rust
[1.177s] -- Up-to-date: /home/ros2_ws/install/realsense2_camera_msgs/share/realsense2_camera_msgs/rust/Cargo.toml
[1.178s] -- Up-to-date: /home/ros2_ws/install/realsense2_camera_msgs/share/realsense2_camera_msgs/rust/build.rs
[1.178s] -- Up-to-date: /home/ros2_ws/install/realsense2_camera_msgs/share/realsense2_camera_msgs/rust/src
[1.179s] -- Up-to-date: /home/ros2_ws/install/realsense2_camera_msgs/share/realsense2_camera_msgs/rust/src/msg
[1.179s] -- Up-to-date: /home/ros2_ws/install/realsense2_camera_msgs/share/realsense2_camera_msgs/rust/src/msg/rmw.rs
[1.179s] -- Up-to-date: /home/ros2_ws/install/realsense2_camera_msgs/share/realsense2_camera_msgs/rust/src/srv
[1.179s] -- Up-to-date: /home/ros2_ws/install/realsense2_camera_msgs/share/realsense2_camera_msgs/rust/src/srv/rmw.rs
[1.179s] -- Up-to-date: /home/ros2_ws/install/realsense2_camera_msgs/share/realsense2_camera_msgs/rust/src/srv.rs
[1.179s] -- Up-to-date: /home/ros2_ws/install/realsense2_camera_msgs/share/realsense2_camera_msgs/rust/src/lib.rs
[1.180s] -- Up-to-date: /home/ros2_ws/install/realsense2_camera_msgs/share/realsense2_camera_msgs/rust/src/msg.rs
[1.180s] -- Up-to-date: /home/ros2_ws/install/realsense2_camera_msgs/share/realsense2_camera_msgs/msg/IMUInfo.idl
[1.180s] -- Up-to-date: /home/ros2_ws/install/realsense2_camera_msgs/share/realsense2_camera_msgs/msg/Extrinsics.idl
[1.180s] -- Up-to-date: /home/ros2_ws/install/realsense2_camera_msgs/share/realsense2_camera_msgs/msg/Metadata.idl
[1.181s] -- Up-to-date: /home/ros2_ws/install/realsense2_camera_msgs/share/realsense2_camera_msgs/srv/DeviceInfo.idl
[1.181s] -- Up-to-date: /home/ros2_ws/install/realsense2_camera_msgs/share/realsense2_camera_msgs/msg/IMUInfo.msg
[1.181s] -- Up-to-date: /home/ros2_ws/install/realsense2_camera_msgs/share/realsense2_camera_msgs/msg/Extrinsics.msg
[1.181s] -- Up-to-date: /home/ros2_ws/install/realsense2_camera_msgs/share/realsense2_camera_msgs/msg/Metadata.msg
[1.182s] -- Up-to-date: /home/ros2_ws/install/realsense2_camera_msgs/share/realsense2_camera_msgs/srv/DeviceInfo.srv
[1.182s] -- Up-to-date: /home/ros2_ws/install/realsense2_camera_msgs/share/realsense2_camera_msgs/srv/DeviceInfo_Request.msg
[1.182s] -- Up-to-date: /home/ros2_ws/install/realsense2_camera_msgs/share/realsense2_camera_msgs/srv/DeviceInfo_Response.msg
[1.183s] -- Up-to-date: /home/ros2_ws/install/realsense2_camera_msgs/share/ament_index/resource_index/package_run_dependencies/realsense2_camera_msgs
[1.183s] -- Up-to-date: /home/ros2_ws/install/realsense2_camera_msgs/share/ament_index/resource_index/parent_prefix_path/realsense2_camera_msgs
[1.183s] -- Up-to-date: /home/ros2_ws/install/realsense2_camera_msgs/share/realsense2_camera_msgs/environment/ament_prefix_path.sh
[1.184s] -- Up-to-date: /home/ros2_ws/install/realsense2_camera_msgs/share/realsense2_camera_msgs/environment/ament_prefix_path.dsv
[1.184s] -- Up-to-date: /home/ros2_ws/install/realsense2_camera_msgs/share/realsense2_camera_msgs/environment/path.sh
[1.184s] -- Up-to-date: /home/ros2_ws/install/realsense2_camera_msgs/share/realsense2_camera_msgs/environment/path.dsv
[1.185s] -- Up-to-date: /home/ros2_ws/install/realsense2_camera_msgs/share/realsense2_camera_msgs/local_setup.bash
[1.185s] -- Up-to-date: /home/ros2_ws/install/realsense2_camera_msgs/share/realsense2_camera_msgs/local_setup.sh
[1.185s] -- Up-to-date: /home/ros2_ws/install/realsense2_camera_msgs/share/realsense2_camera_msgs/local_setup.zsh
[1.185s] -- Up-to-date: /home/ros2_ws/install/realsense2_camera_msgs/share/realsense2_camera_msgs/local_setup.dsv
[1.185s] -- Installing: /home/ros2_ws/install/realsense2_camera_msgs/share/realsense2_camera_msgs/package.dsv
[1.185s] -- Up-to-date: /home/ros2_ws/install/realsense2_camera_msgs/share/ament_index/resource_index/packages/realsense2_camera_msgs
[1.185s] -- Up-to-date: /home/ros2_ws/install/realsense2_camera_msgs/share/realsense2_camera_msgs/cmake/export_realsense2_camera_msgs__rosidl_generator_cExport.cmake
[1.185s] -- Up-to-date: /home/ros2_ws/install/realsense2_camera_msgs/share/realsense2_camera_msgs/cmake/export_realsense2_camera_msgs__rosidl_generator_cExport-release.cmake
[1.186s] -- Up-to-date: /home/ros2_ws/install/realsense2_camera_msgs/share/realsense2_camera_msgs/cmake/export_realsense2_camera_msgs__rosidl_typesupport_fastrtps_cExport.cmake
[1.186s] -- Up-to-date: /home/ros2_ws/install/realsense2_camera_msgs/share/realsense2_camera_msgs/cmake/export_realsense2_camera_msgs__rosidl_typesupport_fastrtps_cExport-release.cmake
[1.186s] -- Up-to-date: /home/ros2_ws/install/realsense2_camera_msgs/share/realsense2_camera_msgs/cmake/realsense2_camera_msgs__rosidl_typesupport_introspection_cExport.cmake
[1.186s] -- Up-to-date: /home/ros2_ws/install/realsense2_camera_msgs/share/realsense2_camera_msgs/cmake/realsense2_camera_msgs__rosidl_typesupport_introspection_cExport-release.cmake
[1.186s] -- Up-to-date: /home/ros2_ws/install/realsense2_camera_msgs/share/realsense2_camera_msgs/cmake/realsense2_camera_msgs__rosidl_typesupport_cExport.cmake
[1.186s] -- Up-to-date: /home/ros2_ws/install/realsense2_camera_msgs/share/realsense2_camera_msgs/cmake/realsense2_camera_msgs__rosidl_typesupport_cExport-release.cmake
[1.186s] -- Up-to-date: /home/ros2_ws/install/realsense2_camera_msgs/share/realsense2_camera_msgs/cmake/export_realsense2_camera_msgs__rosidl_generator_cppExport.cmake
[1.186s] -- Up-to-date: /home/ros2_ws/install/realsense2_camera_msgs/share/realsense2_camera_msgs/cmake/export_realsense2_camera_msgs__rosidl_typesupport_fastrtps_cppExport.cmake
[1.187s] -- Up-to-date: /home/ros2_ws/install/realsense2_camera_msgs/share/realsense2_camera_msgs/cmake/export_realsense2_camera_msgs__rosidl_typesupport_fastrtps_cppExport-release.cmake
[1.187s] -- Up-to-date: /home/ros2_ws/install/realsense2_camera_msgs/share/realsense2_camera_msgs/cmake/realsense2_camera_msgs__rosidl_typesupport_introspection_cppExport.cmake
[1.187s] -- Up-to-date: /home/ros2_ws/install/realsense2_camera_msgs/share/realsense2_camera_msgs/cmake/realsense2_camera_msgs__rosidl_typesupport_introspection_cppExport-release.cmake
[1.187s] -- Up-to-date: /home/ros2_ws/install/realsense2_camera_msgs/share/realsense2_camera_msgs/cmake/realsense2_camera_msgs__rosidl_typesupport_cppExport.cmake
[1.187s] -- Up-to-date: /home/ros2_ws/install/realsense2_camera_msgs/share/realsense2_camera_msgs/cmake/realsense2_camera_msgs__rosidl_typesupport_cppExport-release.cmake
[1.187s] -- Up-to-date: /home/ros2_ws/install/realsense2_camera_msgs/share/realsense2_camera_msgs/cmake/export_realsense2_camera_msgs__rosidl_generator_pyExport.cmake
[1.187s] -- Up-to-date: /home/ros2_ws/install/realsense2_camera_msgs/share/realsense2_camera_msgs/cmake/export_realsense2_camera_msgs__rosidl_generator_pyExport-release.cmake
[1.188s] -- Up-to-date: /home/ros2_ws/install/realsense2_camera_msgs/share/realsense2_camera_msgs/cmake/rosidl_cmake-extras.cmake
[1.188s] -- Up-to-date: /home/ros2_ws/install/realsense2_camera_msgs/share/realsense2_camera_msgs/cmake/ament_cmake_export_dependencies-extras.cmake
[1.188s] -- Up-to-date: /home/ros2_ws/install/realsense2_camera_msgs/share/realsense2_camera_msgs/cmake/ament_cmake_export_include_directories-extras.cmake
[1.188s] -- Up-to-date: /home/ros2_ws/install/realsense2_camera_msgs/share/realsense2_camera_msgs/cmake/ament_cmake_export_libraries-extras.cmake
[1.188s] -- Up-to-date: /home/ros2_ws/install/realsense2_camera_msgs/share/realsense2_camera_msgs/cmake/ament_cmake_export_targets-extras.cmake
[1.188s] -- Up-to-date: /home/ros2_ws/install/realsense2_camera_msgs/share/realsense2_camera_msgs/cmake/rosidl_cmake_export_typesupport_targets-extras.cmake
[1.188s] -- Up-to-date: /home/ros2_ws/install/realsense2_camera_msgs/share/realsense2_camera_msgs/cmake/rosidl_cmake_export_typesupport_libraries-extras.cmake
[1.188s] -- Up-to-date: /home/ros2_ws/install/realsense2_camera_msgs/share/realsense2_camera_msgs/cmake/realsense2_camera_msgsConfig.cmake
[1.189s] -- Up-to-date: /home/ros2_ws/install/realsense2_camera_msgs/share/realsense2_camera_msgs/cmake/realsense2_camera_msgsConfig-version.cmake
[1.189s] -- Up-to-date: /home/ros2_ws/install/realsense2_camera_msgs/share/realsense2_camera_msgs/package.xml
[1.193s] Invoked command in '/home/ros2_ws/build/realsense2_camera_msgs' returned '0': CMAKE_PREFIX_PATH=${CMAKE_PREFIX_PATH}:/opt/ros/humble /usr/bin/cmake --install /home/ros2_ws/build/realsense2_camera_msgs
