[0.000000] (-) TimerEvent: {}
[0.000325] (-) JobUnselected: {'identifier': 'cyclonedds'}
[0.000812] (-) JobUnselected: {'identifier': 'dds_utils'}
[0.001435] (-) JobUnselected: {'identifier': 'livox_ros_driver2'}
[0.001742] (-) JobUnselected: {'identifier': 'm2_metal_description'}
[0.002086] (-) JobUnselected: {'identifier': 'orbbec_camera'}
[0.002188] (-) JobUnselected: {'identifier': 'orbbec_camera_msgs'}
[0.002270] (-) JobUnselected: {'identifier': 'orbbec_description'}
[0.002351] (-) JobUnselected: {'identifier': 'realsense2_camera'}
[0.002429] (-) JobUnselected: {'identifier': 'realsense2_camera_msgs'}
[0.002504] (-) JobUnselected: {'identifier': 'realsense2_description'}
[0.002578] (-) JobUnselected: {'identifier': 'sensor_description'}
[0.002651] (-) JobUnselected: {'identifier': 'xterra'}
[0.002721] (xterra_perception_api) JobQueued: {'identifier': 'xterra_perception_api', 'dependencies': OrderedDict()}
[0.002806] (xterra_perception_api) JobStarted: {'identifier': 'xterra_perception_api'}
[0.025844] (xterra_perception_api) JobProgress: {'identifier': 'xterra_perception_api', 'progress': 'cmake'}
[0.027181] (xterra_perception_api) Command: {'cmd': ['/usr/bin/cmake', '/home/ros2_ws/src/xterra_perception_api', '-DCMAKE_INSTALL_PREFIX=/home/ros2_ws/install/xterra_perception_api'], 'cwd': '/home/ros2_ws/build/xterra_perception_api', 'env': OrderedDict([('CMAKE_BUILD_PARALLEL_LEVEL', '3'), ('HOSTNAME', 'orin'), ('SHLVL', '1'), ('LD_LIBRARY_PATH', '/home/ros2_ws/install/xterra/lib:/opt/ros/humble/lib/aarch64-linux-gnu:/opt/ros/humble/lib:/usr/local/lib:'), ('HOME', '/root'), ('OLDPWD', '/home/ros2_ws'), ('ROS_PYTHON_VERSION', '3'), ('MAKEFLAGS', '-j3'), ('COLCON_PREFIX_PATH', '/home/ros2_ws/install'), ('ROS_DISTRO', 'humble'), ('_', '/usr/bin/colcon'), ('ROS_VERSION', '2'), ('NVIDIA_DRIVER_CAPABILITIES', 'all'), ('OrbbecSDK_DIR', '/usr/local/lib/cmake/OrbbecSDK'), ('ROS_LOCALHOST_ONLY', '0'), ('QT_X11_NO_MITSHM', '1'), ('PATH', '/opt/ros/humble/bin:/usr/local/sbin:/usr/local/bin:/usr/sbin:/usr/bin:/sbin:/bin'), ('DISPLAY', ':1'), ('LANG', 'C.UTF-8'), ('RMW_IMPLEMENTATION', 'rmw_cyclonedds_cpp'), ('ROS_DOMAIN_ID', '0'), ('AMENT_PREFIX_PATH', '/home/ros2_ws/install/xterra:/home/ros2_ws/install/m2_metal_description:/home/ros2_ws/install/sensor_description:/opt/ros/humble'), ('DEBIAN_FRONTEND', 'noninteractive'), ('PWD', '/home/ros2_ws/build/xterra_perception_api'), ('LC_ALL', 'C.UTF-8'), ('PYTHONPATH', '/home/ros2_ws/install/xterra/local/lib/python3.10/dist-packages:/opt/ros/humble/lib/python3.10/site-packages:/opt/ros/humble/local/lib/python3.10/dist-packages'), ('NVIDIA_VISIBLE_DEVICES', 'all'), ('COLCON', '1'), ('CMAKE_PREFIX_PATH', '/home/ros2_ws/install/xterra:/home/ros2_ws/install/m2_metal_description:/home/ros2_ws/install/sensor_description:/opt/OrbbecSDK_v2.4.11/lib::/opt/ros/humble')]), 'shell': False}
[0.099232] (-) TimerEvent: {}
[0.167147] (xterra_perception_api) StdoutLine: {'line': b'-- The C compiler identification is GNU 11.4.0\n'}
[0.199514] (-) TimerEvent: {}
[0.300296] (-) TimerEvent: {}
[0.308566] (xterra_perception_api) StdoutLine: {'line': b'-- The CXX compiler identification is GNU 11.4.0\n'}
[0.330218] (xterra_perception_api) StdoutLine: {'line': b'-- Detecting C compiler ABI info\n'}
[0.400547] (-) TimerEvent: {}
[0.501256] (-) TimerEvent: {}
[0.509085] (xterra_perception_api) StdoutLine: {'line': b'-- Detecting C compiler ABI info - done\n'}
[0.532823] (xterra_perception_api) StdoutLine: {'line': b'-- Check for working C compiler: /usr/bin/cc - skipped\n'}
[0.533451] (xterra_perception_api) StdoutLine: {'line': b'-- Detecting C compile features\n'}
[0.534838] (xterra_perception_api) StdoutLine: {'line': b'-- Detecting C compile features - done\n'}
[0.546214] (xterra_perception_api) StdoutLine: {'line': b'-- Detecting CXX compiler ABI info\n'}
[0.601532] (-) TimerEvent: {}
[0.702175] (-) TimerEvent: {}
[0.749871] (xterra_perception_api) StdoutLine: {'line': b'-- Detecting CXX compiler ABI info - done\n'}
[0.776522] (xterra_perception_api) StdoutLine: {'line': b'-- Check for working CXX compiler: /usr/bin/c++ - skipped\n'}
[0.777471] (xterra_perception_api) StdoutLine: {'line': b'-- Detecting CXX compile features\n'}
[0.778001] (xterra_perception_api) StdoutLine: {'line': b'-- Detecting CXX compile features - done\n'}
[0.786825] (xterra_perception_api) StdoutLine: {'line': b'-- Found ament_cmake: 1.3.13 (/opt/ros/humble/share/ament_cmake/cmake)\n'}
[0.802368] (-) TimerEvent: {}
[0.902918] (-) TimerEvent: {}
[1.003578] (-) TimerEvent: {}
[1.104197] (-) TimerEvent: {}
[1.114072] (xterra_perception_api) StdoutLine: {'line': b'-- Found Python3: /usr/bin/python3 (found version "3.10.12") found components: Interpreter \n'}
[1.204402] (-) TimerEvent: {}
[1.305046] (-) TimerEvent: {}
[1.371545] (xterra_perception_api) StdoutLine: {'line': b'-- Found rclcpp: 16.0.18 (/opt/ros/humble/share/rclcpp/cmake)\n'}
[1.405249] (-) TimerEvent: {}
[1.467676] (xterra_perception_api) StdoutLine: {'line': b'-- Found rosidl_generator_c: 3.1.8 (/opt/ros/humble/share/rosidl_generator_c/cmake)\n'}
[1.478604] (xterra_perception_api) StdoutLine: {'line': b'-- Found rosidl_adapter: 3.1.8 (/opt/ros/humble/share/rosidl_adapter/cmake)\n'}
[1.497923] (xterra_perception_api) StdoutLine: {'line': b'-- Found rosidl_generator_cpp: 3.1.8 (/opt/ros/humble/share/rosidl_generator_cpp/cmake)\n'}
[1.505306] (-) TimerEvent: {}
[1.525006] (xterra_perception_api) StdoutLine: {'line': b'-- Using all available rosidl_typesupport_c: rosidl_typesupport_fastrtps_c;rosidl_typesupport_introspection_c\n'}
[1.562190] (xterra_perception_api) StdoutLine: {'line': b'-- Using all available rosidl_typesupport_cpp: rosidl_typesupport_fastrtps_cpp;rosidl_typesupport_introspection_cpp\n'}
[1.605477] (-) TimerEvent: {}
[1.660224] (xterra_perception_api) StdoutLine: {'line': b'-- Found rmw_implementation_cmake: 6.1.2 (/opt/ros/humble/share/rmw_implementation_cmake/cmake)\n'}
[1.666263] (xterra_perception_api) StdoutLine: {'line': b'-- Found rmw_cyclonedds_cpp: 1.3.4 (/opt/ros/humble/share/rmw_cyclonedds_cpp/cmake)\n'}
[1.705593] (-) TimerEvent: {}
[1.716404] (xterra_perception_api) StdoutLine: {'line': b"-- Using RMW implementation 'rmw_cyclonedds_cpp' as default\n"}
[1.737012] (xterra_perception_api) StdoutLine: {'line': b'-- Looking for pthread.h\n'}
[1.805901] (-) TimerEvent: {}
[1.906572] (-) TimerEvent: {}
[1.921730] (xterra_perception_api) StdoutLine: {'line': b'-- Looking for pthread.h - found\n'}
[1.922748] (xterra_perception_api) StdoutLine: {'line': b'-- Performing Test CMAKE_HAVE_LIBC_PTHREAD\n'}
[2.006861] (-) TimerEvent: {}
[2.107554] (-) TimerEvent: {}
[2.119431] (xterra_perception_api) StdoutLine: {'line': b'-- Performing Test CMAKE_HAVE_LIBC_PTHREAD - Success\n'}
[2.122791] (xterra_perception_api) StdoutLine: {'line': b'-- Found Threads: TRUE  \n'}
[2.207696] (-) TimerEvent: {}
[2.273363] (xterra_perception_api) StdoutLine: {'line': b'-- Found sensor_msgs: 4.9.1 (/opt/ros/humble/share/sensor_msgs/cmake)\n'}
[2.307863] (-) TimerEvent: {}
[2.408347] (-) TimerEvent: {}
[2.460861] (xterra_perception_api) StdoutLine: {'line': b'-- Found visualization_msgs: 4.9.1 (/opt/ros/humble/share/visualization_msgs/cmake)\n'}
[2.508470] (-) TimerEvent: {}
[2.554844] (xterra_perception_api) StdoutLine: {'line': b'-- Found OpenCV: /usr (found version "4.5.4") \n'}
[2.558955] (xterra_perception_api) StdoutLine: {'line': b'-- Found cv_bridge: 3.2.1 (/opt/ros/humble/share/cv_bridge/cmake)\n'}
[2.569188] (xterra_perception_api) StdoutLine: {'line': b'-- Found std_srvs: 4.9.1 (/opt/ros/humble/share/std_srvs/cmake)\n'}
[2.608725] (-) TimerEvent: {}
[2.656294] (xterra_perception_api) StdoutLine: {'line': b"-- Checking for module 'eigen3'\n"}
[2.687059] (xterra_perception_api) StdoutLine: {'line': b'--   Found eigen3, version 3.4.0\n'}
[2.708917] (-) TimerEvent: {}
[2.750029] (xterra_perception_api) StdoutLine: {'line': b'-- Found Eigen: /usr/include/eigen3 (Required is at least version "3.1") \n'}
[2.750814] (xterra_perception_api) StdoutLine: {'line': b'-- Eigen found (include: /usr/include/eigen3, version: 3.4.0)\n'}
[2.809080] (-) TimerEvent: {}
[2.816683] (xterra_perception_api) StdoutLine: {'line': b'-- Found Boost: /usr/lib/aarch64-linux-gnu/cmake/Boost-1.74.0/BoostConfig.cmake (found suitable version "1.74.0", minimum required is "1.65.0") found components: system filesystem date_time iostreams serialization \n'}
[2.857347] (xterra_perception_api) StdoutLine: {'line': b"-- Checking for module 'flann'\n"}
[2.884366] (xterra_perception_api) StdoutLine: {'line': b'--   Found flann, version 1.9.1\n'}
[2.909303] (-) TimerEvent: {}
[2.978423] (xterra_perception_api) StdoutLine: {'line': b'-- Found FLANN: /usr/lib/aarch64-linux-gnu/libflann_cpp.so  \n'}
[2.979282] (xterra_perception_api) StdoutLine: {'line': b'-- FLANN found (include: /usr/include, lib: /usr/lib/aarch64-linux-gnu/libflann_cpp.so)\n'}
[3.009442] (-) TimerEvent: {}
[3.061929] (xterra_perception_api) StdoutLine: {'line': b'-- Found GLEW: /usr/lib/aarch64-linux-gnu/libGLEW.so  \n'}
[3.075209] (xterra_perception_api) StdoutLine: {'line': b'-- Found OpenGL: /usr/lib/aarch64-linux-gnu/libOpenGL.so  found components: OpenGL GLX \n'}
[3.109719] (-) TimerEvent: {}
[3.210340] (-) TimerEvent: {}
[3.311081] (-) TimerEvent: {}
[3.411754] (-) TimerEvent: {}
[3.460173] (xterra_perception_api) StdoutLine: {'line': b'-- Found MPI_C: /usr/lib/aarch64-linux-gnu/libmpi.so (found version "3.1") \n'}
[3.461187] (xterra_perception_api) StdoutLine: {'line': b'-- Found MPI: TRUE (found version "3.1") found components: C \n'}
[3.470583] (xterra_perception_api) StdoutLine: {'line': b'-- Found JsonCpp: /usr/lib/aarch64-linux-gnu/libjsoncpp.so (found suitable version "1.9.5", minimum required is "0.7.0") \n'}
[3.500135] (xterra_perception_api) StdoutLine: {'line': b'-- Found ZLIB: /usr/lib/aarch64-linux-gnu/libz.so (found version "1.2.11") \n'}
[3.511817] (-) TimerEvent: {}
[3.539955] (xterra_perception_api) StdoutLine: {'line': b'-- Found PNG: /usr/lib/aarch64-linux-gnu/libpng.so (found version "1.6.37") \n'}
[3.572797] (xterra_perception_api) StdoutLine: {'line': b'-- Found Eigen3: /usr/include/eigen3 (found version "3.4.0") \n'}
[3.611935] (-) TimerEvent: {}
[3.712356] (-) TimerEvent: {}
[3.764938] (xterra_perception_api) StdoutLine: {'line': b'-- Found X11: /usr/include   \n'}
[3.767746] (xterra_perception_api) StdoutLine: {'line': b'-- Looking for XOpenDisplay in /usr/lib/aarch64-linux-gnu/libX11.so;/usr/lib/aarch64-linux-gnu/libXext.so\n'}
[3.812619] (-) TimerEvent: {}
[3.913244] (-) TimerEvent: {}
[3.977582] (xterra_perception_api) StdoutLine: {'line': b'-- Looking for XOpenDisplay in /usr/lib/aarch64-linux-gnu/libX11.so;/usr/lib/aarch64-linux-gnu/libXext.so - found\n'}
[3.978422] (xterra_perception_api) StdoutLine: {'line': b'-- Looking for gethostbyname\n'}
[4.013520] (-) TimerEvent: {}
[4.114130] (-) TimerEvent: {}
[4.167720] (xterra_perception_api) StdoutLine: {'line': b'-- Looking for gethostbyname - found\n'}
[4.168504] (xterra_perception_api) StdoutLine: {'line': b'-- Looking for connect\n'}
[4.214388] (-) TimerEvent: {}
[4.315082] (-) TimerEvent: {}
[4.352497] (xterra_perception_api) StdoutLine: {'line': b'-- Looking for connect - found\n'}
[4.353302] (xterra_perception_api) StdoutLine: {'line': b'-- Looking for remove\n'}
[4.415454] (-) TimerEvent: {}
[4.516114] (-) TimerEvent: {}
[4.536425] (xterra_perception_api) StdoutLine: {'line': b'-- Looking for remove - found\n'}
[4.537232] (xterra_perception_api) StdoutLine: {'line': b'-- Looking for shmat\n'}
[4.616411] (-) TimerEvent: {}
[4.717129] (-) TimerEvent: {}
[4.726155] (xterra_perception_api) StdoutLine: {'line': b'-- Looking for shmat - found\n'}
[4.726874] (xterra_perception_api) StdoutLine: {'line': b'-- Looking for IceConnectionNumber in ICE\n'}
[4.817385] (-) TimerEvent: {}
[4.918074] (-) TimerEvent: {}
[4.920434] (xterra_perception_api) StdoutLine: {'line': b'-- Looking for IceConnectionNumber in ICE - found\n'}
[5.018468] (-) TimerEvent: {}
[5.119220] (-) TimerEvent: {}
[5.132736] (xterra_perception_api) StdoutLine: {'line': b'-- Found EXPAT: /usr/lib/aarch64-linux-gnu/libexpat.so (found version "2.4.7") \n'}
[5.139451] (xterra_perception_api) StdoutLine: {'line': b'-- Found double-conversion: /usr/lib/aarch64-linux-gnu/libdouble-conversion.so  \n'}
[5.147667] (xterra_perception_api) StdoutLine: {'line': b'-- Found LZ4: /usr/lib/aarch64-linux-gnu/liblz4.so (found version "1.9.3") \n'}
[5.153293] (xterra_perception_api) StdoutLine: {'line': b'-- Found LZMA: /usr/lib/aarch64-linux-gnu/liblzma.so (found version "5.2.5") \n'}
[5.211688] (xterra_perception_api) StdoutLine: {'line': b'-- Found JPEG: /usr/lib/aarch64-linux-gnu/libjpeg.so (found version "80") \n'}
[5.219260] (-) TimerEvent: {}
[5.224758] (xterra_perception_api) StdoutLine: {'line': b'-- Found TIFF: /usr/lib/aarch64-linux-gnu/libtiff.so (found version "4.3.0")  \n'}
[5.234830] (xterra_perception_api) StdoutLine: {'line': b'-- Found Freetype: /usr/lib/aarch64-linux-gnu/libfreetype.so (found version "2.11.1") \n'}
[5.248728] (xterra_perception_api) StdoutLine: {'line': b'-- Found utf8cpp: /usr/include/utf8cpp  \n'}
[5.319540] (-) TimerEvent: {}
[5.420125] (-) TimerEvent: {}
[5.422786] (xterra_perception_api) StdoutLine: {'line': b"-- Checking for module 'libusb-1.0'\n"}
[5.451440] (xterra_perception_api) StdoutLine: {'line': b'--   Found libusb-1.0, version 1.0.25\n'}
[5.520203] (-) TimerEvent: {}
[5.523610] (xterra_perception_api) StdoutLine: {'line': b'-- Found libusb: /usr/lib/aarch64-linux-gnu/libusb-1.0.so  \n'}
[5.527441] (xterra_perception_api) StdoutLine: {'line': b'-- Found OpenNI: /usr/lib/libOpenNI.so;libusb::libusb (found version "1.5.4.0") \n'}
[5.527768] (xterra_perception_api) StdoutLine: {'line': b'-- OpenNI found (version: 1.5.4.0, include: /usr/include/ni, lib: /usr/lib/libOpenNI.so;libusb::libusb)\n'}
[5.620543] (-) TimerEvent: {}
[5.647089] (xterra_perception_api) StdoutLine: {'line': b'-- Found OpenNI2: /usr/lib/aarch64-linux-gnu/libOpenNI2.so;libusb::libusb (found version "2.2.0.33") \n'}
[5.648092] (xterra_perception_api) StdoutLine: {'line': b'-- OpenNI2 found (version: 2.2.0.33, include: /usr/include/openni2, lib: /usr/lib/aarch64-linux-gnu/libOpenNI2.so;libusb::libusb)\n'}
[5.648415] (xterra_perception_api) StderrLine: {'line': b'** WARNING ** io features related to pcap will be disabled\n'}
[5.720744] (-) TimerEvent: {}
[5.821325] (-) TimerEvent: {}
[5.921831] (-) TimerEvent: {}
[6.001307] (xterra_perception_api) StdoutLine: {'line': b'-- Eigen found (include: /usr/include/eigen3, version: 3.4.0)\n'}
[6.015058] (xterra_perception_api) StdoutLine: {'line': b'-- OpenNI found (version: 1.5.4.0, include: /usr/include/ni, lib: /usr/lib/libOpenNI.so;libusb::libusb)\n'}
[6.021937] (-) TimerEvent: {}
[6.027991] (xterra_perception_api) StdoutLine: {'line': b'-- OpenNI2 found (version: 2.2.0.33, include: /usr/include/openni2, lib: /usr/lib/aarch64-linux-gnu/libOpenNI2.so;libusb::libusb)\n'}
[6.122209] (-) TimerEvent: {}
[6.222861] (-) TimerEvent: {}
[6.323676] (-) TimerEvent: {}
[6.381690] (xterra_perception_api) StdoutLine: {'line': b'-- Found Qhull version 8.0.2\n'}
[6.423967] (-) TimerEvent: {}
[6.524720] (-) TimerEvent: {}
[6.625293] (-) TimerEvent: {}
[6.724200] (xterra_perception_api) StdoutLine: {'line': b'-- OpenNI found (version: 1.5.4.0, include: /usr/include/ni, lib: /usr/lib/libOpenNI.so;libusb::libusb)\n'}
[6.725361] (-) TimerEvent: {}
[6.825804] (-) TimerEvent: {}
[6.926407] (-) TimerEvent: {}
[7.027202] (-) TimerEvent: {}
[7.048304] (xterra_perception_api) StdoutLine: {'line': b'-- looking for PCL_COMMON\n'}
[7.050217] (xterra_perception_api) StdoutLine: {'line': b'-- Found PCL_COMMON: /usr/lib/aarch64-linux-gnu/libpcl_common.so  \n'}
[7.050876] (xterra_perception_api) StdoutLine: {'line': b'-- looking for PCL_KDTREE\n'}
[7.051931] (xterra_perception_api) StdoutLine: {'line': b'-- Found PCL_KDTREE: /usr/lib/aarch64-linux-gnu/libpcl_kdtree.so  \n'}
[7.052420] (xterra_perception_api) StdoutLine: {'line': b'-- looking for PCL_OCTREE\n'}
[7.053745] (xterra_perception_api) StdoutLine: {'line': b'-- Found PCL_OCTREE: /usr/lib/aarch64-linux-gnu/libpcl_octree.so  \n'}
[7.054139] (xterra_perception_api) StdoutLine: {'line': b'-- looking for PCL_SEARCH\n'}
[7.055308] (xterra_perception_api) StdoutLine: {'line': b'-- Found PCL_SEARCH: /usr/lib/aarch64-linux-gnu/libpcl_search.so  \n'}
[7.057386] (xterra_perception_api) StdoutLine: {'line': b'-- looking for PCL_SAMPLE_CONSENSUS\n'}
[7.058096] (xterra_perception_api) StdoutLine: {'line': b'-- Found PCL_SAMPLE_CONSENSUS: /usr/lib/aarch64-linux-gnu/libpcl_sample_consensus.so  \n'}
[7.058286] (xterra_perception_api) StdoutLine: {'line': b'-- looking for PCL_FILTERS\n'}
[7.059275] (xterra_perception_api) StdoutLine: {'line': b'-- Found PCL_FILTERS: /usr/lib/aarch64-linux-gnu/libpcl_filters.so  \n'}
[7.059715] (xterra_perception_api) StdoutLine: {'line': b'-- looking for PCL_2D\n'}
[7.060197] (xterra_perception_api) StdoutLine: {'line': b'-- Found PCL_2D: /usr/include/pcl-1.12  \n'}
[7.060563] (xterra_perception_api) StdoutLine: {'line': b'-- looking for PCL_GEOMETRY\n'}
[7.061058] (xterra_perception_api) StdoutLine: {'line': b'-- Found PCL_GEOMETRY: /usr/include/pcl-1.12  \n'}
[7.061388] (xterra_perception_api) StdoutLine: {'line': b'-- looking for PCL_IO\n'}
[7.062629] (xterra_perception_api) StdoutLine: {'line': b'-- Found PCL_IO: /usr/lib/aarch64-linux-gnu/libpcl_io.so  \n'}
[7.063241] (xterra_perception_api) StdoutLine: {'line': b'-- looking for PCL_FEATURES\n'}
[7.064660] (xterra_perception_api) StdoutLine: {'line': b'-- Found PCL_FEATURES: /usr/lib/aarch64-linux-gnu/libpcl_features.so  \n'}
[7.065076] (xterra_perception_api) StdoutLine: {'line': b'-- looking for PCL_ML\n'}
[7.066303] (xterra_perception_api) StdoutLine: {'line': b'-- Found PCL_ML: /usr/lib/aarch64-linux-gnu/libpcl_ml.so  \n'}
[7.066645] (xterra_perception_api) StdoutLine: {'line': b'-- looking for PCL_SEGMENTATION\n'}
[7.067887] (xterra_perception_api) StdoutLine: {'line': b'-- Found PCL_SEGMENTATION: /usr/lib/aarch64-linux-gnu/libpcl_segmentation.so  \n'}
[7.068470] (xterra_perception_api) StdoutLine: {'line': b'-- looking for PCL_VISUALIZATION\n'}
[7.069754] (xterra_perception_api) StdoutLine: {'line': b'-- Found PCL_VISUALIZATION: /usr/lib/aarch64-linux-gnu/libpcl_visualization.so  \n'}
[7.070314] (xterra_perception_api) StdoutLine: {'line': b'-- looking for PCL_SURFACE\n'}
[7.071614] (xterra_perception_api) StdoutLine: {'line': b'-- Found PCL_SURFACE: /usr/lib/aarch64-linux-gnu/libpcl_surface.so  \n'}
[7.072071] (xterra_perception_api) StdoutLine: {'line': b'-- looking for PCL_REGISTRATION\n'}
[7.073317] (xterra_perception_api) StdoutLine: {'line': b'-- Found PCL_REGISTRATION: /usr/lib/aarch64-linux-gnu/libpcl_registration.so  \n'}
[7.073839] (xterra_perception_api) StdoutLine: {'line': b'-- looking for PCL_KEYPOINTS\n'}
[7.075111] (xterra_perception_api) StdoutLine: {'line': b'-- Found PCL_KEYPOINTS: /usr/lib/aarch64-linux-gnu/libpcl_keypoints.so  \n'}
[7.075600] (xterra_perception_api) StdoutLine: {'line': b'-- looking for PCL_TRACKING\n'}
[7.076884] (xterra_perception_api) StdoutLine: {'line': b'-- Found PCL_TRACKING: /usr/lib/aarch64-linux-gnu/libpcl_tracking.so  \n'}
[7.077314] (xterra_perception_api) StdoutLine: {'line': b'-- looking for PCL_RECOGNITION\n'}
[7.078641] (xterra_perception_api) StdoutLine: {'line': b'-- Found PCL_RECOGNITION: /usr/lib/aarch64-linux-gnu/libpcl_recognition.so  \n'}
[7.079232] (xterra_perception_api) StdoutLine: {'line': b'-- looking for PCL_STEREO\n'}
[7.080514] (xterra_perception_api) StdoutLine: {'line': b'-- Found PCL_STEREO: /usr/lib/aarch64-linux-gnu/libpcl_stereo.so  \n'}
[7.080866] (xterra_perception_api) StdoutLine: {'line': b'-- looking for PCL_APPS\n'}
[7.082072] (xterra_perception_api) StdoutLine: {'line': b'-- Found PCL_APPS: /usr/lib/aarch64-linux-gnu/libpcl_apps.so  \n'}
[7.083405] (xterra_perception_api) StdoutLine: {'line': b'-- looking for PCL_IN_HAND_SCANNER\n'}
[7.083949] (xterra_perception_api) StdoutLine: {'line': b'-- Found PCL_IN_HAND_SCANNER: /usr/include/pcl-1.12  \n'}
[7.084310] (xterra_perception_api) StdoutLine: {'line': b'-- looking for PCL_MODELER\n'}
[7.084674] (xterra_perception_api) StdoutLine: {'line': b'-- Found PCL_MODELER: /usr/include/pcl-1.12  \n'}
[7.085002] (xterra_perception_api) StdoutLine: {'line': b'-- looking for PCL_POINT_CLOUD_EDITOR\n'}
[7.085946] (xterra_perception_api) StdoutLine: {'line': b'-- Found PCL_POINT_CLOUD_EDITOR: /usr/include/pcl-1.12  \n'}
[7.086320] (xterra_perception_api) StdoutLine: {'line': b'-- looking for PCL_OUTOFCORE\n'}
[7.087724] (xterra_perception_api) StdoutLine: {'line': b'-- Found PCL_OUTOFCORE: /usr/lib/aarch64-linux-gnu/libpcl_outofcore.so  \n'}
[7.088159] (xterra_perception_api) StdoutLine: {'line': b'-- looking for PCL_PEOPLE\n'}
[7.089423] (xterra_perception_api) StdoutLine: {'line': b'-- Found PCL_PEOPLE: /usr/lib/aarch64-linux-gnu/libpcl_people.so  \n'}
[7.091201] (xterra_perception_api) StdoutLine: {'line': b'-- Found PCL: pcl_common;pcl_kdtree;pcl_octree;pcl_search;pcl_sample_consensus;pcl_filters;pcl_io;pcl_features;pcl_ml;pcl_segmentation;pcl_visualization;pcl_surface;pcl_registration;pcl_keypoints;pcl_tracking;pcl_recognition;pcl_stereo;pcl_apps;pcl_outofcore;pcl_people;Boost::system;Boost::filesystem;Boost::date_time;Boost::iostreams;Boost::serialization;/usr/lib/libOpenNI.so;libusb::libusb;/usr/lib/aarch64-linux-gnu/libOpenNI2.so;libusb::libusb;VTK::ChartsCore;VTK::CommonColor;VTK::CommonComputationalGeometry;VTK::CommonCore;VTK::CommonDataModel;VTK::CommonExecutionModel;VTK::CommonMath;VTK::CommonMisc;VTK::CommonTransforms;VTK::FiltersCore;VTK::FiltersExtraction;VTK::FiltersGeneral;VTK::FiltersGeometry;VTK::FiltersModeling;VTK::FiltersSources;VTK::ImagingCore;VTK::ImagingSources;VTK::InteractionImage;VTK::InteractionStyle;VTK::InteractionWidgets;VTK::IOCore;VTK::IOGeometry;VTK::IOImage;VTK::IOLegacy;VTK::IOPLY;VTK::RenderingAnnotation;VTK::RenderingCore;VTK::RenderingContext2D;VTK::RenderingLOD;VTK::RenderingFreeType;VTK::ViewsCore;VTK::ViewsContext2D;VTK::RenderingOpenGL2;VTK::GUISupportQt;FLANN::FLANN;QHULL::QHULL  \n'}
[7.096220] (xterra_perception_api) StdoutLine: {'line': b'-- Found pcl_conversions: 2.4.5 (/opt/ros/humble/share/pcl_conversions/cmake)\n'}
[7.127299] (-) TimerEvent: {}
[7.190526] (xterra_perception_api) StdoutLine: {'line': b'-- Found ament_lint_auto: 0.12.15 (/opt/ros/humble/share/ament_lint_auto/cmake)\n'}
[7.227417] (-) TimerEvent: {}
[7.327737] (-) TimerEvent: {}
[7.428232] (-) TimerEvent: {}
[7.447687] (xterra_perception_api) StdoutLine: {'line': b"-- Added test 'copyright' to check source files copyright and LICENSE\n"}
[7.457190] (xterra_perception_api) StdoutLine: {'line': b"-- Added test 'cppcheck' to perform static code analysis on C / C++ code\n"}
[7.458447] (xterra_perception_api) StdoutLine: {'line': b'-- Configured cppcheck include dirs: /home/ros2_ws/src/xterra_perception_api/include;$<BUILD_INTERFACE:/home/ros2_ws/src/xterra_perception_api/include>\n'}
[7.458883] (xterra_perception_api) StdoutLine: {'line': b'-- Configured cppcheck exclude dirs and/or files: \n'}
[7.465614] (xterra_perception_api) StdoutLine: {'line': b"-- Added test 'cpplint' to check C / C++ code against the Google style\n"}
[7.465967] (xterra_perception_api) StdoutLine: {'line': b'-- Configured cpplint exclude dirs and/or files: \n'}
[7.470080] (xterra_perception_api) StdoutLine: {'line': b"-- Added test 'lint_cmake' to check CMake code style\n"}
[7.475967] (xterra_perception_api) StdoutLine: {'line': b"-- Added test 'uncrustify' to check C / C++ code style\n"}
[7.476324] (xterra_perception_api) StdoutLine: {'line': b'-- Configured uncrustify additional arguments: \n'}
[7.478193] (xterra_perception_api) StdoutLine: {'line': b"-- Added test 'xmllint' to check XML markup files\n"}
[7.484383] (xterra_perception_api) StdoutLine: {'line': b'-- Configuring done\n'}
[7.528318] (-) TimerEvent: {}
[7.616734] (xterra_perception_api) StdoutLine: {'line': b'-- Generating done\n'}
[7.628436] (-) TimerEvent: {}
[7.647681] (xterra_perception_api) StdoutLine: {'line': b'-- Build files have been written to: /home/ros2_ws/build/xterra_perception_api\n'}
[7.717323] (xterra_perception_api) CommandEnded: {'returncode': 0}
[7.720736] (xterra_perception_api) JobProgress: {'identifier': 'xterra_perception_api', 'progress': 'build'}
[7.724264] (xterra_perception_api) Command: {'cmd': ['/usr/bin/cmake', '--build', '/home/ros2_ws/build/xterra_perception_api'], 'cwd': '/home/ros2_ws/build/xterra_perception_api', 'env': OrderedDict([('CMAKE_BUILD_PARALLEL_LEVEL', '3'), ('HOSTNAME', 'orin'), ('SHLVL', '1'), ('LD_LIBRARY_PATH', '/home/ros2_ws/install/xterra/lib:/opt/ros/humble/lib/aarch64-linux-gnu:/opt/ros/humble/lib:/usr/local/lib:'), ('HOME', '/root'), ('OLDPWD', '/home/ros2_ws'), ('ROS_PYTHON_VERSION', '3'), ('MAKEFLAGS', '-j3'), ('COLCON_PREFIX_PATH', '/home/ros2_ws/install'), ('ROS_DISTRO', 'humble'), ('_', '/usr/bin/colcon'), ('ROS_VERSION', '2'), ('NVIDIA_DRIVER_CAPABILITIES', 'all'), ('OrbbecSDK_DIR', '/usr/local/lib/cmake/OrbbecSDK'), ('ROS_LOCALHOST_ONLY', '0'), ('QT_X11_NO_MITSHM', '1'), ('PATH', '/opt/ros/humble/bin:/usr/local/sbin:/usr/local/bin:/usr/sbin:/usr/bin:/sbin:/bin'), ('DISPLAY', ':1'), ('LANG', 'C.UTF-8'), ('RMW_IMPLEMENTATION', 'rmw_cyclonedds_cpp'), ('ROS_DOMAIN_ID', '0'), ('AMENT_PREFIX_PATH', '/home/ros2_ws/install/xterra:/home/ros2_ws/install/m2_metal_description:/home/ros2_ws/install/sensor_description:/opt/ros/humble'), ('DEBIAN_FRONTEND', 'noninteractive'), ('PWD', '/home/ros2_ws/build/xterra_perception_api'), ('LC_ALL', 'C.UTF-8'), ('PYTHONPATH', '/home/ros2_ws/install/xterra/local/lib/python3.10/dist-packages:/opt/ros/humble/lib/python3.10/site-packages:/opt/ros/humble/local/lib/python3.10/dist-packages'), ('NVIDIA_VISIBLE_DEVICES', 'all'), ('COLCON', '1'), ('CMAKE_PREFIX_PATH', '/home/ros2_ws/install/xterra:/home/ros2_ws/install/m2_metal_description:/home/ros2_ws/install/sensor_description:/opt/OrbbecSDK_v2.4.11/lib::/opt/ros/humble')]), 'shell': False}
[7.728687] (-) TimerEvent: {}
[7.829470] (-) TimerEvent: {}
[7.873918] (xterra_perception_api) StdoutLine: {'line': b'[ 50%] Building CXX object CMakeFiles/xterra_perception_api.dir/src/orbbec/orbbec_multi_cam_manager.cpp.o\n'}
[7.874881] (xterra_perception_api) StdoutLine: {'line': b'[ 50%] Building CXX object CMakeFiles/xterra_perception_api.dir/src/camera_interface/base_camera.cpp.o\n'}
[7.875149] (xterra_perception_api) StdoutLine: {'line': b'[ 75%] Building CXX object CMakeFiles/xterra_perception_api.dir/src/orbbec/orbbec_camera.cpp.o\n'}
[7.929773] (-) TimerEvent: {}
[8.030751] (-) TimerEvent: {}
[8.131475] (-) TimerEvent: {}
[8.232181] (-) TimerEvent: {}
[8.332888] (-) TimerEvent: {}
[8.433606] (-) TimerEvent: {}
[8.534298] (-) TimerEvent: {}
[8.635020] (-) TimerEvent: {}
[8.735780] (-) TimerEvent: {}
[8.836525] (-) TimerEvent: {}
[8.937254] (-) TimerEvent: {}
[9.038000] (-) TimerEvent: {}
[9.138771] (-) TimerEvent: {}
[9.239567] (-) TimerEvent: {}
[9.340369] (-) TimerEvent: {}
[9.441115] (-) TimerEvent: {}
[9.541849] (-) TimerEvent: {}
[9.642557] (-) TimerEvent: {}
[9.743269] (-) TimerEvent: {}
[9.843990] (-) TimerEvent: {}
[9.944719] (-) TimerEvent: {}
[10.045813] (-) TimerEvent: {}
[10.147217] (-) TimerEvent: {}
[10.247939] (-) TimerEvent: {}
[10.351099] (-) TimerEvent: {}
[10.451820] (-) TimerEvent: {}
[10.552549] (-) TimerEvent: {}
[10.653261] (-) TimerEvent: {}
[10.753972] (-) TimerEvent: {}
[10.854670] (-) TimerEvent: {}
[10.955394] (-) TimerEvent: {}
[11.056092] (-) TimerEvent: {}
[11.156812] (-) TimerEvent: {}
[11.257545] (-) TimerEvent: {}
[11.358300] (-) TimerEvent: {}
[11.459047] (-) TimerEvent: {}
[11.559742] (-) TimerEvent: {}
[11.660486] (-) TimerEvent: {}
[11.761197] (-) TimerEvent: {}
[11.861954] (-) TimerEvent: {}
[11.962706] (-) TimerEvent: {}
[12.063592] (-) TimerEvent: {}
[12.164349] (-) TimerEvent: {}
[12.265122] (-) TimerEvent: {}
[12.365902] (-) TimerEvent: {}
[12.467098] (-) TimerEvent: {}
[12.568089] (-) TimerEvent: {}
[12.668841] (-) TimerEvent: {}
[12.769563] (-) TimerEvent: {}
[12.870291] (-) TimerEvent: {}
[12.971102] (-) TimerEvent: {}
[13.071830] (-) TimerEvent: {}
[13.172551] (-) TimerEvent: {}
[13.273281] (-) TimerEvent: {}
[13.374011] (-) TimerEvent: {}
[13.474772] (-) TimerEvent: {}
[13.575559] (-) TimerEvent: {}
[13.676307] (-) TimerEvent: {}
[13.777031] (-) TimerEvent: {}
[13.877757] (-) TimerEvent: {}
[13.978557] (-) TimerEvent: {}
[14.079340] (-) TimerEvent: {}
[14.180082] (-) TimerEvent: {}
[14.280789] (-) TimerEvent: {}
[14.381470] (-) TimerEvent: {}
[14.482228] (-) TimerEvent: {}
[14.582985] (-) TimerEvent: {}
[14.683711] (-) TimerEvent: {}
[14.784460] (-) TimerEvent: {}
[14.885164] (-) TimerEvent: {}
[14.985900] (-) TimerEvent: {}
[15.086627] (-) TimerEvent: {}
[15.187407] (-) TimerEvent: {}
[15.288124] (-) TimerEvent: {}
[15.388859] (-) TimerEvent: {}
[15.489558] (-) TimerEvent: {}
[15.590343] (-) TimerEvent: {}
[15.691084] (-) TimerEvent: {}
[15.791794] (-) TimerEvent: {}
[15.892507] (-) TimerEvent: {}
[15.993235] (-) TimerEvent: {}
[16.093996] (-) TimerEvent: {}
[16.194725] (-) TimerEvent: {}
[16.295473] (-) TimerEvent: {}
[16.396200] (-) TimerEvent: {}
[16.496939] (-) TimerEvent: {}
[16.597682] (-) TimerEvent: {}
[16.698877] (-) TimerEvent: {}
[16.799644] (-) TimerEvent: {}
[16.900344] (-) TimerEvent: {}
[17.001036] (-) TimerEvent: {}
[17.101761] (-) TimerEvent: {}
[17.202508] (-) TimerEvent: {}
[17.303301] (-) TimerEvent: {}
[17.404063] (-) TimerEvent: {}
[17.505168] (-) TimerEvent: {}
[17.606316] (-) TimerEvent: {}
[17.707438] (-) TimerEvent: {}
[17.808578] (-) TimerEvent: {}
[17.909767] (-) TimerEvent: {}
[18.010887] (-) TimerEvent: {}
[18.112015] (-) TimerEvent: {}
[18.213129] (-) TimerEvent: {}
[18.313905] (-) TimerEvent: {}
[18.414653] (-) TimerEvent: {}
[18.515441] (-) TimerEvent: {}
[18.616183] (-) TimerEvent: {}
[18.719046] (-) TimerEvent: {}
[18.820341] (-) TimerEvent: {}
[18.921060] (-) TimerEvent: {}
[19.024913] (-) TimerEvent: {}
[19.126208] (-) TimerEvent: {}
[19.228089] (-) TimerEvent: {}
[19.329160] (-) TimerEvent: {}
[19.430266] (-) TimerEvent: {}
[19.531496] (-) TimerEvent: {}
[19.632698] (-) TimerEvent: {}
[19.734268] (-) TimerEvent: {}
[19.835469] (-) TimerEvent: {}
[19.936651] (-) TimerEvent: {}
[20.037765] (-) TimerEvent: {}
[20.138963] (-) TimerEvent: {}
[20.240054] (-) TimerEvent: {}
[20.341182] (-) TimerEvent: {}
[20.442327] (-) TimerEvent: {}
[20.543495] (-) TimerEvent: {}
[20.644598] (-) TimerEvent: {}
[20.745744] (-) TimerEvent: {}
[20.846882] (-) TimerEvent: {}
[20.948013] (-) TimerEvent: {}
[21.051273] (-) TimerEvent: {}
[21.152006] (-) TimerEvent: {}
[21.252727] (-) TimerEvent: {}
[21.277394] (xterra_perception_api) StderrLine: {'line': b'In file included from /home/ros2_ws/src/xterra_perception_api/include/orbbec/orbbec_camera_config.hpp:5,\n'}
[21.278223] (xterra_perception_api) StderrLine: {'line': b'                 from /home/ros2_ws/src/xterra_perception_api/include/orbbec/orbbec_camera.hpp:12,\n'}
[21.278419] (xterra_perception_api) StderrLine: {'line': b'                 from /home/ros2_ws/src/xterra_perception_api/src/orbbec/orbbec_camera.cpp:1:\n'}
[21.278584] (xterra_perception_api) StderrLine: {'line': b'/home/ros2_ws/src/xterra_perception_api/include/camera_interface/camera_config.hpp: In constructor \xe2\x80\x98xterra_perception_api::StreamConfig::StreamConfig(int, int, int, xterra_perception_api::StreamFormat, bool)\xe2\x80\x99:\n'}
[21.278749] (xterra_perception_api) StderrLine: {'line': b'/home/ros2_ws/src/xterra_perception_api/include/camera_interface/camera_config.hpp:31:22: warning: \xe2\x80\x98xterra_perception_api::StreamConfig::format\xe2\x80\x99 will be initialized after [-Wreorder]\n'}
[21.281529] (xterra_perception_api) StderrLine: {'line': b'   31 |         StreamFormat format = StreamFormat::UNKNOWN;\n'}
[21.282057] (xterra_perception_api) StderrLine: {'line': b'      |                      ^~~~~~\n'}
[21.282260] (xterra_perception_api) StderrLine: {'line': b'/home/ros2_ws/src/xterra_perception_api/include/camera_interface/camera_config.hpp:29:14: warning:   \xe2\x80\x98bool xterra_perception_api::StreamConfig::enabled\xe2\x80\x99 [-Wreorder]\n'}
[21.282433] (xterra_perception_api) StderrLine: {'line': b'   29 |         bool enabled = false;\n'}
[21.282590] (xterra_perception_api) StderrLine: {'line': b'      |              ^~~~~~~\n'}
[21.282743] (xterra_perception_api) StderrLine: {'line': b'/home/ros2_ws/src/xterra_perception_api/include/camera_interface/camera_config.hpp:35:9: warning:   when initialized here [-Wreorder]\n'}
[21.282972] (xterra_perception_api) StderrLine: {'line': b'   35 |         StreamConfig(int w, int h, int f, StreamFormat fmt, bool en = true)\n'}
[21.283233] (xterra_perception_api) StderrLine: {'line': b'      |         ^~~~~~~~~~~~\n'}
[21.352997] (-) TimerEvent: {}
[21.455483] (-) TimerEvent: {}
[21.556218] (-) TimerEvent: {}
[21.656972] (-) TimerEvent: {}
[21.758139] (-) TimerEvent: {}
[21.859392] (-) TimerEvent: {}
[21.960125] (-) TimerEvent: {}
[22.060868] (-) TimerEvent: {}
[22.163224] (-) TimerEvent: {}
[22.263950] (-) TimerEvent: {}
[22.364938] (-) TimerEvent: {}
[22.465694] (-) TimerEvent: {}
[22.566450] (-) TimerEvent: {}
[22.573285] (xterra_perception_api) StderrLine: {'line': b'In file included from /home/ros2_ws/src/xterra_perception_api/include/camera_interface/base_camera.hpp:15,\n'}
[22.575125] (xterra_perception_api) StderrLine: {'line': b'                 from /home/ros2_ws/src/xterra_perception_api/include/orbbec/orbbec_multi_cam_manager.hpp:6,\n'}
[22.576229] (xterra_perception_api) StderrLine: {'line': b'                 from /home/ros2_ws/src/xterra_perception_api/src/orbbec/orbbec_multi_cam_manager.cpp:1:\n'}
[22.577278] (xterra_perception_api) StderrLine: {'line': b'/home/ros2_ws/src/xterra_perception_api/include/camera_interface/camera_config.hpp: In constructor \xe2\x80\x98xterra_perception_api::StreamConfig::StreamConfig(int, int, int, xterra_perception_api::StreamFormat, bool)\xe2\x80\x99:\n'}
[22.578303] (xterra_perception_api) StderrLine: {'line': b'/home/ros2_ws/src/xterra_perception_api/include/camera_interface/camera_config.hpp:31:22: warning: \xe2\x80\x98xterra_perception_api::StreamConfig::format\xe2\x80\x99 will be initialized after [-Wreorder]\n'}
[22.579433] (xterra_perception_api) StderrLine: {'line': b'   31 |         StreamFormat format = StreamFormat::UNKNOWN;\n'}
[22.580471] (xterra_perception_api) StderrLine: {'line': b'      |                      ^~~~~~\n'}
[22.581500] (xterra_perception_api) StderrLine: {'line': b'In file included from /home/ros2_ws/src/xterra_perception_api/include/camera_interface/base_camera.hpp:15,\n'}
[22.582588] (xterra_perception_api) StderrLine: {'line': b'                 from /home/ros2_ws/src/xterra_perception_api/src/camera_interface/base_camera.cpp:1:\n'}
[22.583610] (xterra_perception_api) StderrLine: {'line': b'/home/ros2_ws/src/xterra_perception_api/include/camera_interface/camera_config.hpp: In constructor \xe2\x80\x98xterra_perception_api::StreamConfig::StreamConfig(int, int, int, xterra_perception_api::StreamFormat, bool)\xe2\x80\x99:\n'}
[22.584659] (xterra_perception_api) StderrLine: {'line': b'/home/ros2_ws/src/xterra_perception_api/include/camera_interface/camera_config.hpp:31:22: warning: \xe2\x80\x98xterra_perception_api::StreamConfig::format\xe2\x80\x99 will be initialized after [-Wreorder]\n'}
[22.585708] (xterra_perception_api) StderrLine: {'line': b'   31 |         StreamFormat format = StreamFormat::UNKNOWN;\n'}
[22.586752] (xterra_perception_api) StderrLine: {'line': b'      |                      ^~~~~~\n'}
[22.587839] (xterra_perception_api) StderrLine: {'line': b'/home/ros2_ws/src/xterra_perception_api/include/camera_interface/camera_config.hpp:29:14: warning:   \xe2\x80\x98bool xterra_perception_api::StreamConfig::enabled\xe2\x80\x99 [-Wreorder]\n'}
[22.588246] (xterra_perception_api) StderrLine: {'line': b'   29 |         bool enabled = false;\n'}
[22.588424] (xterra_perception_api) StderrLine: {'line': b'      |              ^~~~~~~\n'}
[22.588581] (xterra_perception_api) StderrLine: {'line': b'/home/ros2_ws/src/xterra_perception_api/include/camera_interface/camera_config.hpp:29:14: warning:   \xe2\x80\x98bool xterra_perception_api::StreamConfig::enabled\xe2\x80\x99 [-Wreorder]\n'}
[22.588734] (xterra_perception_api) StderrLine: {'line': b'   29 |         bool enabled = false;\n'}
[22.588874] (xterra_perception_api) StderrLine: {'line': b'      |              ^~~~~~~\n'}
[22.589023] (xterra_perception_api) StderrLine: {'line': b'/home/ros2_ws/src/xterra_perception_api/include/camera_interface/camera_config.hpp:35:9: warning:   when initialized here [-Wreorder]\n'}
[22.589166] (xterra_perception_api) StderrLine: {'line': b'   35 |         StreamConfig(int w, int h, int f, StreamFormat fmt, bool en = true)\n'}
[22.590706] (xterra_perception_api) StderrLine: {'line': b'      |         ^~~~~~~~~~~~\n'}
[22.590930] (xterra_perception_api) StderrLine: {'line': b'/home/ros2_ws/src/xterra_perception_api/include/camera_interface/camera_config.hpp:35:9: warning:   when initialized here [-Wreorder]\n'}
[22.591098] (xterra_perception_api) StderrLine: {'line': b'   35 |         StreamConfig(int w, int h, int f, StreamFormat fmt, bool en = true)\n'}
[22.591254] (xterra_perception_api) StderrLine: {'line': b'      |         ^~~~~~~~~~~~\n'}
[22.666715] (-) TimerEvent: {}
[22.767475] (-) TimerEvent: {}
[22.868863] (-) TimerEvent: {}
[22.969620] (-) TimerEvent: {}
[23.070356] (-) TimerEvent: {}
[23.171132] (-) TimerEvent: {}
[23.271877] (-) TimerEvent: {}
[23.372614] (-) TimerEvent: {}
[23.473359] (-) TimerEvent: {}
[23.574444] (-) TimerEvent: {}
[23.675591] (-) TimerEvent: {}
[23.776731] (-) TimerEvent: {}
[23.877844] (-) TimerEvent: {}
[23.978630] (-) TimerEvent: {}
[24.079874] (-) TimerEvent: {}
[24.181079] (-) TimerEvent: {}
[24.282063] (-) TimerEvent: {}
[24.382805] (-) TimerEvent: {}
[24.483564] (-) TimerEvent: {}
[24.587248] (-) TimerEvent: {}
[24.691297] (-) TimerEvent: {}
[24.780736] (xterra_perception_api) StderrLine: {'line': b'In file included from /home/ros2_ws/src/xterra_perception_api/src/orbbec/orbbec_camera.cpp:1:\n'}
[24.781533] (xterra_perception_api) StderrLine: {'line': b'/home/ros2_ws/src/xterra_perception_api/include/orbbec/orbbec_camera.hpp: In constructor \xe2\x80\x98xterra_perception_api::OrbbecCamera::OrbbecCamera(std::shared_ptr<ob::Device>, const xterra_perception_api::CameraConfig&, rclcpp::Logger, std::shared_ptr<xterra_perception_api::ImageOverlayUtils>)\xe2\x80\x99:\n'}
[24.781850] (xterra_perception_api) StderrLine: {'line': b'/home/ros2_ws/src/xterra_perception_api/include/orbbec/orbbec_camera.hpp:113:24: warning: \xe2\x80\x98xterra_perception_api::OrbbecCamera::logger_\xe2\x80\x99 will be initialized after [-Wreorder]\n'}
[24.782030] (xterra_perception_api) StderrLine: {'line': b'  113 |         rclcpp::Logger logger_;\n'}
[24.782188] (xterra_perception_api) StderrLine: {'line': b'      |                        ^~~~~~~\n'}
[24.782334] (xterra_perception_api) StderrLine: {'line': b'/home/ros2_ws/src/xterra_perception_api/include/orbbec/orbbec_camera.hpp:95:44: warning:   \xe2\x80\x98std::shared_ptr<xterra_perception_api::ImageOverlayUtils> xterra_perception_api::OrbbecCamera::overlay_utils_\xe2\x80\x99 [-Wreorder]\n'}
[24.782487] (xterra_perception_api) StderrLine: {'line': b'   95 |         std::shared_ptr<ImageOverlayUtils> overlay_utils_;\n'}
[24.782631] (xterra_perception_api) StderrLine: {'line': b'      |                                            ^~~~~~~~~~~~~~\n'}
[24.791237] (xterra_perception_api) StderrLine: {'line': b'/home/ros2_ws/src/xterra_perception_api/src/orbbec/orbbec_camera.cpp:6:5: warning:   when initialized here [-Wreorder]\n'}
[24.791878] (-) TimerEvent: {}
[24.791944] (xterra_perception_api) StderrLine: {'line': b'    6 |     OrbbecCamera::OrbbecCamera(std::shared_ptr<ob::Device> device,\n'}
[24.792129] (xterra_perception_api) StderrLine: {'line': b'      |     ^~~~~~~~~~~~\n'}
[24.792286] (xterra_perception_api) StderrLine: {'line': b'In file included from /home/ros2_ws/src/xterra_perception_api/src/orbbec/orbbec_camera.cpp:1:\n'}
[24.792437] (xterra_perception_api) StderrLine: {'line': b'/home/ros2_ws/src/xterra_perception_api/include/orbbec/orbbec_camera.hpp:95:44: warning: \xe2\x80\x98xterra_perception_api::OrbbecCamera::overlay_utils_\xe2\x80\x99 will be initialized after [-Wreorder]\n'}
[24.792593] (xterra_perception_api) StderrLine: {'line': b'   95 |         std::shared_ptr<ImageOverlayUtils> overlay_utils_;\n'}
[24.792739] (xterra_perception_api) StderrLine: {'line': b'      |                                            ^~~~~~~~~~~~~~\n'}
[24.792877] (xterra_perception_api) StderrLine: {'line': b'/home/ros2_ws/src/xterra_perception_api/include/orbbec/orbbec_camera.hpp:88:28: warning:   \xe2\x80\x98xterra_perception_api::OrbbecCameraConfig xterra_perception_api::OrbbecCamera::orbbec_config_\xe2\x80\x99 [-Wreorder]\n'}
[24.793101] (xterra_perception_api) StderrLine: {'line': b'   88 |         OrbbecCameraConfig orbbec_config_;\n'}
[24.793247] (xterra_perception_api) StderrLine: {'line': b'      |                            ^~~~~~~~~~~~~~\n'}
[24.793388] (xterra_perception_api) StderrLine: {'line': b'/home/ros2_ws/src/xterra_perception_api/src/orbbec/orbbec_camera.cpp:6:5: warning:   when initialized here [-Wreorder]\n'}
[24.793529] (xterra_perception_api) StderrLine: {'line': b'    6 |     OrbbecCamera::OrbbecCamera(std::shared_ptr<ob::Device> device,\n'}
[24.793667] (xterra_perception_api) StderrLine: {'line': b'      |     ^~~~~~~~~~~~\n'}
[24.892243] (-) TimerEvent: {}
[24.993004] (-) TimerEvent: {}
[25.093698] (-) TimerEvent: {}
[25.194398] (-) TimerEvent: {}
[25.295148] (-) TimerEvent: {}
[25.395876] (-) TimerEvent: {}
[25.496599] (-) TimerEvent: {}
[25.600597] (-) TimerEvent: {}
[25.701317] (-) TimerEvent: {}
[25.802066] (-) TimerEvent: {}
[25.902829] (-) TimerEvent: {}
[26.003605] (-) TimerEvent: {}
[26.104336] (-) TimerEvent: {}
[26.205081] (-) TimerEvent: {}
[26.305831] (-) TimerEvent: {}
[26.406569] (-) TimerEvent: {}
[26.507384] (-) TimerEvent: {}
[26.608121] (-) TimerEvent: {}
[26.708868] (-) TimerEvent: {}
[26.809731] (-) TimerEvent: {}
[26.910410] (-) TimerEvent: {}
[27.011199] (-) TimerEvent: {}
[27.111917] (-) TimerEvent: {}
[27.212637] (-) TimerEvent: {}
[27.313358] (-) TimerEvent: {}
[27.414161] (-) TimerEvent: {}
[27.514941] (-) TimerEvent: {}
[27.615669] (-) TimerEvent: {}
[27.716392] (-) TimerEvent: {}
[27.817113] (-) TimerEvent: {}
[27.918260] (-) TimerEvent: {}
[28.019443] (-) TimerEvent: {}
[28.120179] (-) TimerEvent: {}
[28.220921] (-) TimerEvent: {}
[28.321667] (-) TimerEvent: {}
[28.422424] (-) TimerEvent: {}
[28.523178] (-) TimerEvent: {}
[28.623895] (-) TimerEvent: {}
[28.724630] (-) TimerEvent: {}
[28.825819] (-) TimerEvent: {}
[28.926952] (-) TimerEvent: {}
[29.028021] (-) TimerEvent: {}
[29.129167] (-) TimerEvent: {}
[29.230279] (-) TimerEvent: {}
[29.331003] (-) TimerEvent: {}
[29.431665] (-) TimerEvent: {}
[29.532356] (-) TimerEvent: {}
[29.633052] (-) TimerEvent: {}
[29.733753] (-) TimerEvent: {}
[29.834566] (-) TimerEvent: {}
[29.935354] (-) TimerEvent: {}
[30.036028] (-) TimerEvent: {}
[30.139194] (-) TimerEvent: {}
[30.239941] (-) TimerEvent: {}
[30.340684] (-) TimerEvent: {}
[30.441771] (-) TimerEvent: {}
[30.542831] (-) TimerEvent: {}
[30.643996] (-) TimerEvent: {}
[30.744790] (-) TimerEvent: {}
[30.845561] (-) TimerEvent: {}
[30.946278] (-) TimerEvent: {}
[31.047131] (-) TimerEvent: {}
[31.147822] (-) TimerEvent: {}
[31.248920] (-) TimerEvent: {}
[31.350023] (-) TimerEvent: {}
[31.451121] (-) TimerEvent: {}
[31.552168] (-) TimerEvent: {}
[31.653687] (-) TimerEvent: {}
[31.754688] (-) TimerEvent: {}
[31.855768] (-) TimerEvent: {}
[31.956836] (-) TimerEvent: {}
[32.057923] (-) TimerEvent: {}
[32.159017] (-) TimerEvent: {}
[32.260061] (-) TimerEvent: {}
[32.361118] (-) TimerEvent: {}
[32.462167] (-) TimerEvent: {}
[32.563372] (-) TimerEvent: {}
[32.664435] (-) TimerEvent: {}
[32.765466] (-) TimerEvent: {}
[32.866507] (-) TimerEvent: {}
[32.967587] (-) TimerEvent: {}
[33.068632] (-) TimerEvent: {}
[33.169692] (-) TimerEvent: {}
[33.270715] (-) TimerEvent: {}
[33.371809] (-) TimerEvent: {}
[33.472852] (-) TimerEvent: {}
[33.573716] (-) TimerEvent: {}
[33.674797] (-) TimerEvent: {}
[33.775941] (-) TimerEvent: {}
[33.798492] (xterra_perception_api) StdoutLine: {'line': b'[100%] Linking CXX shared library libxterra_perception_api.so\n'}
[33.875989] (-) TimerEvent: {}
[33.976248] (-) TimerEvent: {}
[34.076662] (-) TimerEvent: {}
[34.177245] (-) TimerEvent: {}
[34.277863] (-) TimerEvent: {}
[34.378453] (-) TimerEvent: {}
[34.479104] (-) TimerEvent: {}
[34.579719] (-) TimerEvent: {}
[34.680289] (-) TimerEvent: {}
[34.780831] (-) TimerEvent: {}
[34.881482] (-) TimerEvent: {}
[34.982166] (-) TimerEvent: {}
[35.082809] (-) TimerEvent: {}
[35.183584] (-) TimerEvent: {}
[35.284151] (-) TimerEvent: {}
[35.302023] (xterra_perception_api) StdoutLine: {'line': b'[100%] Built target xterra_perception_api\n'}
[35.335835] (xterra_perception_api) CommandEnded: {'returncode': 0}
[35.339594] (xterra_perception_api) JobProgress: {'identifier': 'xterra_perception_api', 'progress': 'install'}
[35.363972] (xterra_perception_api) Command: {'cmd': ['/usr/bin/cmake', '--install', '/home/ros2_ws/build/xterra_perception_api'], 'cwd': '/home/ros2_ws/build/xterra_perception_api', 'env': OrderedDict([('CMAKE_BUILD_PARALLEL_LEVEL', '3'), ('HOSTNAME', 'orin'), ('SHLVL', '1'), ('LD_LIBRARY_PATH', '/home/ros2_ws/install/xterra/lib:/opt/ros/humble/lib/aarch64-linux-gnu:/opt/ros/humble/lib:/usr/local/lib:'), ('HOME', '/root'), ('OLDPWD', '/home/ros2_ws'), ('ROS_PYTHON_VERSION', '3'), ('MAKEFLAGS', '-j3'), ('COLCON_PREFIX_PATH', '/home/ros2_ws/install'), ('ROS_DISTRO', 'humble'), ('_', '/usr/bin/colcon'), ('ROS_VERSION', '2'), ('NVIDIA_DRIVER_CAPABILITIES', 'all'), ('OrbbecSDK_DIR', '/usr/local/lib/cmake/OrbbecSDK'), ('ROS_LOCALHOST_ONLY', '0'), ('QT_X11_NO_MITSHM', '1'), ('PATH', '/opt/ros/humble/bin:/usr/local/sbin:/usr/local/bin:/usr/sbin:/usr/bin:/sbin:/bin'), ('DISPLAY', ':1'), ('LANG', 'C.UTF-8'), ('RMW_IMPLEMENTATION', 'rmw_cyclonedds_cpp'), ('ROS_DOMAIN_ID', '0'), ('AMENT_PREFIX_PATH', '/home/ros2_ws/install/xterra:/home/ros2_ws/install/m2_metal_description:/home/ros2_ws/install/sensor_description:/opt/ros/humble'), ('DEBIAN_FRONTEND', 'noninteractive'), ('PWD', '/home/ros2_ws/build/xterra_perception_api'), ('LC_ALL', 'C.UTF-8'), ('PYTHONPATH', '/home/ros2_ws/install/xterra/local/lib/python3.10/dist-packages:/opt/ros/humble/lib/python3.10/site-packages:/opt/ros/humble/local/lib/python3.10/dist-packages'), ('NVIDIA_VISIBLE_DEVICES', 'all'), ('COLCON', '1'), ('CMAKE_PREFIX_PATH', '/home/ros2_ws/install/xterra:/home/ros2_ws/install/m2_metal_description:/home/ros2_ws/install/sensor_description:/opt/OrbbecSDK_v2.4.11/lib::/opt/ros/humble')]), 'shell': False}
[35.384240] (-) TimerEvent: {}
[35.385836] (xterra_perception_api) StdoutLine: {'line': b'-- Install configuration: ""\n'}
[35.386375] (xterra_perception_api) StdoutLine: {'line': b'-- Installing: /home/ros2_ws/install/xterra_perception_api/share/xterra_perception_api/environment/library_path.sh\n'}
[35.386822] (xterra_perception_api) StdoutLine: {'line': b'-- Installing: /home/ros2_ws/install/xterra_perception_api/share/xterra_perception_api/environment/library_path.dsv\n'}
[35.387295] (xterra_perception_api) StdoutLine: {'line': b'-- Installing: /home/ros2_ws/install/xterra_perception_api/include\n'}
[35.387852] (xterra_perception_api) StdoutLine: {'line': b'-- Installing: /home/ros2_ws/install/xterra_perception_api/include/camera_interface\n'}
[35.388417] (xterra_perception_api) StdoutLine: {'line': b'-- Installing: /home/ros2_ws/install/xterra_perception_api/include/camera_interface/camera_config.hpp\n'}
[35.388670] (xterra_perception_api) StdoutLine: {'line': b'-- Installing: /home/ros2_ws/install/xterra_perception_api/include/camera_interface/base_camera.hpp\n'}
[35.389076] (xterra_perception_api) StdoutLine: {'line': b'-- Installing: /home/ros2_ws/install/xterra_perception_api/include/orbbec\n'}
[35.389473] (xterra_perception_api) StdoutLine: {'line': b'-- Installing: /home/ros2_ws/install/xterra_perception_api/include/orbbec/orbbec_multi_cam_manager.hpp\n'}
[35.389833] (xterra_perception_api) StdoutLine: {'line': b'-- Installing: /home/ros2_ws/install/xterra_perception_api/include/orbbec/orbbec_camera.hpp\n'}
[35.390074] (xterra_perception_api) StdoutLine: {'line': b'-- Installing: /home/ros2_ws/install/xterra_perception_api/include/orbbec/orbbec_camera_config.hpp\n'}
[35.390304] (xterra_perception_api) StdoutLine: {'line': b'-- Installing: /home/ros2_ws/install/xterra_perception_api/include/utils\n'}
[35.390528] (xterra_perception_api) StdoutLine: {'line': b'-- Installing: /home/ros2_ws/install/xterra_perception_api/include/utils/image_overlay_utils.hpp\n'}
[35.390787] (xterra_perception_api) StdoutLine: {'line': b'-- Installing: /home/ros2_ws/install/xterra_perception_api/lib/libxterra_perception_api.so\n'}
[35.397553] (xterra_perception_api) StdoutLine: {'line': b'-- Set runtime path of "/home/ros2_ws/install/xterra_perception_api/lib/libxterra_perception_api.so" to ""\n'}
[35.397991] (xterra_perception_api) StdoutLine: {'line': b'-- Installing: /home/ros2_ws/install/xterra_perception_api/share/xterra_perception_api/config\n'}
[35.398241] (xterra_perception_api) StdoutLine: {'line': b'-- Installing: /home/ros2_ws/install/xterra_perception_api/share/xterra_perception_api/config/camera_meta_data.yaml\n'}
[35.399387] (xterra_perception_api) StdoutLine: {'line': b'-- Installing: /home/ros2_ws/install/xterra_perception_api/share/ament_index/resource_index/package_run_dependencies/xterra_perception_api\n'}
[35.399780] (xterra_perception_api) StdoutLine: {'line': b'-- Installing: /home/ros2_ws/install/xterra_perception_api/share/ament_index/resource_index/parent_prefix_path/xterra_perception_api\n'}
[35.400160] (xterra_perception_api) StdoutLine: {'line': b'-- Installing: /home/ros2_ws/install/xterra_perception_api/share/xterra_perception_api/environment/ament_prefix_path.sh\n'}
[35.400567] (xterra_perception_api) StdoutLine: {'line': b'-- Installing: /home/ros2_ws/install/xterra_perception_api/share/xterra_perception_api/environment/ament_prefix_path.dsv\n'}
[35.400964] (xterra_perception_api) StdoutLine: {'line': b'-- Installing: /home/ros2_ws/install/xterra_perception_api/share/xterra_perception_api/environment/path.sh\n'}
[35.401462] (xterra_perception_api) StdoutLine: {'line': b'-- Installing: /home/ros2_ws/install/xterra_perception_api/share/xterra_perception_api/environment/path.dsv\n'}
[35.401851] (xterra_perception_api) StdoutLine: {'line': b'-- Installing: /home/ros2_ws/install/xterra_perception_api/share/xterra_perception_api/local_setup.bash\n'}
[35.402217] (xterra_perception_api) StdoutLine: {'line': b'-- Installing: /home/ros2_ws/install/xterra_perception_api/share/xterra_perception_api/local_setup.sh\n'}
[35.402689] (xterra_perception_api) StdoutLine: {'line': b'-- Installing: /home/ros2_ws/install/xterra_perception_api/share/xterra_perception_api/local_setup.zsh\n'}
[35.402955] (xterra_perception_api) StdoutLine: {'line': b'-- Installing: /home/ros2_ws/install/xterra_perception_api/share/xterra_perception_api/local_setup.dsv\n'}
[35.403329] (xterra_perception_api) StdoutLine: {'line': b'-- Installing: /home/ros2_ws/install/xterra_perception_api/share/xterra_perception_api/package.dsv\n'}
[35.403704] (xterra_perception_api) StdoutLine: {'line': b'-- Installing: /home/ros2_ws/install/xterra_perception_api/share/ament_index/resource_index/packages/xterra_perception_api\n'}
[35.404174] (xterra_perception_api) StdoutLine: {'line': b'-- Installing: /home/ros2_ws/install/xterra_perception_api/share/xterra_perception_api/cmake/export_xterra_perception_apiExport.cmake\n'}
[35.404558] (xterra_perception_api) StdoutLine: {'line': b'-- Installing: /home/ros2_ws/install/xterra_perception_api/share/xterra_perception_api/cmake/export_xterra_perception_apiExport-noconfig.cmake\n'}
[35.405028] (xterra_perception_api) StdoutLine: {'line': b'-- Installing: /home/ros2_ws/install/xterra_perception_api/share/xterra_perception_api/cmake/ament_cmake_export_targets-extras.cmake\n'}
[35.405273] (xterra_perception_api) StdoutLine: {'line': b'-- Installing: /home/ros2_ws/install/xterra_perception_api/share/xterra_perception_api/cmake/ament_cmake_export_dependencies-extras.cmake\n'}
[35.405646] (xterra_perception_api) StdoutLine: {'line': b'-- Installing: /home/ros2_ws/install/xterra_perception_api/share/xterra_perception_api/cmake/xterra_perception_apiConfig.cmake\n'}
[35.405880] (xterra_perception_api) StdoutLine: {'line': b'-- Installing: /home/ros2_ws/install/xterra_perception_api/share/xterra_perception_api/cmake/xterra_perception_apiConfig-version.cmake\n'}
[35.406107] (xterra_perception_api) StdoutLine: {'line': b'-- Installing: /home/ros2_ws/install/xterra_perception_api/share/xterra_perception_api/package.xml\n'}
[35.410884] (xterra_perception_api) CommandEnded: {'returncode': 0}
[35.483688] (xterra_perception_api) JobEnded: {'identifier': 'xterra_perception_api', 'rc': 0}
[35.485957] (-) TimerEvent: {}
[35.486071] (-) EventReactorShutdown: {}
