[0.000000] (-) TimerEvent: {}
[0.000621] (-) JobUnselected: {'identifier': 'cyclonedds'}
[0.001240] (-) JobUnselected: {'identifier': 'livox_ros_driver2'}
[0.001521] (-) JobUnselected: {'identifier': 'm2_metal_description'}
[0.001794] (-) JobUnselected: {'identifier': 'orbbec_camera'}
[0.001893] (-) JobUnselected: {'identifier': 'orbbec_camera_msgs'}
[0.001970] (-) JobUnselected: {'identifier': 'orbbec_description'}
[0.002042] (-) JobUnselected: {'identifier': 'realsense2_camera'}
[0.002111] (-) JobUnselected: {'identifier': 'realsense2_camera_msgs'}
[0.002184] (-) JobUnselected: {'identifier': 'realsense2_description'}
[0.002258] (-) JobUnselected: {'identifier': 'sensor_description'}
[0.002338] (xterra) JobQueued: {'identifier': 'xterra', 'dependencies': OrderedDict()}
[0.002422] (xterra) JobStarted: {'identifier': 'xterra'}
[0.025253] (xterra) JobProgress: {'identifier': 'xterra', 'progress': 'cmake'}
[0.026857] (xterra) JobProgress: {'identifier': 'xterra', 'progress': 'build'}
[0.028370] (xterra) Command: {'cmd': ['/usr/bin/cmake', '--build', '/home/ros2_ws/build/xterra'], 'cwd': '/home/ros2_ws/build/xterra', 'env': OrderedDict([('CMAKE_BUILD_PARALLEL_LEVEL', '3'), ('HOSTNAME', 'xterra-orin'), ('SHLVL', '1'), ('LD_LIBRARY_PATH', '/home/ros2_ws/install/xterra_perception_api/lib:/home/ros2_ws/install/xterra/lib:/home/ros2_ws/install/realsense2_camera/lib:/home/ros2_ws/install/realsense2_camera_msgs/lib:/home/ros2_ws/install/livox_ros_driver2/lib:/opt/ros/humble/opt/rviz_ogre_vendor/lib:/opt/ros/humble/lib/aarch64-linux-gnu:/opt/ros/humble/lib:/usr/local/lib:/home/ros/install/lib'), ('HOME', '/root'), ('OLDPWD', '/home/ros2_ws'), ('ROS_PYTHON_VERSION', '3'), ('MAKEFLAGS', '-j3'), ('COLCON_PREFIX_PATH', '/home/ros2_ws/install'), ('ROS_DISTRO', 'humble'), ('_', '/usr/bin/colcon'), ('ROS_VERSION', '2'), ('NVIDIA_DRIVER_CAPABILITIES', 'all'), ('OrbbecSDK_DIR', '/usr/local/lib/cmake/OrbbecSDK'), ('ROS_LOCALHOST_ONLY', '0'), ('QT_X11_NO_MITSHM', '1'), ('PATH', '/opt/ros/humble/bin:/home/ros/install/bin:/usr/local/sbin:/usr/local/bin:/usr/sbin:/usr/bin:/sbin:/bin'), ('DISPLAY', ''), ('LANG', 'C.UTF-8'), ('RMW_IMPLEMENTATION', 'rmw_cyclonedds_cpp'), ('CYCLONEDDS_HOME', '/home/ros/install'), ('ROS_DOMAIN_ID', '0'), ('AMENT_PREFIX_PATH', '/home/ros2_ws/install/xterra_perception_api:/home/ros2_ws/install/xterra:/home/ros2_ws/install/m2_metal_description:/home/ros2_ws/install/sensor_description:/home/ros2_ws/install/realsense2_camera:/home/ros2_ws/install/realsense2_camera_msgs:/home/ros2_ws/install/livox_ros_driver2:/opt/ros/humble'), ('DEBIAN_FRONTEND', 'noninteractive'), ('PWD', '/home/ros2_ws/build/xterra'), ('LC_ALL', 'C.UTF-8'), ('PYTHONPATH', '/home/ros2_ws/install/xterra/local/lib/python3.10/dist-packages:/home/ros2_ws/install/realsense2_camera_msgs/local/lib/python3.10/dist-packages:/home/ros2_ws/install/livox_ros_driver2/local/lib/python3.10/dist-packages:/opt/ros/humble/lib/python3.10/site-packages:/opt/ros/humble/local/lib/python3.10/dist-packages'), ('NVIDIA_VISIBLE_DEVICES', 'all'), ('COLCON', '1'), ('CMAKE_PREFIX_PATH', '/home/ros2_ws/install/xterra_perception_api:/home/ros2_ws/install/xterra:/home/ros2_ws/install/m2_metal_description:/home/ros2_ws/install/sensor_description:/home/ros2_ws/install/realsense2_camera:/home/ros2_ws/install/realsense2_camera_msgs:/home/ros2_ws/install/livox_ros_driver2:/opt/OrbbecSDK_v2.4.11/lib::/opt/ros/humble')]), 'shell': False}
[0.099290] (-) TimerEvent: {}
[0.178665] (xterra) StdoutLine: {'line': b'[  1%] Built target xterra__cpp\n'}
[0.179417] (xterra) StdoutLine: {'line': b'[  1%] Built target xterra__rs\n'}
[0.180515] (xterra) StdoutLine: {'line': b'[ 13%] Built target xterra__rosidl_generator_c\n'}
[0.199535] (-) TimerEvent: {}
[0.270961] (xterra) StdoutLine: {'line': b'[ 37%] Built target xterra__rosidl_typesupport_fastrtps_cpp\n'}
[0.271644] (xterra) StdoutLine: {'line': b'[ 37%] Built target xterra__rosidl_typesupport_introspection_cpp\n'}
[0.274255] (xterra) StdoutLine: {'line': b'[ 37%] Built target ament_cmake_python_copy_xterra\n'}
[0.299819] (-) TimerEvent: {}
[0.348075] (xterra) StdoutLine: {'line': b'[ 61%] Built target xterra__rosidl_typesupport_cpp\n'}
[0.348767] (xterra) StdoutLine: {'line': b'[ 61%] Built target xterra__rosidl_typesupport_introspection_c\n'}
[0.349600] (xterra) StdoutLine: {'line': b'[ 73%] Built target xterra__rosidl_typesupport_fastrtps_c\n'}
[0.400025] (-) TimerEvent: {}
[0.411504] (xterra) StdoutLine: {'line': b'[ 85%] Built target xterra__rosidl_typesupport_c\n'}
[0.465929] (xterra) StdoutLine: {'line': b'[ 85%] Built target xterra\n'}
[0.500472] (-) TimerEvent: {}
[0.525792] (xterra) StdoutLine: {'line': b'[ 86%] Built target xterra__py\n'}
[0.600688] (-) TimerEvent: {}
[0.603607] (xterra) StdoutLine: {'line': b'[ 97%] Built target xterra__rosidl_generator_py\n'}
[0.664945] (xterra) StdoutLine: {'line': b'[ 99%] Built target xterra__rosidl_typesupport_fastrtps_c__pyext\n'}
[0.665578] (xterra) StdoutLine: {'line': b'[ 99%] Built target xterra__rosidl_typesupport_introspection_c__pyext\n'}
[0.700939] (-) TimerEvent: {}
[0.727662] (xterra) StdoutLine: {'line': b'[100%] Built target xterra__rosidl_typesupport_c__pyext\n'}
[0.801015] (-) TimerEvent: {}
[0.857907] (xterra) StdoutLine: {'line': b'running egg_info\n'}
[0.859089] (xterra) StdoutLine: {'line': b'writing xterra.egg-info/PKG-INFO\n'}
[0.859967] (xterra) StdoutLine: {'line': b'writing dependency_links to xterra.egg-info/dependency_links.txt\n'}
[0.860552] (xterra) StdoutLine: {'line': b'writing top-level names to xterra.egg-info/top_level.txt\n'}
[0.866237] (xterra) StdoutLine: {'line': b"reading manifest file 'xterra.egg-info/SOURCES.txt'\n"}
[0.867867] (xterra) StdoutLine: {'line': b"writing manifest file 'xterra.egg-info/SOURCES.txt'\n"}
[0.901100] (-) TimerEvent: {}
[0.967653] (xterra) StdoutLine: {'line': b'[100%] Built target ament_cmake_python_build_xterra_egg\n'}
[0.998839] (xterra) CommandEnded: {'returncode': 0}
[1.001524] (xterra) JobProgress: {'identifier': 'xterra', 'progress': 'install'}
[1.001673] (-) TimerEvent: {}
[1.029530] (xterra) Command: {'cmd': ['/usr/bin/cmake', '--install', '/home/ros2_ws/build/xterra'], 'cwd': '/home/ros2_ws/build/xterra', 'env': OrderedDict([('CMAKE_BUILD_PARALLEL_LEVEL', '3'), ('HOSTNAME', 'xterra-orin'), ('SHLVL', '1'), ('LD_LIBRARY_PATH', '/home/ros2_ws/install/xterra_perception_api/lib:/home/ros2_ws/install/xterra/lib:/home/ros2_ws/install/realsense2_camera/lib:/home/ros2_ws/install/realsense2_camera_msgs/lib:/home/ros2_ws/install/livox_ros_driver2/lib:/opt/ros/humble/opt/rviz_ogre_vendor/lib:/opt/ros/humble/lib/aarch64-linux-gnu:/opt/ros/humble/lib:/usr/local/lib:/home/ros/install/lib'), ('HOME', '/root'), ('OLDPWD', '/home/ros2_ws'), ('ROS_PYTHON_VERSION', '3'), ('MAKEFLAGS', '-j3'), ('COLCON_PREFIX_PATH', '/home/ros2_ws/install'), ('ROS_DISTRO', 'humble'), ('_', '/usr/bin/colcon'), ('ROS_VERSION', '2'), ('NVIDIA_DRIVER_CAPABILITIES', 'all'), ('OrbbecSDK_DIR', '/usr/local/lib/cmake/OrbbecSDK'), ('ROS_LOCALHOST_ONLY', '0'), ('QT_X11_NO_MITSHM', '1'), ('PATH', '/opt/ros/humble/bin:/home/ros/install/bin:/usr/local/sbin:/usr/local/bin:/usr/sbin:/usr/bin:/sbin:/bin'), ('DISPLAY', ''), ('LANG', 'C.UTF-8'), ('RMW_IMPLEMENTATION', 'rmw_cyclonedds_cpp'), ('CYCLONEDDS_HOME', '/home/ros/install'), ('ROS_DOMAIN_ID', '0'), ('AMENT_PREFIX_PATH', '/home/ros2_ws/install/xterra_perception_api:/home/ros2_ws/install/xterra:/home/ros2_ws/install/m2_metal_description:/home/ros2_ws/install/sensor_description:/home/ros2_ws/install/realsense2_camera:/home/ros2_ws/install/realsense2_camera_msgs:/home/ros2_ws/install/livox_ros_driver2:/opt/ros/humble'), ('DEBIAN_FRONTEND', 'noninteractive'), ('PWD', '/home/ros2_ws/build/xterra'), ('LC_ALL', 'C.UTF-8'), ('PYTHONPATH', '/home/ros2_ws/install/xterra/local/lib/python3.10/dist-packages:/home/ros2_ws/install/realsense2_camera_msgs/local/lib/python3.10/dist-packages:/home/ros2_ws/install/livox_ros_driver2/local/lib/python3.10/dist-packages:/opt/ros/humble/lib/python3.10/site-packages:/opt/ros/humble/local/lib/python3.10/dist-packages'), ('NVIDIA_VISIBLE_DEVICES', 'all'), ('COLCON', '1'), ('CMAKE_PREFIX_PATH', '/home/ros2_ws/install/xterra_perception_api:/home/ros2_ws/install/xterra:/home/ros2_ws/install/m2_metal_description:/home/ros2_ws/install/sensor_description:/home/ros2_ws/install/realsense2_camera:/home/ros2_ws/install/realsense2_camera_msgs:/home/ros2_ws/install/livox_ros_driver2:/opt/OrbbecSDK_v2.4.11/lib::/opt/ros/humble')]), 'shell': False}
[1.058666] (xterra) StdoutLine: {'line': b'-- Install configuration: ""\n'}
[1.059475] (xterra) StdoutLine: {'line': b'-- Up-to-date: /home/ros2_ws/install/xterra/share/ament_index/resource_index/rosidl_interfaces/xterra\n'}
[1.060076] (xterra) StdoutLine: {'line': b'-- Up-to-date: /home/ros2_ws/install/xterra/include/xterra/xterra\n'}
[1.062161] (xterra) StdoutLine: {'line': b'-- Up-to-date: /home/ros2_ws/install/xterra/include/xterra/xterra/msg\n'}
[1.062475] (xterra) StdoutLine: {'line': b'-- Up-to-date: /home/ros2_ws/install/xterra/include/xterra/xterra/msg/float_scalar.h\n'}
[1.062616] (xterra) StdoutLine: {'line': b'-- Up-to-date: /home/ros2_ws/install/xterra/include/xterra/xterra/msg/rgb_frame.h\n'}
[1.062748] (xterra) StdoutLine: {'line': b'-- Up-to-date: /home/ros2_ws/install/xterra/include/xterra/xterra/msg/rosidl_generator_c__visibility_control.h\n'}
[1.062980] (xterra) StdoutLine: {'line': b'-- Up-to-date: /home/ros2_ws/install/xterra/include/xterra/xterra/msg/sensor_data.h\n'}
[1.064255] (xterra) StdoutLine: {'line': b'-- Up-to-date: /home/ros2_ws/install/xterra/include/xterra/xterra/msg/quad_log.h\n'}
[1.064496] (xterra) StdoutLine: {'line': b'-- Up-to-date: /home/ros2_ws/install/xterra/include/xterra/xterra/msg/point3_d.h\n'}
[1.064728] (xterra) StdoutLine: {'line': b'-- Up-to-date: /home/ros2_ws/install/xterra/include/xterra/xterra/msg/motor_gain_multiplier.h\n'}
[1.065439] (xterra) StdoutLine: {'line': b'-- Up-to-date: /home/ros2_ws/install/xterra/include/xterra/xterra/msg/joint_data.h\n'}
[1.069262] (xterra) StdoutLine: {'line': b'-- Up-to-date: /home/ros2_ws/install/xterra/include/xterra/xterra/msg/detail\n'}
[1.069744] (xterra) StdoutLine: {'line': b'-- Up-to-date: /home/ros2_ws/install/xterra/include/xterra/xterra/msg/detail/point3_d__functions.c\n'}
[1.069877] (xterra) StdoutLine: {'line': b'-- Up-to-date: /home/ros2_ws/install/xterra/include/xterra/xterra/msg/detail/rgb_frame__functions.c\n'}
[1.070103] (xterra) StdoutLine: {'line': b'-- Up-to-date: /home/ros2_ws/install/xterra/include/xterra/xterra/msg/detail/joy_data__functions.h\n'}
[1.070517] (xterra) StdoutLine: {'line': b'-- Up-to-date: /home/ros2_ws/install/xterra/include/xterra/xterra/msg/detail/solver_stats__type_support.h\n'}
[1.072074] (xterra) StdoutLine: {'line': b'-- Up-to-date: /home/ros2_ws/install/xterra/include/xterra/xterra/msg/detail/solver_stats__functions.c\n'}
[1.072218] (xterra) StdoutLine: {'line': b'-- Up-to-date: /home/ros2_ws/install/xterra/include/xterra/xterra/msg/detail/point3_d__struct.h\n'}
[1.072453] (xterra) StdoutLine: {'line': b'-- Up-to-date: /home/ros2_ws/install/xterra/include/xterra/xterra/msg/detail/joy_data__type_support.h\n'}
[1.072581] (xterra) StdoutLine: {'line': b'-- Up-to-date: /home/ros2_ws/install/xterra/include/xterra/xterra/msg/detail/quad_log__functions.h\n'}
[1.072705] (xterra) StdoutLine: {'line': b'-- Up-to-date: /home/ros2_ws/install/xterra/include/xterra/xterra/msg/detail/quad_log__struct.h\n'}
[1.072927] (xterra) StdoutLine: {'line': b'-- Up-to-date: /home/ros2_ws/install/xterra/include/xterra/xterra/msg/detail/point3_d__functions.h\n'}
[1.073288] (xterra) StdoutLine: {'line': b'-- Up-to-date: /home/ros2_ws/install/xterra/include/xterra/xterra/msg/detail/point3_d__type_support.h\n'}
[1.074853] (xterra) StdoutLine: {'line': b'-- Up-to-date: /home/ros2_ws/install/xterra/include/xterra/xterra/msg/detail/quaternion__struct.h\n'}
[1.074986] (xterra) StdoutLine: {'line': b'-- Up-to-date: /home/ros2_ws/install/xterra/include/xterra/xterra/msg/detail/joint_data__functions.h\n'}
[1.075213] (xterra) StdoutLine: {'line': b'-- Up-to-date: /home/ros2_ws/install/xterra/include/xterra/xterra/msg/detail/motor_gain_multiplier__struct.h\n'}
[1.075346] (xterra) StdoutLine: {'line': b'-- Up-to-date: /home/ros2_ws/install/xterra/include/xterra/xterra/msg/detail/rgb_frame__functions.h\n'}
[1.075491] (xterra) StdoutLine: {'line': b'-- Up-to-date: /home/ros2_ws/install/xterra/include/xterra/xterra/msg/detail/motor_gain_multiplier__functions.c\n'}
[1.075711] (xterra) StdoutLine: {'line': b'-- Up-to-date: /home/ros2_ws/install/xterra/include/xterra/xterra/msg/detail/base_orientation_wrench_debug__functions.c\n'}
[1.075927] (xterra) StdoutLine: {'line': b'-- Up-to-date: /home/ros2_ws/install/xterra/include/xterra/xterra/msg/detail/float_scalar__functions.h\n'}
[1.076270] (xterra) StdoutLine: {'line': b'-- Up-to-date: /home/ros2_ws/install/xterra/include/xterra/xterra/msg/detail/solver_stats__struct.h\n'}
[1.076447] (xterra) StdoutLine: {'line': b'-- Up-to-date: /home/ros2_ws/install/xterra/include/xterra/xterra/msg/detail/camera_frame__functions.h\n'}
[1.076671] (xterra) StdoutLine: {'line': b'-- Up-to-date: /home/ros2_ws/install/xterra/include/xterra/xterra/msg/detail/joint_data__type_support.h\n'}
[1.076801] (xterra) StdoutLine: {'line': b'-- Up-to-date: /home/ros2_ws/install/xterra/include/xterra/xterra/msg/detail/base_orientation_wrench_debug__functions.h\n'}
[1.076928] (xterra) StdoutLine: {'line': b'-- Up-to-date: /home/ros2_ws/install/xterra/include/xterra/xterra/msg/detail/camera_frame__type_support.h\n'}
[1.077051] (xterra) StdoutLine: {'line': b'-- Up-to-date: /home/ros2_ws/install/xterra/include/xterra/xterra/msg/detail/rgb_frame__type_support.h\n'}
[1.077276] (xterra) StdoutLine: {'line': b'-- Up-to-date: /home/ros2_ws/install/xterra/include/xterra/xterra/msg/detail/sensor_data__struct.h\n'}
[1.077405] (xterra) StdoutLine: {'line': b'-- Up-to-date: /home/ros2_ws/install/xterra/include/xterra/xterra/msg/detail/quaternion__type_support.h\n'}
[1.077627] (xterra) StdoutLine: {'line': b'-- Up-to-date: /home/ros2_ws/install/xterra/include/xterra/xterra/msg/detail/indicator_data__type_support.h\n'}
[1.077847] (xterra) StdoutLine: {'line': b'-- Up-to-date: /home/ros2_ws/install/xterra/include/xterra/xterra/msg/detail/sensor_data__functions.h\n'}
[1.077975] (xterra) StdoutLine: {'line': b'-- Up-to-date: /home/ros2_ws/install/xterra/include/xterra/xterra/msg/detail/sensor_data__type_support.h\n'}
[1.078343] (xterra) StdoutLine: {'line': b'-- Up-to-date: /home/ros2_ws/install/xterra/include/xterra/xterra/msg/detail/base_orientation_wrench_debug__type_support.h\n'}
[1.080199] (xterra) StdoutLine: {'line': b'-- Up-to-date: /home/ros2_ws/install/xterra/include/xterra/xterra/msg/detail/joint_data__functions.c\n'}
[1.080337] (xterra) StdoutLine: {'line': b'-- Up-to-date: /home/ros2_ws/install/xterra/include/xterra/xterra/msg/detail/joint_data__struct.h\n'}
[1.080461] (xterra) StdoutLine: {'line': b'-- Up-to-date: /home/ros2_ws/install/xterra/include/xterra/xterra/msg/detail/indicator_data__functions.c\n'}
[1.080581] (xterra) StdoutLine: {'line': b'-- Up-to-date: /home/ros2_ws/install/xterra/include/xterra/xterra/msg/detail/float_scalar__type_support.h\n'}
[1.080701] (xterra) StdoutLine: {'line': b'-- Up-to-date: /home/ros2_ws/install/xterra/include/xterra/xterra/msg/detail/indicator_data__functions.h\n'}
[1.080819] (xterra) StdoutLine: {'line': b'-- Up-to-date: /home/ros2_ws/install/xterra/include/xterra/xterra/msg/detail/camera_frame__functions.c\n'}
[1.080936] (xterra) StdoutLine: {'line': b'-- Up-to-date: /home/ros2_ws/install/xterra/include/xterra/xterra/msg/detail/float_scalar__functions.c\n'}
[1.081054] (xterra) StdoutLine: {'line': b'-- Up-to-date: /home/ros2_ws/install/xterra/include/xterra/xterra/msg/detail/quaternion__functions.c\n'}
[1.081173] (xterra) StdoutLine: {'line': b'-- Up-to-date: /home/ros2_ws/install/xterra/include/xterra/xterra/msg/detail/quaternion__functions.h\n'}
[1.081288] (xterra) StdoutLine: {'line': b'-- Up-to-date: /home/ros2_ws/install/xterra/include/xterra/xterra/msg/detail/solver_stats__functions.h\n'}
[1.081405] (xterra) StdoutLine: {'line': b'-- Up-to-date: /home/ros2_ws/install/xterra/include/xterra/xterra/msg/detail/float_scalar__struct.h\n'}
[1.081524] (xterra) StdoutLine: {'line': b'-- Up-to-date: /home/ros2_ws/install/xterra/include/xterra/xterra/msg/detail/joy_data__functions.c\n'}
[1.081662] (xterra) StdoutLine: {'line': b'-- Up-to-date: /home/ros2_ws/install/xterra/include/xterra/xterra/msg/detail/quad_log__functions.c\n'}
[1.081781] (xterra) StdoutLine: {'line': b'-- Up-to-date: /home/ros2_ws/install/xterra/include/xterra/xterra/msg/detail/camera_frame__struct.h\n'}
[1.081900] (xterra) StdoutLine: {'line': b'-- Up-to-date: /home/ros2_ws/install/xterra/include/xterra/xterra/msg/detail/indicator_data__struct.h\n'}
[1.082017] (xterra) StdoutLine: {'line': b'-- Up-to-date: /home/ros2_ws/install/xterra/include/xterra/xterra/msg/detail/sensor_data__functions.c\n'}
[1.082133] (xterra) StdoutLine: {'line': b'-- Up-to-date: /home/ros2_ws/install/xterra/include/xterra/xterra/msg/detail/quad_log__type_support.h\n'}
[1.082267] (xterra) StdoutLine: {'line': b'-- Up-to-date: /home/ros2_ws/install/xterra/include/xterra/xterra/msg/detail/motor_gain_multiplier__functions.h\n'}
[1.082394] (xterra) StdoutLine: {'line': b'-- Up-to-date: /home/ros2_ws/install/xterra/include/xterra/xterra/msg/detail/rgb_frame__struct.h\n'}
[1.082513] (xterra) StdoutLine: {'line': b'-- Up-to-date: /home/ros2_ws/install/xterra/include/xterra/xterra/msg/detail/base_orientation_wrench_debug__struct.h\n'}
[1.082632] (xterra) StdoutLine: {'line': b'-- Up-to-date: /home/ros2_ws/install/xterra/include/xterra/xterra/msg/detail/joy_data__struct.h\n'}
[1.082750] (xterra) StdoutLine: {'line': b'-- Up-to-date: /home/ros2_ws/install/xterra/include/xterra/xterra/msg/detail/motor_gain_multiplier__type_support.h\n'}
[1.082869] (xterra) StdoutLine: {'line': b'-- Up-to-date: /home/ros2_ws/install/xterra/include/xterra/xterra/msg/base_orientation_wrench_debug.h\n'}
[1.082987] (xterra) StdoutLine: {'line': b'-- Up-to-date: /home/ros2_ws/install/xterra/include/xterra/xterra/msg/solver_stats.h\n'}
[1.083106] (xterra) StdoutLine: {'line': b'-- Up-to-date: /home/ros2_ws/install/xterra/include/xterra/xterra/msg/camera_frame.h\n'}
[1.083223] (xterra) StdoutLine: {'line': b'-- Up-to-date: /home/ros2_ws/install/xterra/include/xterra/xterra/msg/quaternion.h\n'}
[1.083339] (xterra) StdoutLine: {'line': b'-- Up-to-date: /home/ros2_ws/install/xterra/include/xterra/xterra/msg/joy_data.h\n'}
[1.083455] (xterra) StdoutLine: {'line': b'-- Up-to-date: /home/ros2_ws/install/xterra/include/xterra/xterra/msg/indicator_data.h\n'}
[1.083571] (xterra) StdoutLine: {'line': b'-- Up-to-date: /home/ros2_ws/install/xterra/include/xterra/xterra/srv\n'}
[1.083687] (xterra) StdoutLine: {'line': b'-- Up-to-date: /home/ros2_ws/install/xterra/include/xterra/xterra/srv/detail\n'}
[1.083832] (xterra) StdoutLine: {'line': b'-- Up-to-date: /home/ros2_ws/install/xterra/include/xterra/xterra/srv/detail/capture_image__type_support.h\n'}
[1.083948] (xterra) StdoutLine: {'line': b'-- Up-to-date: /home/ros2_ws/install/xterra/include/xterra/xterra/srv/detail/capture_image__functions.c\n'}
[1.084097] (xterra) StdoutLine: {'line': b'-- Up-to-date: /home/ros2_ws/install/xterra/include/xterra/xterra/srv/detail/capture_image__struct.h\n'}
[1.084220] (xterra) StdoutLine: {'line': b'-- Up-to-date: /home/ros2_ws/install/xterra/include/xterra/xterra/srv/detail/capture_image__functions.h\n'}
[1.084334] (xterra) StdoutLine: {'line': b'-- Up-to-date: /home/ros2_ws/install/xterra/include/xterra/xterra/srv/capture_image.h\n'}
[1.084448] (xterra) StdoutLine: {'line': b'-- Up-to-date: /home/ros2_ws/install/xterra/share/xterra/environment/library_path.sh\n'}
[1.084565] (xterra) StdoutLine: {'line': b'-- Up-to-date: /home/ros2_ws/install/xterra/share/xterra/environment/library_path.dsv\n'}
[1.084681] (xterra) StdoutLine: {'line': b'-- Up-to-date: /home/ros2_ws/install/xterra/lib/libxterra__rosidl_generator_c.so\n'}
[1.084797] (xterra) StdoutLine: {'line': b'-- Up-to-date: /home/ros2_ws/install/xterra/include/xterra/xterra\n'}
[1.084915] (xterra) StdoutLine: {'line': b'-- Up-to-date: /home/ros2_ws/install/xterra/include/xterra/xterra/msg\n'}
[1.085030] (xterra) StdoutLine: {'line': b'-- Up-to-date: /home/ros2_ws/install/xterra/include/xterra/xterra/msg/rosidl_typesupport_fastrtps_c__visibility_control.h\n'}
[1.085167] (xterra) StdoutLine: {'line': b'-- Up-to-date: /home/ros2_ws/install/xterra/include/xterra/xterra/msg/detail\n'}
[1.085288] (xterra) StdoutLine: {'line': b'-- Up-to-date: /home/ros2_ws/install/xterra/include/xterra/xterra/msg/detail/point3_d__rosidl_typesupport_fastrtps_c.h\n'}
[1.085407] (xterra) StdoutLine: {'line': b'-- Up-to-date: /home/ros2_ws/install/xterra/include/xterra/xterra/msg/detail/joint_data__rosidl_typesupport_fastrtps_c.h\n'}
[1.085524] (xterra) StdoutLine: {'line': b'-- Up-to-date: /home/ros2_ws/install/xterra/include/xterra/xterra/msg/detail/sensor_data__rosidl_typesupport_fastrtps_c.h\n'}
[1.085641] (xterra) StdoutLine: {'line': b'-- Up-to-date: /home/ros2_ws/install/xterra/include/xterra/xterra/msg/detail/solver_stats__rosidl_typesupport_fastrtps_c.h\n'}
[1.085760] (xterra) StdoutLine: {'line': b'-- Up-to-date: /home/ros2_ws/install/xterra/include/xterra/xterra/msg/detail/joy_data__rosidl_typesupport_fastrtps_c.h\n'}
[1.085876] (xterra) StdoutLine: {'line': b'-- Up-to-date: /home/ros2_ws/install/xterra/include/xterra/xterra/msg/detail/quaternion__rosidl_typesupport_fastrtps_c.h\n'}
[1.085997] (xterra) StdoutLine: {'line': b'-- Up-to-date: /home/ros2_ws/install/xterra/include/xterra/xterra/msg/detail/quad_log__rosidl_typesupport_fastrtps_c.h\n'}
[1.086114] (xterra) StdoutLine: {'line': b'-- Up-to-date: /home/ros2_ws/install/xterra/include/xterra/xterra/msg/detail/indicator_data__rosidl_typesupport_fastrtps_c.h\n'}
[1.086231] (xterra) StdoutLine: {'line': b'-- Up-to-date: /home/ros2_ws/install/xterra/include/xterra/xterra/msg/detail/base_orientation_wrench_debug__rosidl_typesupport_fastrtps_c.h\n'}
[1.086354] (xterra) StdoutLine: {'line': b'-- Up-to-date: /home/ros2_ws/install/xterra/include/xterra/xterra/msg/detail/camera_frame__rosidl_typesupport_fastrtps_c.h\n'}
[1.086474] (xterra) StdoutLine: {'line': b'-- Up-to-date: /home/ros2_ws/install/xterra/include/xterra/xterra/msg/detail/motor_gain_multiplier__rosidl_typesupport_fastrtps_c.h\n'}
[1.086594] (xterra) StdoutLine: {'line': b'-- Up-to-date: /home/ros2_ws/install/xterra/include/xterra/xterra/msg/detail/rgb_frame__rosidl_typesupport_fastrtps_c.h\n'}
[1.086725] (xterra) StdoutLine: {'line': b'-- Up-to-date: /home/ros2_ws/install/xterra/include/xterra/xterra/msg/detail/float_scalar__rosidl_typesupport_fastrtps_c.h\n'}
[1.086846] (xterra) StdoutLine: {'line': b'-- Up-to-date: /home/ros2_ws/install/xterra/include/xterra/xterra/srv\n'}
[1.086963] (xterra) StdoutLine: {'line': b'-- Up-to-date: /home/ros2_ws/install/xterra/include/xterra/xterra/srv/detail\n'}
[1.087082] (xterra) StdoutLine: {'line': b'-- Up-to-date: /home/ros2_ws/install/xterra/include/xterra/xterra/srv/detail/capture_image__rosidl_typesupport_fastrtps_c.h\n'}
[1.087201] (xterra) StdoutLine: {'line': b'-- Up-to-date: /home/ros2_ws/install/xterra/lib/libxterra__rosidl_typesupport_fastrtps_c.so\n'}
[1.087321] (xterra) StdoutLine: {'line': b'-- Up-to-date: /home/ros2_ws/install/xterra/include/xterra/xterra\n'}
[1.087441] (xterra) StdoutLine: {'line': b'-- Up-to-date: /home/ros2_ws/install/xterra/include/xterra/xterra/msg\n'}
[1.087562] (xterra) StdoutLine: {'line': b'-- Up-to-date: /home/ros2_ws/install/xterra/include/xterra/xterra/msg/motor_gain_multiplier.hpp\n'}
[1.087679] (xterra) StdoutLine: {'line': b'-- Up-to-date: /home/ros2_ws/install/xterra/include/xterra/xterra/msg/base_orientation_wrench_debug.hpp\n'}
[1.087795] (xterra) StdoutLine: {'line': b'-- Up-to-date: /home/ros2_ws/install/xterra/include/xterra/xterra/msg/sensor_data.hpp\n'}
[1.087911] (xterra) StdoutLine: {'line': b'-- Up-to-date: /home/ros2_ws/install/xterra/include/xterra/xterra/msg/quaternion.hpp\n'}
[1.088028] (xterra) StdoutLine: {'line': b'-- Up-to-date: /home/ros2_ws/install/xterra/include/xterra/xterra/msg/float_scalar.hpp\n'}
[1.088184] (xterra) StdoutLine: {'line': b'-- Up-to-date: /home/ros2_ws/install/xterra/include/xterra/xterra/msg/rosidl_generator_cpp__visibility_control.hpp\n'}
[1.088305] (xterra) StdoutLine: {'line': b'-- Up-to-date: /home/ros2_ws/install/xterra/include/xterra/xterra/msg/indicator_data.hpp\n'}
[1.088449] (xterra) StdoutLine: {'line': b'-- Up-to-date: /home/ros2_ws/install/xterra/include/xterra/xterra/msg/quad_log.hpp\n'}
[1.088568] (xterra) StdoutLine: {'line': b'-- Up-to-date: /home/ros2_ws/install/xterra/include/xterra/xterra/msg/detail\n'}
[1.088686] (xterra) StdoutLine: {'line': b'-- Up-to-date: /home/ros2_ws/install/xterra/include/xterra/xterra/msg/detail/solver_stats__type_support.hpp\n'}
[1.088832] (xterra) StdoutLine: {'line': b'-- Up-to-date: /home/ros2_ws/install/xterra/include/xterra/xterra/msg/detail/point3_d__builder.hpp\n'}
[1.088955] (xterra) StdoutLine: {'line': b'-- Up-to-date: /home/ros2_ws/install/xterra/include/xterra/xterra/msg/detail/indicator_data__builder.hpp\n'}
[1.089072] (xterra) StdoutLine: {'line': b'-- Up-to-date: /home/ros2_ws/install/xterra/include/xterra/xterra/msg/detail/rgb_frame__struct.hpp\n'}
[1.089188] (xterra) StdoutLine: {'line': b'-- Up-to-date: /home/ros2_ws/install/xterra/include/xterra/xterra/msg/detail/camera_frame__traits.hpp\n'}
[1.089305] (xterra) StdoutLine: {'line': b'-- Up-to-date: /home/ros2_ws/install/xterra/include/xterra/xterra/msg/detail/joy_data__type_support.hpp\n'}
[1.089424] (xterra) StdoutLine: {'line': b'-- Up-to-date: /home/ros2_ws/install/xterra/include/xterra/xterra/msg/detail/joint_data__builder.hpp\n'}
[1.089538] (xterra) StdoutLine: {'line': b'-- Up-to-date: /home/ros2_ws/install/xterra/include/xterra/xterra/msg/detail/quad_log__traits.hpp\n'}
[1.089654] (xterra) StdoutLine: {'line': b'-- Up-to-date: /home/ros2_ws/install/xterra/include/xterra/xterra/msg/detail/indicator_data__type_support.hpp\n'}
[1.089771] (xterra) StdoutLine: {'line': b'-- Up-to-date: /home/ros2_ws/install/xterra/include/xterra/xterra/msg/detail/solver_stats__traits.hpp\n'}
[1.089889] (xterra) StdoutLine: {'line': b'-- Up-to-date: /home/ros2_ws/install/xterra/include/xterra/xterra/msg/detail/quad_log__builder.hpp\n'}
[1.090007] (xterra) StdoutLine: {'line': b'-- Up-to-date: /home/ros2_ws/install/xterra/include/xterra/xterra/msg/detail/rgb_frame__builder.hpp\n'}
[1.090124] (xterra) StdoutLine: {'line': b'-- Up-to-date: /home/ros2_ws/install/xterra/include/xterra/xterra/msg/detail/motor_gain_multiplier__struct.hpp\n'}
[1.090243] (xterra) StdoutLine: {'line': b'-- Up-to-date: /home/ros2_ws/install/xterra/include/xterra/xterra/msg/detail/rgb_frame__type_support.hpp\n'}
[1.090361] (xterra) StdoutLine: {'line': b'-- Up-to-date: /home/ros2_ws/install/xterra/include/xterra/xterra/msg/detail/point3_d__traits.hpp\n'}
[1.090478] (xterra) StdoutLine: {'line': b'-- Up-to-date: /home/ros2_ws/install/xterra/include/xterra/xterra/msg/detail/point3_d__type_support.hpp\n'}
[1.090596] (xterra) StdoutLine: {'line': b'-- Up-to-date: /home/ros2_ws/install/xterra/include/xterra/xterra/msg/detail/indicator_data__traits.hpp\n'}
[1.090714] (xterra) StdoutLine: {'line': b'-- Up-to-date: /home/ros2_ws/install/xterra/include/xterra/xterra/msg/detail/sensor_data__type_support.hpp\n'}
[1.090834] (xterra) StdoutLine: {'line': b'-- Up-to-date: /home/ros2_ws/install/xterra/include/xterra/xterra/msg/detail/quad_log__type_support.hpp\n'}
[1.090951] (xterra) StdoutLine: {'line': b'-- Up-to-date: /home/ros2_ws/install/xterra/include/xterra/xterra/msg/detail/sensor_data__builder.hpp\n'}
[1.091071] (xterra) StdoutLine: {'line': b'-- Up-to-date: /home/ros2_ws/install/xterra/include/xterra/xterra/msg/detail/float_scalar__traits.hpp\n'}
[1.091188] (xterra) StdoutLine: {'line': b'-- Up-to-date: /home/ros2_ws/install/xterra/include/xterra/xterra/msg/detail/base_orientation_wrench_debug__struct.hpp\n'}
[1.091321] (xterra) StdoutLine: {'line': b'-- Up-to-date: /home/ros2_ws/install/xterra/include/xterra/xterra/msg/detail/float_scalar__struct.hpp\n'}
[1.091442] (xterra) StdoutLine: {'line': b'-- Up-to-date: /home/ros2_ws/install/xterra/include/xterra/xterra/msg/detail/base_orientation_wrench_debug__traits.hpp\n'}
[1.091563] (xterra) StdoutLine: {'line': b'-- Up-to-date: /home/ros2_ws/install/xterra/include/xterra/xterra/msg/detail/camera_frame__struct.hpp\n'}
[1.091695] (xterra) StdoutLine: {'line': b'-- Up-to-date: /home/ros2_ws/install/xterra/include/xterra/xterra/msg/detail/solver_stats__builder.hpp\n'}
[1.091814] (xterra) StdoutLine: {'line': b'-- Up-to-date: /home/ros2_ws/install/xterra/include/xterra/xterra/msg/detail/indicator_data__struct.hpp\n'}
[1.091931] (xterra) StdoutLine: {'line': b'-- Up-to-date: /home/ros2_ws/install/xterra/include/xterra/xterra/msg/detail/motor_gain_multiplier__builder.hpp\n'}
[1.092073] (xterra) StdoutLine: {'line': b'-- Up-to-date: /home/ros2_ws/install/xterra/include/xterra/xterra/msg/detail/joint_data__type_support.hpp\n'}
[1.092204] (xterra) StdoutLine: {'line': b'-- Up-to-date: /home/ros2_ws/install/xterra/include/xterra/xterra/msg/detail/rgb_frame__traits.hpp\n'}
[1.092324] (xterra) StdoutLine: {'line': b'-- Up-to-date: /home/ros2_ws/install/xterra/include/xterra/xterra/msg/detail/joint_data__struct.hpp\n'}
[1.092443] (xterra) StdoutLine: {'line': b'-- Up-to-date: /home/ros2_ws/install/xterra/include/xterra/xterra/msg/detail/quaternion__traits.hpp\n'}
[1.092563] (xterra) StdoutLine: {'line': b'-- Up-to-date: /home/ros2_ws/install/xterra/include/xterra/xterra/msg/detail/joint_data__traits.hpp\n'}
[1.092682] (xterra) StdoutLine: {'line': b'-- Up-to-date: /home/ros2_ws/install/xterra/include/xterra/xterra/msg/detail/camera_frame__builder.hpp\n'}
[1.092801] (xterra) StdoutLine: {'line': b'-- Up-to-date: /home/ros2_ws/install/xterra/include/xterra/xterra/msg/detail/quad_log__struct.hpp\n'}
[1.092919] (xterra) StdoutLine: {'line': b'-- Up-to-date: /home/ros2_ws/install/xterra/include/xterra/xterra/msg/detail/float_scalar__type_support.hpp\n'}
[1.093039] (xterra) StdoutLine: {'line': b'-- Up-to-date: /home/ros2_ws/install/xterra/include/xterra/xterra/msg/detail/joy_data__struct.hpp\n'}
[1.093156] (xterra) StdoutLine: {'line': b'-- Up-to-date: /home/ros2_ws/install/xterra/include/xterra/xterra/msg/detail/base_orientation_wrench_debug__type_support.hpp\n'}
[1.093278] (xterra) StdoutLine: {'line': b'-- Up-to-date: /home/ros2_ws/install/xterra/include/xterra/xterra/msg/detail/point3_d__struct.hpp\n'}
[1.093396] (xterra) StdoutLine: {'line': b'-- Up-to-date: /home/ros2_ws/install/xterra/include/xterra/xterra/msg/detail/sensor_data__traits.hpp\n'}
[1.093541] (xterra) StdoutLine: {'line': b'-- Up-to-date: /home/ros2_ws/install/xterra/include/xterra/xterra/msg/detail/camera_frame__type_support.hpp\n'}
[1.093662] (xterra) StdoutLine: {'line': b'-- Up-to-date: /home/ros2_ws/install/xterra/include/xterra/xterra/msg/detail/quaternion__struct.hpp\n'}
[1.093780] (xterra) StdoutLine: {'line': b'-- Up-to-date: /home/ros2_ws/install/xterra/include/xterra/xterra/msg/detail/joy_data__builder.hpp\n'}
[1.093899] (xterra) StdoutLine: {'line': b'-- Up-to-date: /home/ros2_ws/install/xterra/include/xterra/xterra/msg/detail/sensor_data__struct.hpp\n'}
[1.094016] (xterra) StdoutLine: {'line': b'-- Up-to-date: /home/ros2_ws/install/xterra/include/xterra/xterra/msg/detail/solver_stats__struct.hpp\n'}
[1.094135] (xterra) StdoutLine: {'line': b'-- Up-to-date: /home/ros2_ws/install/xterra/include/xterra/xterra/msg/detail/motor_gain_multiplier__traits.hpp\n'}
[1.094253] (xterra) StdoutLine: {'line': b'-- Up-to-date: /home/ros2_ws/install/xterra/include/xterra/xterra/msg/detail/float_scalar__builder.hpp\n'}
[1.094369] (xterra) StdoutLine: {'line': b'-- Up-to-date: /home/ros2_ws/install/xterra/include/xterra/xterra/msg/detail/quaternion__type_support.hpp\n'}
[1.094487] (xterra) StdoutLine: {'line': b'-- Up-to-date: /home/ros2_ws/install/xterra/include/xterra/xterra/msg/detail/quaternion__builder.hpp\n'}
[1.094604] (xterra) StdoutLine: {'line': b'-- Up-to-date: /home/ros2_ws/install/xterra/include/xterra/xterra/msg/detail/joy_data__traits.hpp\n'}
[1.094719] (xterra) StdoutLine: {'line': b'-- Up-to-date: /home/ros2_ws/install/xterra/include/xterra/xterra/msg/detail/base_orientation_wrench_debug__builder.hpp\n'}
[1.094838] (xterra) StdoutLine: {'line': b'-- Up-to-date: /home/ros2_ws/install/xterra/include/xterra/xterra/msg/detail/motor_gain_multiplier__type_support.hpp\n'}
[1.094972] (xterra) StdoutLine: {'line': b'-- Up-to-date: /home/ros2_ws/install/xterra/include/xterra/xterra/msg/joy_data.hpp\n'}
[1.095092] (xterra) StdoutLine: {'line': b'-- Up-to-date: /home/ros2_ws/install/xterra/include/xterra/xterra/msg/point3_d.hpp\n'}
[1.095210] (xterra) StdoutLine: {'line': b'-- Up-to-date: /home/ros2_ws/install/xterra/include/xterra/xterra/msg/solver_stats.hpp\n'}
[1.095327] (xterra) StdoutLine: {'line': b'-- Up-to-date: /home/ros2_ws/install/xterra/include/xterra/xterra/msg/camera_frame.hpp\n'}
[1.095443] (xterra) StdoutLine: {'line': b'-- Up-to-date: /home/ros2_ws/install/xterra/include/xterra/xterra/msg/rgb_frame.hpp\n'}
[1.095560] (xterra) StdoutLine: {'line': b'-- Up-to-date: /home/ros2_ws/install/xterra/include/xterra/xterra/msg/joint_data.hpp\n'}
[1.095677] (xterra) StdoutLine: {'line': b'-- Up-to-date: /home/ros2_ws/install/xterra/include/xterra/xterra/srv\n'}
[1.095811] (xterra) StdoutLine: {'line': b'-- Up-to-date: /home/ros2_ws/install/xterra/include/xterra/xterra/srv/detail\n'}
[1.095933] (xterra) StdoutLine: {'line': b'-- Up-to-date: /home/ros2_ws/install/xterra/include/xterra/xterra/srv/detail/capture_image__type_support.hpp\n'}
[1.096073] (xterra) StdoutLine: {'line': b'-- Up-to-date: /home/ros2_ws/install/xterra/include/xterra/xterra/srv/detail/capture_image__traits.hpp\n'}
[1.096205] (xterra) StdoutLine: {'line': b'-- Up-to-date: /home/ros2_ws/install/xterra/include/xterra/xterra/srv/detail/capture_image__struct.hpp\n'}
[1.096324] (xterra) StdoutLine: {'line': b'-- Up-to-date: /home/ros2_ws/install/xterra/include/xterra/xterra/srv/detail/capture_image__builder.hpp\n'}
[1.096445] (xterra) StdoutLine: {'line': b'-- Up-to-date: /home/ros2_ws/install/xterra/include/xterra/xterra/srv/capture_image.hpp\n'}
[1.096563] (xterra) StdoutLine: {'line': b'-- Up-to-date: /home/ros2_ws/install/xterra/include/xterra/xterra\n'}
[1.096683] (xterra) StdoutLine: {'line': b'-- Up-to-date: /home/ros2_ws/install/xterra/include/xterra/xterra/msg\n'}
[1.096801] (xterra) StdoutLine: {'line': b'-- Up-to-date: /home/ros2_ws/install/xterra/include/xterra/xterra/msg/detail\n'}
[1.096921] (xterra) StdoutLine: {'line': b'-- Up-to-date: /home/ros2_ws/install/xterra/include/xterra/xterra/msg/detail/quaternion__rosidl_typesupport_fastrtps_cpp.hpp\n'}
[1.097039] (xterra) StdoutLine: {'line': b'-- Up-to-date: /home/ros2_ws/install/xterra/include/xterra/xterra/msg/detail/rgb_frame__rosidl_typesupport_fastrtps_cpp.hpp\n'}
[1.097156] (xterra) StdoutLine: {'line': b'-- Up-to-date: /home/ros2_ws/install/xterra/include/xterra/xterra/msg/detail/joint_data__rosidl_typesupport_fastrtps_cpp.hpp\n'}
[1.097275] (xterra) StdoutLine: {'line': b'-- Up-to-date: /home/ros2_ws/install/xterra/include/xterra/xterra/msg/detail/base_orientation_wrench_debug__rosidl_typesupport_fastrtps_cpp.hpp\n'}
[1.097396] (xterra) StdoutLine: {'line': b'-- Up-to-date: /home/ros2_ws/install/xterra/include/xterra/xterra/msg/detail/camera_frame__rosidl_typesupport_fastrtps_cpp.hpp\n'}
[1.097515] (xterra) StdoutLine: {'line': b'-- Up-to-date: /home/ros2_ws/install/xterra/include/xterra/xterra/msg/detail/float_scalar__rosidl_typesupport_fastrtps_cpp.hpp\n'}
[1.097633] (xterra) StdoutLine: {'line': b'-- Up-to-date: /home/ros2_ws/install/xterra/include/xterra/xterra/msg/detail/indicator_data__rosidl_typesupport_fastrtps_cpp.hpp\n'}
[1.097750] (xterra) StdoutLine: {'line': b'-- Up-to-date: /home/ros2_ws/install/xterra/include/xterra/xterra/msg/detail/solver_stats__rosidl_typesupport_fastrtps_cpp.hpp\n'}
[1.097868] (xterra) StdoutLine: {'line': b'-- Up-to-date: /home/ros2_ws/install/xterra/include/xterra/xterra/msg/detail/joy_data__rosidl_typesupport_fastrtps_cpp.hpp\n'}
[1.097986] (xterra) StdoutLine: {'line': b'-- Up-to-date: /home/ros2_ws/install/xterra/include/xterra/xterra/msg/detail/motor_gain_multiplier__rosidl_typesupport_fastrtps_cpp.hpp\n'}
[1.098101] (xterra) StdoutLine: {'line': b'-- Up-to-date: /home/ros2_ws/install/xterra/include/xterra/xterra/msg/detail/quad_log__rosidl_typesupport_fastrtps_cpp.hpp\n'}
[1.098239] (xterra) StdoutLine: {'line': b'-- Up-to-date: /home/ros2_ws/install/xterra/include/xterra/xterra/msg/detail/sensor_data__rosidl_typesupport_fastrtps_cpp.hpp\n'}
[1.098384] (xterra) StdoutLine: {'line': b'-- Up-to-date: /home/ros2_ws/install/xterra/include/xterra/xterra/msg/detail/dds_fastrtps\n'}
[1.098505] (xterra) StdoutLine: {'line': b'-- Up-to-date: /home/ros2_ws/install/xterra/include/xterra/xterra/msg/detail/point3_d__rosidl_typesupport_fastrtps_cpp.hpp\n'}
[1.098623] (xterra) StdoutLine: {'line': b'-- Up-to-date: /home/ros2_ws/install/xterra/include/xterra/xterra/msg/rosidl_typesupport_fastrtps_cpp__visibility_control.h\n'}
[1.098740] (xterra) StdoutLine: {'line': b'-- Up-to-date: /home/ros2_ws/install/xterra/include/xterra/xterra/srv\n'}
[1.098859] (xterra) StdoutLine: {'line': b'-- Up-to-date: /home/ros2_ws/install/xterra/include/xterra/xterra/srv/detail\n'}
[1.098978] (xterra) StdoutLine: {'line': b'-- Up-to-date: /home/ros2_ws/install/xterra/include/xterra/xterra/srv/detail/capture_image__rosidl_typesupport_fastrtps_cpp.hpp\n'}
[1.099097] (xterra) StdoutLine: {'line': b'-- Up-to-date: /home/ros2_ws/install/xterra/include/xterra/xterra/srv/detail/dds_fastrtps\n'}
[1.099216] (xterra) StdoutLine: {'line': b'-- Up-to-date: /home/ros2_ws/install/xterra/lib/libxterra__rosidl_typesupport_fastrtps_cpp.so\n'}
[1.099334] (xterra) StdoutLine: {'line': b'-- Up-to-date: /home/ros2_ws/install/xterra/include/xterra/xterra\n'}
[1.099451] (xterra) StdoutLine: {'line': b'-- Up-to-date: /home/ros2_ws/install/xterra/include/xterra/xterra/msg\n'}
[1.099569] (xterra) StdoutLine: {'line': b'-- Up-to-date: /home/ros2_ws/install/xterra/include/xterra/xterra/msg/rosidl_typesupport_introspection_c__visibility_control.h\n'}
[1.099686] (xterra) StdoutLine: {'line': b'-- Up-to-date: /home/ros2_ws/install/xterra/include/xterra/xterra/msg/detail\n'}
[1.099803] (xterra) StdoutLine: {'line': b'-- Up-to-date: /home/ros2_ws/install/xterra/include/xterra/xterra/msg/detail/joint_data__type_support.c\n'}
[1.099921] (xterra) StdoutLine: {'line': b'-- Up-to-date: /home/ros2_ws/install/xterra/include/xterra/xterra/msg/detail/base_orientation_wrench_debug__rosidl_typesupport_introspection_c.h\n'}
[1.100064] (xterra) StdoutLine: {'line': b'-- Up-to-date: /home/ros2_ws/install/xterra/include/xterra/xterra/msg/detail/camera_frame__rosidl_typesupport_introspection_c.h\n'}
[1.100208] (xterra) StdoutLine: {'line': b'-- Up-to-date: /home/ros2_ws/install/xterra/include/xterra/xterra/msg/detail/quaternion__type_support.c\n'}
[1.100332] (xterra) StdoutLine: {'line': b'-- Up-to-date: /home/ros2_ws/install/xterra/include/xterra/xterra/msg/detail/point3_d__rosidl_typesupport_introspection_c.h\n'}
[1.100451] (xterra) StdoutLine: {'line': b'-- Up-to-date: /home/ros2_ws/install/xterra/include/xterra/xterra/msg/detail/float_scalar__rosidl_typesupport_introspection_c.h\n'}
[1.100570] (xterra) StdoutLine: {'line': b'-- Up-to-date: /home/ros2_ws/install/xterra/include/xterra/xterra/msg/detail/joint_data__rosidl_typesupport_introspection_c.h\n'}
[1.100689] (xterra) StdoutLine: {'line': b'-- Up-to-date: /home/ros2_ws/install/xterra/include/xterra/xterra/msg/detail/camera_frame__type_support.c\n'}
[1.100807] (xterra) StdoutLine: {'line': b'-- Up-to-date: /home/ros2_ws/install/xterra/include/xterra/xterra/msg/detail/motor_gain_multiplier__rosidl_typesupport_introspection_c.h\n'}
[1.100926] (xterra) StdoutLine: {'line': b'-- Up-to-date: /home/ros2_ws/install/xterra/include/xterra/xterra/msg/detail/sensor_data__rosidl_typesupport_introspection_c.h\n'}
[1.101045] (xterra) StdoutLine: {'line': b'-- Up-to-date: /home/ros2_ws/install/xterra/include/xterra/xterra/msg/detail/quad_log__type_support.c\n'}
[1.101163] (xterra) StdoutLine: {'line': b'-- Up-to-date: /home/ros2_ws/install/xterra/include/xterra/xterra/msg/detail/joy_data__type_support.c\n'}
[1.101278] (xterra) StdoutLine: {'line': b'-- Up-to-date: /home/ros2_ws/install/xterra/include/xterra/xterra/msg/detail/float_scalar__type_support.c\n'}
[1.101395] (xterra) StdoutLine: {'line': b'-- Up-to-date: /home/ros2_ws/install/xterra/include/xterra/xterra/msg/detail/indicator_data__rosidl_typesupport_introspection_c.h\n'}
[1.101528] (xterra) StdoutLine: {'line': b'-- Up-to-date: /home/ros2_ws/install/xterra/include/xterra/xterra/msg/detail/point3_d__type_support.c\n'}
[1.101646] (xterra) StdoutLine: {'line': b'-- Up-to-date: /home/ros2_ws/install/xterra/include/xterra/xterra/msg/detail/quaternion__rosidl_typesupport_introspection_c.h\n'}
[1.101764] (-) TimerEvent: {}
[1.101802] (xterra) StdoutLine: {'line': b'-- Up-to-date: /home/ros2_ws/install/xterra/include/xterra/xterra/msg/detail/base_orientation_wrench_debug__type_support.c\n'}
[1.101922] (xterra) StdoutLine: {'line': b'-- Up-to-date: /home/ros2_ws/install/xterra/include/xterra/xterra/msg/detail/joy_data__rosidl_typesupport_introspection_c.h\n'}
[1.102042] (xterra) StdoutLine: {'line': b'-- Up-to-date: /home/ros2_ws/install/xterra/include/xterra/xterra/msg/detail/solver_stats__rosidl_typesupport_introspection_c.h\n'}
[1.102164] (xterra) StdoutLine: {'line': b'-- Up-to-date: /home/ros2_ws/install/xterra/include/xterra/xterra/msg/detail/rgb_frame__rosidl_typesupport_introspection_c.h\n'}
[1.102281] (xterra) StdoutLine: {'line': b'-- Up-to-date: /home/ros2_ws/install/xterra/include/xterra/xterra/msg/detail/solver_stats__type_support.c\n'}
[1.102395] (xterra) StdoutLine: {'line': b'-- Up-to-date: /home/ros2_ws/install/xterra/include/xterra/xterra/msg/detail/quad_log__rosidl_typesupport_introspection_c.h\n'}
[1.102512] (xterra) StdoutLine: {'line': b'-- Up-to-date: /home/ros2_ws/install/xterra/include/xterra/xterra/msg/detail/sensor_data__type_support.c\n'}
[1.102628] (xterra) StdoutLine: {'line': b'-- Up-to-date: /home/ros2_ws/install/xterra/include/xterra/xterra/msg/detail/motor_gain_multiplier__type_support.c\n'}
[1.102783] (xterra) StdoutLine: {'line': b'-- Up-to-date: /home/ros2_ws/install/xterra/include/xterra/xterra/msg/detail/indicator_data__type_support.c\n'}
[1.102904] (xterra) StdoutLine: {'line': b'-- Up-to-date: /home/ros2_ws/install/xterra/include/xterra/xterra/msg/detail/rgb_frame__type_support.c\n'}
[1.103023] (xterra) StdoutLine: {'line': b'-- Up-to-date: /home/ros2_ws/install/xterra/include/xterra/xterra/srv\n'}
[1.103140] (xterra) StdoutLine: {'line': b'-- Up-to-date: /home/ros2_ws/install/xterra/include/xterra/xterra/srv/detail\n'}
[1.103257] (xterra) StdoutLine: {'line': b'-- Up-to-date: /home/ros2_ws/install/xterra/include/xterra/xterra/srv/detail/capture_image__rosidl_typesupport_introspection_c.h\n'}
[1.103374] (xterra) StdoutLine: {'line': b'-- Up-to-date: /home/ros2_ws/install/xterra/include/xterra/xterra/srv/detail/capture_image__type_support.c\n'}
[1.103492] (xterra) StdoutLine: {'line': b'-- Up-to-date: /home/ros2_ws/install/xterra/lib/libxterra__rosidl_typesupport_introspection_c.so\n'}
[1.103611] (xterra) StdoutLine: {'line': b'-- Up-to-date: /home/ros2_ws/install/xterra/lib/libxterra__rosidl_typesupport_c.so\n'}
[1.103730] (xterra) StdoutLine: {'line': b'-- Up-to-date: /home/ros2_ws/install/xterra/include/xterra/xterra\n'}
[1.103848] (xterra) StdoutLine: {'line': b'-- Up-to-date: /home/ros2_ws/install/xterra/include/xterra/xterra/msg\n'}
[1.103961] (xterra) StdoutLine: {'line': b'-- Up-to-date: /home/ros2_ws/install/xterra/include/xterra/xterra/msg/detail\n'}
[1.104104] (xterra) StdoutLine: {'line': b'-- Up-to-date: /home/ros2_ws/install/xterra/include/xterra/xterra/msg/detail/motor_gain_multiplier__type_support.cpp\n'}
[1.104230] (xterra) StdoutLine: {'line': b'-- Up-to-date: /home/ros2_ws/install/xterra/include/xterra/xterra/msg/detail/quad_log__type_support.cpp\n'}
[1.104364] (xterra) StdoutLine: {'line': b'-- Up-to-date: /home/ros2_ws/install/xterra/include/xterra/xterra/msg/detail/base_orientation_wrench_debug__rosidl_typesupport_introspection_cpp.hpp\n'}
[1.104489] (xterra) StdoutLine: {'line': b'-- Up-to-date: /home/ros2_ws/install/xterra/include/xterra/xterra/msg/detail/joy_data__type_support.cpp\n'}
[1.104606] (xterra) StdoutLine: {'line': b'-- Up-to-date: /home/ros2_ws/install/xterra/include/xterra/xterra/msg/detail/joint_data__rosidl_typesupport_introspection_cpp.hpp\n'}
[1.104738] (xterra) StdoutLine: {'line': b'-- Up-to-date: /home/ros2_ws/install/xterra/include/xterra/xterra/msg/detail/sensor_data__type_support.cpp\n'}
[1.104858] (xterra) StdoutLine: {'line': b'-- Up-to-date: /home/ros2_ws/install/xterra/include/xterra/xterra/msg/detail/sensor_data__rosidl_typesupport_introspection_cpp.hpp\n'}
[1.104976] (xterra) StdoutLine: {'line': b'-- Up-to-date: /home/ros2_ws/install/xterra/include/xterra/xterra/msg/detail/rgb_frame__type_support.cpp\n'}
[1.105092] (xterra) StdoutLine: {'line': b'-- Up-to-date: /home/ros2_ws/install/xterra/include/xterra/xterra/msg/detail/float_scalar__rosidl_typesupport_introspection_cpp.hpp\n'}
[1.105210] (xterra) StdoutLine: {'line': b'-- Up-to-date: /home/ros2_ws/install/xterra/include/xterra/xterra/msg/detail/solver_stats__type_support.cpp\n'}
[1.105326] (xterra) StdoutLine: {'line': b'-- Up-to-date: /home/ros2_ws/install/xterra/include/xterra/xterra/msg/detail/point3_d__type_support.cpp\n'}
[1.105444] (xterra) StdoutLine: {'line': b'-- Up-to-date: /home/ros2_ws/install/xterra/include/xterra/xterra/msg/detail/motor_gain_multiplier__rosidl_typesupport_introspection_cpp.hpp\n'}
[1.105561] (xterra) StdoutLine: {'line': b'-- Up-to-date: /home/ros2_ws/install/xterra/include/xterra/xterra/msg/detail/solver_stats__rosidl_typesupport_introspection_cpp.hpp\n'}
[1.105675] (xterra) StdoutLine: {'line': b'-- Up-to-date: /home/ros2_ws/install/xterra/include/xterra/xterra/msg/detail/float_scalar__type_support.cpp\n'}
[1.105792] (xterra) StdoutLine: {'line': b'-- Up-to-date: /home/ros2_ws/install/xterra/include/xterra/xterra/msg/detail/camera_frame__rosidl_typesupport_introspection_cpp.hpp\n'}
[1.105914] (xterra) StdoutLine: {'line': b'-- Up-to-date: /home/ros2_ws/install/xterra/include/xterra/xterra/msg/detail/joy_data__rosidl_typesupport_introspection_cpp.hpp\n'}
[1.106033] (xterra) StdoutLine: {'line': b'-- Up-to-date: /home/ros2_ws/install/xterra/include/xterra/xterra/msg/detail/indicator_data__rosidl_typesupport_introspection_cpp.hpp\n'}
[1.106151] (xterra) StdoutLine: {'line': b'-- Up-to-date: /home/ros2_ws/install/xterra/include/xterra/xterra/msg/detail/base_orientation_wrench_debug__type_support.cpp\n'}
[1.106267] (xterra) StdoutLine: {'line': b'-- Up-to-date: /home/ros2_ws/install/xterra/include/xterra/xterra/msg/detail/point3_d__rosidl_typesupport_introspection_cpp.hpp\n'}
[1.106386] (xterra) StdoutLine: {'line': b'-- Up-to-date: /home/ros2_ws/install/xterra/include/xterra/xterra/msg/detail/joint_data__type_support.cpp\n'}
[1.106503] (xterra) StdoutLine: {'line': b'-- Up-to-date: /home/ros2_ws/install/xterra/include/xterra/xterra/msg/detail/quaternion__rosidl_typesupport_introspection_cpp.hpp\n'}
[1.106619] (xterra) StdoutLine: {'line': b'-- Up-to-date: /home/ros2_ws/install/xterra/include/xterra/xterra/msg/detail/quad_log__rosidl_typesupport_introspection_cpp.hpp\n'}
[1.106735] (xterra) StdoutLine: {'line': b'-- Up-to-date: /home/ros2_ws/install/xterra/include/xterra/xterra/msg/detail/rgb_frame__rosidl_typesupport_introspection_cpp.hpp\n'}
[1.106854] (xterra) StdoutLine: {'line': b'-- Up-to-date: /home/ros2_ws/install/xterra/include/xterra/xterra/msg/detail/indicator_data__type_support.cpp\n'}
[1.106972] (xterra) StdoutLine: {'line': b'-- Up-to-date: /home/ros2_ws/install/xterra/include/xterra/xterra/msg/detail/quaternion__type_support.cpp\n'}
[1.107090] (xterra) StdoutLine: {'line': b'-- Up-to-date: /home/ros2_ws/install/xterra/include/xterra/xterra/msg/detail/camera_frame__type_support.cpp\n'}
[1.107238] (xterra) StdoutLine: {'line': b'-- Up-to-date: /home/ros2_ws/install/xterra/include/xterra/xterra/srv\n'}
[1.107357] (xterra) StdoutLine: {'line': b'-- Up-to-date: /home/ros2_ws/install/xterra/include/xterra/xterra/srv/detail\n'}
[1.107474] (xterra) StdoutLine: {'line': b'-- Up-to-date: /home/ros2_ws/install/xterra/include/xterra/xterra/srv/detail/capture_image__type_support.cpp\n'}
[1.107591] (xterra) StdoutLine: {'line': b'-- Up-to-date: /home/ros2_ws/install/xterra/include/xterra/xterra/srv/detail/capture_image__rosidl_typesupport_introspection_cpp.hpp\n'}
[1.107724] (xterra) StdoutLine: {'line': b'-- Up-to-date: /home/ros2_ws/install/xterra/lib/libxterra__rosidl_typesupport_introspection_cpp.so\n'}
[1.107842] (xterra) StdoutLine: {'line': b'-- Up-to-date: /home/ros2_ws/install/xterra/lib/libxterra__rosidl_typesupport_cpp.so\n'}
[1.107961] (xterra) StdoutLine: {'line': b'-- Up-to-date: /home/ros2_ws/install/xterra/share/xterra/environment/pythonpath.sh\n'}
[1.108106] (xterra) StdoutLine: {'line': b'-- Up-to-date: /home/ros2_ws/install/xterra/share/xterra/environment/pythonpath.dsv\n'}
[1.108233] (xterra) StdoutLine: {'line': b'-- Up-to-date: /home/ros2_ws/install/xterra/local/lib/python3.10/dist-packages/xterra-0.0.0-py3.10.egg-info\n'}
[1.108352] (xterra) StdoutLine: {'line': b'-- Installing: /home/ros2_ws/install/xterra/local/lib/python3.10/dist-packages/xterra-0.0.0-py3.10.egg-info/SOURCES.txt\n'}
[1.108486] (xterra) StdoutLine: {'line': b'-- Installing: /home/ros2_ws/install/xterra/local/lib/python3.10/dist-packages/xterra-0.0.0-py3.10.egg-info/PKG-INFO\n'}
[1.108610] (xterra) StdoutLine: {'line': b'-- Installing: /home/ros2_ws/install/xterra/local/lib/python3.10/dist-packages/xterra-0.0.0-py3.10.egg-info/dependency_links.txt\n'}
[1.108730] (xterra) StdoutLine: {'line': b'-- Installing: /home/ros2_ws/install/xterra/local/lib/python3.10/dist-packages/xterra-0.0.0-py3.10.egg-info/top_level.txt\n'}
[1.108849] (xterra) StdoutLine: {'line': b'-- Up-to-date: /home/ros2_ws/install/xterra/local/lib/python3.10/dist-packages/xterra\n'}
[1.108967] (xterra) StdoutLine: {'line': b'-- Up-to-date: /home/ros2_ws/install/xterra/local/lib/python3.10/dist-packages/xterra/xterra_s__rosidl_typesupport_fastrtps_c.cpython-310-aarch64-linux-gnu.so\n'}
[1.109091] (xterra) StdoutLine: {'line': b'-- Up-to-date: /home/ros2_ws/install/xterra/local/lib/python3.10/dist-packages/xterra/_xterra_s.ep.rosidl_typesupport_c.c\n'}
[1.109212] (xterra) StdoutLine: {'line': b'-- Up-to-date: /home/ros2_ws/install/xterra/local/lib/python3.10/dist-packages/xterra/msg\n'}
[1.109333] (xterra) StdoutLine: {'line': b'-- Up-to-date: /home/ros2_ws/install/xterra/local/lib/python3.10/dist-packages/xterra/msg/_sensor_data.py\n'}
[1.109451] (xterra) StdoutLine: {'line': b'-- Up-to-date: /home/ros2_ws/install/xterra/local/lib/python3.10/dist-packages/xterra/msg/_quaternion.py\n'}
[1.109569] (xterra) StdoutLine: {'line': b'-- Up-to-date: /home/ros2_ws/install/xterra/local/lib/python3.10/dist-packages/xterra/msg/_indicator_data.py\n'}
[1.109687] (xterra) StdoutLine: {'line': b'-- Up-to-date: /home/ros2_ws/install/xterra/local/lib/python3.10/dist-packages/xterra/msg/_quaternion_s.c\n'}
[1.109806] (xterra) StdoutLine: {'line': b'-- Up-to-date: /home/ros2_ws/install/xterra/local/lib/python3.10/dist-packages/xterra/msg/_solver_stats_s.c\n'}
[1.109920] (xterra) StdoutLine: {'line': b'-- Up-to-date: /home/ros2_ws/install/xterra/local/lib/python3.10/dist-packages/xterra/msg/_joy_data_s.c\n'}
[1.110039] (xterra) StdoutLine: {'line': b'-- Up-to-date: /home/ros2_ws/install/xterra/local/lib/python3.10/dist-packages/xterra/msg/_sensor_data_s.c\n'}
[1.110155] (xterra) StdoutLine: {'line': b'-- Up-to-date: /home/ros2_ws/install/xterra/local/lib/python3.10/dist-packages/xterra/msg/_motor_gain_multiplier_s.c\n'}
[1.110272] (xterra) StdoutLine: {'line': b'-- Up-to-date: /home/ros2_ws/install/xterra/local/lib/python3.10/dist-packages/xterra/msg/_float_scalar.py\n'}
[1.110387] (xterra) StdoutLine: {'line': b'-- Up-to-date: /home/ros2_ws/install/xterra/local/lib/python3.10/dist-packages/xterra/msg/_quad_log.py\n'}
[1.110504] (xterra) StdoutLine: {'line': b'-- Up-to-date: /home/ros2_ws/install/xterra/local/lib/python3.10/dist-packages/xterra/msg/_joint_data_s.c\n'}
[1.110622] (xterra) StdoutLine: {'line': b'-- Up-to-date: /home/ros2_ws/install/xterra/local/lib/python3.10/dist-packages/xterra/msg/_float_scalar_s.c\n'}
[1.110739] (xterra) StdoutLine: {'line': b'-- Up-to-date: /home/ros2_ws/install/xterra/local/lib/python3.10/dist-packages/xterra/msg/_rgb_frame.py\n'}
[1.110856] (xterra) StdoutLine: {'line': b'-- Up-to-date: /home/ros2_ws/install/xterra/local/lib/python3.10/dist-packages/xterra/msg/_point3_d.py\n'}
[1.110994] (xterra) StdoutLine: {'line': b'-- Up-to-date: /home/ros2_ws/install/xterra/local/lib/python3.10/dist-packages/xterra/msg/_joy_data.py\n'}
[1.111114] (xterra) StdoutLine: {'line': b'-- Up-to-date: /home/ros2_ws/install/xterra/local/lib/python3.10/dist-packages/xterra/msg/_indicator_data_s.c\n'}
[1.111232] (xterra) StdoutLine: {'line': b'-- Up-to-date: /home/ros2_ws/install/xterra/local/lib/python3.10/dist-packages/xterra/msg/_camera_frame_s.c\n'}
[1.111351] (xterra) StdoutLine: {'line': b'-- Up-to-date: /home/ros2_ws/install/xterra/local/lib/python3.10/dist-packages/xterra/msg/_motor_gain_multiplier.py\n'}
[1.111471] (xterra) StdoutLine: {'line': b'-- Up-to-date: /home/ros2_ws/install/xterra/local/lib/python3.10/dist-packages/xterra/msg/_base_orientation_wrench_debug.py\n'}
[1.111587] (xterra) StdoutLine: {'line': b'-- Up-to-date: /home/ros2_ws/install/xterra/local/lib/python3.10/dist-packages/xterra/msg/_point3_d_s.c\n'}
[1.111707] (xterra) StdoutLine: {'line': b'-- Up-to-date: /home/ros2_ws/install/xterra/local/lib/python3.10/dist-packages/xterra/msg/_rgb_frame_s.c\n'}
[1.111823] (xterra) StdoutLine: {'line': b'-- Up-to-date: /home/ros2_ws/install/xterra/local/lib/python3.10/dist-packages/xterra/msg/_quad_log_s.c\n'}
[1.111971] (xterra) StdoutLine: {'line': b'-- Up-to-date: /home/ros2_ws/install/xterra/local/lib/python3.10/dist-packages/xterra/msg/_joint_data.py\n'}
[1.112236] (xterra) StdoutLine: {'line': b'-- Up-to-date: /home/ros2_ws/install/xterra/local/lib/python3.10/dist-packages/xterra/msg/__init__.py\n'}
[1.112374] (xterra) StdoutLine: {'line': b'-- Up-to-date: /home/ros2_ws/install/xterra/local/lib/python3.10/dist-packages/xterra/msg/_solver_stats.py\n'}
[1.112498] (xterra) StdoutLine: {'line': b'-- Up-to-date: /home/ros2_ws/install/xterra/local/lib/python3.10/dist-packages/xterra/msg/_base_orientation_wrench_debug_s.c\n'}
[1.112621] (xterra) StdoutLine: {'line': b'-- Up-to-date: /home/ros2_ws/install/xterra/local/lib/python3.10/dist-packages/xterra/msg/_camera_frame.py\n'}
[1.112765] (xterra) StdoutLine: {'line': b'-- Up-to-date: /home/ros2_ws/install/xterra/local/lib/python3.10/dist-packages/xterra/libxterra__rosidl_generator_py.so\n'}
[1.112890] (xterra) StdoutLine: {'line': b'-- Up-to-date: /home/ros2_ws/install/xterra/local/lib/python3.10/dist-packages/xterra/_xterra_s.ep.rosidl_typesupport_introspection_c.c\n'}
[1.113013] (xterra) StdoutLine: {'line': b'-- Up-to-date: /home/ros2_ws/install/xterra/local/lib/python3.10/dist-packages/xterra/xterra_s__rosidl_typesupport_c.cpython-310-aarch64-linux-gnu.so\n'}
[1.113135] (xterra) StdoutLine: {'line': b'-- Up-to-date: /home/ros2_ws/install/xterra/local/lib/python3.10/dist-packages/xterra/srv\n'}
[1.113257] (xterra) StdoutLine: {'line': b'-- Up-to-date: /home/ros2_ws/install/xterra/local/lib/python3.10/dist-packages/xterra/srv/_capture_image_s.c\n'}
[1.113380] (xterra) StdoutLine: {'line': b'-- Up-to-date: /home/ros2_ws/install/xterra/local/lib/python3.10/dist-packages/xterra/srv/_capture_image.py\n'}
[1.113499] (xterra) StdoutLine: {'line': b'-- Up-to-date: /home/ros2_ws/install/xterra/local/lib/python3.10/dist-packages/xterra/srv/__init__.py\n'}
[1.113618] (xterra) StdoutLine: {'line': b'-- Up-to-date: /home/ros2_ws/install/xterra/local/lib/python3.10/dist-packages/xterra/_xterra_s.ep.rosidl_typesupport_fastrtps_c.c\n'}
[1.113739] (xterra) StdoutLine: {'line': b'-- Up-to-date: /home/ros2_ws/install/xterra/local/lib/python3.10/dist-packages/xterra/xterra_s__rosidl_typesupport_introspection_c.cpython-310-aarch64-linux-gnu.so\n'}
[1.113859] (xterra) StdoutLine: {'line': b'-- Up-to-date: /home/ros2_ws/install/xterra/local/lib/python3.10/dist-packages/xterra/__init__.py\n'}
[1.157486] (xterra) StdoutLine: {'line': b"Listing '/home/ros2_ws/install/xterra/local/lib/python3.10/dist-packages/xterra'...\n"}
[1.158113] (xterra) StdoutLine: {'line': b"Listing '/home/ros2_ws/install/xterra/local/lib/python3.10/dist-packages/xterra/msg'...\n"}
[1.158294] (xterra) StdoutLine: {'line': b"Listing '/home/ros2_ws/install/xterra/local/lib/python3.10/dist-packages/xterra/srv'...\n"}
[1.171875] (xterra) StdoutLine: {'line': b'-- Up-to-date: /home/ros2_ws/install/xterra/local/lib/python3.10/dist-packages/xterra/xterra_s__rosidl_typesupport_fastrtps_c.cpython-310-aarch64-linux-gnu.so\n'}
[1.172551] (xterra) StdoutLine: {'line': b'-- Up-to-date: /home/ros2_ws/install/xterra/local/lib/python3.10/dist-packages/xterra/xterra_s__rosidl_typesupport_introspection_c.cpython-310-aarch64-linux-gnu.so\n'}
[1.173051] (xterra) StdoutLine: {'line': b'-- Up-to-date: /home/ros2_ws/install/xterra/local/lib/python3.10/dist-packages/xterra/xterra_s__rosidl_typesupport_c.cpython-310-aarch64-linux-gnu.so\n'}
[1.173620] (xterra) StdoutLine: {'line': b'-- Up-to-date: /home/ros2_ws/install/xterra/lib/libxterra__rosidl_generator_py.so\n'}
[1.174067] (xterra) StdoutLine: {'line': b'-- Up-to-date: /home/ros2_ws/install/xterra/share/ament_index/resource_index/rust_packages/xterra\n'}
[1.174904] (xterra) StdoutLine: {'line': b'-- Up-to-date: /home/ros2_ws/install/xterra/share/xterra/rust\n'}
[1.175323] (xterra) StdoutLine: {'line': b'-- Up-to-date: /home/ros2_ws/install/xterra/share/xterra/rust/Cargo.toml\n'}
[1.175873] (xterra) StdoutLine: {'line': b'-- Up-to-date: /home/ros2_ws/install/xterra/share/xterra/rust/build.rs\n'}
[1.176379] (xterra) StdoutLine: {'line': b'-- Up-to-date: /home/ros2_ws/install/xterra/share/xterra/rust/src\n'}
[1.176876] (xterra) StdoutLine: {'line': b'-- Up-to-date: /home/ros2_ws/install/xterra/share/xterra/rust/src/msg\n'}
[1.177351] (xterra) StdoutLine: {'line': b'-- Up-to-date: /home/ros2_ws/install/xterra/share/xterra/rust/src/msg/rmw.rs\n'}
[1.177906] (xterra) StdoutLine: {'line': b'-- Up-to-date: /home/ros2_ws/install/xterra/share/xterra/rust/src/srv\n'}
[1.178384] (xterra) StdoutLine: {'line': b'-- Up-to-date: /home/ros2_ws/install/xterra/share/xterra/rust/src/srv/rmw.rs\n'}
[1.178785] (xterra) StdoutLine: {'line': b'-- Up-to-date: /home/ros2_ws/install/xterra/share/xterra/rust/src/srv.rs\n'}
[1.179105] (xterra) StdoutLine: {'line': b'-- Up-to-date: /home/ros2_ws/install/xterra/share/xterra/rust/src/lib.rs\n'}
[1.179572] (xterra) StdoutLine: {'line': b'-- Up-to-date: /home/ros2_ws/install/xterra/share/xterra/rust/src/msg.rs\n'}
[1.179965] (xterra) StdoutLine: {'line': b'-- Up-to-date: /home/ros2_ws/install/xterra/share/xterra/msg/JointData.idl\n'}
[1.180135] (xterra) StdoutLine: {'line': b'-- Up-to-date: /home/ros2_ws/install/xterra/share/xterra/msg/SensorData.idl\n'}
[1.180272] (xterra) StdoutLine: {'line': b'-- Up-to-date: /home/ros2_ws/install/xterra/share/xterra/msg/MotorGainMultiplier.idl\n'}
[1.180402] (xterra) StdoutLine: {'line': b'-- Up-to-date: /home/ros2_ws/install/xterra/share/xterra/msg/QuadLog.idl\n'}
[1.180636] (xterra) StdoutLine: {'line': b'-- Up-to-date: /home/ros2_ws/install/xterra/share/xterra/msg/Point3D.idl\n'}
[1.180769] (xterra) StdoutLine: {'line': b'-- Up-to-date: /home/ros2_ws/install/xterra/share/xterra/msg/Quaternion.idl\n'}
[1.181097] (xterra) StdoutLine: {'line': b'-- Up-to-date: /home/ros2_ws/install/xterra/share/xterra/msg/SolverStats.idl\n'}
[1.181415] (xterra) StdoutLine: {'line': b'-- Up-to-date: /home/ros2_ws/install/xterra/share/xterra/msg/RGBFrame.idl\n'}
[1.181700] (xterra) StdoutLine: {'line': b'-- Up-to-date: /home/ros2_ws/install/xterra/share/xterra/msg/IndicatorData.idl\n'}
[1.182024] (xterra) StdoutLine: {'line': b'-- Up-to-date: /home/ros2_ws/install/xterra/share/xterra/msg/BaseOrientationWrenchDebug.idl\n'}
[1.182166] (xterra) StdoutLine: {'line': b'-- Up-to-date: /home/ros2_ws/install/xterra/share/xterra/msg/FloatScalar.idl\n'}
[1.182502] (xterra) StdoutLine: {'line': b'-- Up-to-date: /home/ros2_ws/install/xterra/share/xterra/msg/JoyData.idl\n'}
[1.182824] (xterra) StdoutLine: {'line': b'-- Up-to-date: /home/ros2_ws/install/xterra/share/xterra/msg/CameraFrame.idl\n'}
[1.183061] (xterra) StdoutLine: {'line': b'-- Up-to-date: /home/ros2_ws/install/xterra/share/xterra/srv/CaptureImage.idl\n'}
[1.183376] (xterra) StdoutLine: {'line': b'-- Up-to-date: /home/ros2_ws/install/xterra/share/xterra/msg/JointData.msg\n'}
[1.183607] (xterra) StdoutLine: {'line': b'-- Up-to-date: /home/ros2_ws/install/xterra/share/xterra/msg/SensorData.msg\n'}
[1.184002] (xterra) StdoutLine: {'line': b'-- Up-to-date: /home/ros2_ws/install/xterra/share/xterra/msg/MotorGainMultiplier.msg\n'}
[1.184421] (xterra) StdoutLine: {'line': b'-- Up-to-date: /home/ros2_ws/install/xterra/share/xterra/msg/QuadLog.msg\n'}
[1.184957] (xterra) StdoutLine: {'line': b'-- Up-to-date: /home/ros2_ws/install/xterra/share/xterra/msg/Point3D.msg\n'}
[1.185187] (xterra) StdoutLine: {'line': b'-- Up-to-date: /home/ros2_ws/install/xterra/share/xterra/msg/Quaternion.msg\n'}
[1.185317] (xterra) StdoutLine: {'line': b'-- Up-to-date: /home/ros2_ws/install/xterra/share/xterra/msg/SolverStats.msg\n'}
[1.185443] (xterra) StdoutLine: {'line': b'-- Up-to-date: /home/ros2_ws/install/xterra/share/xterra/msg/RGBFrame.msg\n'}
[1.185570] (xterra) StdoutLine: {'line': b'-- Up-to-date: /home/ros2_ws/install/xterra/share/xterra/msg/IndicatorData.msg\n'}
[1.185695] (xterra) StdoutLine: {'line': b'-- Up-to-date: /home/ros2_ws/install/xterra/share/xterra/msg/BaseOrientationWrenchDebug.msg\n'}
[1.185823] (xterra) StdoutLine: {'line': b'-- Up-to-date: /home/ros2_ws/install/xterra/share/xterra/msg/FloatScalar.msg\n'}
[1.185949] (xterra) StdoutLine: {'line': b'-- Up-to-date: /home/ros2_ws/install/xterra/share/xterra/msg/JoyData.msg\n'}
[1.186073] (xterra) StdoutLine: {'line': b'-- Up-to-date: /home/ros2_ws/install/xterra/share/xterra/msg/CameraFrame.msg\n'}
[1.186196] (xterra) StdoutLine: {'line': b'-- Up-to-date: /home/ros2_ws/install/xterra/share/xterra/srv/CaptureImage.srv\n'}
[1.186317] (xterra) StdoutLine: {'line': b'-- Up-to-date: /home/ros2_ws/install/xterra/share/xterra/srv/CaptureImage_Request.msg\n'}
[1.186454] (xterra) StdoutLine: {'line': b'-- Up-to-date: /home/ros2_ws/install/xterra/share/xterra/srv/CaptureImage_Response.msg\n'}
[1.186584] (xterra) StdoutLine: {'line': b'-- Up-to-date: /home/ros2_ws/install/xterra/share/ament_index/resource_index/package_run_dependencies/xterra\n'}
[1.186711] (xterra) StdoutLine: {'line': b'-- Up-to-date: /home/ros2_ws/install/xterra/share/ament_index/resource_index/parent_prefix_path/xterra\n'}
[1.186833] (xterra) StdoutLine: {'line': b'-- Up-to-date: /home/ros2_ws/install/xterra/share/xterra/environment/ament_prefix_path.sh\n'}
[1.186957] (xterra) StdoutLine: {'line': b'-- Up-to-date: /home/ros2_ws/install/xterra/share/xterra/environment/ament_prefix_path.dsv\n'}
[1.187079] (xterra) StdoutLine: {'line': b'-- Up-to-date: /home/ros2_ws/install/xterra/share/xterra/environment/path.sh\n'}
[1.187202] (xterra) StdoutLine: {'line': b'-- Up-to-date: /home/ros2_ws/install/xterra/share/xterra/environment/path.dsv\n'}
[1.187328] (xterra) StdoutLine: {'line': b'-- Up-to-date: /home/ros2_ws/install/xterra/share/xterra/local_setup.bash\n'}
[1.187450] (xterra) StdoutLine: {'line': b'-- Up-to-date: /home/ros2_ws/install/xterra/share/xterra/local_setup.sh\n'}
[1.187572] (xterra) StdoutLine: {'line': b'-- Up-to-date: /home/ros2_ws/install/xterra/share/xterra/local_setup.zsh\n'}
[1.187693] (xterra) StdoutLine: {'line': b'-- Up-to-date: /home/ros2_ws/install/xterra/share/xterra/local_setup.dsv\n'}
[1.187816] (xterra) StdoutLine: {'line': b'-- Installing: /home/ros2_ws/install/xterra/share/xterra/package.dsv\n'}
[1.187938] (xterra) StdoutLine: {'line': b'-- Up-to-date: /home/ros2_ws/install/xterra/share/ament_index/resource_index/packages/xterra\n'}
[1.188086] (xterra) StdoutLine: {'line': b'-- Up-to-date: /home/ros2_ws/install/xterra/share/xterra/cmake/export_xterra__rosidl_generator_cExport.cmake\n'}
[1.188221] (xterra) StdoutLine: {'line': b'-- Up-to-date: /home/ros2_ws/install/xterra/share/xterra/cmake/export_xterra__rosidl_generator_cExport-noconfig.cmake\n'}
[1.188347] (xterra) StdoutLine: {'line': b'-- Up-to-date: /home/ros2_ws/install/xterra/share/xterra/cmake/export_xterra__rosidl_typesupport_fastrtps_cExport.cmake\n'}
[1.188470] (xterra) StdoutLine: {'line': b'-- Up-to-date: /home/ros2_ws/install/xterra/share/xterra/cmake/export_xterra__rosidl_typesupport_fastrtps_cExport-noconfig.cmake\n'}
[1.188617] (xterra) StdoutLine: {'line': b'-- Up-to-date: /home/ros2_ws/install/xterra/share/xterra/cmake/export_xterra__rosidl_generator_cppExport.cmake\n'}
[1.188742] (xterra) StdoutLine: {'line': b'-- Up-to-date: /home/ros2_ws/install/xterra/share/xterra/cmake/export_xterra__rosidl_typesupport_fastrtps_cppExport.cmake\n'}
[1.188866] (xterra) StdoutLine: {'line': b'-- Up-to-date: /home/ros2_ws/install/xterra/share/xterra/cmake/export_xterra__rosidl_typesupport_fastrtps_cppExport-noconfig.cmake\n'}
[1.188991] (xterra) StdoutLine: {'line': b'-- Up-to-date: /home/ros2_ws/install/xterra/share/xterra/cmake/xterra__rosidl_typesupport_introspection_cExport.cmake\n'}
[1.189115] (xterra) StdoutLine: {'line': b'-- Up-to-date: /home/ros2_ws/install/xterra/share/xterra/cmake/xterra__rosidl_typesupport_introspection_cExport-noconfig.cmake\n'}
[1.189239] (xterra) StdoutLine: {'line': b'-- Up-to-date: /home/ros2_ws/install/xterra/share/xterra/cmake/xterra__rosidl_typesupport_cExport.cmake\n'}
[1.189385] (xterra) StdoutLine: {'line': b'-- Up-to-date: /home/ros2_ws/install/xterra/share/xterra/cmake/xterra__rosidl_typesupport_cExport-noconfig.cmake\n'}
[1.189515] (xterra) StdoutLine: {'line': b'-- Up-to-date: /home/ros2_ws/install/xterra/share/xterra/cmake/xterra__rosidl_typesupport_introspection_cppExport.cmake\n'}
[1.189822] (xterra) StdoutLine: {'line': b'-- Up-to-date: /home/ros2_ws/install/xterra/share/xterra/cmake/xterra__rosidl_typesupport_introspection_cppExport-noconfig.cmake\n'}
[1.190347] (xterra) StdoutLine: {'line': b'-- Up-to-date: /home/ros2_ws/install/xterra/share/xterra/cmake/xterra__rosidl_typesupport_cppExport.cmake\n'}
[1.190749] (xterra) StdoutLine: {'line': b'-- Up-to-date: /home/ros2_ws/install/xterra/share/xterra/cmake/xterra__rosidl_typesupport_cppExport-noconfig.cmake\n'}
[1.192999] (xterra) StdoutLine: {'line': b'-- Up-to-date: /home/ros2_ws/install/xterra/share/xterra/cmake/export_xterra__rosidl_generator_pyExport.cmake\n'}
[1.193388] (xterra) StdoutLine: {'line': b'-- Up-to-date: /home/ros2_ws/install/xterra/share/xterra/cmake/export_xterra__rosidl_generator_pyExport-noconfig.cmake\n'}
[1.193974] (xterra) StdoutLine: {'line': b'-- Up-to-date: /home/ros2_ws/install/xterra/share/xterra/cmake/rosidl_cmake-extras.cmake\n'}
[1.194390] (xterra) StdoutLine: {'line': b'-- Up-to-date: /home/ros2_ws/install/xterra/share/xterra/cmake/ament_cmake_export_dependencies-extras.cmake\n'}
[1.195513] (xterra) StdoutLine: {'line': b'-- Up-to-date: /home/ros2_ws/install/xterra/share/xterra/cmake/ament_cmake_export_include_directories-extras.cmake\n'}
[1.195811] (xterra) StdoutLine: {'line': b'-- Up-to-date: /home/ros2_ws/install/xterra/share/xterra/cmake/ament_cmake_export_libraries-extras.cmake\n'}
[1.196830] (xterra) StdoutLine: {'line': b'-- Up-to-date: /home/ros2_ws/install/xterra/share/xterra/cmake/ament_cmake_export_targets-extras.cmake\n'}
[1.197310] (xterra) StdoutLine: {'line': b'-- Up-to-date: /home/ros2_ws/install/xterra/share/xterra/cmake/rosidl_cmake_export_typesupport_targets-extras.cmake\n'}
[1.197757] (xterra) StdoutLine: {'line': b'-- Up-to-date: /home/ros2_ws/install/xterra/share/xterra/cmake/rosidl_cmake_export_typesupport_libraries-extras.cmake\n'}
[1.198262] (xterra) StdoutLine: {'line': b'-- Up-to-date: /home/ros2_ws/install/xterra/share/xterra/cmake/xterraConfig.cmake\n'}
[1.198558] (xterra) StdoutLine: {'line': b'-- Up-to-date: /home/ros2_ws/install/xterra/share/xterra/cmake/xterraConfig-version.cmake\n'}
[1.199106] (xterra) StdoutLine: {'line': b'-- Up-to-date: /home/ros2_ws/install/xterra/share/xterra/package.xml\n'}
[1.199417] (xterra) CommandEnded: {'returncode': 0}
[1.202006] (-) TimerEvent: {}
[1.289427] (xterra) JobEnded: {'identifier': 'xterra', 'rc': 0}
[1.291149] (-) EventReactorShutdown: {}
