[0.031s] Invoking command in '/home/ros2_ws/build/xterra': CMAKE_PREFIX_PATH=${CMAKE_PREFIX_PATH}:/opt/ros/humble /usr/bin/cmake --build /home/ros2_ws/build/xterra
[0.180s] [  2%] Built target xterra__cpp
[0.181s] [  2%] Built target xterra__rs
[0.181s] [ 13%] Built target xterra__rosidl_generator_c
[0.266s] [ 37%] Built target xterra__rosidl_typesupport_fastrtps_c
[0.266s] [ 37%] Built target xterra__rosidl_typesupport_fastrtps_cpp
[0.275s] [ 37%] Built target ament_cmake_python_copy_xterra
[0.342s] [ 49%] Built target xterra__rosidl_typesupport_introspection_c
[0.343s] [ 61%] Built target xterra__rosidl_typesupport_c
[0.357s] [ 73%] Built target xterra__rosidl_typesupport_introspection_cpp
[0.415s] [ 85%] Built target xterra__rosidl_typesupport_cpp
[0.474s] [ 85%] Built target xterra
[0.537s] [ 86%] Built target xterra__py
[0.620s] [ 97%] Built target xterra__rosidl_generator_py
[0.682s] [ 99%] Built target xterra__rosidl_typesupport_introspection_c__pyext
[0.683s] [ 99%] Built target xterra__rosidl_typesupport_fastrtps_c__pyext
[0.747s] [100%] Built target xterra__rosidl_typesupport_c__pyext
[0.863s] running egg_info
[0.864s] writing xterra.egg-info/PKG-INFO
[0.865s] writing dependency_links to xterra.egg-info/dependency_links.txt
[0.866s] writing top-level names to xterra.egg-info/top_level.txt
[0.871s] reading manifest file 'xterra.egg-info/SOURCES.txt'
[0.873s] writing manifest file 'xterra.egg-info/SOURCES.txt'
[0.978s] [100%] Built target ament_cmake_python_build_xterra_egg
[1.018s] Invoked command in '/home/ros2_ws/build/xterra' returned '0': CMAKE_PREFIX_PATH=${CMAKE_PREFIX_PATH}:/opt/ros/humble /usr/bin/cmake --build /home/ros2_ws/build/xterra
[1.052s] Invoking command in '/home/ros2_ws/build/xterra': CMAKE_PREFIX_PATH=${CMAKE_PREFIX_PATH}:/opt/ros/humble /usr/bin/cmake --install /home/ros2_ws/build/xterra
[1.083s] -- Install configuration: ""
[1.084s] -- Up-to-date: /home/ros2_ws/install/xterra/share/ament_index/resource_index/rosidl_interfaces/xterra
[1.084s] -- Up-to-date: /home/ros2_ws/install/xterra/include/xterra/xterra
[1.086s] -- Up-to-date: /home/ros2_ws/install/xterra/include/xterra/xterra/msg
[1.086s] -- Up-to-date: /home/ros2_ws/install/xterra/include/xterra/xterra/msg/float_scalar.h
[1.086s] -- Up-to-date: /home/ros2_ws/install/xterra/include/xterra/xterra/msg/rgb_frame.h
[1.087s] -- Up-to-date: /home/ros2_ws/install/xterra/include/xterra/xterra/msg/rosidl_generator_c__visibility_control.h
[1.087s] -- Up-to-date: /home/ros2_ws/install/xterra/include/xterra/xterra/msg/sensor_data.h
[1.087s] -- Up-to-date: /home/ros2_ws/install/xterra/include/xterra/xterra/msg/quad_log.h
[1.087s] -- Up-to-date: /home/ros2_ws/install/xterra/include/xterra/xterra/msg/point3_d.h
[1.087s] -- Up-to-date: /home/ros2_ws/install/xterra/include/xterra/xterra/msg/motor_gain_multiplier.h
[1.087s] -- Up-to-date: /home/ros2_ws/install/xterra/include/xterra/xterra/msg/joint_data.h
[1.088s] -- Up-to-date: /home/ros2_ws/install/xterra/include/xterra/xterra/msg/detail
[1.088s] -- Up-to-date: /home/ros2_ws/install/xterra/include/xterra/xterra/msg/detail/point3_d__functions.c
[1.088s] -- Up-to-date: /home/ros2_ws/install/xterra/include/xterra/xterra/msg/detail/rgb_frame__functions.c
[1.089s] -- Up-to-date: /home/ros2_ws/install/xterra/include/xterra/xterra/msg/detail/joy_data__functions.h
[1.089s] -- Up-to-date: /home/ros2_ws/install/xterra/include/xterra/xterra/msg/detail/solver_stats__type_support.h
[1.089s] -- Up-to-date: /home/ros2_ws/install/xterra/include/xterra/xterra/msg/detail/solver_stats__functions.c
[1.089s] -- Up-to-date: /home/ros2_ws/install/xterra/include/xterra/xterra/msg/detail/point3_d__struct.h
[1.090s] -- Up-to-date: /home/ros2_ws/install/xterra/include/xterra/xterra/msg/detail/joy_data__type_support.h
[1.090s] -- Up-to-date: /home/ros2_ws/install/xterra/include/xterra/xterra/msg/detail/quad_log__functions.h
[1.091s] -- Up-to-date: /home/ros2_ws/install/xterra/include/xterra/xterra/msg/detail/quad_log__struct.h
[1.091s] -- Up-to-date: /home/ros2_ws/install/xterra/include/xterra/xterra/msg/detail/point3_d__functions.h
[1.092s] -- Up-to-date: /home/ros2_ws/install/xterra/include/xterra/xterra/msg/detail/point3_d__type_support.h
[1.093s] -- Up-to-date: /home/ros2_ws/install/xterra/include/xterra/xterra/msg/detail/quaternion__struct.h
[1.094s] -- Up-to-date: /home/ros2_ws/install/xterra/include/xterra/xterra/msg/detail/joint_data__functions.h
[1.095s] -- Up-to-date: /home/ros2_ws/install/xterra/include/xterra/xterra/msg/detail/motor_gain_multiplier__struct.h
[1.095s] -- Up-to-date: /home/ros2_ws/install/xterra/include/xterra/xterra/msg/detail/rgb_frame__functions.h
[1.095s] -- Up-to-date: /home/ros2_ws/install/xterra/include/xterra/xterra/msg/detail/motor_gain_multiplier__functions.c
[1.095s] -- Up-to-date: /home/ros2_ws/install/xterra/include/xterra/xterra/msg/detail/base_orientation_wrench_debug__functions.c
[1.096s] -- Up-to-date: /home/ros2_ws/install/xterra/include/xterra/xterra/msg/detail/float_scalar__functions.h
[1.096s] -- Up-to-date: /home/ros2_ws/install/xterra/include/xterra/xterra/msg/detail/solver_stats__struct.h
[1.097s] -- Up-to-date: /home/ros2_ws/install/xterra/include/xterra/xterra/msg/detail/camera_frame__functions.h
[1.098s] -- Up-to-date: /home/ros2_ws/install/xterra/include/xterra/xterra/msg/detail/joint_data__type_support.h
[1.098s] -- Up-to-date: /home/ros2_ws/install/xterra/include/xterra/xterra/msg/detail/base_orientation_wrench_debug__functions.h
[1.098s] -- Up-to-date: /home/ros2_ws/install/xterra/include/xterra/xterra/msg/detail/camera_frame__type_support.h
[1.098s] -- Up-to-date: /home/ros2_ws/install/xterra/include/xterra/xterra/msg/detail/rgb_frame__type_support.h
[1.099s] -- Up-to-date: /home/ros2_ws/install/xterra/include/xterra/xterra/msg/detail/sensor_data__struct.h
[1.099s] -- Up-to-date: /home/ros2_ws/install/xterra/include/xterra/xterra/msg/detail/quaternion__type_support.h
[1.099s] -- Up-to-date: /home/ros2_ws/install/xterra/include/xterra/xterra/msg/detail/indicator_data__type_support.h
[1.099s] -- Up-to-date: /home/ros2_ws/install/xterra/include/xterra/xterra/msg/detail/sensor_data__functions.h
[1.101s] -- Up-to-date: /home/ros2_ws/install/xterra/include/xterra/xterra/msg/detail/sensor_data__type_support.h
[1.101s] -- Up-to-date: /home/ros2_ws/install/xterra/include/xterra/xterra/msg/detail/base_orientation_wrench_debug__type_support.h
[1.101s] -- Up-to-date: /home/ros2_ws/install/xterra/include/xterra/xterra/msg/detail/joint_data__functions.c
[1.101s] -- Up-to-date: /home/ros2_ws/install/xterra/include/xterra/xterra/msg/detail/joint_data__struct.h
[1.102s] -- Up-to-date: /home/ros2_ws/install/xterra/include/xterra/xterra/msg/detail/indicator_data__functions.c
[1.102s] -- Up-to-date: /home/ros2_ws/install/xterra/include/xterra/xterra/msg/detail/float_scalar__type_support.h
[1.102s] -- Up-to-date: /home/ros2_ws/install/xterra/include/xterra/xterra/msg/detail/indicator_data__functions.h
[1.102s] -- Up-to-date: /home/ros2_ws/install/xterra/include/xterra/xterra/msg/detail/camera_frame__functions.c
[1.102s] -- Up-to-date: /home/ros2_ws/install/xterra/include/xterra/xterra/msg/detail/float_scalar__functions.c
[1.103s] -- Up-to-date: /home/ros2_ws/install/xterra/include/xterra/xterra/msg/detail/quaternion__functions.c
[1.103s] -- Up-to-date: /home/ros2_ws/install/xterra/include/xterra/xterra/msg/detail/quaternion__functions.h
[1.103s] -- Up-to-date: /home/ros2_ws/install/xterra/include/xterra/xterra/msg/detail/solver_stats__functions.h
[1.103s] -- Up-to-date: /home/ros2_ws/install/xterra/include/xterra/xterra/msg/detail/float_scalar__struct.h
[1.103s] -- Up-to-date: /home/ros2_ws/install/xterra/include/xterra/xterra/msg/detail/joy_data__functions.c
[1.103s] -- Up-to-date: /home/ros2_ws/install/xterra/include/xterra/xterra/msg/detail/quad_log__functions.c
[1.104s] -- Up-to-date: /home/ros2_ws/install/xterra/include/xterra/xterra/msg/detail/camera_frame__struct.h
[1.104s] -- Up-to-date: /home/ros2_ws/install/xterra/include/xterra/xterra/msg/detail/indicator_data__struct.h
[1.104s] -- Up-to-date: /home/ros2_ws/install/xterra/include/xterra/xterra/msg/detail/sensor_data__functions.c
[1.104s] -- Up-to-date: /home/ros2_ws/install/xterra/include/xterra/xterra/msg/detail/quad_log__type_support.h
[1.104s] -- Up-to-date: /home/ros2_ws/install/xterra/include/xterra/xterra/msg/detail/motor_gain_multiplier__functions.h
[1.106s] -- Up-to-date: /home/ros2_ws/install/xterra/include/xterra/xterra/msg/detail/rgb_frame__struct.h
[1.106s] -- Up-to-date: /home/ros2_ws/install/xterra/include/xterra/xterra/msg/detail/base_orientation_wrench_debug__struct.h
[1.107s] -- Up-to-date: /home/ros2_ws/install/xterra/include/xterra/xterra/msg/detail/joy_data__struct.h
[1.107s] -- Up-to-date: /home/ros2_ws/install/xterra/include/xterra/xterra/msg/detail/motor_gain_multiplier__type_support.h
[1.107s] -- Up-to-date: /home/ros2_ws/install/xterra/include/xterra/xterra/msg/base_orientation_wrench_debug.h
[1.107s] -- Up-to-date: /home/ros2_ws/install/xterra/include/xterra/xterra/msg/solver_stats.h
[1.107s] -- Up-to-date: /home/ros2_ws/install/xterra/include/xterra/xterra/msg/camera_frame.h
[1.107s] -- Up-to-date: /home/ros2_ws/install/xterra/include/xterra/xterra/msg/quaternion.h
[1.107s] -- Up-to-date: /home/ros2_ws/install/xterra/include/xterra/xterra/msg/joy_data.h
[1.107s] -- Up-to-date: /home/ros2_ws/install/xterra/include/xterra/xterra/msg/indicator_data.h
[1.108s] -- Up-to-date: /home/ros2_ws/install/xterra/include/xterra/xterra/srv
[1.108s] -- Up-to-date: /home/ros2_ws/install/xterra/include/xterra/xterra/srv/detail
[1.108s] -- Up-to-date: /home/ros2_ws/install/xterra/include/xterra/xterra/srv/detail/capture_image__type_support.h
[1.108s] -- Up-to-date: /home/ros2_ws/install/xterra/include/xterra/xterra/srv/detail/capture_image__functions.c
[1.108s] -- Up-to-date: /home/ros2_ws/install/xterra/include/xterra/xterra/srv/detail/capture_image__struct.h
[1.108s] -- Up-to-date: /home/ros2_ws/install/xterra/include/xterra/xterra/srv/detail/capture_image__functions.h
[1.108s] -- Up-to-date: /home/ros2_ws/install/xterra/include/xterra/xterra/srv/capture_image.h
[1.108s] -- Up-to-date: /home/ros2_ws/install/xterra/share/xterra/environment/library_path.sh
[1.109s] -- Up-to-date: /home/ros2_ws/install/xterra/share/xterra/environment/library_path.dsv
[1.109s] -- Up-to-date: /home/ros2_ws/install/xterra/lib/libxterra__rosidl_generator_c.so
[1.109s] -- Up-to-date: /home/ros2_ws/install/xterra/include/xterra/xterra
[1.109s] -- Up-to-date: /home/ros2_ws/install/xterra/include/xterra/xterra/msg
[1.109s] -- Up-to-date: /home/ros2_ws/install/xterra/include/xterra/xterra/msg/rosidl_typesupport_fastrtps_c__visibility_control.h
[1.109s] -- Up-to-date: /home/ros2_ws/install/xterra/include/xterra/xterra/msg/detail
[1.109s] -- Up-to-date: /home/ros2_ws/install/xterra/include/xterra/xterra/msg/detail/point3_d__rosidl_typesupport_fastrtps_c.h
[1.109s] -- Up-to-date: /home/ros2_ws/install/xterra/include/xterra/xterra/msg/detail/joint_data__rosidl_typesupport_fastrtps_c.h
[1.110s] -- Up-to-date: /home/ros2_ws/install/xterra/include/xterra/xterra/msg/detail/sensor_data__rosidl_typesupport_fastrtps_c.h
[1.110s] -- Up-to-date: /home/ros2_ws/install/xterra/include/xterra/xterra/msg/detail/solver_stats__rosidl_typesupport_fastrtps_c.h
[1.110s] -- Up-to-date: /home/ros2_ws/install/xterra/include/xterra/xterra/msg/detail/joy_data__rosidl_typesupport_fastrtps_c.h
[1.110s] -- Up-to-date: /home/ros2_ws/install/xterra/include/xterra/xterra/msg/detail/quaternion__rosidl_typesupport_fastrtps_c.h
[1.110s] -- Up-to-date: /home/ros2_ws/install/xterra/include/xterra/xterra/msg/detail/quad_log__rosidl_typesupport_fastrtps_c.h
[1.110s] -- Up-to-date: /home/ros2_ws/install/xterra/include/xterra/xterra/msg/detail/indicator_data__rosidl_typesupport_fastrtps_c.h
[1.110s] -- Up-to-date: /home/ros2_ws/install/xterra/include/xterra/xterra/msg/detail/base_orientation_wrench_debug__rosidl_typesupport_fastrtps_c.h
[1.110s] -- Up-to-date: /home/ros2_ws/install/xterra/include/xterra/xterra/msg/detail/camera_frame__rosidl_typesupport_fastrtps_c.h
[1.110s] -- Up-to-date: /home/ros2_ws/install/xterra/include/xterra/xterra/msg/detail/motor_gain_multiplier__rosidl_typesupport_fastrtps_c.h
[1.111s] -- Up-to-date: /home/ros2_ws/install/xterra/include/xterra/xterra/msg/detail/rgb_frame__rosidl_typesupport_fastrtps_c.h
[1.111s] -- Up-to-date: /home/ros2_ws/install/xterra/include/xterra/xterra/msg/detail/float_scalar__rosidl_typesupport_fastrtps_c.h
[1.112s] -- Up-to-date: /home/ros2_ws/install/xterra/include/xterra/xterra/srv
[1.112s] -- Up-to-date: /home/ros2_ws/install/xterra/include/xterra/xterra/srv/detail
[1.112s] -- Up-to-date: /home/ros2_ws/install/xterra/include/xterra/xterra/srv/detail/capture_image__rosidl_typesupport_fastrtps_c.h
[1.112s] -- Up-to-date: /home/ros2_ws/install/xterra/lib/libxterra__rosidl_typesupport_fastrtps_c.so
[1.113s] -- Up-to-date: /home/ros2_ws/install/xterra/include/xterra/xterra
[1.113s] -- Up-to-date: /home/ros2_ws/install/xterra/include/xterra/xterra/msg
[1.113s] -- Up-to-date: /home/ros2_ws/install/xterra/include/xterra/xterra/msg/motor_gain_multiplier.hpp
[1.113s] -- Up-to-date: /home/ros2_ws/install/xterra/include/xterra/xterra/msg/base_orientation_wrench_debug.hpp
[1.113s] -- Up-to-date: /home/ros2_ws/install/xterra/include/xterra/xterra/msg/sensor_data.hpp
[1.114s] -- Up-to-date: /home/ros2_ws/install/xterra/include/xterra/xterra/msg/quaternion.hpp
[1.114s] -- Up-to-date: /home/ros2_ws/install/xterra/include/xterra/xterra/msg/float_scalar.hpp
[1.114s] -- Up-to-date: /home/ros2_ws/install/xterra/include/xterra/xterra/msg/rosidl_generator_cpp__visibility_control.hpp
[1.114s] -- Up-to-date: /home/ros2_ws/install/xterra/include/xterra/xterra/msg/indicator_data.hpp
[1.114s] -- Up-to-date: /home/ros2_ws/install/xterra/include/xterra/xterra/msg/quad_log.hpp
[1.115s] -- Up-to-date: /home/ros2_ws/install/xterra/include/xterra/xterra/msg/detail
[1.115s] -- Up-to-date: /home/ros2_ws/install/xterra/include/xterra/xterra/msg/detail/solver_stats__type_support.hpp
[1.115s] -- Up-to-date: /home/ros2_ws/install/xterra/include/xterra/xterra/msg/detail/point3_d__builder.hpp
[1.115s] -- Up-to-date: /home/ros2_ws/install/xterra/include/xterra/xterra/msg/detail/indicator_data__builder.hpp
[1.116s] -- Up-to-date: /home/ros2_ws/install/xterra/include/xterra/xterra/msg/detail/rgb_frame__struct.hpp
[1.116s] -- Up-to-date: /home/ros2_ws/install/xterra/include/xterra/xterra/msg/detail/camera_frame__traits.hpp
[1.116s] -- Up-to-date: /home/ros2_ws/install/xterra/include/xterra/xterra/msg/detail/joy_data__type_support.hpp
[1.116s] -- Up-to-date: /home/ros2_ws/install/xterra/include/xterra/xterra/msg/detail/joint_data__builder.hpp
[1.116s] -- Up-to-date: /home/ros2_ws/install/xterra/include/xterra/xterra/msg/detail/quad_log__traits.hpp
[1.117s] -- Up-to-date: /home/ros2_ws/install/xterra/include/xterra/xterra/msg/detail/indicator_data__type_support.hpp
[1.117s] -- Up-to-date: /home/ros2_ws/install/xterra/include/xterra/xterra/msg/detail/solver_stats__traits.hpp
[1.117s] -- Up-to-date: /home/ros2_ws/install/xterra/include/xterra/xterra/msg/detail/quad_log__builder.hpp
[1.117s] -- Up-to-date: /home/ros2_ws/install/xterra/include/xterra/xterra/msg/detail/rgb_frame__builder.hpp
[1.117s] -- Up-to-date: /home/ros2_ws/install/xterra/include/xterra/xterra/msg/detail/motor_gain_multiplier__struct.hpp
[1.118s] -- Up-to-date: /home/ros2_ws/install/xterra/include/xterra/xterra/msg/detail/rgb_frame__type_support.hpp
[1.118s] -- Up-to-date: /home/ros2_ws/install/xterra/include/xterra/xterra/msg/detail/point3_d__traits.hpp
[1.118s] -- Up-to-date: /home/ros2_ws/install/xterra/include/xterra/xterra/msg/detail/point3_d__type_support.hpp
[1.118s] -- Up-to-date: /home/ros2_ws/install/xterra/include/xterra/xterra/msg/detail/indicator_data__traits.hpp
[1.118s] -- Up-to-date: /home/ros2_ws/install/xterra/include/xterra/xterra/msg/detail/sensor_data__type_support.hpp
[1.119s] -- Up-to-date: /home/ros2_ws/install/xterra/include/xterra/xterra/msg/detail/quad_log__type_support.hpp
[1.119s] -- Up-to-date: /home/ros2_ws/install/xterra/include/xterra/xterra/msg/detail/sensor_data__builder.hpp
[1.119s] -- Up-to-date: /home/ros2_ws/install/xterra/include/xterra/xterra/msg/detail/float_scalar__traits.hpp
[1.119s] -- Up-to-date: /home/ros2_ws/install/xterra/include/xterra/xterra/msg/detail/base_orientation_wrench_debug__struct.hpp
[1.119s] -- Up-to-date: /home/ros2_ws/install/xterra/include/xterra/xterra/msg/detail/float_scalar__struct.hpp
[1.120s] -- Up-to-date: /home/ros2_ws/install/xterra/include/xterra/xterra/msg/detail/base_orientation_wrench_debug__traits.hpp
[1.120s] -- Up-to-date: /home/ros2_ws/install/xterra/include/xterra/xterra/msg/detail/camera_frame__struct.hpp
[1.120s] -- Up-to-date: /home/ros2_ws/install/xterra/include/xterra/xterra/msg/detail/solver_stats__builder.hpp
[1.120s] -- Up-to-date: /home/ros2_ws/install/xterra/include/xterra/xterra/msg/detail/indicator_data__struct.hpp
[1.120s] -- Up-to-date: /home/ros2_ws/install/xterra/include/xterra/xterra/msg/detail/motor_gain_multiplier__builder.hpp
[1.121s] -- Up-to-date: /home/ros2_ws/install/xterra/include/xterra/xterra/msg/detail/joint_data__type_support.hpp
[1.121s] -- Up-to-date: /home/ros2_ws/install/xterra/include/xterra/xterra/msg/detail/rgb_frame__traits.hpp
[1.121s] -- Up-to-date: /home/ros2_ws/install/xterra/include/xterra/xterra/msg/detail/joint_data__struct.hpp
[1.121s] -- Up-to-date: /home/ros2_ws/install/xterra/include/xterra/xterra/msg/detail/quaternion__traits.hpp
[1.121s] -- Up-to-date: /home/ros2_ws/install/xterra/include/xterra/xterra/msg/detail/joint_data__traits.hpp
[1.122s] -- Up-to-date: /home/ros2_ws/install/xterra/include/xterra/xterra/msg/detail/camera_frame__builder.hpp
[1.122s] -- Up-to-date: /home/ros2_ws/install/xterra/include/xterra/xterra/msg/detail/quad_log__struct.hpp
[1.122s] -- Up-to-date: /home/ros2_ws/install/xterra/include/xterra/xterra/msg/detail/float_scalar__type_support.hpp
[1.122s] -- Up-to-date: /home/ros2_ws/install/xterra/include/xterra/xterra/msg/detail/joy_data__struct.hpp
[1.122s] -- Up-to-date: /home/ros2_ws/install/xterra/include/xterra/xterra/msg/detail/base_orientation_wrench_debug__type_support.hpp
[1.123s] -- Up-to-date: /home/ros2_ws/install/xterra/include/xterra/xterra/msg/detail/point3_d__struct.hpp
[1.123s] -- Up-to-date: /home/ros2_ws/install/xterra/include/xterra/xterra/msg/detail/sensor_data__traits.hpp
[1.123s] -- Up-to-date: /home/ros2_ws/install/xterra/include/xterra/xterra/msg/detail/camera_frame__type_support.hpp
[1.123s] -- Up-to-date: /home/ros2_ws/install/xterra/include/xterra/xterra/msg/detail/quaternion__struct.hpp
[1.124s] -- Up-to-date: /home/ros2_ws/install/xterra/include/xterra/xterra/msg/detail/joy_data__builder.hpp
[1.124s] -- Up-to-date: /home/ros2_ws/install/xterra/include/xterra/xterra/msg/detail/sensor_data__struct.hpp
[1.124s] -- Up-to-date: /home/ros2_ws/install/xterra/include/xterra/xterra/msg/detail/solver_stats__struct.hpp
[1.124s] -- Up-to-date: /home/ros2_ws/install/xterra/include/xterra/xterra/msg/detail/motor_gain_multiplier__traits.hpp
[1.124s] -- Up-to-date: /home/ros2_ws/install/xterra/include/xterra/xterra/msg/detail/float_scalar__builder.hpp
[1.125s] -- Up-to-date: /home/ros2_ws/install/xterra/include/xterra/xterra/msg/detail/quaternion__type_support.hpp
[1.125s] -- Up-to-date: /home/ros2_ws/install/xterra/include/xterra/xterra/msg/detail/quaternion__builder.hpp
[1.125s] -- Up-to-date: /home/ros2_ws/install/xterra/include/xterra/xterra/msg/detail/joy_data__traits.hpp
[1.125s] -- Up-to-date: /home/ros2_ws/install/xterra/include/xterra/xterra/msg/detail/base_orientation_wrench_debug__builder.hpp
[1.125s] -- Up-to-date: /home/ros2_ws/install/xterra/include/xterra/xterra/msg/detail/motor_gain_multiplier__type_support.hpp
[1.126s] -- Up-to-date: /home/ros2_ws/install/xterra/include/xterra/xterra/msg/joy_data.hpp
[1.126s] -- Up-to-date: /home/ros2_ws/install/xterra/include/xterra/xterra/msg/point3_d.hpp
[1.126s] -- Up-to-date: /home/ros2_ws/install/xterra/include/xterra/xterra/msg/solver_stats.hpp
[1.126s] -- Up-to-date: /home/ros2_ws/install/xterra/include/xterra/xterra/msg/camera_frame.hpp
[1.126s] -- Up-to-date: /home/ros2_ws/install/xterra/include/xterra/xterra/msg/rgb_frame.hpp
[1.127s] -- Up-to-date: /home/ros2_ws/install/xterra/include/xterra/xterra/msg/joint_data.hpp
[1.127s] -- Up-to-date: /home/ros2_ws/install/xterra/include/xterra/xterra/srv
[1.127s] -- Up-to-date: /home/ros2_ws/install/xterra/include/xterra/xterra/srv/detail
[1.127s] -- Up-to-date: /home/ros2_ws/install/xterra/include/xterra/xterra/srv/detail/capture_image__type_support.hpp
[1.127s] -- Up-to-date: /home/ros2_ws/install/xterra/include/xterra/xterra/srv/detail/capture_image__traits.hpp
[1.128s] -- Up-to-date: /home/ros2_ws/install/xterra/include/xterra/xterra/srv/detail/capture_image__struct.hpp
[1.128s] -- Up-to-date: /home/ros2_ws/install/xterra/include/xterra/xterra/srv/detail/capture_image__builder.hpp
[1.128s] -- Up-to-date: /home/ros2_ws/install/xterra/include/xterra/xterra/srv/capture_image.hpp
[1.128s] -- Up-to-date: /home/ros2_ws/install/xterra/include/xterra/xterra
[1.128s] -- Up-to-date: /home/ros2_ws/install/xterra/include/xterra/xterra/msg
[1.129s] -- Up-to-date: /home/ros2_ws/install/xterra/include/xterra/xterra/msg/detail
[1.129s] -- Up-to-date: /home/ros2_ws/install/xterra/include/xterra/xterra/msg/detail/quaternion__rosidl_typesupport_fastrtps_cpp.hpp
[1.129s] -- Up-to-date: /home/ros2_ws/install/xterra/include/xterra/xterra/msg/detail/rgb_frame__rosidl_typesupport_fastrtps_cpp.hpp
[1.129s] -- Up-to-date: /home/ros2_ws/install/xterra/include/xterra/xterra/msg/detail/joint_data__rosidl_typesupport_fastrtps_cpp.hpp
[1.129s] -- Up-to-date: /home/ros2_ws/install/xterra/include/xterra/xterra/msg/detail/base_orientation_wrench_debug__rosidl_typesupport_fastrtps_cpp.hpp
[1.130s] -- Up-to-date: /home/ros2_ws/install/xterra/include/xterra/xterra/msg/detail/camera_frame__rosidl_typesupport_fastrtps_cpp.hpp
[1.130s] -- Up-to-date: /home/ros2_ws/install/xterra/include/xterra/xterra/msg/detail/float_scalar__rosidl_typesupport_fastrtps_cpp.hpp
[1.130s] -- Up-to-date: /home/ros2_ws/install/xterra/include/xterra/xterra/msg/detail/indicator_data__rosidl_typesupport_fastrtps_cpp.hpp
[1.130s] -- Up-to-date: /home/ros2_ws/install/xterra/include/xterra/xterra/msg/detail/solver_stats__rosidl_typesupport_fastrtps_cpp.hpp
[1.130s] -- Up-to-date: /home/ros2_ws/install/xterra/include/xterra/xterra/msg/detail/joy_data__rosidl_typesupport_fastrtps_cpp.hpp
[1.131s] -- Up-to-date: /home/ros2_ws/install/xterra/include/xterra/xterra/msg/detail/motor_gain_multiplier__rosidl_typesupport_fastrtps_cpp.hpp
[1.131s] -- Up-to-date: /home/ros2_ws/install/xterra/include/xterra/xterra/msg/detail/quad_log__rosidl_typesupport_fastrtps_cpp.hpp
[1.132s] -- Up-to-date: /home/ros2_ws/install/xterra/include/xterra/xterra/msg/detail/sensor_data__rosidl_typesupport_fastrtps_cpp.hpp
[1.132s] -- Up-to-date: /home/ros2_ws/install/xterra/include/xterra/xterra/msg/detail/dds_fastrtps
[1.132s] -- Up-to-date: /home/ros2_ws/install/xterra/include/xterra/xterra/msg/detail/point3_d__rosidl_typesupport_fastrtps_cpp.hpp
[1.132s] -- Up-to-date: /home/ros2_ws/install/xterra/include/xterra/xterra/msg/rosidl_typesupport_fastrtps_cpp__visibility_control.h
[1.132s] -- Up-to-date: /home/ros2_ws/install/xterra/include/xterra/xterra/srv
[1.133s] -- Up-to-date: /home/ros2_ws/install/xterra/include/xterra/xterra/srv/detail
[1.133s] -- Up-to-date: /home/ros2_ws/install/xterra/include/xterra/xterra/srv/detail/capture_image__rosidl_typesupport_fastrtps_cpp.hpp
[1.133s] -- Up-to-date: /home/ros2_ws/install/xterra/include/xterra/xterra/srv/detail/dds_fastrtps
[1.133s] -- Up-to-date: /home/ros2_ws/install/xterra/lib/libxterra__rosidl_typesupport_fastrtps_cpp.so
[1.133s] -- Up-to-date: /home/ros2_ws/install/xterra/include/xterra/xterra
[1.133s] -- Up-to-date: /home/ros2_ws/install/xterra/include/xterra/xterra/msg
[1.134s] -- Up-to-date: /home/ros2_ws/install/xterra/include/xterra/xterra/msg/rosidl_typesupport_introspection_c__visibility_control.h
[1.134s] -- Up-to-date: /home/ros2_ws/install/xterra/include/xterra/xterra/msg/detail
[1.134s] -- Up-to-date: /home/ros2_ws/install/xterra/include/xterra/xterra/msg/detail/joint_data__type_support.c
[1.134s] -- Up-to-date: /home/ros2_ws/install/xterra/include/xterra/xterra/msg/detail/base_orientation_wrench_debug__rosidl_typesupport_introspection_c.h
[1.134s] -- Up-to-date: /home/ros2_ws/install/xterra/include/xterra/xterra/msg/detail/camera_frame__rosidl_typesupport_introspection_c.h
[1.135s] -- Up-to-date: /home/ros2_ws/install/xterra/include/xterra/xterra/msg/detail/quaternion__type_support.c
[1.135s] -- Up-to-date: /home/ros2_ws/install/xterra/include/xterra/xterra/msg/detail/point3_d__rosidl_typesupport_introspection_c.h
[1.135s] -- Up-to-date: /home/ros2_ws/install/xterra/include/xterra/xterra/msg/detail/float_scalar__rosidl_typesupport_introspection_c.h
[1.135s] -- Up-to-date: /home/ros2_ws/install/xterra/include/xterra/xterra/msg/detail/joint_data__rosidl_typesupport_introspection_c.h
[1.135s] -- Up-to-date: /home/ros2_ws/install/xterra/include/xterra/xterra/msg/detail/camera_frame__type_support.c
[1.136s] -- Up-to-date: /home/ros2_ws/install/xterra/include/xterra/xterra/msg/detail/motor_gain_multiplier__rosidl_typesupport_introspection_c.h
[1.136s] -- Up-to-date: /home/ros2_ws/install/xterra/include/xterra/xterra/msg/detail/sensor_data__rosidl_typesupport_introspection_c.h
[1.136s] -- Up-to-date: /home/ros2_ws/install/xterra/include/xterra/xterra/msg/detail/quad_log__type_support.c
[1.136s] -- Up-to-date: /home/ros2_ws/install/xterra/include/xterra/xterra/msg/detail/joy_data__type_support.c
[1.136s] -- Up-to-date: /home/ros2_ws/install/xterra/include/xterra/xterra/msg/detail/float_scalar__type_support.c
[1.136s] -- Up-to-date: /home/ros2_ws/install/xterra/include/xterra/xterra/msg/detail/indicator_data__rosidl_typesupport_introspection_c.h
[1.137s] -- Up-to-date: /home/ros2_ws/install/xterra/include/xterra/xterra/msg/detail/point3_d__type_support.c
[1.137s] -- Up-to-date: /home/ros2_ws/install/xterra/include/xterra/xterra/msg/detail/quaternion__rosidl_typesupport_introspection_c.h
[1.137s] -- Up-to-date: /home/ros2_ws/install/xterra/include/xterra/xterra/msg/detail/base_orientation_wrench_debug__type_support.c
[1.137s] -- Up-to-date: /home/ros2_ws/install/xterra/include/xterra/xterra/msg/detail/joy_data__rosidl_typesupport_introspection_c.h
[1.137s] -- Up-to-date: /home/ros2_ws/install/xterra/include/xterra/xterra/msg/detail/solver_stats__rosidl_typesupport_introspection_c.h
[1.138s] -- Up-to-date: /home/ros2_ws/install/xterra/include/xterra/xterra/msg/detail/rgb_frame__rosidl_typesupport_introspection_c.h
[1.138s] -- Up-to-date: /home/ros2_ws/install/xterra/include/xterra/xterra/msg/detail/solver_stats__type_support.c
[1.138s] -- Up-to-date: /home/ros2_ws/install/xterra/include/xterra/xterra/msg/detail/quad_log__rosidl_typesupport_introspection_c.h
[1.138s] -- Up-to-date: /home/ros2_ws/install/xterra/include/xterra/xterra/msg/detail/sensor_data__type_support.c
[1.138s] -- Up-to-date: /home/ros2_ws/install/xterra/include/xterra/xterra/msg/detail/motor_gain_multiplier__type_support.c
[1.139s] -- Up-to-date: /home/ros2_ws/install/xterra/include/xterra/xterra/msg/detail/indicator_data__type_support.c
[1.139s] -- Up-to-date: /home/ros2_ws/install/xterra/include/xterra/xterra/msg/detail/rgb_frame__type_support.c
[1.139s] -- Up-to-date: /home/ros2_ws/install/xterra/include/xterra/xterra/srv
[1.139s] -- Up-to-date: /home/ros2_ws/install/xterra/include/xterra/xterra/srv/detail
[1.140s] -- Up-to-date: /home/ros2_ws/install/xterra/include/xterra/xterra/srv/detail/capture_image__rosidl_typesupport_introspection_c.h
[1.140s] -- Up-to-date: /home/ros2_ws/install/xterra/include/xterra/xterra/srv/detail/capture_image__type_support.c
[1.140s] -- Up-to-date: /home/ros2_ws/install/xterra/lib/libxterra__rosidl_typesupport_introspection_c.so
[1.140s] -- Up-to-date: /home/ros2_ws/install/xterra/lib/libxterra__rosidl_typesupport_c.so
[1.140s] -- Up-to-date: /home/ros2_ws/install/xterra/include/xterra/xterra
[1.140s] -- Up-to-date: /home/ros2_ws/install/xterra/include/xterra/xterra/msg
[1.141s] -- Up-to-date: /home/ros2_ws/install/xterra/include/xterra/xterra/msg/detail
[1.141s] -- Up-to-date: /home/ros2_ws/install/xterra/include/xterra/xterra/msg/detail/motor_gain_multiplier__type_support.cpp
[1.141s] -- Up-to-date: /home/ros2_ws/install/xterra/include/xterra/xterra/msg/detail/quad_log__type_support.cpp
[1.141s] -- Up-to-date: /home/ros2_ws/install/xterra/include/xterra/xterra/msg/detail/base_orientation_wrench_debug__rosidl_typesupport_introspection_cpp.hpp
[1.141s] -- Up-to-date: /home/ros2_ws/install/xterra/include/xterra/xterra/msg/detail/joy_data__type_support.cpp
[1.141s] -- Up-to-date: /home/ros2_ws/install/xterra/include/xterra/xterra/msg/detail/joint_data__rosidl_typesupport_introspection_cpp.hpp
[1.142s] -- Up-to-date: /home/ros2_ws/install/xterra/include/xterra/xterra/msg/detail/sensor_data__type_support.cpp
[1.142s] -- Up-to-date: /home/ros2_ws/install/xterra/include/xterra/xterra/msg/detail/sensor_data__rosidl_typesupport_introspection_cpp.hpp
[1.142s] -- Up-to-date: /home/ros2_ws/install/xterra/include/xterra/xterra/msg/detail/rgb_frame__type_support.cpp
[1.142s] -- Up-to-date: /home/ros2_ws/install/xterra/include/xterra/xterra/msg/detail/float_scalar__rosidl_typesupport_introspection_cpp.hpp
[1.142s] -- Up-to-date: /home/ros2_ws/install/xterra/include/xterra/xterra/msg/detail/solver_stats__type_support.cpp
[1.142s] -- Up-to-date: /home/ros2_ws/install/xterra/include/xterra/xterra/msg/detail/point3_d__type_support.cpp
[1.143s] -- Up-to-date: /home/ros2_ws/install/xterra/include/xterra/xterra/msg/detail/motor_gain_multiplier__rosidl_typesupport_introspection_cpp.hpp
[1.143s] -- Up-to-date: /home/ros2_ws/install/xterra/include/xterra/xterra/msg/detail/solver_stats__rosidl_typesupport_introspection_cpp.hpp
[1.143s] -- Up-to-date: /home/ros2_ws/install/xterra/include/xterra/xterra/msg/detail/float_scalar__type_support.cpp
[1.143s] -- Up-to-date: /home/ros2_ws/install/xterra/include/xterra/xterra/msg/detail/camera_frame__rosidl_typesupport_introspection_cpp.hpp
[1.143s] -- Up-to-date: /home/ros2_ws/install/xterra/include/xterra/xterra/msg/detail/joy_data__rosidl_typesupport_introspection_cpp.hpp
[1.144s] -- Up-to-date: /home/ros2_ws/install/xterra/include/xterra/xterra/msg/detail/indicator_data__rosidl_typesupport_introspection_cpp.hpp
[1.144s] -- Up-to-date: /home/ros2_ws/install/xterra/include/xterra/xterra/msg/detail/base_orientation_wrench_debug__type_support.cpp
[1.144s] -- Up-to-date: /home/ros2_ws/install/xterra/include/xterra/xterra/msg/detail/point3_d__rosidl_typesupport_introspection_cpp.hpp
[1.144s] -- Up-to-date: /home/ros2_ws/install/xterra/include/xterra/xterra/msg/detail/joint_data__type_support.cpp
[1.144s] -- Up-to-date: /home/ros2_ws/install/xterra/include/xterra/xterra/msg/detail/quaternion__rosidl_typesupport_introspection_cpp.hpp
[1.144s] -- Up-to-date: /home/ros2_ws/install/xterra/include/xterra/xterra/msg/detail/quad_log__rosidl_typesupport_introspection_cpp.hpp
[1.145s] -- Up-to-date: /home/ros2_ws/install/xterra/include/xterra/xterra/msg/detail/rgb_frame__rosidl_typesupport_introspection_cpp.hpp
[1.145s] -- Up-to-date: /home/ros2_ws/install/xterra/include/xterra/xterra/msg/detail/indicator_data__type_support.cpp
[1.145s] -- Up-to-date: /home/ros2_ws/install/xterra/include/xterra/xterra/msg/detail/quaternion__type_support.cpp
[1.145s] -- Up-to-date: /home/ros2_ws/install/xterra/include/xterra/xterra/msg/detail/camera_frame__type_support.cpp
[1.145s] -- Up-to-date: /home/ros2_ws/install/xterra/include/xterra/xterra/srv
[1.145s] -- Up-to-date: /home/ros2_ws/install/xterra/include/xterra/xterra/srv/detail
[1.146s] -- Up-to-date: /home/ros2_ws/install/xterra/include/xterra/xterra/srv/detail/capture_image__type_support.cpp
[1.146s] -- Up-to-date: /home/ros2_ws/install/xterra/include/xterra/xterra/srv/detail/capture_image__rosidl_typesupport_introspection_cpp.hpp
[1.146s] -- Up-to-date: /home/ros2_ws/install/xterra/lib/libxterra__rosidl_typesupport_introspection_cpp.so
[1.146s] -- Up-to-date: /home/ros2_ws/install/xterra/lib/libxterra__rosidl_typesupport_cpp.so
[1.146s] -- Up-to-date: /home/ros2_ws/install/xterra/share/xterra/environment/pythonpath.sh
[1.146s] -- Up-to-date: /home/ros2_ws/install/xterra/share/xterra/environment/pythonpath.dsv
[1.147s] -- Up-to-date: /home/ros2_ws/install/xterra/local/lib/python3.10/dist-packages/xterra-0.0.0-py3.10.egg-info
[1.147s] -- Installing: /home/ros2_ws/install/xterra/local/lib/python3.10/dist-packages/xterra-0.0.0-py3.10.egg-info/SOURCES.txt
[1.147s] -- Installing: /home/ros2_ws/install/xterra/local/lib/python3.10/dist-packages/xterra-0.0.0-py3.10.egg-info/PKG-INFO
[1.147s] -- Installing: /home/ros2_ws/install/xterra/local/lib/python3.10/dist-packages/xterra-0.0.0-py3.10.egg-info/dependency_links.txt
[1.148s] -- Installing: /home/ros2_ws/install/xterra/local/lib/python3.10/dist-packages/xterra-0.0.0-py3.10.egg-info/top_level.txt
[1.148s] -- Up-to-date: /home/ros2_ws/install/xterra/local/lib/python3.10/dist-packages/xterra
[1.148s] -- Up-to-date: /home/ros2_ws/install/xterra/local/lib/python3.10/dist-packages/xterra/xterra_s__rosidl_typesupport_fastrtps_c.cpython-310-aarch64-linux-gnu.so
[1.148s] -- Up-to-date: /home/ros2_ws/install/xterra/local/lib/python3.10/dist-packages/xterra/_xterra_s.ep.rosidl_typesupport_c.c
[1.148s] -- Up-to-date: /home/ros2_ws/install/xterra/local/lib/python3.10/dist-packages/xterra/msg
[1.148s] -- Up-to-date: /home/ros2_ws/install/xterra/local/lib/python3.10/dist-packages/xterra/msg/_sensor_data.py
[1.149s] -- Up-to-date: /home/ros2_ws/install/xterra/local/lib/python3.10/dist-packages/xterra/msg/_quaternion.py
[1.149s] -- Up-to-date: /home/ros2_ws/install/xterra/local/lib/python3.10/dist-packages/xterra/msg/_indicator_data.py
[1.149s] -- Up-to-date: /home/ros2_ws/install/xterra/local/lib/python3.10/dist-packages/xterra/msg/_quaternion_s.c
[1.149s] -- Up-to-date: /home/ros2_ws/install/xterra/local/lib/python3.10/dist-packages/xterra/msg/_solver_stats_s.c
[1.149s] -- Up-to-date: /home/ros2_ws/install/xterra/local/lib/python3.10/dist-packages/xterra/msg/_joy_data_s.c
[1.149s] -- Up-to-date: /home/ros2_ws/install/xterra/local/lib/python3.10/dist-packages/xterra/msg/_sensor_data_s.c
[1.149s] -- Up-to-date: /home/ros2_ws/install/xterra/local/lib/python3.10/dist-packages/xterra/msg/_motor_gain_multiplier_s.c
[1.150s] -- Up-to-date: /home/ros2_ws/install/xterra/local/lib/python3.10/dist-packages/xterra/msg/_float_scalar.py
[1.150s] -- Up-to-date: /home/ros2_ws/install/xterra/local/lib/python3.10/dist-packages/xterra/msg/_quad_log.py
[1.150s] -- Up-to-date: /home/ros2_ws/install/xterra/local/lib/python3.10/dist-packages/xterra/msg/_joint_data_s.c
[1.150s] -- Up-to-date: /home/ros2_ws/install/xterra/local/lib/python3.10/dist-packages/xterra/msg/_float_scalar_s.c
[1.150s] -- Up-to-date: /home/ros2_ws/install/xterra/local/lib/python3.10/dist-packages/xterra/msg/_rgb_frame.py
[1.150s] -- Up-to-date: /home/ros2_ws/install/xterra/local/lib/python3.10/dist-packages/xterra/msg/_point3_d.py
[1.151s] -- Up-to-date: /home/ros2_ws/install/xterra/local/lib/python3.10/dist-packages/xterra/msg/_joy_data.py
[1.151s] -- Up-to-date: /home/ros2_ws/install/xterra/local/lib/python3.10/dist-packages/xterra/msg/_indicator_data_s.c
[1.151s] -- Up-to-date: /home/ros2_ws/install/xterra/local/lib/python3.10/dist-packages/xterra/msg/_camera_frame_s.c
[1.151s] -- Up-to-date: /home/ros2_ws/install/xterra/local/lib/python3.10/dist-packages/xterra/msg/_motor_gain_multiplier.py
[1.151s] -- Up-to-date: /home/ros2_ws/install/xterra/local/lib/python3.10/dist-packages/xterra/msg/_base_orientation_wrench_debug.py
[1.152s] -- Up-to-date: /home/ros2_ws/install/xterra/local/lib/python3.10/dist-packages/xterra/msg/_point3_d_s.c
[1.152s] -- Up-to-date: /home/ros2_ws/install/xterra/local/lib/python3.10/dist-packages/xterra/msg/_rgb_frame_s.c
[1.152s] -- Up-to-date: /home/ros2_ws/install/xterra/local/lib/python3.10/dist-packages/xterra/msg/_quad_log_s.c
[1.152s] -- Up-to-date: /home/ros2_ws/install/xterra/local/lib/python3.10/dist-packages/xterra/msg/_joint_data.py
[1.152s] -- Up-to-date: /home/ros2_ws/install/xterra/local/lib/python3.10/dist-packages/xterra/msg/__init__.py
[1.152s] -- Up-to-date: /home/ros2_ws/install/xterra/local/lib/python3.10/dist-packages/xterra/msg/_solver_stats.py
[1.153s] -- Up-to-date: /home/ros2_ws/install/xterra/local/lib/python3.10/dist-packages/xterra/msg/_base_orientation_wrench_debug_s.c
[1.153s] -- Up-to-date: /home/ros2_ws/install/xterra/local/lib/python3.10/dist-packages/xterra/msg/_camera_frame.py
[1.153s] -- Up-to-date: /home/ros2_ws/install/xterra/local/lib/python3.10/dist-packages/xterra/libxterra__rosidl_generator_py.so
[1.153s] -- Up-to-date: /home/ros2_ws/install/xterra/local/lib/python3.10/dist-packages/xterra/_xterra_s.ep.rosidl_typesupport_introspection_c.c
[1.153s] -- Up-to-date: /home/ros2_ws/install/xterra/local/lib/python3.10/dist-packages/xterra/xterra_s__rosidl_typesupport_c.cpython-310-aarch64-linux-gnu.so
[1.153s] -- Up-to-date: /home/ros2_ws/install/xterra/local/lib/python3.10/dist-packages/xterra/srv
[1.153s] -- Up-to-date: /home/ros2_ws/install/xterra/local/lib/python3.10/dist-packages/xterra/srv/_capture_image_s.c
[1.154s] -- Up-to-date: /home/ros2_ws/install/xterra/local/lib/python3.10/dist-packages/xterra/srv/_capture_image.py
[1.154s] -- Up-to-date: /home/ros2_ws/install/xterra/local/lib/python3.10/dist-packages/xterra/srv/__init__.py
[1.154s] -- Up-to-date: /home/ros2_ws/install/xterra/local/lib/python3.10/dist-packages/xterra/_xterra_s.ep.rosidl_typesupport_fastrtps_c.c
[1.154s] -- Up-to-date: /home/ros2_ws/install/xterra/local/lib/python3.10/dist-packages/xterra/xterra_s__rosidl_typesupport_introspection_c.cpython-310-aarch64-linux-gnu.so
[1.154s] -- Up-to-date: /home/ros2_ws/install/xterra/local/lib/python3.10/dist-packages/xterra/__init__.py
[1.183s] Listing '/home/ros2_ws/install/xterra/local/lib/python3.10/dist-packages/xterra'...
[1.184s] Listing '/home/ros2_ws/install/xterra/local/lib/python3.10/dist-packages/xterra/msg'...
[1.184s] Listing '/home/ros2_ws/install/xterra/local/lib/python3.10/dist-packages/xterra/srv'...
[1.197s] -- Up-to-date: /home/ros2_ws/install/xterra/local/lib/python3.10/dist-packages/xterra/xterra_s__rosidl_typesupport_fastrtps_c.cpython-310-aarch64-linux-gnu.so
[1.197s] -- Up-to-date: /home/ros2_ws/install/xterra/local/lib/python3.10/dist-packages/xterra/xterra_s__rosidl_typesupport_introspection_c.cpython-310-aarch64-linux-gnu.so
[1.198s] -- Up-to-date: /home/ros2_ws/install/xterra/local/lib/python3.10/dist-packages/xterra/xterra_s__rosidl_typesupport_c.cpython-310-aarch64-linux-gnu.so
[1.199s] -- Up-to-date: /home/ros2_ws/install/xterra/lib/libxterra__rosidl_generator_py.so
[1.200s] -- Up-to-date: /home/ros2_ws/install/xterra/share/ament_index/resource_index/rust_packages/xterra
[1.201s] -- Up-to-date: /home/ros2_ws/install/xterra/share/xterra/rust
[1.201s] -- Up-to-date: /home/ros2_ws/install/xterra/share/xterra/rust/Cargo.toml
[1.202s] -- Up-to-date: /home/ros2_ws/install/xterra/share/xterra/rust/build.rs
[1.203s] -- Up-to-date: /home/ros2_ws/install/xterra/share/xterra/rust/src
[1.204s] -- Up-to-date: /home/ros2_ws/install/xterra/share/xterra/rust/src/msg
[1.204s] -- Up-to-date: /home/ros2_ws/install/xterra/share/xterra/rust/src/msg/rmw.rs
[1.205s] -- Up-to-date: /home/ros2_ws/install/xterra/share/xterra/rust/src/srv
[1.206s] -- Up-to-date: /home/ros2_ws/install/xterra/share/xterra/rust/src/srv/rmw.rs
[1.206s] -- Up-to-date: /home/ros2_ws/install/xterra/share/xterra/rust/src/srv.rs
[1.206s] -- Up-to-date: /home/ros2_ws/install/xterra/share/xterra/rust/src/lib.rs
[1.206s] -- Up-to-date: /home/ros2_ws/install/xterra/share/xterra/rust/src/msg.rs
[1.207s] -- Up-to-date: /home/ros2_ws/install/xterra/share/xterra/msg/JointData.idl
[1.207s] -- Up-to-date: /home/ros2_ws/install/xterra/share/xterra/msg/SensorData.idl
[1.208s] -- Up-to-date: /home/ros2_ws/install/xterra/share/xterra/msg/MotorGainMultiplier.idl
[1.208s] -- Up-to-date: /home/ros2_ws/install/xterra/share/xterra/msg/QuadLog.idl
[1.209s] -- Up-to-date: /home/ros2_ws/install/xterra/share/xterra/msg/Point3D.idl
[1.209s] -- Up-to-date: /home/ros2_ws/install/xterra/share/xterra/msg/Quaternion.idl
[1.210s] -- Up-to-date: /home/ros2_ws/install/xterra/share/xterra/msg/SolverStats.idl
[1.210s] -- Up-to-date: /home/ros2_ws/install/xterra/share/xterra/msg/RGBFrame.idl
[1.211s] -- Up-to-date: /home/ros2_ws/install/xterra/share/xterra/msg/IndicatorData.idl
[1.212s] -- Up-to-date: /home/ros2_ws/install/xterra/share/xterra/msg/BaseOrientationWrenchDebug.idl
[1.212s] -- Up-to-date: /home/ros2_ws/install/xterra/share/xterra/msg/FloatScalar.idl
[1.212s] -- Up-to-date: /home/ros2_ws/install/xterra/share/xterra/msg/JoyData.idl
[1.212s] -- Up-to-date: /home/ros2_ws/install/xterra/share/xterra/msg/CameraFrame.idl
[1.213s] -- Up-to-date: /home/ros2_ws/install/xterra/share/xterra/srv/CaptureImage.idl
[1.213s] -- Up-to-date: /home/ros2_ws/install/xterra/share/xterra/msg/JointData.msg
[1.213s] -- Up-to-date: /home/ros2_ws/install/xterra/share/xterra/msg/SensorData.msg
[1.213s] -- Up-to-date: /home/ros2_ws/install/xterra/share/xterra/msg/MotorGainMultiplier.msg
[1.213s] -- Up-to-date: /home/ros2_ws/install/xterra/share/xterra/msg/QuadLog.msg
[1.214s] -- Up-to-date: /home/ros2_ws/install/xterra/share/xterra/msg/Point3D.msg
[1.214s] -- Up-to-date: /home/ros2_ws/install/xterra/share/xterra/msg/Quaternion.msg
[1.214s] -- Up-to-date: /home/ros2_ws/install/xterra/share/xterra/msg/SolverStats.msg
[1.214s] -- Up-to-date: /home/ros2_ws/install/xterra/share/xterra/msg/RGBFrame.msg
[1.214s] -- Up-to-date: /home/ros2_ws/install/xterra/share/xterra/msg/IndicatorData.msg
[1.215s] -- Up-to-date: /home/ros2_ws/install/xterra/share/xterra/msg/BaseOrientationWrenchDebug.msg
[1.215s] -- Up-to-date: /home/ros2_ws/install/xterra/share/xterra/msg/FloatScalar.msg
[1.215s] -- Up-to-date: /home/ros2_ws/install/xterra/share/xterra/msg/JoyData.msg
[1.215s] -- Up-to-date: /home/ros2_ws/install/xterra/share/xterra/msg/CameraFrame.msg
[1.215s] -- Up-to-date: /home/ros2_ws/install/xterra/share/xterra/srv/CaptureImage.srv
[1.216s] -- Up-to-date: /home/ros2_ws/install/xterra/share/xterra/srv/CaptureImage_Request.msg
[1.216s] -- Up-to-date: /home/ros2_ws/install/xterra/share/xterra/srv/CaptureImage_Response.msg
[1.216s] -- Up-to-date: /home/ros2_ws/install/xterra/share/ament_index/resource_index/package_run_dependencies/xterra
[1.216s] -- Up-to-date: /home/ros2_ws/install/xterra/share/ament_index/resource_index/parent_prefix_path/xterra
[1.216s] -- Up-to-date: /home/ros2_ws/install/xterra/share/xterra/environment/ament_prefix_path.sh
[1.217s] -- Up-to-date: /home/ros2_ws/install/xterra/share/xterra/environment/ament_prefix_path.dsv
[1.217s] -- Up-to-date: /home/ros2_ws/install/xterra/share/xterra/environment/path.sh
[1.217s] -- Up-to-date: /home/ros2_ws/install/xterra/share/xterra/environment/path.dsv
[1.218s] -- Up-to-date: /home/ros2_ws/install/xterra/share/xterra/local_setup.bash
[1.220s] -- Up-to-date: /home/ros2_ws/install/xterra/share/xterra/local_setup.sh
[1.221s] -- Up-to-date: /home/ros2_ws/install/xterra/share/xterra/local_setup.zsh
[1.221s] -- Up-to-date: /home/ros2_ws/install/xterra/share/xterra/local_setup.dsv
[1.222s] -- Installing: /home/ros2_ws/install/xterra/share/xterra/package.dsv
[1.222s] -- Up-to-date: /home/ros2_ws/install/xterra/share/ament_index/resource_index/packages/xterra
[1.223s] -- Up-to-date: /home/ros2_ws/install/xterra/share/xterra/cmake/export_xterra__rosidl_generator_cExport.cmake
[1.223s] -- Up-to-date: /home/ros2_ws/install/xterra/share/xterra/cmake/export_xterra__rosidl_generator_cExport-noconfig.cmake
[1.224s] -- Up-to-date: /home/ros2_ws/install/xterra/share/xterra/cmake/export_xterra__rosidl_typesupport_fastrtps_cExport.cmake
[1.225s] -- Up-to-date: /home/ros2_ws/install/xterra/share/xterra/cmake/export_xterra__rosidl_typesupport_fastrtps_cExport-noconfig.cmake
[1.225s] -- Up-to-date: /home/ros2_ws/install/xterra/share/xterra/cmake/export_xterra__rosidl_generator_cppExport.cmake
[1.226s] -- Up-to-date: /home/ros2_ws/install/xterra/share/xterra/cmake/export_xterra__rosidl_typesupport_fastrtps_cppExport.cmake
[1.227s] -- Up-to-date: /home/ros2_ws/install/xterra/share/xterra/cmake/export_xterra__rosidl_typesupport_fastrtps_cppExport-noconfig.cmake
[1.227s] -- Up-to-date: /home/ros2_ws/install/xterra/share/xterra/cmake/xterra__rosidl_typesupport_introspection_cExport.cmake
[1.227s] -- Up-to-date: /home/ros2_ws/install/xterra/share/xterra/cmake/xterra__rosidl_typesupport_introspection_cExport-noconfig.cmake
[1.228s] -- Up-to-date: /home/ros2_ws/install/xterra/share/xterra/cmake/xterra__rosidl_typesupport_cExport.cmake
[1.228s] -- Up-to-date: /home/ros2_ws/install/xterra/share/xterra/cmake/xterra__rosidl_typesupport_cExport-noconfig.cmake
[1.229s] -- Up-to-date: /home/ros2_ws/install/xterra/share/xterra/cmake/xterra__rosidl_typesupport_introspection_cppExport.cmake
[1.229s] -- Up-to-date: /home/ros2_ws/install/xterra/share/xterra/cmake/xterra__rosidl_typesupport_introspection_cppExport-noconfig.cmake
[1.230s] -- Up-to-date: /home/ros2_ws/install/xterra/share/xterra/cmake/xterra__rosidl_typesupport_cppExport.cmake
[1.230s] -- Up-to-date: /home/ros2_ws/install/xterra/share/xterra/cmake/xterra__rosidl_typesupport_cppExport-noconfig.cmake
[1.231s] -- Up-to-date: /home/ros2_ws/install/xterra/share/xterra/cmake/export_xterra__rosidl_generator_pyExport.cmake
[1.232s] -- Up-to-date: /home/ros2_ws/install/xterra/share/xterra/cmake/export_xterra__rosidl_generator_pyExport-noconfig.cmake
[1.232s] -- Up-to-date: /home/ros2_ws/install/xterra/share/xterra/cmake/rosidl_cmake-extras.cmake
[1.233s] -- Up-to-date: /home/ros2_ws/install/xterra/share/xterra/cmake/ament_cmake_export_dependencies-extras.cmake
[1.233s] -- Up-to-date: /home/ros2_ws/install/xterra/share/xterra/cmake/ament_cmake_export_include_directories-extras.cmake
[1.233s] -- Up-to-date: /home/ros2_ws/install/xterra/share/xterra/cmake/ament_cmake_export_libraries-extras.cmake
[1.234s] -- Up-to-date: /home/ros2_ws/install/xterra/share/xterra/cmake/ament_cmake_export_targets-extras.cmake
[1.234s] -- Up-to-date: /home/ros2_ws/install/xterra/share/xterra/cmake/rosidl_cmake_export_typesupport_targets-extras.cmake
[1.235s] -- Up-to-date: /home/ros2_ws/install/xterra/share/xterra/cmake/rosidl_cmake_export_typesupport_libraries-extras.cmake
[1.235s] -- Up-to-date: /home/ros2_ws/install/xterra/share/xterra/cmake/xterraConfig.cmake
[1.235s] -- Up-to-date: /home/ros2_ws/install/xterra/share/xterra/cmake/xterraConfig-version.cmake
[1.236s] -- Up-to-date: /home/ros2_ws/install/xterra/share/xterra/package.xml
[1.237s] Invoked command in '/home/ros2_ws/build/xterra' returned '0': CMAKE_PREFIX_PATH=${CMAKE_PREFIX_PATH}:/opt/ros/humble /usr/bin/cmake --install /home/ros2_ws/build/xterra
