[0.000000] (-) TimerEvent: {}
[0.000329] (-) JobUnselected: {'identifier': 'cyclonedds'}
[0.000699] (-) JobUnselected: {'identifier': 'livox_ros_driver2'}
[0.001335] (-) JobUnselected: {'identifier': 'm2_metal_description'}
[0.001612] (-) JobUnselected: {'identifier': 'orbbec_camera'}
[0.001654] (-) JobUnselected: {'identifier': 'orbbec_camera_msgs'}
[0.001908] (-) JobUnselected: {'identifier': 'orbbec_description'}
[0.002006] (-) JobUnselected: {'identifier': 'realsense2_description'}
[0.002081] (-) JobUnselected: {'identifier': 'sensor_description'}
[0.002150] (-) JobUnselected: {'identifier': 'xterra'}
[0.002225] (realsense2_camera_msgs) JobQueued: {'identifier': 'realsense2_camera_msgs', 'dependencies': OrderedDict()}
[0.002305] (realsense2_camera) JobQueued: {'identifier': 'realsense2_camera', 'dependencies': OrderedDict([('realsense2_camera_msgs', '/home/ros2_ws/install/realsense2_camera_msgs')])}
[0.002391] (realsense2_camera_msgs) JobStarted: {'identifier': 'realsense2_camera_msgs'}
[0.025643] (realsense2_camera_msgs) JobProgress: {'identifier': 'realsense2_camera_msgs', 'progress': 'cmake'}
[0.027445] (realsense2_camera_msgs) JobProgress: {'identifier': 'realsense2_camera_msgs', 'progress': 'build'}
[0.029017] (realsense2_camera_msgs) Command: {'cmd': ['/usr/bin/cmake', '--build', '/home/ros2_ws/build/realsense2_camera_msgs'], 'cwd': '/home/ros2_ws/build/realsense2_camera_msgs', 'env': OrderedDict([('CMAKE_BUILD_PARALLEL_LEVEL', '3'), ('HOSTNAME', 'xterra-orin'), ('SHLVL', '1'), ('LD_LIBRARY_PATH', '/home/ros2_ws/install/xterra_perception_api/lib:/home/ros2_ws/install/xterra/lib:/home/ros2_ws/install/realsense2_camera/lib:/home/ros2_ws/install/realsense2_camera_msgs/lib:/home/ros2_ws/install/livox_ros_driver2/lib:/opt/ros/humble/opt/rviz_ogre_vendor/lib:/opt/ros/humble/lib/aarch64-linux-gnu:/opt/ros/humble/lib:/usr/local/lib:/home/ros/install/lib'), ('HOME', '/root'), ('OLDPWD', '/home/ros2_ws'), ('ROS_PYTHON_VERSION', '3'), ('MAKEFLAGS', '-j3'), ('COLCON_PREFIX_PATH', '/home/ros2_ws/install'), ('ROS_DISTRO', 'humble'), ('_', '/usr/bin/colcon'), ('ROS_VERSION', '2'), ('NVIDIA_DRIVER_CAPABILITIES', 'all'), ('OrbbecSDK_DIR', '/usr/local/lib/cmake/OrbbecSDK'), ('ROS_LOCALHOST_ONLY', '0'), ('QT_X11_NO_MITSHM', '1'), ('PATH', '/opt/ros/humble/bin:/home/ros/install/bin:/usr/local/sbin:/usr/local/bin:/usr/sbin:/usr/bin:/sbin:/bin'), ('DISPLAY', ''), ('LANG', 'C.UTF-8'), ('RMW_IMPLEMENTATION', 'rmw_cyclonedds_cpp'), ('CYCLONEDDS_HOME', '/home/ros/install'), ('ROS_DOMAIN_ID', '0'), ('AMENT_PREFIX_PATH', '/home/ros2_ws/install/xterra_perception_api:/home/ros2_ws/install/xterra:/home/ros2_ws/install/m2_metal_description:/home/ros2_ws/install/sensor_description:/home/ros2_ws/install/realsense2_camera:/home/ros2_ws/install/realsense2_camera_msgs:/home/ros2_ws/install/livox_ros_driver2:/opt/ros/humble'), ('DEBIAN_FRONTEND', 'noninteractive'), ('PWD', '/home/ros2_ws/build/realsense2_camera_msgs'), ('LC_ALL', 'C.UTF-8'), ('PYTHONPATH', '/home/ros2_ws/install/xterra/local/lib/python3.10/dist-packages:/home/ros2_ws/install/realsense2_camera_msgs/local/lib/python3.10/dist-packages:/home/ros2_ws/install/livox_ros_driver2/local/lib/python3.10/dist-packages:/opt/ros/humble/lib/python3.10/site-packages:/opt/ros/humble/local/lib/python3.10/dist-packages'), ('NVIDIA_VISIBLE_DEVICES', 'all'), ('COLCON', '1'), ('CMAKE_PREFIX_PATH', '/home/ros2_ws/install/xterra_perception_api:/home/ros2_ws/install/xterra:/home/ros2_ws/install/m2_metal_description:/home/ros2_ws/install/sensor_description:/home/ros2_ws/install/realsense2_camera:/home/ros2_ws/install/realsense2_camera_msgs:/home/ros2_ws/install/livox_ros_driver2:/opt/OrbbecSDK_v2.4.11/lib::/opt/ros/humble')]), 'shell': False}
[0.099272] (-) TimerEvent: {}
[0.162276] (realsense2_camera_msgs) StdoutLine: {'line': b'[  3%] Built target realsense2_camera_msgs__cpp\n'}
[0.162955] (realsense2_camera_msgs) StdoutLine: {'line': b'[  3%] Built target realsense2_camera_msgs__rs\n'}
[0.173552] (realsense2_camera_msgs) StdoutLine: {'line': b'[ 14%] Built target realsense2_camera_msgs__rosidl_generator_c\n'}
[0.199558] (-) TimerEvent: {}
[0.238338] (realsense2_camera_msgs) StdoutLine: {'line': b'[ 35%] Built target realsense2_camera_msgs__rosidl_typesupport_introspection_c\n'}
[0.239029] (realsense2_camera_msgs) StdoutLine: {'line': b'[ 35%] Built target realsense2_camera_msgs__rosidl_typesupport_fastrtps_c\n'}
[0.245843] (realsense2_camera_msgs) StdoutLine: {'line': b'[ 35%] Built target ament_cmake_python_copy_realsense2_camera_msgs\n'}
[0.299858] (-) TimerEvent: {}
[0.305022] (realsense2_camera_msgs) StdoutLine: {'line': b'[ 57%] Built target realsense2_camera_msgs__rosidl_typesupport_c\n'}
[0.305882] (realsense2_camera_msgs) StdoutLine: {'line': b'[ 57%] Built target realsense2_camera_msgs__rosidl_typesupport_fastrtps_cpp\n'}
[0.311236] (realsense2_camera_msgs) StdoutLine: {'line': b'[ 67%] Built target realsense2_camera_msgs__rosidl_typesupport_introspection_cpp\n'}
[0.367061] (realsense2_camera_msgs) StdoutLine: {'line': b'[ 78%] Built target realsense2_camera_msgs__rosidl_typesupport_cpp\n'}
[0.400079] (-) TimerEvent: {}
[0.426531] (realsense2_camera_msgs) StdoutLine: {'line': b'[ 78%] Built target realsense2_camera_msgs\n'}
[0.487507] (realsense2_camera_msgs) StdoutLine: {'line': b'[ 80%] Built target realsense2_camera_msgs__py\n'}
[0.500179] (-) TimerEvent: {}
[0.554224] (realsense2_camera_msgs) StdoutLine: {'line': b'[ 89%] Built target realsense2_camera_msgs__rosidl_generator_py\n'}
[0.600434] (-) TimerEvent: {}
[0.615217] (realsense2_camera_msgs) StdoutLine: {'line': b'[ 96%] Built target realsense2_camera_msgs__rosidl_typesupport_fastrtps_c__pyext\n'}
[0.615738] (realsense2_camera_msgs) StdoutLine: {'line': b'[ 96%] Built target realsense2_camera_msgs__rosidl_typesupport_introspection_c__pyext\n'}
[0.678467] (realsense2_camera_msgs) StdoutLine: {'line': b'[100%] Built target realsense2_camera_msgs__rosidl_typesupport_c__pyext\n'}
[0.700510] (-) TimerEvent: {}
[0.801210] (-) TimerEvent: {}
[0.820177] (realsense2_camera_msgs) StdoutLine: {'line': b'running egg_info\n'}
[0.821859] (realsense2_camera_msgs) StdoutLine: {'line': b'writing realsense2_camera_msgs.egg-info/PKG-INFO\n'}
[0.822436] (realsense2_camera_msgs) StdoutLine: {'line': b'writing dependency_links to realsense2_camera_msgs.egg-info/dependency_links.txt\n'}
[0.822962] (realsense2_camera_msgs) StdoutLine: {'line': b'writing top-level names to realsense2_camera_msgs.egg-info/top_level.txt\n'}
[0.828379] (realsense2_camera_msgs) StdoutLine: {'line': b"reading manifest file 'realsense2_camera_msgs.egg-info/SOURCES.txt'\n"}
[0.829883] (realsense2_camera_msgs) StdoutLine: {'line': b"writing manifest file 'realsense2_camera_msgs.egg-info/SOURCES.txt'\n"}
[0.901321] (-) TimerEvent: {}
[0.930750] (realsense2_camera_msgs) StdoutLine: {'line': b'[100%] Built target ament_cmake_python_build_realsense2_camera_msgs_egg\n'}
[0.961274] (realsense2_camera_msgs) CommandEnded: {'returncode': 0}
[0.963618] (realsense2_camera_msgs) JobProgress: {'identifier': 'realsense2_camera_msgs', 'progress': 'install'}
[0.991717] (realsense2_camera_msgs) Command: {'cmd': ['/usr/bin/cmake', '--install', '/home/ros2_ws/build/realsense2_camera_msgs'], 'cwd': '/home/ros2_ws/build/realsense2_camera_msgs', 'env': OrderedDict([('CMAKE_BUILD_PARALLEL_LEVEL', '3'), ('HOSTNAME', 'xterra-orin'), ('SHLVL', '1'), ('LD_LIBRARY_PATH', '/home/ros2_ws/install/xterra_perception_api/lib:/home/ros2_ws/install/xterra/lib:/home/ros2_ws/install/realsense2_camera/lib:/home/ros2_ws/install/realsense2_camera_msgs/lib:/home/ros2_ws/install/livox_ros_driver2/lib:/opt/ros/humble/opt/rviz_ogre_vendor/lib:/opt/ros/humble/lib/aarch64-linux-gnu:/opt/ros/humble/lib:/usr/local/lib:/home/ros/install/lib'), ('HOME', '/root'), ('OLDPWD', '/home/ros2_ws'), ('ROS_PYTHON_VERSION', '3'), ('MAKEFLAGS', '-j3'), ('COLCON_PREFIX_PATH', '/home/ros2_ws/install'), ('ROS_DISTRO', 'humble'), ('_', '/usr/bin/colcon'), ('ROS_VERSION', '2'), ('NVIDIA_DRIVER_CAPABILITIES', 'all'), ('OrbbecSDK_DIR', '/usr/local/lib/cmake/OrbbecSDK'), ('ROS_LOCALHOST_ONLY', '0'), ('QT_X11_NO_MITSHM', '1'), ('PATH', '/opt/ros/humble/bin:/home/ros/install/bin:/usr/local/sbin:/usr/local/bin:/usr/sbin:/usr/bin:/sbin:/bin'), ('DISPLAY', ''), ('LANG', 'C.UTF-8'), ('RMW_IMPLEMENTATION', 'rmw_cyclonedds_cpp'), ('CYCLONEDDS_HOME', '/home/ros/install'), ('ROS_DOMAIN_ID', '0'), ('AMENT_PREFIX_PATH', '/home/ros2_ws/install/xterra_perception_api:/home/ros2_ws/install/xterra:/home/ros2_ws/install/m2_metal_description:/home/ros2_ws/install/sensor_description:/home/ros2_ws/install/realsense2_camera:/home/ros2_ws/install/realsense2_camera_msgs:/home/ros2_ws/install/livox_ros_driver2:/opt/ros/humble'), ('DEBIAN_FRONTEND', 'noninteractive'), ('PWD', '/home/ros2_ws/build/realsense2_camera_msgs'), ('LC_ALL', 'C.UTF-8'), ('PYTHONPATH', '/home/ros2_ws/install/xterra/local/lib/python3.10/dist-packages:/home/ros2_ws/install/realsense2_camera_msgs/local/lib/python3.10/dist-packages:/home/ros2_ws/install/livox_ros_driver2/local/lib/python3.10/dist-packages:/opt/ros/humble/lib/python3.10/site-packages:/opt/ros/humble/local/lib/python3.10/dist-packages'), ('NVIDIA_VISIBLE_DEVICES', 'all'), ('COLCON', '1'), ('CMAKE_PREFIX_PATH', '/home/ros2_ws/install/xterra_perception_api:/home/ros2_ws/install/xterra:/home/ros2_ws/install/m2_metal_description:/home/ros2_ws/install/sensor_description:/home/ros2_ws/install/realsense2_camera:/home/ros2_ws/install/realsense2_camera_msgs:/home/ros2_ws/install/livox_ros_driver2:/opt/OrbbecSDK_v2.4.11/lib::/opt/ros/humble')]), 'shell': False}
[1.001421] (-) TimerEvent: {}
[1.013943] (realsense2_camera_msgs) StdoutLine: {'line': b'-- Install configuration: "Release"\n'}
[1.015753] (realsense2_camera_msgs) StdoutLine: {'line': b'-- Up-to-date: /home/ros2_ws/install/realsense2_camera_msgs/share/ament_index/resource_index/rosidl_interfaces/realsense2_camera_msgs\n'}
[1.016138] (realsense2_camera_msgs) StdoutLine: {'line': b'-- Up-to-date: /home/ros2_ws/install/realsense2_camera_msgs/include/realsense2_camera_msgs/realsense2_camera_msgs\n'}
[1.017128] (realsense2_camera_msgs) StdoutLine: {'line': b'-- Up-to-date: /home/ros2_ws/install/realsense2_camera_msgs/include/realsense2_camera_msgs/realsense2_camera_msgs/msg\n'}
[1.018384] (realsense2_camera_msgs) StdoutLine: {'line': b'-- Up-to-date: /home/ros2_ws/install/realsense2_camera_msgs/include/realsense2_camera_msgs/realsense2_camera_msgs/msg/extrinsics.h\n'}
[1.018804] (realsense2_camera_msgs) StdoutLine: {'line': b'-- Up-to-date: /home/ros2_ws/install/realsense2_camera_msgs/include/realsense2_camera_msgs/realsense2_camera_msgs/msg/metadata.h\n'}
[1.019109] (realsense2_camera_msgs) StdoutLine: {'line': b'-- Up-to-date: /home/ros2_ws/install/realsense2_camera_msgs/include/realsense2_camera_msgs/realsense2_camera_msgs/msg/rosidl_generator_c__visibility_control.h\n'}
[1.021511] (realsense2_camera_msgs) StdoutLine: {'line': b'-- Up-to-date: /home/ros2_ws/install/realsense2_camera_msgs/include/realsense2_camera_msgs/realsense2_camera_msgs/msg/detail\n'}
[1.021911] (realsense2_camera_msgs) StdoutLine: {'line': b'-- Up-to-date: /home/ros2_ws/install/realsense2_camera_msgs/include/realsense2_camera_msgs/realsense2_camera_msgs/msg/detail/extrinsics__functions.h\n'}
[1.022851] (realsense2_camera_msgs) StdoutLine: {'line': b'-- Up-to-date: /home/ros2_ws/install/realsense2_camera_msgs/include/realsense2_camera_msgs/realsense2_camera_msgs/msg/detail/imu_info__struct.h\n'}
[1.023226] (realsense2_camera_msgs) StdoutLine: {'line': b'-- Up-to-date: /home/ros2_ws/install/realsense2_camera_msgs/include/realsense2_camera_msgs/realsense2_camera_msgs/msg/detail/extrinsics__functions.c\n'}
[1.023455] (realsense2_camera_msgs) StdoutLine: {'line': b'-- Up-to-date: /home/ros2_ws/install/realsense2_camera_msgs/include/realsense2_camera_msgs/realsense2_camera_msgs/msg/detail/extrinsics__type_support.h\n'}
[1.023860] (realsense2_camera_msgs) StdoutLine: {'line': b'-- Up-to-date: /home/ros2_ws/install/realsense2_camera_msgs/include/realsense2_camera_msgs/realsense2_camera_msgs/msg/detail/metadata__struct.h\n'}
[1.024421] (realsense2_camera_msgs) StdoutLine: {'line': b'-- Up-to-date: /home/ros2_ws/install/realsense2_camera_msgs/include/realsense2_camera_msgs/realsense2_camera_msgs/msg/detail/metadata__type_support.h\n'}
[1.024830] (realsense2_camera_msgs) StdoutLine: {'line': b'-- Up-to-date: /home/ros2_ws/install/realsense2_camera_msgs/include/realsense2_camera_msgs/realsense2_camera_msgs/msg/detail/imu_info__type_support.h\n'}
[1.025235] (realsense2_camera_msgs) StdoutLine: {'line': b'-- Up-to-date: /home/ros2_ws/install/realsense2_camera_msgs/include/realsense2_camera_msgs/realsense2_camera_msgs/msg/detail/metadata__functions.h\n'}
[1.026097] (realsense2_camera_msgs) StdoutLine: {'line': b'-- Up-to-date: /home/ros2_ws/install/realsense2_camera_msgs/include/realsense2_camera_msgs/realsense2_camera_msgs/msg/detail/imu_info__functions.c\n'}
[1.026934] (realsense2_camera_msgs) StdoutLine: {'line': b'-- Up-to-date: /home/ros2_ws/install/realsense2_camera_msgs/include/realsense2_camera_msgs/realsense2_camera_msgs/msg/detail/extrinsics__struct.h\n'}
[1.027158] (realsense2_camera_msgs) StdoutLine: {'line': b'-- Up-to-date: /home/ros2_ws/install/realsense2_camera_msgs/include/realsense2_camera_msgs/realsense2_camera_msgs/msg/detail/metadata__functions.c\n'}
[1.027371] (realsense2_camera_msgs) StdoutLine: {'line': b'-- Up-to-date: /home/ros2_ws/install/realsense2_camera_msgs/include/realsense2_camera_msgs/realsense2_camera_msgs/msg/detail/imu_info__functions.h\n'}
[1.027646] (realsense2_camera_msgs) StdoutLine: {'line': b'-- Up-to-date: /home/ros2_ws/install/realsense2_camera_msgs/include/realsense2_camera_msgs/realsense2_camera_msgs/msg/imu_info.h\n'}
[1.027861] (realsense2_camera_msgs) StdoutLine: {'line': b'-- Up-to-date: /home/ros2_ws/install/realsense2_camera_msgs/include/realsense2_camera_msgs/realsense2_camera_msgs/srv\n'}
[1.028070] (realsense2_camera_msgs) StdoutLine: {'line': b'-- Up-to-date: /home/ros2_ws/install/realsense2_camera_msgs/include/realsense2_camera_msgs/realsense2_camera_msgs/srv/device_info.h\n'}
[1.028279] (realsense2_camera_msgs) StdoutLine: {'line': b'-- Up-to-date: /home/ros2_ws/install/realsense2_camera_msgs/include/realsense2_camera_msgs/realsense2_camera_msgs/srv/detail\n'}
[1.028484] (realsense2_camera_msgs) StdoutLine: {'line': b'-- Up-to-date: /home/ros2_ws/install/realsense2_camera_msgs/include/realsense2_camera_msgs/realsense2_camera_msgs/srv/detail/device_info__functions.h\n'}
[1.028727] (realsense2_camera_msgs) StdoutLine: {'line': b'-- Up-to-date: /home/ros2_ws/install/realsense2_camera_msgs/include/realsense2_camera_msgs/realsense2_camera_msgs/srv/detail/device_info__type_support.h\n'}
[1.028962] (realsense2_camera_msgs) StdoutLine: {'line': b'-- Up-to-date: /home/ros2_ws/install/realsense2_camera_msgs/include/realsense2_camera_msgs/realsense2_camera_msgs/srv/detail/device_info__functions.c\n'}
[1.029178] (realsense2_camera_msgs) StdoutLine: {'line': b'-- Up-to-date: /home/ros2_ws/install/realsense2_camera_msgs/include/realsense2_camera_msgs/realsense2_camera_msgs/srv/detail/device_info__struct.h\n'}
[1.029387] (realsense2_camera_msgs) StdoutLine: {'line': b'-- Up-to-date: /home/ros2_ws/install/realsense2_camera_msgs/share/realsense2_camera_msgs/environment/library_path.sh\n'}
[1.029595] (realsense2_camera_msgs) StdoutLine: {'line': b'-- Up-to-date: /home/ros2_ws/install/realsense2_camera_msgs/share/realsense2_camera_msgs/environment/library_path.dsv\n'}
[1.029799] (realsense2_camera_msgs) StdoutLine: {'line': b'-- Up-to-date: /home/ros2_ws/install/realsense2_camera_msgs/lib/librealsense2_camera_msgs__rosidl_generator_c.so\n'}
[1.030005] (realsense2_camera_msgs) StdoutLine: {'line': b'-- Up-to-date: /home/ros2_ws/install/realsense2_camera_msgs/include/realsense2_camera_msgs/realsense2_camera_msgs\n'}
[1.030209] (realsense2_camera_msgs) StdoutLine: {'line': b'-- Up-to-date: /home/ros2_ws/install/realsense2_camera_msgs/include/realsense2_camera_msgs/realsense2_camera_msgs/msg\n'}
[1.030412] (realsense2_camera_msgs) StdoutLine: {'line': b'-- Up-to-date: /home/ros2_ws/install/realsense2_camera_msgs/include/realsense2_camera_msgs/realsense2_camera_msgs/msg/rosidl_typesupport_fastrtps_c__visibility_control.h\n'}
[1.030618] (realsense2_camera_msgs) StdoutLine: {'line': b'-- Up-to-date: /home/ros2_ws/install/realsense2_camera_msgs/include/realsense2_camera_msgs/realsense2_camera_msgs/msg/detail\n'}
[1.030851] (realsense2_camera_msgs) StdoutLine: {'line': b'-- Up-to-date: /home/ros2_ws/install/realsense2_camera_msgs/include/realsense2_camera_msgs/realsense2_camera_msgs/msg/detail/extrinsics__rosidl_typesupport_fastrtps_c.h\n'}
[1.031059] (realsense2_camera_msgs) StdoutLine: {'line': b'-- Up-to-date: /home/ros2_ws/install/realsense2_camera_msgs/include/realsense2_camera_msgs/realsense2_camera_msgs/msg/detail/metadata__rosidl_typesupport_fastrtps_c.h\n'}
[1.031267] (realsense2_camera_msgs) StdoutLine: {'line': b'-- Up-to-date: /home/ros2_ws/install/realsense2_camera_msgs/include/realsense2_camera_msgs/realsense2_camera_msgs/msg/detail/imu_info__rosidl_typesupport_fastrtps_c.h\n'}
[1.031471] (realsense2_camera_msgs) StdoutLine: {'line': b'-- Up-to-date: /home/ros2_ws/install/realsense2_camera_msgs/include/realsense2_camera_msgs/realsense2_camera_msgs/srv\n'}
[1.031674] (realsense2_camera_msgs) StdoutLine: {'line': b'-- Up-to-date: /home/ros2_ws/install/realsense2_camera_msgs/include/realsense2_camera_msgs/realsense2_camera_msgs/srv/detail\n'}
[1.031877] (realsense2_camera_msgs) StdoutLine: {'line': b'-- Up-to-date: /home/ros2_ws/install/realsense2_camera_msgs/include/realsense2_camera_msgs/realsense2_camera_msgs/srv/detail/device_info__rosidl_typesupport_fastrtps_c.h\n'}
[1.032104] (realsense2_camera_msgs) StdoutLine: {'line': b'-- Up-to-date: /home/ros2_ws/install/realsense2_camera_msgs/lib/librealsense2_camera_msgs__rosidl_typesupport_fastrtps_c.so\n'}
[1.032316] (realsense2_camera_msgs) StdoutLine: {'line': b'-- Up-to-date: /home/ros2_ws/install/realsense2_camera_msgs/include/realsense2_camera_msgs/realsense2_camera_msgs\n'}
[1.032524] (realsense2_camera_msgs) StdoutLine: {'line': b'-- Up-to-date: /home/ros2_ws/install/realsense2_camera_msgs/include/realsense2_camera_msgs/realsense2_camera_msgs/msg\n'}
[1.032761] (realsense2_camera_msgs) StdoutLine: {'line': b'-- Up-to-date: /home/ros2_ws/install/realsense2_camera_msgs/include/realsense2_camera_msgs/realsense2_camera_msgs/msg/rosidl_typesupport_introspection_c__visibility_control.h\n'}
[1.032980] (realsense2_camera_msgs) StdoutLine: {'line': b'-- Up-to-date: /home/ros2_ws/install/realsense2_camera_msgs/include/realsense2_camera_msgs/realsense2_camera_msgs/msg/detail\n'}
[1.033188] (realsense2_camera_msgs) StdoutLine: {'line': b'-- Up-to-date: /home/ros2_ws/install/realsense2_camera_msgs/include/realsense2_camera_msgs/realsense2_camera_msgs/msg/detail/extrinsics__rosidl_typesupport_introspection_c.h\n'}
[1.033392] (realsense2_camera_msgs) StdoutLine: {'line': b'-- Up-to-date: /home/ros2_ws/install/realsense2_camera_msgs/include/realsense2_camera_msgs/realsense2_camera_msgs/msg/detail/imu_info__rosidl_typesupport_introspection_c.h\n'}
[1.033597] (realsense2_camera_msgs) StdoutLine: {'line': b'-- Up-to-date: /home/ros2_ws/install/realsense2_camera_msgs/include/realsense2_camera_msgs/realsense2_camera_msgs/msg/detail/metadata__type_support.c\n'}
[1.033845] (realsense2_camera_msgs) StdoutLine: {'line': b'-- Up-to-date: /home/ros2_ws/install/realsense2_camera_msgs/include/realsense2_camera_msgs/realsense2_camera_msgs/msg/detail/metadata__rosidl_typesupport_introspection_c.h\n'}
[1.034056] (realsense2_camera_msgs) StdoutLine: {'line': b'-- Up-to-date: /home/ros2_ws/install/realsense2_camera_msgs/include/realsense2_camera_msgs/realsense2_camera_msgs/msg/detail/imu_info__type_support.c\n'}
[1.034260] (realsense2_camera_msgs) StdoutLine: {'line': b'-- Up-to-date: /home/ros2_ws/install/realsense2_camera_msgs/include/realsense2_camera_msgs/realsense2_camera_msgs/msg/detail/extrinsics__type_support.c\n'}
[1.034465] (realsense2_camera_msgs) StdoutLine: {'line': b'-- Up-to-date: /home/ros2_ws/install/realsense2_camera_msgs/include/realsense2_camera_msgs/realsense2_camera_msgs/srv\n'}
[1.034666] (realsense2_camera_msgs) StdoutLine: {'line': b'-- Up-to-date: /home/ros2_ws/install/realsense2_camera_msgs/include/realsense2_camera_msgs/realsense2_camera_msgs/srv/detail\n'}
[1.034890] (realsense2_camera_msgs) StdoutLine: {'line': b'-- Up-to-date: /home/ros2_ws/install/realsense2_camera_msgs/include/realsense2_camera_msgs/realsense2_camera_msgs/srv/detail/device_info__type_support.c\n'}
[1.035095] (realsense2_camera_msgs) StdoutLine: {'line': b'-- Up-to-date: /home/ros2_ws/install/realsense2_camera_msgs/include/realsense2_camera_msgs/realsense2_camera_msgs/srv/detail/device_info__rosidl_typesupport_introspection_c.h\n'}
[1.035299] (realsense2_camera_msgs) StdoutLine: {'line': b'-- Up-to-date: /home/ros2_ws/install/realsense2_camera_msgs/lib/librealsense2_camera_msgs__rosidl_typesupport_introspection_c.so\n'}
[1.035500] (realsense2_camera_msgs) StdoutLine: {'line': b'-- Up-to-date: /home/ros2_ws/install/realsense2_camera_msgs/lib/librealsense2_camera_msgs__rosidl_typesupport_c.so\n'}
[1.035701] (realsense2_camera_msgs) StdoutLine: {'line': b'-- Up-to-date: /home/ros2_ws/install/realsense2_camera_msgs/include/realsense2_camera_msgs/realsense2_camera_msgs\n'}
[1.035901] (realsense2_camera_msgs) StdoutLine: {'line': b'-- Up-to-date: /home/ros2_ws/install/realsense2_camera_msgs/include/realsense2_camera_msgs/realsense2_camera_msgs/msg\n'}
[1.036103] (realsense2_camera_msgs) StdoutLine: {'line': b'-- Up-to-date: /home/ros2_ws/install/realsense2_camera_msgs/include/realsense2_camera_msgs/realsense2_camera_msgs/msg/rosidl_generator_cpp__visibility_control.hpp\n'}
[1.036308] (realsense2_camera_msgs) StdoutLine: {'line': b'-- Up-to-date: /home/ros2_ws/install/realsense2_camera_msgs/include/realsense2_camera_msgs/realsense2_camera_msgs/msg/extrinsics.hpp\n'}
[1.036512] (realsense2_camera_msgs) StdoutLine: {'line': b'-- Up-to-date: /home/ros2_ws/install/realsense2_camera_msgs/include/realsense2_camera_msgs/realsense2_camera_msgs/msg/detail\n'}
[1.036747] (realsense2_camera_msgs) StdoutLine: {'line': b'-- Up-to-date: /home/ros2_ws/install/realsense2_camera_msgs/include/realsense2_camera_msgs/realsense2_camera_msgs/msg/detail/metadata__struct.hpp\n'}
[1.036972] (realsense2_camera_msgs) StdoutLine: {'line': b'-- Up-to-date: /home/ros2_ws/install/realsense2_camera_msgs/include/realsense2_camera_msgs/realsense2_camera_msgs/msg/detail/metadata__builder.hpp\n'}
[1.037182] (realsense2_camera_msgs) StdoutLine: {'line': b'-- Up-to-date: /home/ros2_ws/install/realsense2_camera_msgs/include/realsense2_camera_msgs/realsense2_camera_msgs/msg/detail/metadata__traits.hpp\n'}
[1.037388] (realsense2_camera_msgs) StdoutLine: {'line': b'-- Up-to-date: /home/ros2_ws/install/realsense2_camera_msgs/include/realsense2_camera_msgs/realsense2_camera_msgs/msg/detail/metadata__type_support.hpp\n'}
[1.037592] (realsense2_camera_msgs) StdoutLine: {'line': b'-- Up-to-date: /home/ros2_ws/install/realsense2_camera_msgs/include/realsense2_camera_msgs/realsense2_camera_msgs/msg/detail/extrinsics__traits.hpp\n'}
[1.037820] (realsense2_camera_msgs) StdoutLine: {'line': b'-- Up-to-date: /home/ros2_ws/install/realsense2_camera_msgs/include/realsense2_camera_msgs/realsense2_camera_msgs/msg/detail/imu_info__struct.hpp\n'}
[1.038029] (realsense2_camera_msgs) StdoutLine: {'line': b'-- Up-to-date: /home/ros2_ws/install/realsense2_camera_msgs/include/realsense2_camera_msgs/realsense2_camera_msgs/msg/detail/imu_info__type_support.hpp\n'}
[1.038235] (realsense2_camera_msgs) StdoutLine: {'line': b'-- Up-to-date: /home/ros2_ws/install/realsense2_camera_msgs/include/realsense2_camera_msgs/realsense2_camera_msgs/msg/detail/extrinsics__struct.hpp\n'}
[1.038442] (realsense2_camera_msgs) StdoutLine: {'line': b'-- Up-to-date: /home/ros2_ws/install/realsense2_camera_msgs/include/realsense2_camera_msgs/realsense2_camera_msgs/msg/detail/imu_info__builder.hpp\n'}
[1.038647] (realsense2_camera_msgs) StdoutLine: {'line': b'-- Up-to-date: /home/ros2_ws/install/realsense2_camera_msgs/include/realsense2_camera_msgs/realsense2_camera_msgs/msg/detail/extrinsics__builder.hpp\n'}
[1.038851] (realsense2_camera_msgs) StdoutLine: {'line': b'-- Up-to-date: /home/ros2_ws/install/realsense2_camera_msgs/include/realsense2_camera_msgs/realsense2_camera_msgs/msg/detail/imu_info__traits.hpp\n'}
[1.039076] (realsense2_camera_msgs) StdoutLine: {'line': b'-- Up-to-date: /home/ros2_ws/install/realsense2_camera_msgs/include/realsense2_camera_msgs/realsense2_camera_msgs/msg/detail/extrinsics__type_support.hpp\n'}
[1.039283] (realsense2_camera_msgs) StdoutLine: {'line': b'-- Up-to-date: /home/ros2_ws/install/realsense2_camera_msgs/include/realsense2_camera_msgs/realsense2_camera_msgs/msg/metadata.hpp\n'}
[1.039486] (realsense2_camera_msgs) StdoutLine: {'line': b'-- Up-to-date: /home/ros2_ws/install/realsense2_camera_msgs/include/realsense2_camera_msgs/realsense2_camera_msgs/msg/imu_info.hpp\n'}
[1.039689] (realsense2_camera_msgs) StdoutLine: {'line': b'-- Up-to-date: /home/ros2_ws/install/realsense2_camera_msgs/include/realsense2_camera_msgs/realsense2_camera_msgs/srv\n'}
[1.039929] (realsense2_camera_msgs) StdoutLine: {'line': b'-- Up-to-date: /home/ros2_ws/install/realsense2_camera_msgs/include/realsense2_camera_msgs/realsense2_camera_msgs/srv/device_info.hpp\n'}
[1.040141] (realsense2_camera_msgs) StdoutLine: {'line': b'-- Up-to-date: /home/ros2_ws/install/realsense2_camera_msgs/include/realsense2_camera_msgs/realsense2_camera_msgs/srv/detail\n'}
[1.040348] (realsense2_camera_msgs) StdoutLine: {'line': b'-- Up-to-date: /home/ros2_ws/install/realsense2_camera_msgs/include/realsense2_camera_msgs/realsense2_camera_msgs/srv/detail/device_info__traits.hpp\n'}
[1.040552] (realsense2_camera_msgs) StdoutLine: {'line': b'-- Up-to-date: /home/ros2_ws/install/realsense2_camera_msgs/include/realsense2_camera_msgs/realsense2_camera_msgs/srv/detail/device_info__builder.hpp\n'}
[1.040792] (realsense2_camera_msgs) StdoutLine: {'line': b'-- Up-to-date: /home/ros2_ws/install/realsense2_camera_msgs/include/realsense2_camera_msgs/realsense2_camera_msgs/srv/detail/device_info__type_support.hpp\n'}
[1.041006] (realsense2_camera_msgs) StdoutLine: {'line': b'-- Up-to-date: /home/ros2_ws/install/realsense2_camera_msgs/include/realsense2_camera_msgs/realsense2_camera_msgs/srv/detail/device_info__struct.hpp\n'}
[1.041216] (realsense2_camera_msgs) StdoutLine: {'line': b'-- Up-to-date: /home/ros2_ws/install/realsense2_camera_msgs/include/realsense2_camera_msgs/realsense2_camera_msgs\n'}
[1.041419] (realsense2_camera_msgs) StdoutLine: {'line': b'-- Up-to-date: /home/ros2_ws/install/realsense2_camera_msgs/include/realsense2_camera_msgs/realsense2_camera_msgs/msg\n'}
[1.041622] (realsense2_camera_msgs) StdoutLine: {'line': b'-- Up-to-date: /home/ros2_ws/install/realsense2_camera_msgs/include/realsense2_camera_msgs/realsense2_camera_msgs/msg/detail\n'}
[1.041826] (realsense2_camera_msgs) StdoutLine: {'line': b'-- Up-to-date: /home/ros2_ws/install/realsense2_camera_msgs/include/realsense2_camera_msgs/realsense2_camera_msgs/msg/detail/extrinsics__rosidl_typesupport_fastrtps_cpp.hpp\n'}
[1.042032] (realsense2_camera_msgs) StdoutLine: {'line': b'-- Up-to-date: /home/ros2_ws/install/realsense2_camera_msgs/include/realsense2_camera_msgs/realsense2_camera_msgs/msg/detail/imu_info__rosidl_typesupport_fastrtps_cpp.hpp\n'}
[1.042234] (realsense2_camera_msgs) StdoutLine: {'line': b'-- Up-to-date: /home/ros2_ws/install/realsense2_camera_msgs/include/realsense2_camera_msgs/realsense2_camera_msgs/msg/detail/dds_fastrtps\n'}
[1.042435] (realsense2_camera_msgs) StdoutLine: {'line': b'-- Up-to-date: /home/ros2_ws/install/realsense2_camera_msgs/include/realsense2_camera_msgs/realsense2_camera_msgs/msg/detail/metadata__rosidl_typesupport_fastrtps_cpp.hpp\n'}
[1.042640] (realsense2_camera_msgs) StdoutLine: {'line': b'-- Up-to-date: /home/ros2_ws/install/realsense2_camera_msgs/include/realsense2_camera_msgs/realsense2_camera_msgs/msg/rosidl_typesupport_fastrtps_cpp__visibility_control.h\n'}
[1.042842] (realsense2_camera_msgs) StdoutLine: {'line': b'-- Up-to-date: /home/ros2_ws/install/realsense2_camera_msgs/include/realsense2_camera_msgs/realsense2_camera_msgs/srv\n'}
[1.043044] (realsense2_camera_msgs) StdoutLine: {'line': b'-- Up-to-date: /home/ros2_ws/install/realsense2_camera_msgs/include/realsense2_camera_msgs/realsense2_camera_msgs/srv/detail\n'}
[1.043269] (realsense2_camera_msgs) StdoutLine: {'line': b'-- Up-to-date: /home/ros2_ws/install/realsense2_camera_msgs/include/realsense2_camera_msgs/realsense2_camera_msgs/srv/detail/device_info__rosidl_typesupport_fastrtps_cpp.hpp\n'}
[1.043501] (realsense2_camera_msgs) StdoutLine: {'line': b'-- Up-to-date: /home/ros2_ws/install/realsense2_camera_msgs/include/realsense2_camera_msgs/realsense2_camera_msgs/srv/detail/dds_fastrtps\n'}
[1.043707] (realsense2_camera_msgs) StdoutLine: {'line': b'-- Up-to-date: /home/ros2_ws/install/realsense2_camera_msgs/lib/librealsense2_camera_msgs__rosidl_typesupport_fastrtps_cpp.so\n'}
[1.043910] (realsense2_camera_msgs) StdoutLine: {'line': b'-- Up-to-date: /home/ros2_ws/install/realsense2_camera_msgs/include/realsense2_camera_msgs/realsense2_camera_msgs\n'}
[1.044111] (realsense2_camera_msgs) StdoutLine: {'line': b'-- Up-to-date: /home/ros2_ws/install/realsense2_camera_msgs/include/realsense2_camera_msgs/realsense2_camera_msgs/msg\n'}
[1.044310] (realsense2_camera_msgs) StdoutLine: {'line': b'-- Up-to-date: /home/ros2_ws/install/realsense2_camera_msgs/include/realsense2_camera_msgs/realsense2_camera_msgs/msg/detail\n'}
[1.044509] (realsense2_camera_msgs) StdoutLine: {'line': b'-- Up-to-date: /home/ros2_ws/install/realsense2_camera_msgs/include/realsense2_camera_msgs/realsense2_camera_msgs/msg/detail/metadata__rosidl_typesupport_introspection_cpp.hpp\n'}
[1.044736] (realsense2_camera_msgs) StdoutLine: {'line': b'-- Up-to-date: /home/ros2_ws/install/realsense2_camera_msgs/include/realsense2_camera_msgs/realsense2_camera_msgs/msg/detail/imu_info__rosidl_typesupport_introspection_cpp.hpp\n'}
[1.044952] (realsense2_camera_msgs) StdoutLine: {'line': b'-- Up-to-date: /home/ros2_ws/install/realsense2_camera_msgs/include/realsense2_camera_msgs/realsense2_camera_msgs/msg/detail/metadata__type_support.cpp\n'}
[1.045155] (realsense2_camera_msgs) StdoutLine: {'line': b'-- Up-to-date: /home/ros2_ws/install/realsense2_camera_msgs/include/realsense2_camera_msgs/realsense2_camera_msgs/msg/detail/extrinsics__rosidl_typesupport_introspection_cpp.hpp\n'}
[1.045358] (realsense2_camera_msgs) StdoutLine: {'line': b'-- Up-to-date: /home/ros2_ws/install/realsense2_camera_msgs/include/realsense2_camera_msgs/realsense2_camera_msgs/msg/detail/extrinsics__type_support.cpp\n'}
[1.045557] (realsense2_camera_msgs) StdoutLine: {'line': b'-- Up-to-date: /home/ros2_ws/install/realsense2_camera_msgs/include/realsense2_camera_msgs/realsense2_camera_msgs/msg/detail/imu_info__type_support.cpp\n'}
[1.045801] (realsense2_camera_msgs) StdoutLine: {'line': b'-- Up-to-date: /home/ros2_ws/install/realsense2_camera_msgs/include/realsense2_camera_msgs/realsense2_camera_msgs/srv\n'}
[1.046006] (realsense2_camera_msgs) StdoutLine: {'line': b'-- Up-to-date: /home/ros2_ws/install/realsense2_camera_msgs/include/realsense2_camera_msgs/realsense2_camera_msgs/srv/detail\n'}
[1.046208] (realsense2_camera_msgs) StdoutLine: {'line': b'-- Up-to-date: /home/ros2_ws/install/realsense2_camera_msgs/include/realsense2_camera_msgs/realsense2_camera_msgs/srv/detail/device_info__rosidl_typesupport_introspection_cpp.hpp\n'}
[1.046410] (realsense2_camera_msgs) StdoutLine: {'line': b'-- Up-to-date: /home/ros2_ws/install/realsense2_camera_msgs/include/realsense2_camera_msgs/realsense2_camera_msgs/srv/detail/device_info__type_support.cpp\n'}
[1.046611] (realsense2_camera_msgs) StdoutLine: {'line': b'-- Up-to-date: /home/ros2_ws/install/realsense2_camera_msgs/lib/librealsense2_camera_msgs__rosidl_typesupport_introspection_cpp.so\n'}
[1.046810] (realsense2_camera_msgs) StdoutLine: {'line': b'-- Up-to-date: /home/ros2_ws/install/realsense2_camera_msgs/lib/librealsense2_camera_msgs__rosidl_typesupport_cpp.so\n'}
[1.047010] (realsense2_camera_msgs) StdoutLine: {'line': b'-- Up-to-date: /home/ros2_ws/install/realsense2_camera_msgs/share/realsense2_camera_msgs/environment/pythonpath.sh\n'}
[1.047208] (realsense2_camera_msgs) StdoutLine: {'line': b'-- Up-to-date: /home/ros2_ws/install/realsense2_camera_msgs/share/realsense2_camera_msgs/environment/pythonpath.dsv\n'}
[1.047429] (realsense2_camera_msgs) StdoutLine: {'line': b'-- Up-to-date: /home/ros2_ws/install/realsense2_camera_msgs/local/lib/python3.10/dist-packages/realsense2_camera_msgs-4.54.1-py3.10.egg-info\n'}
[1.047632] (realsense2_camera_msgs) StdoutLine: {'line': b'-- Installing: /home/ros2_ws/install/realsense2_camera_msgs/local/lib/python3.10/dist-packages/realsense2_camera_msgs-4.54.1-py3.10.egg-info/SOURCES.txt\n'}
[1.047835] (realsense2_camera_msgs) StdoutLine: {'line': b'-- Installing: /home/ros2_ws/install/realsense2_camera_msgs/local/lib/python3.10/dist-packages/realsense2_camera_msgs-4.54.1-py3.10.egg-info/PKG-INFO\n'}
[1.048038] (realsense2_camera_msgs) StdoutLine: {'line': b'-- Installing: /home/ros2_ws/install/realsense2_camera_msgs/local/lib/python3.10/dist-packages/realsense2_camera_msgs-4.54.1-py3.10.egg-info/dependency_links.txt\n'}
[1.048239] (realsense2_camera_msgs) StdoutLine: {'line': b'-- Installing: /home/ros2_ws/install/realsense2_camera_msgs/local/lib/python3.10/dist-packages/realsense2_camera_msgs-4.54.1-py3.10.egg-info/top_level.txt\n'}
[1.048439] (realsense2_camera_msgs) StdoutLine: {'line': b'-- Up-to-date: /home/ros2_ws/install/realsense2_camera_msgs/local/lib/python3.10/dist-packages/realsense2_camera_msgs\n'}
[1.048634] (realsense2_camera_msgs) StdoutLine: {'line': b'-- Up-to-date: /home/ros2_ws/install/realsense2_camera_msgs/local/lib/python3.10/dist-packages/realsense2_camera_msgs/_realsense2_camera_msgs_s.ep.rosidl_typesupport_introspection_c.c\n'}
[1.048882] (realsense2_camera_msgs) StdoutLine: {'line': b'-- Up-to-date: /home/ros2_ws/install/realsense2_camera_msgs/local/lib/python3.10/dist-packages/realsense2_camera_msgs/realsense2_camera_msgs_s__rosidl_typesupport_c.cpython-310-aarch64-linux-gnu.so\n'}
[1.049123] (realsense2_camera_msgs) StdoutLine: {'line': b'-- Up-to-date: /home/ros2_ws/install/realsense2_camera_msgs/local/lib/python3.10/dist-packages/realsense2_camera_msgs/realsense2_camera_msgs_s__rosidl_typesupport_fastrtps_c.cpython-310-aarch64-linux-gnu.so\n'}
[1.049340] (realsense2_camera_msgs) StdoutLine: {'line': b'-- Up-to-date: /home/ros2_ws/install/realsense2_camera_msgs/local/lib/python3.10/dist-packages/realsense2_camera_msgs/_realsense2_camera_msgs_s.ep.rosidl_typesupport_fastrtps_c.c\n'}
[1.049546] (realsense2_camera_msgs) StdoutLine: {'line': b'-- Up-to-date: /home/ros2_ws/install/realsense2_camera_msgs/local/lib/python3.10/dist-packages/realsense2_camera_msgs/msg\n'}
[1.049746] (realsense2_camera_msgs) StdoutLine: {'line': b'-- Up-to-date: /home/ros2_ws/install/realsense2_camera_msgs/local/lib/python3.10/dist-packages/realsense2_camera_msgs/msg/_extrinsics_s.c\n'}
[1.049946] (realsense2_camera_msgs) StdoutLine: {'line': b'-- Up-to-date: /home/ros2_ws/install/realsense2_camera_msgs/local/lib/python3.10/dist-packages/realsense2_camera_msgs/msg/_extrinsics.py\n'}
[1.050147] (realsense2_camera_msgs) StdoutLine: {'line': b'-- Up-to-date: /home/ros2_ws/install/realsense2_camera_msgs/local/lib/python3.10/dist-packages/realsense2_camera_msgs/msg/_metadata.py\n'}
[1.050347] (realsense2_camera_msgs) StdoutLine: {'line': b'-- Up-to-date: /home/ros2_ws/install/realsense2_camera_msgs/local/lib/python3.10/dist-packages/realsense2_camera_msgs/msg/_imu_info.py\n'}
[1.050551] (realsense2_camera_msgs) StdoutLine: {'line': b'-- Up-to-date: /home/ros2_ws/install/realsense2_camera_msgs/local/lib/python3.10/dist-packages/realsense2_camera_msgs/msg/_imu_info_s.c\n'}
[1.050751] (realsense2_camera_msgs) StdoutLine: {'line': b'-- Up-to-date: /home/ros2_ws/install/realsense2_camera_msgs/local/lib/python3.10/dist-packages/realsense2_camera_msgs/msg/_metadata_s.c\n'}
[1.050949] (realsense2_camera_msgs) StdoutLine: {'line': b'-- Up-to-date: /home/ros2_ws/install/realsense2_camera_msgs/local/lib/python3.10/dist-packages/realsense2_camera_msgs/msg/__init__.py\n'}
[1.051147] (realsense2_camera_msgs) StdoutLine: {'line': b'-- Up-to-date: /home/ros2_ws/install/realsense2_camera_msgs/local/lib/python3.10/dist-packages/realsense2_camera_msgs/librealsense2_camera_msgs__rosidl_generator_py.so\n'}
[1.051371] (realsense2_camera_msgs) StdoutLine: {'line': b'-- Up-to-date: /home/ros2_ws/install/realsense2_camera_msgs/local/lib/python3.10/dist-packages/realsense2_camera_msgs/srv\n'}
[1.051611] (realsense2_camera_msgs) StdoutLine: {'line': b'-- Up-to-date: /home/ros2_ws/install/realsense2_camera_msgs/local/lib/python3.10/dist-packages/realsense2_camera_msgs/srv/_device_info.py\n'}
[1.051815] (realsense2_camera_msgs) StdoutLine: {'line': b'-- Up-to-date: /home/ros2_ws/install/realsense2_camera_msgs/local/lib/python3.10/dist-packages/realsense2_camera_msgs/srv/_device_info_s.c\n'}
[1.052018] (realsense2_camera_msgs) StdoutLine: {'line': b'-- Up-to-date: /home/ros2_ws/install/realsense2_camera_msgs/local/lib/python3.10/dist-packages/realsense2_camera_msgs/srv/__init__.py\n'}
[1.052216] (realsense2_camera_msgs) StdoutLine: {'line': b'-- Up-to-date: /home/ros2_ws/install/realsense2_camera_msgs/local/lib/python3.10/dist-packages/realsense2_camera_msgs/realsense2_camera_msgs_s__rosidl_typesupport_introspection_c.cpython-310-aarch64-linux-gnu.so\n'}
[1.052419] (realsense2_camera_msgs) StdoutLine: {'line': b'-- Up-to-date: /home/ros2_ws/install/realsense2_camera_msgs/local/lib/python3.10/dist-packages/realsense2_camera_msgs/_realsense2_camera_msgs_s.ep.rosidl_typesupport_c.c\n'}
[1.052618] (realsense2_camera_msgs) StdoutLine: {'line': b'-- Up-to-date: /home/ros2_ws/install/realsense2_camera_msgs/local/lib/python3.10/dist-packages/realsense2_camera_msgs/__init__.py\n'}
[1.101518] (-) TimerEvent: {}
[1.104217] (realsense2_camera_msgs) StdoutLine: {'line': b"Listing '/home/ros2_ws/install/realsense2_camera_msgs/local/lib/python3.10/dist-packages/realsense2_camera_msgs'...\n"}
[1.104626] (realsense2_camera_msgs) StdoutLine: {'line': b"Listing '/home/ros2_ws/install/realsense2_camera_msgs/local/lib/python3.10/dist-packages/realsense2_camera_msgs/msg'...\n"}
[1.104980] (realsense2_camera_msgs) StdoutLine: {'line': b"Listing '/home/ros2_ws/install/realsense2_camera_msgs/local/lib/python3.10/dist-packages/realsense2_camera_msgs/srv'...\n"}
[1.117744] (realsense2_camera_msgs) StdoutLine: {'line': b'-- Up-to-date: /home/ros2_ws/install/realsense2_camera_msgs/local/lib/python3.10/dist-packages/realsense2_camera_msgs/realsense2_camera_msgs_s__rosidl_typesupport_fastrtps_c.cpython-310-aarch64-linux-gnu.so\n'}
[1.118344] (realsense2_camera_msgs) StdoutLine: {'line': b'-- Up-to-date: /home/ros2_ws/install/realsense2_camera_msgs/local/lib/python3.10/dist-packages/realsense2_camera_msgs/realsense2_camera_msgs_s__rosidl_typesupport_introspection_c.cpython-310-aarch64-linux-gnu.so\n'}
[1.118624] (realsense2_camera_msgs) StdoutLine: {'line': b'-- Up-to-date: /home/ros2_ws/install/realsense2_camera_msgs/local/lib/python3.10/dist-packages/realsense2_camera_msgs/realsense2_camera_msgs_s__rosidl_typesupport_c.cpython-310-aarch64-linux-gnu.so\n'}
[1.119033] (realsense2_camera_msgs) StdoutLine: {'line': b'-- Up-to-date: /home/ros2_ws/install/realsense2_camera_msgs/lib/librealsense2_camera_msgs__rosidl_generator_py.so\n'}
[1.120404] (realsense2_camera_msgs) StdoutLine: {'line': b'-- Up-to-date: /home/ros2_ws/install/realsense2_camera_msgs/share/ament_index/resource_index/rust_packages/realsense2_camera_msgs\n'}
[1.121411] (realsense2_camera_msgs) StdoutLine: {'line': b'-- Up-to-date: /home/ros2_ws/install/realsense2_camera_msgs/share/realsense2_camera_msgs/rust\n'}
[1.122434] (realsense2_camera_msgs) StdoutLine: {'line': b'-- Up-to-date: /home/ros2_ws/install/realsense2_camera_msgs/share/realsense2_camera_msgs/rust/Cargo.toml\n'}
[1.122679] (realsense2_camera_msgs) StdoutLine: {'line': b'-- Up-to-date: /home/ros2_ws/install/realsense2_camera_msgs/share/realsense2_camera_msgs/rust/build.rs\n'}
[1.122897] (realsense2_camera_msgs) StdoutLine: {'line': b'-- Up-to-date: /home/ros2_ws/install/realsense2_camera_msgs/share/realsense2_camera_msgs/rust/src\n'}
[1.123394] (realsense2_camera_msgs) StdoutLine: {'line': b'-- Up-to-date: /home/ros2_ws/install/realsense2_camera_msgs/share/realsense2_camera_msgs/rust/src/msg\n'}
[1.123983] (realsense2_camera_msgs) StdoutLine: {'line': b'-- Up-to-date: /home/ros2_ws/install/realsense2_camera_msgs/share/realsense2_camera_msgs/rust/src/msg/rmw.rs\n'}
[1.124656] (realsense2_camera_msgs) StdoutLine: {'line': b'-- Up-to-date: /home/ros2_ws/install/realsense2_camera_msgs/share/realsense2_camera_msgs/rust/src/srv\n'}
[1.125105] (realsense2_camera_msgs) StdoutLine: {'line': b'-- Up-to-date: /home/ros2_ws/install/realsense2_camera_msgs/share/realsense2_camera_msgs/rust/src/srv/rmw.rs\n'}
[1.125753] (realsense2_camera_msgs) StdoutLine: {'line': b'-- Up-to-date: /home/ros2_ws/install/realsense2_camera_msgs/share/realsense2_camera_msgs/rust/src/srv.rs\n'}
[1.126204] (realsense2_camera_msgs) StdoutLine: {'line': b'-- Up-to-date: /home/ros2_ws/install/realsense2_camera_msgs/share/realsense2_camera_msgs/rust/src/lib.rs\n'}
[1.127240] (realsense2_camera_msgs) StdoutLine: {'line': b'-- Up-to-date: /home/ros2_ws/install/realsense2_camera_msgs/share/realsense2_camera_msgs/rust/src/msg.rs\n'}
[1.127685] (realsense2_camera_msgs) StdoutLine: {'line': b'-- Up-to-date: /home/ros2_ws/install/realsense2_camera_msgs/share/realsense2_camera_msgs/msg/IMUInfo.idl\n'}
[1.127900] (realsense2_camera_msgs) StdoutLine: {'line': b'-- Up-to-date: /home/ros2_ws/install/realsense2_camera_msgs/share/realsense2_camera_msgs/msg/Extrinsics.idl\n'}
[1.128108] (realsense2_camera_msgs) StdoutLine: {'line': b'-- Up-to-date: /home/ros2_ws/install/realsense2_camera_msgs/share/realsense2_camera_msgs/msg/Metadata.idl\n'}
[1.128319] (realsense2_camera_msgs) StdoutLine: {'line': b'-- Up-to-date: /home/ros2_ws/install/realsense2_camera_msgs/share/realsense2_camera_msgs/srv/DeviceInfo.idl\n'}
[1.128528] (realsense2_camera_msgs) StdoutLine: {'line': b'-- Up-to-date: /home/ros2_ws/install/realsense2_camera_msgs/share/realsense2_camera_msgs/msg/IMUInfo.msg\n'}
[1.128775] (realsense2_camera_msgs) StdoutLine: {'line': b'-- Up-to-date: /home/ros2_ws/install/realsense2_camera_msgs/share/realsense2_camera_msgs/msg/Extrinsics.msg\n'}
[1.128998] (realsense2_camera_msgs) StdoutLine: {'line': b'-- Up-to-date: /home/ros2_ws/install/realsense2_camera_msgs/share/realsense2_camera_msgs/msg/Metadata.msg\n'}
[1.129206] (realsense2_camera_msgs) StdoutLine: {'line': b'-- Up-to-date: /home/ros2_ws/install/realsense2_camera_msgs/share/realsense2_camera_msgs/srv/DeviceInfo.srv\n'}
[1.129465] (realsense2_camera_msgs) StdoutLine: {'line': b'-- Up-to-date: /home/ros2_ws/install/realsense2_camera_msgs/share/realsense2_camera_msgs/srv/DeviceInfo_Request.msg\n'}
[1.129675] (realsense2_camera_msgs) StdoutLine: {'line': b'-- Up-to-date: /home/ros2_ws/install/realsense2_camera_msgs/share/realsense2_camera_msgs/srv/DeviceInfo_Response.msg\n'}
[1.129881] (realsense2_camera_msgs) StdoutLine: {'line': b'-- Up-to-date: /home/ros2_ws/install/realsense2_camera_msgs/share/ament_index/resource_index/package_run_dependencies/realsense2_camera_msgs\n'}
[1.130087] (realsense2_camera_msgs) StdoutLine: {'line': b'-- Up-to-date: /home/ros2_ws/install/realsense2_camera_msgs/share/ament_index/resource_index/parent_prefix_path/realsense2_camera_msgs\n'}
[1.130296] (realsense2_camera_msgs) StdoutLine: {'line': b'-- Up-to-date: /home/ros2_ws/install/realsense2_camera_msgs/share/realsense2_camera_msgs/environment/ament_prefix_path.sh\n'}
[1.130501] (realsense2_camera_msgs) StdoutLine: {'line': b'-- Up-to-date: /home/ros2_ws/install/realsense2_camera_msgs/share/realsense2_camera_msgs/environment/ament_prefix_path.dsv\n'}
[1.130705] (realsense2_camera_msgs) StdoutLine: {'line': b'-- Up-to-date: /home/ros2_ws/install/realsense2_camera_msgs/share/realsense2_camera_msgs/environment/path.sh\n'}
[1.130908] (realsense2_camera_msgs) StdoutLine: {'line': b'-- Up-to-date: /home/ros2_ws/install/realsense2_camera_msgs/share/realsense2_camera_msgs/environment/path.dsv\n'}
[1.131110] (realsense2_camera_msgs) StdoutLine: {'line': b'-- Up-to-date: /home/ros2_ws/install/realsense2_camera_msgs/share/realsense2_camera_msgs/local_setup.bash\n'}
[1.131312] (realsense2_camera_msgs) StdoutLine: {'line': b'-- Up-to-date: /home/ros2_ws/install/realsense2_camera_msgs/share/realsense2_camera_msgs/local_setup.sh\n'}
[1.131537] (realsense2_camera_msgs) StdoutLine: {'line': b'-- Up-to-date: /home/ros2_ws/install/realsense2_camera_msgs/share/realsense2_camera_msgs/local_setup.zsh\n'}
[1.131741] (realsense2_camera_msgs) StdoutLine: {'line': b'-- Up-to-date: /home/ros2_ws/install/realsense2_camera_msgs/share/realsense2_camera_msgs/local_setup.dsv\n'}
[1.132106] (realsense2_camera_msgs) StdoutLine: {'line': b'-- Installing: /home/ros2_ws/install/realsense2_camera_msgs/share/realsense2_camera_msgs/package.dsv\n'}
[1.133902] (realsense2_camera_msgs) StdoutLine: {'line': b'-- Up-to-date: /home/ros2_ws/install/realsense2_camera_msgs/share/ament_index/resource_index/packages/realsense2_camera_msgs\n'}
[1.135175] (realsense2_camera_msgs) StdoutLine: {'line': b'-- Up-to-date: /home/ros2_ws/install/realsense2_camera_msgs/share/realsense2_camera_msgs/cmake/export_realsense2_camera_msgs__rosidl_generator_cExport.cmake\n'}
[1.135829] (realsense2_camera_msgs) StdoutLine: {'line': b'-- Up-to-date: /home/ros2_ws/install/realsense2_camera_msgs/share/realsense2_camera_msgs/cmake/export_realsense2_camera_msgs__rosidl_generator_cExport-release.cmake\n'}
[1.136173] (realsense2_camera_msgs) StdoutLine: {'line': b'-- Up-to-date: /home/ros2_ws/install/realsense2_camera_msgs/share/realsense2_camera_msgs/cmake/export_realsense2_camera_msgs__rosidl_typesupport_fastrtps_cExport.cmake\n'}
[1.136500] (realsense2_camera_msgs) StdoutLine: {'line': b'-- Up-to-date: /home/ros2_ws/install/realsense2_camera_msgs/share/realsense2_camera_msgs/cmake/export_realsense2_camera_msgs__rosidl_typesupport_fastrtps_cExport-release.cmake\n'}
[1.137429] (realsense2_camera_msgs) StdoutLine: {'line': b'-- Up-to-date: /home/ros2_ws/install/realsense2_camera_msgs/share/realsense2_camera_msgs/cmake/realsense2_camera_msgs__rosidl_typesupport_introspection_cExport.cmake\n'}
[1.137993] (realsense2_camera_msgs) StdoutLine: {'line': b'-- Up-to-date: /home/ros2_ws/install/realsense2_camera_msgs/share/realsense2_camera_msgs/cmake/realsense2_camera_msgs__rosidl_typesupport_introspection_cExport-release.cmake\n'}
[1.138307] (realsense2_camera_msgs) StdoutLine: {'line': b'-- Up-to-date: /home/ros2_ws/install/realsense2_camera_msgs/share/realsense2_camera_msgs/cmake/realsense2_camera_msgs__rosidl_typesupport_cExport.cmake\n'}
[1.139305] (realsense2_camera_msgs) StdoutLine: {'line': b'-- Up-to-date: /home/ros2_ws/install/realsense2_camera_msgs/share/realsense2_camera_msgs/cmake/realsense2_camera_msgs__rosidl_typesupport_cExport-release.cmake\n'}
[1.139824] (realsense2_camera_msgs) StdoutLine: {'line': b'-- Up-to-date: /home/ros2_ws/install/realsense2_camera_msgs/share/realsense2_camera_msgs/cmake/export_realsense2_camera_msgs__rosidl_generator_cppExport.cmake\n'}
[1.140357] (realsense2_camera_msgs) StdoutLine: {'line': b'-- Up-to-date: /home/ros2_ws/install/realsense2_camera_msgs/share/realsense2_camera_msgs/cmake/export_realsense2_camera_msgs__rosidl_typesupport_fastrtps_cppExport.cmake\n'}
[1.140597] (realsense2_camera_msgs) StdoutLine: {'line': b'-- Up-to-date: /home/ros2_ws/install/realsense2_camera_msgs/share/realsense2_camera_msgs/cmake/export_realsense2_camera_msgs__rosidl_typesupport_fastrtps_cppExport-release.cmake\n'}
[1.141126] (realsense2_camera_msgs) StdoutLine: {'line': b'-- Up-to-date: /home/ros2_ws/install/realsense2_camera_msgs/share/realsense2_camera_msgs/cmake/realsense2_camera_msgs__rosidl_typesupport_introspection_cppExport.cmake\n'}
[1.141451] (realsense2_camera_msgs) StdoutLine: {'line': b'-- Up-to-date: /home/ros2_ws/install/realsense2_camera_msgs/share/realsense2_camera_msgs/cmake/realsense2_camera_msgs__rosidl_typesupport_introspection_cppExport-release.cmake\n'}
[1.142045] (realsense2_camera_msgs) StdoutLine: {'line': b'-- Up-to-date: /home/ros2_ws/install/realsense2_camera_msgs/share/realsense2_camera_msgs/cmake/realsense2_camera_msgs__rosidl_typesupport_cppExport.cmake\n'}
[1.142334] (realsense2_camera_msgs) StdoutLine: {'line': b'-- Up-to-date: /home/ros2_ws/install/realsense2_camera_msgs/share/realsense2_camera_msgs/cmake/realsense2_camera_msgs__rosidl_typesupport_cppExport-release.cmake\n'}
[1.142940] (realsense2_camera_msgs) StdoutLine: {'line': b'-- Up-to-date: /home/ros2_ws/install/realsense2_camera_msgs/share/realsense2_camera_msgs/cmake/export_realsense2_camera_msgs__rosidl_generator_pyExport.cmake\n'}
[1.143329] (realsense2_camera_msgs) StdoutLine: {'line': b'-- Up-to-date: /home/ros2_ws/install/realsense2_camera_msgs/share/realsense2_camera_msgs/cmake/export_realsense2_camera_msgs__rosidl_generator_pyExport-release.cmake\n'}
[1.143886] (realsense2_camera_msgs) StdoutLine: {'line': b'-- Up-to-date: /home/ros2_ws/install/realsense2_camera_msgs/share/realsense2_camera_msgs/cmake/rosidl_cmake-extras.cmake\n'}
[1.144199] (realsense2_camera_msgs) StdoutLine: {'line': b'-- Up-to-date: /home/ros2_ws/install/realsense2_camera_msgs/share/realsense2_camera_msgs/cmake/ament_cmake_export_dependencies-extras.cmake\n'}
[1.144772] (realsense2_camera_msgs) StdoutLine: {'line': b'-- Up-to-date: /home/ros2_ws/install/realsense2_camera_msgs/share/realsense2_camera_msgs/cmake/ament_cmake_export_include_directories-extras.cmake\n'}
[1.145040] (realsense2_camera_msgs) StdoutLine: {'line': b'-- Up-to-date: /home/ros2_ws/install/realsense2_camera_msgs/share/realsense2_camera_msgs/cmake/ament_cmake_export_libraries-extras.cmake\n'}
[1.145881] (realsense2_camera_msgs) StdoutLine: {'line': b'-- Up-to-date: /home/ros2_ws/install/realsense2_camera_msgs/share/realsense2_camera_msgs/cmake/ament_cmake_export_targets-extras.cmake\n'}
[1.146442] (realsense2_camera_msgs) StdoutLine: {'line': b'-- Up-to-date: /home/ros2_ws/install/realsense2_camera_msgs/share/realsense2_camera_msgs/cmake/rosidl_cmake_export_typesupport_targets-extras.cmake\n'}
[1.147069] (realsense2_camera_msgs) StdoutLine: {'line': b'-- Up-to-date: /home/ros2_ws/install/realsense2_camera_msgs/share/realsense2_camera_msgs/cmake/rosidl_cmake_export_typesupport_libraries-extras.cmake\n'}
[1.147628] (realsense2_camera_msgs) StdoutLine: {'line': b'-- Up-to-date: /home/ros2_ws/install/realsense2_camera_msgs/share/realsense2_camera_msgs/cmake/realsense2_camera_msgsConfig.cmake\n'}
[1.148126] (realsense2_camera_msgs) StdoutLine: {'line': b'-- Up-to-date: /home/ros2_ws/install/realsense2_camera_msgs/share/realsense2_camera_msgs/cmake/realsense2_camera_msgsConfig-version.cmake\n'}
[1.148572] (realsense2_camera_msgs) StdoutLine: {'line': b'-- Up-to-date: /home/ros2_ws/install/realsense2_camera_msgs/share/realsense2_camera_msgs/package.xml\n'}
[1.148923] (realsense2_camera_msgs) CommandEnded: {'returncode': 0}
[1.202895] (-) TimerEvent: {}
[1.243134] (realsense2_camera_msgs) JobEnded: {'identifier': 'realsense2_camera_msgs', 'rc': 0}
[1.246435] (realsense2_camera) JobStarted: {'identifier': 'realsense2_camera'}
[1.270462] (realsense2_camera) JobProgress: {'identifier': 'realsense2_camera', 'progress': 'cmake'}
[1.272376] (realsense2_camera) JobProgress: {'identifier': 'realsense2_camera', 'progress': 'build'}
[1.273299] (realsense2_camera) Command: {'cmd': ['/usr/bin/cmake', '--build', '/home/ros2_ws/build/realsense2_camera'], 'cwd': '/home/ros2_ws/build/realsense2_camera', 'env': OrderedDict([('CMAKE_BUILD_PARALLEL_LEVEL', '3'), ('HOSTNAME', 'xterra-orin'), ('SHLVL', '1'), ('LD_LIBRARY_PATH', '/home/ros2_ws/install/realsense2_camera_msgs/lib:/home/ros2_ws/install/xterra_perception_api/lib:/home/ros2_ws/install/xterra/lib:/home/ros2_ws/install/realsense2_camera/lib:/home/ros2_ws/install/livox_ros_driver2/lib:/opt/ros/humble/opt/rviz_ogre_vendor/lib:/opt/ros/humble/lib/aarch64-linux-gnu:/opt/ros/humble/lib:/usr/local/lib:/home/ros/install/lib'), ('HOME', '/root'), ('OLDPWD', '/home/ros2_ws'), ('ROS_PYTHON_VERSION', '3'), ('MAKEFLAGS', '-j3'), ('COLCON_PREFIX_PATH', '/home/ros2_ws/install'), ('ROS_DISTRO', 'humble'), ('_', '/usr/bin/colcon'), ('ROS_VERSION', '2'), ('NVIDIA_DRIVER_CAPABILITIES', 'all'), ('OrbbecSDK_DIR', '/usr/local/lib/cmake/OrbbecSDK'), ('ROS_LOCALHOST_ONLY', '0'), ('QT_X11_NO_MITSHM', '1'), ('PATH', '/opt/ros/humble/bin:/home/ros/install/bin:/usr/local/sbin:/usr/local/bin:/usr/sbin:/usr/bin:/sbin:/bin'), ('DISPLAY', ''), ('LANG', 'C.UTF-8'), ('RMW_IMPLEMENTATION', 'rmw_cyclonedds_cpp'), ('CYCLONEDDS_HOME', '/home/ros/install'), ('ROS_DOMAIN_ID', '0'), ('AMENT_PREFIX_PATH', '/home/ros2_ws/install/xterra_perception_api:/home/ros2_ws/install/xterra:/home/ros2_ws/install/m2_metal_description:/home/ros2_ws/install/sensor_description:/home/ros2_ws/install/realsense2_camera:/home/ros2_ws/install/realsense2_camera_msgs:/home/ros2_ws/install/livox_ros_driver2:/opt/ros/humble'), ('DEBIAN_FRONTEND', 'noninteractive'), ('PWD', '/home/ros2_ws/build/realsense2_camera'), ('LC_ALL', 'C.UTF-8'), ('PYTHONPATH', '/home/ros2_ws/install/xterra/local/lib/python3.10/dist-packages:/home/ros2_ws/install/realsense2_camera_msgs/local/lib/python3.10/dist-packages:/home/ros2_ws/install/livox_ros_driver2/local/lib/python3.10/dist-packages:/opt/ros/humble/lib/python3.10/site-packages:/opt/ros/humble/local/lib/python3.10/dist-packages'), ('NVIDIA_VISIBLE_DEVICES', 'all'), ('COLCON', '1'), ('CMAKE_PREFIX_PATH', '/home/ros2_ws/install/realsense2_camera_msgs:/home/ros2_ws/install/xterra_perception_api:/home/ros2_ws/install/xterra:/home/ros2_ws/install/m2_metal_description:/home/ros2_ws/install/sensor_description:/home/ros2_ws/install/realsense2_camera:/home/ros2_ws/install/livox_ros_driver2:/opt/OrbbecSDK_v2.4.11/lib:/opt/ros/humble')]), 'shell': False}
[1.303004] (-) TimerEvent: {}
[1.403421] (-) TimerEvent: {}
[1.430997] (realsense2_camera) StdoutLine: {'line': b'[ 12%] Built target realsense2_camera_node\n'}
[1.483393] (realsense2_camera) StdoutLine: {'line': b'[100%] Built target realsense2_camera\n'}
[1.503467] (-) TimerEvent: {}
[1.510768] (realsense2_camera) CommandEnded: {'returncode': 0}
[1.513103] (realsense2_camera) JobProgress: {'identifier': 'realsense2_camera', 'progress': 'install'}
[1.514207] (realsense2_camera) Command: {'cmd': ['/usr/bin/cmake', '--install', '/home/ros2_ws/build/realsense2_camera'], 'cwd': '/home/ros2_ws/build/realsense2_camera', 'env': OrderedDict([('CMAKE_BUILD_PARALLEL_LEVEL', '3'), ('HOSTNAME', 'xterra-orin'), ('SHLVL', '1'), ('LD_LIBRARY_PATH', '/home/ros2_ws/install/realsense2_camera_msgs/lib:/home/ros2_ws/install/xterra_perception_api/lib:/home/ros2_ws/install/xterra/lib:/home/ros2_ws/install/realsense2_camera/lib:/home/ros2_ws/install/livox_ros_driver2/lib:/opt/ros/humble/opt/rviz_ogre_vendor/lib:/opt/ros/humble/lib/aarch64-linux-gnu:/opt/ros/humble/lib:/usr/local/lib:/home/ros/install/lib'), ('HOME', '/root'), ('OLDPWD', '/home/ros2_ws'), ('ROS_PYTHON_VERSION', '3'), ('MAKEFLAGS', '-j3'), ('COLCON_PREFIX_PATH', '/home/ros2_ws/install'), ('ROS_DISTRO', 'humble'), ('_', '/usr/bin/colcon'), ('ROS_VERSION', '2'), ('NVIDIA_DRIVER_CAPABILITIES', 'all'), ('OrbbecSDK_DIR', '/usr/local/lib/cmake/OrbbecSDK'), ('ROS_LOCALHOST_ONLY', '0'), ('QT_X11_NO_MITSHM', '1'), ('PATH', '/opt/ros/humble/bin:/home/ros/install/bin:/usr/local/sbin:/usr/local/bin:/usr/sbin:/usr/bin:/sbin:/bin'), ('DISPLAY', ''), ('LANG', 'C.UTF-8'), ('RMW_IMPLEMENTATION', 'rmw_cyclonedds_cpp'), ('CYCLONEDDS_HOME', '/home/ros/install'), ('ROS_DOMAIN_ID', '0'), ('AMENT_PREFIX_PATH', '/home/ros2_ws/install/xterra_perception_api:/home/ros2_ws/install/xterra:/home/ros2_ws/install/m2_metal_description:/home/ros2_ws/install/sensor_description:/home/ros2_ws/install/realsense2_camera:/home/ros2_ws/install/realsense2_camera_msgs:/home/ros2_ws/install/livox_ros_driver2:/opt/ros/humble'), ('DEBIAN_FRONTEND', 'noninteractive'), ('PWD', '/home/ros2_ws/build/realsense2_camera'), ('LC_ALL', 'C.UTF-8'), ('PYTHONPATH', '/home/ros2_ws/install/xterra/local/lib/python3.10/dist-packages:/home/ros2_ws/install/realsense2_camera_msgs/local/lib/python3.10/dist-packages:/home/ros2_ws/install/livox_ros_driver2/local/lib/python3.10/dist-packages:/opt/ros/humble/lib/python3.10/site-packages:/opt/ros/humble/local/lib/python3.10/dist-packages'), ('NVIDIA_VISIBLE_DEVICES', 'all'), ('COLCON', '1'), ('CMAKE_PREFIX_PATH', '/home/ros2_ws/install/realsense2_camera_msgs:/home/ros2_ws/install/xterra_perception_api:/home/ros2_ws/install/xterra:/home/ros2_ws/install/m2_metal_description:/home/ros2_ws/install/sensor_description:/home/ros2_ws/install/realsense2_camera:/home/ros2_ws/install/livox_ros_driver2:/opt/OrbbecSDK_v2.4.11/lib:/opt/ros/humble')]), 'shell': False}
[1.539869] (realsense2_camera) StdoutLine: {'line': b'-- Install configuration: "Release"\n'}
[1.540350] (realsense2_camera) StdoutLine: {'line': b'-- Up-to-date: /home/ros2_ws/install/realsense2_camera/lib/realsense2_camera/realsense2_camera_node\n'}
[1.540863] (realsense2_camera) StdoutLine: {'line': b'-- Up-to-date: /home/ros2_ws/install/realsense2_camera/lib/librealsense2_camera.so\n'}
[1.542046] (realsense2_camera) StdoutLine: {'line': b'-- Up-to-date: /home/ros2_ws/install/realsense2_camera/include\n'}
[1.543329] (realsense2_camera) StdoutLine: {'line': b'-- Up-to-date: /home/ros2_ws/install/realsense2_camera/include/ros_utils.h\n'}
[1.543568] (realsense2_camera) StdoutLine: {'line': b'-- Up-to-date: /home/ros2_ws/install/realsense2_camera/include/ros_param_backend.h\n'}
[1.544068] (realsense2_camera) StdoutLine: {'line': b'-- Up-to-date: /home/ros2_ws/install/realsense2_camera/include/realsense_node_factory.h\n'}
[1.544652] (realsense2_camera) StdoutLine: {'line': b'-- Up-to-date: /home/ros2_ws/install/realsense2_camera/include/dynamic_params.h\n'}
[1.544936] (realsense2_camera) StdoutLine: {'line': b'-- Up-to-date: /home/ros2_ws/install/realsense2_camera/include/sensor_params.h\n'}
[1.545159] (realsense2_camera) StdoutLine: {'line': b'-- Up-to-date: /home/ros2_ws/install/realsense2_camera/include/named_filter.h\n'}
[1.545374] (realsense2_camera) StdoutLine: {'line': b'-- Up-to-date: /home/ros2_ws/install/realsense2_camera/include/image_publisher.h\n'}
[1.545583] (realsense2_camera) StdoutLine: {'line': b'-- Up-to-date: /home/ros2_ws/install/realsense2_camera/include/base_realsense_node.h\n'}
[1.545792] (realsense2_camera) StdoutLine: {'line': b'-- Up-to-date: /home/ros2_ws/install/realsense2_camera/include/ros_sensor.h\n'}
[1.545996] (realsense2_camera) StdoutLine: {'line': b'-- Up-to-date: /home/ros2_ws/install/realsense2_camera/include/constants.h\n'}
[1.546199] (realsense2_camera) StdoutLine: {'line': b'-- Up-to-date: /home/ros2_ws/install/realsense2_camera/include/profile_manager.h\n'}
[1.546403] (realsense2_camera) StdoutLine: {'line': b'-- Up-to-date: /home/ros2_ws/install/realsense2_camera/share/realsense2_camera/launch\n'}
[1.546606] (realsense2_camera) StdoutLine: {'line': b'-- Up-to-date: /home/ros2_ws/install/realsense2_camera/share/realsense2_camera/launch/default.rviz\n'}
[1.546848] (realsense2_camera) StdoutLine: {'line': b'-- Up-to-date: /home/ros2_ws/install/realsense2_camera/share/realsense2_camera/launch/rs_launch.py\n'}
[1.547535] (realsense2_camera) StdoutLine: {'line': b'-- Up-to-date: /home/ros2_ws/install/realsense2_camera/share/realsense2_camera/launch/rs_intra_process_demo_launch.py\n'}
[1.548812] (realsense2_camera) StdoutLine: {'line': b'-- Up-to-date: /home/ros2_ws/install/realsense2_camera/share/realsense2_camera/launch/rs_multi_camera_launch.py\n'}
[1.550748] (realsense2_camera) StdoutLine: {'line': b'-- Up-to-date: /home/ros2_ws/install/realsense2_camera/share/realsense2_camera/environment/library_path.sh\n'}
[1.551259] (realsense2_camera) StdoutLine: {'line': b'-- Up-to-date: /home/ros2_ws/install/realsense2_camera/share/realsense2_camera/environment/library_path.dsv\n'}
[1.551711] (realsense2_camera) StdoutLine: {'line': b'-- Up-to-date: /home/ros2_ws/install/realsense2_camera/share/ament_index/resource_index/package_run_dependencies/realsense2_camera\n'}
[1.552022] (realsense2_camera) StdoutLine: {'line': b'-- Up-to-date: /home/ros2_ws/install/realsense2_camera/share/ament_index/resource_index/parent_prefix_path/realsense2_camera\n'}
[1.552347] (realsense2_camera) StdoutLine: {'line': b'-- Up-to-date: /home/ros2_ws/install/realsense2_camera/share/realsense2_camera/environment/ament_prefix_path.sh\n'}
[1.552902] (realsense2_camera) StdoutLine: {'line': b'-- Up-to-date: /home/ros2_ws/install/realsense2_camera/share/realsense2_camera/environment/ament_prefix_path.dsv\n'}
[1.553420] (realsense2_camera) StdoutLine: {'line': b'-- Up-to-date: /home/ros2_ws/install/realsense2_camera/share/realsense2_camera/environment/path.sh\n'}
[1.554091] (realsense2_camera) StdoutLine: {'line': b'-- Up-to-date: /home/ros2_ws/install/realsense2_camera/share/realsense2_camera/environment/path.dsv\n'}
[1.554386] (realsense2_camera) StdoutLine: {'line': b'-- Up-to-date: /home/ros2_ws/install/realsense2_camera/share/realsense2_camera/local_setup.bash\n'}
[1.554855] (realsense2_camera) StdoutLine: {'line': b'-- Up-to-date: /home/ros2_ws/install/realsense2_camera/share/realsense2_camera/local_setup.sh\n'}
[1.555535] (realsense2_camera) StdoutLine: {'line': b'-- Up-to-date: /home/ros2_ws/install/realsense2_camera/share/realsense2_camera/local_setup.zsh\n'}
[1.555984] (realsense2_camera) StdoutLine: {'line': b'-- Up-to-date: /home/ros2_ws/install/realsense2_camera/share/realsense2_camera/local_setup.dsv\n'}
[1.556411] (realsense2_camera) StdoutLine: {'line': b'-- Installing: /home/ros2_ws/install/realsense2_camera/share/realsense2_camera/package.dsv\n'}
[1.556780] (realsense2_camera) StdoutLine: {'line': b'-- Up-to-date: /home/ros2_ws/install/realsense2_camera/share/ament_index/resource_index/packages/realsense2_camera\n'}
[1.557018] (realsense2_camera) StdoutLine: {'line': b'-- Up-to-date: /home/ros2_ws/install/realsense2_camera/share/ament_index/resource_index/rclcpp_components/realsense2_camera\n'}
[1.557234] (realsense2_camera) StdoutLine: {'line': b'-- Up-to-date: /home/ros2_ws/install/realsense2_camera/share/realsense2_camera/cmake/ament_cmake_export_include_directories-extras.cmake\n'}
[1.557447] (realsense2_camera) StdoutLine: {'line': b'-- Up-to-date: /home/ros2_ws/install/realsense2_camera/share/realsense2_camera/cmake/ament_cmake_export_libraries-extras.cmake\n'}
[1.557817] (realsense2_camera) StdoutLine: {'line': b'-- Up-to-date: /home/ros2_ws/install/realsense2_camera/share/realsense2_camera/cmake/ament_cmake_export_dependencies-extras.cmake\n'}
[1.558215] (realsense2_camera) StdoutLine: {'line': b'-- Up-to-date: /home/ros2_ws/install/realsense2_camera/share/realsense2_camera/cmake/realsense2_cameraConfig.cmake\n'}
[1.558644] (realsense2_camera) StdoutLine: {'line': b'-- Up-to-date: /home/ros2_ws/install/realsense2_camera/share/realsense2_camera/cmake/realsense2_cameraConfig-version.cmake\n'}
[1.559035] (realsense2_camera) StdoutLine: {'line': b'-- Up-to-date: /home/ros2_ws/install/realsense2_camera/share/realsense2_camera/package.xml\n'}
[1.559393] (realsense2_camera) CommandEnded: {'returncode': 0}
[1.603887] (-) TimerEvent: {}
[1.620990] (realsense2_camera) JobEnded: {'identifier': 'realsense2_camera', 'rc': 0}
[1.623606] (-) EventReactorShutdown: {}
