[0.000000] (-) TimerEvent: {}
[0.000343] (-) JobUnselected: {'identifier': 'cyclonedds'}
[0.000675] (-) JobUnselected: {'identifier': 'livox_ros_driver2'}
[0.001286] (-) JobUnselected: {'identifier': 'm2_metal_description'}
[0.001583] (-) JobUnselected: {'identifier': 'orbbec_camera'}
[0.001876] (-) JobUnselected: {'identifier': 'orbbec_camera_msgs'}
[0.001973] (-) JobUnselected: {'identifier': 'orbbec_description'}
[0.002050] (-) JobUnselected: {'identifier': 'realsense2_camera'}
[0.002121] (-) JobUnselected: {'identifier': 'realsense2_camera_msgs'}
[0.002191] (-) JobUnselected: {'identifier': 'realsense2_description'}
[0.002279] (-) JobUnselected: {'identifier': 'sensor_description'}
[0.002367] (xterra) JobQueued: {'identifier': 'xterra', 'dependencies': OrderedDict()}
[0.002452] (xterra) JobStarted: {'identifier': 'xterra'}
[0.025308] (xterra) JobProgress: {'identifier': 'xterra', 'progress': 'cmake'}
[0.028444] (xterra) JobProgress: {'identifier': 'xterra', 'progress': 'build'}
[0.029806] (xterra) Command: {'cmd': ['/usr/bin/cmake', '--build', '/home/ros2_ws/build/xterra'], 'cwd': '/home/ros2_ws/build/xterra', 'env': OrderedDict([('CMAKE_BUILD_PARALLEL_LEVEL', '3'), ('HOSTNAME', 'xterra-orin'), ('SHLVL', '1'), ('LD_LIBRARY_PATH', '/home/ros2_ws/install/xterra_perception_api/lib:/home/ros2_ws/install/xterra/lib:/home/ros2_ws/install/realsense2_camera/lib:/home/ros2_ws/install/realsense2_camera_msgs/lib:/home/ros2_ws/install/livox_ros_driver2/lib:/opt/ros/humble/opt/rviz_ogre_vendor/lib:/opt/ros/humble/lib/aarch64-linux-gnu:/opt/ros/humble/lib:/usr/local/lib:/home/ros/install/lib'), ('HOME', '/root'), ('OLDPWD', '/home/ros2_ws'), ('ROS_PYTHON_VERSION', '3'), ('MAKEFLAGS', '-j3'), ('COLCON_PREFIX_PATH', '/home/ros2_ws/install'), ('ROS_DISTRO', 'humble'), ('_', '/usr/bin/colcon'), ('ROS_VERSION', '2'), ('NVIDIA_DRIVER_CAPABILITIES', 'all'), ('OrbbecSDK_DIR', '/usr/local/lib/cmake/OrbbecSDK'), ('ROS_LOCALHOST_ONLY', '0'), ('QT_X11_NO_MITSHM', '1'), ('PATH', '/opt/ros/humble/bin:/home/ros/install/bin:/usr/local/sbin:/usr/local/bin:/usr/sbin:/usr/bin:/sbin:/bin'), ('DISPLAY', ''), ('LANG', 'C.UTF-8'), ('RMW_IMPLEMENTATION', 'rmw_cyclonedds_cpp'), ('CYCLONEDDS_HOME', '/home/ros/install'), ('ROS_DOMAIN_ID', '0'), ('AMENT_PREFIX_PATH', '/home/ros2_ws/install/xterra_perception_api:/home/ros2_ws/install/xterra:/home/ros2_ws/install/m2_metal_description:/home/ros2_ws/install/sensor_description:/home/ros2_ws/install/realsense2_camera:/home/ros2_ws/install/realsense2_camera_msgs:/home/ros2_ws/install/livox_ros_driver2:/opt/ros/humble'), ('DEBIAN_FRONTEND', 'noninteractive'), ('PWD', '/home/ros2_ws/build/xterra'), ('LC_ALL', 'C.UTF-8'), ('PYTHONPATH', '/home/ros2_ws/install/xterra/local/lib/python3.10/dist-packages:/home/ros2_ws/install/realsense2_camera_msgs/local/lib/python3.10/dist-packages:/home/ros2_ws/install/livox_ros_driver2/local/lib/python3.10/dist-packages:/opt/ros/humble/lib/python3.10/site-packages:/opt/ros/humble/local/lib/python3.10/dist-packages'), ('NVIDIA_VISIBLE_DEVICES', 'all'), ('COLCON', '1'), ('CMAKE_PREFIX_PATH', '/home/ros2_ws/install/xterra_perception_api:/home/ros2_ws/install/xterra:/home/ros2_ws/install/m2_metal_description:/home/ros2_ws/install/sensor_description:/home/ros2_ws/install/realsense2_camera:/home/ros2_ws/install/realsense2_camera_msgs:/home/ros2_ws/install/livox_ros_driver2:/opt/OrbbecSDK_v2.4.11/lib::/opt/ros/humble')]), 'shell': False}
[0.099553] (-) TimerEvent: {}
[0.102313] (xterra) StdoutLine: {'line': b'-- Found ament_cmake: 1.3.14 (/opt/ros/humble/share/ament_cmake/cmake)\n'}
[0.199991] (-) TimerEvent: {}
[0.300679] (-) TimerEvent: {}
[0.401263] (-) TimerEvent: {}
[0.447564] (xterra) StdoutLine: {'line': b'-- Found rclcpp: 16.0.19 (/opt/ros/humble/share/rclcpp/cmake)\n'}
[0.501475] (-) TimerEvent: {}
[0.537329] (xterra) StdoutLine: {'line': b'-- Found rosidl_generator_c: 3.1.8 (/opt/ros/humble/share/rosidl_generator_c/cmake)\n'}
[0.542972] (xterra) StdoutLine: {'line': b'-- Found rosidl_adapter: 3.1.8 (/opt/ros/humble/share/rosidl_adapter/cmake)\n'}
[0.556881] (xterra) StdoutLine: {'line': b'-- Found rosidl_generator_cpp: 3.1.8 (/opt/ros/humble/share/rosidl_generator_cpp/cmake)\n'}
[0.577581] (xterra) StdoutLine: {'line': b'-- Using all available rosidl_typesupport_c: rosidl_typesupport_fastrtps_c;rosidl_typesupport_introspection_c\n'}
[0.601548] (-) TimerEvent: {}
[0.604547] (xterra) StdoutLine: {'line': b'-- Using all available rosidl_typesupport_cpp: rosidl_typesupport_fastrtps_cpp;rosidl_typesupport_introspection_cpp\n'}
[0.673621] (xterra) StdoutLine: {'line': b'-- Found rmw_implementation_cmake: 6.1.2 (/opt/ros/humble/share/rmw_implementation_cmake/cmake)\n'}
[0.676893] (xterra) StdoutLine: {'line': b'-- Found rmw_cyclonedds_cpp: 1.3.4 (/opt/ros/humble/share/rmw_cyclonedds_cpp/cmake)\n'}
[0.701692] (-) TimerEvent: {}
[0.715772] (xterra) StdoutLine: {'line': b"-- Using RMW implementation 'rmw_cyclonedds_cpp' as default\n"}
[0.801838] (-) TimerEvent: {}
[0.848918] (xterra) StderrLine: {'line': b'CMake Error at CMakeLists.txt:21 (find_package):\n'}
[0.849452] (xterra) StderrLine: {'line': b'  By not providing "Findgazebo_ros.cmake" in CMAKE_MODULE_PATH this project\n'}
[0.849673] (xterra) StderrLine: {'line': b'  has asked CMake to find a package configuration file provided by\n'}
[0.849822] (xterra) StderrLine: {'line': b'  "gazebo_ros", but CMake did not find one.\n'}
[0.849961] (xterra) StderrLine: {'line': b'\n'}
[0.850092] (xterra) StderrLine: {'line': b'  Could not find a package configuration file provided by "gazebo_ros" with\n'}
[0.850224] (xterra) StderrLine: {'line': b'  any of the following names:\n'}
[0.850389] (xterra) StderrLine: {'line': b'\n'}
[0.850520] (xterra) StderrLine: {'line': b'    gazebo_rosConfig.cmake\n'}
[0.850648] (xterra) StderrLine: {'line': b'    gazebo_ros-config.cmake\n'}
[0.850774] (xterra) StderrLine: {'line': b'\n'}
[0.850895] (xterra) StderrLine: {'line': b'  Add the installation prefix of "gazebo_ros" to CMAKE_PREFIX_PATH or set\n'}
[0.851121] (xterra) StderrLine: {'line': b'  "gazebo_ros_DIR" to a directory containing one of the above files.  If\n'}
[0.851305] (xterra) StderrLine: {'line': b'  "gazebo_ros" provides a separate development package or SDK, be sure it has\n'}
[0.851475] (xterra) StderrLine: {'line': b'  been installed.\n'}
[0.851655] (xterra) StderrLine: {'line': b'\n'}
[0.851783] (xterra) StderrLine: {'line': b'\n'}
[0.851907] (xterra) StdoutLine: {'line': b'-- Configuring incomplete, errors occurred!\n'}
[0.852087] (xterra) StdoutLine: {'line': b'See also "/home/ros2_ws/build/xterra/CMakeFiles/CMakeOutput.log".\n'}
[0.865666] (xterra) StderrLine: {'line': b'gmake: *** [Makefile:3555: cmake_check_build_system] Error 1\n'}
[0.871081] (xterra) CommandEnded: {'returncode': 2}
[0.902016] (-) TimerEvent: {}
[0.938160] (xterra) JobEnded: {'identifier': 'xterra', 'rc': 2}
[0.941929] (-) EventReactorShutdown: {}
