-- Install configuration: ""
-- Up-to-date: /home/ros2_ws/install/sensor_description/share/sensor_description//meshes
-- Up-to-date: /home/ros2_ws/install/sensor_description/share/sensor_description//meshes/r200.jpg
-- Up-to-date: /home/ros2_ws/install/sensor_description/share/sensor_description//meshes/lydar.STL
-- Up-to-date: /home/ros2_ws/install/sensor_description/share/sensor_description//meshes/d415.stl
-- Up-to-date: /home/ros2_ws/install/sensor_description/share/sensor_description//meshes/rplidar-a2.stl
-- Up-to-date: /home/ros2_ws/install/sensor_description/share/sensor_description//meshes/lds.stl
-- Up-to-date: /home/ros2_ws/install/sensor_description/share/sensor_description//meshes/astra.dae
-- Up-to-date: /home/ros2_ws/install/sensor_description/share/sensor_description//meshes/plug_collision.stl
-- Up-to-date: /home/ros2_ws/install/sensor_description/share/sensor_description//meshes/gemini335_336
-- Up-to-date: /home/ros2_ws/install/sensor_description/share/sensor_description//meshes/gemini335_336/camera_color_frame.STL
-- Up-to-date: /home/ros2_ws/install/sensor_description/share/sensor_description//meshes/gemini335_336/camera_infra_1_optical_frame.STL
-- Up-to-date: /home/ros2_ws/install/sensor_description/share/sensor_description//meshes/gemini335_336/camera_depth_frame.STL
-- Up-to-date: /home/ros2_ws/install/sensor_description/share/sensor_description//meshes/gemini335_336/camera_infra2_optical_frame.STL
-- Up-to-date: /home/ros2_ws/install/sensor_description/share/sensor_description//meshes/gemini335_336/camera_depth_optical_frame.STL
-- Up-to-date: /home/ros2_ws/install/sensor_description/share/sensor_description//meshes/gemini335_336/camera_color_optical_frame.STL
-- Up-to-date: /home/ros2_ws/install/sensor_description/share/sensor_description//meshes/gemini335_336/camera_link.STL
-- Up-to-date: /home/ros2_ws/install/sensor_description/share/sensor_description//meshes/gemini335_336/camera_infra2_frame.STL
-- Up-to-date: /home/ros2_ws/install/sensor_description/share/sensor_description//meshes/gemini335_336/camera_infra_1_frame.STL
-- Up-to-date: /home/ros2_ws/install/sensor_description/share/sensor_description//meshes/gemini335_336/camera_bottom_screw_frame.STL
-- Up-to-date: /home/ros2_ws/install/sensor_description/share/sensor_description//meshes/rplidar.dae
-- Up-to-date: /home/ros2_ws/install/sensor_description/share/sensor_description//meshes/r200.dae
-- Up-to-date: /home/ros2_ws/install/sensor_description/share/sensor_description//meshes/t265.stl
-- Up-to-date: /home/ros2_ws/install/sensor_description/share/sensor_description//meshes/rplidar2.dae
-- Up-to-date: /home/ros2_ws/install/sensor_description/share/sensor_description//meshes/d435.dae
-- Up-to-date: /home/ros2_ws/install/sensor_description/share/sensor_description//meshes/astra.jpg
-- Up-to-date: /home/ros2_ws/install/sensor_description/share/sensor_description//meshes/plug.stl
-- Up-to-date: /home/ros2_ws/install/sensor_description/share/sensor_description//xacro
-- Up-to-date: /home/ros2_ws/install/sensor_description/share/sensor_description//xacro/threeD_lidar.xacro
-- Up-to-date: /home/ros2_ws/install/sensor_description/share/sensor_description//xacro/gemini_335.xacro
-- Up-to-date: /home/ros2_ws/install/sensor_description/share/sensor_description//xacro/livox_mid360.xacro
-- Up-to-date: /home/ros2_ws/install/sensor_description/share/sensor_description//xacro/d435.urdf.xacro
-- Up-to-date: /home/ros2_ws/install/sensor_description/share/sensor_description//xacro/rgbd_cam.xacro
-- Up-to-date: /home/ros2_ws/install/sensor_description/share/sensor_description//xacro/d435.gazebo.xacro
-- Up-to-date: /home/ros2_ws/install/sensor_description/share/sensor_description//xacro/twoD_lidar.xacro
-- Up-to-date: /home/ros2_ws/install/sensor_description/share/ament_index/resource_index/package_run_dependencies/sensor_description
-- Up-to-date: /home/ros2_ws/install/sensor_description/share/ament_index/resource_index/parent_prefix_path/sensor_description
-- Up-to-date: /home/ros2_ws/install/sensor_description/share/sensor_description/environment/ament_prefix_path.sh
-- Up-to-date: /home/ros2_ws/install/sensor_description/share/sensor_description/environment/ament_prefix_path.dsv
-- Up-to-date: /home/ros2_ws/install/sensor_description/share/sensor_description/environment/path.sh
-- Up-to-date: /home/ros2_ws/install/sensor_description/share/sensor_description/environment/path.dsv
-- Up-to-date: /home/ros2_ws/install/sensor_description/share/sensor_description/local_setup.bash
-- Up-to-date: /home/ros2_ws/install/sensor_description/share/sensor_description/local_setup.sh
-- Up-to-date: /home/ros2_ws/install/sensor_description/share/sensor_description/local_setup.zsh
-- Up-to-date: /home/ros2_ws/install/sensor_description/share/sensor_description/local_setup.dsv
-- Up-to-date: /home/ros2_ws/install/sensor_description/share/sensor_description/package.dsv
-- Up-to-date: /home/ros2_ws/install/sensor_description/share/ament_index/resource_index/packages/sensor_description
-- Up-to-date: /home/ros2_ws/install/sensor_description/share/sensor_description/cmake/sensor_descriptionConfig.cmake
-- Up-to-date: /home/ros2_ws/install/sensor_description/share/sensor_description/cmake/sensor_descriptionConfig-version.cmake
-- Up-to-date: /home/ros2_ws/install/sensor_description/share/sensor_description/package.xml
