[0.000000] (-) TimerEvent: {}
[0.000199] (-) JobUnselected: {'identifier': 'cyclonedds'}
[0.000406] (-) JobUnselected: {'identifier': 'livox_ros_driver2'}
[0.000726] (-) JobUnselected: {'identifier': 'orbbec_camera'}
[0.001327] (-) JobUnselected: {'identifier': 'orbbec_camera_msgs'}
[0.001603] (-) JobUnselected: {'identifier': 'orbbec_description'}
[0.001917] (-) JobUnselected: {'identifier': 'realsense2_camera'}
[0.002017] (-) JobUnselected: {'identifier': 'realsense2_camera_msgs'}
[0.002096] (-) JobUnselected: {'identifier': 'realsense2_description'}
[0.002169] (-) JobUnselected: {'identifier': 'sensor_description'}
[0.002246] (m2_metal_description) JobQueued: {'identifier': 'm2_metal_description', 'dependencies': OrderedDict([('sensor_description', '/home/ros2_ws/install/sensor_description')])}
[0.002337] (m2_metal_description) JobStarted: {'identifier': 'm2_metal_description'}
[0.027869] (m2_metal_description) JobProgress: {'identifier': 'm2_metal_description', 'progress': 'cmake'}
[0.031805] (m2_metal_description) JobProgress: {'identifier': 'm2_metal_description', 'progress': 'build'}
[0.033181] (m2_metal_description) Command: {'cmd': ['/usr/bin/cmake', '--build', '/home/ros2_ws/build/m2_metal_description'], 'cwd': '/home/ros2_ws/build/m2_metal_description', 'env': OrderedDict([('CMAKE_BUILD_PARALLEL_LEVEL', '3'), ('HOSTNAME', 'xterra-orin'), ('SHLVL', '1'), ('LD_LIBRARY_PATH', '/home/ros2_ws/install/xterra_perception_api/lib:/home/ros2_ws/install/xterra/lib:/home/ros2_ws/install/realsense2_camera/lib:/home/ros2_ws/install/realsense2_camera_msgs/lib:/home/ros2_ws/install/livox_ros_driver2/lib:/opt/ros/humble/opt/rviz_ogre_vendor/lib:/opt/ros/humble/lib/aarch64-linux-gnu:/opt/ros/humble/lib:/usr/local/lib:'), ('HOME', '/root'), ('OLDPWD', '/home/ros2_ws'), ('ROS_PYTHON_VERSION', '3'), ('MAKEFLAGS', '-j3'), ('COLCON_PREFIX_PATH', '/home/ros2_ws/install'), ('ROS_DISTRO', 'humble'), ('_', '/usr/bin/colcon'), ('ROS_VERSION', '2'), ('NVIDIA_DRIVER_CAPABILITIES', 'all'), ('OrbbecSDK_DIR', '/usr/local/lib/cmake/OrbbecSDK'), ('ROS_LOCALHOST_ONLY', '0'), ('QT_X11_NO_MITSHM', '1'), ('PATH', '/opt/ros/humble/bin:/usr/local/sbin:/usr/local/bin:/usr/sbin:/usr/bin:/sbin:/bin'), ('DISPLAY', ''), ('LANG', 'C.UTF-8'), ('RMW_IMPLEMENTATION', 'rmw_cyclonedds_cpp'), ('ROS_DOMAIN_ID', '0'), ('AMENT_PREFIX_PATH', '/home/ros2_ws/install/xterra_perception_api:/home/ros2_ws/install/xterra:/home/ros2_ws/install/m2_metal_description:/home/ros2_ws/install/sensor_description:/home/ros2_ws/install/realsense2_camera:/home/ros2_ws/install/realsense2_camera_msgs:/home/ros2_ws/install/livox_ros_driver2:/opt/ros/humble'), ('DEBIAN_FRONTEND', 'noninteractive'), ('PWD', '/home/ros2_ws/build/m2_metal_description'), ('LC_ALL', 'C.UTF-8'), ('PYTHONPATH', '/home/ros2_ws/install/xterra/local/lib/python3.10/dist-packages:/home/ros2_ws/install/realsense2_camera_msgs/local/lib/python3.10/dist-packages:/home/ros2_ws/install/livox_ros_driver2/local/lib/python3.10/dist-packages:/opt/ros/humble/lib/python3.10/site-packages:/opt/ros/humble/local/lib/python3.10/dist-packages'), ('NVIDIA_VISIBLE_DEVICES', 'all'), ('COLCON', '1'), ('CMAKE_PREFIX_PATH', '/home/ros2_ws/install/sensor_description:/home/ros2_ws/install/xterra_perception_api:/home/ros2_ws/install/xterra:/home/ros2_ws/install/m2_metal_description:/home/ros2_ws/install/realsense2_camera:/home/ros2_ws/install/realsense2_camera_msgs:/home/ros2_ws/install/livox_ros_driver2:/opt/OrbbecSDK_v2.4.11/lib:/opt/ros/humble')]), 'shell': False}
[0.099313] (-) TimerEvent: {}
[0.154401] (m2_metal_description) CommandEnded: {'returncode': 0}
[0.159388] (m2_metal_description) JobProgress: {'identifier': 'm2_metal_description', 'progress': 'install'}
[0.187137] (m2_metal_description) Command: {'cmd': ['/usr/bin/cmake', '--install', '/home/ros2_ws/build/m2_metal_description'], 'cwd': '/home/ros2_ws/build/m2_metal_description', 'env': OrderedDict([('CMAKE_BUILD_PARALLEL_LEVEL', '3'), ('HOSTNAME', 'xterra-orin'), ('SHLVL', '1'), ('LD_LIBRARY_PATH', '/home/ros2_ws/install/xterra_perception_api/lib:/home/ros2_ws/install/xterra/lib:/home/ros2_ws/install/realsense2_camera/lib:/home/ros2_ws/install/realsense2_camera_msgs/lib:/home/ros2_ws/install/livox_ros_driver2/lib:/opt/ros/humble/opt/rviz_ogre_vendor/lib:/opt/ros/humble/lib/aarch64-linux-gnu:/opt/ros/humble/lib:/usr/local/lib:'), ('HOME', '/root'), ('OLDPWD', '/home/ros2_ws'), ('ROS_PYTHON_VERSION', '3'), ('MAKEFLAGS', '-j3'), ('COLCON_PREFIX_PATH', '/home/ros2_ws/install'), ('ROS_DISTRO', 'humble'), ('_', '/usr/bin/colcon'), ('ROS_VERSION', '2'), ('NVIDIA_DRIVER_CAPABILITIES', 'all'), ('OrbbecSDK_DIR', '/usr/local/lib/cmake/OrbbecSDK'), ('ROS_LOCALHOST_ONLY', '0'), ('QT_X11_NO_MITSHM', '1'), ('PATH', '/opt/ros/humble/bin:/usr/local/sbin:/usr/local/bin:/usr/sbin:/usr/bin:/sbin:/bin'), ('DISPLAY', ''), ('LANG', 'C.UTF-8'), ('RMW_IMPLEMENTATION', 'rmw_cyclonedds_cpp'), ('ROS_DOMAIN_ID', '0'), ('AMENT_PREFIX_PATH', '/home/ros2_ws/install/xterra_perception_api:/home/ros2_ws/install/xterra:/home/ros2_ws/install/m2_metal_description:/home/ros2_ws/install/sensor_description:/home/ros2_ws/install/realsense2_camera:/home/ros2_ws/install/realsense2_camera_msgs:/home/ros2_ws/install/livox_ros_driver2:/opt/ros/humble'), ('DEBIAN_FRONTEND', 'noninteractive'), ('PWD', '/home/ros2_ws/build/m2_metal_description'), ('LC_ALL', 'C.UTF-8'), ('PYTHONPATH', '/home/ros2_ws/install/xterra/local/lib/python3.10/dist-packages:/home/ros2_ws/install/realsense2_camera_msgs/local/lib/python3.10/dist-packages:/home/ros2_ws/install/livox_ros_driver2/local/lib/python3.10/dist-packages:/opt/ros/humble/lib/python3.10/site-packages:/opt/ros/humble/local/lib/python3.10/dist-packages'), ('NVIDIA_VISIBLE_DEVICES', 'all'), ('COLCON', '1'), ('CMAKE_PREFIX_PATH', '/home/ros2_ws/install/sensor_description:/home/ros2_ws/install/xterra_perception_api:/home/ros2_ws/install/xterra:/home/ros2_ws/install/m2_metal_description:/home/ros2_ws/install/realsense2_camera:/home/ros2_ws/install/realsense2_camera_msgs:/home/ros2_ws/install/livox_ros_driver2:/opt/OrbbecSDK_v2.4.11/lib:/opt/ros/humble')]), 'shell': False}
[0.199389] (-) TimerEvent: {}
[0.215581] (m2_metal_description) StdoutLine: {'line': b'-- Install configuration: ""\n'}
[0.216143] (m2_metal_description) StdoutLine: {'line': b'-- Up-to-date: /home/ros2_ws/install/m2_metal_description/share/m2_metal_description//launch\n'}
[0.217429] (m2_metal_description) StdoutLine: {'line': b'-- Up-to-date: /home/ros2_ws/install/m2_metal_description/share/m2_metal_description//launch/m2_autonomy.launch.py\n'}
[0.217601] (m2_metal_description) StdoutLine: {'line': b'-- Up-to-date: /home/ros2_ws/install/m2_metal_description/share/m2_metal_description//meshes\n'}
[0.218190] (m2_metal_description) StdoutLine: {'line': b'-- Up-to-date: /home/ros2_ws/install/m2_metal_description/share/m2_metal_description//meshes/torso.STL\n'}
[0.218339] (m2_metal_description) StdoutLine: {'line': b'-- Up-to-date: /home/ros2_ws/install/m2_metal_description/share/m2_metal_description//meshes/FL_foot.STL\n'}
[0.218780] (m2_metal_description) StdoutLine: {'line': b'-- Up-to-date: /home/ros2_ws/install/m2_metal_description/share/m2_metal_description//meshes/RL_thigh.STL\n'}
[0.219214] (m2_metal_description) StdoutLine: {'line': b'-- Up-to-date: /home/ros2_ws/install/m2_metal_description/share/m2_metal_description//meshes/FL_hip.STL\n'}
[0.219574] (m2_metal_description) StdoutLine: {'line': b'-- Up-to-date: /home/ros2_ws/install/m2_metal_description/share/m2_metal_description//meshes/lydar_mount_with_head.STL\n'}
[0.220372] (m2_metal_description) StdoutLine: {'line': b'-- Up-to-date: /home/ros2_ws/install/m2_metal_description/share/m2_metal_description//meshes/RR_hip.STL\n'}
[0.220624] (m2_metal_description) StdoutLine: {'line': b'-- Up-to-date: /home/ros2_ws/install/m2_metal_description/share/m2_metal_description//meshes/FL_shank.STL\n'}
[0.220768] (m2_metal_description) StdoutLine: {'line': b'-- Up-to-date: /home/ros2_ws/install/m2_metal_description/share/m2_metal_description//meshes/FL_thigh.STL\n'}
[0.220909] (m2_metal_description) StdoutLine: {'line': b'-- Up-to-date: /home/ros2_ws/install/m2_metal_description/share/m2_metal_description//meshes/FR_hip.STL\n'}
[0.221071] (m2_metal_description) StdoutLine: {'line': b'-- Up-to-date: /home/ros2_ws/install/m2_metal_description/share/m2_metal_description//meshes/RL_hip.STL\n'}
[0.221211] (m2_metal_description) StdoutLine: {'line': b'-- Up-to-date: /home/ros2_ws/install/m2_metal_description/share/m2_metal_description//meshes/FR_foot.STL\n'}
[0.221350] (m2_metal_description) StdoutLine: {'line': b'-- Up-to-date: /home/ros2_ws/install/m2_metal_description/share/m2_metal_description//meshes/RR_calf.STL\n'}
[0.221792] (m2_metal_description) StdoutLine: {'line': b'-- Up-to-date: /home/ros2_ws/install/m2_metal_description/share/m2_metal_description//meshes/camera_mount_15deg..STL\n'}
[0.221940] (m2_metal_description) StdoutLine: {'line': b'-- Up-to-date: /home/ros2_ws/install/m2_metal_description/share/m2_metal_description//meshes/FR_shank.STL\n'}
[0.222080] (m2_metal_description) StdoutLine: {'line': b'-- Up-to-date: /home/ros2_ws/install/m2_metal_description/share/m2_metal_description//meshes/FR_thigh.STL\n'}
[0.222216] (m2_metal_description) StdoutLine: {'line': b'-- Up-to-date: /home/ros2_ws/install/m2_metal_description/share/m2_metal_description//meshes/M2_METAL_HEAD_2026.STL\n'}
[0.222352] (m2_metal_description) StdoutLine: {'line': b'-- Up-to-date: /home/ros2_ws/install/m2_metal_description/share/m2_metal_description//meshes/RR_foot.STL\n'}
[0.222487] (m2_metal_description) StdoutLine: {'line': b'-- Up-to-date: /home/ros2_ws/install/m2_metal_description/share/m2_metal_description//meshes/FR_calf.STL\n'}
[0.222620] (m2_metal_description) StdoutLine: {'line': b'-- Up-to-date: /home/ros2_ws/install/m2_metal_description/share/m2_metal_description//meshes/RL_calf.STL\n'}
[0.222792] (m2_metal_description) StdoutLine: {'line': b'-- Up-to-date: /home/ros2_ws/install/m2_metal_description/share/m2_metal_description//meshes/RR_thigh.STL\n'}
[0.222949] (m2_metal_description) StdoutLine: {'line': b'-- Up-to-date: /home/ros2_ws/install/m2_metal_description/share/m2_metal_description//meshes/RL_foot.STL\n'}
[0.223081] (m2_metal_description) StdoutLine: {'line': b'-- Up-to-date: /home/ros2_ws/install/m2_metal_description/share/m2_metal_description//meshes/FL_calf.STL\n'}
[0.223204] (m2_metal_description) StdoutLine: {'line': b'-- Up-to-date: /home/ros2_ws/install/m2_metal_description/share/m2_metal_description//config\n'}
[0.223326] (m2_metal_description) StdoutLine: {'line': b'-- Up-to-date: /home/ros2_ws/install/m2_metal_description/share/m2_metal_description//config/m2_metal_payload.rviz\n'}
[0.223448] (m2_metal_description) StdoutLine: {'line': b'-- Up-to-date: /home/ros2_ws/install/m2_metal_description/share/m2_metal_description//config/mapping.rviz\n'}
[0.223568] (m2_metal_description) StdoutLine: {'line': b'-- Up-to-date: /home/ros2_ws/install/m2_metal_description/share/m2_metal_description//config/nav2.rviz\n'}
[0.223686] (m2_metal_description) StdoutLine: {'line': b'-- Up-to-date: /home/ros2_ws/install/m2_metal_description/share/m2_metal_description//config/elevation_mapping.rviz\n'}
[0.223806] (m2_metal_description) StdoutLine: {'line': b'-- Up-to-date: /home/ros2_ws/install/m2_metal_description/share/m2_metal_description//config/elevation_mapping_sim.rviz\n'}
[0.223928] (m2_metal_description) StdoutLine: {'line': b'-- Up-to-date: /home/ros2_ws/install/m2_metal_description/share/m2_metal_description//config/acuracy_test.rviz\n'}
[0.224049] (m2_metal_description) StdoutLine: {'line': b'-- Up-to-date: /home/ros2_ws/install/m2_metal_description/share/m2_metal_description//config/m2_metal_rviz.rviz\n'}
[0.224173] (m2_metal_description) StdoutLine: {'line': b'-- Up-to-date: /home/ros2_ws/install/m2_metal_description/share/m2_metal_description//config/api_test.rviz\n'}
[0.224299] (m2_metal_description) StdoutLine: {'line': b'-- Up-to-date: /home/ros2_ws/install/m2_metal_description/share/m2_metal_description//worlds\n'}
[0.224419] (m2_metal_description) StdoutLine: {'line': b'-- Up-to-date: /home/ros2_ws/install/m2_metal_description/share/m2_metal_description//worlds/mujoco.world\n'}
[0.225275] (m2_metal_description) StdoutLine: {'line': b'-- Up-to-date: /home/ros2_ws/install/m2_metal_description/share/m2_metal_description//worlds/world4.world\n'}
[0.227029] (m2_metal_description) StdoutLine: {'line': b'-- Up-to-date: /home/ros2_ws/install/m2_metal_description/share/m2_metal_description//worlds/world3.world\n'}
[0.227519] (m2_metal_description) StdoutLine: {'line': b'-- Up-to-date: /home/ros2_ws/install/m2_metal_description/share/m2_metal_description//worlds/stair.world\n'}
[0.228226] (m2_metal_description) StdoutLine: {'line': b'-- Up-to-date: /home/ros2_ws/install/m2_metal_description/share/m2_metal_description//xacro\n'}
[0.228554] (m2_metal_description) StdoutLine: {'line': b'-- Up-to-date: /home/ros2_ws/install/m2_metal_description/share/m2_metal_description//xacro/materials.xacro\n'}
[0.229660] (m2_metal_description) StdoutLine: {'line': b'-- Up-to-date: /home/ros2_ws/install/m2_metal_description/share/m2_metal_description//xacro/leg.xacro\n'}
[0.229963] (m2_metal_description) StdoutLine: {'line': b'-- Up-to-date: /home/ros2_ws/install/m2_metal_description/share/m2_metal_description//xacro/robot.xacro\n'}
[0.230934] (m2_metal_description) StdoutLine: {'line': b'-- Up-to-date: /home/ros2_ws/install/m2_metal_description/share/m2_metal_description//xacro/const.xacro\n'}
[0.231416] (m2_metal_description) StdoutLine: {'line': b'-- Up-to-date: /home/ros2_ws/install/m2_metal_description/share/m2_metal_description//xacro/test_d435_camera.urdf.xacro\n'}
[0.231860] (m2_metal_description) StdoutLine: {'line': b'-- Up-to-date: /home/ros2_ws/install/m2_metal_description/share/m2_metal_description//xacro/gazebo.xacro\n'}
[0.232364] (m2_metal_description) StdoutLine: {'line': b'-- Up-to-date: /home/ros2_ws/install/m2_metal_description/share/ament_index/resource_index/package_run_dependencies/m2_metal_description\n'}
[0.232667] (m2_metal_description) StdoutLine: {'line': b'-- Up-to-date: /home/ros2_ws/install/m2_metal_description/share/ament_index/resource_index/parent_prefix_path/m2_metal_description\n'}
[0.233202] (m2_metal_description) StdoutLine: {'line': b'-- Up-to-date: /home/ros2_ws/install/m2_metal_description/share/m2_metal_description/environment/ament_prefix_path.sh\n'}
[0.233519] (m2_metal_description) StdoutLine: {'line': b'-- Up-to-date: /home/ros2_ws/install/m2_metal_description/share/m2_metal_description/environment/ament_prefix_path.dsv\n'}
[0.234063] (m2_metal_description) StdoutLine: {'line': b'-- Up-to-date: /home/ros2_ws/install/m2_metal_description/share/m2_metal_description/environment/path.sh\n'}
[0.234326] (m2_metal_description) StdoutLine: {'line': b'-- Up-to-date: /home/ros2_ws/install/m2_metal_description/share/m2_metal_description/environment/path.dsv\n'}
[0.234893] (m2_metal_description) StdoutLine: {'line': b'-- Up-to-date: /home/ros2_ws/install/m2_metal_description/share/m2_metal_description/local_setup.bash\n'}
[0.235184] (m2_metal_description) StdoutLine: {'line': b'-- Up-to-date: /home/ros2_ws/install/m2_metal_description/share/m2_metal_description/local_setup.sh\n'}
[0.235692] (m2_metal_description) StdoutLine: {'line': b'-- Up-to-date: /home/ros2_ws/install/m2_metal_description/share/m2_metal_description/local_setup.zsh\n'}
[0.235985] (m2_metal_description) StdoutLine: {'line': b'-- Up-to-date: /home/ros2_ws/install/m2_metal_description/share/m2_metal_description/local_setup.dsv\n'}
[0.236730] (m2_metal_description) StdoutLine: {'line': b'-- Installing: /home/ros2_ws/install/m2_metal_description/share/m2_metal_description/package.dsv\n'}
[0.237197] (m2_metal_description) StdoutLine: {'line': b'-- Up-to-date: /home/ros2_ws/install/m2_metal_description/share/ament_index/resource_index/packages/m2_metal_description\n'}
[0.238595] (m2_metal_description) StdoutLine: {'line': b'-- Up-to-date: /home/ros2_ws/install/m2_metal_description/share/m2_metal_description/cmake/m2_metal_descriptionConfig.cmake\n'}
[0.238996] (m2_metal_description) StdoutLine: {'line': b'-- Up-to-date: /home/ros2_ws/install/m2_metal_description/share/m2_metal_description/cmake/m2_metal_descriptionConfig-version.cmake\n'}
[0.239514] (m2_metal_description) StdoutLine: {'line': b'-- Up-to-date: /home/ros2_ws/install/m2_metal_description/share/m2_metal_description/package.xml\n'}
[0.239824] (m2_metal_description) CommandEnded: {'returncode': 0}
[0.299600] (-) TimerEvent: {}
[0.315397] (m2_metal_description) JobEnded: {'identifier': 'm2_metal_description', 'rc': 0}
[0.318153] (-) EventReactorShutdown: {}
