[0.000000] (-) TimerEvent: {}
[0.000333] (-) JobUnselected: {'identifier': 'cyclonedds'}
[0.000665] (-) JobUnselected: {'identifier': 'livox_ros_driver2'}
[0.001274] (-) JobUnselected: {'identifier': 'orbbec_camera'}
[0.001550] (-) JobUnselected: {'identifier': 'orbbec_camera_msgs'}
[0.001804] (-) JobUnselected: {'identifier': 'orbbec_description'}
[0.001901] (-) JobUnselected: {'identifier': 'realsense2_camera'}
[0.001980] (-) JobUnselected: {'identifier': 'realsense2_camera_msgs'}
[0.002052] (-) JobUnselected: {'identifier': 'realsense2_description'}
[0.002121] (-) JobUnselected: {'identifier': 'sensor_description'}
[0.002196] (-) JobUnselected: {'identifier': 'xterra'}
[0.002278] (m2_metal_description) JobQueued: {'identifier': 'm2_metal_description', 'dependencies': OrderedDict([('sensor_description', '/home/ros2_ws/install/sensor_description')])}
[0.002368] (m2_metal_description) JobStarted: {'identifier': 'm2_metal_description'}
[0.027978] (m2_metal_description) JobProgress: {'identifier': 'm2_metal_description', 'progress': 'cmake'}
[0.031914] (m2_metal_description) JobProgress: {'identifier': 'm2_metal_description', 'progress': 'build'}
[0.033334] (m2_metal_description) Command: {'cmd': ['/usr/bin/cmake', '--build', '/home/ros2_ws/build/m2_metal_description'], 'cwd': '/home/ros2_ws/build/m2_metal_description', 'env': OrderedDict([('CMAKE_BUILD_PARALLEL_LEVEL', '3'), ('HOSTNAME', 'xterra-orin'), ('SHLVL', '1'), ('LD_LIBRARY_PATH', '/home/ros2_ws/install/xterra_perception_api/lib:/home/ros2_ws/install/xterra/lib:/home/ros2_ws/install/realsense2_camera/lib:/home/ros2_ws/install/realsense2_camera_msgs/lib:/home/ros2_ws/install/livox_ros_driver2/lib:/opt/ros/humble/opt/rviz_ogre_vendor/lib:/opt/ros/humble/lib/aarch64-linux-gnu:/opt/ros/humble/lib:/usr/local/lib:/home/ros/install/lib'), ('HOME', '/root'), ('OLDPWD', '/home/ros2_ws'), ('ROS_PYTHON_VERSION', '3'), ('MAKEFLAGS', '-j3'), ('COLCON_PREFIX_PATH', '/home/ros2_ws/install'), ('ROS_DISTRO', 'humble'), ('_', '/usr/bin/colcon'), ('ROS_VERSION', '2'), ('NVIDIA_DRIVER_CAPABILITIES', 'all'), ('OrbbecSDK_DIR', '/usr/local/lib/cmake/OrbbecSDK'), ('ROS_LOCALHOST_ONLY', '0'), ('QT_X11_NO_MITSHM', '1'), ('PATH', '/opt/ros/humble/bin:/home/ros/install/bin:/usr/local/sbin:/usr/local/bin:/usr/sbin:/usr/bin:/sbin:/bin'), ('DISPLAY', ''), ('LANG', 'C.UTF-8'), ('RMW_IMPLEMENTATION', 'rmw_cyclonedds_cpp'), ('CYCLONEDDS_HOME', '/home/ros/install'), ('ROS_DOMAIN_ID', '0'), ('AMENT_PREFIX_PATH', '/home/ros2_ws/install/xterra_perception_api:/home/ros2_ws/install/xterra:/home/ros2_ws/install/m2_metal_description:/home/ros2_ws/install/sensor_description:/home/ros2_ws/install/realsense2_camera:/home/ros2_ws/install/realsense2_camera_msgs:/home/ros2_ws/install/livox_ros_driver2:/opt/ros/humble'), ('DEBIAN_FRONTEND', 'noninteractive'), ('PWD', '/home/ros2_ws/build/m2_metal_description'), ('LC_ALL', 'C.UTF-8'), ('PYTHONPATH', '/home/ros2_ws/install/xterra/local/lib/python3.10/dist-packages:/home/ros2_ws/install/realsense2_camera_msgs/local/lib/python3.10/dist-packages:/home/ros2_ws/install/livox_ros_driver2/local/lib/python3.10/dist-packages:/opt/ros/humble/lib/python3.10/site-packages:/opt/ros/humble/local/lib/python3.10/dist-packages'), ('NVIDIA_VISIBLE_DEVICES', 'all'), ('COLCON', '1'), ('CMAKE_PREFIX_PATH', '/home/ros2_ws/install/sensor_description:/home/ros2_ws/install/xterra_perception_api:/home/ros2_ws/install/xterra:/home/ros2_ws/install/m2_metal_description:/home/ros2_ws/install/realsense2_camera:/home/ros2_ws/install/realsense2_camera_msgs:/home/ros2_ws/install/livox_ros_driver2:/opt/OrbbecSDK_v2.4.11/lib:/opt/ros/humble')]), 'shell': False}
[0.099329] (-) TimerEvent: {}
[0.147932] (m2_metal_description) CommandEnded: {'returncode': 0}
[0.151544] (m2_metal_description) JobProgress: {'identifier': 'm2_metal_description', 'progress': 'install'}
[0.177612] (m2_metal_description) Command: {'cmd': ['/usr/bin/cmake', '--install', '/home/ros2_ws/build/m2_metal_description'], 'cwd': '/home/ros2_ws/build/m2_metal_description', 'env': OrderedDict([('CMAKE_BUILD_PARALLEL_LEVEL', '3'), ('HOSTNAME', 'xterra-orin'), ('SHLVL', '1'), ('LD_LIBRARY_PATH', '/home/ros2_ws/install/xterra_perception_api/lib:/home/ros2_ws/install/xterra/lib:/home/ros2_ws/install/realsense2_camera/lib:/home/ros2_ws/install/realsense2_camera_msgs/lib:/home/ros2_ws/install/livox_ros_driver2/lib:/opt/ros/humble/opt/rviz_ogre_vendor/lib:/opt/ros/humble/lib/aarch64-linux-gnu:/opt/ros/humble/lib:/usr/local/lib:/home/ros/install/lib'), ('HOME', '/root'), ('OLDPWD', '/home/ros2_ws'), ('ROS_PYTHON_VERSION', '3'), ('MAKEFLAGS', '-j3'), ('COLCON_PREFIX_PATH', '/home/ros2_ws/install'), ('ROS_DISTRO', 'humble'), ('_', '/usr/bin/colcon'), ('ROS_VERSION', '2'), ('NVIDIA_DRIVER_CAPABILITIES', 'all'), ('OrbbecSDK_DIR', '/usr/local/lib/cmake/OrbbecSDK'), ('ROS_LOCALHOST_ONLY', '0'), ('QT_X11_NO_MITSHM', '1'), ('PATH', '/opt/ros/humble/bin:/home/ros/install/bin:/usr/local/sbin:/usr/local/bin:/usr/sbin:/usr/bin:/sbin:/bin'), ('DISPLAY', ''), ('LANG', 'C.UTF-8'), ('RMW_IMPLEMENTATION', 'rmw_cyclonedds_cpp'), ('CYCLONEDDS_HOME', '/home/ros/install'), ('ROS_DOMAIN_ID', '0'), ('AMENT_PREFIX_PATH', '/home/ros2_ws/install/xterra_perception_api:/home/ros2_ws/install/xterra:/home/ros2_ws/install/m2_metal_description:/home/ros2_ws/install/sensor_description:/home/ros2_ws/install/realsense2_camera:/home/ros2_ws/install/realsense2_camera_msgs:/home/ros2_ws/install/livox_ros_driver2:/opt/ros/humble'), ('DEBIAN_FRONTEND', 'noninteractive'), ('PWD', '/home/ros2_ws/build/m2_metal_description'), ('LC_ALL', 'C.UTF-8'), ('PYTHONPATH', '/home/ros2_ws/install/xterra/local/lib/python3.10/dist-packages:/home/ros2_ws/install/realsense2_camera_msgs/local/lib/python3.10/dist-packages:/home/ros2_ws/install/livox_ros_driver2/local/lib/python3.10/dist-packages:/opt/ros/humble/lib/python3.10/site-packages:/opt/ros/humble/local/lib/python3.10/dist-packages'), ('NVIDIA_VISIBLE_DEVICES', 'all'), ('COLCON', '1'), ('CMAKE_PREFIX_PATH', '/home/ros2_ws/install/sensor_description:/home/ros2_ws/install/xterra_perception_api:/home/ros2_ws/install/xterra:/home/ros2_ws/install/m2_metal_description:/home/ros2_ws/install/realsense2_camera:/home/ros2_ws/install/realsense2_camera_msgs:/home/ros2_ws/install/livox_ros_driver2:/opt/OrbbecSDK_v2.4.11/lib:/opt/ros/humble')]), 'shell': False}
[0.199434] (-) TimerEvent: {}
[0.206267] (m2_metal_description) StdoutLine: {'line': b'-- Install configuration: ""\n'}
[0.207534] (m2_metal_description) StdoutLine: {'line': b'-- Up-to-date: /home/ros2_ws/install/m2_metal_description/share/m2_metal_description//launch\n'}
[0.208996] (m2_metal_description) StdoutLine: {'line': b'-- Up-to-date: /home/ros2_ws/install/m2_metal_description/share/m2_metal_description//launch/m2_autonomy.launch.py\n'}
[0.209191] (m2_metal_description) StdoutLine: {'line': b'-- Up-to-date: /home/ros2_ws/install/m2_metal_description/share/m2_metal_description//meshes\n'}
[0.209941] (m2_metal_description) StdoutLine: {'line': b'-- Up-to-date: /home/ros2_ws/install/m2_metal_description/share/m2_metal_description//meshes/torso.STL\n'}
[0.210142] (m2_metal_description) StdoutLine: {'line': b'-- Up-to-date: /home/ros2_ws/install/m2_metal_description/share/m2_metal_description//meshes/FL_foot.STL\n'}
[0.210290] (m2_metal_description) StdoutLine: {'line': b'-- Up-to-date: /home/ros2_ws/install/m2_metal_description/share/m2_metal_description//meshes/RL_thigh.STL\n'}
[0.210781] (m2_metal_description) StdoutLine: {'line': b'-- Up-to-date: /home/ros2_ws/install/m2_metal_description/share/m2_metal_description//meshes/FL_hip.STL\n'}
[0.210986] (m2_metal_description) StdoutLine: {'line': b'-- Up-to-date: /home/ros2_ws/install/m2_metal_description/share/m2_metal_description//meshes/lydar_mount_with_head.STL\n'}
[0.211158] (m2_metal_description) StdoutLine: {'line': b'-- Up-to-date: /home/ros2_ws/install/m2_metal_description/share/m2_metal_description//meshes/RR_hip.STL\n'}
[0.211764] (m2_metal_description) StdoutLine: {'line': b'-- Up-to-date: /home/ros2_ws/install/m2_metal_description/share/m2_metal_description//meshes/FL_shank.STL\n'}
[0.211966] (m2_metal_description) StdoutLine: {'line': b'-- Up-to-date: /home/ros2_ws/install/m2_metal_description/share/m2_metal_description//meshes/FL_thigh.STL\n'}
[0.212159] (m2_metal_description) StdoutLine: {'line': b'-- Up-to-date: /home/ros2_ws/install/m2_metal_description/share/m2_metal_description//meshes/FR_hip.STL\n'}
[0.212362] (m2_metal_description) StdoutLine: {'line': b'-- Up-to-date: /home/ros2_ws/install/m2_metal_description/share/m2_metal_description//meshes/RL_hip.STL\n'}
[0.212552] (m2_metal_description) StdoutLine: {'line': b'-- Up-to-date: /home/ros2_ws/install/m2_metal_description/share/m2_metal_description//meshes/FR_foot.STL\n'}
[0.212836] (m2_metal_description) StdoutLine: {'line': b'-- Up-to-date: /home/ros2_ws/install/m2_metal_description/share/m2_metal_description//meshes/RR_calf.STL\n'}
[0.213069] (m2_metal_description) StdoutLine: {'line': b'-- Up-to-date: /home/ros2_ws/install/m2_metal_description/share/m2_metal_description//meshes/camera_mount_15deg..STL\n'}
[0.213818] (m2_metal_description) StdoutLine: {'line': b'-- Up-to-date: /home/ros2_ws/install/m2_metal_description/share/m2_metal_description//meshes/FR_shank.STL\n'}
[0.214407] (m2_metal_description) StdoutLine: {'line': b'-- Up-to-date: /home/ros2_ws/install/m2_metal_description/share/m2_metal_description//meshes/FR_thigh.STL\n'}
[0.214568] (m2_metal_description) StdoutLine: {'line': b'-- Up-to-date: /home/ros2_ws/install/m2_metal_description/share/m2_metal_description//meshes/M2_METAL_HEAD_2026.STL\n'}
[0.214729] (m2_metal_description) StdoutLine: {'line': b'-- Up-to-date: /home/ros2_ws/install/m2_metal_description/share/m2_metal_description//meshes/RR_foot.STL\n'}
[0.214876] (m2_metal_description) StdoutLine: {'line': b'-- Up-to-date: /home/ros2_ws/install/m2_metal_description/share/m2_metal_description//meshes/FR_calf.STL\n'}
[0.215085] (m2_metal_description) StdoutLine: {'line': b'-- Up-to-date: /home/ros2_ws/install/m2_metal_description/share/m2_metal_description//meshes/RL_calf.STL\n'}
[0.215236] (m2_metal_description) StdoutLine: {'line': b'-- Up-to-date: /home/ros2_ws/install/m2_metal_description/share/m2_metal_description//meshes/RR_thigh.STL\n'}
[0.215415] (m2_metal_description) StdoutLine: {'line': b'-- Up-to-date: /home/ros2_ws/install/m2_metal_description/share/m2_metal_description//meshes/RL_foot.STL\n'}
[0.215714] (m2_metal_description) StdoutLine: {'line': b'-- Up-to-date: /home/ros2_ws/install/m2_metal_description/share/m2_metal_description//meshes/FL_calf.STL\n'}
[0.215890] (m2_metal_description) StdoutLine: {'line': b'-- Up-to-date: /home/ros2_ws/install/m2_metal_description/share/m2_metal_description//config\n'}
[0.216345] (m2_metal_description) StdoutLine: {'line': b'-- Up-to-date: /home/ros2_ws/install/m2_metal_description/share/m2_metal_description//config/m2_metal_payload.rviz\n'}
[0.216506] (m2_metal_description) StdoutLine: {'line': b'-- Up-to-date: /home/ros2_ws/install/m2_metal_description/share/m2_metal_description//config/mapping.rviz\n'}
[0.216662] (m2_metal_description) StdoutLine: {'line': b'-- Up-to-date: /home/ros2_ws/install/m2_metal_description/share/m2_metal_description//config/nav2.rviz\n'}
[0.216806] (m2_metal_description) StdoutLine: {'line': b'-- Up-to-date: /home/ros2_ws/install/m2_metal_description/share/m2_metal_description//config/elevation_mapping.rviz\n'}
[0.216985] (m2_metal_description) StdoutLine: {'line': b'-- Up-to-date: /home/ros2_ws/install/m2_metal_description/share/m2_metal_description//config/elevation_mapping_sim.rviz\n'}
[0.217145] (m2_metal_description) StdoutLine: {'line': b'-- Up-to-date: /home/ros2_ws/install/m2_metal_description/share/m2_metal_description//config/acuracy_test.rviz\n'}
[0.217288] (m2_metal_description) StdoutLine: {'line': b'-- Up-to-date: /home/ros2_ws/install/m2_metal_description/share/m2_metal_description//config/m2_metal_rviz.rviz\n'}
[0.217430] (m2_metal_description) StdoutLine: {'line': b'-- Up-to-date: /home/ros2_ws/install/m2_metal_description/share/m2_metal_description//config/api_test.rviz\n'}
[0.217571] (m2_metal_description) StdoutLine: {'line': b'-- Up-to-date: /home/ros2_ws/install/m2_metal_description/share/m2_metal_description//worlds\n'}
[0.217734] (m2_metal_description) StdoutLine: {'line': b'-- Up-to-date: /home/ros2_ws/install/m2_metal_description/share/m2_metal_description//worlds/mujoco.world\n'}
[0.217875] (m2_metal_description) StdoutLine: {'line': b'-- Up-to-date: /home/ros2_ws/install/m2_metal_description/share/m2_metal_description//worlds/world4.world\n'}
[0.218012] (m2_metal_description) StdoutLine: {'line': b'-- Up-to-date: /home/ros2_ws/install/m2_metal_description/share/m2_metal_description//worlds/world3.world\n'}
[0.218150] (m2_metal_description) StdoutLine: {'line': b'-- Up-to-date: /home/ros2_ws/install/m2_metal_description/share/m2_metal_description//worlds/stair.world\n'}
[0.218324] (m2_metal_description) StdoutLine: {'line': b'-- Up-to-date: /home/ros2_ws/install/m2_metal_description/share/m2_metal_description//xacro\n'}
[0.218576] (m2_metal_description) StdoutLine: {'line': b'-- Up-to-date: /home/ros2_ws/install/m2_metal_description/share/m2_metal_description//xacro/materials.xacro\n'}
[0.218860] (m2_metal_description) StdoutLine: {'line': b'-- Up-to-date: /home/ros2_ws/install/m2_metal_description/share/m2_metal_description//xacro/leg.xacro\n'}
[0.219408] (m2_metal_description) StdoutLine: {'line': b'-- Up-to-date: /home/ros2_ws/install/m2_metal_description/share/m2_metal_description//xacro/robot.xacro\n'}
[0.221046] (m2_metal_description) StdoutLine: {'line': b'-- Up-to-date: /home/ros2_ws/install/m2_metal_description/share/m2_metal_description//xacro/const.xacro\n'}
[0.221528] (m2_metal_description) StdoutLine: {'line': b'-- Up-to-date: /home/ros2_ws/install/m2_metal_description/share/m2_metal_description//xacro/test_d435_camera.urdf.xacro\n'}
[0.222126] (m2_metal_description) StdoutLine: {'line': b'-- Up-to-date: /home/ros2_ws/install/m2_metal_description/share/m2_metal_description//xacro/gazebo.xacro\n'}
[0.222547] (m2_metal_description) StdoutLine: {'line': b'-- Up-to-date: /home/ros2_ws/install/m2_metal_description/share/ament_index/resource_index/package_run_dependencies/m2_metal_description\n'}
[0.223645] (m2_metal_description) StdoutLine: {'line': b'-- Up-to-date: /home/ros2_ws/install/m2_metal_description/share/ament_index/resource_index/parent_prefix_path/m2_metal_description\n'}
[0.223994] (m2_metal_description) StdoutLine: {'line': b'-- Up-to-date: /home/ros2_ws/install/m2_metal_description/share/m2_metal_description/environment/ament_prefix_path.sh\n'}
[0.224915] (m2_metal_description) StdoutLine: {'line': b'-- Up-to-date: /home/ros2_ws/install/m2_metal_description/share/m2_metal_description/environment/ament_prefix_path.dsv\n'}
[0.225408] (m2_metal_description) StdoutLine: {'line': b'-- Up-to-date: /home/ros2_ws/install/m2_metal_description/share/m2_metal_description/environment/path.sh\n'}
[0.225874] (m2_metal_description) StdoutLine: {'line': b'-- Up-to-date: /home/ros2_ws/install/m2_metal_description/share/m2_metal_description/environment/path.dsv\n'}
[0.226429] (m2_metal_description) StdoutLine: {'line': b'-- Up-to-date: /home/ros2_ws/install/m2_metal_description/share/m2_metal_description/local_setup.bash\n'}
[0.226730] (m2_metal_description) StdoutLine: {'line': b'-- Up-to-date: /home/ros2_ws/install/m2_metal_description/share/m2_metal_description/local_setup.sh\n'}
[0.227325] (m2_metal_description) StdoutLine: {'line': b'-- Up-to-date: /home/ros2_ws/install/m2_metal_description/share/m2_metal_description/local_setup.zsh\n'}
[0.227635] (m2_metal_description) StdoutLine: {'line': b'-- Up-to-date: /home/ros2_ws/install/m2_metal_description/share/m2_metal_description/local_setup.dsv\n'}
[0.228181] (m2_metal_description) StdoutLine: {'line': b'-- Installing: /home/ros2_ws/install/m2_metal_description/share/m2_metal_description/package.dsv\n'}
[0.228479] (m2_metal_description) StdoutLine: {'line': b'-- Up-to-date: /home/ros2_ws/install/m2_metal_description/share/ament_index/resource_index/packages/m2_metal_description\n'}
[0.229074] (m2_metal_description) StdoutLine: {'line': b'-- Up-to-date: /home/ros2_ws/install/m2_metal_description/share/m2_metal_description/cmake/m2_metal_descriptionConfig.cmake\n'}
[0.229599] (m2_metal_description) StdoutLine: {'line': b'-- Up-to-date: /home/ros2_ws/install/m2_metal_description/share/m2_metal_description/cmake/m2_metal_descriptionConfig-version.cmake\n'}
[0.229959] (m2_metal_description) StdoutLine: {'line': b'-- Up-to-date: /home/ros2_ws/install/m2_metal_description/share/m2_metal_description/package.xml\n'}
[0.230860] (m2_metal_description) CommandEnded: {'returncode': 0}
[0.299728] (-) TimerEvent: {}
[0.309305] (m2_metal_description) JobEnded: {'identifier': 'm2_metal_description', 'rc': 0}
[0.311688] (-) EventReactorShutdown: {}
