[0.000000] (-) TimerEvent: {}
[0.000373] (-) JobUnselected: {'identifier': 'cyclonedds'}
[0.000774] (-) JobUnselected: {'identifier': 'dds_utils'}
[0.001546] (-) JobUnselected: {'identifier': 'livox_ros_driver2'}
[0.001928] (-) JobUnselected: {'identifier': 'm2_metal_description'}
[0.002414] (-) JobUnselected: {'identifier': 'orbbec_camera'}
[0.002553] (-) JobUnselected: {'identifier': 'orbbec_camera_msgs'}
[0.002645] (-) JobUnselected: {'identifier': 'orbbec_description'}
[0.002724] (-) JobUnselected: {'identifier': 'realsense2_camera'}
[0.002801] (-) JobUnselected: {'identifier': 'realsense2_camera_msgs'}
[0.002874] (-) JobUnselected: {'identifier': 'realsense2_description'}
[0.002957] (-) JobUnselected: {'identifier': 'sensor_description'}
[0.003036] (-) JobUnselected: {'identifier': 'xterra_perception_api'}
[0.003120] (xterra) JobQueued: {'identifier': 'xterra', 'dependencies': OrderedDict()}
[0.003211] (xterra) JobStarted: {'identifier': 'xterra'}
[0.033744] (xterra) JobProgress: {'identifier': 'xterra', 'progress': 'cmake'}
[0.057746] (xterra) JobProgress: {'identifier': 'xterra', 'progress': 'build'}
[0.060451] (xterra) Command: {'cmd': ['/usr/bin/cmake', '--build', '/home/ros2_ws/build/xterra'], 'cwd': '/home/ros2_ws/build/xterra', 'env': OrderedDict([('CMAKE_BUILD_PARALLEL_LEVEL', '3'), ('HOSTNAME', 'orin'), ('SHLVL', '1'), ('LD_LIBRARY_PATH', '/home/ros2_ws/install/xterra_perception_api/lib:/home/ros2_ws/install/xterra/lib:/home/ros2_ws/install/realsense2_camera/lib:/home/ros2_ws/install/realsense2_camera_msgs/lib:/home/ros2_ws/install/livox_ros_driver2/lib:/opt/ros/humble/lib/aarch64-linux-gnu:/opt/ros/humble/lib:/usr/local/lib:'), ('HOME', '/root'), ('OLDPWD', '/home/ros2_ws'), ('ROS_PYTHON_VERSION', '3'), ('MAKEFLAGS', '-j3'), ('COLCON_PREFIX_PATH', '/home/ros2_ws/install'), ('ROS_DISTRO', 'humble'), ('_', '/usr/bin/colcon'), ('ROS_VERSION', '2'), ('NVIDIA_DRIVER_CAPABILITIES', 'all'), ('OrbbecSDK_DIR', '/usr/local/lib/cmake/OrbbecSDK'), ('ROS_LOCALHOST_ONLY', '0'), ('QT_X11_NO_MITSHM', '1'), ('PATH', '/opt/ros/humble/bin:/usr/local/sbin:/usr/local/bin:/usr/sbin:/usr/bin:/sbin:/bin'), ('DISPLAY', ':1'), ('LANG', 'C.UTF-8'), ('RMW_IMPLEMENTATION', 'rmw_cyclonedds_cpp'), ('ROS_DOMAIN_ID', '0'), ('AMENT_PREFIX_PATH', '/home/ros2_ws/install/xterra_perception_api:/home/ros2_ws/install/xterra:/home/ros2_ws/install/m2_metal_description:/home/ros2_ws/install/sensor_description:/home/ros2_ws/install/realsense2_camera:/home/ros2_ws/install/realsense2_camera_msgs:/home/ros2_ws/install/livox_ros_driver2:/opt/ros/humble'), ('DEBIAN_FRONTEND', 'noninteractive'), ('PWD', '/home/ros2_ws/build/xterra'), ('LC_ALL', 'C.UTF-8'), ('PYTHONPATH', '/home/ros2_ws/install/xterra/local/lib/python3.10/dist-packages:/home/ros2_ws/install/realsense2_camera_msgs/local/lib/python3.10/dist-packages:/home/ros2_ws/install/livox_ros_driver2/local/lib/python3.10/dist-packages:/opt/ros/humble/lib/python3.10/site-packages:/opt/ros/humble/local/lib/python3.10/dist-packages'), ('NVIDIA_VISIBLE_DEVICES', 'all'), ('COLCON', '1'), ('CMAKE_PREFIX_PATH', '/home/ros2_ws/install/xterra_perception_api:/home/ros2_ws/install/xterra:/home/ros2_ws/install/m2_metal_description:/home/ros2_ws/install/sensor_description:/home/ros2_ws/install/realsense2_camera:/home/ros2_ws/install/realsense2_camera_msgs:/home/ros2_ws/install/livox_ros_driver2:/opt/OrbbecSDK_v2.4.11/lib::/opt/ros/humble')]), 'shell': False}
[0.099219] (-) TimerEvent: {}
[0.201068] (-) TimerEvent: {}
[0.301975] (-) TimerEvent: {}
[0.309762] (xterra) StdoutLine: {'line': b'Consolidate compiler generated dependencies of target xterra__rosidl_generator_c\n'}
[0.333324] (xterra) StdoutLine: {'line': b'[  0%] Built target xterra__cpp\n'}
[0.362463] (xterra) StdoutLine: {'line': b'[ 12%] Built target xterra__rosidl_generator_c\n'}
[0.402439] (-) TimerEvent: {}
[0.421909] (xterra) StdoutLine: {'line': b'[ 12%] Built target ament_cmake_python_copy_xterra\n'}
[0.448262] (xterra) StdoutLine: {'line': b'Consolidate compiler generated dependencies of target xterra__rosidl_typesupport_cpp\n'}
[0.465259] (xterra) StdoutLine: {'line': b'Consolidate compiler generated dependencies of target xterra__rosidl_typesupport_fastrtps_cpp\n'}
[0.503272] (xterra) StdoutLine: {'line': b'Consolidate compiler generated dependencies of target xterra__rosidl_typesupport_introspection_c\n'}
[0.504021] (-) TimerEvent: {}
[0.517229] (xterra) StdoutLine: {'line': b'[ 24%] Built target xterra__rosidl_typesupport_cpp\n'}
[0.519079] (xterra) StdoutLine: {'line': b'[ 36%] Built target xterra__rosidl_typesupport_fastrtps_cpp\n'}
[0.555685] (xterra) StdoutLine: {'line': b'[ 48%] Built target xterra__rosidl_typesupport_introspection_c\n'}
[0.569273] (xterra) StdoutLine: {'line': b'Consolidate compiler generated dependencies of target xterra__rosidl_typesupport_c\n'}
[0.601445] (xterra) StdoutLine: {'line': b'Consolidate compiler generated dependencies of target xterra__rosidl_typesupport_introspection_cpp\n'}
[0.604226] (-) TimerEvent: {}
[0.617941] (xterra) StdoutLine: {'line': b'[ 60%] Built target xterra__rosidl_typesupport_c\n'}
[0.659869] (xterra) StdoutLine: {'line': b'[ 72%] Built target xterra__rosidl_typesupport_introspection_cpp\n'}
[0.704650] (-) TimerEvent: {}
[0.726061] (xterra) StdoutLine: {'line': b'Consolidate compiler generated dependencies of target xterra__rosidl_typesupport_fastrtps_c\n'}
[0.766449] (xterra) StdoutLine: {'line': b'[ 84%] Built target xterra__rosidl_typesupport_fastrtps_c\n'}
[0.806138] (-) TimerEvent: {}
[0.851364] (xterra) StdoutLine: {'line': b'[ 84%] Built target xterra\n'}
[0.906275] (-) TimerEvent: {}
[0.914685] (xterra) StdoutLine: {'line': b'[ 85%] Built target xterra__py\n'}
[1.004251] (xterra) StdoutLine: {'line': b'Consolidate compiler generated dependencies of target xterra__rosidl_generator_py\n'}
[1.006386] (-) TimerEvent: {}
[1.052788] (xterra) StdoutLine: {'line': b'[ 96%] Built target xterra__rosidl_generator_py\n'}
[1.094895] (xterra) StdoutLine: {'line': b'Consolidate compiler generated dependencies of target xterra__rosidl_typesupport_fastrtps_c__pyext\n'}
[1.095371] (xterra) StdoutLine: {'line': b'Consolidate compiler generated dependencies of target xterra__rosidl_typesupport_introspection_c__pyext\n'}
[1.106549] (-) TimerEvent: {}
[1.107834] (xterra) StdoutLine: {'line': b'running egg_info\n'}
[1.110458] (xterra) StdoutLine: {'line': b'writing xterra.egg-info/PKG-INFO\n'}
[1.111228] (xterra) StdoutLine: {'line': b'writing dependency_links to xterra.egg-info/dependency_links.txt\n'}
[1.111470] (xterra) StdoutLine: {'line': b'writing top-level names to xterra.egg-info/top_level.txt\n'}
[1.117658] (xterra) StdoutLine: {'line': b"reading manifest file 'xterra.egg-info/SOURCES.txt'\n"}
[1.127140] (xterra) StdoutLine: {'line': b'[ 98%] Built target xterra__rosidl_typesupport_introspection_c__pyext\n'}
[1.145949] (xterra) StdoutLine: {'line': b'[ 99%] Built target xterra__rosidl_typesupport_fastrtps_c__pyext\n'}
[1.153298] (xterra) StdoutLine: {'line': b"writing manifest file 'xterra.egg-info/SOURCES.txt'\n"}
[1.195421] (xterra) StdoutLine: {'line': b'Consolidate compiler generated dependencies of target xterra__rosidl_typesupport_c__pyext\n'}
[1.206863] (-) TimerEvent: {}
[1.244105] (xterra) StdoutLine: {'line': b'[100%] Built target xterra__rosidl_typesupport_c__pyext\n'}
[1.276094] (xterra) StdoutLine: {'line': b'[100%] Built target ament_cmake_python_build_xterra_egg\n'}
[1.306972] (-) TimerEvent: {}
[1.308337] (xterra) CommandEnded: {'returncode': 0}
[1.312053] (xterra) JobProgress: {'identifier': 'xterra', 'progress': 'install'}
[1.334346] (xterra) Command: {'cmd': ['/usr/bin/cmake', '--install', '/home/ros2_ws/build/xterra'], 'cwd': '/home/ros2_ws/build/xterra', 'env': OrderedDict([('CMAKE_BUILD_PARALLEL_LEVEL', '3'), ('HOSTNAME', 'orin'), ('SHLVL', '1'), ('LD_LIBRARY_PATH', '/home/ros2_ws/install/xterra_perception_api/lib:/home/ros2_ws/install/xterra/lib:/home/ros2_ws/install/realsense2_camera/lib:/home/ros2_ws/install/realsense2_camera_msgs/lib:/home/ros2_ws/install/livox_ros_driver2/lib:/opt/ros/humble/lib/aarch64-linux-gnu:/opt/ros/humble/lib:/usr/local/lib:'), ('HOME', '/root'), ('OLDPWD', '/home/ros2_ws'), ('ROS_PYTHON_VERSION', '3'), ('MAKEFLAGS', '-j3'), ('COLCON_PREFIX_PATH', '/home/ros2_ws/install'), ('ROS_DISTRO', 'humble'), ('_', '/usr/bin/colcon'), ('ROS_VERSION', '2'), ('NVIDIA_DRIVER_CAPABILITIES', 'all'), ('OrbbecSDK_DIR', '/usr/local/lib/cmake/OrbbecSDK'), ('ROS_LOCALHOST_ONLY', '0'), ('QT_X11_NO_MITSHM', '1'), ('PATH', '/opt/ros/humble/bin:/usr/local/sbin:/usr/local/bin:/usr/sbin:/usr/bin:/sbin:/bin'), ('DISPLAY', ':1'), ('LANG', 'C.UTF-8'), ('RMW_IMPLEMENTATION', 'rmw_cyclonedds_cpp'), ('ROS_DOMAIN_ID', '0'), ('AMENT_PREFIX_PATH', '/home/ros2_ws/install/xterra_perception_api:/home/ros2_ws/install/xterra:/home/ros2_ws/install/m2_metal_description:/home/ros2_ws/install/sensor_description:/home/ros2_ws/install/realsense2_camera:/home/ros2_ws/install/realsense2_camera_msgs:/home/ros2_ws/install/livox_ros_driver2:/opt/ros/humble'), ('DEBIAN_FRONTEND', 'noninteractive'), ('PWD', '/home/ros2_ws/build/xterra'), ('LC_ALL', 'C.UTF-8'), ('PYTHONPATH', '/home/ros2_ws/install/xterra/local/lib/python3.10/dist-packages:/home/ros2_ws/install/realsense2_camera_msgs/local/lib/python3.10/dist-packages:/home/ros2_ws/install/livox_ros_driver2/local/lib/python3.10/dist-packages:/opt/ros/humble/lib/python3.10/site-packages:/opt/ros/humble/local/lib/python3.10/dist-packages'), ('NVIDIA_VISIBLE_DEVICES', 'all'), ('COLCON', '1'), ('CMAKE_PREFIX_PATH', '/home/ros2_ws/install/xterra_perception_api:/home/ros2_ws/install/xterra:/home/ros2_ws/install/m2_metal_description:/home/ros2_ws/install/sensor_description:/home/ros2_ws/install/realsense2_camera:/home/ros2_ws/install/realsense2_camera_msgs:/home/ros2_ws/install/livox_ros_driver2:/opt/OrbbecSDK_v2.4.11/lib::/opt/ros/humble')]), 'shell': False}
[1.357580] (xterra) StdoutLine: {'line': b'-- Install configuration: ""\n'}
[1.359085] (xterra) StdoutLine: {'line': b'-- Up-to-date: /home/ros2_ws/install/xterra/share/ament_index/resource_index/rosidl_interfaces/xterra\n'}
[1.359331] (xterra) StdoutLine: {'line': b'-- Up-to-date: /home/ros2_ws/install/xterra/include/xterra/xterra\n'}
[1.359498] (xterra) StdoutLine: {'line': b'-- Up-to-date: /home/ros2_ws/install/xterra/include/xterra/xterra/msg\n'}
[1.359646] (xterra) StdoutLine: {'line': b'-- Up-to-date: /home/ros2_ws/install/xterra/include/xterra/xterra/msg/float_scalar.h\n'}
[1.359789] (xterra) StdoutLine: {'line': b'-- Up-to-date: /home/ros2_ws/install/xterra/include/xterra/xterra/msg/rgb_frame.h\n'}
[1.359928] (xterra) StdoutLine: {'line': b'-- Up-to-date: /home/ros2_ws/install/xterra/include/xterra/xterra/msg/rosidl_generator_c__visibility_control.h\n'}
[1.360068] (xterra) StdoutLine: {'line': b'-- Up-to-date: /home/ros2_ws/install/xterra/include/xterra/xterra/msg/sensor_data.h\n'}
[1.360203] (xterra) StdoutLine: {'line': b'-- Up-to-date: /home/ros2_ws/install/xterra/include/xterra/xterra/msg/quad_log.h\n'}
[1.360340] (xterra) StdoutLine: {'line': b'-- Up-to-date: /home/ros2_ws/install/xterra/include/xterra/xterra/msg/point3_d.h\n'}
[1.360475] (xterra) StdoutLine: {'line': b'-- Up-to-date: /home/ros2_ws/install/xterra/include/xterra/xterra/msg/motor_gain_multiplier.h\n'}
[1.360610] (xterra) StdoutLine: {'line': b'-- Up-to-date: /home/ros2_ws/install/xterra/include/xterra/xterra/msg/joint_data.h\n'}
[1.360745] (xterra) StdoutLine: {'line': b'-- Up-to-date: /home/ros2_ws/install/xterra/include/xterra/xterra/msg/detail\n'}
[1.361689] (xterra) StdoutLine: {'line': b'-- Up-to-date: /home/ros2_ws/install/xterra/include/xterra/xterra/msg/detail/point3_d__functions.c\n'}
[1.361930] (xterra) StdoutLine: {'line': b'-- Up-to-date: /home/ros2_ws/install/xterra/include/xterra/xterra/msg/detail/rgb_frame__functions.c\n'}
[1.362088] (xterra) StdoutLine: {'line': b'-- Up-to-date: /home/ros2_ws/install/xterra/include/xterra/xterra/msg/detail/joy_data__functions.h\n'}
[1.362235] (xterra) StdoutLine: {'line': b'-- Up-to-date: /home/ros2_ws/install/xterra/include/xterra/xterra/msg/detail/solver_stats__type_support.h\n'}
[1.362405] (xterra) StdoutLine: {'line': b'-- Up-to-date: /home/ros2_ws/install/xterra/include/xterra/xterra/msg/detail/solver_stats__functions.c\n'}
[1.362571] (xterra) StdoutLine: {'line': b'-- Up-to-date: /home/ros2_ws/install/xterra/include/xterra/xterra/msg/detail/point3_d__struct.h\n'}
[1.362713] (xterra) StdoutLine: {'line': b'-- Up-to-date: /home/ros2_ws/install/xterra/include/xterra/xterra/msg/detail/joy_data__type_support.h\n'}
[1.362850] (xterra) StdoutLine: {'line': b'-- Up-to-date: /home/ros2_ws/install/xterra/include/xterra/xterra/msg/detail/quad_log__functions.h\n'}
[1.362985] (xterra) StdoutLine: {'line': b'-- Up-to-date: /home/ros2_ws/install/xterra/include/xterra/xterra/msg/detail/quad_log__struct.h\n'}
[1.363120] (xterra) StdoutLine: {'line': b'-- Up-to-date: /home/ros2_ws/install/xterra/include/xterra/xterra/msg/detail/point3_d__functions.h\n'}
[1.363295] (xterra) StdoutLine: {'line': b'-- Up-to-date: /home/ros2_ws/install/xterra/include/xterra/xterra/msg/detail/point3_d__type_support.h\n'}
[1.363430] (xterra) StdoutLine: {'line': b'-- Up-to-date: /home/ros2_ws/install/xterra/include/xterra/xterra/msg/detail/quaternion__struct.h\n'}
[1.363563] (xterra) StdoutLine: {'line': b'-- Up-to-date: /home/ros2_ws/install/xterra/include/xterra/xterra/msg/detail/joint_data__functions.h\n'}
[1.363695] (xterra) StdoutLine: {'line': b'-- Up-to-date: /home/ros2_ws/install/xterra/include/xterra/xterra/msg/detail/motor_gain_multiplier__struct.h\n'}
[1.363832] (xterra) StdoutLine: {'line': b'-- Up-to-date: /home/ros2_ws/install/xterra/include/xterra/xterra/msg/detail/rgb_frame__functions.h\n'}
[1.363965] (xterra) StdoutLine: {'line': b'-- Up-to-date: /home/ros2_ws/install/xterra/include/xterra/xterra/msg/detail/motor_gain_multiplier__functions.c\n'}
[1.364101] (xterra) StdoutLine: {'line': b'-- Up-to-date: /home/ros2_ws/install/xterra/include/xterra/xterra/msg/detail/base_orientation_wrench_debug__functions.c\n'}
[1.364235] (xterra) StdoutLine: {'line': b'-- Up-to-date: /home/ros2_ws/install/xterra/include/xterra/xterra/msg/detail/float_scalar__functions.h\n'}
[1.364367] (xterra) StdoutLine: {'line': b'-- Up-to-date: /home/ros2_ws/install/xterra/include/xterra/xterra/msg/detail/solver_stats__struct.h\n'}
[1.364503] (xterra) StdoutLine: {'line': b'-- Up-to-date: /home/ros2_ws/install/xterra/include/xterra/xterra/msg/detail/camera_frame__functions.h\n'}
[1.364636] (xterra) StdoutLine: {'line': b'-- Up-to-date: /home/ros2_ws/install/xterra/include/xterra/xterra/msg/detail/joint_data__type_support.h\n'}
[1.364768] (xterra) StdoutLine: {'line': b'-- Up-to-date: /home/ros2_ws/install/xterra/include/xterra/xterra/msg/detail/base_orientation_wrench_debug__functions.h\n'}
[1.364901] (xterra) StdoutLine: {'line': b'-- Up-to-date: /home/ros2_ws/install/xterra/include/xterra/xterra/msg/detail/camera_frame__type_support.h\n'}
[1.365032] (xterra) StdoutLine: {'line': b'-- Up-to-date: /home/ros2_ws/install/xterra/include/xterra/xterra/msg/detail/rgb_frame__type_support.h\n'}
[1.365164] (xterra) StdoutLine: {'line': b'-- Up-to-date: /home/ros2_ws/install/xterra/include/xterra/xterra/msg/detail/sensor_data__struct.h\n'}
[1.365294] (xterra) StdoutLine: {'line': b'-- Up-to-date: /home/ros2_ws/install/xterra/include/xterra/xterra/msg/detail/quaternion__type_support.h\n'}
[1.365428] (xterra) StdoutLine: {'line': b'-- Up-to-date: /home/ros2_ws/install/xterra/include/xterra/xterra/msg/detail/indicator_data__type_support.h\n'}
[1.365563] (xterra) StdoutLine: {'line': b'-- Up-to-date: /home/ros2_ws/install/xterra/include/xterra/xterra/msg/detail/sensor_data__functions.h\n'}
[1.365696] (xterra) StdoutLine: {'line': b'-- Up-to-date: /home/ros2_ws/install/xterra/include/xterra/xterra/msg/detail/sensor_data__type_support.h\n'}
[1.365830] (xterra) StdoutLine: {'line': b'-- Up-to-date: /home/ros2_ws/install/xterra/include/xterra/xterra/msg/detail/base_orientation_wrench_debug__type_support.h\n'}
[1.365964] (xterra) StdoutLine: {'line': b'-- Up-to-date: /home/ros2_ws/install/xterra/include/xterra/xterra/msg/detail/joint_data__functions.c\n'}
[1.366096] (xterra) StdoutLine: {'line': b'-- Up-to-date: /home/ros2_ws/install/xterra/include/xterra/xterra/msg/detail/joint_data__struct.h\n'}
[1.366255] (xterra) StdoutLine: {'line': b'-- Up-to-date: /home/ros2_ws/install/xterra/include/xterra/xterra/msg/detail/indicator_data__functions.c\n'}
[1.366436] (xterra) StdoutLine: {'line': b'-- Up-to-date: /home/ros2_ws/install/xterra/include/xterra/xterra/msg/detail/float_scalar__type_support.h\n'}
[1.366573] (xterra) StdoutLine: {'line': b'-- Up-to-date: /home/ros2_ws/install/xterra/include/xterra/xterra/msg/detail/indicator_data__functions.h\n'}
[1.366705] (xterra) StdoutLine: {'line': b'-- Up-to-date: /home/ros2_ws/install/xterra/include/xterra/xterra/msg/detail/camera_frame__functions.c\n'}
[1.366837] (xterra) StdoutLine: {'line': b'-- Up-to-date: /home/ros2_ws/install/xterra/include/xterra/xterra/msg/detail/float_scalar__functions.c\n'}
[1.366993] (xterra) StdoutLine: {'line': b'-- Up-to-date: /home/ros2_ws/install/xterra/include/xterra/xterra/msg/detail/quaternion__functions.c\n'}
[1.367128] (xterra) StdoutLine: {'line': b'-- Up-to-date: /home/ros2_ws/install/xterra/include/xterra/xterra/msg/detail/quaternion__functions.h\n'}
[1.367256] (xterra) StdoutLine: {'line': b'-- Up-to-date: /home/ros2_ws/install/xterra/include/xterra/xterra/msg/detail/solver_stats__functions.h\n'}
[1.367387] (xterra) StdoutLine: {'line': b'-- Up-to-date: /home/ros2_ws/install/xterra/include/xterra/xterra/msg/detail/float_scalar__struct.h\n'}
[1.367521] (xterra) StdoutLine: {'line': b'-- Up-to-date: /home/ros2_ws/install/xterra/include/xterra/xterra/msg/detail/joy_data__functions.c\n'}
[1.367652] (xterra) StdoutLine: {'line': b'-- Up-to-date: /home/ros2_ws/install/xterra/include/xterra/xterra/msg/detail/quad_log__functions.c\n'}
[1.367782] (xterra) StdoutLine: {'line': b'-- Up-to-date: /home/ros2_ws/install/xterra/include/xterra/xterra/msg/detail/camera_frame__struct.h\n'}
[1.368683] (xterra) StdoutLine: {'line': b'-- Up-to-date: /home/ros2_ws/install/xterra/include/xterra/xterra/msg/detail/indicator_data__struct.h\n'}
[1.369190] (xterra) StdoutLine: {'line': b'-- Up-to-date: /home/ros2_ws/install/xterra/include/xterra/xterra/msg/detail/sensor_data__functions.c\n'}
[1.372765] (xterra) StdoutLine: {'line': b'-- Up-to-date: /home/ros2_ws/install/xterra/include/xterra/xterra/msg/detail/quad_log__type_support.h\n'}
[1.373530] (xterra) StdoutLine: {'line': b'-- Up-to-date: /home/ros2_ws/install/xterra/include/xterra/xterra/msg/detail/motor_gain_multiplier__functions.h\n'}
[1.374379] (xterra) StdoutLine: {'line': b'-- Up-to-date: /home/ros2_ws/install/xterra/include/xterra/xterra/msg/detail/rgb_frame__struct.h\n'}
[1.374596] (xterra) StdoutLine: {'line': b'-- Up-to-date: /home/ros2_ws/install/xterra/include/xterra/xterra/msg/detail/base_orientation_wrench_debug__struct.h\n'}
[1.374748] (xterra) StdoutLine: {'line': b'-- Up-to-date: /home/ros2_ws/install/xterra/include/xterra/xterra/msg/detail/joy_data__struct.h\n'}
[1.374893] (xterra) StdoutLine: {'line': b'-- Up-to-date: /home/ros2_ws/install/xterra/include/xterra/xterra/msg/detail/motor_gain_multiplier__type_support.h\n'}
[1.375033] (xterra) StdoutLine: {'line': b'-- Up-to-date: /home/ros2_ws/install/xterra/include/xterra/xterra/msg/base_orientation_wrench_debug.h\n'}
[1.375173] (xterra) StdoutLine: {'line': b'-- Up-to-date: /home/ros2_ws/install/xterra/include/xterra/xterra/msg/solver_stats.h\n'}
[1.375307] (xterra) StdoutLine: {'line': b'-- Up-to-date: /home/ros2_ws/install/xterra/include/xterra/xterra/msg/camera_frame.h\n'}
[1.375439] (xterra) StdoutLine: {'line': b'-- Up-to-date: /home/ros2_ws/install/xterra/include/xterra/xterra/msg/quaternion.h\n'}
[1.375571] (xterra) StdoutLine: {'line': b'-- Up-to-date: /home/ros2_ws/install/xterra/include/xterra/xterra/msg/joy_data.h\n'}
[1.375703] (xterra) StdoutLine: {'line': b'-- Up-to-date: /home/ros2_ws/install/xterra/include/xterra/xterra/msg/indicator_data.h\n'}
[1.375834] (xterra) StdoutLine: {'line': b'-- Up-to-date: /home/ros2_ws/install/xterra/include/xterra/xterra/srv\n'}
[1.375968] (xterra) StdoutLine: {'line': b'-- Up-to-date: /home/ros2_ws/install/xterra/include/xterra/xterra/srv/detail\n'}
[1.376101] (xterra) StdoutLine: {'line': b'-- Up-to-date: /home/ros2_ws/install/xterra/include/xterra/xterra/srv/detail/capture_image__type_support.h\n'}
[1.376262] (xterra) StdoutLine: {'line': b'-- Up-to-date: /home/ros2_ws/install/xterra/include/xterra/xterra/srv/detail/capture_image__functions.c\n'}
[1.376416] (xterra) StdoutLine: {'line': b'-- Up-to-date: /home/ros2_ws/install/xterra/include/xterra/xterra/srv/detail/capture_image__struct.h\n'}
[1.376556] (xterra) StdoutLine: {'line': b'-- Up-to-date: /home/ros2_ws/install/xterra/include/xterra/xterra/srv/detail/capture_image__functions.h\n'}
[1.376693] (xterra) StdoutLine: {'line': b'-- Up-to-date: /home/ros2_ws/install/xterra/include/xterra/xterra/srv/capture_image.h\n'}
[1.376826] (xterra) StdoutLine: {'line': b'-- Up-to-date: /home/ros2_ws/install/xterra/share/xterra/environment/library_path.sh\n'}
[1.376957] (xterra) StdoutLine: {'line': b'-- Up-to-date: /home/ros2_ws/install/xterra/share/xterra/environment/library_path.dsv\n'}
[1.377089] (xterra) StdoutLine: {'line': b'-- Up-to-date: /home/ros2_ws/install/xterra/lib/libxterra__rosidl_generator_c.so\n'}
[1.377222] (xterra) StdoutLine: {'line': b'-- Up-to-date: /home/ros2_ws/install/xterra/include/xterra/xterra\n'}
[1.377355] (xterra) StdoutLine: {'line': b'-- Up-to-date: /home/ros2_ws/install/xterra/include/xterra/xterra/msg\n'}
[1.377488] (xterra) StdoutLine: {'line': b'-- Up-to-date: /home/ros2_ws/install/xterra/include/xterra/xterra/msg/rosidl_typesupport_fastrtps_c__visibility_control.h\n'}
[1.377620] (xterra) StdoutLine: {'line': b'-- Up-to-date: /home/ros2_ws/install/xterra/include/xterra/xterra/msg/detail\n'}
[1.377750] (xterra) StdoutLine: {'line': b'-- Up-to-date: /home/ros2_ws/install/xterra/include/xterra/xterra/msg/detail/point3_d__rosidl_typesupport_fastrtps_c.h\n'}
[1.377881] (xterra) StdoutLine: {'line': b'-- Up-to-date: /home/ros2_ws/install/xterra/include/xterra/xterra/msg/detail/joint_data__rosidl_typesupport_fastrtps_c.h\n'}
[1.378012] (xterra) StdoutLine: {'line': b'-- Up-to-date: /home/ros2_ws/install/xterra/include/xterra/xterra/msg/detail/sensor_data__rosidl_typesupport_fastrtps_c.h\n'}
[1.378149] (xterra) StdoutLine: {'line': b'-- Up-to-date: /home/ros2_ws/install/xterra/include/xterra/xterra/msg/detail/solver_stats__rosidl_typesupport_fastrtps_c.h\n'}
[1.378363] (xterra) StdoutLine: {'line': b'-- Up-to-date: /home/ros2_ws/install/xterra/include/xterra/xterra/msg/detail/joy_data__rosidl_typesupport_fastrtps_c.h\n'}
[1.378520] (xterra) StdoutLine: {'line': b'-- Up-to-date: /home/ros2_ws/install/xterra/include/xterra/xterra/msg/detail/quaternion__rosidl_typesupport_fastrtps_c.h\n'}
[1.378659] (xterra) StdoutLine: {'line': b'-- Up-to-date: /home/ros2_ws/install/xterra/include/xterra/xterra/msg/detail/quad_log__rosidl_typesupport_fastrtps_c.h\n'}
[1.378798] (xterra) StdoutLine: {'line': b'-- Up-to-date: /home/ros2_ws/install/xterra/include/xterra/xterra/msg/detail/indicator_data__rosidl_typesupport_fastrtps_c.h\n'}
[1.378935] (xterra) StdoutLine: {'line': b'-- Up-to-date: /home/ros2_ws/install/xterra/include/xterra/xterra/msg/detail/base_orientation_wrench_debug__rosidl_typesupport_fastrtps_c.h\n'}
[1.379082] (xterra) StdoutLine: {'line': b'-- Up-to-date: /home/ros2_ws/install/xterra/include/xterra/xterra/msg/detail/camera_frame__rosidl_typesupport_fastrtps_c.h\n'}
[1.379219] (xterra) StdoutLine: {'line': b'-- Up-to-date: /home/ros2_ws/install/xterra/include/xterra/xterra/msg/detail/motor_gain_multiplier__rosidl_typesupport_fastrtps_c.h\n'}
[1.379356] (xterra) StdoutLine: {'line': b'-- Up-to-date: /home/ros2_ws/install/xterra/include/xterra/xterra/msg/detail/rgb_frame__rosidl_typesupport_fastrtps_c.h\n'}
[1.379492] (xterra) StdoutLine: {'line': b'-- Up-to-date: /home/ros2_ws/install/xterra/include/xterra/xterra/msg/detail/float_scalar__rosidl_typesupport_fastrtps_c.h\n'}
[1.379626] (xterra) StdoutLine: {'line': b'-- Up-to-date: /home/ros2_ws/install/xterra/include/xterra/xterra/srv\n'}
[1.379765] (xterra) StdoutLine: {'line': b'-- Up-to-date: /home/ros2_ws/install/xterra/include/xterra/xterra/srv/detail\n'}
[1.379897] (xterra) StdoutLine: {'line': b'-- Up-to-date: /home/ros2_ws/install/xterra/include/xterra/xterra/srv/detail/capture_image__rosidl_typesupport_fastrtps_c.h\n'}
[1.380061] (xterra) StdoutLine: {'line': b'-- Up-to-date: /home/ros2_ws/install/xterra/lib/libxterra__rosidl_typesupport_fastrtps_c.so\n'}
[1.380194] (xterra) StdoutLine: {'line': b'-- Up-to-date: /home/ros2_ws/install/xterra/include/xterra/xterra\n'}
[1.380369] (xterra) StdoutLine: {'line': b'-- Up-to-date: /home/ros2_ws/install/xterra/include/xterra/xterra/msg\n'}
[1.380503] (xterra) StdoutLine: {'line': b'-- Up-to-date: /home/ros2_ws/install/xterra/include/xterra/xterra/msg/motor_gain_multiplier.hpp\n'}
[1.380641] (xterra) StdoutLine: {'line': b'-- Up-to-date: /home/ros2_ws/install/xterra/include/xterra/xterra/msg/base_orientation_wrench_debug.hpp\n'}
[1.380778] (xterra) StdoutLine: {'line': b'-- Up-to-date: /home/ros2_ws/install/xterra/include/xterra/xterra/msg/sensor_data.hpp\n'}
[1.380910] (xterra) StdoutLine: {'line': b'-- Up-to-date: /home/ros2_ws/install/xterra/include/xterra/xterra/msg/quaternion.hpp\n'}
[1.381042] (xterra) StdoutLine: {'line': b'-- Up-to-date: /home/ros2_ws/install/xterra/include/xterra/xterra/msg/float_scalar.hpp\n'}
[1.381175] (xterra) StdoutLine: {'line': b'-- Up-to-date: /home/ros2_ws/install/xterra/include/xterra/xterra/msg/rosidl_generator_cpp__visibility_control.hpp\n'}
[1.381307] (xterra) StdoutLine: {'line': b'-- Up-to-date: /home/ros2_ws/install/xterra/include/xterra/xterra/msg/indicator_data.hpp\n'}
[1.381438] (xterra) StdoutLine: {'line': b'-- Up-to-date: /home/ros2_ws/install/xterra/include/xterra/xterra/msg/quad_log.hpp\n'}
[1.381570] (xterra) StdoutLine: {'line': b'-- Up-to-date: /home/ros2_ws/install/xterra/include/xterra/xterra/msg/detail\n'}
[1.381704] (xterra) StdoutLine: {'line': b'-- Up-to-date: /home/ros2_ws/install/xterra/include/xterra/xterra/msg/detail/solver_stats__type_support.hpp\n'}
[1.381840] (xterra) StdoutLine: {'line': b'-- Up-to-date: /home/ros2_ws/install/xterra/include/xterra/xterra/msg/detail/point3_d__builder.hpp\n'}
[1.381982] (xterra) StdoutLine: {'line': b'-- Up-to-date: /home/ros2_ws/install/xterra/include/xterra/xterra/msg/detail/indicator_data__builder.hpp\n'}
[1.382123] (xterra) StdoutLine: {'line': b'-- Up-to-date: /home/ros2_ws/install/xterra/include/xterra/xterra/msg/detail/rgb_frame__struct.hpp\n'}
[1.382261] (xterra) StdoutLine: {'line': b'-- Up-to-date: /home/ros2_ws/install/xterra/include/xterra/xterra/msg/detail/camera_frame__traits.hpp\n'}
[1.383304] (xterra) StdoutLine: {'line': b'-- Up-to-date: /home/ros2_ws/install/xterra/include/xterra/xterra/msg/detail/joy_data__type_support.hpp\n'}
[1.383512] (xterra) StdoutLine: {'line': b'-- Up-to-date: /home/ros2_ws/install/xterra/include/xterra/xterra/msg/detail/joint_data__builder.hpp\n'}
[1.383661] (xterra) StdoutLine: {'line': b'-- Up-to-date: /home/ros2_ws/install/xterra/include/xterra/xterra/msg/detail/quad_log__traits.hpp\n'}
[1.383805] (xterra) StdoutLine: {'line': b'-- Up-to-date: /home/ros2_ws/install/xterra/include/xterra/xterra/msg/detail/indicator_data__type_support.hpp\n'}
[1.383939] (xterra) StdoutLine: {'line': b'-- Up-to-date: /home/ros2_ws/install/xterra/include/xterra/xterra/msg/detail/solver_stats__traits.hpp\n'}
[1.384074] (xterra) StdoutLine: {'line': b'-- Up-to-date: /home/ros2_ws/install/xterra/include/xterra/xterra/msg/detail/quad_log__builder.hpp\n'}
[1.384208] (xterra) StdoutLine: {'line': b'-- Up-to-date: /home/ros2_ws/install/xterra/include/xterra/xterra/msg/detail/rgb_frame__builder.hpp\n'}
[1.384372] (xterra) StdoutLine: {'line': b'-- Up-to-date: /home/ros2_ws/install/xterra/include/xterra/xterra/msg/detail/motor_gain_multiplier__struct.hpp\n'}
[1.384515] (xterra) StdoutLine: {'line': b'-- Up-to-date: /home/ros2_ws/install/xterra/include/xterra/xterra/msg/detail/rgb_frame__type_support.hpp\n'}
[1.384651] (xterra) StdoutLine: {'line': b'-- Up-to-date: /home/ros2_ws/install/xterra/include/xterra/xterra/msg/detail/point3_d__traits.hpp\n'}
[1.384788] (xterra) StdoutLine: {'line': b'-- Up-to-date: /home/ros2_ws/install/xterra/include/xterra/xterra/msg/detail/point3_d__type_support.hpp\n'}
[1.384944] (xterra) StdoutLine: {'line': b'-- Up-to-date: /home/ros2_ws/install/xterra/include/xterra/xterra/msg/detail/indicator_data__traits.hpp\n'}
[1.385103] (xterra) StdoutLine: {'line': b'-- Up-to-date: /home/ros2_ws/install/xterra/include/xterra/xterra/msg/detail/sensor_data__type_support.hpp\n'}
[1.385246] (xterra) StdoutLine: {'line': b'-- Up-to-date: /home/ros2_ws/install/xterra/include/xterra/xterra/msg/detail/quad_log__type_support.hpp\n'}
[1.385382] (xterra) StdoutLine: {'line': b'-- Up-to-date: /home/ros2_ws/install/xterra/include/xterra/xterra/msg/detail/sensor_data__builder.hpp\n'}
[1.386576] (xterra) StdoutLine: {'line': b'-- Up-to-date: /home/ros2_ws/install/xterra/include/xterra/xterra/msg/detail/float_scalar__traits.hpp\n'}
[1.386751] (xterra) StdoutLine: {'line': b'-- Up-to-date: /home/ros2_ws/install/xterra/include/xterra/xterra/msg/detail/base_orientation_wrench_debug__struct.hpp\n'}
[1.386900] (xterra) StdoutLine: {'line': b'-- Up-to-date: /home/ros2_ws/install/xterra/include/xterra/xterra/msg/detail/float_scalar__struct.hpp\n'}
[1.387038] (xterra) StdoutLine: {'line': b'-- Up-to-date: /home/ros2_ws/install/xterra/include/xterra/xterra/msg/detail/base_orientation_wrench_debug__traits.hpp\n'}
[1.387181] (xterra) StdoutLine: {'line': b'-- Up-to-date: /home/ros2_ws/install/xterra/include/xterra/xterra/msg/detail/camera_frame__struct.hpp\n'}
[1.387322] (xterra) StdoutLine: {'line': b'-- Up-to-date: /home/ros2_ws/install/xterra/include/xterra/xterra/msg/detail/solver_stats__builder.hpp\n'}
[1.387460] (xterra) StdoutLine: {'line': b'-- Up-to-date: /home/ros2_ws/install/xterra/include/xterra/xterra/msg/detail/indicator_data__struct.hpp\n'}
[1.387597] (xterra) StdoutLine: {'line': b'-- Up-to-date: /home/ros2_ws/install/xterra/include/xterra/xterra/msg/detail/motor_gain_multiplier__builder.hpp\n'}
[1.387733] (xterra) StdoutLine: {'line': b'-- Up-to-date: /home/ros2_ws/install/xterra/include/xterra/xterra/msg/detail/joint_data__type_support.hpp\n'}
[1.387868] (xterra) StdoutLine: {'line': b'-- Up-to-date: /home/ros2_ws/install/xterra/include/xterra/xterra/msg/detail/rgb_frame__traits.hpp\n'}
[1.388005] (xterra) StdoutLine: {'line': b'-- Up-to-date: /home/ros2_ws/install/xterra/include/xterra/xterra/msg/detail/joint_data__struct.hpp\n'}
[1.388200] (xterra) StdoutLine: {'line': b'-- Up-to-date: /home/ros2_ws/install/xterra/include/xterra/xterra/msg/detail/quaternion__traits.hpp\n'}
[1.388344] (xterra) StdoutLine: {'line': b'-- Up-to-date: /home/ros2_ws/install/xterra/include/xterra/xterra/msg/detail/joint_data__traits.hpp\n'}
[1.388478] (xterra) StdoutLine: {'line': b'-- Up-to-date: /home/ros2_ws/install/xterra/include/xterra/xterra/msg/detail/camera_frame__builder.hpp\n'}
[1.388634] (xterra) StdoutLine: {'line': b'-- Up-to-date: /home/ros2_ws/install/xterra/include/xterra/xterra/msg/detail/quad_log__struct.hpp\n'}
[1.389138] (xterra) StdoutLine: {'line': b'-- Up-to-date: /home/ros2_ws/install/xterra/include/xterra/xterra/msg/detail/float_scalar__type_support.hpp\n'}
[1.389278] (xterra) StdoutLine: {'line': b'-- Up-to-date: /home/ros2_ws/install/xterra/include/xterra/xterra/msg/detail/joy_data__struct.hpp\n'}
[1.389414] (xterra) StdoutLine: {'line': b'-- Up-to-date: /home/ros2_ws/install/xterra/include/xterra/xterra/msg/detail/base_orientation_wrench_debug__type_support.hpp\n'}
[1.389552] (xterra) StdoutLine: {'line': b'-- Up-to-date: /home/ros2_ws/install/xterra/include/xterra/xterra/msg/detail/point3_d__struct.hpp\n'}
[1.389692] (xterra) StdoutLine: {'line': b'-- Up-to-date: /home/ros2_ws/install/xterra/include/xterra/xterra/msg/detail/sensor_data__traits.hpp\n'}
[1.389826] (xterra) StdoutLine: {'line': b'-- Up-to-date: /home/ros2_ws/install/xterra/include/xterra/xterra/msg/detail/camera_frame__type_support.hpp\n'}
[1.389962] (xterra) StdoutLine: {'line': b'-- Up-to-date: /home/ros2_ws/install/xterra/include/xterra/xterra/msg/detail/quaternion__struct.hpp\n'}
[1.390095] (xterra) StdoutLine: {'line': b'-- Up-to-date: /home/ros2_ws/install/xterra/include/xterra/xterra/msg/detail/joy_data__builder.hpp\n'}
[1.390265] (xterra) StdoutLine: {'line': b'-- Up-to-date: /home/ros2_ws/install/xterra/include/xterra/xterra/msg/detail/sensor_data__struct.hpp\n'}
[1.390449] (xterra) StdoutLine: {'line': b'-- Up-to-date: /home/ros2_ws/install/xterra/include/xterra/xterra/msg/detail/solver_stats__struct.hpp\n'}
[1.390587] (xterra) StdoutLine: {'line': b'-- Up-to-date: /home/ros2_ws/install/xterra/include/xterra/xterra/msg/detail/motor_gain_multiplier__traits.hpp\n'}
[1.390729] (xterra) StdoutLine: {'line': b'-- Up-to-date: /home/ros2_ws/install/xterra/include/xterra/xterra/msg/detail/float_scalar__builder.hpp\n'}
[1.390865] (xterra) StdoutLine: {'line': b'-- Up-to-date: /home/ros2_ws/install/xterra/include/xterra/xterra/msg/detail/quaternion__type_support.hpp\n'}
[1.390997] (xterra) StdoutLine: {'line': b'-- Up-to-date: /home/ros2_ws/install/xterra/include/xterra/xterra/msg/detail/quaternion__builder.hpp\n'}
[1.391160] (xterra) StdoutLine: {'line': b'-- Up-to-date: /home/ros2_ws/install/xterra/include/xterra/xterra/msg/detail/joy_data__traits.hpp\n'}
[1.391302] (xterra) StdoutLine: {'line': b'-- Up-to-date: /home/ros2_ws/install/xterra/include/xterra/xterra/msg/detail/base_orientation_wrench_debug__builder.hpp\n'}
[1.391687] (xterra) StdoutLine: {'line': b'-- Up-to-date: /home/ros2_ws/install/xterra/include/xterra/xterra/msg/detail/motor_gain_multiplier__type_support.hpp\n'}
[1.391834] (xterra) StdoutLine: {'line': b'-- Up-to-date: /home/ros2_ws/install/xterra/include/xterra/xterra/msg/joy_data.hpp\n'}
[1.391978] (xterra) StdoutLine: {'line': b'-- Up-to-date: /home/ros2_ws/install/xterra/include/xterra/xterra/msg/point3_d.hpp\n'}
[1.392119] (xterra) StdoutLine: {'line': b'-- Up-to-date: /home/ros2_ws/install/xterra/include/xterra/xterra/msg/solver_stats.hpp\n'}
[1.392255] (xterra) StdoutLine: {'line': b'-- Up-to-date: /home/ros2_ws/install/xterra/include/xterra/xterra/msg/camera_frame.hpp\n'}
[1.392388] (xterra) StdoutLine: {'line': b'-- Up-to-date: /home/ros2_ws/install/xterra/include/xterra/xterra/msg/rgb_frame.hpp\n'}
[1.392522] (xterra) StdoutLine: {'line': b'-- Up-to-date: /home/ros2_ws/install/xterra/include/xterra/xterra/msg/joint_data.hpp\n'}
[1.392656] (xterra) StdoutLine: {'line': b'-- Up-to-date: /home/ros2_ws/install/xterra/include/xterra/xterra/srv\n'}
[1.392794] (xterra) StdoutLine: {'line': b'-- Up-to-date: /home/ros2_ws/install/xterra/include/xterra/xterra/srv/detail\n'}
[1.392928] (xterra) StdoutLine: {'line': b'-- Up-to-date: /home/ros2_ws/install/xterra/include/xterra/xterra/srv/detail/capture_image__type_support.hpp\n'}
[1.393061] (xterra) StdoutLine: {'line': b'-- Up-to-date: /home/ros2_ws/install/xterra/include/xterra/xterra/srv/detail/capture_image__traits.hpp\n'}
[1.393194] (xterra) StdoutLine: {'line': b'-- Up-to-date: /home/ros2_ws/install/xterra/include/xterra/xterra/srv/detail/capture_image__struct.hpp\n'}
[1.393328] (xterra) StdoutLine: {'line': b'-- Up-to-date: /home/ros2_ws/install/xterra/include/xterra/xterra/srv/detail/capture_image__builder.hpp\n'}
[1.393465] (xterra) StdoutLine: {'line': b'-- Up-to-date: /home/ros2_ws/install/xterra/include/xterra/xterra/srv/capture_image.hpp\n'}
[1.393600] (xterra) StdoutLine: {'line': b'-- Up-to-date: /home/ros2_ws/install/xterra/include/xterra/xterra\n'}
[1.393736] (xterra) StdoutLine: {'line': b'-- Up-to-date: /home/ros2_ws/install/xterra/include/xterra/xterra/msg\n'}
[1.393870] (xterra) StdoutLine: {'line': b'-- Up-to-date: /home/ros2_ws/install/xterra/include/xterra/xterra/msg/detail\n'}
[1.394004] (xterra) StdoutLine: {'line': b'-- Up-to-date: /home/ros2_ws/install/xterra/include/xterra/xterra/msg/detail/quaternion__rosidl_typesupport_fastrtps_cpp.hpp\n'}
[1.394140] (xterra) StdoutLine: {'line': b'-- Up-to-date: /home/ros2_ws/install/xterra/include/xterra/xterra/msg/detail/rgb_frame__rosidl_typesupport_fastrtps_cpp.hpp\n'}
[1.394277] (xterra) StdoutLine: {'line': b'-- Up-to-date: /home/ros2_ws/install/xterra/include/xterra/xterra/msg/detail/joint_data__rosidl_typesupport_fastrtps_cpp.hpp\n'}
[1.394468] (xterra) StdoutLine: {'line': b'-- Up-to-date: /home/ros2_ws/install/xterra/include/xterra/xterra/msg/detail/base_orientation_wrench_debug__rosidl_typesupport_fastrtps_cpp.hpp\n'}
[1.394686] (xterra) StdoutLine: {'line': b'-- Up-to-date: /home/ros2_ws/install/xterra/include/xterra/xterra/msg/detail/camera_frame__rosidl_typesupport_fastrtps_cpp.hpp\n'}
[1.394828] (xterra) StdoutLine: {'line': b'-- Up-to-date: /home/ros2_ws/install/xterra/include/xterra/xterra/msg/detail/float_scalar__rosidl_typesupport_fastrtps_cpp.hpp\n'}
[1.394963] (xterra) StdoutLine: {'line': b'-- Up-to-date: /home/ros2_ws/install/xterra/include/xterra/xterra/msg/detail/indicator_data__rosidl_typesupport_fastrtps_cpp.hpp\n'}
[1.395101] (xterra) StdoutLine: {'line': b'-- Up-to-date: /home/ros2_ws/install/xterra/include/xterra/xterra/msg/detail/solver_stats__rosidl_typesupport_fastrtps_cpp.hpp\n'}
[1.395241] (xterra) StdoutLine: {'line': b'-- Up-to-date: /home/ros2_ws/install/xterra/include/xterra/xterra/msg/detail/joy_data__rosidl_typesupport_fastrtps_cpp.hpp\n'}
[1.395374] (xterra) StdoutLine: {'line': b'-- Up-to-date: /home/ros2_ws/install/xterra/include/xterra/xterra/msg/detail/motor_gain_multiplier__rosidl_typesupport_fastrtps_cpp.hpp\n'}
[1.395515] (xterra) StdoutLine: {'line': b'-- Up-to-date: /home/ros2_ws/install/xterra/include/xterra/xterra/msg/detail/quad_log__rosidl_typesupport_fastrtps_cpp.hpp\n'}
[1.395659] (xterra) StdoutLine: {'line': b'-- Up-to-date: /home/ros2_ws/install/xterra/include/xterra/xterra/msg/detail/sensor_data__rosidl_typesupport_fastrtps_cpp.hpp\n'}
[1.395801] (xterra) StdoutLine: {'line': b'-- Up-to-date: /home/ros2_ws/install/xterra/include/xterra/xterra/msg/detail/dds_fastrtps\n'}
[1.395941] (xterra) StdoutLine: {'line': b'-- Up-to-date: /home/ros2_ws/install/xterra/include/xterra/xterra/msg/detail/point3_d__rosidl_typesupport_fastrtps_cpp.hpp\n'}
[1.396070] (xterra) StdoutLine: {'line': b'-- Up-to-date: /home/ros2_ws/install/xterra/include/xterra/xterra/msg/rosidl_typesupport_fastrtps_cpp__visibility_control.h\n'}
[1.396200] (xterra) StdoutLine: {'line': b'-- Up-to-date: /home/ros2_ws/install/xterra/include/xterra/xterra/srv\n'}
[1.396329] (xterra) StdoutLine: {'line': b'-- Up-to-date: /home/ros2_ws/install/xterra/include/xterra/xterra/srv/detail\n'}
[1.396488] (xterra) StdoutLine: {'line': b'-- Up-to-date: /home/ros2_ws/install/xterra/include/xterra/xterra/srv/detail/capture_image__rosidl_typesupport_fastrtps_cpp.hpp\n'}
[1.396627] (xterra) StdoutLine: {'line': b'-- Up-to-date: /home/ros2_ws/install/xterra/include/xterra/xterra/srv/detail/dds_fastrtps\n'}
[1.396764] (xterra) StdoutLine: {'line': b'-- Up-to-date: /home/ros2_ws/install/xterra/lib/libxterra__rosidl_typesupport_fastrtps_cpp.so\n'}
[1.396898] (xterra) StdoutLine: {'line': b'-- Up-to-date: /home/ros2_ws/install/xterra/include/xterra/xterra\n'}
[1.397036] (xterra) StdoutLine: {'line': b'-- Up-to-date: /home/ros2_ws/install/xterra/include/xterra/xterra/msg\n'}
[1.397173] (xterra) StdoutLine: {'line': b'-- Up-to-date: /home/ros2_ws/install/xterra/include/xterra/xterra/msg/rosidl_typesupport_introspection_c__visibility_control.h\n'}
[1.397313] (xterra) StdoutLine: {'line': b'-- Up-to-date: /home/ros2_ws/install/xterra/include/xterra/xterra/msg/detail\n'}
[1.397444] (xterra) StdoutLine: {'line': b'-- Up-to-date: /home/ros2_ws/install/xterra/include/xterra/xterra/msg/detail/joint_data__type_support.c\n'}
[1.397579] (xterra) StdoutLine: {'line': b'-- Up-to-date: /home/ros2_ws/install/xterra/include/xterra/xterra/msg/detail/base_orientation_wrench_debug__rosidl_typesupport_introspection_c.h\n'}
[1.397731] (xterra) StdoutLine: {'line': b'-- Up-to-date: /home/ros2_ws/install/xterra/include/xterra/xterra/msg/detail/camera_frame__rosidl_typesupport_introspection_c.h\n'}
[1.397876] (xterra) StdoutLine: {'line': b'-- Up-to-date: /home/ros2_ws/install/xterra/include/xterra/xterra/msg/detail/quaternion__type_support.c\n'}
[1.398012] (xterra) StdoutLine: {'line': b'-- Up-to-date: /home/ros2_ws/install/xterra/include/xterra/xterra/msg/detail/point3_d__rosidl_typesupport_introspection_c.h\n'}
[1.398178] (xterra) StdoutLine: {'line': b'-- Up-to-date: /home/ros2_ws/install/xterra/include/xterra/xterra/msg/detail/float_scalar__rosidl_typesupport_introspection_c.h\n'}
[1.398338] (xterra) StdoutLine: {'line': b'-- Up-to-date: /home/ros2_ws/install/xterra/include/xterra/xterra/msg/detail/joint_data__rosidl_typesupport_introspection_c.h\n'}
[1.398493] (xterra) StdoutLine: {'line': b'-- Up-to-date: /home/ros2_ws/install/xterra/include/xterra/xterra/msg/detail/camera_frame__type_support.c\n'}
[1.398629] (xterra) StdoutLine: {'line': b'-- Up-to-date: /home/ros2_ws/install/xterra/include/xterra/xterra/msg/detail/motor_gain_multiplier__rosidl_typesupport_introspection_c.h\n'}
[1.398770] (xterra) StdoutLine: {'line': b'-- Up-to-date: /home/ros2_ws/install/xterra/include/xterra/xterra/msg/detail/sensor_data__rosidl_typesupport_introspection_c.h\n'}
[1.398906] (xterra) StdoutLine: {'line': b'-- Up-to-date: /home/ros2_ws/install/xterra/include/xterra/xterra/msg/detail/quad_log__type_support.c\n'}
[1.399038] (xterra) StdoutLine: {'line': b'-- Up-to-date: /home/ros2_ws/install/xterra/include/xterra/xterra/msg/detail/joy_data__type_support.c\n'}
[1.399561] (xterra) StdoutLine: {'line': b'-- Up-to-date: /home/ros2_ws/install/xterra/include/xterra/xterra/msg/detail/float_scalar__type_support.c\n'}
[1.400531] (xterra) StdoutLine: {'line': b'-- Up-to-date: /home/ros2_ws/install/xterra/include/xterra/xterra/msg/detail/indicator_data__rosidl_typesupport_introspection_c.h\n'}
[1.400690] (xterra) StdoutLine: {'line': b'-- Up-to-date: /home/ros2_ws/install/xterra/include/xterra/xterra/msg/detail/point3_d__type_support.c\n'}
[1.400838] (xterra) StdoutLine: {'line': b'-- Up-to-date: /home/ros2_ws/install/xterra/include/xterra/xterra/msg/detail/quaternion__rosidl_typesupport_introspection_c.h\n'}
[1.401032] (xterra) StdoutLine: {'line': b'-- Up-to-date: /home/ros2_ws/install/xterra/include/xterra/xterra/msg/detail/base_orientation_wrench_debug__type_support.c\n'}
[1.401170] (xterra) StdoutLine: {'line': b'-- Up-to-date: /home/ros2_ws/install/xterra/include/xterra/xterra/msg/detail/joy_data__rosidl_typesupport_introspection_c.h\n'}
[1.401306] (xterra) StdoutLine: {'line': b'-- Up-to-date: /home/ros2_ws/install/xterra/include/xterra/xterra/msg/detail/solver_stats__rosidl_typesupport_introspection_c.h\n'}
[1.401459] (xterra) StdoutLine: {'line': b'-- Up-to-date: /home/ros2_ws/install/xterra/include/xterra/xterra/msg/detail/rgb_frame__rosidl_typesupport_introspection_c.h\n'}
[1.401598] (xterra) StdoutLine: {'line': b'-- Up-to-date: /home/ros2_ws/install/xterra/include/xterra/xterra/msg/detail/solver_stats__type_support.c\n'}
[1.401734] (xterra) StdoutLine: {'line': b'-- Up-to-date: /home/ros2_ws/install/xterra/include/xterra/xterra/msg/detail/quad_log__rosidl_typesupport_introspection_c.h\n'}
[1.401873] (xterra) StdoutLine: {'line': b'-- Up-to-date: /home/ros2_ws/install/xterra/include/xterra/xterra/msg/detail/sensor_data__type_support.c\n'}
[1.402010] (xterra) StdoutLine: {'line': b'-- Up-to-date: /home/ros2_ws/install/xterra/include/xterra/xterra/msg/detail/motor_gain_multiplier__type_support.c\n'}
[1.402148] (xterra) StdoutLine: {'line': b'-- Up-to-date: /home/ros2_ws/install/xterra/include/xterra/xterra/msg/detail/indicator_data__type_support.c\n'}
[1.402285] (xterra) StdoutLine: {'line': b'-- Up-to-date: /home/ros2_ws/install/xterra/include/xterra/xterra/msg/detail/rgb_frame__type_support.c\n'}
[1.402472] (xterra) StdoutLine: {'line': b'-- Up-to-date: /home/ros2_ws/install/xterra/include/xterra/xterra/srv\n'}
[1.402650] (xterra) StdoutLine: {'line': b'-- Up-to-date: /home/ros2_ws/install/xterra/include/xterra/xterra/srv/detail\n'}
[1.402797] (xterra) StdoutLine: {'line': b'-- Up-to-date: /home/ros2_ws/install/xterra/include/xterra/xterra/srv/detail/capture_image__rosidl_typesupport_introspection_c.h\n'}
[1.402938] (xterra) StdoutLine: {'line': b'-- Up-to-date: /home/ros2_ws/install/xterra/include/xterra/xterra/srv/detail/capture_image__type_support.c\n'}
[1.403074] (xterra) StdoutLine: {'line': b'-- Up-to-date: /home/ros2_ws/install/xterra/lib/libxterra__rosidl_typesupport_introspection_c.so\n'}
[1.403233] (xterra) StdoutLine: {'line': b'-- Up-to-date: /home/ros2_ws/install/xterra/lib/libxterra__rosidl_typesupport_c.so\n'}
[1.403367] (xterra) StdoutLine: {'line': b'-- Up-to-date: /home/ros2_ws/install/xterra/include/xterra/xterra\n'}
[1.403501] (xterra) StdoutLine: {'line': b'-- Up-to-date: /home/ros2_ws/install/xterra/include/xterra/xterra/msg\n'}
[1.403632] (xterra) StdoutLine: {'line': b'-- Up-to-date: /home/ros2_ws/install/xterra/include/xterra/xterra/msg/detail\n'}
[1.403761] (xterra) StdoutLine: {'line': b'-- Up-to-date: /home/ros2_ws/install/xterra/include/xterra/xterra/msg/detail/motor_gain_multiplier__type_support.cpp\n'}
[1.403896] (xterra) StdoutLine: {'line': b'-- Up-to-date: /home/ros2_ws/install/xterra/include/xterra/xterra/msg/detail/quad_log__type_support.cpp\n'}
[1.404029] (xterra) StdoutLine: {'line': b'-- Up-to-date: /home/ros2_ws/install/xterra/include/xterra/xterra/msg/detail/base_orientation_wrench_debug__rosidl_typesupport_introspection_cpp.hpp\n'}
[1.404165] (xterra) StdoutLine: {'line': b'-- Up-to-date: /home/ros2_ws/install/xterra/include/xterra/xterra/msg/detail/joy_data__type_support.cpp\n'}
[1.404299] (xterra) StdoutLine: {'line': b'-- Up-to-date: /home/ros2_ws/install/xterra/include/xterra/xterra/msg/detail/joint_data__rosidl_typesupport_introspection_cpp.hpp\n'}
[1.404432] (xterra) StdoutLine: {'line': b'-- Up-to-date: /home/ros2_ws/install/xterra/include/xterra/xterra/msg/detail/sensor_data__type_support.cpp\n'}
[1.404568] (xterra) StdoutLine: {'line': b'-- Up-to-date: /home/ros2_ws/install/xterra/include/xterra/xterra/msg/detail/sensor_data__rosidl_typesupport_introspection_cpp.hpp\n'}
[1.404696] (xterra) StdoutLine: {'line': b'-- Up-to-date: /home/ros2_ws/install/xterra/include/xterra/xterra/msg/detail/rgb_frame__type_support.cpp\n'}
[1.404822] (xterra) StdoutLine: {'line': b'-- Up-to-date: /home/ros2_ws/install/xterra/include/xterra/xterra/msg/detail/float_scalar__rosidl_typesupport_introspection_cpp.hpp\n'}
[1.404955] (xterra) StdoutLine: {'line': b'-- Up-to-date: /home/ros2_ws/install/xterra/include/xterra/xterra/msg/detail/solver_stats__type_support.cpp\n'}
[1.405090] (xterra) StdoutLine: {'line': b'-- Up-to-date: /home/ros2_ws/install/xterra/include/xterra/xterra/msg/detail/point3_d__type_support.cpp\n'}
[1.405226] (xterra) StdoutLine: {'line': b'-- Up-to-date: /home/ros2_ws/install/xterra/include/xterra/xterra/msg/detail/motor_gain_multiplier__rosidl_typesupport_introspection_cpp.hpp\n'}
[1.405362] (xterra) StdoutLine: {'line': b'-- Up-to-date: /home/ros2_ws/install/xterra/include/xterra/xterra/msg/detail/solver_stats__rosidl_typesupport_introspection_cpp.hpp\n'}
[1.405498] (xterra) StdoutLine: {'line': b'-- Up-to-date: /home/ros2_ws/install/xterra/include/xterra/xterra/msg/detail/float_scalar__type_support.cpp\n'}
[1.405629] (xterra) StdoutLine: {'line': b'-- Up-to-date: /home/ros2_ws/install/xterra/include/xterra/xterra/msg/detail/camera_frame__rosidl_typesupport_introspection_cpp.hpp\n'}
[1.405763] (xterra) StdoutLine: {'line': b'-- Up-to-date: /home/ros2_ws/install/xterra/include/xterra/xterra/msg/detail/joy_data__rosidl_typesupport_introspection_cpp.hpp\n'}
[1.405896] (xterra) StdoutLine: {'line': b'-- Up-to-date: /home/ros2_ws/install/xterra/include/xterra/xterra/msg/detail/indicator_data__rosidl_typesupport_introspection_cpp.hpp\n'}
[1.406032] (xterra) StdoutLine: {'line': b'-- Up-to-date: /home/ros2_ws/install/xterra/include/xterra/xterra/msg/detail/base_orientation_wrench_debug__type_support.cpp\n'}
[1.406237] (xterra) StdoutLine: {'line': b'-- Up-to-date: /home/ros2_ws/install/xterra/include/xterra/xterra/msg/detail/point3_d__rosidl_typesupport_introspection_cpp.hpp\n'}
[1.406447] (xterra) StdoutLine: {'line': b'-- Up-to-date: /home/ros2_ws/install/xterra/include/xterra/xterra/msg/detail/joint_data__type_support.cpp\n'}
[1.406590] (xterra) StdoutLine: {'line': b'-- Up-to-date: /home/ros2_ws/install/xterra/include/xterra/xterra/msg/detail/quaternion__rosidl_typesupport_introspection_cpp.hpp\n'}
[1.406766] (xterra) StdoutLine: {'line': b'-- Up-to-date: /home/ros2_ws/install/xterra/include/xterra/xterra/msg/detail/quad_log__rosidl_typesupport_introspection_cpp.hpp\n'}
[1.406911] (xterra) StdoutLine: {'line': b'-- Up-to-date: /home/ros2_ws/install/xterra/include/xterra/xterra/msg/detail/rgb_frame__rosidl_typesupport_introspection_cpp.hpp\n'}
[1.407050] (-) TimerEvent: {}
[1.407096] (xterra) StdoutLine: {'line': b'-- Up-to-date: /home/ros2_ws/install/xterra/include/xterra/xterra/msg/detail/indicator_data__type_support.cpp\n'}
[1.407235] (xterra) StdoutLine: {'line': b'-- Up-to-date: /home/ros2_ws/install/xterra/include/xterra/xterra/msg/detail/quaternion__type_support.cpp\n'}
[1.407372] (xterra) StdoutLine: {'line': b'-- Up-to-date: /home/ros2_ws/install/xterra/include/xterra/xterra/msg/detail/camera_frame__type_support.cpp\n'}
[1.407532] (xterra) StdoutLine: {'line': b'-- Up-to-date: /home/ros2_ws/install/xterra/include/xterra/xterra/srv\n'}
[1.407678] (xterra) StdoutLine: {'line': b'-- Up-to-date: /home/ros2_ws/install/xterra/include/xterra/xterra/srv/detail\n'}
[1.407812] (xterra) StdoutLine: {'line': b'-- Up-to-date: /home/ros2_ws/install/xterra/include/xterra/xterra/srv/detail/capture_image__type_support.cpp\n'}
[1.407943] (xterra) StdoutLine: {'line': b'-- Up-to-date: /home/ros2_ws/install/xterra/include/xterra/xterra/srv/detail/capture_image__rosidl_typesupport_introspection_cpp.hpp\n'}
[1.408075] (xterra) StdoutLine: {'line': b'-- Up-to-date: /home/ros2_ws/install/xterra/lib/libxterra__rosidl_typesupport_introspection_cpp.so\n'}
[1.408204] (xterra) StdoutLine: {'line': b'-- Up-to-date: /home/ros2_ws/install/xterra/lib/libxterra__rosidl_typesupport_cpp.so\n'}
[1.408334] (xterra) StdoutLine: {'line': b'-- Up-to-date: /home/ros2_ws/install/xterra/share/xterra/environment/pythonpath.sh\n'}
[1.408463] (xterra) StdoutLine: {'line': b'-- Up-to-date: /home/ros2_ws/install/xterra/share/xterra/environment/pythonpath.dsv\n'}
[1.408596] (xterra) StdoutLine: {'line': b'-- Up-to-date: /home/ros2_ws/install/xterra/local/lib/python3.10/dist-packages/xterra-0.0.0-py3.10.egg-info\n'}
[1.408750] (xterra) StdoutLine: {'line': b'-- Installing: /home/ros2_ws/install/xterra/local/lib/python3.10/dist-packages/xterra-0.0.0-py3.10.egg-info/SOURCES.txt\n'}
[1.408887] (xterra) StdoutLine: {'line': b'-- Installing: /home/ros2_ws/install/xterra/local/lib/python3.10/dist-packages/xterra-0.0.0-py3.10.egg-info/PKG-INFO\n'}
[1.409024] (xterra) StdoutLine: {'line': b'-- Installing: /home/ros2_ws/install/xterra/local/lib/python3.10/dist-packages/xterra-0.0.0-py3.10.egg-info/dependency_links.txt\n'}
[1.409158] (xterra) StdoutLine: {'line': b'-- Installing: /home/ros2_ws/install/xterra/local/lib/python3.10/dist-packages/xterra-0.0.0-py3.10.egg-info/top_level.txt\n'}
[1.409290] (xterra) StdoutLine: {'line': b'-- Up-to-date: /home/ros2_ws/install/xterra/local/lib/python3.10/dist-packages/xterra\n'}
[1.409423] (xterra) StdoutLine: {'line': b'-- Up-to-date: /home/ros2_ws/install/xterra/local/lib/python3.10/dist-packages/xterra/xterra_s__rosidl_typesupport_fastrtps_c.cpython-310-aarch64-linux-gnu.so\n'}
[1.409561] (xterra) StdoutLine: {'line': b'-- Up-to-date: /home/ros2_ws/install/xterra/local/lib/python3.10/dist-packages/xterra/_xterra_s.ep.rosidl_typesupport_c.c\n'}
[1.409694] (xterra) StdoutLine: {'line': b'-- Up-to-date: /home/ros2_ws/install/xterra/local/lib/python3.10/dist-packages/xterra/msg\n'}
[1.409839] (xterra) StdoutLine: {'line': b'-- Up-to-date: /home/ros2_ws/install/xterra/local/lib/python3.10/dist-packages/xterra/msg/_sensor_data.py\n'}
[1.409975] (xterra) StdoutLine: {'line': b'-- Up-to-date: /home/ros2_ws/install/xterra/local/lib/python3.10/dist-packages/xterra/msg/_quaternion.py\n'}
[1.410109] (xterra) StdoutLine: {'line': b'-- Up-to-date: /home/ros2_ws/install/xterra/local/lib/python3.10/dist-packages/xterra/msg/_indicator_data.py\n'}
[1.410244] (xterra) StdoutLine: {'line': b'-- Up-to-date: /home/ros2_ws/install/xterra/local/lib/python3.10/dist-packages/xterra/msg/_quaternion_s.c\n'}
[1.410428] (xterra) StdoutLine: {'line': b'-- Up-to-date: /home/ros2_ws/install/xterra/local/lib/python3.10/dist-packages/xterra/msg/_solver_stats_s.c\n'}
[1.410608] (xterra) StdoutLine: {'line': b'-- Up-to-date: /home/ros2_ws/install/xterra/local/lib/python3.10/dist-packages/xterra/msg/_joy_data_s.c\n'}
[1.410748] (xterra) StdoutLine: {'line': b'-- Up-to-date: /home/ros2_ws/install/xterra/local/lib/python3.10/dist-packages/xterra/msg/_sensor_data_s.c\n'}
[1.410884] (xterra) StdoutLine: {'line': b'-- Up-to-date: /home/ros2_ws/install/xterra/local/lib/python3.10/dist-packages/xterra/msg/_motor_gain_multiplier_s.c\n'}
[1.411034] (xterra) StdoutLine: {'line': b'-- Up-to-date: /home/ros2_ws/install/xterra/local/lib/python3.10/dist-packages/xterra/msg/_float_scalar.py\n'}
[1.411171] (xterra) StdoutLine: {'line': b'-- Up-to-date: /home/ros2_ws/install/xterra/local/lib/python3.10/dist-packages/xterra/msg/_quad_log.py\n'}
[1.411303] (xterra) StdoutLine: {'line': b'-- Up-to-date: /home/ros2_ws/install/xterra/local/lib/python3.10/dist-packages/xterra/msg/_joint_data_s.c\n'}
[1.411435] (xterra) StdoutLine: {'line': b'-- Up-to-date: /home/ros2_ws/install/xterra/local/lib/python3.10/dist-packages/xterra/msg/_float_scalar_s.c\n'}
[1.411569] (xterra) StdoutLine: {'line': b'-- Up-to-date: /home/ros2_ws/install/xterra/local/lib/python3.10/dist-packages/xterra/msg/_rgb_frame.py\n'}
[1.411750] (xterra) StdoutLine: {'line': b'-- Up-to-date: /home/ros2_ws/install/xterra/local/lib/python3.10/dist-packages/xterra/msg/_point3_d.py\n'}
[1.411883] (xterra) StdoutLine: {'line': b'-- Up-to-date: /home/ros2_ws/install/xterra/local/lib/python3.10/dist-packages/xterra/msg/_joy_data.py\n'}
[1.412016] (xterra) StdoutLine: {'line': b'-- Up-to-date: /home/ros2_ws/install/xterra/local/lib/python3.10/dist-packages/xterra/msg/_indicator_data_s.c\n'}
[1.412158] (xterra) StdoutLine: {'line': b'-- Up-to-date: /home/ros2_ws/install/xterra/local/lib/python3.10/dist-packages/xterra/msg/_camera_frame_s.c\n'}
[1.412290] (xterra) StdoutLine: {'line': b'-- Up-to-date: /home/ros2_ws/install/xterra/local/lib/python3.10/dist-packages/xterra/msg/_motor_gain_multiplier.py\n'}
[1.412452] (xterra) StdoutLine: {'line': b'-- Up-to-date: /home/ros2_ws/install/xterra/local/lib/python3.10/dist-packages/xterra/msg/_base_orientation_wrench_debug.py\n'}
[1.412592] (xterra) StdoutLine: {'line': b'-- Up-to-date: /home/ros2_ws/install/xterra/local/lib/python3.10/dist-packages/xterra/msg/_point3_d_s.c\n'}
[1.412725] (xterra) StdoutLine: {'line': b'-- Up-to-date: /home/ros2_ws/install/xterra/local/lib/python3.10/dist-packages/xterra/msg/_rgb_frame_s.c\n'}
[1.412860] (xterra) StdoutLine: {'line': b'-- Up-to-date: /home/ros2_ws/install/xterra/local/lib/python3.10/dist-packages/xterra/msg/_quad_log_s.c\n'}
[1.412996] (xterra) StdoutLine: {'line': b'-- Up-to-date: /home/ros2_ws/install/xterra/local/lib/python3.10/dist-packages/xterra/msg/_joint_data.py\n'}
[1.413130] (xterra) StdoutLine: {'line': b'-- Up-to-date: /home/ros2_ws/install/xterra/local/lib/python3.10/dist-packages/xterra/msg/__init__.py\n'}
[1.413272] (xterra) StdoutLine: {'line': b'-- Up-to-date: /home/ros2_ws/install/xterra/local/lib/python3.10/dist-packages/xterra/msg/_solver_stats.py\n'}
[1.413403] (xterra) StdoutLine: {'line': b'-- Up-to-date: /home/ros2_ws/install/xterra/local/lib/python3.10/dist-packages/xterra/msg/_base_orientation_wrench_debug_s.c\n'}
[1.413540] (xterra) StdoutLine: {'line': b'-- Up-to-date: /home/ros2_ws/install/xterra/local/lib/python3.10/dist-packages/xterra/msg/_camera_frame.py\n'}
[1.413671] (xterra) StdoutLine: {'line': b'-- Up-to-date: /home/ros2_ws/install/xterra/local/lib/python3.10/dist-packages/xterra/libxterra__rosidl_generator_py.so\n'}
[1.413805] (xterra) StdoutLine: {'line': b'-- Up-to-date: /home/ros2_ws/install/xterra/local/lib/python3.10/dist-packages/xterra/_xterra_s.ep.rosidl_typesupport_introspection_c.c\n'}
[1.413940] (xterra) StdoutLine: {'line': b'-- Up-to-date: /home/ros2_ws/install/xterra/local/lib/python3.10/dist-packages/xterra/xterra_s__rosidl_typesupport_c.cpython-310-aarch64-linux-gnu.so\n'}
[1.414073] (xterra) StdoutLine: {'line': b'-- Up-to-date: /home/ros2_ws/install/xterra/local/lib/python3.10/dist-packages/xterra/srv\n'}
[1.414232] (xterra) StdoutLine: {'line': b'-- Up-to-date: /home/ros2_ws/install/xterra/local/lib/python3.10/dist-packages/xterra/srv/_capture_image_s.c\n'}
[1.414473] (xterra) StdoutLine: {'line': b'-- Up-to-date: /home/ros2_ws/install/xterra/local/lib/python3.10/dist-packages/xterra/srv/_capture_image.py\n'}
[1.414618] (xterra) StdoutLine: {'line': b'-- Up-to-date: /home/ros2_ws/install/xterra/local/lib/python3.10/dist-packages/xterra/srv/__init__.py\n'}
[1.414754] (xterra) StdoutLine: {'line': b'-- Up-to-date: /home/ros2_ws/install/xterra/local/lib/python3.10/dist-packages/xterra/_xterra_s.ep.rosidl_typesupport_fastrtps_c.c\n'}
[1.414886] (xterra) StdoutLine: {'line': b'-- Up-to-date: /home/ros2_ws/install/xterra/local/lib/python3.10/dist-packages/xterra/xterra_s__rosidl_typesupport_introspection_c.cpython-310-aarch64-linux-gnu.so\n'}
[1.415020] (xterra) StdoutLine: {'line': b'-- Up-to-date: /home/ros2_ws/install/xterra/local/lib/python3.10/dist-packages/xterra/__init__.py\n'}
[1.507499] (-) TimerEvent: {}
[1.508249] (xterra) StdoutLine: {'line': b"Listing '/home/ros2_ws/install/xterra/local/lib/python3.10/dist-packages/xterra'...\n"}
[1.508771] (xterra) StdoutLine: {'line': b"Listing '/home/ros2_ws/install/xterra/local/lib/python3.10/dist-packages/xterra/msg'...\n"}
[1.508956] (xterra) StdoutLine: {'line': b"Listing '/home/ros2_ws/install/xterra/local/lib/python3.10/dist-packages/xterra/srv'...\n"}
[1.533186] (xterra) StdoutLine: {'line': b'-- Up-to-date: /home/ros2_ws/install/xterra/local/lib/python3.10/dist-packages/xterra/xterra_s__rosidl_typesupport_fastrtps_c.cpython-310-aarch64-linux-gnu.so\n'}
[1.535990] (xterra) StdoutLine: {'line': b'-- Up-to-date: /home/ros2_ws/install/xterra/local/lib/python3.10/dist-packages/xterra/xterra_s__rosidl_typesupport_introspection_c.cpython-310-aarch64-linux-gnu.so\n'}
[1.539212] (xterra) StdoutLine: {'line': b'-- Up-to-date: /home/ros2_ws/install/xterra/local/lib/python3.10/dist-packages/xterra/xterra_s__rosidl_typesupport_c.cpython-310-aarch64-linux-gnu.so\n'}
[1.542736] (xterra) StdoutLine: {'line': b'-- Up-to-date: /home/ros2_ws/install/xterra/lib/libxterra__rosidl_generator_py.so\n'}
[1.543784] (xterra) StdoutLine: {'line': b'-- Up-to-date: /home/ros2_ws/install/xterra/share/xterra/msg/JointData.idl\n'}
[1.544681] (xterra) StdoutLine: {'line': b'-- Up-to-date: /home/ros2_ws/install/xterra/share/xterra/msg/SensorData.idl\n'}
[1.545062] (xterra) StdoutLine: {'line': b'-- Up-to-date: /home/ros2_ws/install/xterra/share/xterra/msg/MotorGainMultiplier.idl\n'}
[1.545266] (xterra) StdoutLine: {'line': b'-- Up-to-date: /home/ros2_ws/install/xterra/share/xterra/msg/QuadLog.idl\n'}
[1.546372] (xterra) StdoutLine: {'line': b'-- Up-to-date: /home/ros2_ws/install/xterra/share/xterra/msg/Point3D.idl\n'}
[1.547437] (xterra) StdoutLine: {'line': b'-- Up-to-date: /home/ros2_ws/install/xterra/share/xterra/msg/Quaternion.idl\n'}
[1.547933] (xterra) StdoutLine: {'line': b'-- Up-to-date: /home/ros2_ws/install/xterra/share/xterra/msg/SolverStats.idl\n'}
[1.548185] (xterra) StdoutLine: {'line': b'-- Up-to-date: /home/ros2_ws/install/xterra/share/xterra/msg/RGBFrame.idl\n'}
[1.548360] (xterra) StdoutLine: {'line': b'-- Up-to-date: /home/ros2_ws/install/xterra/share/xterra/msg/IndicatorData.idl\n'}
[1.548513] (xterra) StdoutLine: {'line': b'-- Up-to-date: /home/ros2_ws/install/xterra/share/xterra/msg/BaseOrientationWrenchDebug.idl\n'}
[1.548683] (xterra) StdoutLine: {'line': b'-- Up-to-date: /home/ros2_ws/install/xterra/share/xterra/msg/FloatScalar.idl\n'}
[1.548833] (xterra) StdoutLine: {'line': b'-- Up-to-date: /home/ros2_ws/install/xterra/share/xterra/msg/JoyData.idl\n'}
[1.548972] (xterra) StdoutLine: {'line': b'-- Up-to-date: /home/ros2_ws/install/xterra/share/xterra/msg/CameraFrame.idl\n'}
[1.549108] (xterra) StdoutLine: {'line': b'-- Up-to-date: /home/ros2_ws/install/xterra/share/xterra/srv/CaptureImage.idl\n'}
[1.549243] (xterra) StdoutLine: {'line': b'-- Up-to-date: /home/ros2_ws/install/xterra/share/xterra/msg/JointData.msg\n'}
[1.549404] (xterra) StdoutLine: {'line': b'-- Up-to-date: /home/ros2_ws/install/xterra/share/xterra/msg/SensorData.msg\n'}
[1.549540] (xterra) StdoutLine: {'line': b'-- Up-to-date: /home/ros2_ws/install/xterra/share/xterra/msg/MotorGainMultiplier.msg\n'}
[1.549679] (xterra) StdoutLine: {'line': b'-- Up-to-date: /home/ros2_ws/install/xterra/share/xterra/msg/QuadLog.msg\n'}
[1.549812] (xterra) StdoutLine: {'line': b'-- Up-to-date: /home/ros2_ws/install/xterra/share/xterra/msg/Point3D.msg\n'}
[1.549950] (xterra) StdoutLine: {'line': b'-- Up-to-date: /home/ros2_ws/install/xterra/share/xterra/msg/Quaternion.msg\n'}
[1.550085] (xterra) StdoutLine: {'line': b'-- Up-to-date: /home/ros2_ws/install/xterra/share/xterra/msg/SolverStats.msg\n'}
[1.550217] (xterra) StdoutLine: {'line': b'-- Up-to-date: /home/ros2_ws/install/xterra/share/xterra/msg/RGBFrame.msg\n'}
[1.550394] (xterra) StdoutLine: {'line': b'-- Up-to-date: /home/ros2_ws/install/xterra/share/xterra/msg/IndicatorData.msg\n'}
[1.550542] (xterra) StdoutLine: {'line': b'-- Up-to-date: /home/ros2_ws/install/xterra/share/xterra/msg/BaseOrientationWrenchDebug.msg\n'}
[1.550677] (xterra) StdoutLine: {'line': b'-- Up-to-date: /home/ros2_ws/install/xterra/share/xterra/msg/FloatScalar.msg\n'}
[1.550813] (xterra) StdoutLine: {'line': b'-- Up-to-date: /home/ros2_ws/install/xterra/share/xterra/msg/JoyData.msg\n'}
[1.550947] (xterra) StdoutLine: {'line': b'-- Up-to-date: /home/ros2_ws/install/xterra/share/xterra/msg/CameraFrame.msg\n'}
[1.551079] (xterra) StdoutLine: {'line': b'-- Up-to-date: /home/ros2_ws/install/xterra/share/xterra/srv/CaptureImage.srv\n'}
[1.551210] (xterra) StdoutLine: {'line': b'-- Up-to-date: /home/ros2_ws/install/xterra/share/xterra/srv/CaptureImage_Request.msg\n'}
[1.551343] (xterra) StdoutLine: {'line': b'-- Up-to-date: /home/ros2_ws/install/xterra/share/xterra/srv/CaptureImage_Response.msg\n'}
[1.551475] (xterra) StdoutLine: {'line': b'-- Up-to-date: /home/ros2_ws/install/xterra/share/ament_index/resource_index/package_run_dependencies/xterra\n'}
[1.551612] (xterra) StdoutLine: {'line': b'-- Up-to-date: /home/ros2_ws/install/xterra/share/ament_index/resource_index/parent_prefix_path/xterra\n'}
[1.551757] (xterra) StdoutLine: {'line': b'-- Up-to-date: /home/ros2_ws/install/xterra/share/xterra/environment/ament_prefix_path.sh\n'}
[1.551895] (xterra) StdoutLine: {'line': b'-- Up-to-date: /home/ros2_ws/install/xterra/share/xterra/environment/ament_prefix_path.dsv\n'}
[1.552885] (xterra) StdoutLine: {'line': b'-- Up-to-date: /home/ros2_ws/install/xterra/share/xterra/environment/path.sh\n'}
[1.553148] (xterra) StdoutLine: {'line': b'-- Up-to-date: /home/ros2_ws/install/xterra/share/xterra/environment/path.dsv\n'}
[1.553317] (xterra) StdoutLine: {'line': b'-- Up-to-date: /home/ros2_ws/install/xterra/share/xterra/local_setup.bash\n'}
[1.553486] (xterra) StdoutLine: {'line': b'-- Up-to-date: /home/ros2_ws/install/xterra/share/xterra/local_setup.sh\n'}
[1.553640] (xterra) StdoutLine: {'line': b'-- Up-to-date: /home/ros2_ws/install/xterra/share/xterra/local_setup.zsh\n'}
[1.553793] (xterra) StdoutLine: {'line': b'-- Up-to-date: /home/ros2_ws/install/xterra/share/xterra/local_setup.dsv\n'}
[1.554192] (xterra) StdoutLine: {'line': b'-- Installing: /home/ros2_ws/install/xterra/share/xterra/package.dsv\n'}
[1.554405] (xterra) StdoutLine: {'line': b'-- Up-to-date: /home/ros2_ws/install/xterra/share/ament_index/resource_index/packages/xterra\n'}
[1.554568] (xterra) StdoutLine: {'line': b'-- Up-to-date: /home/ros2_ws/install/xterra/share/xterra/cmake/export_xterra__rosidl_generator_cExport.cmake\n'}
[1.554722] (xterra) StdoutLine: {'line': b'-- Up-to-date: /home/ros2_ws/install/xterra/share/xterra/cmake/export_xterra__rosidl_generator_cExport-noconfig.cmake\n'}
[1.554876] (xterra) StdoutLine: {'line': b'-- Up-to-date: /home/ros2_ws/install/xterra/share/xterra/cmake/export_xterra__rosidl_typesupport_fastrtps_cExport.cmake\n'}
[1.555030] (xterra) StdoutLine: {'line': b'-- Up-to-date: /home/ros2_ws/install/xterra/share/xterra/cmake/export_xterra__rosidl_typesupport_fastrtps_cExport-noconfig.cmake\n'}
[1.555589] (xterra) StdoutLine: {'line': b'-- Up-to-date: /home/ros2_ws/install/xterra/share/xterra/cmake/export_xterra__rosidl_generator_cppExport.cmake\n'}
[1.555792] (xterra) StdoutLine: {'line': b'-- Up-to-date: /home/ros2_ws/install/xterra/share/xterra/cmake/export_xterra__rosidl_typesupport_fastrtps_cppExport.cmake\n'}
[1.555995] (xterra) StdoutLine: {'line': b'-- Up-to-date: /home/ros2_ws/install/xterra/share/xterra/cmake/export_xterra__rosidl_typesupport_fastrtps_cppExport-noconfig.cmake\n'}
[1.557342] (xterra) StdoutLine: {'line': b'-- Up-to-date: /home/ros2_ws/install/xterra/share/xterra/cmake/xterra__rosidl_typesupport_introspection_cExport.cmake\n'}
[1.557628] (xterra) StdoutLine: {'line': b'-- Up-to-date: /home/ros2_ws/install/xterra/share/xterra/cmake/xterra__rosidl_typesupport_introspection_cExport-noconfig.cmake\n'}
[1.559069] (xterra) StdoutLine: {'line': b'-- Up-to-date: /home/ros2_ws/install/xterra/share/xterra/cmake/xterra__rosidl_typesupport_cExport.cmake\n'}
[1.559428] (xterra) StdoutLine: {'line': b'-- Up-to-date: /home/ros2_ws/install/xterra/share/xterra/cmake/xterra__rosidl_typesupport_cExport-noconfig.cmake\n'}
[1.559920] (xterra) StdoutLine: {'line': b'-- Up-to-date: /home/ros2_ws/install/xterra/share/xterra/cmake/xterra__rosidl_typesupport_introspection_cppExport.cmake\n'}
[1.560256] (xterra) StdoutLine: {'line': b'-- Up-to-date: /home/ros2_ws/install/xterra/share/xterra/cmake/xterra__rosidl_typesupport_introspection_cppExport-noconfig.cmake\n'}
[1.561393] (xterra) StdoutLine: {'line': b'-- Up-to-date: /home/ros2_ws/install/xterra/share/xterra/cmake/xterra__rosidl_typesupport_cppExport.cmake\n'}
[1.561624] (xterra) StdoutLine: {'line': b'-- Up-to-date: /home/ros2_ws/install/xterra/share/xterra/cmake/xterra__rosidl_typesupport_cppExport-noconfig.cmake\n'}
[1.565661] (xterra) StdoutLine: {'line': b'-- Up-to-date: /home/ros2_ws/install/xterra/share/xterra/cmake/export_xterra__rosidl_generator_pyExport.cmake\n'}
[1.566353] (xterra) StdoutLine: {'line': b'-- Up-to-date: /home/ros2_ws/install/xterra/share/xterra/cmake/export_xterra__rosidl_generator_pyExport-noconfig.cmake\n'}
[1.566593] (xterra) StdoutLine: {'line': b'-- Up-to-date: /home/ros2_ws/install/xterra/share/xterra/cmake/rosidl_cmake-extras.cmake\n'}
[1.566777] (xterra) StdoutLine: {'line': b'-- Up-to-date: /home/ros2_ws/install/xterra/share/xterra/cmake/ament_cmake_export_dependencies-extras.cmake\n'}
[1.566945] (xterra) StdoutLine: {'line': b'-- Up-to-date: /home/ros2_ws/install/xterra/share/xterra/cmake/ament_cmake_export_include_directories-extras.cmake\n'}
[1.567112] (xterra) StdoutLine: {'line': b'-- Up-to-date: /home/ros2_ws/install/xterra/share/xterra/cmake/ament_cmake_export_libraries-extras.cmake\n'}
[1.567279] (xterra) StdoutLine: {'line': b'-- Up-to-date: /home/ros2_ws/install/xterra/share/xterra/cmake/ament_cmake_export_targets-extras.cmake\n'}
[1.567431] (xterra) StdoutLine: {'line': b'-- Up-to-date: /home/ros2_ws/install/xterra/share/xterra/cmake/rosidl_cmake_export_typesupport_targets-extras.cmake\n'}
[1.567588] (xterra) StdoutLine: {'line': b'-- Up-to-date: /home/ros2_ws/install/xterra/share/xterra/cmake/rosidl_cmake_export_typesupport_libraries-extras.cmake\n'}
[1.567741] (xterra) StdoutLine: {'line': b'-- Up-to-date: /home/ros2_ws/install/xterra/share/xterra/cmake/xterraConfig.cmake\n'}
[1.567893] (xterra) StdoutLine: {'line': b'-- Up-to-date: /home/ros2_ws/install/xterra/share/xterra/cmake/xterraConfig-version.cmake\n'}
[1.568043] (xterra) StdoutLine: {'line': b'-- Up-to-date: /home/ros2_ws/install/xterra/share/xterra/package.xml\n'}
[1.576014] (xterra) CommandEnded: {'returncode': 0}
[1.607717] (-) TimerEvent: {}
[1.681606] (xterra) JobEnded: {'identifier': 'xterra', 'rc': 0}
[1.684065] (-) EventReactorShutdown: {}
