[0.000000] (-) TimerEvent: {}
[0.000320] (-) JobUnselected: {'identifier': 'cyclonedds'}
[0.000806] (-) JobUnselected: {'identifier': 'dds_utils'}
[0.001433] (-) JobUnselected: {'identifier': 'livox_ros_driver2'}
[0.001724] (-) JobUnselected: {'identifier': 'm2_metal_description'}
[0.002052] (-) JobUnselected: {'identifier': 'orbbec_camera'}
[0.002159] (-) JobUnselected: {'identifier': 'orbbec_camera_msgs'}
[0.002243] (-) JobUnselected: {'identifier': 'orbbec_description'}
[0.002319] (-) JobUnselected: {'identifier': 'realsense2_camera'}
[0.002391] (-) JobUnselected: {'identifier': 'realsense2_camera_msgs'}
[0.002463] (-) JobUnselected: {'identifier': 'realsense2_description'}
[0.002537] (-) JobUnselected: {'identifier': 'xterra'}
[0.002600] (-) JobUnselected: {'identifier': 'xterra_perception_api'}
[0.002644] (sensor_description) JobQueued: {'identifier': 'sensor_description', 'dependencies': OrderedDict()}
[0.002688] (sensor_description) JobStarted: {'identifier': 'sensor_description'}
[0.035770] (sensor_description) JobProgress: {'identifier': 'sensor_description', 'progress': 'cmake'}
[0.037445] (sensor_description) JobProgress: {'identifier': 'sensor_description', 'progress': 'build'}
[0.039030] (sensor_description) Command: {'cmd': ['/usr/bin/cmake', '--build', '/home/ros2_ws/build/sensor_description'], 'cwd': '/home/ros2_ws/build/sensor_description', 'env': OrderedDict([('CMAKE_BUILD_PARALLEL_LEVEL', '3'), ('HOSTNAME', 'xterra-orin'), ('SHLVL', '1'), ('LD_LIBRARY_PATH', '/opt/ros/humble/lib/aarch64-linux-gnu:/opt/ros/humble/lib:/usr/local/lib:'), ('HOME', '/root'), ('OLDPWD', '/home/ros2_ws'), ('ROS_PYTHON_VERSION', '3'), ('MAKEFLAGS', '-j3'), ('ROS_DISTRO', 'humble'), ('_', '/usr/bin/colcon'), ('ROS_VERSION', '2'), ('NVIDIA_DRIVER_CAPABILITIES', 'all'), ('OrbbecSDK_DIR', '/usr/local/lib/cmake/OrbbecSDK'), ('ROS_LOCALHOST_ONLY', '0'), ('QT_X11_NO_MITSHM', '1'), ('PATH', '/opt/ros/humble/bin:/usr/local/sbin:/usr/local/bin:/usr/sbin:/usr/bin:/sbin:/bin'), ('DISPLAY', ''), ('LANG', 'C.UTF-8'), ('RMW_IMPLEMENTATION', 'rmw_cyclonedds_cpp'), ('ROS_DOMAIN_ID', '0'), ('AMENT_PREFIX_PATH', '/opt/ros/humble'), ('DEBIAN_FRONTEND', 'noninteractive'), ('PWD', '/home/ros2_ws/build/sensor_description'), ('LC_ALL', 'C.UTF-8'), ('PYTHONPATH', '/opt/ros/humble/lib/python3.10/site-packages:/opt/ros/humble/local/lib/python3.10/dist-packages'), ('NVIDIA_VISIBLE_DEVICES', 'all'), ('COLCON', '1'), ('CMAKE_PREFIX_PATH', '/opt/OrbbecSDK_v2.4.11/lib::/opt/ros/humble')]), 'shell': False}
[0.099320] (-) TimerEvent: {}
[0.199935] (-) TimerEvent: {}
[0.255770] (sensor_description) StdoutLine: {'line': b'-- Found ament_cmake: 1.3.13 (/opt/ros/humble/share/ament_cmake/cmake)\n'}
[0.300089] (-) TimerEvent: {}
[0.400998] (-) TimerEvent: {}
[0.501817] (-) TimerEvent: {}
[0.602725] (-) TimerEvent: {}
[0.614739] (sensor_description) StdoutLine: {'line': b'-- Found rclcpp: 16.0.18 (/opt/ros/humble/share/rclcpp/cmake)\n'}
[0.703508] (-) TimerEvent: {}
[0.761851] (sensor_description) StdoutLine: {'line': b'-- Found rosidl_generator_c: 3.1.8 (/opt/ros/humble/share/rosidl_generator_c/cmake)\n'}
[0.772357] (sensor_description) StdoutLine: {'line': b'-- Found rosidl_adapter: 3.1.8 (/opt/ros/humble/share/rosidl_adapter/cmake)\n'}
[0.799467] (sensor_description) StdoutLine: {'line': b'-- Found rosidl_generator_cpp: 3.1.8 (/opt/ros/humble/share/rosidl_generator_cpp/cmake)\n'}
[0.803561] (-) TimerEvent: {}
[0.832151] (sensor_description) StdoutLine: {'line': b'-- Using all available rosidl_typesupport_c: rosidl_typesupport_fastrtps_c;rosidl_typesupport_introspection_c\n'}
[0.871888] (sensor_description) StdoutLine: {'line': b'-- Using all available rosidl_typesupport_cpp: rosidl_typesupport_fastrtps_cpp;rosidl_typesupport_introspection_cpp\n'}
[0.903677] (-) TimerEvent: {}
[0.969627] (sensor_description) StdoutLine: {'line': b'-- Found rmw_implementation_cmake: 6.1.2 (/opt/ros/humble/share/rmw_implementation_cmake/cmake)\n'}
[0.975103] (sensor_description) StdoutLine: {'line': b'-- Found rmw_cyclonedds_cpp: 1.3.4 (/opt/ros/humble/share/rmw_cyclonedds_cpp/cmake)\n'}
[1.003786] (-) TimerEvent: {}
[1.035283] (sensor_description) StdoutLine: {'line': b"-- Using RMW implementation 'rmw_cyclonedds_cpp' as default\n"}
[1.103900] (-) TimerEvent: {}
[1.173675] (sensor_description) StdoutLine: {'line': b'-- Found rclpy: 3.3.20 (/opt/ros/humble/share/rclpy/cmake)\n'}
[1.174485] (sensor_description) StdoutLine: {'line': b'-- Found rosidl_default_generators: 1.2.0 (/opt/ros/humble/share/rosidl_default_generators/cmake)\n'}
[1.194170] (sensor_description) StdoutLine: {'line': b'-- Found ament_lint_auto: 0.12.15 (/opt/ros/humble/share/ament_lint_auto/cmake)\n'}
[1.204001] (-) TimerEvent: {}
[1.304318] (-) TimerEvent: {}
[1.365892] (sensor_description) StdoutLine: {'line': b'-- Configuring done\n'}
[1.383095] (sensor_description) StdoutLine: {'line': b'-- Generating done\n'}
[1.392238] (sensor_description) StdoutLine: {'line': b'-- Build files have been written to: /home/ros2_ws/build/sensor_description\n'}
[1.404430] (-) TimerEvent: {}
[1.476051] (sensor_description) CommandEnded: {'returncode': 0}
[1.478379] (sensor_description) JobProgress: {'identifier': 'sensor_description', 'progress': 'install'}
[1.504211] (sensor_description) Command: {'cmd': ['/usr/bin/cmake', '--install', '/home/ros2_ws/build/sensor_description'], 'cwd': '/home/ros2_ws/build/sensor_description', 'env': OrderedDict([('CMAKE_BUILD_PARALLEL_LEVEL', '3'), ('HOSTNAME', 'xterra-orin'), ('SHLVL', '1'), ('LD_LIBRARY_PATH', '/opt/ros/humble/lib/aarch64-linux-gnu:/opt/ros/humble/lib:/usr/local/lib:'), ('HOME', '/root'), ('OLDPWD', '/home/ros2_ws'), ('ROS_PYTHON_VERSION', '3'), ('MAKEFLAGS', '-j3'), ('ROS_DISTRO', 'humble'), ('_', '/usr/bin/colcon'), ('ROS_VERSION', '2'), ('NVIDIA_DRIVER_CAPABILITIES', 'all'), ('OrbbecSDK_DIR', '/usr/local/lib/cmake/OrbbecSDK'), ('ROS_LOCALHOST_ONLY', '0'), ('QT_X11_NO_MITSHM', '1'), ('PATH', '/opt/ros/humble/bin:/usr/local/sbin:/usr/local/bin:/usr/sbin:/usr/bin:/sbin:/bin'), ('DISPLAY', ''), ('LANG', 'C.UTF-8'), ('RMW_IMPLEMENTATION', 'rmw_cyclonedds_cpp'), ('ROS_DOMAIN_ID', '0'), ('AMENT_PREFIX_PATH', '/opt/ros/humble'), ('DEBIAN_FRONTEND', 'noninteractive'), ('PWD', '/home/ros2_ws/build/sensor_description'), ('LC_ALL', 'C.UTF-8'), ('PYTHONPATH', '/opt/ros/humble/lib/python3.10/site-packages:/opt/ros/humble/local/lib/python3.10/dist-packages'), ('NVIDIA_VISIBLE_DEVICES', 'all'), ('COLCON', '1'), ('CMAKE_PREFIX_PATH', '/opt/OrbbecSDK_v2.4.11/lib::/opt/ros/humble')]), 'shell': False}
[1.505777] (-) TimerEvent: {}
[1.529840] (sensor_description) StdoutLine: {'line': b'-- Install configuration: ""\n'}
[1.530268] (sensor_description) StdoutLine: {'line': b'-- Up-to-date: /home/ros2_ws/install/sensor_description/share/sensor_description//meshes\n'}
[1.530650] (sensor_description) StdoutLine: {'line': b'-- Installing: /home/ros2_ws/install/sensor_description/share/sensor_description//meshes/r200.jpg\n'}
[1.530803] (sensor_description) StdoutLine: {'line': b'-- Installing: /home/ros2_ws/install/sensor_description/share/sensor_description//meshes/lydar.STL\n'}
[1.564091] (sensor_description) StdoutLine: {'line': b'-- Installing: /home/ros2_ws/install/sensor_description/share/sensor_description//meshes/d415.stl\n'}
[1.606065] (-) TimerEvent: {}
[1.615431] (sensor_description) StdoutLine: {'line': b'-- Installing: /home/ros2_ws/install/sensor_description/share/sensor_description//meshes/rplidar-a2.stl\n'}
[1.706216] (-) TimerEvent: {}
[1.806684] (-) TimerEvent: {}
[1.832458] (sensor_description) StdoutLine: {'line': b'-- Installing: /home/ros2_ws/install/sensor_description/share/sensor_description//meshes/lds.stl\n'}
[1.834334] (sensor_description) StdoutLine: {'line': b'-- Installing: /home/ros2_ws/install/sensor_description/share/sensor_description//meshes/astra.dae\n'}
[1.856506] (sensor_description) StdoutLine: {'line': b'-- Installing: /home/ros2_ws/install/sensor_description/share/sensor_description//meshes/plug_collision.stl\n'}
[1.857023] (sensor_description) StdoutLine: {'line': b'-- Up-to-date: /home/ros2_ws/install/sensor_description/share/sensor_description//meshes/gemini335_336\n'}
[1.857175] (sensor_description) StdoutLine: {'line': b'-- Installing: /home/ros2_ws/install/sensor_description/share/sensor_description//meshes/gemini335_336/camera_color_frame.STL\n'}
[1.858153] (sensor_description) StdoutLine: {'line': b'-- Installing: /home/ros2_ws/install/sensor_description/share/sensor_description//meshes/gemini335_336/camera_infra_1_optical_frame.STL\n'}
[1.859363] (sensor_description) StdoutLine: {'line': b'-- Installing: /home/ros2_ws/install/sensor_description/share/sensor_description//meshes/gemini335_336/camera_depth_frame.STL\n'}
[1.860566] (sensor_description) StdoutLine: {'line': b'-- Installing: /home/ros2_ws/install/sensor_description/share/sensor_description//meshes/gemini335_336/camera_infra2_optical_frame.STL\n'}
[1.861791] (sensor_description) StdoutLine: {'line': b'-- Installing: /home/ros2_ws/install/sensor_description/share/sensor_description//meshes/gemini335_336/camera_depth_optical_frame.STL\n'}
[1.862957] (sensor_description) StdoutLine: {'line': b'-- Installing: /home/ros2_ws/install/sensor_description/share/sensor_description//meshes/gemini335_336/camera_color_optical_frame.STL\n'}
[1.864137] (sensor_description) StdoutLine: {'line': b'-- Installing: /home/ros2_ws/install/sensor_description/share/sensor_description//meshes/gemini335_336/camera_link.STL\n'}
[1.870538] (sensor_description) StdoutLine: {'line': b'-- Installing: /home/ros2_ws/install/sensor_description/share/sensor_description//meshes/gemini335_336/camera_infra2_frame.STL\n'}
[1.871682] (sensor_description) StdoutLine: {'line': b'-- Installing: /home/ros2_ws/install/sensor_description/share/sensor_description//meshes/gemini335_336/camera_infra_1_frame.STL\n'}
[1.872867] (sensor_description) StdoutLine: {'line': b'-- Installing: /home/ros2_ws/install/sensor_description/share/sensor_description//meshes/gemini335_336/camera_bottom_screw_frame.STL\n'}
[1.876322] (sensor_description) StdoutLine: {'line': b'-- Installing: /home/ros2_ws/install/sensor_description/share/sensor_description//meshes/rplidar.dae\n'}
[1.877520] (sensor_description) StdoutLine: {'line': b'-- Installing: /home/ros2_ws/install/sensor_description/share/sensor_description//meshes/r200.dae\n'}
[1.878303] (sensor_description) StdoutLine: {'line': b'-- Installing: /home/ros2_ws/install/sensor_description/share/sensor_description//meshes/t265.stl\n'}
[1.878789] (sensor_description) StdoutLine: {'line': b'-- Installing: /home/ros2_ws/install/sensor_description/share/sensor_description//meshes/rplidar2.dae\n'}
[1.879414] (sensor_description) StdoutLine: {'line': b'-- Installing: /home/ros2_ws/install/sensor_description/share/sensor_description//meshes/d435.dae\n'}
[1.906824] (-) TimerEvent: {}
[1.917112] (sensor_description) StdoutLine: {'line': b'-- Installing: /home/ros2_ws/install/sensor_description/share/sensor_description//meshes/astra.jpg\n'}
[1.917764] (sensor_description) StdoutLine: {'line': b'-- Installing: /home/ros2_ws/install/sensor_description/share/sensor_description//meshes/plug.stl\n'}
[1.918509] (sensor_description) StdoutLine: {'line': b'-- Up-to-date: /home/ros2_ws/install/sensor_description/share/sensor_description//xacro\n'}
[1.918778] (sensor_description) StdoutLine: {'line': b'-- Installing: /home/ros2_ws/install/sensor_description/share/sensor_description//xacro/threeD_lidar.xacro\n'}
[1.919020] (sensor_description) StdoutLine: {'line': b'-- Installing: /home/ros2_ws/install/sensor_description/share/sensor_description//xacro/gemini_335.xacro\n'}
[1.919345] (sensor_description) StdoutLine: {'line': b'-- Installing: /home/ros2_ws/install/sensor_description/share/sensor_description//xacro/livox_mid360.xacro\n'}
[1.919608] (sensor_description) StdoutLine: {'line': b'-- Installing: /home/ros2_ws/install/sensor_description/share/sensor_description//xacro/d435.urdf.xacro\n'}
[1.920039] (sensor_description) StdoutLine: {'line': b'-- Installing: /home/ros2_ws/install/sensor_description/share/sensor_description//xacro/rgbd_cam.xacro\n'}
[1.920283] (sensor_description) StdoutLine: {'line': b'-- Installing: /home/ros2_ws/install/sensor_description/share/sensor_description//xacro/d435.gazebo.xacro\n'}
[1.920528] (sensor_description) StdoutLine: {'line': b'-- Installing: /home/ros2_ws/install/sensor_description/share/sensor_description//xacro/twoD_lidar.xacro\n'}
[1.920985] (sensor_description) StdoutLine: {'line': b'-- Installing: /home/ros2_ws/install/sensor_description/share/ament_index/resource_index/package_run_dependencies/sensor_description\n'}
[1.921370] (sensor_description) StdoutLine: {'line': b'-- Installing: /home/ros2_ws/install/sensor_description/share/ament_index/resource_index/parent_prefix_path/sensor_description\n'}
[1.921812] (sensor_description) StdoutLine: {'line': b'-- Installing: /home/ros2_ws/install/sensor_description/share/sensor_description/environment/ament_prefix_path.sh\n'}
[1.922178] (sensor_description) StdoutLine: {'line': b'-- Installing: /home/ros2_ws/install/sensor_description/share/sensor_description/environment/ament_prefix_path.dsv\n'}
[1.922533] (sensor_description) StdoutLine: {'line': b'-- Installing: /home/ros2_ws/install/sensor_description/share/sensor_description/environment/path.sh\n'}
[1.922917] (sensor_description) StdoutLine: {'line': b'-- Installing: /home/ros2_ws/install/sensor_description/share/sensor_description/environment/path.dsv\n'}
[1.923236] (sensor_description) StdoutLine: {'line': b'-- Installing: /home/ros2_ws/install/sensor_description/share/sensor_description/local_setup.bash\n'}
[1.923571] (sensor_description) StdoutLine: {'line': b'-- Installing: /home/ros2_ws/install/sensor_description/share/sensor_description/local_setup.sh\n'}
[1.923917] (sensor_description) StdoutLine: {'line': b'-- Installing: /home/ros2_ws/install/sensor_description/share/sensor_description/local_setup.zsh\n'}
[1.924233] (sensor_description) StdoutLine: {'line': b'-- Installing: /home/ros2_ws/install/sensor_description/share/sensor_description/local_setup.dsv\n'}
[1.924551] (sensor_description) StdoutLine: {'line': b'-- Installing: /home/ros2_ws/install/sensor_description/share/sensor_description/package.dsv\n'}
[1.924924] (sensor_description) StdoutLine: {'line': b'-- Installing: /home/ros2_ws/install/sensor_description/share/ament_index/resource_index/packages/sensor_description\n'}
[1.925226] (sensor_description) StdoutLine: {'line': b'-- Installing: /home/ros2_ws/install/sensor_description/share/sensor_description/cmake/sensor_descriptionConfig.cmake\n'}
[1.925507] (sensor_description) StdoutLine: {'line': b'-- Installing: /home/ros2_ws/install/sensor_description/share/sensor_description/cmake/sensor_descriptionConfig-version.cmake\n'}
[1.925815] (sensor_description) StdoutLine: {'line': b'-- Installing: /home/ros2_ws/install/sensor_description/share/sensor_description/package.xml\n'}
[1.931063] (sensor_description) CommandEnded: {'returncode': 0}
[2.006978] (-) TimerEvent: {}
[2.035822] (sensor_description) JobEnded: {'identifier': 'sensor_description', 'rc': 0}
[2.038972] (-) EventReactorShutdown: {}
