[0.000000] (-) TimerEvent: {}
[0.000366] (-) JobUnselected: {'identifier': 'cyclonedds'}
[0.000770] (-) JobUnselected: {'identifier': 'm2_metal_description'}
[0.001410] (-) JobUnselected: {'identifier': 'orbbec_camera'}
[0.001717] (-) JobUnselected: {'identifier': 'orbbec_camera_msgs'}
[0.001974] (-) JobUnselected: {'identifier': 'orbbec_description'}
[0.002075] (-) JobUnselected: {'identifier': 'realsense2_camera'}
[0.002154] (-) JobUnselected: {'identifier': 'realsense2_camera_msgs'}
[0.002224] (-) JobUnselected: {'identifier': 'realsense2_description'}
[0.002296] (-) JobUnselected: {'identifier': 'sensor_description'}
[0.002369] (-) JobUnselected: {'identifier': 'xterra'}
[0.002414] (livox_ros_driver2) JobQueued: {'identifier': 'livox_ros_driver2', 'dependencies': OrderedDict()}
[0.002502] (livox_ros_driver2) JobStarted: {'identifier': 'livox_ros_driver2'}
[0.026956] (livox_ros_driver2) JobProgress: {'identifier': 'livox_ros_driver2', 'progress': 'cmake'}
[0.031099] (livox_ros_driver2) JobProgress: {'identifier': 'livox_ros_driver2', 'progress': 'build'}
[0.032902] (livox_ros_driver2) Command: {'cmd': ['/usr/bin/cmake', '--build', '/home/ros2_ws/build/livox_ros_driver2'], 'cwd': '/home/ros2_ws/build/livox_ros_driver2', 'env': OrderedDict([('CMAKE_BUILD_PARALLEL_LEVEL', '3'), ('HOSTNAME', 'xterra-orin'), ('SHLVL', '1'), ('LD_LIBRARY_PATH', '/home/ros2_ws/install/xterra_perception_api/lib:/home/ros2_ws/install/xterra/lib:/home/ros2_ws/install/realsense2_camera/lib:/home/ros2_ws/install/realsense2_camera_msgs/lib:/home/ros2_ws/install/livox_ros_driver2/lib:/opt/ros/humble/opt/rviz_ogre_vendor/lib:/opt/ros/humble/lib/aarch64-linux-gnu:/opt/ros/humble/lib:/usr/local/lib:/home/ros/install/lib'), ('HOME', '/root'), ('OLDPWD', '/home/ros2_ws'), ('ROS_PYTHON_VERSION', '3'), ('MAKEFLAGS', '-j3'), ('COLCON_PREFIX_PATH', '/home/ros2_ws/install'), ('ROS_DISTRO', 'humble'), ('_', '/usr/bin/colcon'), ('ROS_VERSION', '2'), ('NVIDIA_DRIVER_CAPABILITIES', 'all'), ('OrbbecSDK_DIR', '/usr/local/lib/cmake/OrbbecSDK'), ('ROS_LOCALHOST_ONLY', '0'), ('QT_X11_NO_MITSHM', '1'), ('PATH', '/opt/ros/humble/bin:/home/ros/install/bin:/usr/local/sbin:/usr/local/bin:/usr/sbin:/usr/bin:/sbin:/bin'), ('DISPLAY', ''), ('LANG', 'C.UTF-8'), ('RMW_IMPLEMENTATION', 'rmw_cyclonedds_cpp'), ('CYCLONEDDS_HOME', '/home/ros/install'), ('ROS_DOMAIN_ID', '0'), ('AMENT_PREFIX_PATH', '/home/ros2_ws/install/xterra_perception_api:/home/ros2_ws/install/xterra:/home/ros2_ws/install/m2_metal_description:/home/ros2_ws/install/sensor_description:/home/ros2_ws/install/realsense2_camera:/home/ros2_ws/install/realsense2_camera_msgs:/home/ros2_ws/install/livox_ros_driver2:/opt/ros/humble'), ('DEBIAN_FRONTEND', 'noninteractive'), ('PWD', '/home/ros2_ws/build/livox_ros_driver2'), ('LC_ALL', 'C.UTF-8'), ('PYTHONPATH', '/home/ros2_ws/install/xterra/local/lib/python3.10/dist-packages:/home/ros2_ws/install/realsense2_camera_msgs/local/lib/python3.10/dist-packages:/home/ros2_ws/install/livox_ros_driver2/local/lib/python3.10/dist-packages:/opt/ros/humble/lib/python3.10/site-packages:/opt/ros/humble/local/lib/python3.10/dist-packages'), ('NVIDIA_VISIBLE_DEVICES', 'all'), ('COLCON', '1'), ('CMAKE_PREFIX_PATH', '/home/ros2_ws/install/xterra_perception_api:/home/ros2_ws/install/xterra:/home/ros2_ws/install/m2_metal_description:/home/ros2_ws/install/sensor_description:/home/ros2_ws/install/realsense2_camera:/home/ros2_ws/install/realsense2_camera_msgs:/home/ros2_ws/install/livox_ros_driver2:/opt/OrbbecSDK_v2.4.11/lib::/opt/ros/humble')]), 'shell': False}
[0.099217] (-) TimerEvent: {}
[0.171806] (livox_ros_driver2) StdoutLine: {'line': b'Consolidate compiler generated dependencies of target livox_interfaces2__rosidl_generator_c\n'}
[0.199463] (-) TimerEvent: {}
[0.202467] (livox_ros_driver2) StdoutLine: {'line': b'[  3%] Built target livox_interfaces2__rs\n'}
[0.203031] (livox_ros_driver2) StdoutLine: {'line': b'[  3%] Built target livox_interfaces2__cpp\n'}
[0.210492] (livox_ros_driver2) StdoutLine: {'line': b'[ 10%] Built target livox_interfaces2__rosidl_generator_c\n'}
[0.241133] (livox_ros_driver2) StdoutLine: {'line': b'Consolidate compiler generated dependencies of target livox_ros_driver2_node\n'}
[0.244247] (livox_ros_driver2) StdoutLine: {'line': b'Consolidate compiler generated dependencies of target livox_interfaces2__rosidl_typesupport_fastrtps_c\n'}
[0.280660] (livox_ros_driver2) StdoutLine: {'line': b'[ 17%] Built target livox_interfaces2__rosidl_typesupport_fastrtps_c\n'}
[0.285697] (livox_ros_driver2) StdoutLine: {'line': b'[ 20%] Built target livox_ros_driver2_node\n'}
[0.286379] (livox_ros_driver2) StdoutLine: {'line': b'[ 20%] Built target ament_cmake_python_symlink_livox_ros_driver2\n'}
[0.299631] (-) TimerEvent: {}
[0.316110] (livox_ros_driver2) StdoutLine: {'line': b'Consolidate compiler generated dependencies of target livox_interfaces2__rosidl_typesupport_c\n'}
[0.316772] (livox_ros_driver2) StdoutLine: {'line': b'Consolidate compiler generated dependencies of target livox_interfaces2__rosidl_typesupport_introspection_c\n'}
[0.318682] (livox_ros_driver2) StdoutLine: {'line': b'Consolidate compiler generated dependencies of target livox_interfaces2__rosidl_typesupport_fastrtps_cpp\n'}
[0.352898] (livox_ros_driver2) StdoutLine: {'line': b'[ 34%] Built target livox_interfaces2__rosidl_typesupport_introspection_c\n'}
[0.353485] (livox_ros_driver2) StdoutLine: {'line': b'[ 34%] Built target livox_interfaces2__rosidl_typesupport_c\n'}
[0.357043] (livox_ros_driver2) StdoutLine: {'line': b'[ 41%] Built target livox_interfaces2__rosidl_typesupport_fastrtps_cpp\n'}
[0.392222] (livox_ros_driver2) StdoutLine: {'line': b'Consolidate compiler generated dependencies of target livox_interfaces2__rosidl_typesupport_introspection_cpp\n'}
[0.392798] (livox_ros_driver2) StdoutLine: {'line': b'Consolidate compiler generated dependencies of target livox_interfaces2__rosidl_typesupport_cpp\n'}
[0.399795] (-) TimerEvent: {}
[0.425520] (livox_ros_driver2) StdoutLine: {'line': b'[ 55%] Built target livox_interfaces2__rosidl_typesupport_cpp\n'}
[0.426107] (livox_ros_driver2) StdoutLine: {'line': b'[ 55%] Built target livox_interfaces2__rosidl_typesupport_introspection_cpp\n'}
[0.490450] (livox_ros_driver2) StdoutLine: {'line': b'[ 55%] Built target livox_interfaces2\n'}
[0.499967] (-) TimerEvent: {}
[0.521190] (livox_ros_driver2) StdoutLine: {'line': b'Consolidate compiler generated dependencies of target livox_ros_driver2\n'}
[0.553524] (livox_ros_driver2) StdoutLine: {'line': b'[ 56%] Built target livox_interfaces2__py\n'}
[0.589901] (livox_ros_driver2) StdoutLine: {'line': b'Consolidate compiler generated dependencies of target livox_interfaces2__rosidl_generator_py\n'}
[0.597871] (livox_ros_driver2) StdoutLine: {'line': b'[ 84%] Built target livox_ros_driver2\n'}
[0.600028] (-) TimerEvent: {}
[0.623261] (livox_ros_driver2) StdoutLine: {'line': b'[ 89%] Built target livox_interfaces2__rosidl_generator_py\n'}
[0.655316] (livox_ros_driver2) StdoutLine: {'line': b'Consolidate compiler generated dependencies of target livox_ros_driver2__rosidl_typesupport_introspection_c__pyext\n'}
[0.655953] (livox_ros_driver2) StdoutLine: {'line': b'Consolidate compiler generated dependencies of target livox_ros_driver2__rosidl_typesupport_fastrtps_c__pyext\n'}
[0.690746] (livox_ros_driver2) StdoutLine: {'line': b'[ 96%] Built target livox_ros_driver2__rosidl_typesupport_introspection_c__pyext\n'}
[0.691359] (livox_ros_driver2) StdoutLine: {'line': b'[ 96%] Built target livox_ros_driver2__rosidl_typesupport_fastrtps_c__pyext\n'}
[0.700127] (-) TimerEvent: {}
[0.723149] (livox_ros_driver2) StdoutLine: {'line': b'Consolidate compiler generated dependencies of target livox_ros_driver2__rosidl_typesupport_c__pyext\n'}
[0.758630] (livox_ros_driver2) StdoutLine: {'line': b'[100%] Built target livox_ros_driver2__rosidl_typesupport_c__pyext\n'}
[0.800282] (-) TimerEvent: {}
[0.899181] (livox_ros_driver2) StdoutLine: {'line': b'running egg_info\n'}
[0.900350] (-) TimerEvent: {}
[0.900872] (livox_ros_driver2) StdoutLine: {'line': b'writing livox_ros_driver2.egg-info/PKG-INFO\n'}
[0.901737] (livox_ros_driver2) StdoutLine: {'line': b'writing dependency_links to livox_ros_driver2.egg-info/dependency_links.txt\n'}
[0.902239] (livox_ros_driver2) StdoutLine: {'line': b'writing top-level names to livox_ros_driver2.egg-info/top_level.txt\n'}
[0.907599] (livox_ros_driver2) StdoutLine: {'line': b"reading manifest file 'livox_ros_driver2.egg-info/SOURCES.txt'\n"}
[0.908959] (livox_ros_driver2) StdoutLine: {'line': b"writing manifest file 'livox_ros_driver2.egg-info/SOURCES.txt'\n"}
[1.000657] (-) TimerEvent: {}
[1.013649] (livox_ros_driver2) StdoutLine: {'line': b'[100%] Built target ament_cmake_python_build_livox_ros_driver2_egg\n'}
[1.055814] (livox_ros_driver2) CommandEnded: {'returncode': 0}
[1.058279] (livox_ros_driver2) JobProgress: {'identifier': 'livox_ros_driver2', 'progress': 'install'}
[1.089801] (livox_ros_driver2) Command: {'cmd': ['/usr/bin/cmake', '--install', '/home/ros2_ws/build/livox_ros_driver2'], 'cwd': '/home/ros2_ws/build/livox_ros_driver2', 'env': OrderedDict([('CMAKE_BUILD_PARALLEL_LEVEL', '3'), ('HOSTNAME', 'xterra-orin'), ('SHLVL', '1'), ('LD_LIBRARY_PATH', '/home/ros2_ws/install/xterra_perception_api/lib:/home/ros2_ws/install/xterra/lib:/home/ros2_ws/install/realsense2_camera/lib:/home/ros2_ws/install/realsense2_camera_msgs/lib:/home/ros2_ws/install/livox_ros_driver2/lib:/opt/ros/humble/opt/rviz_ogre_vendor/lib:/opt/ros/humble/lib/aarch64-linux-gnu:/opt/ros/humble/lib:/usr/local/lib:/home/ros/install/lib'), ('HOME', '/root'), ('OLDPWD', '/home/ros2_ws'), ('ROS_PYTHON_VERSION', '3'), ('MAKEFLAGS', '-j3'), ('COLCON_PREFIX_PATH', '/home/ros2_ws/install'), ('ROS_DISTRO', 'humble'), ('_', '/usr/bin/colcon'), ('ROS_VERSION', '2'), ('NVIDIA_DRIVER_CAPABILITIES', 'all'), ('OrbbecSDK_DIR', '/usr/local/lib/cmake/OrbbecSDK'), ('ROS_LOCALHOST_ONLY', '0'), ('QT_X11_NO_MITSHM', '1'), ('PATH', '/opt/ros/humble/bin:/home/ros/install/bin:/usr/local/sbin:/usr/local/bin:/usr/sbin:/usr/bin:/sbin:/bin'), ('DISPLAY', ''), ('LANG', 'C.UTF-8'), ('RMW_IMPLEMENTATION', 'rmw_cyclonedds_cpp'), ('CYCLONEDDS_HOME', '/home/ros/install'), ('ROS_DOMAIN_ID', '0'), ('AMENT_PREFIX_PATH', '/home/ros2_ws/install/xterra_perception_api:/home/ros2_ws/install/xterra:/home/ros2_ws/install/m2_metal_description:/home/ros2_ws/install/sensor_description:/home/ros2_ws/install/realsense2_camera:/home/ros2_ws/install/realsense2_camera_msgs:/home/ros2_ws/install/livox_ros_driver2:/opt/ros/humble'), ('DEBIAN_FRONTEND', 'noninteractive'), ('PWD', '/home/ros2_ws/build/livox_ros_driver2'), ('LC_ALL', 'C.UTF-8'), ('PYTHONPATH', '/home/ros2_ws/install/xterra/local/lib/python3.10/dist-packages:/home/ros2_ws/install/realsense2_camera_msgs/local/lib/python3.10/dist-packages:/home/ros2_ws/install/livox_ros_driver2/local/lib/python3.10/dist-packages:/opt/ros/humble/lib/python3.10/site-packages:/opt/ros/humble/local/lib/python3.10/dist-packages'), ('NVIDIA_VISIBLE_DEVICES', 'all'), ('COLCON', '1'), ('CMAKE_PREFIX_PATH', '/home/ros2_ws/install/xterra_perception_api:/home/ros2_ws/install/xterra:/home/ros2_ws/install/m2_metal_description:/home/ros2_ws/install/sensor_description:/home/ros2_ws/install/realsense2_camera:/home/ros2_ws/install/realsense2_camera_msgs:/home/ros2_ws/install/livox_ros_driver2:/opt/OrbbecSDK_v2.4.11/lib::/opt/ros/humble')]), 'shell': False}
[1.100746] (-) TimerEvent: {}
[1.119130] (livox_ros_driver2) StdoutLine: {'line': b'-- Install configuration: ""\n'}
[1.120539] (livox_ros_driver2) StdoutLine: {'line': b'-- Execute custom install script\n'}
[1.121111] (livox_ros_driver2) StdoutLine: {'line': b'-- Up-to-date symlink: /home/ros2_ws/install/livox_ros_driver2/share/ament_index/resource_index/rosidl_interfaces/livox_ros_driver2\n'}
[1.122137] (livox_ros_driver2) StdoutLine: {'line': b'-- Up-to-date symlink: /home/ros2_ws/install/livox_ros_driver2/include/livox_ros_driver2/livox_ros_driver2/msg/custom_msg.h\n'}
[1.122891] (livox_ros_driver2) StdoutLine: {'line': b'-- Up-to-date symlink: /home/ros2_ws/install/livox_ros_driver2/include/livox_ros_driver2/livox_ros_driver2/msg/custom_point.h\n'}
[1.123489] (livox_ros_driver2) StdoutLine: {'line': b'-- Up-to-date symlink: /home/ros2_ws/install/livox_ros_driver2/include/livox_ros_driver2/livox_ros_driver2/msg/detail/custom_msg__functions.h\n'}
[1.123964] (livox_ros_driver2) StdoutLine: {'line': b'-- Up-to-date symlink: /home/ros2_ws/install/livox_ros_driver2/include/livox_ros_driver2/livox_ros_driver2/msg/detail/custom_msg__struct.h\n'}
[1.124362] (livox_ros_driver2) StdoutLine: {'line': b'-- Up-to-date symlink: /home/ros2_ws/install/livox_ros_driver2/include/livox_ros_driver2/livox_ros_driver2/msg/detail/custom_msg__type_support.h\n'}
[1.124726] (livox_ros_driver2) StdoutLine: {'line': b'-- Up-to-date symlink: /home/ros2_ws/install/livox_ros_driver2/include/livox_ros_driver2/livox_ros_driver2/msg/detail/custom_point__functions.h\n'}
[1.124961] (livox_ros_driver2) StdoutLine: {'line': b'-- Up-to-date symlink: /home/ros2_ws/install/livox_ros_driver2/include/livox_ros_driver2/livox_ros_driver2/msg/detail/custom_point__struct.h\n'}
[1.125184] (livox_ros_driver2) StdoutLine: {'line': b'-- Up-to-date symlink: /home/ros2_ws/install/livox_ros_driver2/include/livox_ros_driver2/livox_ros_driver2/msg/detail/custom_point__type_support.h\n'}
[1.125531] (livox_ros_driver2) StdoutLine: {'line': b'-- Up-to-date symlink: /home/ros2_ws/install/livox_ros_driver2/include/livox_ros_driver2/livox_ros_driver2/msg/rosidl_generator_c__visibility_control.h\n'}
[1.126004] (livox_ros_driver2) StdoutLine: {'line': b'-- Up-to-date symlink: /home/ros2_ws/install/livox_ros_driver2/share/livox_ros_driver2/environment/library_path.sh\n'}
[1.126239] (livox_ros_driver2) StdoutLine: {'line': b'-- Up-to-date symlink: /home/ros2_ws/install/livox_ros_driver2/share/livox_ros_driver2/environment/library_path.dsv\n'}
[1.126455] (livox_ros_driver2) StdoutLine: {'line': b'-- Up-to-date symlink: /home/ros2_ws/install/livox_ros_driver2/include/livox_ros_driver2/livox_ros_driver2/msg/detail/custom_msg__rosidl_typesupport_fastrtps_c.h\n'}
[1.126939] (livox_ros_driver2) StdoutLine: {'line': b'-- Up-to-date symlink: /home/ros2_ws/install/livox_ros_driver2/include/livox_ros_driver2/livox_ros_driver2/msg/detail/custom_point__rosidl_typesupport_fastrtps_c.h\n'}
[1.127312] (livox_ros_driver2) StdoutLine: {'line': b'-- Up-to-date symlink: /home/ros2_ws/install/livox_ros_driver2/include/livox_ros_driver2/livox_ros_driver2/msg/rosidl_typesupport_fastrtps_c__visibility_control.h\n'}
[1.127534] (livox_ros_driver2) StdoutLine: {'line': b'-- Up-to-date symlink: /home/ros2_ws/install/livox_ros_driver2/include/livox_ros_driver2/livox_ros_driver2/msg/detail/custom_msg__rosidl_typesupport_introspection_c.h\n'}
[1.127753] (livox_ros_driver2) StdoutLine: {'line': b'-- Up-to-date symlink: /home/ros2_ws/install/livox_ros_driver2/include/livox_ros_driver2/livox_ros_driver2/msg/detail/custom_point__rosidl_typesupport_introspection_c.h\n'}
[1.128103] (livox_ros_driver2) StdoutLine: {'line': b'-- Up-to-date symlink: /home/ros2_ws/install/livox_ros_driver2/include/livox_ros_driver2/livox_ros_driver2/msg/rosidl_typesupport_introspection_c__visibility_control.h\n'}
[1.128552] (livox_ros_driver2) StdoutLine: {'line': b'-- Up-to-date symlink: /home/ros2_ws/install/livox_ros_driver2/include/livox_ros_driver2/livox_ros_driver2/msg/custom_msg.hpp\n'}
[1.129017] (livox_ros_driver2) StdoutLine: {'line': b'-- Up-to-date symlink: /home/ros2_ws/install/livox_ros_driver2/include/livox_ros_driver2/livox_ros_driver2/msg/custom_point.hpp\n'}
[1.129487] (livox_ros_driver2) StdoutLine: {'line': b'-- Up-to-date symlink: /home/ros2_ws/install/livox_ros_driver2/include/livox_ros_driver2/livox_ros_driver2/msg/detail/custom_msg__builder.hpp\n'}
[1.129959] (livox_ros_driver2) StdoutLine: {'line': b'-- Up-to-date symlink: /home/ros2_ws/install/livox_ros_driver2/include/livox_ros_driver2/livox_ros_driver2/msg/detail/custom_msg__struct.hpp\n'}
[1.130399] (livox_ros_driver2) StdoutLine: {'line': b'-- Up-to-date symlink: /home/ros2_ws/install/livox_ros_driver2/include/livox_ros_driver2/livox_ros_driver2/msg/detail/custom_msg__traits.hpp\n'}
[1.130617] (livox_ros_driver2) StdoutLine: {'line': b'-- Up-to-date symlink: /home/ros2_ws/install/livox_ros_driver2/include/livox_ros_driver2/livox_ros_driver2/msg/detail/custom_msg__type_support.hpp\n'}
[1.130896] (livox_ros_driver2) StdoutLine: {'line': b'-- Up-to-date symlink: /home/ros2_ws/install/livox_ros_driver2/include/livox_ros_driver2/livox_ros_driver2/msg/detail/custom_point__builder.hpp\n'}
[1.131126] (livox_ros_driver2) StdoutLine: {'line': b'-- Up-to-date symlink: /home/ros2_ws/install/livox_ros_driver2/include/livox_ros_driver2/livox_ros_driver2/msg/detail/custom_point__struct.hpp\n'}
[1.131479] (livox_ros_driver2) StdoutLine: {'line': b'-- Up-to-date symlink: /home/ros2_ws/install/livox_ros_driver2/include/livox_ros_driver2/livox_ros_driver2/msg/detail/custom_point__traits.hpp\n'}
[1.131926] (livox_ros_driver2) StdoutLine: {'line': b'-- Up-to-date symlink: /home/ros2_ws/install/livox_ros_driver2/include/livox_ros_driver2/livox_ros_driver2/msg/detail/custom_point__type_support.hpp\n'}
[1.132146] (livox_ros_driver2) StdoutLine: {'line': b'-- Up-to-date symlink: /home/ros2_ws/install/livox_ros_driver2/include/livox_ros_driver2/livox_ros_driver2/msg/rosidl_generator_cpp__visibility_control.hpp\n'}
[1.132359] (livox_ros_driver2) StdoutLine: {'line': b'-- Up-to-date symlink: /home/ros2_ws/install/livox_ros_driver2/include/livox_ros_driver2/livox_ros_driver2/msg/detail/custom_msg__rosidl_typesupport_fastrtps_cpp.hpp\n'}
[1.132762] (livox_ros_driver2) StdoutLine: {'line': b'-- Up-to-date symlink: /home/ros2_ws/install/livox_ros_driver2/include/livox_ros_driver2/livox_ros_driver2/msg/detail/custom_point__rosidl_typesupport_fastrtps_cpp.hpp\n'}
[1.133189] (livox_ros_driver2) StdoutLine: {'line': b'-- Up-to-date symlink: /home/ros2_ws/install/livox_ros_driver2/include/livox_ros_driver2/livox_ros_driver2/msg/rosidl_typesupport_fastrtps_cpp__visibility_control.h\n'}
[1.133560] (livox_ros_driver2) StdoutLine: {'line': b'-- Up-to-date symlink: /home/ros2_ws/install/livox_ros_driver2/include/livox_ros_driver2/livox_ros_driver2/msg/detail/custom_msg__rosidl_typesupport_introspection_cpp.hpp\n'}
[1.133784] (livox_ros_driver2) StdoutLine: {'line': b'-- Up-to-date symlink: /home/ros2_ws/install/livox_ros_driver2/include/livox_ros_driver2/livox_ros_driver2/msg/detail/custom_point__rosidl_typesupport_introspection_cpp.hpp\n'}
[1.134144] (livox_ros_driver2) StdoutLine: {'line': b'-- Up-to-date symlink: /home/ros2_ws/install/livox_ros_driver2/share/livox_ros_driver2/environment/pythonpath.sh\n'}
[1.134587] (livox_ros_driver2) StdoutLine: {'line': b'-- Up-to-date symlink: /home/ros2_ws/install/livox_ros_driver2/share/livox_ros_driver2/environment/pythonpath.dsv\n'}
[1.134977] (livox_ros_driver2) StdoutLine: {'line': b'-- Up-to-date symlink: /home/ros2_ws/install/livox_ros_driver2/local/lib/python3.10/dist-packages/livox_ros_driver2-1.0.0-py3.10.egg-info/PKG-INFO\n'}
[1.135249] (livox_ros_driver2) StdoutLine: {'line': b'-- Up-to-date symlink: /home/ros2_ws/install/livox_ros_driver2/local/lib/python3.10/dist-packages/livox_ros_driver2-1.0.0-py3.10.egg-info/SOURCES.txt\n'}
[1.135466] (livox_ros_driver2) StdoutLine: {'line': b'-- Up-to-date symlink: /home/ros2_ws/install/livox_ros_driver2/local/lib/python3.10/dist-packages/livox_ros_driver2-1.0.0-py3.10.egg-info/dependency_links.txt\n'}
[1.135675] (livox_ros_driver2) StdoutLine: {'line': b'-- Up-to-date symlink: /home/ros2_ws/install/livox_ros_driver2/local/lib/python3.10/dist-packages/livox_ros_driver2-1.0.0-py3.10.egg-info/top_level.txt\n'}
[1.136024] (livox_ros_driver2) StdoutLine: {'line': b'-- Up-to-date symlink: /home/ros2_ws/install/livox_ros_driver2/local/lib/python3.10/dist-packages/livox_ros_driver2/__init__.py\n'}
[1.136477] (livox_ros_driver2) StdoutLine: {'line': b'-- Up-to-date symlink: /home/ros2_ws/install/livox_ros_driver2/local/lib/python3.10/dist-packages/livox_ros_driver2/_livox_ros_driver2_s.ep.rosidl_typesupport_c.c\n'}
[1.136918] (livox_ros_driver2) StdoutLine: {'line': b'-- Up-to-date symlink: /home/ros2_ws/install/livox_ros_driver2/local/lib/python3.10/dist-packages/livox_ros_driver2/_livox_ros_driver2_s.ep.rosidl_typesupport_fastrtps_c.c\n'}
[1.137373] (livox_ros_driver2) StdoutLine: {'line': b'-- Up-to-date symlink: /home/ros2_ws/install/livox_ros_driver2/local/lib/python3.10/dist-packages/livox_ros_driver2/_livox_ros_driver2_s.ep.rosidl_typesupport_introspection_c.c\n'}
[1.137845] (livox_ros_driver2) StdoutLine: {'line': b'-- Up-to-date symlink: /home/ros2_ws/install/livox_ros_driver2/local/lib/python3.10/dist-packages/livox_ros_driver2/liblivox_interfaces2__rosidl_generator_py.so\n'}
[1.138283] (livox_ros_driver2) StdoutLine: {'line': b'-- Up-to-date symlink: /home/ros2_ws/install/livox_ros_driver2/local/lib/python3.10/dist-packages/livox_ros_driver2/livox_ros_driver2_s__rosidl_typesupport_c.cpython-310-aarch64-linux-gnu.so\n'}
[1.138753] (livox_ros_driver2) StdoutLine: {'line': b'-- Up-to-date symlink: /home/ros2_ws/install/livox_ros_driver2/local/lib/python3.10/dist-packages/livox_ros_driver2/livox_ros_driver2_s__rosidl_typesupport_fastrtps_c.cpython-310-aarch64-linux-gnu.so\n'}
[1.139020] (livox_ros_driver2) StdoutLine: {'line': b'-- Up-to-date symlink: /home/ros2_ws/install/livox_ros_driver2/local/lib/python3.10/dist-packages/livox_ros_driver2/livox_ros_driver2_s__rosidl_typesupport_introspection_c.cpython-310-aarch64-linux-gnu.so\n'}
[1.139244] (livox_ros_driver2) StdoutLine: {'line': b'-- Up-to-date symlink: /home/ros2_ws/install/livox_ros_driver2/local/lib/python3.10/dist-packages/livox_ros_driver2/msg/__init__.py\n'}
[1.139522] (livox_ros_driver2) StdoutLine: {'line': b'-- Up-to-date symlink: /home/ros2_ws/install/livox_ros_driver2/local/lib/python3.10/dist-packages/livox_ros_driver2/msg/_custom_msg.py\n'}
[1.139851] (livox_ros_driver2) StdoutLine: {'line': b'-- Up-to-date symlink: /home/ros2_ws/install/livox_ros_driver2/local/lib/python3.10/dist-packages/livox_ros_driver2/msg/_custom_msg_s.c\n'}
[1.140220] (livox_ros_driver2) StdoutLine: {'line': b'-- Up-to-date symlink: /home/ros2_ws/install/livox_ros_driver2/local/lib/python3.10/dist-packages/livox_ros_driver2/msg/_custom_point.py\n'}
[1.140494] (livox_ros_driver2) StdoutLine: {'line': b'-- Up-to-date symlink: /home/ros2_ws/install/livox_ros_driver2/local/lib/python3.10/dist-packages/livox_ros_driver2/msg/_custom_point_s.c\n'}
[1.140811] (livox_ros_driver2) StdoutLine: {'line': b'-- Up-to-date symlink: /home/ros2_ws/install/livox_ros_driver2/local/lib/python3.10/dist-packages/livox_ros_driver2/livox_ros_driver2_s__rosidl_typesupport_fastrtps_c.cpython-310-aarch64-linux-gnu.so\n'}
[1.141200] (livox_ros_driver2) StdoutLine: {'line': b'-- Up-to-date symlink: /home/ros2_ws/install/livox_ros_driver2/local/lib/python3.10/dist-packages/livox_ros_driver2/livox_ros_driver2_s__rosidl_typesupport_introspection_c.cpython-310-aarch64-linux-gnu.so\n'}
[1.141432] (livox_ros_driver2) StdoutLine: {'line': b'-- Up-to-date symlink: /home/ros2_ws/install/livox_ros_driver2/local/lib/python3.10/dist-packages/livox_ros_driver2/livox_ros_driver2_s__rosidl_typesupport_c.cpython-310-aarch64-linux-gnu.so\n'}
[1.141778] (livox_ros_driver2) StdoutLine: {'line': b'-- Up-to-date symlink: /home/ros2_ws/install/livox_ros_driver2/share/ament_index/resource_index/rust_packages/livox_ros_driver2\n'}
[1.142218] (livox_ros_driver2) StdoutLine: {'line': b'-- Up-to-date symlink: /home/ros2_ws/install/livox_ros_driver2/share/livox_ros_driver2/rust/Cargo.toml\n'}
[1.142686] (livox_ros_driver2) StdoutLine: {'line': b'-- Up-to-date symlink: /home/ros2_ws/install/livox_ros_driver2/share/livox_ros_driver2/rust/build.rs\n'}
[1.143075] (livox_ros_driver2) StdoutLine: {'line': b'-- Up-to-date symlink: /home/ros2_ws/install/livox_ros_driver2/share/livox_ros_driver2/rust/src/lib.rs\n'}
[1.143445] (livox_ros_driver2) StdoutLine: {'line': b'-- Up-to-date symlink: /home/ros2_ws/install/livox_ros_driver2/share/livox_ros_driver2/rust/src/msg.rs\n'}
[1.143857] (livox_ros_driver2) StdoutLine: {'line': b'-- Up-to-date symlink: /home/ros2_ws/install/livox_ros_driver2/share/livox_ros_driver2/rust/src/msg/rmw.rs\n'}
[1.144169] (livox_ros_driver2) StdoutLine: {'line': b'-- Up-to-date symlink: /home/ros2_ws/install/livox_ros_driver2/share/livox_ros_driver2/msg/CustomPoint.idl\n'}
[1.144531] (livox_ros_driver2) StdoutLine: {'line': b'-- Up-to-date symlink: /home/ros2_ws/install/livox_ros_driver2/share/livox_ros_driver2/msg/CustomMsg.idl\n'}
[1.144896] (livox_ros_driver2) StdoutLine: {'line': b'-- Up-to-date symlink: /home/ros2_ws/install/livox_ros_driver2/share/livox_ros_driver2/msg/CustomPoint.msg\n'}
[1.145182] (livox_ros_driver2) StdoutLine: {'line': b'-- Up-to-date symlink: /home/ros2_ws/install/livox_ros_driver2/share/livox_ros_driver2/msg/CustomMsg.msg\n'}
[1.145400] (livox_ros_driver2) StdoutLine: {'line': b'-- Up-to-date symlink: /home/ros2_ws/install/livox_ros_driver2/lib/livox_ros_driver2/livox_ros_driver2_node\n'}
[1.145781] (livox_ros_driver2) StdoutLine: {'line': b'-- Up-to-date symlink: /home/ros2_ws/install/livox_ros_driver2/lib/liblivox_ros_driver2.so\n'}
[1.146313] (livox_ros_driver2) StdoutLine: {'line': b'-- Up-to-date symlink: /home/ros2_ws/install/livox_ros_driver2/share/livox_ros_driver2/config/HAP_config.json\n'}
[1.146657] (livox_ros_driver2) StdoutLine: {'line': b'-- Up-to-date symlink: /home/ros2_ws/install/livox_ros_driver2/share/livox_ros_driver2/config/MID360_config.json\n'}
[1.146912] (livox_ros_driver2) StdoutLine: {'line': b'-- Up-to-date symlink: /home/ros2_ws/install/livox_ros_driver2/share/livox_ros_driver2/config/display_point_cloud_ROS1.rviz\n'}
[1.147355] (livox_ros_driver2) StdoutLine: {'line': b'-- Up-to-date symlink: /home/ros2_ws/install/livox_ros_driver2/share/livox_ros_driver2/config/display_point_cloud_ROS2.rviz\n'}
[1.147803] (livox_ros_driver2) StdoutLine: {'line': b'-- Up-to-date symlink: /home/ros2_ws/install/livox_ros_driver2/share/livox_ros_driver2/config/mixed_HAP_MID360_config.json\n'}
[1.148172] (livox_ros_driver2) StdoutLine: {'line': b'-- Up-to-date symlink: /home/ros2_ws/install/livox_ros_driver2/share/livox_ros_driver2/launch_ROS2/msg_HAP_launch.py\n'}
[1.148571] (livox_ros_driver2) StdoutLine: {'line': b'-- Up-to-date symlink: /home/ros2_ws/install/livox_ros_driver2/share/livox_ros_driver2/launch_ROS2/msg_MID360_launch.py\n'}
[1.148885] (livox_ros_driver2) StdoutLine: {'line': b'-- Up-to-date symlink: /home/ros2_ws/install/livox_ros_driver2/share/livox_ros_driver2/launch_ROS2/rviz_HAP_launch.py\n'}
[1.149349] (livox_ros_driver2) StdoutLine: {'line': b'-- Up-to-date symlink: /home/ros2_ws/install/livox_ros_driver2/share/livox_ros_driver2/launch_ROS2/rviz_MID360_launch.py\n'}
[1.149711] (livox_ros_driver2) StdoutLine: {'line': b'-- Up-to-date symlink: /home/ros2_ws/install/livox_ros_driver2/share/livox_ros_driver2/launch_ROS2/rviz_mixed.py\n'}
[1.150078] (livox_ros_driver2) StdoutLine: {'line': b'-- Up-to-date symlink: /home/ros2_ws/install/livox_ros_driver2/share/ament_index/resource_index/package_run_dependencies/livox_ros_driver2\n'}
[1.150486] (livox_ros_driver2) StdoutLine: {'line': b'-- Up-to-date symlink: /home/ros2_ws/install/livox_ros_driver2/share/ament_index/resource_index/parent_prefix_path/livox_ros_driver2\n'}
[1.150951] (livox_ros_driver2) StdoutLine: {'line': b'-- Up-to-date symlink: /home/ros2_ws/install/livox_ros_driver2/share/livox_ros_driver2/environment/ament_prefix_path.sh\n'}
[1.151411] (livox_ros_driver2) StdoutLine: {'line': b'-- Up-to-date symlink: /home/ros2_ws/install/livox_ros_driver2/share/livox_ros_driver2/environment/ament_prefix_path.dsv\n'}
[1.151628] (livox_ros_driver2) StdoutLine: {'line': b'-- Up-to-date symlink: /home/ros2_ws/install/livox_ros_driver2/share/livox_ros_driver2/environment/path.sh\n'}
[1.151834] (livox_ros_driver2) StdoutLine: {'line': b'-- Up-to-date symlink: /home/ros2_ws/install/livox_ros_driver2/share/livox_ros_driver2/environment/path.dsv\n'}
[1.152038] (livox_ros_driver2) StdoutLine: {'line': b'-- Up-to-date symlink: /home/ros2_ws/install/livox_ros_driver2/share/livox_ros_driver2/local_setup.bash\n'}
[1.152245] (livox_ros_driver2) StdoutLine: {'line': b'-- Up-to-date symlink: /home/ros2_ws/install/livox_ros_driver2/share/livox_ros_driver2/local_setup.sh\n'}
[1.152482] (livox_ros_driver2) StdoutLine: {'line': b'-- Up-to-date symlink: /home/ros2_ws/install/livox_ros_driver2/share/livox_ros_driver2/local_setup.zsh\n'}
[1.152718] (livox_ros_driver2) StdoutLine: {'line': b'-- Up-to-date symlink: /home/ros2_ws/install/livox_ros_driver2/share/livox_ros_driver2/local_setup.dsv\n'}
[1.152925] (livox_ros_driver2) StdoutLine: {'line': b'-- Symlinking: /home/ros2_ws/install/livox_ros_driver2/share/livox_ros_driver2/package.dsv\n'}
[1.176510] (livox_ros_driver2) StdoutLine: {'line': b'-- Up-to-date symlink: /home/ros2_ws/install/livox_ros_driver2/share/ament_index/resource_index/packages/livox_ros_driver2\n'}
[1.176921] (livox_ros_driver2) StdoutLine: {'line': b'-- Up-to-date symlink: /home/ros2_ws/install/livox_ros_driver2/share/ament_index/resource_index/rclcpp_components/livox_ros_driver2\n'}
[1.177292] (livox_ros_driver2) StdoutLine: {'line': b'-- Up-to-date symlink: /home/ros2_ws/install/livox_ros_driver2/share/livox_ros_driver2/cmake/rosidl_cmake-extras.cmake\n'}
[1.177647] (livox_ros_driver2) StdoutLine: {'line': b'-- Up-to-date symlink: /home/ros2_ws/install/livox_ros_driver2/share/livox_ros_driver2/cmake/ament_cmake_export_dependencies-extras.cmake\n'}
[1.178114] (livox_ros_driver2) StdoutLine: {'line': b'-- Up-to-date symlink: /home/ros2_ws/install/livox_ros_driver2/share/livox_ros_driver2/cmake/ament_cmake_export_include_directories-extras.cmake\n'}
[1.178395] (livox_ros_driver2) StdoutLine: {'line': b'-- Up-to-date symlink: /home/ros2_ws/install/livox_ros_driver2/share/livox_ros_driver2/cmake/ament_cmake_export_libraries-extras.cmake\n'}
[1.178873] (livox_ros_driver2) StdoutLine: {'line': b'-- Up-to-date symlink: /home/ros2_ws/install/livox_ros_driver2/share/livox_ros_driver2/cmake/ament_cmake_export_targets-extras.cmake\n'}
[1.179233] (livox_ros_driver2) StdoutLine: {'line': b'-- Up-to-date symlink: /home/ros2_ws/install/livox_ros_driver2/share/livox_ros_driver2/cmake/rosidl_cmake_export_typesupport_targets-extras.cmake\n'}
[1.179682] (livox_ros_driver2) StdoutLine: {'line': b'-- Up-to-date symlink: /home/ros2_ws/install/livox_ros_driver2/share/livox_ros_driver2/cmake/rosidl_cmake_export_typesupport_libraries-extras.cmake\n'}
[1.180050] (livox_ros_driver2) StdoutLine: {'line': b'-- Up-to-date symlink: /home/ros2_ws/install/livox_ros_driver2/share/livox_ros_driver2/cmake/livox_ros_driver2Config.cmake\n'}
[1.180269] (livox_ros_driver2) StdoutLine: {'line': b'-- Up-to-date symlink: /home/ros2_ws/install/livox_ros_driver2/share/livox_ros_driver2/cmake/livox_ros_driver2Config-version.cmake\n'}
[1.180645] (livox_ros_driver2) StdoutLine: {'line': b'-- Up-to-date symlink: /home/ros2_ws/install/livox_ros_driver2/share/livox_ros_driver2/package.xml\n'}
[1.180872] (livox_ros_driver2) StdoutLine: {'line': b'-- Up-to-date: /home/ros2_ws/install/livox_ros_driver2/lib/liblivox_ros_driver2__rosidl_generator_c.so\n'}
[1.181217] (livox_ros_driver2) StdoutLine: {'line': b'-- Up-to-date: /home/ros2_ws/install/livox_ros_driver2/lib/liblivox_ros_driver2__rosidl_typesupport_fastrtps_c.so\n'}
[1.181578] (livox_ros_driver2) StdoutLine: {'line': b'-- Up-to-date: /home/ros2_ws/install/livox_ros_driver2/lib/liblivox_ros_driver2__rosidl_typesupport_introspection_c.so\n'}
[1.182036] (livox_ros_driver2) StdoutLine: {'line': b'-- Up-to-date: /home/ros2_ws/install/livox_ros_driver2/lib/liblivox_ros_driver2__rosidl_typesupport_c.so\n'}
[1.182551] (livox_ros_driver2) StdoutLine: {'line': b'-- Up-to-date: /home/ros2_ws/install/livox_ros_driver2/lib/liblivox_ros_driver2__rosidl_typesupport_fastrtps_cpp.so\n'}
[1.183109] (livox_ros_driver2) StdoutLine: {'line': b'-- Up-to-date: /home/ros2_ws/install/livox_ros_driver2/lib/liblivox_ros_driver2__rosidl_typesupport_introspection_cpp.so\n'}
[1.183628] (livox_ros_driver2) StdoutLine: {'line': b'-- Up-to-date: /home/ros2_ws/install/livox_ros_driver2/lib/liblivox_ros_driver2__rosidl_typesupport_cpp.so\n'}
[1.200833] (-) TimerEvent: {}
[1.264814] (livox_ros_driver2) StdoutLine: {'line': b"Listing '/home/ros2_ws/install/livox_ros_driver2/local/lib/python3.10/dist-packages/livox_ros_driver2'...\n"}
[1.265248] (livox_ros_driver2) StdoutLine: {'line': b"Listing '/home/ros2_ws/install/livox_ros_driver2/local/lib/python3.10/dist-packages/livox_ros_driver2/msg'...\n"}
[1.279266] (livox_ros_driver2) StdoutLine: {'line': b'-- Up-to-date: /home/ros2_ws/install/livox_ros_driver2/lib/liblivox_interfaces2__rosidl_generator_py.so\n'}
[1.280070] (livox_ros_driver2) StdoutLine: {'line': b'-- Up-to-date: /home/ros2_ws/install/livox_ros_driver2/share/livox_ros_driver2/cmake/export_livox_interfaces2__rosidl_generator_cExport.cmake\n'}
[1.280691] (livox_ros_driver2) StdoutLine: {'line': b'-- Up-to-date: /home/ros2_ws/install/livox_ros_driver2/share/livox_ros_driver2/cmake/export_livox_interfaces2__rosidl_generator_cExport-noconfig.cmake\n'}
[1.281413] (livox_ros_driver2) StdoutLine: {'line': b'-- Up-to-date: /home/ros2_ws/install/livox_ros_driver2/share/livox_ros_driver2/cmake/export_livox_interfaces2__rosidl_typesupport_fastrtps_cExport.cmake\n'}
[1.281968] (livox_ros_driver2) StdoutLine: {'line': b'-- Up-to-date: /home/ros2_ws/install/livox_ros_driver2/share/livox_ros_driver2/cmake/export_livox_interfaces2__rosidl_typesupport_fastrtps_cExport-noconfig.cmake\n'}
[1.282389] (livox_ros_driver2) StdoutLine: {'line': b'-- Up-to-date: /home/ros2_ws/install/livox_ros_driver2/share/livox_ros_driver2/cmake/livox_interfaces2__rosidl_typesupport_introspection_cExport.cmake\n'}
[1.282967] (livox_ros_driver2) StdoutLine: {'line': b'-- Up-to-date: /home/ros2_ws/install/livox_ros_driver2/share/livox_ros_driver2/cmake/livox_interfaces2__rosidl_typesupport_introspection_cExport-noconfig.cmake\n'}
[1.283669] (livox_ros_driver2) StdoutLine: {'line': b'-- Up-to-date: /home/ros2_ws/install/livox_ros_driver2/share/livox_ros_driver2/cmake/livox_interfaces2__rosidl_typesupport_cExport.cmake\n'}
[1.284386] (livox_ros_driver2) StdoutLine: {'line': b'-- Up-to-date: /home/ros2_ws/install/livox_ros_driver2/share/livox_ros_driver2/cmake/livox_interfaces2__rosidl_typesupport_cExport-noconfig.cmake\n'}
[1.284630] (livox_ros_driver2) StdoutLine: {'line': b'-- Up-to-date: /home/ros2_ws/install/livox_ros_driver2/share/livox_ros_driver2/cmake/export_livox_interfaces2__rosidl_generator_cppExport.cmake\n'}
[1.284854] (livox_ros_driver2) StdoutLine: {'line': b'-- Up-to-date: /home/ros2_ws/install/livox_ros_driver2/share/livox_ros_driver2/cmake/export_livox_interfaces2__rosidl_typesupport_fastrtps_cppExport.cmake\n'}
[1.285070] (livox_ros_driver2) StdoutLine: {'line': b'-- Up-to-date: /home/ros2_ws/install/livox_ros_driver2/share/livox_ros_driver2/cmake/export_livox_interfaces2__rosidl_typesupport_fastrtps_cppExport-noconfig.cmake\n'}
[1.285283] (livox_ros_driver2) StdoutLine: {'line': b'-- Up-to-date: /home/ros2_ws/install/livox_ros_driver2/share/livox_ros_driver2/cmake/livox_interfaces2__rosidl_typesupport_introspection_cppExport.cmake\n'}
[1.285494] (livox_ros_driver2) StdoutLine: {'line': b'-- Up-to-date: /home/ros2_ws/install/livox_ros_driver2/share/livox_ros_driver2/cmake/livox_interfaces2__rosidl_typesupport_introspection_cppExport-noconfig.cmake\n'}
[1.285703] (livox_ros_driver2) StdoutLine: {'line': b'-- Up-to-date: /home/ros2_ws/install/livox_ros_driver2/share/livox_ros_driver2/cmake/livox_interfaces2__rosidl_typesupport_cppExport.cmake\n'}
[1.285910] (livox_ros_driver2) StdoutLine: {'line': b'-- Up-to-date: /home/ros2_ws/install/livox_ros_driver2/share/livox_ros_driver2/cmake/livox_interfaces2__rosidl_typesupport_cppExport-noconfig.cmake\n'}
[1.286115] (livox_ros_driver2) StdoutLine: {'line': b'-- Up-to-date: /home/ros2_ws/install/livox_ros_driver2/share/livox_ros_driver2/cmake/export_livox_interfaces2__rosidl_generator_pyExport.cmake\n'}
[1.286320] (livox_ros_driver2) StdoutLine: {'line': b'-- Up-to-date: /home/ros2_ws/install/livox_ros_driver2/share/livox_ros_driver2/cmake/export_livox_interfaces2__rosidl_generator_pyExport-noconfig.cmake\n'}
[1.294981] (livox_ros_driver2) CommandEnded: {'returncode': 0}
[1.301072] (-) TimerEvent: {}
[1.397160] (livox_ros_driver2) JobEnded: {'identifier': 'livox_ros_driver2', 'rc': 0}
[1.399281] (-) EventReactorShutdown: {}
