[0.000000] (-) TimerEvent: {}
[0.000374] (-) JobUnselected: {'identifier': 'cyclonedds'}
[0.000744] (-) JobUnselected: {'identifier': 'm2_metal_description'}
[0.001412] (-) JobUnselected: {'identifier': 'orbbec_camera'}
[0.001736] (-) JobUnselected: {'identifier': 'orbbec_camera_msgs'}
[0.002013] (-) JobUnselected: {'identifier': 'orbbec_description'}
[0.002133] (-) JobUnselected: {'identifier': 'realsense2_camera'}
[0.002228] (-) JobUnselected: {'identifier': 'realsense2_camera_msgs'}
[0.002318] (-) JobUnselected: {'identifier': 'realsense2_description'}
[0.002403] (-) JobUnselected: {'identifier': 'sensor_description'}
[0.002492] (-) JobUnselected: {'identifier': 'xterra'}
[0.002593] (livox_ros_driver2) JobQueued: {'identifier': 'livox_ros_driver2', 'dependencies': OrderedDict()}
[0.002719] (livox_ros_driver2) JobStarted: {'identifier': 'livox_ros_driver2'}
[0.026318] (livox_ros_driver2) JobProgress: {'identifier': 'livox_ros_driver2', 'progress': 'cmake'}
[0.029036] (livox_ros_driver2) JobProgress: {'identifier': 'livox_ros_driver2', 'progress': 'build'}
[0.031281] (livox_ros_driver2) Command: {'cmd': ['/usr/bin/cmake', '--build', '/home/ros2_ws/build/livox_ros_driver2'], 'cwd': '/home/ros2_ws/build/livox_ros_driver2', 'env': OrderedDict([('CMAKE_BUILD_PARALLEL_LEVEL', '3'), ('HOSTNAME', 'xterra-orin'), ('SHLVL', '1'), ('LD_LIBRARY_PATH', '/home/ros2_ws/install/xterra_perception_api/lib:/home/ros2_ws/install/xterra/lib:/home/ros2_ws/install/realsense2_camera/lib:/home/ros2_ws/install/realsense2_camera_msgs/lib:/home/ros2_ws/install/livox_ros_driver2/lib:/opt/ros/humble/opt/rviz_ogre_vendor/lib:/opt/ros/humble/lib/aarch64-linux-gnu:/opt/ros/humble/lib:/usr/local/lib:/home/ros/install/lib'), ('HOME', '/root'), ('OLDPWD', '/home/ros2_ws'), ('ROS_PYTHON_VERSION', '3'), ('MAKEFLAGS', '-j3'), ('COLCON_PREFIX_PATH', '/home/ros2_ws/install'), ('ROS_DISTRO', 'humble'), ('_', '/usr/bin/colcon'), ('ROS_VERSION', '2'), ('NVIDIA_DRIVER_CAPABILITIES', 'all'), ('OrbbecSDK_DIR', '/usr/local/lib/cmake/OrbbecSDK'), ('ROS_LOCALHOST_ONLY', '0'), ('QT_X11_NO_MITSHM', '1'), ('PATH', '/opt/ros/humble/bin:/home/ros/install/bin:/usr/local/sbin:/usr/local/bin:/usr/sbin:/usr/bin:/sbin:/bin'), ('DISPLAY', ''), ('LANG', 'C.UTF-8'), ('RMW_IMPLEMENTATION', 'rmw_cyclonedds_cpp'), ('CYCLONEDDS_HOME', '/home/ros/install'), ('ROS_DOMAIN_ID', '0'), ('AMENT_PREFIX_PATH', '/home/ros2_ws/install/xterra_perception_api:/home/ros2_ws/install/xterra:/home/ros2_ws/install/m2_metal_description:/home/ros2_ws/install/sensor_description:/home/ros2_ws/install/realsense2_camera:/home/ros2_ws/install/realsense2_camera_msgs:/home/ros2_ws/install/livox_ros_driver2:/opt/ros/humble'), ('DEBIAN_FRONTEND', 'noninteractive'), ('PWD', '/home/ros2_ws/build/livox_ros_driver2'), ('LC_ALL', 'C.UTF-8'), ('PYTHONPATH', '/home/ros2_ws/install/xterra/local/lib/python3.10/dist-packages:/home/ros2_ws/install/realsense2_camera_msgs/local/lib/python3.10/dist-packages:/home/ros2_ws/install/livox_ros_driver2/local/lib/python3.10/dist-packages:/opt/ros/humble/lib/python3.10/site-packages:/opt/ros/humble/local/lib/python3.10/dist-packages'), ('NVIDIA_VISIBLE_DEVICES', 'all'), ('COLCON', '1'), ('CMAKE_PREFIX_PATH', '/home/ros2_ws/install/xterra_perception_api:/home/ros2_ws/install/xterra:/home/ros2_ws/install/m2_metal_description:/home/ros2_ws/install/sensor_description:/home/ros2_ws/install/realsense2_camera:/home/ros2_ws/install/realsense2_camera_msgs:/home/ros2_ws/install/livox_ros_driver2:/opt/OrbbecSDK_v2.4.11/lib::/opt/ros/humble')]), 'shell': False}
[0.098975] (-) TimerEvent: {}
[0.199587] (-) TimerEvent: {}
[0.202753] (livox_ros_driver2) StdoutLine: {'line': b'[  6%] Built target livox_interfaces2__cpp\n'}
[0.203641] (livox_ros_driver2) StdoutLine: {'line': b'[ 10%] Built target livox_interfaces2__rosidl_generator_c\n'}
[0.203829] (livox_ros_driver2) StdoutLine: {'line': b'[  8%] Built target livox_interfaces2__rs\n'}
[0.287280] (livox_ros_driver2) StdoutLine: {'line': b'[ 13%] Built target livox_ros_driver2_node\n'}
[0.287939] (livox_ros_driver2) StdoutLine: {'line': b'[ 13%] Built target ament_cmake_python_symlink_livox_ros_driver2\n'}
[0.300021] (-) TimerEvent: {}
[0.358283] (livox_ros_driver2) StdoutLine: {'line': b'[ 22%] Built target livox_interfaces2__rosidl_typesupport_c\n'}
[0.358921] (livox_ros_driver2) StdoutLine: {'line': b'[ 27%] Built target livox_interfaces2__rosidl_typesupport_introspection_c\n'}
[0.360614] (livox_ros_driver2) StdoutLine: {'line': b'[ 34%] Built target livox_interfaces2__rosidl_typesupport_fastrtps_c\n'}
[0.400218] (-) TimerEvent: {}
[0.426682] (livox_ros_driver2) StdoutLine: {'line': b'[ 46%] Built target livox_interfaces2__rosidl_typesupport_introspection_cpp\n'}
[0.427344] (livox_ros_driver2) StdoutLine: {'line': b'[ 48%] Built target livox_interfaces2__rosidl_typesupport_cpp\n'}
[0.429698] (livox_ros_driver2) StdoutLine: {'line': b'[ 55%] Built target livox_interfaces2__rosidl_typesupport_fastrtps_cpp\n'}
[0.487216] (livox_ros_driver2) StdoutLine: {'line': b'[ 55%] Built target livox_interfaces2\n'}
[0.500428] (-) TimerEvent: {}
[0.552264] (livox_ros_driver2) StdoutLine: {'line': b'[ 56%] Built target livox_interfaces2__py\n'}
[0.556643] (livox_ros_driver2) StdoutLine: {'line': b'[ 84%] Built target livox_ros_driver2\n'}
[0.600627] (-) TimerEvent: {}
[0.621042] (livox_ros_driver2) StdoutLine: {'line': b'[ 89%] Built target livox_interfaces2__rosidl_generator_py\n'}
[0.687575] (livox_ros_driver2) StdoutLine: {'line': b'[ 93%] Built target livox_ros_driver2__rosidl_typesupport_fastrtps_c__pyext\n'}
[0.689195] (livox_ros_driver2) StdoutLine: {'line': b'[ 96%] Built target livox_ros_driver2__rosidl_typesupport_introspection_c__pyext\n'}
[0.700779] (-) TimerEvent: {}
[0.755085] (livox_ros_driver2) StdoutLine: {'line': b'[100%] Built target livox_ros_driver2__rosidl_typesupport_c__pyext\n'}
[0.800895] (-) TimerEvent: {}
[0.901185] (-) TimerEvent: {}
[0.949210] (livox_ros_driver2) StdoutLine: {'line': b'running egg_info\n'}
[0.950793] (livox_ros_driver2) StdoutLine: {'line': b'writing livox_ros_driver2.egg-info/PKG-INFO\n'}
[0.951664] (livox_ros_driver2) StdoutLine: {'line': b'writing dependency_links to livox_ros_driver2.egg-info/dependency_links.txt\n'}
[0.952133] (livox_ros_driver2) StdoutLine: {'line': b'writing top-level names to livox_ros_driver2.egg-info/top_level.txt\n'}
[0.957177] (livox_ros_driver2) StdoutLine: {'line': b"reading manifest file 'livox_ros_driver2.egg-info/SOURCES.txt'\n"}
[0.958580] (livox_ros_driver2) StdoutLine: {'line': b"writing manifest file 'livox_ros_driver2.egg-info/SOURCES.txt'\n"}
[1.001390] (-) TimerEvent: {}
[1.062853] (livox_ros_driver2) StdoutLine: {'line': b'[100%] Built target ament_cmake_python_build_livox_ros_driver2_egg\n'}
[1.096544] (livox_ros_driver2) CommandEnded: {'returncode': 0}
[1.099079] (livox_ros_driver2) JobProgress: {'identifier': 'livox_ros_driver2', 'progress': 'install'}
[1.101446] (-) TimerEvent: {}
[1.129638] (livox_ros_driver2) Command: {'cmd': ['/usr/bin/cmake', '--install', '/home/ros2_ws/build/livox_ros_driver2'], 'cwd': '/home/ros2_ws/build/livox_ros_driver2', 'env': OrderedDict([('CMAKE_BUILD_PARALLEL_LEVEL', '3'), ('HOSTNAME', 'xterra-orin'), ('SHLVL', '1'), ('LD_LIBRARY_PATH', '/home/ros2_ws/install/xterra_perception_api/lib:/home/ros2_ws/install/xterra/lib:/home/ros2_ws/install/realsense2_camera/lib:/home/ros2_ws/install/realsense2_camera_msgs/lib:/home/ros2_ws/install/livox_ros_driver2/lib:/opt/ros/humble/opt/rviz_ogre_vendor/lib:/opt/ros/humble/lib/aarch64-linux-gnu:/opt/ros/humble/lib:/usr/local/lib:/home/ros/install/lib'), ('HOME', '/root'), ('OLDPWD', '/home/ros2_ws'), ('ROS_PYTHON_VERSION', '3'), ('MAKEFLAGS', '-j3'), ('COLCON_PREFIX_PATH', '/home/ros2_ws/install'), ('ROS_DISTRO', 'humble'), ('_', '/usr/bin/colcon'), ('ROS_VERSION', '2'), ('NVIDIA_DRIVER_CAPABILITIES', 'all'), ('OrbbecSDK_DIR', '/usr/local/lib/cmake/OrbbecSDK'), ('ROS_LOCALHOST_ONLY', '0'), ('QT_X11_NO_MITSHM', '1'), ('PATH', '/opt/ros/humble/bin:/home/ros/install/bin:/usr/local/sbin:/usr/local/bin:/usr/sbin:/usr/bin:/sbin:/bin'), ('DISPLAY', ''), ('LANG', 'C.UTF-8'), ('RMW_IMPLEMENTATION', 'rmw_cyclonedds_cpp'), ('CYCLONEDDS_HOME', '/home/ros/install'), ('ROS_DOMAIN_ID', '0'), ('AMENT_PREFIX_PATH', '/home/ros2_ws/install/xterra_perception_api:/home/ros2_ws/install/xterra:/home/ros2_ws/install/m2_metal_description:/home/ros2_ws/install/sensor_description:/home/ros2_ws/install/realsense2_camera:/home/ros2_ws/install/realsense2_camera_msgs:/home/ros2_ws/install/livox_ros_driver2:/opt/ros/humble'), ('DEBIAN_FRONTEND', 'noninteractive'), ('PWD', '/home/ros2_ws/build/livox_ros_driver2'), ('LC_ALL', 'C.UTF-8'), ('PYTHONPATH', '/home/ros2_ws/install/xterra/local/lib/python3.10/dist-packages:/home/ros2_ws/install/realsense2_camera_msgs/local/lib/python3.10/dist-packages:/home/ros2_ws/install/livox_ros_driver2/local/lib/python3.10/dist-packages:/opt/ros/humble/lib/python3.10/site-packages:/opt/ros/humble/local/lib/python3.10/dist-packages'), ('NVIDIA_VISIBLE_DEVICES', 'all'), ('COLCON', '1'), ('CMAKE_PREFIX_PATH', '/home/ros2_ws/install/xterra_perception_api:/home/ros2_ws/install/xterra:/home/ros2_ws/install/m2_metal_description:/home/ros2_ws/install/sensor_description:/home/ros2_ws/install/realsense2_camera:/home/ros2_ws/install/realsense2_camera_msgs:/home/ros2_ws/install/livox_ros_driver2:/opt/OrbbecSDK_v2.4.11/lib::/opt/ros/humble')]), 'shell': False}
[1.159658] (livox_ros_driver2) StdoutLine: {'line': b'-- Install configuration: ""\n'}
[1.160846] (livox_ros_driver2) StdoutLine: {'line': b'-- Execute custom install script\n'}
[1.161564] (livox_ros_driver2) StdoutLine: {'line': b'-- Up-to-date symlink: /home/ros2_ws/install/livox_ros_driver2/share/ament_index/resource_index/rosidl_interfaces/livox_ros_driver2\n'}
[1.162622] (livox_ros_driver2) StdoutLine: {'line': b'-- Up-to-date symlink: /home/ros2_ws/install/livox_ros_driver2/include/livox_ros_driver2/livox_ros_driver2/msg/custom_msg.h\n'}
[1.163178] (livox_ros_driver2) StdoutLine: {'line': b'-- Up-to-date symlink: /home/ros2_ws/install/livox_ros_driver2/include/livox_ros_driver2/livox_ros_driver2/msg/custom_point.h\n'}
[1.163484] (livox_ros_driver2) StdoutLine: {'line': b'-- Up-to-date symlink: /home/ros2_ws/install/livox_ros_driver2/include/livox_ros_driver2/livox_ros_driver2/msg/detail/custom_msg__functions.h\n'}
[1.163767] (livox_ros_driver2) StdoutLine: {'line': b'-- Up-to-date symlink: /home/ros2_ws/install/livox_ros_driver2/include/livox_ros_driver2/livox_ros_driver2/msg/detail/custom_msg__struct.h\n'}
[1.164014] (livox_ros_driver2) StdoutLine: {'line': b'-- Up-to-date symlink: /home/ros2_ws/install/livox_ros_driver2/include/livox_ros_driver2/livox_ros_driver2/msg/detail/custom_msg__type_support.h\n'}
[1.164267] (livox_ros_driver2) StdoutLine: {'line': b'-- Up-to-date symlink: /home/ros2_ws/install/livox_ros_driver2/include/livox_ros_driver2/livox_ros_driver2/msg/detail/custom_point__functions.h\n'}
[1.164513] (livox_ros_driver2) StdoutLine: {'line': b'-- Up-to-date symlink: /home/ros2_ws/install/livox_ros_driver2/include/livox_ros_driver2/livox_ros_driver2/msg/detail/custom_point__struct.h\n'}
[1.164753] (livox_ros_driver2) StdoutLine: {'line': b'-- Up-to-date symlink: /home/ros2_ws/install/livox_ros_driver2/include/livox_ros_driver2/livox_ros_driver2/msg/detail/custom_point__type_support.h\n'}
[1.164987] (livox_ros_driver2) StdoutLine: {'line': b'-- Up-to-date symlink: /home/ros2_ws/install/livox_ros_driver2/include/livox_ros_driver2/livox_ros_driver2/msg/rosidl_generator_c__visibility_control.h\n'}
[1.165535] (livox_ros_driver2) StdoutLine: {'line': b'-- Up-to-date symlink: /home/ros2_ws/install/livox_ros_driver2/share/livox_ros_driver2/environment/library_path.sh\n'}
[1.165919] (livox_ros_driver2) StdoutLine: {'line': b'-- Up-to-date symlink: /home/ros2_ws/install/livox_ros_driver2/share/livox_ros_driver2/environment/library_path.dsv\n'}
[1.166910] (livox_ros_driver2) StdoutLine: {'line': b'-- Up-to-date symlink: /home/ros2_ws/install/livox_ros_driver2/include/livox_ros_driver2/livox_ros_driver2/msg/detail/custom_msg__rosidl_typesupport_fastrtps_c.h\n'}
[1.167284] (livox_ros_driver2) StdoutLine: {'line': b'-- Up-to-date symlink: /home/ros2_ws/install/livox_ros_driver2/include/livox_ros_driver2/livox_ros_driver2/msg/detail/custom_point__rosidl_typesupport_fastrtps_c.h\n'}
[1.167665] (livox_ros_driver2) StdoutLine: {'line': b'-- Up-to-date symlink: /home/ros2_ws/install/livox_ros_driver2/include/livox_ros_driver2/livox_ros_driver2/msg/rosidl_typesupport_fastrtps_c__visibility_control.h\n'}
[1.168353] (livox_ros_driver2) StdoutLine: {'line': b'-- Up-to-date symlink: /home/ros2_ws/install/livox_ros_driver2/include/livox_ros_driver2/livox_ros_driver2/msg/detail/custom_msg__rosidl_typesupport_introspection_c.h\n'}
[1.168619] (livox_ros_driver2) StdoutLine: {'line': b'-- Up-to-date symlink: /home/ros2_ws/install/livox_ros_driver2/include/livox_ros_driver2/livox_ros_driver2/msg/detail/custom_point__rosidl_typesupport_introspection_c.h\n'}
[1.168873] (livox_ros_driver2) StdoutLine: {'line': b'-- Up-to-date symlink: /home/ros2_ws/install/livox_ros_driver2/include/livox_ros_driver2/livox_ros_driver2/msg/rosidl_typesupport_introspection_c__visibility_control.h\n'}
[1.170243] (livox_ros_driver2) StdoutLine: {'line': b'-- Up-to-date symlink: /home/ros2_ws/install/livox_ros_driver2/include/livox_ros_driver2/livox_ros_driver2/msg/custom_msg.hpp\n'}
[1.170505] (livox_ros_driver2) StdoutLine: {'line': b'-- Up-to-date symlink: /home/ros2_ws/install/livox_ros_driver2/include/livox_ros_driver2/livox_ros_driver2/msg/custom_point.hpp\n'}
[1.170755] (livox_ros_driver2) StdoutLine: {'line': b'-- Up-to-date symlink: /home/ros2_ws/install/livox_ros_driver2/include/livox_ros_driver2/livox_ros_driver2/msg/detail/custom_msg__builder.hpp\n'}
[1.171009] (livox_ros_driver2) StdoutLine: {'line': b'-- Up-to-date symlink: /home/ros2_ws/install/livox_ros_driver2/include/livox_ros_driver2/livox_ros_driver2/msg/detail/custom_msg__struct.hpp\n'}
[1.171279] (livox_ros_driver2) StdoutLine: {'line': b'-- Up-to-date symlink: /home/ros2_ws/install/livox_ros_driver2/include/livox_ros_driver2/livox_ros_driver2/msg/detail/custom_msg__traits.hpp\n'}
[1.171521] (livox_ros_driver2) StdoutLine: {'line': b'-- Up-to-date symlink: /home/ros2_ws/install/livox_ros_driver2/include/livox_ros_driver2/livox_ros_driver2/msg/detail/custom_msg__type_support.hpp\n'}
[1.171798] (livox_ros_driver2) StdoutLine: {'line': b'-- Up-to-date symlink: /home/ros2_ws/install/livox_ros_driver2/include/livox_ros_driver2/livox_ros_driver2/msg/detail/custom_point__builder.hpp\n'}
[1.172042] (livox_ros_driver2) StdoutLine: {'line': b'-- Up-to-date symlink: /home/ros2_ws/install/livox_ros_driver2/include/livox_ros_driver2/livox_ros_driver2/msg/detail/custom_point__struct.hpp\n'}
[1.172271] (livox_ros_driver2) StdoutLine: {'line': b'-- Up-to-date symlink: /home/ros2_ws/install/livox_ros_driver2/include/livox_ros_driver2/livox_ros_driver2/msg/detail/custom_point__traits.hpp\n'}
[1.172507] (livox_ros_driver2) StdoutLine: {'line': b'-- Up-to-date symlink: /home/ros2_ws/install/livox_ros_driver2/include/livox_ros_driver2/livox_ros_driver2/msg/detail/custom_point__type_support.hpp\n'}
[1.172774] (livox_ros_driver2) StdoutLine: {'line': b'-- Up-to-date symlink: /home/ros2_ws/install/livox_ros_driver2/include/livox_ros_driver2/livox_ros_driver2/msg/rosidl_generator_cpp__visibility_control.hpp\n'}
[1.173967] (livox_ros_driver2) StdoutLine: {'line': b'-- Up-to-date symlink: /home/ros2_ws/install/livox_ros_driver2/include/livox_ros_driver2/livox_ros_driver2/msg/detail/custom_msg__rosidl_typesupport_fastrtps_cpp.hpp\n'}
[1.174213] (livox_ros_driver2) StdoutLine: {'line': b'-- Up-to-date symlink: /home/ros2_ws/install/livox_ros_driver2/include/livox_ros_driver2/livox_ros_driver2/msg/detail/custom_point__rosidl_typesupport_fastrtps_cpp.hpp\n'}
[1.174442] (livox_ros_driver2) StdoutLine: {'line': b'-- Up-to-date symlink: /home/ros2_ws/install/livox_ros_driver2/include/livox_ros_driver2/livox_ros_driver2/msg/rosidl_typesupport_fastrtps_cpp__visibility_control.h\n'}
[1.175168] (livox_ros_driver2) StdoutLine: {'line': b'-- Up-to-date symlink: /home/ros2_ws/install/livox_ros_driver2/include/livox_ros_driver2/livox_ros_driver2/msg/detail/custom_msg__rosidl_typesupport_introspection_cpp.hpp\n'}
[1.175519] (livox_ros_driver2) StdoutLine: {'line': b'-- Up-to-date symlink: /home/ros2_ws/install/livox_ros_driver2/include/livox_ros_driver2/livox_ros_driver2/msg/detail/custom_point__rosidl_typesupport_introspection_cpp.hpp\n'}
[1.175887] (livox_ros_driver2) StdoutLine: {'line': b'-- Up-to-date symlink: /home/ros2_ws/install/livox_ros_driver2/share/livox_ros_driver2/environment/pythonpath.sh\n'}
[1.176202] (livox_ros_driver2) StdoutLine: {'line': b'-- Up-to-date symlink: /home/ros2_ws/install/livox_ros_driver2/share/livox_ros_driver2/environment/pythonpath.dsv\n'}
[1.176887] (livox_ros_driver2) StdoutLine: {'line': b'-- Up-to-date symlink: /home/ros2_ws/install/livox_ros_driver2/local/lib/python3.10/dist-packages/livox_ros_driver2-1.0.0-py3.10.egg-info/PKG-INFO\n'}
[1.177171] (livox_ros_driver2) StdoutLine: {'line': b'-- Up-to-date symlink: /home/ros2_ws/install/livox_ros_driver2/local/lib/python3.10/dist-packages/livox_ros_driver2-1.0.0-py3.10.egg-info/SOURCES.txt\n'}
[1.177491] (livox_ros_driver2) StdoutLine: {'line': b'-- Up-to-date symlink: /home/ros2_ws/install/livox_ros_driver2/local/lib/python3.10/dist-packages/livox_ros_driver2-1.0.0-py3.10.egg-info/dependency_links.txt\n'}
[1.177732] (livox_ros_driver2) StdoutLine: {'line': b'-- Up-to-date symlink: /home/ros2_ws/install/livox_ros_driver2/local/lib/python3.10/dist-packages/livox_ros_driver2-1.0.0-py3.10.egg-info/top_level.txt\n'}
[1.178983] (livox_ros_driver2) StdoutLine: {'line': b'-- Up-to-date symlink: /home/ros2_ws/install/livox_ros_driver2/local/lib/python3.10/dist-packages/livox_ros_driver2/__init__.py\n'}
[1.179296] (livox_ros_driver2) StdoutLine: {'line': b'-- Up-to-date symlink: /home/ros2_ws/install/livox_ros_driver2/local/lib/python3.10/dist-packages/livox_ros_driver2/_livox_ros_driver2_s.ep.rosidl_typesupport_c.c\n'}
[1.179539] (livox_ros_driver2) StdoutLine: {'line': b'-- Up-to-date symlink: /home/ros2_ws/install/livox_ros_driver2/local/lib/python3.10/dist-packages/livox_ros_driver2/_livox_ros_driver2_s.ep.rosidl_typesupport_fastrtps_c.c\n'}
[1.179819] (livox_ros_driver2) StdoutLine: {'line': b'-- Up-to-date symlink: /home/ros2_ws/install/livox_ros_driver2/local/lib/python3.10/dist-packages/livox_ros_driver2/_livox_ros_driver2_s.ep.rosidl_typesupport_introspection_c.c\n'}
[1.180059] (livox_ros_driver2) StdoutLine: {'line': b'-- Up-to-date symlink: /home/ros2_ws/install/livox_ros_driver2/local/lib/python3.10/dist-packages/livox_ros_driver2/liblivox_interfaces2__rosidl_generator_py.so\n'}
[1.180292] (livox_ros_driver2) StdoutLine: {'line': b'-- Up-to-date symlink: /home/ros2_ws/install/livox_ros_driver2/local/lib/python3.10/dist-packages/livox_ros_driver2/livox_ros_driver2_s__rosidl_typesupport_c.cpython-310-aarch64-linux-gnu.so\n'}
[1.180544] (livox_ros_driver2) StdoutLine: {'line': b'-- Up-to-date symlink: /home/ros2_ws/install/livox_ros_driver2/local/lib/python3.10/dist-packages/livox_ros_driver2/livox_ros_driver2_s__rosidl_typesupport_fastrtps_c.cpython-310-aarch64-linux-gnu.so\n'}
[1.180791] (livox_ros_driver2) StdoutLine: {'line': b'-- Up-to-date symlink: /home/ros2_ws/install/livox_ros_driver2/local/lib/python3.10/dist-packages/livox_ros_driver2/livox_ros_driver2_s__rosidl_typesupport_introspection_c.cpython-310-aarch64-linux-gnu.so\n'}
[1.181068] (livox_ros_driver2) StdoutLine: {'line': b'-- Up-to-date symlink: /home/ros2_ws/install/livox_ros_driver2/local/lib/python3.10/dist-packages/livox_ros_driver2/msg/__init__.py\n'}
[1.181369] (livox_ros_driver2) StdoutLine: {'line': b'-- Up-to-date symlink: /home/ros2_ws/install/livox_ros_driver2/local/lib/python3.10/dist-packages/livox_ros_driver2/msg/_custom_msg.py\n'}
[1.181617] (livox_ros_driver2) StdoutLine: {'line': b'-- Up-to-date symlink: /home/ros2_ws/install/livox_ros_driver2/local/lib/python3.10/dist-packages/livox_ros_driver2/msg/_custom_msg_s.c\n'}
[1.181866] (livox_ros_driver2) StdoutLine: {'line': b'-- Up-to-date symlink: /home/ros2_ws/install/livox_ros_driver2/local/lib/python3.10/dist-packages/livox_ros_driver2/msg/_custom_point.py\n'}
[1.182096] (livox_ros_driver2) StdoutLine: {'line': b'-- Up-to-date symlink: /home/ros2_ws/install/livox_ros_driver2/local/lib/python3.10/dist-packages/livox_ros_driver2/msg/_custom_point_s.c\n'}
[1.182634] (livox_ros_driver2) StdoutLine: {'line': b'-- Up-to-date symlink: /home/ros2_ws/install/livox_ros_driver2/local/lib/python3.10/dist-packages/livox_ros_driver2/livox_ros_driver2_s__rosidl_typesupport_fastrtps_c.cpython-310-aarch64-linux-gnu.so\n'}
[1.183247] (livox_ros_driver2) StdoutLine: {'line': b'-- Up-to-date symlink: /home/ros2_ws/install/livox_ros_driver2/local/lib/python3.10/dist-packages/livox_ros_driver2/livox_ros_driver2_s__rosidl_typesupport_introspection_c.cpython-310-aarch64-linux-gnu.so\n'}
[1.183772] (livox_ros_driver2) StdoutLine: {'line': b'-- Up-to-date symlink: /home/ros2_ws/install/livox_ros_driver2/local/lib/python3.10/dist-packages/livox_ros_driver2/livox_ros_driver2_s__rosidl_typesupport_c.cpython-310-aarch64-linux-gnu.so\n'}
[1.184141] (livox_ros_driver2) StdoutLine: {'line': b'-- Up-to-date symlink: /home/ros2_ws/install/livox_ros_driver2/share/ament_index/resource_index/rust_packages/livox_ros_driver2\n'}
[1.184927] (livox_ros_driver2) StdoutLine: {'line': b'-- Up-to-date symlink: /home/ros2_ws/install/livox_ros_driver2/share/livox_ros_driver2/rust/Cargo.toml\n'}
[1.185219] (livox_ros_driver2) StdoutLine: {'line': b'-- Up-to-date symlink: /home/ros2_ws/install/livox_ros_driver2/share/livox_ros_driver2/rust/build.rs\n'}
[1.185560] (livox_ros_driver2) StdoutLine: {'line': b'-- Up-to-date symlink: /home/ros2_ws/install/livox_ros_driver2/share/livox_ros_driver2/rust/src/lib.rs\n'}
[1.185793] (livox_ros_driver2) StdoutLine: {'line': b'-- Up-to-date symlink: /home/ros2_ws/install/livox_ros_driver2/share/livox_ros_driver2/rust/src/msg.rs\n'}
[1.186074] (livox_ros_driver2) StdoutLine: {'line': b'-- Up-to-date symlink: /home/ros2_ws/install/livox_ros_driver2/share/livox_ros_driver2/rust/src/msg/rmw.rs\n'}
[1.186416] (livox_ros_driver2) StdoutLine: {'line': b'-- Up-to-date symlink: /home/ros2_ws/install/livox_ros_driver2/share/livox_ros_driver2/msg/CustomPoint.idl\n'}
[1.186772] (livox_ros_driver2) StdoutLine: {'line': b'-- Up-to-date symlink: /home/ros2_ws/install/livox_ros_driver2/share/livox_ros_driver2/msg/CustomMsg.idl\n'}
[1.187126] (livox_ros_driver2) StdoutLine: {'line': b'-- Up-to-date symlink: /home/ros2_ws/install/livox_ros_driver2/share/livox_ros_driver2/msg/CustomPoint.msg\n'}
[1.187462] (livox_ros_driver2) StdoutLine: {'line': b'-- Up-to-date symlink: /home/ros2_ws/install/livox_ros_driver2/share/livox_ros_driver2/msg/CustomMsg.msg\n'}
[1.187981] (livox_ros_driver2) StdoutLine: {'line': b'-- Up-to-date symlink: /home/ros2_ws/install/livox_ros_driver2/lib/livox_ros_driver2/livox_ros_driver2_node\n'}
[1.188478] (livox_ros_driver2) StdoutLine: {'line': b'-- Up-to-date symlink: /home/ros2_ws/install/livox_ros_driver2/lib/liblivox_ros_driver2.so\n'}
[1.189449] (livox_ros_driver2) StdoutLine: {'line': b'-- Up-to-date symlink: /home/ros2_ws/install/livox_ros_driver2/share/livox_ros_driver2/config/HAP_config.json\n'}
[1.189692] (livox_ros_driver2) StdoutLine: {'line': b'-- Up-to-date symlink: /home/ros2_ws/install/livox_ros_driver2/share/livox_ros_driver2/config/MID360_config.json\n'}
[1.189936] (livox_ros_driver2) StdoutLine: {'line': b'-- Up-to-date symlink: /home/ros2_ws/install/livox_ros_driver2/share/livox_ros_driver2/config/display_point_cloud_ROS1.rviz\n'}
[1.190170] (livox_ros_driver2) StdoutLine: {'line': b'-- Up-to-date symlink: /home/ros2_ws/install/livox_ros_driver2/share/livox_ros_driver2/config/display_point_cloud_ROS2.rviz\n'}
[1.190390] (livox_ros_driver2) StdoutLine: {'line': b'-- Up-to-date symlink: /home/ros2_ws/install/livox_ros_driver2/share/livox_ros_driver2/config/mixed_HAP_MID360_config.json\n'}
[1.191053] (livox_ros_driver2) StdoutLine: {'line': b'-- Up-to-date symlink: /home/ros2_ws/install/livox_ros_driver2/share/livox_ros_driver2/launch_ROS2/msg_HAP_launch.py\n'}
[1.191303] (livox_ros_driver2) StdoutLine: {'line': b'-- Up-to-date symlink: /home/ros2_ws/install/livox_ros_driver2/share/livox_ros_driver2/launch_ROS2/msg_MID360_launch.py\n'}
[1.191542] (livox_ros_driver2) StdoutLine: {'line': b'-- Up-to-date symlink: /home/ros2_ws/install/livox_ros_driver2/share/livox_ros_driver2/launch_ROS2/rviz_HAP_launch.py\n'}
[1.191770] (livox_ros_driver2) StdoutLine: {'line': b'-- Up-to-date symlink: /home/ros2_ws/install/livox_ros_driver2/share/livox_ros_driver2/launch_ROS2/rviz_MID360_launch.py\n'}
[1.192018] (livox_ros_driver2) StdoutLine: {'line': b'-- Up-to-date symlink: /home/ros2_ws/install/livox_ros_driver2/share/livox_ros_driver2/launch_ROS2/rviz_mixed.py\n'}
[1.192330] (livox_ros_driver2) StdoutLine: {'line': b'-- Up-to-date symlink: /home/ros2_ws/install/livox_ros_driver2/share/ament_index/resource_index/package_run_dependencies/livox_ros_driver2\n'}
[1.192686] (livox_ros_driver2) StdoutLine: {'line': b'-- Up-to-date symlink: /home/ros2_ws/install/livox_ros_driver2/share/ament_index/resource_index/parent_prefix_path/livox_ros_driver2\n'}
[1.193139] (livox_ros_driver2) StdoutLine: {'line': b'-- Up-to-date symlink: /home/ros2_ws/install/livox_ros_driver2/share/livox_ros_driver2/environment/ament_prefix_path.sh\n'}
[1.193518] (livox_ros_driver2) StdoutLine: {'line': b'-- Up-to-date symlink: /home/ros2_ws/install/livox_ros_driver2/share/livox_ros_driver2/environment/ament_prefix_path.dsv\n'}
[1.193892] (livox_ros_driver2) StdoutLine: {'line': b'-- Up-to-date symlink: /home/ros2_ws/install/livox_ros_driver2/share/livox_ros_driver2/environment/path.sh\n'}
[1.194193] (livox_ros_driver2) StdoutLine: {'line': b'-- Up-to-date symlink: /home/ros2_ws/install/livox_ros_driver2/share/livox_ros_driver2/environment/path.dsv\n'}
[1.194484] (livox_ros_driver2) StdoutLine: {'line': b'-- Up-to-date symlink: /home/ros2_ws/install/livox_ros_driver2/share/livox_ros_driver2/local_setup.bash\n'}
[1.194771] (livox_ros_driver2) StdoutLine: {'line': b'-- Up-to-date symlink: /home/ros2_ws/install/livox_ros_driver2/share/livox_ros_driver2/local_setup.sh\n'}
[1.195145] (livox_ros_driver2) StdoutLine: {'line': b'-- Up-to-date symlink: /home/ros2_ws/install/livox_ros_driver2/share/livox_ros_driver2/local_setup.zsh\n'}
[1.195518] (livox_ros_driver2) StdoutLine: {'line': b'-- Up-to-date symlink: /home/ros2_ws/install/livox_ros_driver2/share/livox_ros_driver2/local_setup.dsv\n'}
[1.195746] (livox_ros_driver2) StdoutLine: {'line': b'-- Symlinking: /home/ros2_ws/install/livox_ros_driver2/share/livox_ros_driver2/package.dsv\n'}
[1.201568] (-) TimerEvent: {}
[1.220019] (livox_ros_driver2) StdoutLine: {'line': b'-- Up-to-date symlink: /home/ros2_ws/install/livox_ros_driver2/share/ament_index/resource_index/packages/livox_ros_driver2\n'}
[1.220707] (livox_ros_driver2) StdoutLine: {'line': b'-- Up-to-date symlink: /home/ros2_ws/install/livox_ros_driver2/share/ament_index/resource_index/rclcpp_components/livox_ros_driver2\n'}
[1.220985] (livox_ros_driver2) StdoutLine: {'line': b'-- Up-to-date symlink: /home/ros2_ws/install/livox_ros_driver2/share/livox_ros_driver2/cmake/rosidl_cmake-extras.cmake\n'}
[1.221141] (livox_ros_driver2) StdoutLine: {'line': b'-- Up-to-date symlink: /home/ros2_ws/install/livox_ros_driver2/share/livox_ros_driver2/cmake/ament_cmake_export_dependencies-extras.cmake\n'}
[1.221394] (livox_ros_driver2) StdoutLine: {'line': b'-- Up-to-date symlink: /home/ros2_ws/install/livox_ros_driver2/share/livox_ros_driver2/cmake/ament_cmake_export_include_directories-extras.cmake\n'}
[1.221539] (livox_ros_driver2) StdoutLine: {'line': b'-- Up-to-date symlink: /home/ros2_ws/install/livox_ros_driver2/share/livox_ros_driver2/cmake/ament_cmake_export_libraries-extras.cmake\n'}
[1.221791] (livox_ros_driver2) StdoutLine: {'line': b'-- Up-to-date symlink: /home/ros2_ws/install/livox_ros_driver2/share/livox_ros_driver2/cmake/ament_cmake_export_targets-extras.cmake\n'}
[1.222051] (livox_ros_driver2) StdoutLine: {'line': b'-- Up-to-date symlink: /home/ros2_ws/install/livox_ros_driver2/share/livox_ros_driver2/cmake/rosidl_cmake_export_typesupport_targets-extras.cmake\n'}
[1.222338] (livox_ros_driver2) StdoutLine: {'line': b'-- Up-to-date symlink: /home/ros2_ws/install/livox_ros_driver2/share/livox_ros_driver2/cmake/rosidl_cmake_export_typesupport_libraries-extras.cmake\n'}
[1.222633] (livox_ros_driver2) StdoutLine: {'line': b'-- Up-to-date symlink: /home/ros2_ws/install/livox_ros_driver2/share/livox_ros_driver2/cmake/livox_ros_driver2Config.cmake\n'}
[1.222940] (livox_ros_driver2) StdoutLine: {'line': b'-- Up-to-date symlink: /home/ros2_ws/install/livox_ros_driver2/share/livox_ros_driver2/cmake/livox_ros_driver2Config-version.cmake\n'}
[1.223284] (livox_ros_driver2) StdoutLine: {'line': b'-- Up-to-date symlink: /home/ros2_ws/install/livox_ros_driver2/share/livox_ros_driver2/package.xml\n'}
[1.223955] (livox_ros_driver2) StdoutLine: {'line': b'-- Up-to-date: /home/ros2_ws/install/livox_ros_driver2/lib/liblivox_ros_driver2__rosidl_generator_c.so\n'}
[1.224525] (livox_ros_driver2) StdoutLine: {'line': b'-- Up-to-date: /home/ros2_ws/install/livox_ros_driver2/lib/liblivox_ros_driver2__rosidl_typesupport_fastrtps_c.so\n'}
[1.225104] (livox_ros_driver2) StdoutLine: {'line': b'-- Up-to-date: /home/ros2_ws/install/livox_ros_driver2/lib/liblivox_ros_driver2__rosidl_typesupport_introspection_c.so\n'}
[1.225724] (livox_ros_driver2) StdoutLine: {'line': b'-- Up-to-date: /home/ros2_ws/install/livox_ros_driver2/lib/liblivox_ros_driver2__rosidl_typesupport_c.so\n'}
[1.226282] (livox_ros_driver2) StdoutLine: {'line': b'-- Up-to-date: /home/ros2_ws/install/livox_ros_driver2/lib/liblivox_ros_driver2__rosidl_typesupport_fastrtps_cpp.so\n'}
[1.226862] (livox_ros_driver2) StdoutLine: {'line': b'-- Up-to-date: /home/ros2_ws/install/livox_ros_driver2/lib/liblivox_ros_driver2__rosidl_typesupport_introspection_cpp.so\n'}
[1.227463] (livox_ros_driver2) StdoutLine: {'line': b'-- Up-to-date: /home/ros2_ws/install/livox_ros_driver2/lib/liblivox_ros_driver2__rosidl_typesupport_cpp.so\n'}
[1.301727] (-) TimerEvent: {}
[1.306410] (livox_ros_driver2) StdoutLine: {'line': b"Listing '/home/ros2_ws/install/livox_ros_driver2/local/lib/python3.10/dist-packages/livox_ros_driver2'...\n"}
[1.307215] (livox_ros_driver2) StdoutLine: {'line': b"Listing '/home/ros2_ws/install/livox_ros_driver2/local/lib/python3.10/dist-packages/livox_ros_driver2/msg'...\n"}
[1.322482] (livox_ros_driver2) StdoutLine: {'line': b'-- Up-to-date: /home/ros2_ws/install/livox_ros_driver2/lib/liblivox_interfaces2__rosidl_generator_py.so\n'}
[1.323599] (livox_ros_driver2) StdoutLine: {'line': b'-- Up-to-date: /home/ros2_ws/install/livox_ros_driver2/share/livox_ros_driver2/cmake/export_livox_interfaces2__rosidl_generator_cExport.cmake\n'}
[1.324175] (livox_ros_driver2) StdoutLine: {'line': b'-- Up-to-date: /home/ros2_ws/install/livox_ros_driver2/share/livox_ros_driver2/cmake/export_livox_interfaces2__rosidl_generator_cExport-noconfig.cmake\n'}
[1.324653] (livox_ros_driver2) StdoutLine: {'line': b'-- Up-to-date: /home/ros2_ws/install/livox_ros_driver2/share/livox_ros_driver2/cmake/export_livox_interfaces2__rosidl_typesupport_fastrtps_cExport.cmake\n'}
[1.324952] (livox_ros_driver2) StdoutLine: {'line': b'-- Up-to-date: /home/ros2_ws/install/livox_ros_driver2/share/livox_ros_driver2/cmake/export_livox_interfaces2__rosidl_typesupport_fastrtps_cExport-noconfig.cmake\n'}
[1.325396] (livox_ros_driver2) StdoutLine: {'line': b'-- Up-to-date: /home/ros2_ws/install/livox_ros_driver2/share/livox_ros_driver2/cmake/livox_interfaces2__rosidl_typesupport_introspection_cExport.cmake\n'}
[1.325571] (livox_ros_driver2) StdoutLine: {'line': b'-- Up-to-date: /home/ros2_ws/install/livox_ros_driver2/share/livox_ros_driver2/cmake/livox_interfaces2__rosidl_typesupport_introspection_cExport-noconfig.cmake\n'}
[1.325734] (livox_ros_driver2) StdoutLine: {'line': b'-- Up-to-date: /home/ros2_ws/install/livox_ros_driver2/share/livox_ros_driver2/cmake/livox_interfaces2__rosidl_typesupport_cExport.cmake\n'}
[1.325893] (livox_ros_driver2) StdoutLine: {'line': b'-- Up-to-date: /home/ros2_ws/install/livox_ros_driver2/share/livox_ros_driver2/cmake/livox_interfaces2__rosidl_typesupport_cExport-noconfig.cmake\n'}
[1.326049] (livox_ros_driver2) StdoutLine: {'line': b'-- Up-to-date: /home/ros2_ws/install/livox_ros_driver2/share/livox_ros_driver2/cmake/export_livox_interfaces2__rosidl_generator_cppExport.cmake\n'}
[1.326229] (livox_ros_driver2) StdoutLine: {'line': b'-- Up-to-date: /home/ros2_ws/install/livox_ros_driver2/share/livox_ros_driver2/cmake/export_livox_interfaces2__rosidl_typesupport_fastrtps_cppExport.cmake\n'}
[1.326387] (livox_ros_driver2) StdoutLine: {'line': b'-- Up-to-date: /home/ros2_ws/install/livox_ros_driver2/share/livox_ros_driver2/cmake/export_livox_interfaces2__rosidl_typesupport_fastrtps_cppExport-noconfig.cmake\n'}
[1.326541] (livox_ros_driver2) StdoutLine: {'line': b'-- Up-to-date: /home/ros2_ws/install/livox_ros_driver2/share/livox_ros_driver2/cmake/livox_interfaces2__rosidl_typesupport_introspection_cppExport.cmake\n'}
[1.326695] (livox_ros_driver2) StdoutLine: {'line': b'-- Up-to-date: /home/ros2_ws/install/livox_ros_driver2/share/livox_ros_driver2/cmake/livox_interfaces2__rosidl_typesupport_introspection_cppExport-noconfig.cmake\n'}
[1.326847] (livox_ros_driver2) StdoutLine: {'line': b'-- Up-to-date: /home/ros2_ws/install/livox_ros_driver2/share/livox_ros_driver2/cmake/livox_interfaces2__rosidl_typesupport_cppExport.cmake\n'}
[1.327000] (livox_ros_driver2) StdoutLine: {'line': b'-- Up-to-date: /home/ros2_ws/install/livox_ros_driver2/share/livox_ros_driver2/cmake/livox_interfaces2__rosidl_typesupport_cppExport-noconfig.cmake\n'}
[1.327173] (livox_ros_driver2) StdoutLine: {'line': b'-- Up-to-date: /home/ros2_ws/install/livox_ros_driver2/share/livox_ros_driver2/cmake/export_livox_interfaces2__rosidl_generator_pyExport.cmake\n'}
[1.327330] (livox_ros_driver2) StdoutLine: {'line': b'-- Up-to-date: /home/ros2_ws/install/livox_ros_driver2/share/livox_ros_driver2/cmake/export_livox_interfaces2__rosidl_generator_pyExport-noconfig.cmake\n'}
[1.335510] (livox_ros_driver2) CommandEnded: {'returncode': 0}
[1.407608] (-) TimerEvent: {}
[1.445821] (livox_ros_driver2) JobEnded: {'identifier': 'livox_ros_driver2', 'rc': 0}
[1.447522] (-) EventReactorShutdown: {}
