-- Found ament_cmake: 1.3.14 (/opt/ros/humble/share/ament_cmake/cmake)
-- Found rclcpp: 16.0.19 (/opt/ros/humble/share/rclcpp/cmake)
-- Found rosidl_generator_c: 3.1.8 (/opt/ros/humble/share/rosidl_generator_c/cmake)
-- Found rosidl_adapter: 3.1.8 (/opt/ros/humble/share/rosidl_adapter/cmake)
-- Found rosidl_generator_cpp: 3.1.8 (/opt/ros/humble/share/rosidl_generator_cpp/cmake)
-- Using all available rosidl_typesupport_c: rosidl_typesupport_fastrtps_c;rosidl_typesupport_introspection_c
-- Using all available rosidl_typesupport_cpp: rosidl_typesupport_fastrtps_cpp;rosidl_typesupport_introspection_cpp
-- Found rmw_implementation_cmake: 6.1.2 (/opt/ros/humble/share/rmw_implementation_cmake/cmake)
-- Found rmw_cyclonedds_cpp: 1.3.4 (/opt/ros/humble/share/rmw_cyclonedds_cpp/cmake)
-- Using RMW implementation 'rmw_cyclonedds_cpp' as default
CMake Error at CMakeLists.txt:21 (find_package):
  By not providing "Findgazebo_ros.cmake" in CMAKE_MODULE_PATH this project
  has asked CMake to find a package configuration file provided by
  "gazebo_ros", but CMake did not find one.

  Could not find a package configuration file provided by "gazebo_ros" with
  any of the following names:

    gazebo_rosConfig.cmake
    gazebo_ros-config.cmake

  Add the installation prefix of "gazebo_ros" to CMAKE_PREFIX_PATH or set
  "gazebo_ros_DIR" to a directory containing one of the above files.  If
  "gazebo_ros" provides a separate development package or SDK, be sure it has
  been installed.


-- Configuring incomplete, errors occurred!
See also "/home/ros2_ws/build/xterra/CMakeFiles/CMakeOutput.log".
gmake: *** [Makefile:3555: cmake_check_build_system] Error 1
