[0.056s] Invoking command in '/home/ros2_ws/build/realsense2_camera': CMAKE_PREFIX_PATH=/home/ros2_ws/install/realsense2_camera_msgs:/home/ros2_ws/install/xterra_perception_api:/home/ros2_ws/install/xterra:/home/ros2_ws/install/m2_metal_description:/home/ros2_ws/install/sensor_description:/home/ros2_ws/install/realsense2_camera:/home/ros2_ws/install/livox_ros_driver2:/opt/OrbbecSDK_v2.4.11/lib:/opt/ros/humble LD_LIBRARY_PATH=/home/ros2_ws/install/realsense2_camera_msgs/lib:/home/ros2_ws/install/xterra_perception_api/lib:/home/ros2_ws/install/xterra/lib:/home/ros2_ws/install/realsense2_camera/lib:/home/ros2_ws/install/livox_ros_driver2/lib:/opt/ros/humble/opt/rviz_ogre_vendor/lib:/opt/ros/humble/lib/aarch64-linux-gnu:/opt/ros/humble/lib:/usr/local/lib:/home/ros/install/lib /usr/bin/cmake --build /home/ros2_ws/build/realsense2_camera
[0.226s] [ 12%] Built target realsense2_camera_node
[0.270s] [100%] Built target realsense2_camera
[0.300s] Invoked command in '/home/ros2_ws/build/realsense2_camera' returned '0': CMAKE_PREFIX_PATH=/home/ros2_ws/install/realsense2_camera_msgs:/home/ros2_ws/install/xterra_perception_api:/home/ros2_ws/install/xterra:/home/ros2_ws/install/m2_metal_description:/home/ros2_ws/install/sensor_description:/home/ros2_ws/install/realsense2_camera:/home/ros2_ws/install/livox_ros_driver2:/opt/OrbbecSDK_v2.4.11/lib:/opt/ros/humble LD_LIBRARY_PATH=/home/ros2_ws/install/realsense2_camera_msgs/lib:/home/ros2_ws/install/xterra_perception_api/lib:/home/ros2_ws/install/xterra/lib:/home/ros2_ws/install/realsense2_camera/lib:/home/ros2_ws/install/livox_ros_driver2/lib:/opt/ros/humble/opt/rviz_ogre_vendor/lib:/opt/ros/humble/lib/aarch64-linux-gnu:/opt/ros/humble/lib:/usr/local/lib:/home/ros/install/lib /usr/bin/cmake --build /home/ros2_ws/build/realsense2_camera
[0.304s] Invoking command in '/home/ros2_ws/build/realsense2_camera': CMAKE_PREFIX_PATH=/home/ros2_ws/install/realsense2_camera_msgs:/home/ros2_ws/install/xterra_perception_api:/home/ros2_ws/install/xterra:/home/ros2_ws/install/m2_metal_description:/home/ros2_ws/install/sensor_description:/home/ros2_ws/install/realsense2_camera:/home/ros2_ws/install/livox_ros_driver2:/opt/OrbbecSDK_v2.4.11/lib:/opt/ros/humble LD_LIBRARY_PATH=/home/ros2_ws/install/realsense2_camera_msgs/lib:/home/ros2_ws/install/xterra_perception_api/lib:/home/ros2_ws/install/xterra/lib:/home/ros2_ws/install/realsense2_camera/lib:/home/ros2_ws/install/livox_ros_driver2/lib:/opt/ros/humble/opt/rviz_ogre_vendor/lib:/opt/ros/humble/lib/aarch64-linux-gnu:/opt/ros/humble/lib:/usr/local/lib:/home/ros/install/lib /usr/bin/cmake --install /home/ros2_ws/build/realsense2_camera
[0.331s] -- Install configuration: "Release"
[0.332s] -- Up-to-date: /home/ros2_ws/install/realsense2_camera/lib/realsense2_camera/realsense2_camera_node
[0.333s] -- Up-to-date: /home/ros2_ws/install/realsense2_camera/lib/librealsense2_camera.so
[0.334s] -- Up-to-date: /home/ros2_ws/install/realsense2_camera/include
[0.335s] -- Up-to-date: /home/ros2_ws/install/realsense2_camera/include/ros_utils.h
[0.335s] -- Up-to-date: /home/ros2_ws/install/realsense2_camera/include/ros_param_backend.h
[0.336s] -- Up-to-date: /home/ros2_ws/install/realsense2_camera/include/realsense_node_factory.h
[0.336s] -- Up-to-date: /home/ros2_ws/install/realsense2_camera/include/dynamic_params.h
[0.336s] -- Up-to-date: /home/ros2_ws/install/realsense2_camera/include/sensor_params.h
[0.337s] -- Up-to-date: /home/ros2_ws/install/realsense2_camera/include/named_filter.h
[0.337s] -- Up-to-date: /home/ros2_ws/install/realsense2_camera/include/image_publisher.h
[0.337s] -- Up-to-date: /home/ros2_ws/install/realsense2_camera/include/base_realsense_node.h
[0.337s] -- Up-to-date: /home/ros2_ws/install/realsense2_camera/include/ros_sensor.h
[0.337s] -- Up-to-date: /home/ros2_ws/install/realsense2_camera/include/constants.h
[0.338s] -- Up-to-date: /home/ros2_ws/install/realsense2_camera/include/profile_manager.h
[0.338s] -- Up-to-date: /home/ros2_ws/install/realsense2_camera/share/realsense2_camera/launch
[0.338s] -- Up-to-date: /home/ros2_ws/install/realsense2_camera/share/realsense2_camera/launch/default.rviz
[0.338s] -- Up-to-date: /home/ros2_ws/install/realsense2_camera/share/realsense2_camera/launch/rs_launch.py
[0.338s] -- Up-to-date: /home/ros2_ws/install/realsense2_camera/share/realsense2_camera/launch/rs_intra_process_demo_launch.py
[0.339s] -- Up-to-date: /home/ros2_ws/install/realsense2_camera/share/realsense2_camera/launch/rs_multi_camera_launch.py
[0.340s] -- Up-to-date: /home/ros2_ws/install/realsense2_camera/share/realsense2_camera/environment/library_path.sh
[0.342s] -- Up-to-date: /home/ros2_ws/install/realsense2_camera/share/realsense2_camera/environment/library_path.dsv
[0.343s] -- Up-to-date: /home/ros2_ws/install/realsense2_camera/share/ament_index/resource_index/package_run_dependencies/realsense2_camera
[0.343s] -- Up-to-date: /home/ros2_ws/install/realsense2_camera/share/ament_index/resource_index/parent_prefix_path/realsense2_camera
[0.343s] -- Up-to-date: /home/ros2_ws/install/realsense2_camera/share/realsense2_camera/environment/ament_prefix_path.sh
[0.344s] -- Up-to-date: /home/ros2_ws/install/realsense2_camera/share/realsense2_camera/environment/ament_prefix_path.dsv
[0.344s] -- Up-to-date: /home/ros2_ws/install/realsense2_camera/share/realsense2_camera/environment/path.sh
[0.345s] -- Up-to-date: /home/ros2_ws/install/realsense2_camera/share/realsense2_camera/environment/path.dsv
[0.346s] -- Up-to-date: /home/ros2_ws/install/realsense2_camera/share/realsense2_camera/local_setup.bash
[0.346s] -- Up-to-date: /home/ros2_ws/install/realsense2_camera/share/realsense2_camera/local_setup.sh
[0.346s] -- Up-to-date: /home/ros2_ws/install/realsense2_camera/share/realsense2_camera/local_setup.zsh
[0.347s] -- Up-to-date: /home/ros2_ws/install/realsense2_camera/share/realsense2_camera/local_setup.dsv
[0.347s] -- Installing: /home/ros2_ws/install/realsense2_camera/share/realsense2_camera/package.dsv
[0.348s] -- Up-to-date: /home/ros2_ws/install/realsense2_camera/share/ament_index/resource_index/packages/realsense2_camera
[0.348s] -- Up-to-date: /home/ros2_ws/install/realsense2_camera/share/ament_index/resource_index/rclcpp_components/realsense2_camera
[0.349s] -- Up-to-date: /home/ros2_ws/install/realsense2_camera/share/realsense2_camera/cmake/ament_cmake_export_include_directories-extras.cmake
[0.349s] -- Up-to-date: /home/ros2_ws/install/realsense2_camera/share/realsense2_camera/cmake/ament_cmake_export_libraries-extras.cmake
[0.349s] -- Up-to-date: /home/ros2_ws/install/realsense2_camera/share/realsense2_camera/cmake/ament_cmake_export_dependencies-extras.cmake
[0.350s] -- Up-to-date: /home/ros2_ws/install/realsense2_camera/share/realsense2_camera/cmake/realsense2_cameraConfig.cmake
[0.350s] -- Up-to-date: /home/ros2_ws/install/realsense2_camera/share/realsense2_camera/cmake/realsense2_cameraConfig-version.cmake
[0.351s] -- Up-to-date: /home/ros2_ws/install/realsense2_camera/share/realsense2_camera/package.xml
[0.351s] Invoked command in '/home/ros2_ws/build/realsense2_camera' returned '0': CMAKE_PREFIX_PATH=/home/ros2_ws/install/realsense2_camera_msgs:/home/ros2_ws/install/xterra_perception_api:/home/ros2_ws/install/xterra:/home/ros2_ws/install/m2_metal_description:/home/ros2_ws/install/sensor_description:/home/ros2_ws/install/realsense2_camera:/home/ros2_ws/install/livox_ros_driver2:/opt/OrbbecSDK_v2.4.11/lib:/opt/ros/humble LD_LIBRARY_PATH=/home/ros2_ws/install/realsense2_camera_msgs/lib:/home/ros2_ws/install/xterra_perception_api/lib:/home/ros2_ws/install/xterra/lib:/home/ros2_ws/install/realsense2_camera/lib:/home/ros2_ws/install/livox_ros_driver2/lib:/opt/ros/humble/opt/rviz_ogre_vendor/lib:/opt/ros/humble/lib/aarch64-linux-gnu:/opt/ros/humble/lib:/usr/local/lib:/home/ros/install/lib /usr/bin/cmake --install /home/ros2_ws/build/realsense2_camera
